<?xml version="1.0" encoding="UTF-8"?>
<TestRun id="92e1f0ea-d99c-4249-af07-bd9f529f7735" name="ACALCAGNO@MDS-RH-0002 2013-02-01 19:39:17" runUser="SDS_DOMAIN_1\ACALCAGNO" xmlns="http://microsoft.com/schemas/VisualStudio/TeamTest/2010">
  <TestSettings name="Local" id="df296806-de48-495c-9280-032423d672d5">
    <Description>Esta es la configuración de pruebas predeterminada para una ejecución de pruebas local.</Description>
    <Deployment runDeploymentRoot="ACALCAGNO_MDS-RH-0002 2013-02-01 19_39_17">
      <DeploymentItem filename="C:\Repositorios\FernandoAssembla\SistemaWeb\SharedLibs\NDbUnit.SqlClient.dll" />
      <DeploymentItem filename="C:\Repositorios\FernandoAssembla\SistemaWeb\SharedLibs\Newtonsoft.Json.dll" />
      <DeploymentItem filename="C:\Repositorios\FernandoAssembla\SistemaWeb\SharedLibs\NMock2.Test.dll" />
      <DeploymentItem filename="C:\Repositorios\FernandoAssembla\SistemaWeb\SharedLibs\NMock2.dll" />
      <DeploymentItem filename="C:\Repositorios\FernandoAssembla\SistemaWeb\SharedLibs\NDbUnit.Core.dll" />
      <DeploymentItem filename="C:\Repositorios\FernandoAssembla\SistemaWeb\WebAsistencia\WebRhUI\bin\Debug\WebRhUI.dll" />
      <DeploymentItem filename="C:\Repositorios\FernandoAssembla\SistemaWeb\ProyectoNet\General\bin\Debug\General.dll" />
    </Deployment>
    <Execution>
      <TestTypeSpecific>
        <UnitTestRunConfig testTypeId="13cdc9d9-ddb5-4fa4-a97d-d965ccfc6d4b">
          <AssemblyResolution>
            <TestDirectory useLoadContext="true" />
          </AssemblyResolution>
        </UnitTestRunConfig>
        <WebTestRunConfiguration testTypeId="4e7599fa-5ecb-43e9-a887-cd63cf72d207">
          <Browser name="Internet Explorer 7.0">
            <Headers>
              <Header name="User-Agent" value="Mozilla/4.0 (compatible; MSIE 7.0; Windows NT 5.1)" />
              <Header name="Accept" value="*/*" />
              <Header name="Accept-Language" value="{{$IEAcceptLanguage}}" />
              <Header name="Accept-Encoding" value="GZIP" />
            </Headers>
          </Browser>
        </WebTestRunConfiguration>
      </TestTypeSpecific>
      <AgentRule name="LocalMachineDefaultRole">
      </AgentRule>
    </Execution>
  </TestSettings>
  <Times creation="2013-02-01T19:39:17.7480125-03:00" queuing="2013-02-01T19:39:18.1220499-03:00" start="2013-02-01T19:39:18.1510528-03:00" finish="2013-02-01T19:39:19.6201997-03:00" />
  <ResultSummary outcome="Failed">
    <Counters total="134" executed="134" passed="133" error="0" failed="1" timeout="0" aborted="0" inconclusive="0" passedButRunAborted="0" notRunnable="0" notExecuted="0" disconnected="0" warning="0" completed="0" inProgress="0" pending="0" />
  </ResultSummary>
  <TestDefinitions>
    <UnitTest name="deberia_poder_insertar_un_documento_en_la_base_con_numero_de_ticket" storage="c:\repositorios\fernandoassembla\sistemaweb\testviaticos\bin\debug\testviaticos.dll" id="d7dcf4df-b012-3cb2-f383-e4a465f466d1">
      <Execution id="51ee8337-6b61-43f6-9d56-e6bb28fde7c8" />
      <TestMethod codeBase="C:/Repositorios/FernandoAssembla/SistemaWeb/TestViaticos/bin/Debug/TestViaticos.DLL" adapterTypeName="Microsoft.VisualStudio.TestTools.TestTypes.Unit.UnitTestAdapter, Microsoft.VisualStudio.QualityTools.Tips.UnitTest.Adapter, Version=10.0.0.0, Culture=neutral, PublicKeyToken=b03f5f7f11d50a3a" className="TestViaticos.TestRepositorioDocumentos, TestViaticos, Version=1.0.0.0, Culture=neutral, PublicKeyToken=null" name="deberia_poder_insertar_un_documento_en_la_base_con_numero_de_ticket" />
    </UnitTest>
    <UnitTest name="deberia_poder_obtener_los_alumnos_de_un_curso" storage="c:\repositorios\fernandoassembla\sistemaweb\testviaticos\bin\debug\testviaticos.dll" id="bb2f1794-72bc-c3ce-3c94-a7e6c21d4812">
      <Execution id="3ca835ed-dd11-4954-bb52-1e1bd3591916" />
      <TestMethod codeBase="C:/Repositorios/FernandoAssembla/SistemaWeb/TestViaticos/bin/Debug/TestViaticos.DLL" adapterTypeName="Microsoft.VisualStudio.TestTools.TestTypes.Unit.UnitTestAdapter, Microsoft.VisualStudio.QualityTools.Tips.UnitTest.Adapter, Version=10.0.0.0, Culture=neutral, PublicKeyToken=b03f5f7f11d50a3a" className="TestViaticos.TestRepositorioCursos, TestViaticos, Version=1.0.0.0, Culture=neutral, PublicKeyToken=null" name="deberia_poder_obtener_los_alumnos_de_un_curso" />
    </UnitTest>
    <UnitTest name="al_buscar_por_nombre_de_area_la_palabra_RRHH_deberia_traerme_el_area_cuyo_nombre_es_RRHH" storage="c:\repositorios\fernandoassembla\sistemaweb\testviaticos\bin\debug\testviaticos.dll" id="79a63e0f-ba0e-a5dc-0d5c-dc38d27e7aa1">
      <Execution id="f555ed4b-9213-47ab-a397-135b39f5dba0" />
      <TestMethod codeBase="C:/Repositorios/FernandoAssembla/SistemaWeb/TestViaticos/bin/Debug/TestViaticos.DLL" adapterTypeName="Microsoft.VisualStudio.TestTools.TestTypes.Unit.UnitTestAdapter, Microsoft.VisualStudio.QualityTools.Tips.UnitTest.Adapter, Version=10.0.0.0, Culture=neutral, PublicKeyToken=b03f5f7f11d50a3a" className="General.TestProtocolo, TestViaticos, Version=1.0.0.0, Culture=neutral, PublicKeyToken=null" name="al_buscar_por_nombre_de_area_la_palabra_RRHH_deberia_traerme_el_area_cuyo_nombre_es_RRHH" />
    </UnitTest>
    <UnitTest name="dado_b_quiero_c" storage="c:\repositorios\fernandoassembla\sistemaweb\testviaticos\bin\debug\testviaticos.dll" id="c5cbe3b9-5203-897f-6c97-10b52d6a9698">
      <Execution id="5008ab33-b916-449c-a4d7-7b1f9e49373a" />
      <TestMethod codeBase="C:/Repositorios/FernandoAssembla/SistemaWeb/TestViaticos/bin/Debug/TestViaticos.DLL" adapterTypeName="Microsoft.VisualStudio.TestTools.TestTypes.Unit.UnitTestAdapter, Microsoft.VisualStudio.QualityTools.Tips.UnitTest.Adapter, Version=10.0.0.0, Culture=neutral, PublicKeyToken=b03f5f7f11d50a3a" className="Tests.CodigoTareaTest, TestViaticos, Version=1.0.0.0, Culture=neutral, PublicKeyToken=null" name="dado_b_quiero_c" />
    </UnitTest>
    <UnitTest name="deberia_poder_validar_si_un_objeto_no_es_nulo" storage="c:\repositorios\fernandoassembla\sistemaweb\testviaticos\bin\debug\testviaticos.dll" id="82c21a02-0eaa-b33b-6618-e225964dbef2">
      <Execution id="a60d4b10-bb89-47ad-94d8-b534f722dff0" />
      <TestMethod codeBase="C:/Repositorios/FernandoAssembla/SistemaWeb/TestViaticos/bin/Debug/TestViaticos.DLL" adapterTypeName="Microsoft.VisualStudio.TestTools.TestTypes.Unit.UnitTestAdapter, Microsoft.VisualStudio.QualityTools.Tips.UnitTest.Adapter, Version=10.0.0.0, Culture=neutral, PublicKeyToken=b03f5f7f11d50a3a" className="TestViaticos.TestValidador, TestViaticos, Version=1.0.0.0, Culture=neutral, PublicKeyToken=null" name="deberia_poder_validar_si_un_objeto_no_es_nulo" />
    </UnitTest>
    <UnitTest name="deberia_poder_actuailzar_un_documento" storage="c:\repositorios\fernandoassembla\sistemaweb\testviaticos\bin\debug\testviaticos.dll" id="42e7e5a9-27d6-1424-520a-64446a479ac2">
      <Execution id="9f6f24a9-ee9d-40b0-95be-23d5552005dc" />
      <TestMethod codeBase="C:/Repositorios/FernandoAssembla/SistemaWeb/TestViaticos/bin/Debug/TestViaticos.DLL" adapterTypeName="Microsoft.VisualStudio.TestTools.TestTypes.Unit.UnitTestAdapter, Microsoft.VisualStudio.QualityTools.Tips.UnitTest.Adapter, Version=10.0.0.0, Culture=neutral, PublicKeyToken=b03f5f7f11d50a3a" className="TestViaticos.TestRepositorioDocumentos, TestViaticos, Version=1.0.0.0, Culture=neutral, PublicKeyToken=null" name="deberia_poder_actuailzar_un_documento" />
    </UnitTest>
    <UnitTest name="deberia_traer_4_viaticos" storage="c:\repositorios\fernandoassembla\sistemaweb\testviaticos\bin\debug\testviaticos.dll" id="57d98f0d-6038-69c7-9b96-75f22dd0e9dd">
      <Execution id="30abf8e6-e152-4f97-9c46-050104cbc313" />
      <TestMethod codeBase="C:/Repositorios/FernandoAssembla/SistemaWeb/TestViaticos/bin/Debug/TestViaticos.DLL" adapterTypeName="Microsoft.VisualStudio.TestTools.TestTypes.Unit.UnitTestAdapter, Microsoft.VisualStudio.QualityTools.Tips.UnitTest.Adapter, Version=10.0.0.0, Culture=neutral, PublicKeyToken=b03f5f7f11d50a3a" className="TestViaticos.TestRepositorioDeViaticos, TestViaticos, Version=1.0.0.0, Culture=neutral, PublicKeyToken=null" name="deberia_traer_4_viaticos" />
    </UnitTest>
    <UnitTest name="dado_aazz_debe_ser_abaa" storage="c:\repositorios\fernandoassembla\sistemaweb\testviaticos\bin\debug\testviaticos.dll" id="bf34bac0-1211-e38d-1273-9a3107460eaa">
      <Execution id="c1cb5cbe-bdca-40a5-b119-e9a83100f834" />
      <TestMethod codeBase="C:/Repositorios/FernandoAssembla/SistemaWeb/TestViaticos/bin/Debug/TestViaticos.DLL" adapterTypeName="Microsoft.VisualStudio.TestTools.TestTypes.Unit.UnitTestAdapter, Microsoft.VisualStudio.QualityTools.Tips.UnitTest.Adapter, Version=10.0.0.0, Culture=neutral, PublicKeyToken=b03f5f7f11d50a3a" className="Tests.CodigoTareaTest, TestViaticos, Version=1.0.0.0, Culture=neutral, PublicKeyToken=null" name="dado_aazz_debe_ser_abaa" />
    </UnitTest>
    <UnitTest name="deberia_poder_conocer_los_dias_de_cursada_de_un_curso_para_un_mes" storage="c:\repositorios\fernandoassembla\sistemaweb\testviaticos\bin\debug\testviaticos.dll" id="07c6ae9a-6a82-fa4b-680a-96e32253ef51">
      <Execution id="9006f4fb-0426-408f-a53f-644446222518" />
      <TestMethod codeBase="C:/Repositorios/FernandoAssembla/SistemaWeb/TestViaticos/bin/Debug/TestViaticos.DLL" adapterTypeName="Microsoft.VisualStudio.TestTools.TestTypes.Unit.UnitTestAdapter, Microsoft.VisualStudio.QualityTools.Tips.UnitTest.Adapter, Version=10.0.0.0, Culture=neutral, PublicKeyToken=b03f5f7f11d50a3a" className="TestViaticos.TestPlanillaMensual, TestViaticos, Version=1.0.0.0, Culture=neutral, PublicKeyToken=null" name="deberia_poder_conocer_los_dias_de_cursada_de_un_curso_para_un_mes" />
    </UnitTest>
    <UnitTest name="dado_1_quiero_2" storage="c:\repositorios\fernandoassembla\sistemaweb\testviaticos\bin\debug\testviaticos.dll" id="dfede4a0-4add-37a3-8cce-099c64499527">
      <Execution id="e8fd1b73-4136-49c6-afef-53f93add97f3" />
      <TestMethod codeBase="C:/Repositorios/FernandoAssembla/SistemaWeb/TestViaticos/bin/Debug/TestViaticos.DLL" adapterTypeName="Microsoft.VisualStudio.TestTools.TestTypes.Unit.UnitTestAdapter, Microsoft.VisualStudio.QualityTools.Tips.UnitTest.Adapter, Version=10.0.0.0, Culture=neutral, PublicKeyToken=b03f5f7f11d50a3a" className="Tests.CodigoTareaTest, TestViaticos, Version=1.0.0.0, Culture=neutral, PublicKeyToken=null" name="dado_1_quiero_2" />
    </UnitTest>
    <UnitTest name="deberia_crear_una_tabla_con_id_y_un_valor_99" storage="c:\repositorios\fernandoassembla\sistemaweb\testviaticos\bin\debug\testviaticos.dll" id="363f19a2-0f65-4da3-ffe2-9ae3bd940a9f">
      <Execution id="3fda3453-71a4-4f84-a3ab-63cf2ab73887" />
      <TestMethod codeBase="C:/Repositorios/FernandoAssembla/SistemaWeb/TestViaticos/bin/Debug/TestViaticos.DLL" adapterTypeName="Microsoft.VisualStudio.TestTools.TestTypes.Unit.UnitTestAdapter, Microsoft.VisualStudio.QualityTools.Tips.UnitTest.Adapter, Version=10.0.0.0, Culture=neutral, PublicKeyToken=b03f5f7f11d50a3a" className="TestViaticos.TestTablasFake, TestViaticos, Version=1.0.0.0, Culture=neutral, PublicKeyToken=null" name="deberia_crear_una_tabla_con_id_y_un_valor_99" />
    </UnitTest>
    <UnitTest name="dado_un_curso_que_se_cursa_todos_los_jueves_cuando_le_pregunto_por_las_fechas_en_que_hay_que_asistir_durante_enero_de_2013_debe_contestar_5" storage="c:\repositorios\fernandoassembla\sistemaweb\testviaticos\bin\debug\testviaticos.dll" id="e6bad939-5185-804d-09f5-03d6b8675f35">
      <Execution id="9e98635e-17d2-4da6-9ebe-5680c2b83f8f" />
      <TestMethod codeBase="C:/Repositorios/FernandoAssembla/SistemaWeb/TestViaticos/bin/Debug/TestViaticos.DLL" adapterTypeName="Microsoft.VisualStudio.TestTools.TestTypes.Unit.UnitTestAdapter, Microsoft.VisualStudio.QualityTools.Tips.UnitTest.Adapter, Version=10.0.0.0, Culture=neutral, PublicKeyToken=b03f5f7f11d50a3a" className="TestViaticos.TestCalendarioDeCurso, TestViaticos, Version=1.0.0.0, Culture=neutral, PublicKeyToken=null" name="dado_un_curso_que_se_cursa_todos_los_jueves_cuando_le_pregunto_por_las_fechas_en_que_hay_que_asistir_durante_enero_de_2013_debe_contestar_5" />
    </UnitTest>
    <UnitTest name="un_deserializador_de_filtros_deberia_poder_desserializar_un_filtro_de_documentos_por_numero_de_ticket" storage="c:\repositorios\fernandoassembla\sistemaweb\testviaticos\bin\debug\testviaticos.dll" id="002cf2ca-edf2-8bcf-43d5-0c3f0f84c4f5">
      <Execution id="9bfa902f-7a32-467f-94e0-b6c13800ecda" />
      <TestMethod codeBase="C:/Repositorios/FernandoAssembla/SistemaWeb/TestViaticos/bin/Debug/TestViaticos.DLL" adapterTypeName="Microsoft.VisualStudio.TestTools.TestTypes.Unit.UnitTestAdapter, Microsoft.VisualStudio.QualityTools.Tips.UnitTest.Adapter, Version=10.0.0.0, Culture=neutral, PublicKeyToken=b03f5f7f11d50a3a" className="General.TestFiltroSiCoI, TestViaticos, Version=1.0.0.0, Culture=neutral, PublicKeyToken=null" name="un_deserializador_de_filtros_deberia_poder_desserializar_un_filtro_de_documentos_por_numero_de_ticket" />
    </UnitTest>
    <UnitTest name="deberia_traer_viaticos_que_esten_de_la_areas_939_54_16_de_la_provincia_CORDOBA_SALTA_perido_011012_al_261012" storage="c:\repositorios\fernandoassembla\sistemaweb\testviaticos\bin\debug\testviaticos.dll" id="28a4ad86-b0f5-734b-2ffb-1771c0cae12f">
      <Execution id="a3cbf747-5f39-4f8c-af34-b6c29464f3fa" />
      <TestMethod codeBase="C:/Repositorios/FernandoAssembla/SistemaWeb/TestViaticos/bin/Debug/TestViaticos.DLL" adapterTypeName="Microsoft.VisualStudio.TestTools.TestTypes.Unit.UnitTestAdapter, Microsoft.VisualStudio.QualityTools.Tips.UnitTest.Adapter, Version=10.0.0.0, Culture=neutral, PublicKeyToken=b03f5f7f11d50a3a" className="TestViaticos.TestConsultas, TestViaticos, Version=1.0.0.0, Culture=neutral, PublicKeyToken=null" name="deberia_traer_viaticos_que_esten_de_la_areas_939_54_16_de_la_provincia_CORDOBA_SALTA_perido_011012_al_261012" />
    </UnitTest>
    <UnitTest name="deberia_devolver_region_METRO_con_BuenosAires_con_una_localidad" storage="c:\repositorios\fernandoassembla\sistemaweb\testviaticos\bin\debug\testviaticos.dll" id="1bbef477-4f31-cfec-a6a8-6e1b0892c5f9">
      <Execution id="17c018c2-204b-4408-a2fa-d74f0e85adb8" />
      <TestMethod codeBase="C:/Repositorios/FernandoAssembla/SistemaWeb/TestViaticos/bin/Debug/TestViaticos.DLL" adapterTypeName="Microsoft.VisualStudio.TestTools.TestTypes.Unit.UnitTestAdapter, Microsoft.VisualStudio.QualityTools.Tips.UnitTest.Adapter, Version=10.0.0.0, Culture=neutral, PublicKeyToken=b03f5f7f11d50a3a" className="TestViaticos.TestRepositorioZonas, TestViaticos, Version=1.0.0.0, Culture=neutral, PublicKeyToken=null" name="deberia_devolver_region_METRO_con_BuenosAires_con_una_localidad" />
    </UnitTest>
    <UnitTest name="el_repositorio_deberia_crear_una_mensajeria_con_sus_transiciones" storage="c:\repositorios\fernandoassembla\sistemaweb\testviaticos\bin\debug\testviaticos.dll" id="76c47d34-63a4-0479-90e7-a8d089e0dd93">
      <Execution id="a8608b46-d7c5-4ea9-b12c-f45d1cdcd71b" />
      <TestMethod codeBase="C:/Repositorios/FernandoAssembla/SistemaWeb/TestViaticos/bin/Debug/TestViaticos.DLL" adapterTypeName="Microsoft.VisualStudio.TestTools.TestTypes.Unit.UnitTestAdapter, Microsoft.VisualStudio.QualityTools.Tips.UnitTest.Adapter, Version=10.0.0.0, Culture=neutral, PublicKeyToken=b03f5f7f11d50a3a" className="TestViaticos.TestMensajeria, TestViaticos, Version=1.0.0.0, Culture=neutral, PublicKeyToken=null" name="el_repositorio_deberia_crear_una_mensajeria_con_sus_transiciones" />
    </UnitTest>
    <UnitTest name="deberia_devolver_una_fecha" storage="c:\repositorios\fernandoassembla\sistemaweb\testviaticos\bin\debug\testviaticos.dll" id="4793d588-4a8f-7915-87f2-c97c11507ad4">
      <Execution id="b2b3b2d4-041a-4d7b-b3e9-b4aaedc9f081" />
      <TestMethod codeBase="C:/Repositorios/FernandoAssembla/SistemaWeb/TestViaticos/bin/Debug/TestViaticos.DLL" adapterTypeName="Microsoft.VisualStudio.TestTools.TestTypes.Unit.UnitTestAdapter, Microsoft.VisualStudio.QualityTools.Tips.UnitTest.Adapter, Version=10.0.0.0, Culture=neutral, PublicKeyToken=b03f5f7f11d50a3a" className="TestViaticos.TestTablasFake, TestViaticos, Version=1.0.0.0, Culture=neutral, PublicKeyToken=null" name="deberia_devolver_una_fecha" />
    </UnitTest>
    <UnitTest name="deberia_fallar_si_nada_indica_el_tipo_de_una_columna" storage="c:\repositorios\fernandoassembla\sistemaweb\testviaticos\bin\debug\testviaticos.dll" id="c5bc7be4-1c6a-1e48-0dbd-f119f73d764c">
      <Execution id="76b315d5-7f5b-437f-ad5a-9011a488cabb" />
      <TestMethod codeBase="C:/Repositorios/FernandoAssembla/SistemaWeb/TestViaticos/bin/Debug/TestViaticos.DLL" adapterTypeName="Microsoft.VisualStudio.TestTools.TestTypes.Unit.UnitTestAdapter, Microsoft.VisualStudio.QualityTools.Tips.UnitTest.Adapter, Version=10.0.0.0, Culture=neutral, PublicKeyToken=b03f5f7f11d50a3a" className="TestViaticos.TestTablasFake, TestViaticos, Version=1.0.0.0, Culture=neutral, PublicKeyToken=null" name="deberia_fallar_si_nada_indica_el_tipo_de_una_columna" />
    </UnitTest>
    <UnitTest name="al_buscar_en_una_lista_de_áreas_un_email_devuelve_todos_las_áreas_cuyo_email_de_asistente_o_responsable_o_area_contiene_el_texto_buscado" storage="c:\repositorios\fernandoassembla\sistemaweb\testviaticos\bin\debug\testviaticos.dll" id="43bddf17-fba3-4d54-a157-cfcf7797ee39">
      <Execution id="419c5f21-54c5-4698-92b1-482eaf1398d6" />
      <TestMethod codeBase="C:/Repositorios/FernandoAssembla/SistemaWeb/TestViaticos/bin/Debug/TestViaticos.DLL" adapterTypeName="Microsoft.VisualStudio.TestTools.TestTypes.Unit.UnitTestAdapter, Microsoft.VisualStudio.QualityTools.Tips.UnitTest.Adapter, Version=10.0.0.0, Culture=neutral, PublicKeyToken=b03f5f7f11d50a3a" className="General.TestProtocolo, TestViaticos, Version=1.0.0.0, Culture=neutral, PublicKeyToken=null" name="al_buscar_en_una_lista_de_áreas_un_email_devuelve_todos_las_áreas_cuyo_email_de_asistente_o_responsable_o_area_contiene_el_texto_buscado" />
    </UnitTest>
    <UnitTest name="el_circuito_deberia_por_default_subir_por_el_organigrama_a_menos_que_haya_una_excepcion" storage="c:\repositorios\fernandoassembla\sistemaweb\testviaticos\bin\debug\testviaticos.dll" id="43da4eae-d92c-9ac3-0f26-5e5600a67e90">
      <Execution id="52cc1984-9a0f-4cb6-bc18-e6660fa3b945" />
      <TestMethod codeBase="C:/Repositorios/FernandoAssembla/SistemaWeb/TestViaticos/bin/Debug/TestViaticos.DLL" adapterTypeName="Microsoft.VisualStudio.TestTools.TestTypes.Unit.UnitTestAdapter, Microsoft.VisualStudio.QualityTools.Tips.UnitTest.Adapter, Version=10.0.0.0, Culture=neutral, PublicKeyToken=b03f5f7f11d50a3a" className="TestViaticos.TestCircuitoDeViatico, TestViaticos, Version=1.0.0.0, Culture=neutral, PublicKeyToken=null" name="el_circuito_deberia_por_default_subir_por_el_organigrama_a_menos_que_haya_una_excepcion" />
    </UnitTest>
    <UnitTest name="al_buscar_por_reponsable_de_area_a_Miranda_debe_traer_dos_areas_una_con_responsable_cuyo_nombre_es_Miranda_y_otra_area_cuyo_apellido_de_responsable_es_también_Miranda" storage="c:\repositorios\fernandoassembla\sistemaweb\testviaticos\bin\debug\testviaticos.dll" id="eaffb742-992c-e34c-dbe5-be3438e36b95">
      <Execution id="26950954-6722-4ac3-a1d9-0e4f5a8f80da" />
      <TestMethod codeBase="C:/Repositorios/FernandoAssembla/SistemaWeb/TestViaticos/bin/Debug/TestViaticos.DLL" adapterTypeName="Microsoft.VisualStudio.TestTools.TestTypes.Unit.UnitTestAdapter, Microsoft.VisualStudio.QualityTools.Tips.UnitTest.Adapter, Version=10.0.0.0, Culture=neutral, PublicKeyToken=b03f5f7f11d50a3a" className="General.TestProtocolo, TestViaticos, Version=1.0.0.0, Culture=neutral, PublicKeyToken=null" name="al_buscar_por_reponsable_de_area_a_Miranda_debe_traer_dos_areas_una_con_responsable_cuyo_nombre_es_Miranda_y_otra_area_cuyo_apellido_de_responsable_es_también_Miranda" />
    </UnitTest>
    <UnitTest name="no_deberia_poder_cargar_una_inasistencia_si_el_dia_no_era_cursable" storage="c:\repositorios\fernandoassembla\sistemaweb\testviaticos\bin\debug\testviaticos.dll" id="bbbb69a9-ef38-b5dc-de66-8e150133f998">
      <Execution id="88be2141-4b4b-406e-9715-9d41b8cabe2d" />
      <TestMethod codeBase="C:/Repositorios/FernandoAssembla/SistemaWeb/TestViaticos/bin/Debug/TestViaticos.DLL" adapterTypeName="Microsoft.VisualStudio.TestTools.TestTypes.Unit.UnitTestAdapter, Microsoft.VisualStudio.QualityTools.Tips.UnitTest.Adapter, Version=10.0.0.0, Culture=neutral, PublicKeyToken=b03f5f7f11d50a3a" className="TestViaticos.TestPlanillaMensual, TestViaticos, Version=1.0.0.0, Culture=neutral, PublicKeyToken=null" name="no_deberia_poder_cargar_una_inasistencia_si_el_dia_no_era_cursable" />
    </UnitTest>
    <UnitTest name="al_preguntarle_en_que_area_esta_un_documeto_deberia_decirme_" storage="c:\repositorios\fernandoassembla\sistemaweb\testviaticos\bin\debug\testviaticos.dll" id="5188b3d7-a77a-3054-7bc5-b06591dc325c">
      <Execution id="60f5158a-a5b4-46bd-a889-f851bf5a22b6" />
      <TestMethod codeBase="C:/Repositorios/FernandoAssembla/SistemaWeb/TestViaticos/bin/Debug/TestViaticos.DLL" adapterTypeName="Microsoft.VisualStudio.TestTools.TestTypes.Unit.UnitTestAdapter, Microsoft.VisualStudio.QualityTools.Tips.UnitTest.Adapter, Version=10.0.0.0, Culture=neutral, PublicKeyToken=b03f5f7f11d50a3a" className="TestViaticos.TestMensajeria, TestViaticos, Version=1.0.0.0, Culture=neutral, PublicKeyToken=null" name="al_preguntarle_en_que_area_esta_un_documeto_deberia_decirme_" />
    </UnitTest>
    <UnitTest name="no_deberia_permitir_pasarse_de_zzz999" storage="c:\repositorios\fernandoassembla\sistemaweb\testviaticos\bin\debug\testviaticos.dll" id="c6c229fe-82f0-9917-4112-b9f4fc6d4ce9">
      <Execution id="123ffcba-0460-47e9-baa9-8bcb0f36f9a9" />
      <TestMethod codeBase="C:/Repositorios/FernandoAssembla/SistemaWeb/TestViaticos/bin/Debug/TestViaticos.DLL" adapterTypeName="Microsoft.VisualStudio.TestTools.TestTypes.Unit.UnitTestAdapter, Microsoft.VisualStudio.QualityTools.Tips.UnitTest.Adapter, Version=10.0.0.0, Culture=neutral, PublicKeyToken=b03f5f7f11d50a3a" className="Tests.CodigoTareaTest, TestViaticos, Version=1.0.0.0, Culture=neutral, PublicKeyToken=null" name="no_deberia_permitir_pasarse_de_zzz999" />
    </UnitTest>
    <UnitTest name="deberia_devolver_los_saltos_por_excepcion" storage="c:\repositorios\fernandoassembla\sistemaweb\testviaticos\bin\debug\testviaticos.dll" id="73696332-8582-b3f8-3487-a0e8978d60e1">
      <Execution id="68455012-ca07-4b2d-b0b4-edf3156a87dc" />
      <TestMethod codeBase="C:/Repositorios/FernandoAssembla/SistemaWeb/TestViaticos/bin/Debug/TestViaticos.DLL" adapterTypeName="Microsoft.VisualStudio.TestTools.TestTypes.Unit.UnitTestAdapter, Microsoft.VisualStudio.QualityTools.Tips.UnitTest.Adapter, Version=10.0.0.0, Culture=neutral, PublicKeyToken=b03f5f7f11d50a3a" className="TestViaticos.TestRepositorioOrganigramas, TestViaticos, Version=1.0.0.0, Culture=neutral, PublicKeyToken=null" name="deberia_devolver_los_saltos_por_excepcion" />
    </UnitTest>
    <UnitTest name="deberia_poder_validar_si_un_id_no_es_valido" storage="c:\repositorios\fernandoassembla\sistemaweb\testviaticos\bin\debug\testviaticos.dll" id="96fb1f26-cf56-3c03-ade6-884985acd8d7">
      <Execution id="98fe22e8-4d1c-4db5-80db-48e7bae10b6c" />
      <TestMethod codeBase="C:/Repositorios/FernandoAssembla/SistemaWeb/TestViaticos/bin/Debug/TestViaticos.DLL" adapterTypeName="Microsoft.VisualStudio.TestTools.TestTypes.Unit.UnitTestAdapter, Microsoft.VisualStudio.QualityTools.Tips.UnitTest.Adapter, Version=10.0.0.0, Culture=neutral, PublicKeyToken=b03f5f7f11d50a3a" className="TestViaticos.TestValidador, TestViaticos, Version=1.0.0.0, Culture=neutral, PublicKeyToken=null" name="deberia_poder_validar_si_un_id_no_es_valido" />
    </UnitTest>
    <UnitTest name="mensajeria_deberia_enviar_documento" storage="c:\repositorios\fernandoassembla\sistemaweb\testviaticos\bin\debug\testviaticos.dll" id="b8bd6fa3-7b0e-dbc4-d1ea-17a66d88e614">
      <Execution id="5397bcf5-57a4-43cd-9328-fc6aea40593c" />
      <TestMethod codeBase="C:/Repositorios/FernandoAssembla/SistemaWeb/TestViaticos/bin/Debug/TestViaticos.DLL" adapterTypeName="Microsoft.VisualStudio.TestTools.TestTypes.Unit.UnitTestAdapter, Microsoft.VisualStudio.QualityTools.Tips.UnitTest.Adapter, Version=10.0.0.0, Culture=neutral, PublicKeyToken=b03f5f7f11d50a3a" className="TestViaticos.TestMensajeria, TestViaticos, Version=1.0.0.0, Culture=neutral, PublicKeyToken=null" name="mensajeria_deberia_enviar_documento" />
    </UnitTest>
    <UnitTest name="deberia_poder_decirle_a_un_repositorio_que_use_una_conexion_que_devuelve_un_organigrama_simple" storage="c:\repositorios\fernandoassembla\sistemaweb\testviaticos\bin\debug\testviaticos.dll" id="8f23a447-15d5-92c8-a4fb-7722c21b1c07">
      <Execution id="e3868905-32ca-4aed-9525-f8dcc32f9851" />
      <TestMethod codeBase="C:/Repositorios/FernandoAssembla/SistemaWeb/TestViaticos/bin/Debug/TestViaticos.DLL" adapterTypeName="Microsoft.VisualStudio.TestTools.TestTypes.Unit.UnitTestAdapter, Microsoft.VisualStudio.QualityTools.Tips.UnitTest.Adapter, Version=10.0.0.0, Culture=neutral, PublicKeyToken=b03f5f7f11d50a3a" className="TestViaticos.TestRepositorioOrganigramas, TestViaticos, Version=1.0.0.0, Culture=neutral, PublicKeyToken=null" name="deberia_poder_decirle_a_un_repositorio_que_use_una_conexion_que_devuelve_un_organigrama_simple" />
    </UnitTest>
    <UnitTest name="al_buscar_en_una_lista_de_áreas_por_Asistentes_de_área_a_María_debe_traer_el_area_de_RRHH_donde_María_es_secretaria" storage="c:\repositorios\fernandoassembla\sistemaweb\testviaticos\bin\debug\testviaticos.dll" id="39ba617e-74b7-ac1c-65b2-4df024e2d4e4">
      <Execution id="38d2f998-cb75-4934-ac98-e8252d02812f" />
      <TestMethod codeBase="C:/Repositorios/FernandoAssembla/SistemaWeb/TestViaticos/bin/Debug/TestViaticos.DLL" adapterTypeName="Microsoft.VisualStudio.TestTools.TestTypes.Unit.UnitTestAdapter, Microsoft.VisualStudio.QualityTools.Tips.UnitTest.Adapter, Version=10.0.0.0, Culture=neutral, PublicKeyToken=b03f5f7f11d50a3a" className="General.TestProtocolo, TestViaticos, Version=1.0.0.0, Culture=neutral, PublicKeyToken=null" name="al_buscar_en_una_lista_de_áreas_por_Asistentes_de_área_a_María_debe_traer_el_area_de_RRHH_donde_María_es_secretaria" />
    </UnitTest>
    <UnitTest name="deberia_devolver_la_zona_Metro_con_una_localidad_y_la_zona_Patagonia_con_una_localidad" storage="c:\repositorios\fernandoassembla\sistemaweb\testviaticos\bin\debug\testviaticos.dll" id="60936b2d-9f38-488c-d3bd-319a17b5f6ba">
      <Execution id="16906c5c-6c1b-47f2-b810-b29cdb2d5bef" />
      <TestMethod codeBase="C:/Repositorios/FernandoAssembla/SistemaWeb/TestViaticos/bin/Debug/TestViaticos.DLL" adapterTypeName="Microsoft.VisualStudio.TestTools.TestTypes.Unit.UnitTestAdapter, Microsoft.VisualStudio.QualityTools.Tips.UnitTest.Adapter, Version=10.0.0.0, Culture=neutral, PublicKeyToken=b03f5f7f11d50a3a" className="TestViaticos.TestRepositorioZonas, TestViaticos, Version=1.0.0.0, Culture=neutral, PublicKeyToken=null" name="deberia_devolver_la_zona_Metro_con_una_localidad_y_la_zona_Patagonia_con_una_localidad" />
    </UnitTest>
    <UnitTest name="no_se_debe_permitir_crear_un_organigrama_donde_las_areas_y_las_dependencias_son_vacias" storage="c:\repositorios\fernandoassembla\sistemaweb\testviaticos\bin\debug\testviaticos.dll" id="22fef842-2be2-549e-28ca-decc4b2f83c4">
      <Execution id="7a17774f-ff30-40f2-bc3c-720692ebfac3" />
      <TestMethod codeBase="C:/Repositorios/FernandoAssembla/SistemaWeb/TestViaticos/bin/Debug/TestViaticos.DLL" adapterTypeName="Microsoft.VisualStudio.TestTools.TestTypes.Unit.UnitTestAdapter, Microsoft.VisualStudio.QualityTools.Tips.UnitTest.Adapter, Version=10.0.0.0, Culture=neutral, PublicKeyToken=b03f5f7f11d50a3a" className="TestViaticos.TestOrganigrama, TestViaticos, Version=1.0.0.0, Culture=neutral, PublicKeyToken=null" name="no_se_debe_permitir_crear_un_organigrama_donde_las_areas_y_las_dependencias_son_vacias" />
    </UnitTest>
    <UnitTest name="al_solicitarle_todas_las_areas_inferiores_de_marta_deberia_traerme_faby_yfabyB" storage="c:\repositorios\fernandoassembla\sistemaweb\testviaticos\bin\debug\testviaticos.dll" id="225e3e53-1987-0065-f209-06ded52d42cd">
      <Execution id="6d3ff567-2bee-40c4-a790-abdcaa503c92" />
      <TestMethod codeBase="C:/Repositorios/FernandoAssembla/SistemaWeb/TestViaticos/bin/Debug/TestViaticos.DLL" adapterTypeName="Microsoft.VisualStudio.TestTools.TestTypes.Unit.UnitTestAdapter, Microsoft.VisualStudio.QualityTools.Tips.UnitTest.Adapter, Version=10.0.0.0, Culture=neutral, PublicKeyToken=b03f5f7f11d50a3a" className="TestViaticos.TestOrganigrama, TestViaticos, Version=1.0.0.0, Culture=neutral, PublicKeyToken=null" name="al_solicitarle_todas_las_areas_inferiores_de_marta_deberia_traerme_faby_yfabyB" />
    </UnitTest>
    <UnitTest name="TestGetZonas" storage="c:\repositorios\fernandoassembla\sistemaweb\testviaticos\bin\debug\testviaticos.dll" id="cd0a2e1f-d61d-9cba-b24e-96406e906f5d">
      <Execution id="6ed76c87-7cef-4e8f-9bfa-4c877c1cc801" />
      <TestMethod codeBase="C:/Repositorios/FernandoAssembla/SistemaWeb/TestViaticos/bin/Debug/TestViaticos.DLL" adapterTypeName="Microsoft.VisualStudio.TestTools.TestTypes.Unit.UnitTestAdapter, Microsoft.VisualStudio.QualityTools.Tips.UnitTest.Adapter, Version=10.0.0.0, Culture=neutral, PublicKeyToken=b03f5f7f11d50a3a" className="TestViaticos.TestRepositorioZonas, TestViaticos, Version=1.0.0.0, Culture=neutral, PublicKeyToken=null" name="TestGetZonas" />
    </UnitTest>
    <UnitTest name="deberia_poder_crear_un_checkbox_con_id_segun_la_entidad" storage="c:\repositorios\fernandoassembla\sistemaweb\testviaticos\bin\debug\testviaticos.dll" id="2d0a6e94-8989-8cc3-e286-44dd8a2f688e">
      <Execution id="98221a23-a4f0-4a14-92a6-ec10219099bc" />
      <TestMethod codeBase="C:/Repositorios/FernandoAssembla/SistemaWeb/TestViaticos/bin/Debug/TestViaticos.DLL" adapterTypeName="Microsoft.VisualStudio.TestTools.TestTypes.Unit.UnitTestAdapter, Microsoft.VisualStudio.QualityTools.Tips.UnitTest.Adapter, Version=10.0.0.0, Culture=neutral, PublicKeyToken=b03f5f7f11d50a3a" className="WebRhUITestNew.ControladorDeWebControlsTest, TestViaticos, Version=1.0.0.0, Culture=neutral, PublicKeyToken=null" name="deberia_poder_crear_un_checkbox_con_id_segun_la_entidad" />
    </UnitTest>
    <UnitTest name="no_deberia_poder_guardarse_un_documento_sin_tipo" storage="c:\repositorios\fernandoassembla\sistemaweb\testviaticos\bin\debug\testviaticos.dll" id="f1f50432-1bf0-de96-51bb-b6443df4774c">
      <Execution id="8b51bccd-1576-4b7e-8a1f-a45a7be7f30b" />
      <TestMethod codeBase="C:/Repositorios/FernandoAssembla/SistemaWeb/TestViaticos/bin/Debug/TestViaticos.DLL" adapterTypeName="Microsoft.VisualStudio.TestTools.TestTypes.Unit.UnitTestAdapter, Microsoft.VisualStudio.QualityTools.Tips.UnitTest.Adapter, Version=10.0.0.0, Culture=neutral, PublicKeyToken=b03f5f7f11d50a3a" className="TestViaticos.TestRepositorioDocumentos, TestViaticos, Version=1.0.0.0, Culture=neutral, PublicKeyToken=null" name="no_deberia_poder_guardarse_un_documento_sin_tipo" />
    </UnitTest>
    <UnitTest name="deberia_devolver_la_zona_Metro_con_dos_provincias_diferentes" storage="c:\repositorios\fernandoassembla\sistemaweb\testviaticos\bin\debug\testviaticos.dll" id="18a1cd9e-1ae4-3656-14a0-ac543707a055">
      <Execution id="8f7a827d-b8ce-465b-b8f6-672c2ac2243a" />
      <TestMethod codeBase="C:/Repositorios/FernandoAssembla/SistemaWeb/TestViaticos/bin/Debug/TestViaticos.DLL" adapterTypeName="Microsoft.VisualStudio.TestTools.TestTypes.Unit.UnitTestAdapter, Microsoft.VisualStudio.QualityTools.Tips.UnitTest.Adapter, Version=10.0.0.0, Culture=neutral, PublicKeyToken=b03f5f7f11d50a3a" className="TestViaticos.TestRepositorioZonas, TestViaticos, Version=1.0.0.0, Culture=neutral, PublicKeyToken=null" name="deberia_devolver_la_zona_Metro_con_dos_provincias_diferentes" />
    </UnitTest>
    <UnitTest name="deberia_poder_obtener_el_string_de_un_chekbox" storage="c:\repositorios\fernandoassembla\sistemaweb\testviaticos\bin\debug\testviaticos.dll" id="d4034162-71c0-cb22-9a98-76a42e56e55e">
      <Execution id="be698528-d12b-4db1-84f1-4d880816a929" />
      <TestMethod codeBase="C:/Repositorios/FernandoAssembla/SistemaWeb/TestViaticos/bin/Debug/TestViaticos.DLL" adapterTypeName="Microsoft.VisualStudio.TestTools.TestTypes.Unit.UnitTestAdapter, Microsoft.VisualStudio.QualityTools.Tips.UnitTest.Adapter, Version=10.0.0.0, Culture=neutral, PublicKeyToken=b03f5f7f11d50a3a" className="WebRhUITestNew.ControladorDeWebControlsTest, TestViaticos, Version=1.0.0.0, Culture=neutral, PublicKeyToken=null" name="deberia_poder_obtener_el_string_de_un_chekbox" />
    </UnitTest>
    <UnitTest name="dado_a_quiero_b" storage="c:\repositorios\fernandoassembla\sistemaweb\testviaticos\bin\debug\testviaticos.dll" id="27563a31-6c9c-c1b2-7c6f-cfbc88311e88">
      <Execution id="296df5e4-5e0b-4b56-94b2-abeb4a17dfa3" />
      <TestMethod codeBase="C:/Repositorios/FernandoAssembla/SistemaWeb/TestViaticos/bin/Debug/TestViaticos.DLL" adapterTypeName="Microsoft.VisualStudio.TestTools.TestTypes.Unit.UnitTestAdapter, Microsoft.VisualStudio.QualityTools.Tips.UnitTest.Adapter, Version=10.0.0.0, Culture=neutral, PublicKeyToken=b03f5f7f11d50a3a" className="Tests.CodigoTareaTest, TestViaticos, Version=1.0.0.0, Culture=neutral, PublicKeyToken=null" name="dado_a_quiero_b" />
    </UnitTest>
    <UnitTest name="dado_az_quiero_ba" storage="c:\repositorios\fernandoassembla\sistemaweb\testviaticos\bin\debug\testviaticos.dll" id="e9aa986f-7293-c98f-9d6b-6050f52118de">
      <Execution id="cc664c6d-c57f-41cc-8a3f-91bf1608af09" />
      <TestMethod codeBase="C:/Repositorios/FernandoAssembla/SistemaWeb/TestViaticos/bin/Debug/TestViaticos.DLL" adapterTypeName="Microsoft.VisualStudio.TestTools.TestTypes.Unit.UnitTestAdapter, Microsoft.VisualStudio.QualityTools.Tips.UnitTest.Adapter, Version=10.0.0.0, Culture=neutral, PublicKeyToken=b03f5f7f11d50a3a" className="Tests.CodigoTareaTest, TestViaticos, Version=1.0.0.0, Culture=neutral, PublicKeyToken=null" name="dado_az_quiero_ba" />
    </UnitTest>
    <UnitTest name="dado_un_area_quiero_obtener_todos_los_asistentes_y_sus_datos_de_contacto" storage="c:\repositorios\fernandoassembla\sistemaweb\testviaticos\bin\debug\testviaticos.dll" id="6892221f-5432-520c-a667-6f10f84f4898">
      <Execution id="ce6044f9-fabb-4c88-b008-dd5d3aa1ccc8" />
      <TestMethod codeBase="C:/Repositorios/FernandoAssembla/SistemaWeb/TestViaticos/bin/Debug/TestViaticos.DLL" adapterTypeName="Microsoft.VisualStudio.TestTools.TestTypes.Unit.UnitTestAdapter, Microsoft.VisualStudio.QualityTools.Tips.UnitTest.Adapter, Version=10.0.0.0, Culture=neutral, PublicKeyToken=b03f5f7f11d50a3a" className="General.TestUsuarios, TestViaticos, Version=1.0.0.0, Culture=neutral, PublicKeyToken=null" name="dado_un_area_quiero_obtener_todos_los_asistentes_y_sus_datos_de_contacto" />
    </UnitTest>
    <UnitTest name="el_circuito_deberia_por_default_subir_por_el_organigrama" storage="c:\repositorios\fernandoassembla\sistemaweb\testviaticos\bin\debug\testviaticos.dll" id="77c82c9f-520d-04a5-8c33-19a0d6332eaa">
      <Execution id="230d1d9e-0ee1-49b4-9783-282c19f65f29" />
      <TestMethod codeBase="C:/Repositorios/FernandoAssembla/SistemaWeb/TestViaticos/bin/Debug/TestViaticos.DLL" adapterTypeName="Microsoft.VisualStudio.TestTools.TestTypes.Unit.UnitTestAdapter, Microsoft.VisualStudio.QualityTools.Tips.UnitTest.Adapter, Version=10.0.0.0, Culture=neutral, PublicKeyToken=b03f5f7f11d50a3a" className="TestViaticos.TestCircuitoDeViatico, TestViaticos, Version=1.0.0.0, Culture=neutral, PublicKeyToken=null" name="el_circuito_deberia_por_default_subir_por_el_organigrama" />
    </UnitTest>
    <UnitTest name="no_deberia_permitir_pasarse_de_9" storage="c:\repositorios\fernandoassembla\sistemaweb\testviaticos\bin\debug\testviaticos.dll" id="c40af560-ccd4-15d1-681a-d268a1e88a1c">
      <Execution id="7e8fd78b-bba4-4404-bdfb-23cf4700a5ab" />
      <TestMethod codeBase="C:/Repositorios/FernandoAssembla/SistemaWeb/TestViaticos/bin/Debug/TestViaticos.DLL" adapterTypeName="Microsoft.VisualStudio.TestTools.TestTypes.Unit.UnitTestAdapter, Microsoft.VisualStudio.QualityTools.Tips.UnitTest.Adapter, Version=10.0.0.0, Culture=neutral, PublicKeyToken=b03f5f7f11d50a3a" className="Tests.CodigoTareaTest, TestViaticos, Version=1.0.0.0, Culture=neutral, PublicKeyToken=null" name="no_deberia_permitir_pasarse_de_9" />
    </UnitTest>
    <UnitTest name="deberia_devolver_region_METRO_con_BuenosAires_con_una_localidad_con_id_4" storage="c:\repositorios\fernandoassembla\sistemaweb\testviaticos\bin\debug\testviaticos.dll" id="b0dad42f-cacf-b7c8-3bc2-1641e13c9caa">
      <Execution id="220fa2e1-ae27-4e50-8e9d-df0b90670376" />
      <TestMethod codeBase="C:/Repositorios/FernandoAssembla/SistemaWeb/TestViaticos/bin/Debug/TestViaticos.DLL" adapterTypeName="Microsoft.VisualStudio.TestTools.TestTypes.Unit.UnitTestAdapter, Microsoft.VisualStudio.QualityTools.Tips.UnitTest.Adapter, Version=10.0.0.0, Culture=neutral, PublicKeyToken=b03f5f7f11d50a3a" className="TestViaticos.TestRepositorioZonas, TestViaticos, Version=1.0.0.0, Culture=neutral, PublicKeyToken=null" name="deberia_devolver_region_METRO_con_BuenosAires_con_una_localidad_con_id_4" />
    </UnitTest>
    <UnitTest name="deberia_poder_generar_una_planilla_para_un_curso_y_mes" storage="c:\repositorios\fernandoassembla\sistemaweb\testviaticos\bin\debug\testviaticos.dll" id="ff5ca805-f71b-e477-63b1-db8e8b29d28e">
      <Execution id="3cf4d924-4b99-4305-9794-0620e98131cc" />
      <TestMethod codeBase="C:/Repositorios/FernandoAssembla/SistemaWeb/TestViaticos/bin/Debug/TestViaticos.DLL" adapterTypeName="Microsoft.VisualStudio.TestTools.TestTypes.Unit.UnitTestAdapter, Microsoft.VisualStudio.QualityTools.Tips.UnitTest.Adapter, Version=10.0.0.0, Culture=neutral, PublicKeyToken=b03f5f7f11d50a3a" className="TestViaticos.TestPlanillaMensual, TestViaticos, Version=1.0.0.0, Culture=neutral, PublicKeyToken=null" name="deberia_poder_generar_una_planilla_para_un_curso_y_mes" />
    </UnitTest>
    <UnitTest name="deberia_traer_inasistencias_de_un_alumno_para_un_mes" storage="c:\repositorios\fernandoassembla\sistemaweb\testviaticos\bin\debug\testviaticos.dll" id="3667ca38-1ee0-0f59-2de9-55990d91ad13">
      <Execution id="e9a4254e-df72-490d-923a-802817b13d3a" />
      <TestMethod codeBase="C:/Repositorios/FernandoAssembla/SistemaWeb/TestViaticos/bin/Debug/TestViaticos.DLL" adapterTypeName="Microsoft.VisualStudio.TestTools.TestTypes.Unit.UnitTestAdapter, Microsoft.VisualStudio.QualityTools.Tips.UnitTest.Adapter, Version=10.0.0.0, Culture=neutral, PublicKeyToken=b03f5f7f11d50a3a" className="TestViaticos.TestPlanillaMensual, TestViaticos, Version=1.0.0.0, Culture=neutral, PublicKeyToken=null" name="deberia_traer_inasistencias_de_un_alumno_para_un_mes" />
    </UnitTest>
    <UnitTest name="dado_un_area_quiero_saber_nombre_telefono_y_mail_de_responsable" storage="c:\repositorios\fernandoassembla\sistemaweb\testviaticos\bin\debug\testviaticos.dll" id="a8bf43a7-c593-21c5-b353-6a677fedb6e1">
      <Execution id="589328d0-f38a-44f8-bb4d-8ed9a3caaccb" />
      <TestMethod codeBase="C:/Repositorios/FernandoAssembla/SistemaWeb/TestViaticos/bin/Debug/TestViaticos.DLL" adapterTypeName="Microsoft.VisualStudio.TestTools.TestTypes.Unit.UnitTestAdapter, Microsoft.VisualStudio.QualityTools.Tips.UnitTest.Adapter, Version=10.0.0.0, Culture=neutral, PublicKeyToken=b03f5f7f11d50a3a" className="General.TestUsuarios, TestViaticos, Version=1.0.0.0, Culture=neutral, PublicKeyToken=null" name="dado_un_area_quiero_saber_nombre_telefono_y_mail_de_responsable" />
    </UnitTest>
    <UnitTest name="deberia_agregar_una_asistencia_a_un_alumno_para_una_planilla_que_esta_en_un_curso" storage="c:\repositorios\fernandoassembla\sistemaweb\testviaticos\bin\debug\testviaticos.dll" id="6f525a40-dadd-7cc4-eb37-95f1d91a14c9">
      <Execution id="bd099b00-baa9-4ef4-8457-f547a71f2dc7" />
      <TestMethod codeBase="C:/Repositorios/FernandoAssembla/SistemaWeb/TestViaticos/bin/Debug/TestViaticos.DLL" adapterTypeName="Microsoft.VisualStudio.TestTools.TestTypes.Unit.UnitTestAdapter, Microsoft.VisualStudio.QualityTools.Tips.UnitTest.Adapter, Version=10.0.0.0, Culture=neutral, PublicKeyToken=b03f5f7f11d50a3a" className="TestViaticos.TestPlanillaMensual, TestViaticos, Version=1.0.0.0, Culture=neutral, PublicKeyToken=null" name="deberia_agregar_una_asistencia_a_un_alumno_para_una_planilla_que_esta_en_un_curso" />
    </UnitTest>
    <UnitTest name="deberia_poder_obtener_todos_los_documentos" storage="c:\repositorios\fernandoassembla\sistemaweb\testviaticos\bin\debug\testviaticos.dll" id="38a50315-78cc-f677-cc67-a33e14f1587e">
      <Execution id="a10488e4-244a-4719-a77a-c746387fdefc" />
      <TestMethod codeBase="C:/Repositorios/FernandoAssembla/SistemaWeb/TestViaticos/bin/Debug/TestViaticos.DLL" adapterTypeName="Microsoft.VisualStudio.TestTools.TestTypes.Unit.UnitTestAdapter, Microsoft.VisualStudio.QualityTools.Tips.UnitTest.Adapter, Version=10.0.0.0, Culture=neutral, PublicKeyToken=b03f5f7f11d50a3a" className="TestViaticos.TestRepositorioDocumentos, TestViaticos, Version=1.0.0.0, Culture=neutral, PublicKeyToken=null" name="deberia_poder_obtener_todos_los_documentos" />
    </UnitTest>
    <UnitTest name="deberia_traer_las_personas_que_mas_solicitaron_viaticos_en_011012_261012" storage="c:\repositorios\fernandoassembla\sistemaweb\testviaticos\bin\debug\testviaticos.dll" id="2ba1906f-7dc1-cbb6-5d44-2eaa074ee001">
      <Execution id="7145ccf2-fa9a-4dc0-aab2-f26a55de049e" />
      <TestMethod codeBase="C:/Repositorios/FernandoAssembla/SistemaWeb/TestViaticos/bin/Debug/TestViaticos.DLL" adapterTypeName="Microsoft.VisualStudio.TestTools.TestTypes.Unit.UnitTestAdapter, Microsoft.VisualStudio.QualityTools.Tips.UnitTest.Adapter, Version=10.0.0.0, Culture=neutral, PublicKeyToken=b03f5f7f11d50a3a" className="TestViaticos.TestConsultas, TestViaticos, Version=1.0.0.0, Culture=neutral, PublicKeyToken=null" name="deberia_traer_las_personas_que_mas_solicitaron_viaticos_en_011012_261012" />
    </UnitTest>
    <UnitTest name="Un_organigrama_deberia_poder_decirme_cual_es_el_area_superior_de_un_area_dada" storage="c:\repositorios\fernandoassembla\sistemaweb\testviaticos\bin\debug\testviaticos.dll" id="d5acc190-8ff6-3621-55ca-bde560b60f80">
      <Execution id="cc8baf31-6f87-406a-97e5-192d0ed1ea5d" />
      <TestMethod codeBase="C:/Repositorios/FernandoAssembla/SistemaWeb/TestViaticos/bin/Debug/TestViaticos.DLL" adapterTypeName="Microsoft.VisualStudio.TestTools.TestTypes.Unit.UnitTestAdapter, Microsoft.VisualStudio.QualityTools.Tips.UnitTest.Adapter, Version=10.0.0.0, Culture=neutral, PublicKeyToken=b03f5f7f11d50a3a" className="TestViaticos.TestOrganigrama, TestViaticos, Version=1.0.0.0, Culture=neutral, PublicKeyToken=null" name="Un_organigrama_deberia_poder_decirme_cual_es_el_area_superior_de_un_area_dada" />
    </UnitTest>
    <UnitTest name="Un_organigrama_deberia_poder_decirme_todas_las_areas_que_son_superiores_a_un_area_dada" storage="c:\repositorios\fernandoassembla\sistemaweb\testviaticos\bin\debug\testviaticos.dll" id="8464698d-61d5-d408-819d-53311ef832f8">
      <Execution id="065cc0b4-4fbf-4c19-bcf7-041e1f197401" />
      <TestMethod codeBase="C:/Repositorios/FernandoAssembla/SistemaWeb/TestViaticos/bin/Debug/TestViaticos.DLL" adapterTypeName="Microsoft.VisualStudio.TestTools.TestTypes.Unit.UnitTestAdapter, Microsoft.VisualStudio.QualityTools.Tips.UnitTest.Adapter, Version=10.0.0.0, Culture=neutral, PublicKeyToken=b03f5f7f11d50a3a" className="TestViaticos.TestOrganigrama, TestViaticos, Version=1.0.0.0, Culture=neutral, PublicKeyToken=null" name="Un_organigrama_deberia_poder_decirme_todas_las_areas_que_son_superiores_a_un_area_dada" />
    </UnitTest>
    <UnitTest name="Un_organigrama_deberia_poder_decirme_todas_las_areas_inferiores_inmediatas_a_un_area_dada" storage="c:\repositorios\fernandoassembla\sistemaweb\testviaticos\bin\debug\testviaticos.dll" id="bb759e7e-2161-1c79-ee60-b7766df2bd3f">
      <Execution id="67d3e918-7e9d-4630-9caf-700cf79b97f3" />
      <TestMethod codeBase="C:/Repositorios/FernandoAssembla/SistemaWeb/TestViaticos/bin/Debug/TestViaticos.DLL" adapterTypeName="Microsoft.VisualStudio.TestTools.TestTypes.Unit.UnitTestAdapter, Microsoft.VisualStudio.QualityTools.Tips.UnitTest.Adapter, Version=10.0.0.0, Culture=neutral, PublicKeyToken=b03f5f7f11d50a3a" className="TestViaticos.TestOrganigrama, TestViaticos, Version=1.0.0.0, Culture=neutral, PublicKeyToken=null" name="Un_organigrama_deberia_poder_decirme_todas_las_areas_inferiores_inmediatas_a_un_area_dada" />
    </UnitTest>
    <UnitTest name="Un_organigrama_deberia_poder_decirme_todas_las_areas_inferiores_inmediatas_a_un_area_dada_con_muchas_areas" storage="c:\repositorios\fernandoassembla\sistemaweb\testviaticos\bin\debug\testviaticos.dll" id="68c724fc-1912-d9ac-d786-b1e6bb6c0994">
      <Execution id="e4a58237-7ab5-4c8f-9d42-4d3b24ec84c4" />
      <TestMethod codeBase="C:/Repositorios/FernandoAssembla/SistemaWeb/TestViaticos/bin/Debug/TestViaticos.DLL" adapterTypeName="Microsoft.VisualStudio.TestTools.TestTypes.Unit.UnitTestAdapter, Microsoft.VisualStudio.QualityTools.Tips.UnitTest.Adapter, Version=10.0.0.0, Culture=neutral, PublicKeyToken=b03f5f7f11d50a3a" className="TestViaticos.TestOrganigrama, TestViaticos, Version=1.0.0.0, Culture=neutral, PublicKeyToken=null" name="Un_organigrama_deberia_poder_decirme_todas_las_areas_inferiores_inmediatas_a_un_area_dada_con_muchas_areas" />
    </UnitTest>
    <UnitTest name="deberia_devolver_Buenos_Aires_con_dos_localidades" storage="c:\repositorios\fernandoassembla\sistemaweb\testviaticos\bin\debug\testviaticos.dll" id="d3eb6b18-b89c-308d-2472-f70947e6c57b">
      <Execution id="3e2fb8f8-43f8-41a3-b61b-2ef1ee1778ba" />
      <TestMethod codeBase="C:/Repositorios/FernandoAssembla/SistemaWeb/TestViaticos/bin/Debug/TestViaticos.DLL" adapterTypeName="Microsoft.VisualStudio.TestTools.TestTypes.Unit.UnitTestAdapter, Microsoft.VisualStudio.QualityTools.Tips.UnitTest.Adapter, Version=10.0.0.0, Culture=neutral, PublicKeyToken=b03f5f7f11d50a3a" className="TestViaticos.TestRepositorioZonas, TestViaticos, Version=1.0.0.0, Culture=neutral, PublicKeyToken=null" name="deberia_devolver_Buenos_Aires_con_dos_localidades" />
    </UnitTest>
    <UnitTest name="no_se_debe_permitir_crear_un_organigrama_donde_un_hijo_tenga_dos_areas_padres" storage="c:\repositorios\fernandoassembla\sistemaweb\testviaticos\bin\debug\testviaticos.dll" id="74b1b58c-e814-5670-35a0-d1446a9967fd">
      <Execution id="07218f34-6434-4da9-b63f-251a6179588e" />
      <TestMethod codeBase="C:/Repositorios/FernandoAssembla/SistemaWeb/TestViaticos/bin/Debug/TestViaticos.DLL" adapterTypeName="Microsoft.VisualStudio.TestTools.TestTypes.Unit.UnitTestAdapter, Microsoft.VisualStudio.QualityTools.Tips.UnitTest.Adapter, Version=10.0.0.0, Culture=neutral, PublicKeyToken=b03f5f7f11d50a3a" className="TestViaticos.TestOrganigrama, TestViaticos, Version=1.0.0.0, Culture=neutral, PublicKeyToken=null" name="no_se_debe_permitir_crear_un_organigrama_donde_un_hijo_tenga_dos_areas_padres" />
    </UnitTest>
    <UnitTest name="no_deberia_poder_guardarse_un_documento_sin_categoria" storage="c:\repositorios\fernandoassembla\sistemaweb\testviaticos\bin\debug\testviaticos.dll" id="219a2093-b6f2-f229-ae69-0108da5c2d8d">
      <Execution id="9f46c1ca-68c9-40a8-9cab-099d833ae498" />
      <TestMethod codeBase="C:/Repositorios/FernandoAssembla/SistemaWeb/TestViaticos/bin/Debug/TestViaticos.DLL" adapterTypeName="Microsoft.VisualStudio.TestTools.TestTypes.Unit.UnitTestAdapter, Microsoft.VisualStudio.QualityTools.Tips.UnitTest.Adapter, Version=10.0.0.0, Culture=neutral, PublicKeyToken=b03f5f7f11d50a3a" className="TestViaticos.TestRepositorioDocumentos, TestViaticos, Version=1.0.0.0, Culture=neutral, PublicKeyToken=null" name="no_deberia_poder_guardarse_un_documento_sin_categoria" />
    </UnitTest>
    <UnitTest name="cuando_se_solicita_la_lista_de_todas_las_áreas_superiores_de_un_área_debe_devolver_una_lista_vacía" storage="c:\repositorios\fernandoassembla\sistemaweb\testviaticos\bin\debug\testviaticos.dll" id="477414b1-9ac6-06f2-392d-c549405cd3f3">
      <Execution id="ead29c6e-44d1-4eae-9de6-c4b149c3a305" />
      <TestMethod codeBase="C:/Repositorios/FernandoAssembla/SistemaWeb/TestViaticos/bin/Debug/TestViaticos.DLL" adapterTypeName="Microsoft.VisualStudio.TestTools.TestTypes.Unit.UnitTestAdapter, Microsoft.VisualStudio.QualityTools.Tips.UnitTest.Adapter, Version=10.0.0.0, Culture=neutral, PublicKeyToken=b03f5f7f11d50a3a" className="TestViaticos.TestOrganigrama, TestViaticos, Version=1.0.0.0, Culture=neutral, PublicKeyToken=null" name="cuando_se_solicita_la_lista_de_todas_las_áreas_superiores_de_un_área_debe_devolver_una_lista_vacía" />
    </UnitTest>
    <UnitTest name="deberia_crear_una_tabla_con_id" storage="c:\repositorios\fernandoassembla\sistemaweb\testviaticos\bin\debug\testviaticos.dll" id="e454c39b-e973-6bea-bc19-3dd352fe2860">
      <Execution id="9b5a6767-6839-4c09-b583-867ea7343d46" />
      <TestMethod codeBase="C:/Repositorios/FernandoAssembla/SistemaWeb/TestViaticos/bin/Debug/TestViaticos.DLL" adapterTypeName="Microsoft.VisualStudio.TestTools.TestTypes.Unit.UnitTestAdapter, Microsoft.VisualStudio.QualityTools.Tips.UnitTest.Adapter, Version=10.0.0.0, Culture=neutral, PublicKeyToken=b03f5f7f11d50a3a" className="TestViaticos.TestTablasFake, TestViaticos, Version=1.0.0.0, Culture=neutral, PublicKeyToken=null" name="deberia_crear_una_tabla_con_id" />
    </UnitTest>
    <UnitTest name="al_solicitarle_las_areas_inferiores_al_area_de_Marta_debe_traer_solo_la_de_Faby" storage="c:\repositorios\fernandoassembla\sistemaweb\testviaticos\bin\debug\testviaticos.dll" id="44b05242-b475-4635-6cec-78ec052b2688">
      <Execution id="d7e6db6c-a7ef-430c-9732-6c60d8858e3e" />
      <TestMethod codeBase="C:/Repositorios/FernandoAssembla/SistemaWeb/TestViaticos/bin/Debug/TestViaticos.DLL" adapterTypeName="Microsoft.VisualStudio.TestTools.TestTypes.Unit.UnitTestAdapter, Microsoft.VisualStudio.QualityTools.Tips.UnitTest.Adapter, Version=10.0.0.0, Culture=neutral, PublicKeyToken=b03f5f7f11d50a3a" className="TestViaticos.TestOrganigrama, TestViaticos, Version=1.0.0.0, Culture=neutral, PublicKeyToken=null" name="al_solicitarle_las_areas_inferiores_al_area_de_Marta_debe_traer_solo_la_de_Faby" />
    </UnitTest>
    <UnitTest name="al_buscar_por_reponsable_de_area_a_Novoa_deberia_traerme_el_area_cuyo_apellido_de_responsable_es_Novoa" storage="c:\repositorios\fernandoassembla\sistemaweb\testviaticos\bin\debug\testviaticos.dll" id="e599cad1-eda4-094c-45c1-605d2f0e5702">
      <Execution id="e46a6d8a-fe7c-45b1-8a3f-6878d4043cc5" />
      <TestMethod codeBase="C:/Repositorios/FernandoAssembla/SistemaWeb/TestViaticos/bin/Debug/TestViaticos.DLL" adapterTypeName="Microsoft.VisualStudio.TestTools.TestTypes.Unit.UnitTestAdapter, Microsoft.VisualStudio.QualityTools.Tips.UnitTest.Adapter, Version=10.0.0.0, Culture=neutral, PublicKeyToken=b03f5f7f11d50a3a" className="General.TestProtocolo, TestViaticos, Version=1.0.0.0, Culture=neutral, PublicKeyToken=null" name="al_buscar_por_reponsable_de_area_a_Novoa_deberia_traerme_el_area_cuyo_apellido_de_responsable_es_Novoa" />
    </UnitTest>
    <UnitTest name="dado_aaa999_debe_ser_aab000" storage="c:\repositorios\fernandoassembla\sistemaweb\testviaticos\bin\debug\testviaticos.dll" id="4bc081ab-bd87-c7e6-2e9a-ea9029e80e8b">
      <Execution id="189e56cb-3815-4d01-9152-b5b4bf656df3" />
      <TestMethod codeBase="C:/Repositorios/FernandoAssembla/SistemaWeb/TestViaticos/bin/Debug/TestViaticos.DLL" adapterTypeName="Microsoft.VisualStudio.TestTools.TestTypes.Unit.UnitTestAdapter, Microsoft.VisualStudio.QualityTools.Tips.UnitTest.Adapter, Version=10.0.0.0, Culture=neutral, PublicKeyToken=b03f5f7f11d50a3a" className="Tests.CodigoTareaTest, TestViaticos, Version=1.0.0.0, Culture=neutral, PublicKeyToken=null" name="dado_aaa999_debe_ser_aab000" />
    </UnitTest>
    <UnitTest name="se_puede_crear_un_organigrama_con_forma_de_arbol_de_dos_pisos" storage="c:\repositorios\fernandoassembla\sistemaweb\testviaticos\bin\debug\testviaticos.dll" id="7a945366-5dc8-bde8-17f1-4ebf2f832448">
      <Execution id="c093a15a-0335-4ce2-bd90-bb6463fe5352" />
      <TestMethod codeBase="C:/Repositorios/FernandoAssembla/SistemaWeb/TestViaticos/bin/Debug/TestViaticos.DLL" adapterTypeName="Microsoft.VisualStudio.TestTools.TestTypes.Unit.UnitTestAdapter, Microsoft.VisualStudio.QualityTools.Tips.UnitTest.Adapter, Version=10.0.0.0, Culture=neutral, PublicKeyToken=b03f5f7f11d50a3a" className="TestViaticos.TestOrganigrama, TestViaticos, Version=1.0.0.0, Culture=neutral, PublicKeyToken=null" name="se_puede_crear_un_organigrama_con_forma_de_arbol_de_dos_pisos" />
    </UnitTest>
    <UnitTest name="deberia_poder_validar_si_un_objeto_no_esta_en_una_coleccion" storage="c:\repositorios\fernandoassembla\sistemaweb\testviaticos\bin\debug\testviaticos.dll" id="757e1e4a-ca0e-7dc8-c1f0-7e6c91ba8ea0">
      <Execution id="8ab82d63-9c6a-4c25-a51e-96ddcc00aad7" />
      <TestMethod codeBase="C:/Repositorios/FernandoAssembla/SistemaWeb/TestViaticos/bin/Debug/TestViaticos.DLL" adapterTypeName="Microsoft.VisualStudio.TestTools.TestTypes.Unit.UnitTestAdapter, Microsoft.VisualStudio.QualityTools.Tips.UnitTest.Adapter, Version=10.0.0.0, Culture=neutral, PublicKeyToken=b03f5f7f11d50a3a" className="TestViaticos.TestValidador, TestViaticos, Version=1.0.0.0, Culture=neutral, PublicKeyToken=null" name="deberia_poder_validar_si_un_objeto_no_esta_en_una_coleccion" />
    </UnitTest>
    <UnitTest name="dado_un_curso_que_se_cursa_lunes_y_jueves_cuando_le_pregunto_cuantos_dias_de_cursada_hay_en_la_primer_quincena_de_enero_me_dice_4" storage="c:\repositorios\fernandoassembla\sistemaweb\testviaticos\bin\debug\testviaticos.dll" id="53e1544f-a9d2-75aa-fac6-a61041be5fb7">
      <Execution id="1e72a38e-3ae7-40b7-a10e-f2c42fcb022c" />
      <TestMethod codeBase="C:/Repositorios/FernandoAssembla/SistemaWeb/TestViaticos/bin/Debug/TestViaticos.DLL" adapterTypeName="Microsoft.VisualStudio.TestTools.TestTypes.Unit.UnitTestAdapter, Microsoft.VisualStudio.QualityTools.Tips.UnitTest.Adapter, Version=10.0.0.0, Culture=neutral, PublicKeyToken=b03f5f7f11d50a3a" className="TestViaticos.TestCalendarioDeCurso, TestViaticos, Version=1.0.0.0, Culture=neutral, PublicKeyToken=null" name="dado_un_curso_que_se_cursa_lunes_y_jueves_cuando_le_pregunto_cuantos_dias_de_cursada_hay_en_la_primer_quincena_de_enero_me_dice_4" />
    </UnitTest>
    <UnitTest name="deberia_agregar_una_inasistencia_a_un_alumno_para_una_planilla_que_esta_en_un_curso" storage="c:\repositorios\fernandoassembla\sistemaweb\testviaticos\bin\debug\testviaticos.dll" id="fe21a7fe-170b-9452-5951-05d7fa59464e">
      <Execution id="32c462e5-8e88-40ab-927d-fc2f739201ad" />
      <TestMethod codeBase="C:/Repositorios/FernandoAssembla/SistemaWeb/TestViaticos/bin/Debug/TestViaticos.DLL" adapterTypeName="Microsoft.VisualStudio.TestTools.TestTypes.Unit.UnitTestAdapter, Microsoft.VisualStudio.QualityTools.Tips.UnitTest.Adapter, Version=10.0.0.0, Culture=neutral, PublicKeyToken=b03f5f7f11d50a3a" className="TestViaticos.TestPlanillaMensual, TestViaticos, Version=1.0.0.0, Culture=neutral, PublicKeyToken=null" name="deberia_agregar_una_inasistencia_a_un_alumno_para_una_planilla_que_esta_en_un_curso" />
    </UnitTest>
    <UnitTest name="deberia_poder_decirle_a_un_repositorio_que_use_una_conexion_que_no_devuelve_nada" storage="c:\repositorios\fernandoassembla\sistemaweb\testviaticos\bin\debug\testviaticos.dll" id="46d9bce1-2d0e-1aa8-e89e-b40f37783359">
      <Execution id="253e6a33-f013-4249-adc6-048d5153d9cd" />
      <TestMethod codeBase="C:/Repositorios/FernandoAssembla/SistemaWeb/TestViaticos/bin/Debug/TestViaticos.DLL" adapterTypeName="Microsoft.VisualStudio.TestTools.TestTypes.Unit.UnitTestAdapter, Microsoft.VisualStudio.QualityTools.Tips.UnitTest.Adapter, Version=10.0.0.0, Culture=neutral, PublicKeyToken=b03f5f7f11d50a3a" className="TestViaticos.TestRepositorioOrganigramas, TestViaticos, Version=1.0.0.0, Culture=neutral, PublicKeyToken=null" name="deberia_poder_decirle_a_un_repositorio_que_use_una_conexion_que_no_devuelve_nada" />
    </UnitTest>
    <UnitTest name="deberia_poder_agregarle_cabeceras_de_columna_a_una_tabla" storage="c:\repositorios\fernandoassembla\sistemaweb\testviaticos\bin\debug\testviaticos.dll" id="27e6cdd1-0452-1cb1-16c4-7576bb6d0538">
      <Execution id="7af690bb-3b06-484a-bb6e-a06b24dc7730" />
      <TestMethod codeBase="C:/Repositorios/FernandoAssembla/SistemaWeb/TestViaticos/bin/Debug/TestViaticos.DLL" adapterTypeName="Microsoft.VisualStudio.TestTools.TestTypes.Unit.UnitTestAdapter, Microsoft.VisualStudio.QualityTools.Tips.UnitTest.Adapter, Version=10.0.0.0, Culture=neutral, PublicKeyToken=b03f5f7f11d50a3a" className="WebRhUITestNew.TestRenderizadorDeTablas, TestViaticos, Version=1.0.0.0, Culture=neutral, PublicKeyToken=null" name="deberia_poder_agregarle_cabeceras_de_columna_a_una_tabla" />
    </UnitTest>
    <UnitTest name="no_deberia_traer_inasistencias_de_un_alumno_que_no_falto" storage="c:\repositorios\fernandoassembla\sistemaweb\testviaticos\bin\debug\testviaticos.dll" id="94211d25-4f01-6a4f-21c4-290dd165eb14">
      <Execution id="23c65fc2-c71e-480c-bdea-3f6ee62197b5" />
      <TestMethod codeBase="C:/Repositorios/FernandoAssembla/SistemaWeb/TestViaticos/bin/Debug/TestViaticos.DLL" adapterTypeName="Microsoft.VisualStudio.TestTools.TestTypes.Unit.UnitTestAdapter, Microsoft.VisualStudio.QualityTools.Tips.UnitTest.Adapter, Version=10.0.0.0, Culture=neutral, PublicKeyToken=b03f5f7f11d50a3a" className="TestViaticos.TestPlanillaMensual, TestViaticos, Version=1.0.0.0, Culture=neutral, PublicKeyToken=null" name="no_deberia_traer_inasistencias_de_un_alumno_que_no_falto" />
    </UnitTest>
    <UnitTest name="dada_un_area__con_3_asistentes_deberia_obtener_en_una_unica_area_unico_registro_y_los_3_asistentes_incluido_en_el_area" storage="c:\repositorios\fernandoassembla\sistemaweb\testviaticos\bin\debug\testviaticos.dll" id="03a6a885-b427-a1c0-9f18-eab8c39d83dc">
      <Execution id="64119f7c-de18-45c9-84e2-8be6a8426b19" />
      <TestMethod codeBase="C:/Repositorios/FernandoAssembla/SistemaWeb/TestViaticos/bin/Debug/TestViaticos.DLL" adapterTypeName="Microsoft.VisualStudio.TestTools.TestTypes.Unit.UnitTestAdapter, Microsoft.VisualStudio.QualityTools.Tips.UnitTest.Adapter, Version=10.0.0.0, Culture=neutral, PublicKeyToken=b03f5f7f11d50a3a" className="General.TestUsuarios, TestViaticos, Version=1.0.0.0, Culture=neutral, PublicKeyToken=null" name="dada_un_area__con_3_asistentes_deberia_obtener_en_una_unica_area_unico_registro_y_los_3_asistentes_incluido_en_el_area" />
    </UnitTest>
    <UnitTest name="deberia_poder_validar_si_un_objeto_es_nulo" storage="c:\repositorios\fernandoassembla\sistemaweb\testviaticos\bin\debug\testviaticos.dll" id="2ddded08-79a3-ad3a-b587-dfc68dd5b5f5">
      <Execution id="22b1321c-6dc5-483d-978c-01807bfe25c7" />
      <TestMethod codeBase="C:/Repositorios/FernandoAssembla/SistemaWeb/TestViaticos/bin/Debug/TestViaticos.DLL" adapterTypeName="Microsoft.VisualStudio.TestTools.TestTypes.Unit.UnitTestAdapter, Microsoft.VisualStudio.QualityTools.Tips.UnitTest.Adapter, Version=10.0.0.0, Culture=neutral, PublicKeyToken=b03f5f7f11d50a3a" className="TestViaticos.TestValidador, TestViaticos, Version=1.0.0.0, Culture=neutral, PublicKeyToken=null" name="deberia_poder_validar_si_un_objeto_es_nulo" />
    </UnitTest>
    <UnitTest name="no_deberia_cargar_una_inasistencia_a_un_alumno_que_no_esta_en_un_curso" storage="c:\repositorios\fernandoassembla\sistemaweb\testviaticos\bin\debug\testviaticos.dll" id="78a9f8b3-1879-e741-9ade-1dee019c141b">
      <Execution id="2d44978b-457b-4933-b3ea-598b36ff4dc3" />
      <TestMethod codeBase="C:/Repositorios/FernandoAssembla/SistemaWeb/TestViaticos/bin/Debug/TestViaticos.DLL" adapterTypeName="Microsoft.VisualStudio.TestTools.TestTypes.Unit.UnitTestAdapter, Microsoft.VisualStudio.QualityTools.Tips.UnitTest.Adapter, Version=10.0.0.0, Culture=neutral, PublicKeyToken=b03f5f7f11d50a3a" className="TestViaticos.TestPlanillaMensual, TestViaticos, Version=1.0.0.0, Culture=neutral, PublicKeyToken=null" name="no_deberia_cargar_una_inasistencia_a_un_alumno_que_no_esta_en_un_curso" />
    </UnitTest>
    <UnitTest name="deberia_poder_guardar_una_transicion_nueva" storage="c:\repositorios\fernandoassembla\sistemaweb\testviaticos\bin\debug\testviaticos.dll" id="ddde0ed2-12a5-9bf8-2fdd-b32f11508a59">
      <Execution id="620be461-e8df-4ffa-9383-46851e915852" />
      <TestMethod codeBase="C:/Repositorios/FernandoAssembla/SistemaWeb/TestViaticos/bin/Debug/TestViaticos.DLL" adapterTypeName="Microsoft.VisualStudio.TestTools.TestTypes.Unit.UnitTestAdapter, Microsoft.VisualStudio.QualityTools.Tips.UnitTest.Adapter, Version=10.0.0.0, Culture=neutral, PublicKeyToken=b03f5f7f11d50a3a" className="TestViaticos.TestMensajeria, TestViaticos, Version=1.0.0.0, Culture=neutral, PublicKeyToken=null" name="deberia_poder_guardar_una_transicion_nueva" />
    </UnitTest>
    <UnitTest name="deberia_traer_4_areas_con_los_datos_de_contacto_de_la_mismas" storage="c:\repositorios\fernandoassembla\sistemaweb\testviaticos\bin\debug\testviaticos.dll" id="33728143-431e-2f80-b4cd-e190171f9673">
      <Execution id="28e08541-f22e-49a0-af3b-6a3e4945d448" />
      <TestMethod codeBase="C:/Repositorios/FernandoAssembla/SistemaWeb/TestViaticos/bin/Debug/TestViaticos.DLL" adapterTypeName="Microsoft.VisualStudio.TestTools.TestTypes.Unit.UnitTestAdapter, Microsoft.VisualStudio.QualityTools.Tips.UnitTest.Adapter, Version=10.0.0.0, Culture=neutral, PublicKeyToken=b03f5f7f11d50a3a" className="General.TestUsuarios, TestViaticos, Version=1.0.0.0, Culture=neutral, PublicKeyToken=null" name="deberia_traer_4_areas_con_los_datos_de_contacto_de_la_mismas" />
    </UnitTest>
    <UnitTest name="al_buscar_en_una_lista_de_áreas_un_email_devuelve_dos_emails__uno_de_asistente_y_otro_de_area__que_contienen_el_texto_buscado" storage="c:\repositorios\fernandoassembla\sistemaweb\testviaticos\bin\debug\testviaticos.dll" id="64afcefc-8af6-fc70-4ea7-766fc65f6c46">
      <Execution id="55a56116-0e45-48a6-bbba-54868b8601ec" />
      <TestMethod codeBase="C:/Repositorios/FernandoAssembla/SistemaWeb/TestViaticos/bin/Debug/TestViaticos.DLL" adapterTypeName="Microsoft.VisualStudio.TestTools.TestTypes.Unit.UnitTestAdapter, Microsoft.VisualStudio.QualityTools.Tips.UnitTest.Adapter, Version=10.0.0.0, Culture=neutral, PublicKeyToken=b03f5f7f11d50a3a" className="General.TestProtocolo, TestViaticos, Version=1.0.0.0, Culture=neutral, PublicKeyToken=null" name="al_buscar_en_una_lista_de_áreas_un_email_devuelve_dos_emails__uno_de_asistente_y_otro_de_area__que_contienen_el_texto_buscado" />
    </UnitTest>
    <UnitTest name="al_buscar_por_una_palabra_del_extracto_del_documento_debe_traer_todos_los_documentos_que_cumplen_con_ello" storage="c:\repositorios\fernandoassembla\sistemaweb\testviaticos\bin\debug\testviaticos.dll" id="cff26abc-fddb-ef75-0bf4-49cf50880ca7">
      <Execution id="d46d7c53-ec70-46f1-b15c-dedf50ad42f1" />
      <TestMethod codeBase="C:/Repositorios/FernandoAssembla/SistemaWeb/TestViaticos/bin/Debug/TestViaticos.DLL" adapterTypeName="Microsoft.VisualStudio.TestTools.TestTypes.Unit.UnitTestAdapter, Microsoft.VisualStudio.QualityTools.Tips.UnitTest.Adapter, Version=10.0.0.0, Culture=neutral, PublicKeyToken=b03f5f7f11d50a3a" className="General.TestFiltroSiCoI, TestViaticos, Version=1.0.0.0, Culture=neutral, PublicKeyToken=null" name="al_buscar_por_una_palabra_del_extracto_del_documento_debe_traer_todos_los_documentos_que_cumplen_con_ello" />
    </UnitTest>
    <UnitTest name="deberia_poder_validar_si_un_id_es_valido" storage="c:\repositorios\fernandoassembla\sistemaweb\testviaticos\bin\debug\testviaticos.dll" id="91497819-ba2a-f2e9-9418-b935f4653def">
      <Execution id="393c3a0f-93f7-46bc-99b0-0b6eb022814a" />
      <TestMethod codeBase="C:/Repositorios/FernandoAssembla/SistemaWeb/TestViaticos/bin/Debug/TestViaticos.DLL" adapterTypeName="Microsoft.VisualStudio.TestTools.TestTypes.Unit.UnitTestAdapter, Microsoft.VisualStudio.QualityTools.Tips.UnitTest.Adapter, Version=10.0.0.0, Culture=neutral, PublicKeyToken=b03f5f7f11d50a3a" className="TestViaticos.TestValidador, TestViaticos, Version=1.0.0.0, Culture=neutral, PublicKeyToken=null" name="deberia_poder_validar_si_un_id_es_valido" />
    </UnitTest>
    <UnitTest name="al_buscar_por_una_categoria_de_documento_debe_traer_todos_los_documentos_que_cumplen_con_ello" storage="c:\repositorios\fernandoassembla\sistemaweb\testviaticos\bin\debug\testviaticos.dll" id="5b690971-fd71-4f11-40a9-1c85ffb21c38">
      <Execution id="356d261c-4182-4fa0-850f-f1595af21668" />
      <TestMethod codeBase="C:/Repositorios/FernandoAssembla/SistemaWeb/TestViaticos/bin/Debug/TestViaticos.DLL" adapterTypeName="Microsoft.VisualStudio.TestTools.TestTypes.Unit.UnitTestAdapter, Microsoft.VisualStudio.QualityTools.Tips.UnitTest.Adapter, Version=10.0.0.0, Culture=neutral, PublicKeyToken=b03f5f7f11d50a3a" className="General.TestFiltroSiCoI, TestViaticos, Version=1.0.0.0, Culture=neutral, PublicKeyToken=null" name="al_buscar_por_una_categoria_de_documento_debe_traer_todos_los_documentos_que_cumplen_con_ello" />
    </UnitTest>
    <UnitTest name="deberia_poder_obtener_el_string_de_un_link_en_imagen_de_las_entidades_seleccionadas" storage="c:\repositorios\fernandoassembla\sistemaweb\testviaticos\bin\debug\testviaticos.dll" id="f01f9398-de8a-e114-4944-4c3877e413a9">
      <Execution id="1441d12a-2df2-4c7f-a60b-8b03d11fdf1c" />
      <TestMethod codeBase="C:/Repositorios/FernandoAssembla/SistemaWeb/TestViaticos/bin/Debug/TestViaticos.DLL" adapterTypeName="Microsoft.VisualStudio.TestTools.TestTypes.Unit.UnitTestAdapter, Microsoft.VisualStudio.QualityTools.Tips.UnitTest.Adapter, Version=10.0.0.0, Culture=neutral, PublicKeyToken=b03f5f7f11d50a3a" className="WebRhUITestNew.ControladorDeWebControlsTest, TestViaticos, Version=1.0.0.0, Culture=neutral, PublicKeyToken=null" name="deberia_poder_obtener_el_string_de_un_link_en_imagen_de_las_entidades_seleccionadas" />
    </UnitTest>
    <UnitTest name="usuario_mesa_entrada_deberia_tener_solo_acceso_a_documentos" storage="c:\repositorios\fernandoassembla\sistemaweb\testviaticos\bin\debug\testviaticos.dll" id="de307af2-1c44-a9c2-0624-80b438a3400b">
      <Execution id="31463c17-6dff-4462-83b7-b50bfaec10df" />
      <TestMethod codeBase="C:/Repositorios/FernandoAssembla/SistemaWeb/TestViaticos/bin/Debug/TestViaticos.DLL" adapterTypeName="Microsoft.VisualStudio.TestTools.TestTypes.Unit.UnitTestAdapter, Microsoft.VisualStudio.QualityTools.Tips.UnitTest.Adapter, Version=10.0.0.0, Culture=neutral, PublicKeyToken=b03f5f7f11d50a3a" className="TestViaticos.TestRepositorioUsuarios, TestViaticos, Version=1.0.0.0, Culture=neutral, PublicKeyToken=null" name="usuario_mesa_entrada_deberia_tener_solo_acceso_a_documentos" />
    </UnitTest>
    <UnitTest name="deberia_poder_crear_un_organigrama_lineal_con_cuatro_areas" storage="c:\repositorios\fernandoassembla\sistemaweb\testviaticos\bin\debug\testviaticos.dll" id="06dca5fe-5ce6-35f4-b6c7-96dea566a67f">
      <Execution id="3e17c9b0-506a-4d9a-8d28-022509de441f" />
      <TestMethod codeBase="C:/Repositorios/FernandoAssembla/SistemaWeb/TestViaticos/bin/Debug/TestViaticos.DLL" adapterTypeName="Microsoft.VisualStudio.TestTools.TestTypes.Unit.UnitTestAdapter, Microsoft.VisualStudio.QualityTools.Tips.UnitTest.Adapter, Version=10.0.0.0, Culture=neutral, PublicKeyToken=b03f5f7f11d50a3a" className="TestViaticos.TestOrganigrama, TestViaticos, Version=1.0.0.0, Culture=neutral, PublicKeyToken=null" name="deberia_poder_crear_un_organigrama_lineal_con_cuatro_areas" />
    </UnitTest>
    <UnitTest name="fabian_deberia_tener_un_area_con_solo_un_asistente" storage="c:\repositorios\fernandoassembla\sistemaweb\testviaticos\bin\debug\testviaticos.dll" id="4a850093-e479-3127-1dc5-d67d3a9e4d1b">
      <Execution id="6ffca869-95f0-4242-826b-52599848d3fa" />
      <TestMethod codeBase="C:/Repositorios/FernandoAssembla/SistemaWeb/TestViaticos/bin/Debug/TestViaticos.DLL" adapterTypeName="Microsoft.VisualStudio.TestTools.TestTypes.Unit.UnitTestAdapter, Microsoft.VisualStudio.QualityTools.Tips.UnitTest.Adapter, Version=10.0.0.0, Culture=neutral, PublicKeyToken=b03f5f7f11d50a3a" className="TestViaticos.TestRepositorioUsuarios, TestViaticos, Version=1.0.0.0, Culture=neutral, PublicKeyToken=null" name="fabian_deberia_tener_un_area_con_solo_un_asistente" />
    </UnitTest>
    <UnitTest name="deberia_traer_una_unica_area_con_los_datos_de_contacto_de_la_misma" storage="c:\repositorios\fernandoassembla\sistemaweb\testviaticos\bin\debug\testviaticos.dll" id="8e8c4b00-453c-ac9a-23f7-d441cdf71296">
      <Execution id="9c572b35-e304-4ea6-8dc5-71b9f43500eb" />
      <TestMethod codeBase="C:/Repositorios/FernandoAssembla/SistemaWeb/TestViaticos/bin/Debug/TestViaticos.DLL" adapterTypeName="Microsoft.VisualStudio.TestTools.TestTypes.Unit.UnitTestAdapter, Microsoft.VisualStudio.QualityTools.Tips.UnitTest.Adapter, Version=10.0.0.0, Culture=neutral, PublicKeyToken=b03f5f7f11d50a3a" className="General.TestUsuarios, TestViaticos, Version=1.0.0.0, Culture=neutral, PublicKeyToken=null" name="deberia_traer_una_unica_area_con_los_datos_de_contacto_de_la_misma" />
    </UnitTest>
    <UnitTest name="al_solicitarle_las_areas_inferiores_de_Fabi_no_debe_traer_ninguna" storage="c:\repositorios\fernandoassembla\sistemaweb\testviaticos\bin\debug\testviaticos.dll" id="bf3ea6c6-ab88-4696-72a1-f31917a72c6c">
      <Execution id="0265d3a4-86dc-4f06-a873-7bd66610ab8b" />
      <TestMethod codeBase="C:/Repositorios/FernandoAssembla/SistemaWeb/TestViaticos/bin/Debug/TestViaticos.DLL" adapterTypeName="Microsoft.VisualStudio.TestTools.TestTypes.Unit.UnitTestAdapter, Microsoft.VisualStudio.QualityTools.Tips.UnitTest.Adapter, Version=10.0.0.0, Culture=neutral, PublicKeyToken=b03f5f7f11d50a3a" className="TestViaticos.TestOrganigrama, TestViaticos, Version=1.0.0.0, Culture=neutral, PublicKeyToken=null" name="al_solicitarle_las_areas_inferiores_de_Fabi_no_debe_traer_ninguna" />
    </UnitTest>
    <UnitTest name="deberia_poder_guardar_un_nuevo_viatico_en_el_repositorio_de_viaticos_y_que_se_le_asigne_un_id" storage="c:\repositorios\fernandoassembla\sistemaweb\testviaticos\bin\debug\testviaticos.dll" id="e4a0643c-ded2-0a34-7284-5a78ff072139">
      <Execution id="502753d1-87b3-49e9-8a0e-895ea2906b7d" />
      <TestMethod codeBase="C:/Repositorios/FernandoAssembla/SistemaWeb/TestViaticos/bin/Debug/TestViaticos.DLL" adapterTypeName="Microsoft.VisualStudio.TestTools.TestTypes.Unit.UnitTestAdapter, Microsoft.VisualStudio.QualityTools.Tips.UnitTest.Adapter, Version=10.0.0.0, Culture=neutral, PublicKeyToken=b03f5f7f11d50a3a" className="TestViaticos.TestRepositorioDeViaticos, TestViaticos, Version=1.0.0.0, Culture=neutral, PublicKeyToken=null" name="deberia_poder_guardar_un_nuevo_viatico_en_el_repositorio_de_viaticos_y_que_se_le_asigne_un_id" />
    </UnitTest>
    <UnitTest name="Un_organigrama_deberia_poder_decirme_todas_las_areas_inferiores_a_un_area_dada_con_una_estructura_lineal" storage="c:\repositorios\fernandoassembla\sistemaweb\testviaticos\bin\debug\testviaticos.dll" id="043dc452-5b80-2a1c-5140-d90d565722bc">
      <Execution id="3c2c13a0-6e9d-4140-9f62-d4ee0cf56b41" />
      <TestMethod codeBase="C:/Repositorios/FernandoAssembla/SistemaWeb/TestViaticos/bin/Debug/TestViaticos.DLL" adapterTypeName="Microsoft.VisualStudio.TestTools.TestTypes.Unit.UnitTestAdapter, Microsoft.VisualStudio.QualityTools.Tips.UnitTest.Adapter, Version=10.0.0.0, Culture=neutral, PublicKeyToken=b03f5f7f11d50a3a" className="TestViaticos.TestOrganigrama, TestViaticos, Version=1.0.0.0, Culture=neutral, PublicKeyToken=null" name="Un_organigrama_deberia_poder_decirme_todas_las_areas_inferiores_a_un_area_dada_con_una_estructura_lineal" />
    </UnitTest>
    <UnitTest name="al_buscar_por_fecha_desde_y_fecha_hasta_debería_traer_todos_los_documentos_cuya_fecha_está_incluída_en_ese_rango" storage="c:\repositorios\fernandoassembla\sistemaweb\testviaticos\bin\debug\testviaticos.dll" id="8c631ab0-9081-f239-8e5b-8f0f7f274cb2">
      <Execution id="5aeb2f2e-0a56-4e1d-a39b-8fd25bf449db" />
      <TestMethod codeBase="C:/Repositorios/FernandoAssembla/SistemaWeb/TestViaticos/bin/Debug/TestViaticos.DLL" adapterTypeName="Microsoft.VisualStudio.TestTools.TestTypes.Unit.UnitTestAdapter, Microsoft.VisualStudio.QualityTools.Tips.UnitTest.Adapter, Version=10.0.0.0, Culture=neutral, PublicKeyToken=b03f5f7f11d50a3a" className="General.TestFiltroSiCoI, TestViaticos, Version=1.0.0.0, Culture=neutral, PublicKeyToken=null" name="al_buscar_por_fecha_desde_y_fecha_hasta_debería_traer_todos_los_documentos_cuya_fecha_está_incluída_en_ese_rango" />
    </UnitTest>
    <UnitTest name="deberia_crear_una_tabla_con_id_y_descripcion" storage="c:\repositorios\fernandoassembla\sistemaweb\testviaticos\bin\debug\testviaticos.dll" id="71dbce06-b24d-82d9-d3a9-b8664de5dbbb">
      <Execution id="f201ef25-65fd-48f8-b40a-80a851e95c7c" />
      <TestMethod codeBase="C:/Repositorios/FernandoAssembla/SistemaWeb/TestViaticos/bin/Debug/TestViaticos.DLL" adapterTypeName="Microsoft.VisualStudio.TestTools.TestTypes.Unit.UnitTestAdapter, Microsoft.VisualStudio.QualityTools.Tips.UnitTest.Adapter, Version=10.0.0.0, Culture=neutral, PublicKeyToken=b03f5f7f11d50a3a" className="TestViaticos.TestTablasFake, TestViaticos, Version=1.0.0.0, Culture=neutral, PublicKeyToken=null" name="deberia_crear_una_tabla_con_id_y_descripcion" />
    </UnitTest>
    <UnitTest name="no_se_debe_permitir_crear_un_organigrama_donde_tenga_mas_de_un_area_superior_final" storage="c:\repositorios\fernandoassembla\sistemaweb\testviaticos\bin\debug\testviaticos.dll" id="02698425-13df-8609-0cad-f65978180f81">
      <Execution id="43f86633-f4e4-4379-9b5d-fcf82f831c6e" />
      <TestMethod codeBase="C:/Repositorios/FernandoAssembla/SistemaWeb/TestViaticos/bin/Debug/TestViaticos.DLL" adapterTypeName="Microsoft.VisualStudio.TestTools.TestTypes.Unit.UnitTestAdapter, Microsoft.VisualStudio.QualityTools.Tips.UnitTest.Adapter, Version=10.0.0.0, Culture=neutral, PublicKeyToken=b03f5f7f11d50a3a" className="TestViaticos.TestOrganigrama, TestViaticos, Version=1.0.0.0, Culture=neutral, PublicKeyToken=null" name="no_se_debe_permitir_crear_un_organigrama_donde_tenga_mas_de_un_area_superior_final" />
    </UnitTest>
    <UnitTest name="deberia_poder_obtener_un_curso_del_repositorio_de_cursos" storage="c:\repositorios\fernandoassembla\sistemaweb\testviaticos\bin\debug\testviaticos.dll" id="c564bf77-b387-e233-53e7-c5c85a463602">
      <Execution id="0514ef94-172a-4975-87aa-4716ea50f878" />
      <TestMethod codeBase="C:/Repositorios/FernandoAssembla/SistemaWeb/TestViaticos/bin/Debug/TestViaticos.DLL" adapterTypeName="Microsoft.VisualStudio.TestTools.TestTypes.Unit.UnitTestAdapter, Microsoft.VisualStudio.QualityTools.Tips.UnitTest.Adapter, Version=10.0.0.0, Culture=neutral, PublicKeyToken=b03f5f7f11d50a3a" className="TestViaticos.TestRepositorioCursos, TestViaticos, Version=1.0.0.0, Culture=neutral, PublicKeyToken=null" name="deberia_poder_obtener_un_curso_del_repositorio_de_cursos" />
    </UnitTest>
    <UnitTest name="deberia_poder_validar_si_un_objeto_esta_en_una_coleccion" storage="c:\repositorios\fernandoassembla\sistemaweb\testviaticos\bin\debug\testviaticos.dll" id="6e2099d5-ff03-21ed-7c09-0bc58519434c">
      <Execution id="80824fd9-a68f-428f-bbb3-3d8b9807c721" />
      <TestMethod codeBase="C:/Repositorios/FernandoAssembla/SistemaWeb/TestViaticos/bin/Debug/TestViaticos.DLL" adapterTypeName="Microsoft.VisualStudio.TestTools.TestTypes.Unit.UnitTestAdapter, Microsoft.VisualStudio.QualityTools.Tips.UnitTest.Adapter, Version=10.0.0.0, Culture=neutral, PublicKeyToken=b03f5f7f11d50a3a" className="TestViaticos.TestValidador, TestViaticos, Version=1.0.0.0, Culture=neutral, PublicKeyToken=null" name="deberia_poder_validar_si_un_objeto_esta_en_una_coleccion" />
    </UnitTest>
    <UnitTest name="al_buscar_por_un_numero_de_ticket__de_documento_o_parte_de_él_debe_traer_todos_los_documentos_que_cumplen_con_ello" storage="c:\repositorios\fernandoassembla\sistemaweb\testviaticos\bin\debug\testviaticos.dll" id="88eff91e-3ca2-b202-c4d3-20146aaa990f">
      <Execution id="0254d7eb-02ad-4b6b-ab49-f3ae57d5b3f7" />
      <TestMethod codeBase="C:/Repositorios/FernandoAssembla/SistemaWeb/TestViaticos/bin/Debug/TestViaticos.DLL" adapterTypeName="Microsoft.VisualStudio.TestTools.TestTypes.Unit.UnitTestAdapter, Microsoft.VisualStudio.QualityTools.Tips.UnitTest.Adapter, Version=10.0.0.0, Culture=neutral, PublicKeyToken=b03f5f7f11d50a3a" className="General.TestFiltroSiCoI, TestViaticos, Version=1.0.0.0, Culture=neutral, PublicKeyToken=null" name="al_buscar_por_un_numero_de_ticket__de_documento_o_parte_de_él_debe_traer_todos_los_documentos_que_cumplen_con_ello" />
    </UnitTest>
    <UnitTest name="deberia_poder_obtener_todos_los_datos_del_area_y_ver_que_estan_completos" storage="c:\repositorios\fernandoassembla\sistemaweb\testviaticos\bin\debug\testviaticos.dll" id="a44cf039-3a08-31a6-19c4-66a5660ef220">
      <Execution id="45261d5d-a2e6-4207-9f93-95f60bb65e64" />
      <TestMethod codeBase="C:/Repositorios/FernandoAssembla/SistemaWeb/TestViaticos/bin/Debug/TestViaticos.DLL" adapterTypeName="Microsoft.VisualStudio.TestTools.TestTypes.Unit.UnitTestAdapter, Microsoft.VisualStudio.QualityTools.Tips.UnitTest.Adapter, Version=10.0.0.0, Culture=neutral, PublicKeyToken=b03f5f7f11d50a3a" className="TestViaticos.TestRepositorioAreas, TestViaticos, Version=1.0.0.0, Culture=neutral, PublicKeyToken=null" name="deberia_poder_obtener_todos_los_datos_del_area_y_ver_que_estan_completos" />
    </UnitTest>
    <UnitTest name="deberia_crear_una_tabla_con_nombre_y_un_valor_Juan" storage="c:\repositorios\fernandoassembla\sistemaweb\testviaticos\bin\debug\testviaticos.dll" id="6325cb50-8252-7333-a10e-129eb61d4a7d">
      <Execution id="467a0282-d233-4459-afc6-2764a86f1d6c" />
      <TestMethod codeBase="C:/Repositorios/FernandoAssembla/SistemaWeb/TestViaticos/bin/Debug/TestViaticos.DLL" adapterTypeName="Microsoft.VisualStudio.TestTools.TestTypes.Unit.UnitTestAdapter, Microsoft.VisualStudio.QualityTools.Tips.UnitTest.Adapter, Version=10.0.0.0, Culture=neutral, PublicKeyToken=b03f5f7f11d50a3a" className="TestViaticos.TestTablasFake, TestViaticos, Version=1.0.0.0, Culture=neutral, PublicKeyToken=null" name="deberia_crear_una_tabla_con_nombre_y_un_valor_Juan" />
    </UnitTest>
    <UnitTest name="deberia_poder_tener_los_checkboxes_seleccionados_de_un_request" storage="c:\repositorios\fernandoassembla\sistemaweb\testviaticos\bin\debug\testviaticos.dll" id="2a085327-6b89-00de-3f93-60ecccb235b6">
      <Execution id="2605f678-b84d-484b-8d9a-cf8b907bc20f" />
      <TestMethod codeBase="C:/Repositorios/FernandoAssembla/SistemaWeb/TestViaticos/bin/Debug/TestViaticos.DLL" adapterTypeName="Microsoft.VisualStudio.TestTools.TestTypes.Unit.UnitTestAdapter, Microsoft.VisualStudio.QualityTools.Tips.UnitTest.Adapter, Version=10.0.0.0, Culture=neutral, PublicKeyToken=b03f5f7f11d50a3a" className="WebRhUITestNew.ControladorDeWebControlsTest, TestViaticos, Version=1.0.0.0, Culture=neutral, PublicKeyToken=null" name="deberia_poder_tener_los_checkboxes_seleccionados_de_un_request" />
    </UnitTest>
    <UnitTest name="no_deberia_poder_tener_un_documento_sin_categoria" storage="c:\repositorios\fernandoassembla\sistemaweb\testviaticos\bin\debug\testviaticos.dll" id="751e279c-34dc-9434-036d-cf7c6e4fd783">
      <Execution id="c5afad28-5bfa-49e3-b482-f2060ce07ffe" />
      <TestMethod codeBase="C:/Repositorios/FernandoAssembla/SistemaWeb/TestViaticos/bin/Debug/TestViaticos.DLL" adapterTypeName="Microsoft.VisualStudio.TestTools.TestTypes.Unit.UnitTestAdapter, Microsoft.VisualStudio.QualityTools.Tips.UnitTest.Adapter, Version=10.0.0.0, Culture=neutral, PublicKeyToken=b03f5f7f11d50a3a" className="TestViaticos.TestDocumentos, TestViaticos, Version=1.0.0.0, Culture=neutral, PublicKeyToken=null" name="no_deberia_poder_tener_un_documento_sin_categoria" />
    </UnitTest>
    <UnitTest name="deberia_poder_obtener_todos_los_tipos_de_documento" storage="c:\repositorios\fernandoassembla\sistemaweb\testviaticos\bin\debug\testviaticos.dll" id="c966b980-8b4f-c10a-2879-8a06a8c7add4">
      <Execution id="7c00aee5-4a61-456c-b298-fcd3899d4344" />
      <TestMethod codeBase="C:/Repositorios/FernandoAssembla/SistemaWeb/TestViaticos/bin/Debug/TestViaticos.DLL" adapterTypeName="Microsoft.VisualStudio.TestTools.TestTypes.Unit.UnitTestAdapter, Microsoft.VisualStudio.QualityTools.Tips.UnitTest.Adapter, Version=10.0.0.0, Culture=neutral, PublicKeyToken=b03f5f7f11d50a3a" className="TestViaticos.TestRepositorioDocumentos, TestViaticos, Version=1.0.0.0, Culture=neutral, PublicKeyToken=null" name="deberia_poder_obtener_todos_los_tipos_de_documento" />
    </UnitTest>
    <UnitTest name="al_buscar_en_una_lista_de_áreas_un_fax_devuelve_todos_las_áreas_cuyo_fax_de_asistente_o_responsable_o_area_contiene_el_texto_buscado" storage="c:\repositorios\fernandoassembla\sistemaweb\testviaticos\bin\debug\testviaticos.dll" id="3c877ef7-ef07-0820-9e58-ae76fdaedfb0">
      <Execution id="863ea84c-6634-4b7c-a72a-bb05db4c7ba1" />
      <TestMethod codeBase="C:/Repositorios/FernandoAssembla/SistemaWeb/TestViaticos/bin/Debug/TestViaticos.DLL" adapterTypeName="Microsoft.VisualStudio.TestTools.TestTypes.Unit.UnitTestAdapter, Microsoft.VisualStudio.QualityTools.Tips.UnitTest.Adapter, Version=10.0.0.0, Culture=neutral, PublicKeyToken=b03f5f7f11d50a3a" className="General.TestProtocolo, TestViaticos, Version=1.0.0.0, Culture=neutral, PublicKeyToken=null" name="al_buscar_en_una_lista_de_áreas_un_fax_devuelve_todos_las_áreas_cuyo_fax_de_asistente_o_responsable_o_area_contiene_el_texto_buscado" />
    </UnitTest>
    <UnitTest name="deberia_poder_obtener_un_viatico_sin_estadias_pasajes_ni_transiciones" storage="c:\repositorios\fernandoassembla\sistemaweb\testviaticos\bin\debug\testviaticos.dll" id="410ae35c-c491-52ff-8ca7-16593197aa91">
      <Execution id="12ed25db-7574-4b11-b57f-0a1aea9cc20a" />
      <TestMethod codeBase="C:/Repositorios/FernandoAssembla/SistemaWeb/TestViaticos/bin/Debug/TestViaticos.DLL" adapterTypeName="Microsoft.VisualStudio.TestTools.TestTypes.Unit.UnitTestAdapter, Microsoft.VisualStudio.QualityTools.Tips.UnitTest.Adapter, Version=10.0.0.0, Culture=neutral, PublicKeyToken=b03f5f7f11d50a3a" className="TestViaticos.TestRepositorioDeViaticos, TestViaticos, Version=1.0.0.0, Culture=neutral, PublicKeyToken=null" name="deberia_poder_obtener_un_viatico_sin_estadias_pasajes_ni_transiciones" />
    </UnitTest>
    <UnitTest name="deberia_crear_una_tabla_con_id_y_un_valor_1" storage="c:\repositorios\fernandoassembla\sistemaweb\testviaticos\bin\debug\testviaticos.dll" id="a91c3d07-7c7d-1fe6-99ad-80e4a1548474">
      <Execution id="25d05860-48af-49c3-a7c3-fbea5746b495" />
      <TestMethod codeBase="C:/Repositorios/FernandoAssembla/SistemaWeb/TestViaticos/bin/Debug/TestViaticos.DLL" adapterTypeName="Microsoft.VisualStudio.TestTools.TestTypes.Unit.UnitTestAdapter, Microsoft.VisualStudio.QualityTools.Tips.UnitTest.Adapter, Version=10.0.0.0, Culture=neutral, PublicKeyToken=b03f5f7f11d50a3a" className="TestViaticos.TestTablasFake, TestViaticos, Version=1.0.0.0, Culture=neutral, PublicKeyToken=null" name="deberia_crear_una_tabla_con_id_y_un_valor_1" />
    </UnitTest>
    <UnitTest name="dado_a9_quiero_b0" storage="c:\repositorios\fernandoassembla\sistemaweb\testviaticos\bin\debug\testviaticos.dll" id="e51e2c6f-d445-6901-d7cc-9c752d9465ed">
      <Execution id="264e7fcb-b65f-4720-9265-c964cbd9c7ea" />
      <TestMethod codeBase="C:/Repositorios/FernandoAssembla/SistemaWeb/TestViaticos/bin/Debug/TestViaticos.DLL" adapterTypeName="Microsoft.VisualStudio.TestTools.TestTypes.Unit.UnitTestAdapter, Microsoft.VisualStudio.QualityTools.Tips.UnitTest.Adapter, Version=10.0.0.0, Culture=neutral, PublicKeyToken=b03f5f7f11d50a3a" className="Tests.CodigoTareaTest, TestViaticos, Version=1.0.0.0, Culture=neutral, PublicKeyToken=null" name="dado_a9_quiero_b0" />
    </UnitTest>
    <UnitTest name="si_un_area_no_tiene_alias_deberia_devolver_el_nombre_completo_sin_alias" storage="c:\repositorios\fernandoassembla\sistemaweb\testviaticos\bin\debug\testviaticos.dll" id="72c59001-deaf-0f88-ce47-97c9b2e78292">
      <Execution id="89631062-3814-4bd3-a3a3-716b1d5b7b59" />
      <TestMethod codeBase="C:/Repositorios/FernandoAssembla/SistemaWeb/TestViaticos/bin/Debug/TestViaticos.DLL" adapterTypeName="Microsoft.VisualStudio.TestTools.TestTypes.Unit.UnitTestAdapter, Microsoft.VisualStudio.QualityTools.Tips.UnitTest.Adapter, Version=10.0.0.0, Culture=neutral, PublicKeyToken=b03f5f7f11d50a3a" className="TestViaticos.TestRepositorioAreas, TestViaticos, Version=1.0.0.0, Culture=neutral, PublicKeyToken=null" name="si_un_area_no_tiene_alias_deberia_devolver_el_nombre_completo_sin_alias" />
    </UnitTest>
    <UnitTest name="el_filtro_por_numero_de_ticket_debe_ser_case_insensitive" storage="c:\repositorios\fernandoassembla\sistemaweb\testviaticos\bin\debug\testviaticos.dll" id="60b34790-3c9e-803c-efa2-bf0100cd18fd">
      <Execution id="aa640ee7-7b4b-4308-a386-8ac857b1da28" />
      <TestMethod codeBase="C:/Repositorios/FernandoAssembla/SistemaWeb/TestViaticos/bin/Debug/TestViaticos.DLL" adapterTypeName="Microsoft.VisualStudio.TestTools.TestTypes.Unit.UnitTestAdapter, Microsoft.VisualStudio.QualityTools.Tips.UnitTest.Adapter, Version=10.0.0.0, Culture=neutral, PublicKeyToken=b03f5f7f11d50a3a" className="General.TestFiltroSiCoI, TestViaticos, Version=1.0.0.0, Culture=neutral, PublicKeyToken=null" name="el_filtro_por_numero_de_ticket_debe_ser_case_insensitive" />
    </UnitTest>
    <UnitTest name="deberia_poder_obtener_los_ids_de_las_entidades_seleccionadas" storage="c:\repositorios\fernandoassembla\sistemaweb\testviaticos\bin\debug\testviaticos.dll" id="1b646755-e25c-9dea-839f-b5f817062984">
      <Execution id="3e82a503-6a84-413a-9168-9a7f7bfc3d3d" />
      <TestMethod codeBase="C:/Repositorios/FernandoAssembla/SistemaWeb/TestViaticos/bin/Debug/TestViaticos.DLL" adapterTypeName="Microsoft.VisualStudio.TestTools.TestTypes.Unit.UnitTestAdapter, Microsoft.VisualStudio.QualityTools.Tips.UnitTest.Adapter, Version=10.0.0.0, Culture=neutral, PublicKeyToken=b03f5f7f11d50a3a" className="WebRhUITestNew.ControladorDeWebControlsTest, TestViaticos, Version=1.0.0.0, Culture=neutral, PublicKeyToken=null" name="deberia_poder_obtener_los_ids_de_las_entidades_seleccionadas" />
    </UnitTest>
    <UnitTest name="dado_un_area_quiero_saber_direccion_telefono_y_mail_del_area" storage="c:\repositorios\fernandoassembla\sistemaweb\testviaticos\bin\debug\testviaticos.dll" id="5d6cb36d-d345-b7c7-27f1-f7052ce8d166">
      <Execution id="12a28346-f1dd-4ca7-87c9-47c291015bfb" />
      <TestMethod codeBase="C:/Repositorios/FernandoAssembla/SistemaWeb/TestViaticos/bin/Debug/TestViaticos.DLL" adapterTypeName="Microsoft.VisualStudio.TestTools.TestTypes.Unit.UnitTestAdapter, Microsoft.VisualStudio.QualityTools.Tips.UnitTest.Adapter, Version=10.0.0.0, Culture=neutral, PublicKeyToken=b03f5f7f11d50a3a" className="General.TestUsuarios, TestViaticos, Version=1.0.0.0, Culture=neutral, PublicKeyToken=null" name="dado_un_area_quiero_saber_direccion_telefono_y_mail_del_area" />
    </UnitTest>
    <UnitTest name="no_deberia_poder_tener_un_documento_sin_tipo" storage="c:\repositorios\fernandoassembla\sistemaweb\testviaticos\bin\debug\testviaticos.dll" id="cc560ad4-66d2-6e1b-fa1e-c1f8f0f47258">
      <Execution id="5e28adb8-75f7-4f06-b020-a1f5f5022444" />
      <TestMethod codeBase="C:/Repositorios/FernandoAssembla/SistemaWeb/TestViaticos/bin/Debug/TestViaticos.DLL" adapterTypeName="Microsoft.VisualStudio.TestTools.TestTypes.Unit.UnitTestAdapter, Microsoft.VisualStudio.QualityTools.Tips.UnitTest.Adapter, Version=10.0.0.0, Culture=neutral, PublicKeyToken=b03f5f7f11d50a3a" className="TestViaticos.TestDocumentos, TestViaticos, Version=1.0.0.0, Culture=neutral, PublicKeyToken=null" name="no_deberia_poder_tener_un_documento_sin_tipo" />
    </UnitTest>
    <UnitTest name="deberia_traer_viaticos_que_esten_pendientes_del_area_939_y__perido_011012_al_261012" storage="c:\repositorios\fernandoassembla\sistemaweb\testviaticos\bin\debug\testviaticos.dll" id="59ff1f84-feae-06d2-b4cb-39b785e26703">
      <Execution id="39513c12-0437-465a-ae45-c5e458839ac7" />
      <TestMethod codeBase="C:/Repositorios/FernandoAssembla/SistemaWeb/TestViaticos/bin/Debug/TestViaticos.DLL" adapterTypeName="Microsoft.VisualStudio.TestTools.TestTypes.Unit.UnitTestAdapter, Microsoft.VisualStudio.QualityTools.Tips.UnitTest.Adapter, Version=10.0.0.0, Culture=neutral, PublicKeyToken=b03f5f7f11d50a3a" className="TestViaticos.TestConsultas, TestViaticos, Version=1.0.0.0, Culture=neutral, PublicKeyToken=null" name="deberia_traer_viaticos_que_esten_pendientes_del_area_939_y__perido_011012_al_261012" />
    </UnitTest>
    <UnitTest name="dado_un_curso_que_se_cursa_los_lunes_y_jueves_cuando_le_pregunto_cuantos_dias_de_cursada_hay_en_febrero_de_2013_me_dice_6_porque_dos_son_feriados" storage="c:\repositorios\fernandoassembla\sistemaweb\testviaticos\bin\debug\testviaticos.dll" id="7b7bd90a-9390-9d92-5600-532eb0a44a2a">
      <Execution id="9b04621a-2084-43bd-a9e9-2454ea01d863" />
      <TestMethod codeBase="C:/Repositorios/FernandoAssembla/SistemaWeb/TestViaticos/bin/Debug/TestViaticos.DLL" adapterTypeName="Microsoft.VisualStudio.TestTools.TestTypes.Unit.UnitTestAdapter, Microsoft.VisualStudio.QualityTools.Tips.UnitTest.Adapter, Version=10.0.0.0, Culture=neutral, PublicKeyToken=b03f5f7f11d50a3a" className="TestViaticos.TestCalendarioDeCurso, TestViaticos, Version=1.0.0.0, Culture=neutral, PublicKeyToken=null" name="dado_un_curso_que_se_cursa_los_lunes_y_jueves_cuando_le_pregunto_cuantos_dias_de_cursada_hay_en_febrero_de_2013_me_dice_6_porque_dos_son_feriados" />
    </UnitTest>
    <UnitTest name="deberia_poder_agregar_un_row_desde_una_entidad_especificando_como_obtener_los_valores_a_partir_de_la_misma" storage="c:\repositorios\fernandoassembla\sistemaweb\testviaticos\bin\debug\testviaticos.dll" id="8d450b91-f2a6-e64d-c4a7-eee63e8851da">
      <Execution id="5a684865-65b5-4bdf-807d-26c8062d9271" />
      <TestMethod codeBase="C:/Repositorios/FernandoAssembla/SistemaWeb/TestViaticos/bin/Debug/TestViaticos.DLL" adapterTypeName="Microsoft.VisualStudio.TestTools.TestTypes.Unit.UnitTestAdapter, Microsoft.VisualStudio.QualityTools.Tips.UnitTest.Adapter, Version=10.0.0.0, Culture=neutral, PublicKeyToken=b03f5f7f11d50a3a" className="WebRhUITestNew.TestRenderizadorDeTablas, TestViaticos, Version=1.0.0.0, Culture=neutral, PublicKeyToken=null" name="deberia_poder_agregar_un_row_desde_una_entidad_especificando_como_obtener_los_valores_a_partir_de_la_misma" />
    </UnitTest>
    <UnitTest name="al_buscar_en_una_lista_de_áreas_por_Asistentes_de_área_a_Ana_debe_traer_dos_areas_donde_existen_dos_personas_llamadas_Ana_que_son_secreatarias_en_cada_area" storage="c:\repositorios\fernandoassembla\sistemaweb\testviaticos\bin\debug\testviaticos.dll" id="25415686-6584-7e2c-956a-c8ad4a11141c">
      <Execution id="66532c9c-d310-425f-8dd6-e618ced01d7e" />
      <TestMethod codeBase="C:/Repositorios/FernandoAssembla/SistemaWeb/TestViaticos/bin/Debug/TestViaticos.DLL" adapterTypeName="Microsoft.VisualStudio.TestTools.TestTypes.Unit.UnitTestAdapter, Microsoft.VisualStudio.QualityTools.Tips.UnitTest.Adapter, Version=10.0.0.0, Culture=neutral, PublicKeyToken=b03f5f7f11d50a3a" className="General.TestProtocolo, TestViaticos, Version=1.0.0.0, Culture=neutral, PublicKeyToken=null" name="al_buscar_en_una_lista_de_áreas_por_Asistentes_de_área_a_Ana_debe_traer_dos_areas_donde_existen_dos_personas_llamadas_Ana_que_son_secreatarias_en_cada_area" />
    </UnitTest>
    <UnitTest name="deberia_mostrarme_una_unica_vez_la_secretaria_que_posee_el_area_cuando_los_datos_estan_repetidos" storage="c:\repositorios\fernandoassembla\sistemaweb\testviaticos\bin\debug\testviaticos.dll" id="82d93e8f-20e5-8c41-b9f1-1d42beccc7c0">
      <Execution id="c795332e-0a8e-4daa-bd1e-b32815dee446" />
      <TestMethod codeBase="C:/Repositorios/FernandoAssembla/SistemaWeb/TestViaticos/bin/Debug/TestViaticos.DLL" adapterTypeName="Microsoft.VisualStudio.TestTools.TestTypes.Unit.UnitTestAdapter, Microsoft.VisualStudio.QualityTools.Tips.UnitTest.Adapter, Version=10.0.0.0, Culture=neutral, PublicKeyToken=b03f5f7f11d50a3a" className="General.TestUsuarios, TestViaticos, Version=1.0.0.0, Culture=neutral, PublicKeyToken=null" name="deberia_mostrarme_una_unica_vez_la_secretaria_que_posee_el_area_cuando_los_datos_estan_repetidos" />
    </UnitTest>
    <UnitTest name="al_buscar_en_una_lista_de_áreas_una_parte_de_telefono_devuelve_todos_las_áreas_cuyo_telefono_de_asistente_o_responsable_o_area_contiene_el_texto_buscado" storage="c:\repositorios\fernandoassembla\sistemaweb\testviaticos\bin\debug\testviaticos.dll" id="60d191e8-f802-0c16-9722-35844f243666">
      <Execution id="1f9309b9-d708-4ec2-961d-f401441efd40" />
      <TestMethod codeBase="C:/Repositorios/FernandoAssembla/SistemaWeb/TestViaticos/bin/Debug/TestViaticos.DLL" adapterTypeName="Microsoft.VisualStudio.TestTools.TestTypes.Unit.UnitTestAdapter, Microsoft.VisualStudio.QualityTools.Tips.UnitTest.Adapter, Version=10.0.0.0, Culture=neutral, PublicKeyToken=b03f5f7f11d50a3a" className="General.TestProtocolo, TestViaticos, Version=1.0.0.0, Culture=neutral, PublicKeyToken=null" name="al_buscar_en_una_lista_de_áreas_una_parte_de_telefono_devuelve_todos_las_áreas_cuyo_telefono_de_asistente_o_responsable_o_area_contiene_el_texto_buscado" />
    </UnitTest>
    <UnitTest name="mensajeria_no_deberia_fallar_cuando_un_documento_no_tiene_trancisiones" storage="c:\repositorios\fernandoassembla\sistemaweb\testviaticos\bin\debug\testviaticos.dll" id="cecd7ff2-d148-29e8-850a-7574ad3e7580">
      <Execution id="d06e5b07-966c-4ff2-94b8-f2d75cca339c" />
      <TestMethod codeBase="C:/Repositorios/FernandoAssembla/SistemaWeb/TestViaticos/bin/Debug/TestViaticos.DLL" adapterTypeName="Microsoft.VisualStudio.TestTools.TestTypes.Unit.UnitTestAdapter, Microsoft.VisualStudio.QualityTools.Tips.UnitTest.Adapter, Version=10.0.0.0, Culture=neutral, PublicKeyToken=b03f5f7f11d50a3a" className="TestViaticos.TestMensajeria, TestViaticos, Version=1.0.0.0, Culture=neutral, PublicKeyToken=null" name="mensajeria_no_deberia_fallar_cuando_un_documento_no_tiene_trancisiones" />
    </UnitTest>
    <UnitTest name="mensajeria_deberia_poder_generar_una_transicion_futura" storage="c:\repositorios\fernandoassembla\sistemaweb\testviaticos\bin\debug\testviaticos.dll" id="e1d67ae5-71d9-5872-41a1-7a2a4d910702">
      <Execution id="7e5d6b38-fe97-4885-931a-535a8b7870df" />
      <TestMethod codeBase="C:/Repositorios/FernandoAssembla/SistemaWeb/TestViaticos/bin/Debug/TestViaticos.DLL" adapterTypeName="Microsoft.VisualStudio.TestTools.TestTypes.Unit.UnitTestAdapter, Microsoft.VisualStudio.QualityTools.Tips.UnitTest.Adapter, Version=10.0.0.0, Culture=neutral, PublicKeyToken=b03f5f7f11d50a3a" className="TestViaticos.TestMensajeria, TestViaticos, Version=1.0.0.0, Culture=neutral, PublicKeyToken=null" name="mensajeria_deberia_poder_generar_una_transicion_futura" />
    </UnitTest>
    <UnitTest name="al_buscar_por_una_palabra_del_comentario_del_documento_debe_traer_todos_los_documentos_que_cumplen_con_ello" storage="c:\repositorios\fernandoassembla\sistemaweb\testviaticos\bin\debug\testviaticos.dll" id="cd2ddf59-b1d1-4ffd-b77a-55d96a13b533">
      <Execution id="31e20616-9016-4a74-b709-1b4a2027f88e" />
      <TestMethod codeBase="C:/Repositorios/FernandoAssembla/SistemaWeb/TestViaticos/bin/Debug/TestViaticos.DLL" adapterTypeName="Microsoft.VisualStudio.TestTools.TestTypes.Unit.UnitTestAdapter, Microsoft.VisualStudio.QualityTools.Tips.UnitTest.Adapter, Version=10.0.0.0, Culture=neutral, PublicKeyToken=b03f5f7f11d50a3a" className="General.TestFiltroSiCoI, TestViaticos, Version=1.0.0.0, Culture=neutral, PublicKeyToken=null" name="al_buscar_por_una_palabra_del_comentario_del_documento_debe_traer_todos_los_documentos_que_cumplen_con_ello" />
    </UnitTest>
    <UnitTest name="deberia_poder_obtener_todos_los_tipos_de_documento_con_su_sigla" storage="c:\repositorios\fernandoassembla\sistemaweb\testviaticos\bin\debug\testviaticos.dll" id="1f3c9d7b-63ee-b9a1-f8d0-46e85a0a6255">
      <Execution id="212347f3-53da-4179-9d08-b5d62f8f2746" />
      <TestMethod codeBase="C:/Repositorios/FernandoAssembla/SistemaWeb/TestViaticos/bin/Debug/TestViaticos.DLL" adapterTypeName="Microsoft.VisualStudio.TestTools.TestTypes.Unit.UnitTestAdapter, Microsoft.VisualStudio.QualityTools.Tips.UnitTest.Adapter, Version=10.0.0.0, Culture=neutral, PublicKeyToken=b03f5f7f11d50a3a" className="TestViaticos.TestRepositorioDocumentos, TestViaticos, Version=1.0.0.0, Culture=neutral, PublicKeyToken=null" name="deberia_poder_obtener_todos_los_tipos_de_documento_con_su_sigla" />
    </UnitTest>
    <UnitTest name="deberia_traer_viaticos_de_BELEN_011012_261012" storage="c:\repositorios\fernandoassembla\sistemaweb\testviaticos\bin\debug\testviaticos.dll" id="c2c53443-9c7d-40b6-5a5a-6d158c6cf141">
      <Execution id="0d01c07c-5a9f-4632-8a08-528515cc3c1c" />
      <TestMethod codeBase="C:/Repositorios/FernandoAssembla/SistemaWeb/TestViaticos/bin/Debug/TestViaticos.DLL" adapterTypeName="Microsoft.VisualStudio.TestTools.TestTypes.Unit.UnitTestAdapter, Microsoft.VisualStudio.QualityTools.Tips.UnitTest.Adapter, Version=10.0.0.0, Culture=neutral, PublicKeyToken=b03f5f7f11d50a3a" className="TestViaticos.TestConsultas, TestViaticos, Version=1.0.0.0, Culture=neutral, PublicKeyToken=null" name="deberia_traer_viaticos_de_BELEN_011012_261012" />
    </UnitTest>
    <UnitTest name="dado_un_curso_que_se_cursa_los_lunes_y_jueves_cuando_le_pregunto_cuantos_dias_de_cursada_hay_inlcuyendo_feriados_en_febrero_de_2013_me_dice_8_porque_dos_son_feriados" storage="c:\repositorios\fernandoassembla\sistemaweb\testviaticos\bin\debug\testviaticos.dll" id="98d79b4f-0fef-791a-b39b-89c03b95d3e3">
      <Execution id="de06d39d-a28f-40e9-ad16-efce5ae71f5e" />
      <TestMethod codeBase="C:/Repositorios/FernandoAssembla/SistemaWeb/TestViaticos/bin/Debug/TestViaticos.DLL" adapterTypeName="Microsoft.VisualStudio.TestTools.TestTypes.Unit.UnitTestAdapter, Microsoft.VisualStudio.QualityTools.Tips.UnitTest.Adapter, Version=10.0.0.0, Culture=neutral, PublicKeyToken=b03f5f7f11d50a3a" className="TestViaticos.TestCalendarioDeCurso, TestViaticos, Version=1.0.0.0, Culture=neutral, PublicKeyToken=null" name="dado_un_curso_que_se_cursa_los_lunes_y_jueves_cuando_le_pregunto_cuantos_dias_de_cursada_hay_inlcuyendo_feriados_en_febrero_de_2013_me_dice_8_porque_dos_son_feriados" />
    </UnitTest>
    <UnitTest name="deberia_poder_tener_un_null_como_segundo_valor_de_una_columna" storage="c:\repositorios\fernandoassembla\sistemaweb\testviaticos\bin\debug\testviaticos.dll" id="c8e9fa12-63fb-548e-6319-248eaeb1ba50">
      <Execution id="650833c4-24a6-4612-a17e-2167e518f7a4" />
      <TestMethod codeBase="C:/Repositorios/FernandoAssembla/SistemaWeb/TestViaticos/bin/Debug/TestViaticos.DLL" adapterTypeName="Microsoft.VisualStudio.TestTools.TestTypes.Unit.UnitTestAdapter, Microsoft.VisualStudio.QualityTools.Tips.UnitTest.Adapter, Version=10.0.0.0, Culture=neutral, PublicKeyToken=b03f5f7f11d50a3a" className="TestViaticos.TestTablasFake, TestViaticos, Version=1.0.0.0, Culture=neutral, PublicKeyToken=null" name="deberia_poder_tener_un_null_como_segundo_valor_de_una_columna" />
    </UnitTest>
    <UnitTest name="deberia_considerar_las_estadias_comenzadas_en_el_periodo" storage="c:\repositorios\fernandoassembla\sistemaweb\testviaticos\bin\debug\testviaticos.dll" id="e22ce867-04ec-cc74-8f00-0fdb0256cb9f">
      <Execution id="2595212a-02fb-4748-9909-aba1ea0dad33" />
      <TestMethod codeBase="C:/Repositorios/FernandoAssembla/SistemaWeb/TestViaticos/bin/Debug/TestViaticos.DLL" adapterTypeName="Microsoft.VisualStudio.TestTools.TestTypes.Unit.UnitTestAdapter, Microsoft.VisualStudio.QualityTools.Tips.UnitTest.Adapter, Version=10.0.0.0, Culture=neutral, PublicKeyToken=b03f5f7f11d50a3a" className="TestViaticos.TestConsultas, TestViaticos, Version=1.0.0.0, Culture=neutral, PublicKeyToken=null" name="deberia_considerar_las_estadias_comenzadas_en_el_periodo" />
    </UnitTest>
    <UnitTest name="al_buscar_por_reponsable_de_area_a_Fabian_deberia_traerme_el_area_cuyo_nombre_de_responsable_es_Fabian" storage="c:\repositorios\fernandoassembla\sistemaweb\testviaticos\bin\debug\testviaticos.dll" id="c09a892a-1cf8-8734-95e1-5859c143f708">
      <Execution id="bd14ef04-5f3c-43c5-8035-746b2d44bbd7" />
      <TestMethod codeBase="C:/Repositorios/FernandoAssembla/SistemaWeb/TestViaticos/bin/Debug/TestViaticos.DLL" adapterTypeName="Microsoft.VisualStudio.TestTools.TestTypes.Unit.UnitTestAdapter, Microsoft.VisualStudio.QualityTools.Tips.UnitTest.Adapter, Version=10.0.0.0, Culture=neutral, PublicKeyToken=b03f5f7f11d50a3a" className="General.TestProtocolo, TestViaticos, Version=1.0.0.0, Culture=neutral, PublicKeyToken=null" name="al_buscar_por_reponsable_de_area_a_Fabian_deberia_traerme_el_area_cuyo_nombre_de_responsable_es_Fabian" />
    </UnitTest>
    <UnitTest name="al_buscar_por_nombre_de_numero_de_documento_y_fechas_desde_y_hasta_y_extracto_de_un_documento_debe_traer_todos_los_documentos_que_cumplen_con_ello" storage="c:\repositorios\fernandoassembla\sistemaweb\testviaticos\bin\debug\testviaticos.dll" id="9f7c8e27-eadb-ceef-1191-65859b891fab">
      <Execution id="8aaae1c8-fad0-4288-8c09-d3dc073635e3" />
      <TestMethod codeBase="C:/Repositorios/FernandoAssembla/SistemaWeb/TestViaticos/bin/Debug/TestViaticos.DLL" adapterTypeName="Microsoft.VisualStudio.TestTools.TestTypes.Unit.UnitTestAdapter, Microsoft.VisualStudio.QualityTools.Tips.UnitTest.Adapter, Version=10.0.0.0, Culture=neutral, PublicKeyToken=b03f5f7f11d50a3a" className="General.TestFiltroSiCoI, TestViaticos, Version=1.0.0.0, Culture=neutral, PublicKeyToken=null" name="al_buscar_por_nombre_de_numero_de_documento_y_fechas_desde_y_hasta_y_extracto_de_un_documento_debe_traer_todos_los_documentos_que_cumplen_con_ello" />
    </UnitTest>
    <UnitTest name="no_se_puede_solicitar_el_área_superior_del_área_maxima_sino_que_debería_dar_una_excepción" storage="c:\repositorios\fernandoassembla\sistemaweb\testviaticos\bin\debug\testviaticos.dll" id="086213ff-7e23-a50c-0de2-c7f0fd67fbca">
      <Execution id="47681ab7-2143-4843-8338-565324bea968" />
      <TestMethod codeBase="C:/Repositorios/FernandoAssembla/SistemaWeb/TestViaticos/bin/Debug/TestViaticos.DLL" adapterTypeName="Microsoft.VisualStudio.TestTools.TestTypes.Unit.UnitTestAdapter, Microsoft.VisualStudio.QualityTools.Tips.UnitTest.Adapter, Version=10.0.0.0, Culture=neutral, PublicKeyToken=b03f5f7f11d50a3a" className="TestViaticos.TestOrganigrama, TestViaticos, Version=1.0.0.0, Culture=neutral, PublicKeyToken=null" name="no_se_puede_solicitar_el_área_superior_del_área_maxima_sino_que_debería_dar_una_excepción" />
    </UnitTest>
    <UnitTest name="fabian_deberia_tener_acceso_a_viaticos_y_a_documentos" storage="c:\repositorios\fernandoassembla\sistemaweb\testviaticos\bin\debug\testviaticos.dll" id="abcb6bdb-8479-892d-4456-095226c976bc">
      <Execution id="339ed89a-10ac-40ff-91a7-ca98d8a0b417" />
      <TestMethod codeBase="C:/Repositorios/FernandoAssembla/SistemaWeb/TestViaticos/bin/Debug/TestViaticos.DLL" adapterTypeName="Microsoft.VisualStudio.TestTools.TestTypes.Unit.UnitTestAdapter, Microsoft.VisualStudio.QualityTools.Tips.UnitTest.Adapter, Version=10.0.0.0, Culture=neutral, PublicKeyToken=b03f5f7f11d50a3a" className="TestViaticos.TestRepositorioUsuarios, TestViaticos, Version=1.0.0.0, Culture=neutral, PublicKeyToken=null" name="fabian_deberia_tener_acceso_a_viaticos_y_a_documentos" />
    </UnitTest>
    <UnitTest name="fabian_deberia_tener_solo_un_area_con_un_asistente" storage="c:\repositorios\fernandoassembla\sistemaweb\testviaticos\bin\debug\testviaticos.dll" id="2c561612-6ace-d4f5-3ea0-2b63589d272c">
      <Execution id="ec66eea4-631a-4828-84cb-bb5bc9dccaf6" />
      <TestMethod codeBase="C:/Repositorios/FernandoAssembla/SistemaWeb/TestViaticos/bin/Debug/TestViaticos.DLL" adapterTypeName="Microsoft.VisualStudio.TestTools.TestTypes.Unit.UnitTestAdapter, Microsoft.VisualStudio.QualityTools.Tips.UnitTest.Adapter, Version=10.0.0.0, Culture=neutral, PublicKeyToken=b03f5f7f11d50a3a" className="TestViaticos.TestRepositorioUsuarios, TestViaticos, Version=1.0.0.0, Culture=neutral, PublicKeyToken=null" name="fabian_deberia_tener_solo_un_area_con_un_asistente" />
    </UnitTest>
    <UnitTest name="Un_organigrama_deberia_poder_decirme_todas_las_areas_que_posee" storage="c:\repositorios\fernandoassembla\sistemaweb\testviaticos\bin\debug\testviaticos.dll" id="bb2112d4-68ef-15b6-48ec-73b20e57caa9">
      <Execution id="3692ecc8-3e68-4eff-a332-f2123d925420" />
      <TestMethod codeBase="C:/Repositorios/FernandoAssembla/SistemaWeb/TestViaticos/bin/Debug/TestViaticos.DLL" adapterTypeName="Microsoft.VisualStudio.TestTools.TestTypes.Unit.UnitTestAdapter, Microsoft.VisualStudio.QualityTools.Tips.UnitTest.Adapter, Version=10.0.0.0, Culture=neutral, PublicKeyToken=b03f5f7f11d50a3a" className="TestViaticos.TestOrganigrama, TestViaticos, Version=1.0.0.0, Culture=neutral, PublicKeyToken=null" name="Un_organigrama_deberia_poder_decirme_todas_las_areas_que_posee" />
    </UnitTest>
    <UnitTest name="fabian_deberia_tener_solo_acceso_a_viaticos" storage="c:\repositorios\fernandoassembla\sistemaweb\testviaticos\bin\debug\testviaticos.dll" id="2eba2d30-d0c9-d10d-cb9f-e198704cb8fa">
      <Execution id="2f438de6-a10b-4a56-8641-832eab346f49" />
      <TestMethod codeBase="C:/Repositorios/FernandoAssembla/SistemaWeb/TestViaticos/bin/Debug/TestViaticos.DLL" adapterTypeName="Microsoft.VisualStudio.TestTools.TestTypes.Unit.UnitTestAdapter, Microsoft.VisualStudio.QualityTools.Tips.UnitTest.Adapter, Version=10.0.0.0, Culture=neutral, PublicKeyToken=b03f5f7f11d50a3a" className="TestViaticos.TestRepositorioUsuarios, TestViaticos, Version=1.0.0.0, Culture=neutral, PublicKeyToken=null" name="fabian_deberia_tener_solo_acceso_a_viaticos" />
    </UnitTest>
    <UnitTest name="deberia_traer_viaticos_de_la_provincia_SALTA_y_CORDOBA_en_el_periodo_011012_261012" storage="c:\repositorios\fernandoassembla\sistemaweb\testviaticos\bin\debug\testviaticos.dll" id="999cd32d-d69f-3834-8d48-f15d37fd5243">
      <Execution id="f5489b73-6cce-4a71-a62c-6c1396053e46" />
      <TestMethod codeBase="C:/Repositorios/FernandoAssembla/SistemaWeb/TestViaticos/bin/Debug/TestViaticos.DLL" adapterTypeName="Microsoft.VisualStudio.TestTools.TestTypes.Unit.UnitTestAdapter, Microsoft.VisualStudio.QualityTools.Tips.UnitTest.Adapter, Version=10.0.0.0, Culture=neutral, PublicKeyToken=b03f5f7f11d50a3a" className="TestViaticos.TestConsultas, TestViaticos, Version=1.0.0.0, Culture=neutral, PublicKeyToken=null" name="deberia_traer_viaticos_de_la_provincia_SALTA_y_CORDOBA_en_el_periodo_011012_261012" />
    </UnitTest>
    <UnitTest name="deberia_poder_tener_un_null_como_primer_valor_de_una_columna" storage="c:\repositorios\fernandoassembla\sistemaweb\testviaticos\bin\debug\testviaticos.dll" id="37d066c6-a6d7-b11a-9516-f3f197d5e44d">
      <Execution id="afc11307-978e-4add-8377-8d4678fd64b2" />
      <TestMethod codeBase="C:/Repositorios/FernandoAssembla/SistemaWeb/TestViaticos/bin/Debug/TestViaticos.DLL" adapterTypeName="Microsoft.VisualStudio.TestTools.TestTypes.Unit.UnitTestAdapter, Microsoft.VisualStudio.QualityTools.Tips.UnitTest.Adapter, Version=10.0.0.0, Culture=neutral, PublicKeyToken=b03f5f7f11d50a3a" className="TestViaticos.TestTablasFake, TestViaticos, Version=1.0.0.0, Culture=neutral, PublicKeyToken=null" name="deberia_poder_tener_un_null_como_primer_valor_de_una_columna" />
    </UnitTest>
    <UnitTest name="al_buscar_por_el_area_del_usuario_logueado_debe_traer_todos_los_documentos_que_aun_son_responsabilidad_de_dicha_area" storage="c:\repositorios\fernandoassembla\sistemaweb\testviaticos\bin\debug\testviaticos.dll" id="a783754e-a02b-a257-f4ac-f48395928085">
      <Execution id="13c968d4-0f74-4edb-b223-548df2a87278" />
      <TestMethod codeBase="C:/Repositorios/FernandoAssembla/SistemaWeb/TestViaticos/bin/Debug/TestViaticos.DLL" adapterTypeName="Microsoft.VisualStudio.TestTools.TestTypes.Unit.UnitTestAdapter, Microsoft.VisualStudio.QualityTools.Tips.UnitTest.Adapter, Version=10.0.0.0, Culture=neutral, PublicKeyToken=b03f5f7f11d50a3a" className="General.TestFiltroSiCoI, TestViaticos, Version=1.0.0.0, Culture=neutral, PublicKeyToken=null" name="al_buscar_por_el_area_del_usuario_logueado_debe_traer_todos_los_documentos_que_aun_son_responsabilidad_de_dicha_area" />
    </UnitTest>
    <UnitTest name="no_deberia_permitir_pasarse_de_z" storage="c:\repositorios\fernandoassembla\sistemaweb\testviaticos\bin\debug\testviaticos.dll" id="6a69abda-dfaa-a679-b661-02cd5293c0bd">
      <Execution id="63d4fb96-94f4-4c38-9495-5f84ea12ffb7" />
      <TestMethod codeBase="C:/Repositorios/FernandoAssembla/SistemaWeb/TestViaticos/bin/Debug/TestViaticos.DLL" adapterTypeName="Microsoft.VisualStudio.TestTools.TestTypes.Unit.UnitTestAdapter, Microsoft.VisualStudio.QualityTools.Tips.UnitTest.Adapter, Version=10.0.0.0, Culture=neutral, PublicKeyToken=b03f5f7f11d50a3a" className="Tests.CodigoTareaTest, TestViaticos, Version=1.0.0.0, Culture=neutral, PublicKeyToken=null" name="no_deberia_permitir_pasarse_de_z" />
    </UnitTest>
    <UnitTest name="al_transicionar_desde_otra_area_genera_2_transiciones" storage="c:\repositorios\fernandoassembla\sistemaweb\testviaticos\bin\debug\testviaticos.dll" id="f1682d17-f3d2-e7a6-602e-a5fe64b0b83a">
      <Execution id="73d3c5da-9ff8-48ff-a279-82442cdca49c" />
      <TestMethod codeBase="C:/Repositorios/FernandoAssembla/SistemaWeb/TestViaticos/bin/Debug/TestViaticos.DLL" adapterTypeName="Microsoft.VisualStudio.TestTools.TestTypes.Unit.UnitTestAdapter, Microsoft.VisualStudio.QualityTools.Tips.UnitTest.Adapter, Version=10.0.0.0, Culture=neutral, PublicKeyToken=b03f5f7f11d50a3a" className="TestViaticos.TestMensajeria, TestViaticos, Version=1.0.0.0, Culture=neutral, PublicKeyToken=null" name="al_transicionar_desde_otra_area_genera_2_transiciones" />
    </UnitTest>
    <UnitTest name="al_buscar_por_un_tipo_de_documento_debe_traer_todos_los_documentos_que_cumplen_con_ello" storage="c:\repositorios\fernandoassembla\sistemaweb\testviaticos\bin\debug\testviaticos.dll" id="fc3e1a26-3625-7f18-819c-6724010eb1dd">
      <Execution id="ff67b40f-cf19-40f7-99bc-fb7584e290e5" />
      <TestMethod codeBase="C:/Repositorios/FernandoAssembla/SistemaWeb/TestViaticos/bin/Debug/TestViaticos.DLL" adapterTypeName="Microsoft.VisualStudio.TestTools.TestTypes.Unit.UnitTestAdapter, Microsoft.VisualStudio.QualityTools.Tips.UnitTest.Adapter, Version=10.0.0.0, Culture=neutral, PublicKeyToken=b03f5f7f11d50a3a" className="General.TestFiltroSiCoI, TestViaticos, Version=1.0.0.0, Culture=neutral, PublicKeyToken=null" name="al_buscar_por_un_tipo_de_documento_debe_traer_todos_los_documentos_que_cumplen_con_ello" />
    </UnitTest>
    <UnitTest name="al_buscar_en_una_lista_de_áreas_una_dirección_devuelve_todos_las_áreas_cuyo_domicilio_contiene_el_texto_buscado" storage="c:\repositorios\fernandoassembla\sistemaweb\testviaticos\bin\debug\testviaticos.dll" id="696fca9c-b0b6-7ef6-000f-fc7546a49832">
      <Execution id="c32386bc-21c7-4833-9947-5cc409c02c97" />
      <TestMethod codeBase="C:/Repositorios/FernandoAssembla/SistemaWeb/TestViaticos/bin/Debug/TestViaticos.DLL" adapterTypeName="Microsoft.VisualStudio.TestTools.TestTypes.Unit.UnitTestAdapter, Microsoft.VisualStudio.QualityTools.Tips.UnitTest.Adapter, Version=10.0.0.0, Culture=neutral, PublicKeyToken=b03f5f7f11d50a3a" className="General.TestProtocolo, TestViaticos, Version=1.0.0.0, Culture=neutral, PublicKeyToken=null" name="al_buscar_en_una_lista_de_áreas_una_dirección_devuelve_todos_las_áreas_cuyo_domicilio_contiene_el_texto_buscado" />
    </UnitTest>
    <UnitTest name="se_le_deberia_poder_pedir_a_un_area_su_nombre_completo_con_el_alias" storage="c:\repositorios\fernandoassembla\sistemaweb\testviaticos\bin\debug\testviaticos.dll" id="2665ec77-f2c4-3c27-e75d-93d1cb83ce92">
      <Execution id="d6299148-07ac-4532-bb2d-4aaf5d17f039" />
      <TestMethod codeBase="C:/Repositorios/FernandoAssembla/SistemaWeb/TestViaticos/bin/Debug/TestViaticos.DLL" adapterTypeName="Microsoft.VisualStudio.TestTools.TestTypes.Unit.UnitTestAdapter, Microsoft.VisualStudio.QualityTools.Tips.UnitTest.Adapter, Version=10.0.0.0, Culture=neutral, PublicKeyToken=b03f5f7f11d50a3a" className="TestViaticos.TestRepositorioAreas, TestViaticos, Version=1.0.0.0, Culture=neutral, PublicKeyToken=null" name="se_le_deberia_poder_pedir_a_un_area_su_nombre_completo_con_el_alias" />
    </UnitTest>
  </TestDefinitions>
  <TestLists>
    <TestList name="Resultados que no están en la lista" id="8c84fa94-04c1-424b-9868-57a2d4851a1d" />
    <TestList name="Todos los resultados cargados" id="19431567-8539-422a-85d7-44ee4e166bda" />
  </TestLists>
  <TestEntries>
    <TestEntry testId="002cf2ca-edf2-8bcf-43d5-0c3f0f84c4f5" executionId="9bfa902f-7a32-467f-94e0-b6c13800ecda" testListId="8c84fa94-04c1-424b-9868-57a2d4851a1d" />
    <TestEntry testId="02698425-13df-8609-0cad-f65978180f81" executionId="43f86633-f4e4-4379-9b5d-fcf82f831c6e" testListId="8c84fa94-04c1-424b-9868-57a2d4851a1d" />
    <TestEntry testId="03a6a885-b427-a1c0-9f18-eab8c39d83dc" executionId="64119f7c-de18-45c9-84e2-8be6a8426b19" testListId="8c84fa94-04c1-424b-9868-57a2d4851a1d" />
    <TestEntry testId="043dc452-5b80-2a1c-5140-d90d565722bc" executionId="3c2c13a0-6e9d-4140-9f62-d4ee0cf56b41" testListId="8c84fa94-04c1-424b-9868-57a2d4851a1d" />
    <TestEntry testId="06dca5fe-5ce6-35f4-b6c7-96dea566a67f" executionId="3e17c9b0-506a-4d9a-8d28-022509de441f" testListId="8c84fa94-04c1-424b-9868-57a2d4851a1d" />
    <TestEntry testId="07c6ae9a-6a82-fa4b-680a-96e32253ef51" executionId="9006f4fb-0426-408f-a53f-644446222518" testListId="8c84fa94-04c1-424b-9868-57a2d4851a1d" />
    <TestEntry testId="086213ff-7e23-a50c-0de2-c7f0fd67fbca" executionId="47681ab7-2143-4843-8338-565324bea968" testListId="8c84fa94-04c1-424b-9868-57a2d4851a1d" />
    <TestEntry testId="18a1cd9e-1ae4-3656-14a0-ac543707a055" executionId="8f7a827d-b8ce-465b-b8f6-672c2ac2243a" testListId="8c84fa94-04c1-424b-9868-57a2d4851a1d" />
    <TestEntry testId="1b646755-e25c-9dea-839f-b5f817062984" executionId="3e82a503-6a84-413a-9168-9a7f7bfc3d3d" testListId="8c84fa94-04c1-424b-9868-57a2d4851a1d" />
    <TestEntry testId="1bbef477-4f31-cfec-a6a8-6e1b0892c5f9" executionId="17c018c2-204b-4408-a2fa-d74f0e85adb8" testListId="8c84fa94-04c1-424b-9868-57a2d4851a1d" />
    <TestEntry testId="1f3c9d7b-63ee-b9a1-f8d0-46e85a0a6255" executionId="212347f3-53da-4179-9d08-b5d62f8f2746" testListId="8c84fa94-04c1-424b-9868-57a2d4851a1d" />
    <TestEntry testId="219a2093-b6f2-f229-ae69-0108da5c2d8d" executionId="9f46c1ca-68c9-40a8-9cab-099d833ae498" testListId="8c84fa94-04c1-424b-9868-57a2d4851a1d" />
    <TestEntry testId="225e3e53-1987-0065-f209-06ded52d42cd" executionId="6d3ff567-2bee-40c4-a790-abdcaa503c92" testListId="8c84fa94-04c1-424b-9868-57a2d4851a1d" />
    <TestEntry testId="22fef842-2be2-549e-28ca-decc4b2f83c4" executionId="7a17774f-ff30-40f2-bc3c-720692ebfac3" testListId="8c84fa94-04c1-424b-9868-57a2d4851a1d" />
    <TestEntry testId="25415686-6584-7e2c-956a-c8ad4a11141c" executionId="66532c9c-d310-425f-8dd6-e618ced01d7e" testListId="8c84fa94-04c1-424b-9868-57a2d4851a1d" />
    <TestEntry testId="2665ec77-f2c4-3c27-e75d-93d1cb83ce92" executionId="d6299148-07ac-4532-bb2d-4aaf5d17f039" testListId="8c84fa94-04c1-424b-9868-57a2d4851a1d" />
    <TestEntry testId="27563a31-6c9c-c1b2-7c6f-cfbc88311e88" executionId="296df5e4-5e0b-4b56-94b2-abeb4a17dfa3" testListId="8c84fa94-04c1-424b-9868-57a2d4851a1d" />
    <TestEntry testId="27e6cdd1-0452-1cb1-16c4-7576bb6d0538" executionId="7af690bb-3b06-484a-bb6e-a06b24dc7730" testListId="8c84fa94-04c1-424b-9868-57a2d4851a1d" />
    <TestEntry testId="28a4ad86-b0f5-734b-2ffb-1771c0cae12f" executionId="a3cbf747-5f39-4f8c-af34-b6c29464f3fa" testListId="8c84fa94-04c1-424b-9868-57a2d4851a1d" />
    <TestEntry testId="2a085327-6b89-00de-3f93-60ecccb235b6" executionId="2605f678-b84d-484b-8d9a-cf8b907bc20f" testListId="8c84fa94-04c1-424b-9868-57a2d4851a1d" />
    <TestEntry testId="2ba1906f-7dc1-cbb6-5d44-2eaa074ee001" executionId="7145ccf2-fa9a-4dc0-aab2-f26a55de049e" testListId="8c84fa94-04c1-424b-9868-57a2d4851a1d" />
    <TestEntry testId="2c561612-6ace-d4f5-3ea0-2b63589d272c" executionId="ec66eea4-631a-4828-84cb-bb5bc9dccaf6" testListId="8c84fa94-04c1-424b-9868-57a2d4851a1d" />
    <TestEntry testId="2d0a6e94-8989-8cc3-e286-44dd8a2f688e" executionId="98221a23-a4f0-4a14-92a6-ec10219099bc" testListId="8c84fa94-04c1-424b-9868-57a2d4851a1d" />
    <TestEntry testId="2ddded08-79a3-ad3a-b587-dfc68dd5b5f5" executionId="22b1321c-6dc5-483d-978c-01807bfe25c7" testListId="8c84fa94-04c1-424b-9868-57a2d4851a1d" />
    <TestEntry testId="2eba2d30-d0c9-d10d-cb9f-e198704cb8fa" executionId="2f438de6-a10b-4a56-8641-832eab346f49" testListId="8c84fa94-04c1-424b-9868-57a2d4851a1d" />
    <TestEntry testId="33728143-431e-2f80-b4cd-e190171f9673" executionId="28e08541-f22e-49a0-af3b-6a3e4945d448" testListId="8c84fa94-04c1-424b-9868-57a2d4851a1d" />
    <TestEntry testId="363f19a2-0f65-4da3-ffe2-9ae3bd940a9f" executionId="3fda3453-71a4-4f84-a3ab-63cf2ab73887" testListId="8c84fa94-04c1-424b-9868-57a2d4851a1d" />
    <TestEntry testId="3667ca38-1ee0-0f59-2de9-55990d91ad13" executionId="e9a4254e-df72-490d-923a-802817b13d3a" testListId="8c84fa94-04c1-424b-9868-57a2d4851a1d" />
    <TestEntry testId="37d066c6-a6d7-b11a-9516-f3f197d5e44d" executionId="afc11307-978e-4add-8377-8d4678fd64b2" testListId="8c84fa94-04c1-424b-9868-57a2d4851a1d" />
    <TestEntry testId="38a50315-78cc-f677-cc67-a33e14f1587e" executionId="a10488e4-244a-4719-a77a-c746387fdefc" testListId="8c84fa94-04c1-424b-9868-57a2d4851a1d" />
    <TestEntry testId="39ba617e-74b7-ac1c-65b2-4df024e2d4e4" executionId="38d2f998-cb75-4934-ac98-e8252d02812f" testListId="8c84fa94-04c1-424b-9868-57a2d4851a1d" />
    <TestEntry testId="3c877ef7-ef07-0820-9e58-ae76fdaedfb0" executionId="863ea84c-6634-4b7c-a72a-bb05db4c7ba1" testListId="8c84fa94-04c1-424b-9868-57a2d4851a1d" />
    <TestEntry testId="410ae35c-c491-52ff-8ca7-16593197aa91" executionId="12ed25db-7574-4b11-b57f-0a1aea9cc20a" testListId="8c84fa94-04c1-424b-9868-57a2d4851a1d" />
    <TestEntry testId="42e7e5a9-27d6-1424-520a-64446a479ac2" executionId="9f6f24a9-ee9d-40b0-95be-23d5552005dc" testListId="8c84fa94-04c1-424b-9868-57a2d4851a1d" />
    <TestEntry testId="43bddf17-fba3-4d54-a157-cfcf7797ee39" executionId="419c5f21-54c5-4698-92b1-482eaf1398d6" testListId="8c84fa94-04c1-424b-9868-57a2d4851a1d" />
    <TestEntry testId="43da4eae-d92c-9ac3-0f26-5e5600a67e90" executionId="52cc1984-9a0f-4cb6-bc18-e6660fa3b945" testListId="8c84fa94-04c1-424b-9868-57a2d4851a1d" />
    <TestEntry testId="44b05242-b475-4635-6cec-78ec052b2688" executionId="d7e6db6c-a7ef-430c-9732-6c60d8858e3e" testListId="8c84fa94-04c1-424b-9868-57a2d4851a1d" />
    <TestEntry testId="46d9bce1-2d0e-1aa8-e89e-b40f37783359" executionId="253e6a33-f013-4249-adc6-048d5153d9cd" testListId="8c84fa94-04c1-424b-9868-57a2d4851a1d" />
    <TestEntry testId="477414b1-9ac6-06f2-392d-c549405cd3f3" executionId="ead29c6e-44d1-4eae-9de6-c4b149c3a305" testListId="8c84fa94-04c1-424b-9868-57a2d4851a1d" />
    <TestEntry testId="4793d588-4a8f-7915-87f2-c97c11507ad4" executionId="b2b3b2d4-041a-4d7b-b3e9-b4aaedc9f081" testListId="8c84fa94-04c1-424b-9868-57a2d4851a1d" />
    <TestEntry testId="4a850093-e479-3127-1dc5-d67d3a9e4d1b" executionId="6ffca869-95f0-4242-826b-52599848d3fa" testListId="8c84fa94-04c1-424b-9868-57a2d4851a1d" />
    <TestEntry testId="4bc081ab-bd87-c7e6-2e9a-ea9029e80e8b" executionId="189e56cb-3815-4d01-9152-b5b4bf656df3" testListId="8c84fa94-04c1-424b-9868-57a2d4851a1d" />
    <TestEntry testId="5188b3d7-a77a-3054-7bc5-b06591dc325c" executionId="60f5158a-a5b4-46bd-a889-f851bf5a22b6" testListId="8c84fa94-04c1-424b-9868-57a2d4851a1d" />
    <TestEntry testId="53e1544f-a9d2-75aa-fac6-a61041be5fb7" executionId="1e72a38e-3ae7-40b7-a10e-f2c42fcb022c" testListId="8c84fa94-04c1-424b-9868-57a2d4851a1d" />
    <TestEntry testId="57d98f0d-6038-69c7-9b96-75f22dd0e9dd" executionId="30abf8e6-e152-4f97-9c46-050104cbc313" testListId="8c84fa94-04c1-424b-9868-57a2d4851a1d" />
    <TestEntry testId="59ff1f84-feae-06d2-b4cb-39b785e26703" executionId="39513c12-0437-465a-ae45-c5e458839ac7" testListId="8c84fa94-04c1-424b-9868-57a2d4851a1d" />
    <TestEntry testId="5b690971-fd71-4f11-40a9-1c85ffb21c38" executionId="356d261c-4182-4fa0-850f-f1595af21668" testListId="8c84fa94-04c1-424b-9868-57a2d4851a1d" />
    <TestEntry testId="5d6cb36d-d345-b7c7-27f1-f7052ce8d166" executionId="12a28346-f1dd-4ca7-87c9-47c291015bfb" testListId="8c84fa94-04c1-424b-9868-57a2d4851a1d" />
    <TestEntry testId="60936b2d-9f38-488c-d3bd-319a17b5f6ba" executionId="16906c5c-6c1b-47f2-b810-b29cdb2d5bef" testListId="8c84fa94-04c1-424b-9868-57a2d4851a1d" />
    <TestEntry testId="60b34790-3c9e-803c-efa2-bf0100cd18fd" executionId="aa640ee7-7b4b-4308-a386-8ac857b1da28" testListId="8c84fa94-04c1-424b-9868-57a2d4851a1d" />
    <TestEntry testId="60d191e8-f802-0c16-9722-35844f243666" executionId="1f9309b9-d708-4ec2-961d-f401441efd40" testListId="8c84fa94-04c1-424b-9868-57a2d4851a1d" />
    <TestEntry testId="6325cb50-8252-7333-a10e-129eb61d4a7d" executionId="467a0282-d233-4459-afc6-2764a86f1d6c" testListId="8c84fa94-04c1-424b-9868-57a2d4851a1d" />
    <TestEntry testId="64afcefc-8af6-fc70-4ea7-766fc65f6c46" executionId="55a56116-0e45-48a6-bbba-54868b8601ec" testListId="8c84fa94-04c1-424b-9868-57a2d4851a1d" />
    <TestEntry testId="6892221f-5432-520c-a667-6f10f84f4898" executionId="ce6044f9-fabb-4c88-b008-dd5d3aa1ccc8" testListId="8c84fa94-04c1-424b-9868-57a2d4851a1d" />
    <TestEntry testId="68c724fc-1912-d9ac-d786-b1e6bb6c0994" executionId="e4a58237-7ab5-4c8f-9d42-4d3b24ec84c4" testListId="8c84fa94-04c1-424b-9868-57a2d4851a1d" />
    <TestEntry testId="696fca9c-b0b6-7ef6-000f-fc7546a49832" executionId="c32386bc-21c7-4833-9947-5cc409c02c97" testListId="8c84fa94-04c1-424b-9868-57a2d4851a1d" />
    <TestEntry testId="6a69abda-dfaa-a679-b661-02cd5293c0bd" executionId="63d4fb96-94f4-4c38-9495-5f84ea12ffb7" testListId="8c84fa94-04c1-424b-9868-57a2d4851a1d" />
    <TestEntry testId="6e2099d5-ff03-21ed-7c09-0bc58519434c" executionId="80824fd9-a68f-428f-bbb3-3d8b9807c721" testListId="8c84fa94-04c1-424b-9868-57a2d4851a1d" />
    <TestEntry testId="6f525a40-dadd-7cc4-eb37-95f1d91a14c9" executionId="bd099b00-baa9-4ef4-8457-f547a71f2dc7" testListId="8c84fa94-04c1-424b-9868-57a2d4851a1d" />
    <TestEntry testId="71dbce06-b24d-82d9-d3a9-b8664de5dbbb" executionId="f201ef25-65fd-48f8-b40a-80a851e95c7c" testListId="8c84fa94-04c1-424b-9868-57a2d4851a1d" />
    <TestEntry testId="72c59001-deaf-0f88-ce47-97c9b2e78292" executionId="89631062-3814-4bd3-a3a3-716b1d5b7b59" testListId="8c84fa94-04c1-424b-9868-57a2d4851a1d" />
    <TestEntry testId="73696332-8582-b3f8-3487-a0e8978d60e1" executionId="68455012-ca07-4b2d-b0b4-edf3156a87dc" testListId="8c84fa94-04c1-424b-9868-57a2d4851a1d" />
    <TestEntry testId="74b1b58c-e814-5670-35a0-d1446a9967fd" executionId="07218f34-6434-4da9-b63f-251a6179588e" testListId="8c84fa94-04c1-424b-9868-57a2d4851a1d" />
    <TestEntry testId="751e279c-34dc-9434-036d-cf7c6e4fd783" executionId="c5afad28-5bfa-49e3-b482-f2060ce07ffe" testListId="8c84fa94-04c1-424b-9868-57a2d4851a1d" />
    <TestEntry testId="757e1e4a-ca0e-7dc8-c1f0-7e6c91ba8ea0" executionId="8ab82d63-9c6a-4c25-a51e-96ddcc00aad7" testListId="8c84fa94-04c1-424b-9868-57a2d4851a1d" />
    <TestEntry testId="76c47d34-63a4-0479-90e7-a8d089e0dd93" executionId="a8608b46-d7c5-4ea9-b12c-f45d1cdcd71b" testListId="8c84fa94-04c1-424b-9868-57a2d4851a1d" />
    <TestEntry testId="77c82c9f-520d-04a5-8c33-19a0d6332eaa" executionId="230d1d9e-0ee1-49b4-9783-282c19f65f29" testListId="8c84fa94-04c1-424b-9868-57a2d4851a1d" />
    <TestEntry testId="78a9f8b3-1879-e741-9ade-1dee019c141b" executionId="2d44978b-457b-4933-b3ea-598b36ff4dc3" testListId="8c84fa94-04c1-424b-9868-57a2d4851a1d" />
    <TestEntry testId="79a63e0f-ba0e-a5dc-0d5c-dc38d27e7aa1" executionId="f555ed4b-9213-47ab-a397-135b39f5dba0" testListId="8c84fa94-04c1-424b-9868-57a2d4851a1d" />
    <TestEntry testId="7a945366-5dc8-bde8-17f1-4ebf2f832448" executionId="c093a15a-0335-4ce2-bd90-bb6463fe5352" testListId="8c84fa94-04c1-424b-9868-57a2d4851a1d" />
    <TestEntry testId="7b7bd90a-9390-9d92-5600-532eb0a44a2a" executionId="9b04621a-2084-43bd-a9e9-2454ea01d863" testListId="8c84fa94-04c1-424b-9868-57a2d4851a1d" />
    <TestEntry testId="82c21a02-0eaa-b33b-6618-e225964dbef2" executionId="a60d4b10-bb89-47ad-94d8-b534f722dff0" testListId="8c84fa94-04c1-424b-9868-57a2d4851a1d" />
    <TestEntry testId="82d93e8f-20e5-8c41-b9f1-1d42beccc7c0" executionId="c795332e-0a8e-4daa-bd1e-b32815dee446" testListId="8c84fa94-04c1-424b-9868-57a2d4851a1d" />
    <TestEntry testId="8464698d-61d5-d408-819d-53311ef832f8" executionId="065cc0b4-4fbf-4c19-bcf7-041e1f197401" testListId="8c84fa94-04c1-424b-9868-57a2d4851a1d" />
    <TestEntry testId="88eff91e-3ca2-b202-c4d3-20146aaa990f" executionId="0254d7eb-02ad-4b6b-ab49-f3ae57d5b3f7" testListId="8c84fa94-04c1-424b-9868-57a2d4851a1d" />
    <TestEntry testId="8c631ab0-9081-f239-8e5b-8f0f7f274cb2" executionId="5aeb2f2e-0a56-4e1d-a39b-8fd25bf449db" testListId="8c84fa94-04c1-424b-9868-57a2d4851a1d" />
    <TestEntry testId="8d450b91-f2a6-e64d-c4a7-eee63e8851da" executionId="5a684865-65b5-4bdf-807d-26c8062d9271" testListId="8c84fa94-04c1-424b-9868-57a2d4851a1d" />
    <TestEntry testId="8e8c4b00-453c-ac9a-23f7-d441cdf71296" executionId="9c572b35-e304-4ea6-8dc5-71b9f43500eb" testListId="8c84fa94-04c1-424b-9868-57a2d4851a1d" />
    <TestEntry testId="8f23a447-15d5-92c8-a4fb-7722c21b1c07" executionId="e3868905-32ca-4aed-9525-f8dcc32f9851" testListId="8c84fa94-04c1-424b-9868-57a2d4851a1d" />
    <TestEntry testId="91497819-ba2a-f2e9-9418-b935f4653def" executionId="393c3a0f-93f7-46bc-99b0-0b6eb022814a" testListId="8c84fa94-04c1-424b-9868-57a2d4851a1d" />
    <TestEntry testId="94211d25-4f01-6a4f-21c4-290dd165eb14" executionId="23c65fc2-c71e-480c-bdea-3f6ee62197b5" testListId="8c84fa94-04c1-424b-9868-57a2d4851a1d" />
    <TestEntry testId="96fb1f26-cf56-3c03-ade6-884985acd8d7" executionId="98fe22e8-4d1c-4db5-80db-48e7bae10b6c" testListId="8c84fa94-04c1-424b-9868-57a2d4851a1d" />
    <TestEntry testId="98d79b4f-0fef-791a-b39b-89c03b95d3e3" executionId="de06d39d-a28f-40e9-ad16-efce5ae71f5e" testListId="8c84fa94-04c1-424b-9868-57a2d4851a1d" />
    <TestEntry testId="999cd32d-d69f-3834-8d48-f15d37fd5243" executionId="f5489b73-6cce-4a71-a62c-6c1396053e46" testListId="8c84fa94-04c1-424b-9868-57a2d4851a1d" />
    <TestEntry testId="9f7c8e27-eadb-ceef-1191-65859b891fab" executionId="8aaae1c8-fad0-4288-8c09-d3dc073635e3" testListId="8c84fa94-04c1-424b-9868-57a2d4851a1d" />
    <TestEntry testId="a44cf039-3a08-31a6-19c4-66a5660ef220" executionId="45261d5d-a2e6-4207-9f93-95f60bb65e64" testListId="8c84fa94-04c1-424b-9868-57a2d4851a1d" />
    <TestEntry testId="a783754e-a02b-a257-f4ac-f48395928085" executionId="13c968d4-0f74-4edb-b223-548df2a87278" testListId="8c84fa94-04c1-424b-9868-57a2d4851a1d" />
    <TestEntry testId="a8bf43a7-c593-21c5-b353-6a677fedb6e1" executionId="589328d0-f38a-44f8-bb4d-8ed9a3caaccb" testListId="8c84fa94-04c1-424b-9868-57a2d4851a1d" />
    <TestEntry testId="a91c3d07-7c7d-1fe6-99ad-80e4a1548474" executionId="25d05860-48af-49c3-a7c3-fbea5746b495" testListId="8c84fa94-04c1-424b-9868-57a2d4851a1d" />
    <TestEntry testId="abcb6bdb-8479-892d-4456-095226c976bc" executionId="339ed89a-10ac-40ff-91a7-ca98d8a0b417" testListId="8c84fa94-04c1-424b-9868-57a2d4851a1d" />
    <TestEntry testId="b0dad42f-cacf-b7c8-3bc2-1641e13c9caa" executionId="220fa2e1-ae27-4e50-8e9d-df0b90670376" testListId="8c84fa94-04c1-424b-9868-57a2d4851a1d" />
    <TestEntry testId="b8bd6fa3-7b0e-dbc4-d1ea-17a66d88e614" executionId="5397bcf5-57a4-43cd-9328-fc6aea40593c" testListId="8c84fa94-04c1-424b-9868-57a2d4851a1d" />
    <TestEntry testId="bb2112d4-68ef-15b6-48ec-73b20e57caa9" executionId="3692ecc8-3e68-4eff-a332-f2123d925420" testListId="8c84fa94-04c1-424b-9868-57a2d4851a1d" />
    <TestEntry testId="bb2f1794-72bc-c3ce-3c94-a7e6c21d4812" executionId="3ca835ed-dd11-4954-bb52-1e1bd3591916" testListId="8c84fa94-04c1-424b-9868-57a2d4851a1d" />
    <TestEntry testId="bb759e7e-2161-1c79-ee60-b7766df2bd3f" executionId="67d3e918-7e9d-4630-9caf-700cf79b97f3" testListId="8c84fa94-04c1-424b-9868-57a2d4851a1d" />
    <TestEntry testId="bbbb69a9-ef38-b5dc-de66-8e150133f998" executionId="88be2141-4b4b-406e-9715-9d41b8cabe2d" testListId="8c84fa94-04c1-424b-9868-57a2d4851a1d" />
    <TestEntry testId="bf34bac0-1211-e38d-1273-9a3107460eaa" executionId="c1cb5cbe-bdca-40a5-b119-e9a83100f834" testListId="8c84fa94-04c1-424b-9868-57a2d4851a1d" />
    <TestEntry testId="bf3ea6c6-ab88-4696-72a1-f31917a72c6c" executionId="0265d3a4-86dc-4f06-a873-7bd66610ab8b" testListId="8c84fa94-04c1-424b-9868-57a2d4851a1d" />
    <TestEntry testId="c09a892a-1cf8-8734-95e1-5859c143f708" executionId="bd14ef04-5f3c-43c5-8035-746b2d44bbd7" testListId="8c84fa94-04c1-424b-9868-57a2d4851a1d" />
    <TestEntry testId="c2c53443-9c7d-40b6-5a5a-6d158c6cf141" executionId="0d01c07c-5a9f-4632-8a08-528515cc3c1c" testListId="8c84fa94-04c1-424b-9868-57a2d4851a1d" />
    <TestEntry testId="c40af560-ccd4-15d1-681a-d268a1e88a1c" executionId="7e8fd78b-bba4-4404-bdfb-23cf4700a5ab" testListId="8c84fa94-04c1-424b-9868-57a2d4851a1d" />
    <TestEntry testId="c564bf77-b387-e233-53e7-c5c85a463602" executionId="0514ef94-172a-4975-87aa-4716ea50f878" testListId="8c84fa94-04c1-424b-9868-57a2d4851a1d" />
    <TestEntry testId="c5bc7be4-1c6a-1e48-0dbd-f119f73d764c" executionId="76b315d5-7f5b-437f-ad5a-9011a488cabb" testListId="8c84fa94-04c1-424b-9868-57a2d4851a1d" />
    <TestEntry testId="c5cbe3b9-5203-897f-6c97-10b52d6a9698" executionId="5008ab33-b916-449c-a4d7-7b1f9e49373a" testListId="8c84fa94-04c1-424b-9868-57a2d4851a1d" />
    <TestEntry testId="c6c229fe-82f0-9917-4112-b9f4fc6d4ce9" executionId="123ffcba-0460-47e9-baa9-8bcb0f36f9a9" testListId="8c84fa94-04c1-424b-9868-57a2d4851a1d" />
    <TestEntry testId="c8e9fa12-63fb-548e-6319-248eaeb1ba50" executionId="650833c4-24a6-4612-a17e-2167e518f7a4" testListId="8c84fa94-04c1-424b-9868-57a2d4851a1d" />
    <TestEntry testId="c966b980-8b4f-c10a-2879-8a06a8c7add4" executionId="7c00aee5-4a61-456c-b298-fcd3899d4344" testListId="8c84fa94-04c1-424b-9868-57a2d4851a1d" />
    <TestEntry testId="cc560ad4-66d2-6e1b-fa1e-c1f8f0f47258" executionId="5e28adb8-75f7-4f06-b020-a1f5f5022444" testListId="8c84fa94-04c1-424b-9868-57a2d4851a1d" />
    <TestEntry testId="cd0a2e1f-d61d-9cba-b24e-96406e906f5d" executionId="6ed76c87-7cef-4e8f-9bfa-4c877c1cc801" testListId="8c84fa94-04c1-424b-9868-57a2d4851a1d" />
    <TestEntry testId="cd2ddf59-b1d1-4ffd-b77a-55d96a13b533" executionId="31e20616-9016-4a74-b709-1b4a2027f88e" testListId="8c84fa94-04c1-424b-9868-57a2d4851a1d" />
    <TestEntry testId="cecd7ff2-d148-29e8-850a-7574ad3e7580" executionId="d06e5b07-966c-4ff2-94b8-f2d75cca339c" testListId="8c84fa94-04c1-424b-9868-57a2d4851a1d" />
    <TestEntry testId="cff26abc-fddb-ef75-0bf4-49cf50880ca7" executionId="d46d7c53-ec70-46f1-b15c-dedf50ad42f1" testListId="8c84fa94-04c1-424b-9868-57a2d4851a1d" />
    <TestEntry testId="d3eb6b18-b89c-308d-2472-f70947e6c57b" executionId="3e2fb8f8-43f8-41a3-b61b-2ef1ee1778ba" testListId="8c84fa94-04c1-424b-9868-57a2d4851a1d" />
    <TestEntry testId="d4034162-71c0-cb22-9a98-76a42e56e55e" executionId="be698528-d12b-4db1-84f1-4d880816a929" testListId="8c84fa94-04c1-424b-9868-57a2d4851a1d" />
    <TestEntry testId="d5acc190-8ff6-3621-55ca-bde560b60f80" executionId="cc8baf31-6f87-406a-97e5-192d0ed1ea5d" testListId="8c84fa94-04c1-424b-9868-57a2d4851a1d" />
    <TestEntry testId="d7dcf4df-b012-3cb2-f383-e4a465f466d1" executionId="51ee8337-6b61-43f6-9d56-e6bb28fde7c8" testListId="8c84fa94-04c1-424b-9868-57a2d4851a1d" />
    <TestEntry testId="ddde0ed2-12a5-9bf8-2fdd-b32f11508a59" executionId="620be461-e8df-4ffa-9383-46851e915852" testListId="8c84fa94-04c1-424b-9868-57a2d4851a1d" />
    <TestEntry testId="de307af2-1c44-a9c2-0624-80b438a3400b" executionId="31463c17-6dff-4462-83b7-b50bfaec10df" testListId="8c84fa94-04c1-424b-9868-57a2d4851a1d" />
    <TestEntry testId="dfede4a0-4add-37a3-8cce-099c64499527" executionId="e8fd1b73-4136-49c6-afef-53f93add97f3" testListId="8c84fa94-04c1-424b-9868-57a2d4851a1d" />
    <TestEntry testId="e1d67ae5-71d9-5872-41a1-7a2a4d910702" executionId="7e5d6b38-fe97-4885-931a-535a8b7870df" testListId="8c84fa94-04c1-424b-9868-57a2d4851a1d" />
    <TestEntry testId="e22ce867-04ec-cc74-8f00-0fdb0256cb9f" executionId="2595212a-02fb-4748-9909-aba1ea0dad33" testListId="8c84fa94-04c1-424b-9868-57a2d4851a1d" />
    <TestEntry testId="e454c39b-e973-6bea-bc19-3dd352fe2860" executionId="9b5a6767-6839-4c09-b583-867ea7343d46" testListId="8c84fa94-04c1-424b-9868-57a2d4851a1d" />
    <TestEntry testId="e4a0643c-ded2-0a34-7284-5a78ff072139" executionId="502753d1-87b3-49e9-8a0e-895ea2906b7d" testListId="8c84fa94-04c1-424b-9868-57a2d4851a1d" />
    <TestEntry testId="e51e2c6f-d445-6901-d7cc-9c752d9465ed" executionId="264e7fcb-b65f-4720-9265-c964cbd9c7ea" testListId="8c84fa94-04c1-424b-9868-57a2d4851a1d" />
    <TestEntry testId="e599cad1-eda4-094c-45c1-605d2f0e5702" executionId="e46a6d8a-fe7c-45b1-8a3f-6878d4043cc5" testListId="8c84fa94-04c1-424b-9868-57a2d4851a1d" />
    <TestEntry testId="e6bad939-5185-804d-09f5-03d6b8675f35" executionId="9e98635e-17d2-4da6-9ebe-5680c2b83f8f" testListId="8c84fa94-04c1-424b-9868-57a2d4851a1d" />
    <TestEntry testId="e9aa986f-7293-c98f-9d6b-6050f52118de" executionId="cc664c6d-c57f-41cc-8a3f-91bf1608af09" testListId="8c84fa94-04c1-424b-9868-57a2d4851a1d" />
    <TestEntry testId="eaffb742-992c-e34c-dbe5-be3438e36b95" executionId="26950954-6722-4ac3-a1d9-0e4f5a8f80da" testListId="8c84fa94-04c1-424b-9868-57a2d4851a1d" />
    <TestEntry testId="f01f9398-de8a-e114-4944-4c3877e413a9" executionId="1441d12a-2df2-4c7f-a60b-8b03d11fdf1c" testListId="8c84fa94-04c1-424b-9868-57a2d4851a1d" />
    <TestEntry testId="f1682d17-f3d2-e7a6-602e-a5fe64b0b83a" executionId="73d3c5da-9ff8-48ff-a279-82442cdca49c" testListId="8c84fa94-04c1-424b-9868-57a2d4851a1d" />
    <TestEntry testId="f1f50432-1bf0-de96-51bb-b6443df4774c" executionId="8b51bccd-1576-4b7e-8a1f-a45a7be7f30b" testListId="8c84fa94-04c1-424b-9868-57a2d4851a1d" />
    <TestEntry testId="fc3e1a26-3625-7f18-819c-6724010eb1dd" executionId="ff67b40f-cf19-40f7-99bc-fb7584e290e5" testListId="8c84fa94-04c1-424b-9868-57a2d4851a1d" />
    <TestEntry testId="fe21a7fe-170b-9452-5951-05d7fa59464e" executionId="32c462e5-8e88-40ab-927d-fc2f739201ad" testListId="8c84fa94-04c1-424b-9868-57a2d4851a1d" />
    <TestEntry testId="ff5ca805-f71b-e477-63b1-db8e8b29d28e" executionId="3cf4d924-4b99-4305-9794-0620e98131cc" testListId="8c84fa94-04c1-424b-9868-57a2d4851a1d" />
  </TestEntries>
  <Results>
    <UnitTestResult executionId="9bfa902f-7a32-467f-94e0-b6c13800ecda" testId="002cf2ca-edf2-8bcf-43d5-0c3f0f84c4f5" testName="un_deserializador_de_filtros_deberia_poder_desserializar_un_filtro_de_documentos_por_numero_de_ticket" computerName="MDS-RH-0002" duration="00:00:00.1509505" startTime="2013-02-01T19:39:18.1540531-03:00" endTime="2013-02-01T19:39:18.6180995-03:00" testType="13cdc9d9-ddb5-4fa4-a97d-d965ccfc6d4b" outcome="Passed" testListId="8c84fa94-04c1-424b-9868-57a2d4851a1d" relativeResultsDirectory="9bfa902f-7a32-467f-94e0-b6c13800ecda">
    </UnitTestResult>
    <UnitTestResult executionId="43f86633-f4e4-4379-9b5d-fcf82f831c6e" testId="02698425-13df-8609-0cad-f65978180f81" testName="no_se_debe_permitir_crear_un_organigrama_donde_tenga_mas_de_un_area_superior_final" computerName="MDS-RH-0002" duration="00:00:00.0079475" startTime="2013-02-01T19:39:18.6200997-03:00" endTime="2013-02-01T19:39:18.6311008-03:00" testType="13cdc9d9-ddb5-4fa4-a97d-d965ccfc6d4b" outcome="Passed" testListId="8c84fa94-04c1-424b-9868-57a2d4851a1d" relativeResultsDirectory="43f86633-f4e4-4379-9b5d-fcf82f831c6e">
    </UnitTestResult>
    <UnitTestResult executionId="64119f7c-de18-45c9-84e2-8be6a8426b19" testId="03a6a885-b427-a1c0-9f18-eab8c39d83dc" testName="dada_un_area__con_3_asistentes_deberia_obtener_en_una_unica_area_unico_registro_y_los_3_asistentes_incluido_en_el_area" computerName="MDS-RH-0002" duration="00:00:00.0441611" startTime="2013-02-01T19:39:18.6321009-03:00" endTime="2013-02-01T19:39:18.6791056-03:00" testType="13cdc9d9-ddb5-4fa4-a97d-d965ccfc6d4b" outcome="Passed" testListId="8c84fa94-04c1-424b-9868-57a2d4851a1d" relativeResultsDirectory="64119f7c-de18-45c9-84e2-8be6a8426b19">
    </UnitTestResult>
    <UnitTestResult executionId="3c2c13a0-6e9d-4140-9f62-d4ee0cf56b41" testId="043dc452-5b80-2a1c-5140-d90d565722bc" testName="Un_organigrama_deberia_poder_decirme_todas_las_areas_inferiores_a_un_area_dada_con_una_estructura_lineal" computerName="MDS-RH-0002" duration="00:00:00.0020410" startTime="2013-02-01T19:39:18.6811058-03:00" endTime="2013-02-01T19:39:18.6861063-03:00" testType="13cdc9d9-ddb5-4fa4-a97d-d965ccfc6d4b" outcome="Passed" testListId="8c84fa94-04c1-424b-9868-57a2d4851a1d" relativeResultsDirectory="3c2c13a0-6e9d-4140-9f62-d4ee0cf56b41">
    </UnitTestResult>
    <UnitTestResult executionId="3e17c9b0-506a-4d9a-8d28-022509de441f" testId="06dca5fe-5ce6-35f4-b6c7-96dea566a67f" testName="deberia_poder_crear_un_organigrama_lineal_con_cuatro_areas" computerName="MDS-RH-0002" duration="00:00:00.0004731" startTime="2013-02-01T19:39:18.6871064-03:00" endTime="2013-02-01T19:39:18.6901067-03:00" testType="13cdc9d9-ddb5-4fa4-a97d-d965ccfc6d4b" outcome="Passed" testListId="8c84fa94-04c1-424b-9868-57a2d4851a1d" relativeResultsDirectory="3e17c9b0-506a-4d9a-8d28-022509de441f">
    </UnitTestResult>
    <UnitTestResult executionId="9006f4fb-0426-408f-a53f-644446222518" testId="07c6ae9a-6a82-fa4b-680a-96e32253ef51" testName="deberia_poder_conocer_los_dias_de_cursada_de_un_curso_para_un_mes" computerName="MDS-RH-0002" duration="00:00:00.0061077" startTime="2013-02-01T19:39:18.6921069-03:00" endTime="2013-02-01T19:39:18.7001077-03:00" testType="13cdc9d9-ddb5-4fa4-a97d-d965ccfc6d4b" outcome="Passed" testListId="8c84fa94-04c1-424b-9868-57a2d4851a1d" relativeResultsDirectory="9006f4fb-0426-408f-a53f-644446222518">
    </UnitTestResult>
    <UnitTestResult executionId="47681ab7-2143-4843-8338-565324bea968" testId="086213ff-7e23-a50c-0de2-c7f0fd67fbca" testName="no_se_puede_solicitar_el_área_superior_del_área_maxima_sino_que_debería_dar_una_excepción" computerName="MDS-RH-0002" duration="00:00:00.0005809" startTime="2013-02-01T19:39:18.7021079-03:00" endTime="2013-02-01T19:39:18.7051082-03:00" testType="13cdc9d9-ddb5-4fa4-a97d-d965ccfc6d4b" outcome="Passed" testListId="8c84fa94-04c1-424b-9868-57a2d4851a1d" relativeResultsDirectory="47681ab7-2143-4843-8338-565324bea968">
    </UnitTestResult>
    <UnitTestResult executionId="8f7a827d-b8ce-465b-b8f6-672c2ac2243a" testId="18a1cd9e-1ae4-3656-14a0-ac543707a055" testName="deberia_devolver_la_zona_Metro_con_dos_provincias_diferentes" computerName="MDS-RH-0002" duration="00:00:00.0061501" startTime="2013-02-01T19:39:18.7061083-03:00" endTime="2013-02-01T19:39:18.7151092-03:00" testType="13cdc9d9-ddb5-4fa4-a97d-d965ccfc6d4b" outcome="Passed" testListId="8c84fa94-04c1-424b-9868-57a2d4851a1d" relativeResultsDirectory="8f7a827d-b8ce-465b-b8f6-672c2ac2243a">
    </UnitTestResult>
    <UnitTestResult executionId="3e82a503-6a84-413a-9168-9a7f7bfc3d3d" testId="1b646755-e25c-9dea-839f-b5f817062984" testName="deberia_poder_obtener_los_ids_de_las_entidades_seleccionadas" computerName="MDS-RH-0002" duration="00:00:00.0024910" startTime="2013-02-01T19:39:18.7171094-03:00" endTime="2013-02-01T19:39:18.7221099-03:00" testType="13cdc9d9-ddb5-4fa4-a97d-d965ccfc6d4b" outcome="Passed" testListId="8c84fa94-04c1-424b-9868-57a2d4851a1d" relativeResultsDirectory="3e82a503-6a84-413a-9168-9a7f7bfc3d3d">
    </UnitTestResult>
    <UnitTestResult executionId="17c018c2-204b-4408-a2fa-d74f0e85adb8" testId="1bbef477-4f31-cfec-a6a8-6e1b0892c5f9" testName="deberia_devolver_region_METRO_con_BuenosAires_con_una_localidad" computerName="MDS-RH-0002" duration="00:00:00.0022462" startTime="2013-02-01T19:39:18.7231100-03:00" endTime="2013-02-01T19:39:18.7281105-03:00" testType="13cdc9d9-ddb5-4fa4-a97d-d965ccfc6d4b" outcome="Passed" testListId="8c84fa94-04c1-424b-9868-57a2d4851a1d" relativeResultsDirectory="17c018c2-204b-4408-a2fa-d74f0e85adb8">
    </UnitTestResult>
    <UnitTestResult executionId="212347f3-53da-4179-9d08-b5d62f8f2746" testId="1f3c9d7b-63ee-b9a1-f8d0-46e85a0a6255" testName="deberia_poder_obtener_todos_los_tipos_de_documento_con_su_sigla" computerName="MDS-RH-0002" duration="00:00:00.0036983" startTime="2013-02-01T19:39:18.7301107-03:00" endTime="2013-02-01T19:39:18.7371114-03:00" testType="13cdc9d9-ddb5-4fa4-a97d-d965ccfc6d4b" outcome="Passed" testListId="8c84fa94-04c1-424b-9868-57a2d4851a1d" relativeResultsDirectory="212347f3-53da-4179-9d08-b5d62f8f2746">
    </UnitTestResult>
    <UnitTestResult executionId="9f46c1ca-68c9-40a8-9cab-099d833ae498" testId="219a2093-b6f2-f229-ae69-0108da5c2d8d" testName="no_deberia_poder_guardarse_un_documento_sin_categoria" computerName="MDS-RH-0002" duration="00:00:00.0015691" startTime="2013-02-01T19:39:18.7381115-03:00" endTime="2013-02-01T19:39:18.7421119-03:00" testType="13cdc9d9-ddb5-4fa4-a97d-d965ccfc6d4b" outcome="Passed" testListId="8c84fa94-04c1-424b-9868-57a2d4851a1d" relativeResultsDirectory="9f46c1ca-68c9-40a8-9cab-099d833ae498">
    </UnitTestResult>
    <UnitTestResult executionId="6d3ff567-2bee-40c4-a790-abdcaa503c92" testId="225e3e53-1987-0065-f209-06ded52d42cd" testName="al_solicitarle_todas_las_areas_inferiores_de_marta_deberia_traerme_faby_yfabyB" computerName="MDS-RH-0002" duration="00:00:00.0006220" startTime="2013-02-01T19:39:18.7441121-03:00" endTime="2013-02-01T19:39:18.7471124-03:00" testType="13cdc9d9-ddb5-4fa4-a97d-d965ccfc6d4b" outcome="Passed" testListId="8c84fa94-04c1-424b-9868-57a2d4851a1d" relativeResultsDirectory="6d3ff567-2bee-40c4-a790-abdcaa503c92">
    </UnitTestResult>
    <UnitTestResult executionId="7a17774f-ff30-40f2-bc3c-720692ebfac3" testId="22fef842-2be2-549e-28ca-decc4b2f83c4" testName="no_se_debe_permitir_crear_un_organigrama_donde_las_areas_y_las_dependencias_son_vacias" computerName="MDS-RH-0002" duration="00:00:00.0003749" startTime="2013-02-01T19:39:18.7481125-03:00" endTime="2013-02-01T19:39:18.7521129-03:00" testType="13cdc9d9-ddb5-4fa4-a97d-d965ccfc6d4b" outcome="Passed" testListId="8c84fa94-04c1-424b-9868-57a2d4851a1d" relativeResultsDirectory="7a17774f-ff30-40f2-bc3c-720692ebfac3">
    </UnitTestResult>
    <UnitTestResult executionId="66532c9c-d310-425f-8dd6-e618ced01d7e" testId="25415686-6584-7e2c-956a-c8ad4a11141c" testName="al_buscar_en_una_lista_de_áreas_por_Asistentes_de_área_a_Ana_debe_traer_dos_areas_donde_existen_dos_personas_llamadas_Ana_que_son_secreatarias_en_cada_area" computerName="MDS-RH-0002" duration="00:00:00.0043134" startTime="2013-02-01T19:39:18.7531130-03:00" endTime="2013-02-01T19:39:18.7611138-03:00" testType="13cdc9d9-ddb5-4fa4-a97d-d965ccfc6d4b" outcome="Passed" testListId="8c84fa94-04c1-424b-9868-57a2d4851a1d" relativeResultsDirectory="66532c9c-d310-425f-8dd6-e618ced01d7e">
    </UnitTestResult>
    <UnitTestResult executionId="d6299148-07ac-4532-bb2d-4aaf5d17f039" testId="2665ec77-f2c4-3c27-e75d-93d1cb83ce92" testName="se_le_deberia_poder_pedir_a_un_area_su_nombre_completo_con_el_alias" computerName="MDS-RH-0002" duration="00:00:00.0032675" startTime="2013-02-01T19:39:18.7621139-03:00" endTime="2013-02-01T19:39:18.7681145-03:00" testType="13cdc9d9-ddb5-4fa4-a97d-d965ccfc6d4b" outcome="Passed" testListId="8c84fa94-04c1-424b-9868-57a2d4851a1d" relativeResultsDirectory="d6299148-07ac-4532-bb2d-4aaf5d17f039">
    </UnitTestResult>
    <UnitTestResult executionId="296df5e4-5e0b-4b56-94b2-abeb4a17dfa3" testId="27563a31-6c9c-c1b2-7c6f-cfbc88311e88" testName="dado_a_quiero_b" computerName="MDS-RH-0002" duration="00:00:00.0014039" startTime="2013-02-01T19:39:18.7701147-03:00" endTime="2013-02-01T19:39:18.7741151-03:00" testType="13cdc9d9-ddb5-4fa4-a97d-d965ccfc6d4b" outcome="Passed" testListId="8c84fa94-04c1-424b-9868-57a2d4851a1d" relativeResultsDirectory="296df5e4-5e0b-4b56-94b2-abeb4a17dfa3">
    </UnitTestResult>
    <UnitTestResult executionId="7af690bb-3b06-484a-bb6e-a06b24dc7730" testId="27e6cdd1-0452-1cb1-16c4-7576bb6d0538" testName="deberia_poder_agregarle_cabeceras_de_columna_a_una_tabla" computerName="MDS-RH-0002" duration="00:00:00.0015148" startTime="2013-02-01T19:39:18.7751152-03:00" endTime="2013-02-01T19:39:18.7801157-03:00" testType="13cdc9d9-ddb5-4fa4-a97d-d965ccfc6d4b" outcome="Passed" testListId="8c84fa94-04c1-424b-9868-57a2d4851a1d" relativeResultsDirectory="7af690bb-3b06-484a-bb6e-a06b24dc7730">
    </UnitTestResult>
    <UnitTestResult executionId="a3cbf747-5f39-4f8c-af34-b6c29464f3fa" testId="28a4ad86-b0f5-734b-2ffb-1771c0cae12f" testName="deberia_traer_viaticos_que_esten_de_la_areas_939_54_16_de_la_provincia_CORDOBA_SALTA_perido_011012_al_261012" computerName="MDS-RH-0002" duration="00:00:00.0109436" startTime="2013-02-01T19:39:18.7811158-03:00" endTime="2013-02-01T19:39:18.7951172-03:00" testType="13cdc9d9-ddb5-4fa4-a97d-d965ccfc6d4b" outcome="Passed" testListId="8c84fa94-04c1-424b-9868-57a2d4851a1d" relativeResultsDirectory="a3cbf747-5f39-4f8c-af34-b6c29464f3fa">
    </UnitTestResult>
    <UnitTestResult executionId="2605f678-b84d-484b-8d9a-cf8b907bc20f" testId="2a085327-6b89-00de-3f93-60ecccb235b6" testName="deberia_poder_tener_los_checkboxes_seleccionados_de_un_request" computerName="MDS-RH-0002" duration="00:00:00.0003333" startTime="2013-02-01T19:39:18.7971174-03:00" endTime="2013-02-01T19:39:18.8001177-03:00" testType="13cdc9d9-ddb5-4fa4-a97d-d965ccfc6d4b" outcome="Passed" testListId="8c84fa94-04c1-424b-9868-57a2d4851a1d" relativeResultsDirectory="2605f678-b84d-484b-8d9a-cf8b907bc20f">
    </UnitTestResult>
    <UnitTestResult executionId="7145ccf2-fa9a-4dc0-aab2-f26a55de049e" testId="2ba1906f-7dc1-cbb6-5d44-2eaa074ee001" testName="deberia_traer_las_personas_que_mas_solicitaron_viaticos_en_011012_261012" computerName="MDS-RH-0002" duration="00:00:00.0046614" startTime="2013-02-01T19:39:18.8011178-03:00" endTime="2013-02-01T19:39:18.8091186-03:00" testType="13cdc9d9-ddb5-4fa4-a97d-d965ccfc6d4b" outcome="Passed" testListId="8c84fa94-04c1-424b-9868-57a2d4851a1d" relativeResultsDirectory="7145ccf2-fa9a-4dc0-aab2-f26a55de049e">
    </UnitTestResult>
    <UnitTestResult executionId="ec66eea4-631a-4828-84cb-bb5bc9dccaf6" testId="2c561612-6ace-d4f5-3ea0-2b63589d272c" testName="fabian_deberia_tener_solo_un_area_con_un_asistente" computerName="MDS-RH-0002" duration="00:00:00.0089511" startTime="2013-02-01T19:39:18.8101187-03:00" endTime="2013-02-01T19:39:18.8221199-03:00" testType="13cdc9d9-ddb5-4fa4-a97d-d965ccfc6d4b" outcome="Passed" testListId="8c84fa94-04c1-424b-9868-57a2d4851a1d" relativeResultsDirectory="ec66eea4-631a-4828-84cb-bb5bc9dccaf6">
    </UnitTestResult>
    <UnitTestResult executionId="98221a23-a4f0-4a14-92a6-ec10219099bc" testId="2d0a6e94-8989-8cc3-e286-44dd8a2f688e" testName="deberia_poder_crear_un_checkbox_con_id_segun_la_entidad" computerName="MDS-RH-0002" duration="00:00:00.0003734" startTime="2013-02-01T19:39:18.8231200-03:00" endTime="2013-02-01T19:39:18.8271204-03:00" testType="13cdc9d9-ddb5-4fa4-a97d-d965ccfc6d4b" outcome="Passed" testListId="8c84fa94-04c1-424b-9868-57a2d4851a1d" relativeResultsDirectory="98221a23-a4f0-4a14-92a6-ec10219099bc">
    </UnitTestResult>
    <UnitTestResult executionId="22b1321c-6dc5-483d-978c-01807bfe25c7" testId="2ddded08-79a3-ad3a-b587-dfc68dd5b5f5" testName="deberia_poder_validar_si_un_objeto_es_nulo" computerName="MDS-RH-0002" duration="00:00:00.0004530" startTime="2013-02-01T19:39:18.8281205-03:00" endTime="2013-02-01T19:39:18.8321209-03:00" testType="13cdc9d9-ddb5-4fa4-a97d-d965ccfc6d4b" outcome="Passed" testListId="8c84fa94-04c1-424b-9868-57a2d4851a1d" relativeResultsDirectory="22b1321c-6dc5-483d-978c-01807bfe25c7">
    </UnitTestResult>
    <UnitTestResult executionId="2f438de6-a10b-4a56-8641-832eab346f49" testId="2eba2d30-d0c9-d10d-cb9f-e198704cb8fa" testName="fabian_deberia_tener_solo_acceso_a_viaticos" computerName="MDS-RH-0002" duration="00:00:00.0061366" startTime="2013-02-01T19:39:18.8331210-03:00" endTime="2013-02-01T19:39:18.8421219-03:00" testType="13cdc9d9-ddb5-4fa4-a97d-d965ccfc6d4b" outcome="Passed" testListId="8c84fa94-04c1-424b-9868-57a2d4851a1d" relativeResultsDirectory="2f438de6-a10b-4a56-8641-832eab346f49">
    </UnitTestResult>
    <UnitTestResult executionId="28e08541-f22e-49a0-af3b-6a3e4945d448" testId="33728143-431e-2f80-b4cd-e190171f9673" testName="deberia_traer_4_areas_con_los_datos_de_contacto_de_la_mismas" computerName="MDS-RH-0002" duration="00:00:00.0203628" startTime="2013-02-01T19:39:18.8441221-03:00" endTime="2013-02-01T19:39:18.8671244-03:00" testType="13cdc9d9-ddb5-4fa4-a97d-d965ccfc6d4b" outcome="Passed" testListId="8c84fa94-04c1-424b-9868-57a2d4851a1d" relativeResultsDirectory="28e08541-f22e-49a0-af3b-6a3e4945d448">
    </UnitTestResult>
    <UnitTestResult executionId="3fda3453-71a4-4f84-a3ab-63cf2ab73887" testId="363f19a2-0f65-4da3-ffe2-9ae3bd940a9f" testName="deberia_crear_una_tabla_con_id_y_un_valor_99" computerName="MDS-RH-0002" duration="00:00:00.0006005" startTime="2013-02-01T19:39:18.8681245-03:00" endTime="2013-02-01T19:39:18.8721249-03:00" testType="13cdc9d9-ddb5-4fa4-a97d-d965ccfc6d4b" outcome="Passed" testListId="8c84fa94-04c1-424b-9868-57a2d4851a1d" relativeResultsDirectory="3fda3453-71a4-4f84-a3ab-63cf2ab73887">
    </UnitTestResult>
    <UnitTestResult executionId="e9a4254e-df72-490d-923a-802817b13d3a" testId="3667ca38-1ee0-0f59-2de9-55990d91ad13" testName="deberia_traer_inasistencias_de_un_alumno_para_un_mes" computerName="MDS-RH-0002" duration="00:00:00.0024579" startTime="2013-02-01T19:39:18.8741251-03:00" endTime="2013-02-01T19:39:18.8791256-03:00" testType="13cdc9d9-ddb5-4fa4-a97d-d965ccfc6d4b" outcome="Passed" testListId="8c84fa94-04c1-424b-9868-57a2d4851a1d" relativeResultsDirectory="e9a4254e-df72-490d-923a-802817b13d3a">
    </UnitTestResult>
    <UnitTestResult executionId="afc11307-978e-4add-8377-8d4678fd64b2" testId="37d066c6-a6d7-b11a-9516-f3f197d5e44d" testName="deberia_poder_tener_un_null_como_primer_valor_de_una_columna" computerName="MDS-RH-0002" duration="00:00:00.0019394" startTime="2013-02-01T19:39:18.8811258-03:00" endTime="2013-02-01T19:39:18.8851262-03:00" testType="13cdc9d9-ddb5-4fa4-a97d-d965ccfc6d4b" outcome="Passed" testListId="8c84fa94-04c1-424b-9868-57a2d4851a1d" relativeResultsDirectory="afc11307-978e-4add-8377-8d4678fd64b2">
    </UnitTestResult>
    <UnitTestResult executionId="a10488e4-244a-4719-a77a-c746387fdefc" testId="38a50315-78cc-f677-cc67-a33e14f1587e" testName="deberia_poder_obtener_todos_los_documentos" computerName="MDS-RH-0002" duration="00:00:00.0105587" startTime="2013-02-01T19:39:18.8871264-03:00" endTime="2013-02-01T19:39:18.9011278-03:00" testType="13cdc9d9-ddb5-4fa4-a97d-d965ccfc6d4b" outcome="Passed" testListId="8c84fa94-04c1-424b-9868-57a2d4851a1d" relativeResultsDirectory="a10488e4-244a-4719-a77a-c746387fdefc">
    </UnitTestResult>
    <UnitTestResult executionId="38d2f998-cb75-4934-ac98-e8252d02812f" testId="39ba617e-74b7-ac1c-65b2-4df024e2d4e4" testName="al_buscar_en_una_lista_de_áreas_por_Asistentes_de_área_a_María_debe_traer_el_area_de_RRHH_donde_María_es_secretaria" computerName="MDS-RH-0002" duration="00:00:00.0008184" startTime="2013-02-01T19:39:18.9021279-03:00" endTime="2013-02-01T19:39:18.9061283-03:00" testType="13cdc9d9-ddb5-4fa4-a97d-d965ccfc6d4b" outcome="Passed" testListId="8c84fa94-04c1-424b-9868-57a2d4851a1d" relativeResultsDirectory="38d2f998-cb75-4934-ac98-e8252d02812f">
    </UnitTestResult>
    <UnitTestResult executionId="863ea84c-6634-4b7c-a72a-bb05db4c7ba1" testId="3c877ef7-ef07-0820-9e58-ae76fdaedfb0" testName="al_buscar_en_una_lista_de_áreas_un_fax_devuelve_todos_las_áreas_cuyo_fax_de_asistente_o_responsable_o_area_contiene_el_texto_buscado" computerName="MDS-RH-0002" duration="00:00:00.0015960" startTime="2013-02-01T19:39:18.9071284-03:00" endTime="2013-02-01T19:39:18.9111288-03:00" testType="13cdc9d9-ddb5-4fa4-a97d-d965ccfc6d4b" outcome="Passed" testListId="8c84fa94-04c1-424b-9868-57a2d4851a1d" relativeResultsDirectory="863ea84c-6634-4b7c-a72a-bb05db4c7ba1">
    </UnitTestResult>
    <UnitTestResult executionId="12ed25db-7574-4b11-b57f-0a1aea9cc20a" testId="410ae35c-c491-52ff-8ca7-16593197aa91" testName="deberia_poder_obtener_un_viatico_sin_estadias_pasajes_ni_transiciones" computerName="MDS-RH-0002" duration="00:00:00.0085538" startTime="2013-02-01T19:39:18.9131290-03:00" endTime="2013-02-01T19:39:18.9241301-03:00" testType="13cdc9d9-ddb5-4fa4-a97d-d965ccfc6d4b" outcome="Passed" testListId="8c84fa94-04c1-424b-9868-57a2d4851a1d" relativeResultsDirectory="12ed25db-7574-4b11-b57f-0a1aea9cc20a">
    </UnitTestResult>
    <UnitTestResult executionId="9f6f24a9-ee9d-40b0-95be-23d5552005dc" testId="42e7e5a9-27d6-1424-520a-64446a479ac2" testName="deberia_poder_actuailzar_un_documento" computerName="MDS-RH-0002" duration="00:00:00.0059414" startTime="2013-02-01T19:39:18.9261303-03:00" endTime="2013-02-01T19:39:18.9341311-03:00" testType="13cdc9d9-ddb5-4fa4-a97d-d965ccfc6d4b" outcome="Passed" testListId="8c84fa94-04c1-424b-9868-57a2d4851a1d" relativeResultsDirectory="9f6f24a9-ee9d-40b0-95be-23d5552005dc">
    </UnitTestResult>
    <UnitTestResult executionId="419c5f21-54c5-4698-92b1-482eaf1398d6" testId="43bddf17-fba3-4d54-a157-cfcf7797ee39" testName="al_buscar_en_una_lista_de_áreas_un_email_devuelve_todos_las_áreas_cuyo_email_de_asistente_o_responsable_o_area_contiene_el_texto_buscado" computerName="MDS-RH-0002" duration="00:00:00.0017207" startTime="2013-02-01T19:39:18.9361313-03:00" endTime="2013-02-01T19:39:18.9411318-03:00" testType="13cdc9d9-ddb5-4fa4-a97d-d965ccfc6d4b" outcome="Passed" testListId="8c84fa94-04c1-424b-9868-57a2d4851a1d" relativeResultsDirectory="419c5f21-54c5-4698-92b1-482eaf1398d6">
    </UnitTestResult>
    <UnitTestResult executionId="52cc1984-9a0f-4cb6-bc18-e6660fa3b945" testId="43da4eae-d92c-9ac3-0f26-5e5600a67e90" testName="el_circuito_deberia_por_default_subir_por_el_organigrama_a_menos_que_haya_una_excepcion" computerName="MDS-RH-0002" duration="00:00:00.0016811" startTime="2013-02-01T19:39:18.9421319-03:00" endTime="2013-02-01T19:39:18.9471324-03:00" testType="13cdc9d9-ddb5-4fa4-a97d-d965ccfc6d4b" outcome="Passed" testListId="8c84fa94-04c1-424b-9868-57a2d4851a1d" relativeResultsDirectory="52cc1984-9a0f-4cb6-bc18-e6660fa3b945">
    </UnitTestResult>
    <UnitTestResult executionId="d7e6db6c-a7ef-430c-9732-6c60d8858e3e" testId="44b05242-b475-4635-6cec-78ec052b2688" testName="al_solicitarle_las_areas_inferiores_al_area_de_Marta_debe_traer_solo_la_de_Faby" computerName="MDS-RH-0002" duration="00:00:00.0003276" startTime="2013-02-01T19:39:18.9481325-03:00" endTime="2013-02-01T19:39:18.9511328-03:00" testType="13cdc9d9-ddb5-4fa4-a97d-d965ccfc6d4b" outcome="Passed" testListId="8c84fa94-04c1-424b-9868-57a2d4851a1d" relativeResultsDirectory="d7e6db6c-a7ef-430c-9732-6c60d8858e3e">
    </UnitTestResult>
    <UnitTestResult executionId="253e6a33-f013-4249-adc6-048d5153d9cd" testId="46d9bce1-2d0e-1aa8-e89e-b40f37783359" testName="deberia_poder_decirle_a_un_repositorio_que_use_una_conexion_que_no_devuelve_nada" computerName="MDS-RH-0002" duration="00:00:00.0033083" startTime="2013-02-01T19:39:18.9521329-03:00" endTime="2013-02-01T19:39:18.9591336-03:00" testType="13cdc9d9-ddb5-4fa4-a97d-d965ccfc6d4b" outcome="Passed" testListId="8c84fa94-04c1-424b-9868-57a2d4851a1d" relativeResultsDirectory="253e6a33-f013-4249-adc6-048d5153d9cd">
    </UnitTestResult>
    <UnitTestResult executionId="ead29c6e-44d1-4eae-9de6-c4b149c3a305" testId="477414b1-9ac6-06f2-392d-c549405cd3f3" testName="cuando_se_solicita_la_lista_de_todas_las_áreas_superiores_de_un_área_debe_devolver_una_lista_vacía" computerName="MDS-RH-0002" duration="00:00:00.0004823" startTime="2013-02-01T19:39:18.9601337-03:00" endTime="2013-02-01T19:39:18.9641341-03:00" testType="13cdc9d9-ddb5-4fa4-a97d-d965ccfc6d4b" outcome="Passed" testListId="8c84fa94-04c1-424b-9868-57a2d4851a1d" relativeResultsDirectory="ead29c6e-44d1-4eae-9de6-c4b149c3a305">
    </UnitTestResult>
    <UnitTestResult executionId="b2b3b2d4-041a-4d7b-b3e9-b4aaedc9f081" testId="4793d588-4a8f-7915-87f2-c97c11507ad4" testName="deberia_devolver_una_fecha" computerName="MDS-RH-0002" duration="00:00:00.0013073" startTime="2013-02-01T19:39:18.9651342-03:00" endTime="2013-02-01T19:39:18.9691346-03:00" testType="13cdc9d9-ddb5-4fa4-a97d-d965ccfc6d4b" outcome="Passed" testListId="8c84fa94-04c1-424b-9868-57a2d4851a1d" relativeResultsDirectory="b2b3b2d4-041a-4d7b-b3e9-b4aaedc9f081">
    </UnitTestResult>
    <UnitTestResult executionId="6ffca869-95f0-4242-826b-52599848d3fa" testId="4a850093-e479-3127-1dc5-d67d3a9e4d1b" testName="fabian_deberia_tener_un_area_con_solo_un_asistente" computerName="MDS-RH-0002" duration="00:00:00.0086042" startTime="2013-02-01T19:39:18.9741351-03:00" endTime="2013-02-01T19:39:18.9871364-03:00" testType="13cdc9d9-ddb5-4fa4-a97d-d965ccfc6d4b" outcome="Passed" testListId="8c84fa94-04c1-424b-9868-57a2d4851a1d" relativeResultsDirectory="6ffca869-95f0-4242-826b-52599848d3fa">
    </UnitTestResult>
    <UnitTestResult executionId="189e56cb-3815-4d01-9152-b5b4bf656df3" testId="4bc081ab-bd87-c7e6-2e9a-ea9029e80e8b" testName="dado_aaa999_debe_ser_aab000" computerName="MDS-RH-0002" duration="00:00:00.0002086" startTime="2013-02-01T19:39:18.9881365-03:00" endTime="2013-02-01T19:39:18.9921369-03:00" testType="13cdc9d9-ddb5-4fa4-a97d-d965ccfc6d4b" outcome="Passed" testListId="8c84fa94-04c1-424b-9868-57a2d4851a1d" relativeResultsDirectory="189e56cb-3815-4d01-9152-b5b4bf656df3">
    </UnitTestResult>
    <UnitTestResult executionId="60f5158a-a5b4-46bd-a889-f851bf5a22b6" testId="5188b3d7-a77a-3054-7bc5-b06591dc325c" testName="al_preguntarle_en_que_area_esta_un_documeto_deberia_decirme_" computerName="MDS-RH-0002" duration="00:00:00.0021896" startTime="2013-02-01T19:39:18.9931370-03:00" endTime="2013-02-01T19:39:18.9981375-03:00" testType="13cdc9d9-ddb5-4fa4-a97d-d965ccfc6d4b" outcome="Passed" testListId="8c84fa94-04c1-424b-9868-57a2d4851a1d" relativeResultsDirectory="60f5158a-a5b4-46bd-a889-f851bf5a22b6">
    </UnitTestResult>
    <UnitTestResult executionId="1e72a38e-3ae7-40b7-a10e-f2c42fcb022c" testId="53e1544f-a9d2-75aa-fac6-a61041be5fb7" testName="dado_un_curso_que_se_cursa_lunes_y_jueves_cuando_le_pregunto_cuantos_dias_de_cursada_hay_en_la_primer_quincena_de_enero_me_dice_4" computerName="MDS-RH-0002" duration="00:00:00.0012576" startTime="2013-02-01T19:39:19.0001377-03:00" endTime="2013-02-01T19:39:19.0041381-03:00" testType="13cdc9d9-ddb5-4fa4-a97d-d965ccfc6d4b" outcome="Passed" testListId="8c84fa94-04c1-424b-9868-57a2d4851a1d" relativeResultsDirectory="1e72a38e-3ae7-40b7-a10e-f2c42fcb022c">
    </UnitTestResult>
    <UnitTestResult executionId="30abf8e6-e152-4f97-9c46-050104cbc313" testId="57d98f0d-6038-69c7-9b96-75f22dd0e9dd" testName="deberia_traer_4_viaticos" computerName="MDS-RH-0002" duration="00:00:00.0601262" startTime="2013-02-01T19:39:19.0051382-03:00" endTime="2013-02-01T19:39:19.0681445-03:00" testType="13cdc9d9-ddb5-4fa4-a97d-d965ccfc6d4b" outcome="Passed" testListId="8c84fa94-04c1-424b-9868-57a2d4851a1d" relativeResultsDirectory="30abf8e6-e152-4f97-9c46-050104cbc313">
    </UnitTestResult>
    <UnitTestResult executionId="39513c12-0437-465a-ae45-c5e458839ac7" testId="59ff1f84-feae-06d2-b4cb-39b785e26703" testName="deberia_traer_viaticos_que_esten_pendientes_del_area_939_y__perido_011012_al_261012" computerName="MDS-RH-0002" duration="00:00:00.0032767" startTime="2013-02-01T19:39:19.0691446-03:00" endTime="2013-02-01T19:39:19.0761453-03:00" testType="13cdc9d9-ddb5-4fa4-a97d-d965ccfc6d4b" outcome="Passed" testListId="8c84fa94-04c1-424b-9868-57a2d4851a1d" relativeResultsDirectory="39513c12-0437-465a-ae45-c5e458839ac7">
    </UnitTestResult>
    <UnitTestResult executionId="356d261c-4182-4fa0-850f-f1595af21668" testId="5b690971-fd71-4f11-40a9-1c85ffb21c38" testName="al_buscar_por_una_categoria_de_documento_debe_traer_todos_los_documentos_que_cumplen_con_ello" computerName="MDS-RH-0002" duration="00:00:00.0016534" startTime="2013-02-01T19:39:19.0771454-03:00" endTime="2013-02-01T19:39:19.0811458-03:00" testType="13cdc9d9-ddb5-4fa4-a97d-d965ccfc6d4b" outcome="Passed" testListId="8c84fa94-04c1-424b-9868-57a2d4851a1d" relativeResultsDirectory="356d261c-4182-4fa0-850f-f1595af21668">
    </UnitTestResult>
    <UnitTestResult executionId="12a28346-f1dd-4ca7-87c9-47c291015bfb" testId="5d6cb36d-d345-b7c7-27f1-f7052ce8d166" testName="dado_un_area_quiero_saber_direccion_telefono_y_mail_del_area" computerName="MDS-RH-0002" duration="00:00:00.0003591" startTime="2013-02-01T19:39:19.0831460-03:00" endTime="2013-02-01T19:39:19.0861463-03:00" testType="13cdc9d9-ddb5-4fa4-a97d-d965ccfc6d4b" outcome="Passed" testListId="8c84fa94-04c1-424b-9868-57a2d4851a1d" relativeResultsDirectory="12a28346-f1dd-4ca7-87c9-47c291015bfb">
    </UnitTestResult>
    <UnitTestResult executionId="16906c5c-6c1b-47f2-b810-b29cdb2d5bef" testId="60936b2d-9f38-488c-d3bd-319a17b5f6ba" testName="deberia_devolver_la_zona_Metro_con_una_localidad_y_la_zona_Patagonia_con_una_localidad" computerName="MDS-RH-0002" duration="00:00:00.0033021" startTime="2013-02-01T19:39:19.0871464-03:00" endTime="2013-02-01T19:39:19.0931470-03:00" testType="13cdc9d9-ddb5-4fa4-a97d-d965ccfc6d4b" outcome="Passed" testListId="8c84fa94-04c1-424b-9868-57a2d4851a1d" relativeResultsDirectory="16906c5c-6c1b-47f2-b810-b29cdb2d5bef">
    </UnitTestResult>
    <UnitTestResult executionId="aa640ee7-7b4b-4308-a386-8ac857b1da28" testId="60b34790-3c9e-803c-efa2-bf0100cd18fd" testName="el_filtro_por_numero_de_ticket_debe_ser_case_insensitive" computerName="MDS-RH-0002" duration="00:00:00.0004022" startTime="2013-02-01T19:39:19.0951472-03:00" endTime="2013-02-01T19:39:19.0981475-03:00" testType="13cdc9d9-ddb5-4fa4-a97d-d965ccfc6d4b" outcome="Passed" testListId="8c84fa94-04c1-424b-9868-57a2d4851a1d" relativeResultsDirectory="aa640ee7-7b4b-4308-a386-8ac857b1da28">
    </UnitTestResult>
    <UnitTestResult executionId="1f9309b9-d708-4ec2-961d-f401441efd40" testId="60d191e8-f802-0c16-9722-35844f243666" testName="al_buscar_en_una_lista_de_áreas_una_parte_de_telefono_devuelve_todos_las_áreas_cuyo_telefono_de_asistente_o_responsable_o_area_contiene_el_texto_buscado" computerName="MDS-RH-0002" duration="00:00:00.0014894" startTime="2013-02-01T19:39:19.0991476-03:00" endTime="2013-02-01T19:39:19.1041481-03:00" testType="13cdc9d9-ddb5-4fa4-a97d-d965ccfc6d4b" outcome="Passed" testListId="8c84fa94-04c1-424b-9868-57a2d4851a1d" relativeResultsDirectory="1f9309b9-d708-4ec2-961d-f401441efd40">
    </UnitTestResult>
    <UnitTestResult executionId="467a0282-d233-4459-afc6-2764a86f1d6c" testId="6325cb50-8252-7333-a10e-129eb61d4a7d" testName="deberia_crear_una_tabla_con_nombre_y_un_valor_Juan" computerName="MDS-RH-0002" duration="00:00:00.0009616" startTime="2013-02-01T19:39:19.1051482-03:00" endTime="2013-02-01T19:39:19.1091486-03:00" testType="13cdc9d9-ddb5-4fa4-a97d-d965ccfc6d4b" outcome="Passed" testListId="8c84fa94-04c1-424b-9868-57a2d4851a1d" relativeResultsDirectory="467a0282-d233-4459-afc6-2764a86f1d6c">
    </UnitTestResult>
    <UnitTestResult executionId="55a56116-0e45-48a6-bbba-54868b8601ec" testId="64afcefc-8af6-fc70-4ea7-766fc65f6c46" testName="al_buscar_en_una_lista_de_áreas_un_email_devuelve_dos_emails__uno_de_asistente_y_otro_de_area__que_contienen_el_texto_buscado" computerName="MDS-RH-0002" duration="00:00:00.0007464" startTime="2013-02-01T19:39:19.1101487-03:00" endTime="2013-02-01T19:39:19.1141491-03:00" testType="13cdc9d9-ddb5-4fa4-a97d-d965ccfc6d4b" outcome="Passed" testListId="8c84fa94-04c1-424b-9868-57a2d4851a1d" relativeResultsDirectory="55a56116-0e45-48a6-bbba-54868b8601ec">
    </UnitTestResult>
    <UnitTestResult executionId="ce6044f9-fabb-4c88-b008-dd5d3aa1ccc8" testId="6892221f-5432-520c-a667-6f10f84f4898" testName="dado_un_area_quiero_obtener_todos_los_asistentes_y_sus_datos_de_contacto" computerName="MDS-RH-0002" duration="00:00:00.0012253" startTime="2013-02-01T19:39:19.1151492-03:00" endTime="2013-02-01T19:39:19.1201497-03:00" testType="13cdc9d9-ddb5-4fa4-a97d-d965ccfc6d4b" outcome="Passed" testListId="8c84fa94-04c1-424b-9868-57a2d4851a1d" relativeResultsDirectory="ce6044f9-fabb-4c88-b008-dd5d3aa1ccc8">
    </UnitTestResult>
    <UnitTestResult executionId="e4a58237-7ab5-4c8f-9d42-4d3b24ec84c4" testId="68c724fc-1912-d9ac-d786-b1e6bb6c0994" testName="Un_organigrama_deberia_poder_decirme_todas_las_areas_inferiores_inmediatas_a_un_area_dada_con_muchas_areas" computerName="MDS-RH-0002" duration="00:00:00.0002829" startTime="2013-02-01T19:39:19.1221499-03:00" endTime="2013-02-01T19:39:19.1251502-03:00" testType="13cdc9d9-ddb5-4fa4-a97d-d965ccfc6d4b" outcome="Passed" testListId="8c84fa94-04c1-424b-9868-57a2d4851a1d" relativeResultsDirectory="e4a58237-7ab5-4c8f-9d42-4d3b24ec84c4">
    </UnitTestResult>
    <UnitTestResult executionId="c32386bc-21c7-4833-9947-5cc409c02c97" testId="696fca9c-b0b6-7ef6-000f-fc7546a49832" testName="al_buscar_en_una_lista_de_áreas_una_dirección_devuelve_todos_las_áreas_cuyo_domicilio_contiene_el_texto_buscado" computerName="MDS-RH-0002" duration="00:00:00.0006117" startTime="2013-02-01T19:39:19.1261503-03:00" endTime="2013-02-01T19:39:19.1301507-03:00" testType="13cdc9d9-ddb5-4fa4-a97d-d965ccfc6d4b" outcome="Passed" testListId="8c84fa94-04c1-424b-9868-57a2d4851a1d" relativeResultsDirectory="c32386bc-21c7-4833-9947-5cc409c02c97">
    </UnitTestResult>
    <UnitTestResult executionId="63d4fb96-94f4-4c38-9495-5f84ea12ffb7" testId="6a69abda-dfaa-a679-b661-02cd5293c0bd" testName="no_deberia_permitir_pasarse_de_z" computerName="MDS-RH-0002" duration="00:00:00.0005986" startTime="2013-02-01T19:39:19.1311508-03:00" endTime="2013-02-01T19:39:19.1341511-03:00" testType="13cdc9d9-ddb5-4fa4-a97d-d965ccfc6d4b" outcome="Passed" testListId="8c84fa94-04c1-424b-9868-57a2d4851a1d" relativeResultsDirectory="63d4fb96-94f4-4c38-9495-5f84ea12ffb7">
    </UnitTestResult>
    <UnitTestResult executionId="80824fd9-a68f-428f-bbb3-3d8b9807c721" testId="6e2099d5-ff03-21ed-7c09-0bc58519434c" testName="deberia_poder_validar_si_un_objeto_esta_en_una_coleccion" computerName="MDS-RH-0002" duration="00:00:00.0003029" startTime="2013-02-01T19:39:19.1361513-03:00" endTime="2013-02-01T19:39:19.1391516-03:00" testType="13cdc9d9-ddb5-4fa4-a97d-d965ccfc6d4b" outcome="Passed" testListId="8c84fa94-04c1-424b-9868-57a2d4851a1d" relativeResultsDirectory="80824fd9-a68f-428f-bbb3-3d8b9807c721">
    </UnitTestResult>
    <UnitTestResult executionId="bd099b00-baa9-4ef4-8457-f547a71f2dc7" testId="6f525a40-dadd-7cc4-eb37-95f1d91a14c9" testName="deberia_agregar_una_asistencia_a_un_alumno_para_una_planilla_que_esta_en_un_curso" computerName="MDS-RH-0002" duration="00:00:00.0013935" startTime="2013-02-01T19:39:19.1401517-03:00" endTime="2013-02-01T19:39:19.1441521-03:00" testType="13cdc9d9-ddb5-4fa4-a97d-d965ccfc6d4b" outcome="Passed" testListId="8c84fa94-04c1-424b-9868-57a2d4851a1d" relativeResultsDirectory="bd099b00-baa9-4ef4-8457-f547a71f2dc7">
    </UnitTestResult>
    <UnitTestResult executionId="f201ef25-65fd-48f8-b40a-80a851e95c7c" testId="71dbce06-b24d-82d9-d3a9-b8664de5dbbb" testName="deberia_crear_una_tabla_con_id_y_descripcion" computerName="MDS-RH-0002" duration="00:00:00.0004942" startTime="2013-02-01T19:39:19.1461523-03:00" endTime="2013-02-01T19:39:19.1491526-03:00" testType="13cdc9d9-ddb5-4fa4-a97d-d965ccfc6d4b" outcome="Passed" testListId="8c84fa94-04c1-424b-9868-57a2d4851a1d" relativeResultsDirectory="f201ef25-65fd-48f8-b40a-80a851e95c7c">
    </UnitTestResult>
    <UnitTestResult executionId="89631062-3814-4bd3-a3a3-716b1d5b7b59" testId="72c59001-deaf-0f88-ce47-97c9b2e78292" testName="si_un_area_no_tiene_alias_deberia_devolver_el_nombre_completo_sin_alias" computerName="MDS-RH-0002" duration="00:00:00.0002717" startTime="2013-02-01T19:39:19.1511528-03:00" endTime="2013-02-01T19:39:19.1541531-03:00" testType="13cdc9d9-ddb5-4fa4-a97d-d965ccfc6d4b" outcome="Passed" testListId="8c84fa94-04c1-424b-9868-57a2d4851a1d" relativeResultsDirectory="89631062-3814-4bd3-a3a3-716b1d5b7b59">
    </UnitTestResult>
    <UnitTestResult executionId="68455012-ca07-4b2d-b0b4-edf3156a87dc" testId="73696332-8582-b3f8-3487-a0e8978d60e1" testName="deberia_devolver_los_saltos_por_excepcion" computerName="MDS-RH-0002" duration="00:00:00.0046052" startTime="2013-02-01T19:39:19.1561533-03:00" endTime="2013-02-01T19:39:19.1641541-03:00" testType="13cdc9d9-ddb5-4fa4-a97d-d965ccfc6d4b" outcome="Passed" testListId="8c84fa94-04c1-424b-9868-57a2d4851a1d" relativeResultsDirectory="68455012-ca07-4b2d-b0b4-edf3156a87dc">
    </UnitTestResult>
    <UnitTestResult executionId="07218f34-6434-4da9-b63f-251a6179588e" testId="74b1b58c-e814-5670-35a0-d1446a9967fd" testName="no_se_debe_permitir_crear_un_organigrama_donde_un_hijo_tenga_dos_areas_padres" computerName="MDS-RH-0002" duration="00:00:00.0010343" startTime="2013-02-01T19:39:19.1661543-03:00" endTime="2013-02-01T19:39:19.1691546-03:00" testType="13cdc9d9-ddb5-4fa4-a97d-d965ccfc6d4b" outcome="Passed" testListId="8c84fa94-04c1-424b-9868-57a2d4851a1d" relativeResultsDirectory="07218f34-6434-4da9-b63f-251a6179588e">
    </UnitTestResult>
    <UnitTestResult executionId="c5afad28-5bfa-49e3-b482-f2060ce07ffe" testId="751e279c-34dc-9434-036d-cf7c6e4fd783" testName="no_deberia_poder_tener_un_documento_sin_categoria" computerName="MDS-RH-0002" duration="00:00:00.0005116" startTime="2013-02-01T19:39:19.1711548-03:00" endTime="2013-02-01T19:39:19.1741551-03:00" testType="13cdc9d9-ddb5-4fa4-a97d-d965ccfc6d4b" outcome="Passed" testListId="8c84fa94-04c1-424b-9868-57a2d4851a1d" relativeResultsDirectory="c5afad28-5bfa-49e3-b482-f2060ce07ffe">
    </UnitTestResult>
    <UnitTestResult executionId="8ab82d63-9c6a-4c25-a51e-96ddcc00aad7" testId="757e1e4a-ca0e-7dc8-c1f0-7e6c91ba8ea0" testName="deberia_poder_validar_si_un_objeto_no_esta_en_una_coleccion" computerName="MDS-RH-0002" duration="00:00:00.0004053" startTime="2013-02-01T19:39:19.1751552-03:00" endTime="2013-02-01T19:39:19.1791556-03:00" testType="13cdc9d9-ddb5-4fa4-a97d-d965ccfc6d4b" outcome="Passed" testListId="8c84fa94-04c1-424b-9868-57a2d4851a1d" relativeResultsDirectory="8ab82d63-9c6a-4c25-a51e-96ddcc00aad7">
    </UnitTestResult>
    <UnitTestResult executionId="a8608b46-d7c5-4ea9-b12c-f45d1cdcd71b" testId="76c47d34-63a4-0479-90e7-a8d089e0dd93" testName="el_repositorio_deberia_crear_una_mensajeria_con_sus_transiciones" computerName="MDS-RH-0002" duration="00:00:00.0096544" startTime="2013-02-01T19:39:19.1801557-03:00" endTime="2013-02-01T19:39:19.1921569-03:00" testType="13cdc9d9-ddb5-4fa4-a97d-d965ccfc6d4b" outcome="Passed" testListId="8c84fa94-04c1-424b-9868-57a2d4851a1d" relativeResultsDirectory="a8608b46-d7c5-4ea9-b12c-f45d1cdcd71b">
    </UnitTestResult>
    <UnitTestResult executionId="230d1d9e-0ee1-49b4-9783-282c19f65f29" testId="77c82c9f-520d-04a5-8c33-19a0d6332eaa" testName="el_circuito_deberia_por_default_subir_por_el_organigrama" computerName="MDS-RH-0002" duration="00:00:00.0003237" startTime="2013-02-01T19:39:19.1941571-03:00" endTime="2013-02-01T19:39:19.1971574-03:00" testType="13cdc9d9-ddb5-4fa4-a97d-d965ccfc6d4b" outcome="Passed" testListId="8c84fa94-04c1-424b-9868-57a2d4851a1d" relativeResultsDirectory="230d1d9e-0ee1-49b4-9783-282c19f65f29">
    </UnitTestResult>
    <UnitTestResult executionId="2d44978b-457b-4933-b3ea-598b36ff4dc3" testId="78a9f8b3-1879-e741-9ade-1dee019c141b" testName="no_deberia_cargar_una_inasistencia_a_un_alumno_que_no_esta_en_un_curso" computerName="MDS-RH-0002" duration="00:00:00.0007452" startTime="2013-02-01T19:39:19.1981575-03:00" endTime="2013-02-01T19:39:19.2011578-03:00" testType="13cdc9d9-ddb5-4fa4-a97d-d965ccfc6d4b" outcome="Passed" testListId="8c84fa94-04c1-424b-9868-57a2d4851a1d" relativeResultsDirectory="2d44978b-457b-4933-b3ea-598b36ff4dc3">
    </UnitTestResult>
    <UnitTestResult executionId="f555ed4b-9213-47ab-a397-135b39f5dba0" testId="79a63e0f-ba0e-a5dc-0d5c-dc38d27e7aa1" testName="al_buscar_por_nombre_de_area_la_palabra_RRHH_deberia_traerme_el_area_cuyo_nombre_es_RRHH" computerName="MDS-RH-0002" duration="00:00:00.0006305" startTime="2013-02-01T19:39:19.2031580-03:00" endTime="2013-02-01T19:39:19.2061583-03:00" testType="13cdc9d9-ddb5-4fa4-a97d-d965ccfc6d4b" outcome="Passed" testListId="8c84fa94-04c1-424b-9868-57a2d4851a1d" relativeResultsDirectory="f555ed4b-9213-47ab-a397-135b39f5dba0">
    </UnitTestResult>
    <UnitTestResult executionId="c093a15a-0335-4ce2-bd90-bb6463fe5352" testId="7a945366-5dc8-bde8-17f1-4ebf2f832448" testName="se_puede_crear_un_organigrama_con_forma_de_arbol_de_dos_pisos" computerName="MDS-RH-0002" duration="00:00:00.0006906" startTime="2013-02-01T19:39:19.2081585-03:00" endTime="2013-02-01T19:39:19.2111588-03:00" testType="13cdc9d9-ddb5-4fa4-a97d-d965ccfc6d4b" outcome="Passed" testListId="8c84fa94-04c1-424b-9868-57a2d4851a1d" relativeResultsDirectory="c093a15a-0335-4ce2-bd90-bb6463fe5352">
    </UnitTestResult>
    <UnitTestResult executionId="9b04621a-2084-43bd-a9e9-2454ea01d863" testId="7b7bd90a-9390-9d92-5600-532eb0a44a2a" testName="dado_un_curso_que_se_cursa_los_lunes_y_jueves_cuando_le_pregunto_cuantos_dias_de_cursada_hay_en_febrero_de_2013_me_dice_6_porque_dos_son_feriados" computerName="MDS-RH-0002" duration="00:00:00.0005805" startTime="2013-02-01T19:39:19.2121589-03:00" endTime="2013-02-01T19:39:19.2161593-03:00" testType="13cdc9d9-ddb5-4fa4-a97d-d965ccfc6d4b" outcome="Passed" testListId="8c84fa94-04c1-424b-9868-57a2d4851a1d" relativeResultsDirectory="9b04621a-2084-43bd-a9e9-2454ea01d863">
    </UnitTestResult>
    <UnitTestResult executionId="a60d4b10-bb89-47ad-94d8-b534f722dff0" testId="82c21a02-0eaa-b33b-6618-e225964dbef2" testName="deberia_poder_validar_si_un_objeto_no_es_nulo" computerName="MDS-RH-0002" duration="00:00:00.0002698" startTime="2013-02-01T19:39:19.2171594-03:00" endTime="2013-02-01T19:39:19.2201597-03:00" testType="13cdc9d9-ddb5-4fa4-a97d-d965ccfc6d4b" outcome="Passed" testListId="8c84fa94-04c1-424b-9868-57a2d4851a1d" relativeResultsDirectory="a60d4b10-bb89-47ad-94d8-b534f722dff0">
    </UnitTestResult>
    <UnitTestResult executionId="c795332e-0a8e-4daa-bd1e-b32815dee446" testId="82d93e8f-20e5-8c41-b9f1-1d42beccc7c0" testName="deberia_mostrarme_una_unica_vez_la_secretaria_que_posee_el_area_cuando_los_datos_estan_repetidos" computerName="MDS-RH-0002" duration="00:00:00.0085399" startTime="2013-02-01T19:39:19.2221599-03:00" endTime="2013-02-01T19:39:19.2341611-03:00" testType="13cdc9d9-ddb5-4fa4-a97d-d965ccfc6d4b" outcome="Passed" testListId="8c84fa94-04c1-424b-9868-57a2d4851a1d" relativeResultsDirectory="c795332e-0a8e-4daa-bd1e-b32815dee446">
    </UnitTestResult>
    <UnitTestResult executionId="065cc0b4-4fbf-4c19-bcf7-041e1f197401" testId="8464698d-61d5-d408-819d-53311ef832f8" testName="Un_organigrama_deberia_poder_decirme_todas_las_areas_que_son_superiores_a_un_area_dada" computerName="MDS-RH-0002" duration="00:00:00.0003118" startTime="2013-02-01T19:39:19.2361613-03:00" endTime="2013-02-01T19:39:19.2391616-03:00" testType="13cdc9d9-ddb5-4fa4-a97d-d965ccfc6d4b" outcome="Passed" testListId="8c84fa94-04c1-424b-9868-57a2d4851a1d" relativeResultsDirectory="065cc0b4-4fbf-4c19-bcf7-041e1f197401">
    </UnitTestResult>
    <UnitTestResult executionId="0254d7eb-02ad-4b6b-ab49-f3ae57d5b3f7" testId="88eff91e-3ca2-b202-c4d3-20146aaa990f" testName="al_buscar_por_un_numero_de_ticket__de_documento_o_parte_de_él_debe_traer_todos_los_documentos_que_cumplen_con_ello" computerName="MDS-RH-0002" duration="00:00:00.0005886" startTime="2013-02-01T19:39:19.2411618-03:00" endTime="2013-02-01T19:39:19.2441621-03:00" testType="13cdc9d9-ddb5-4fa4-a97d-d965ccfc6d4b" outcome="Passed" testListId="8c84fa94-04c1-424b-9868-57a2d4851a1d" relativeResultsDirectory="0254d7eb-02ad-4b6b-ab49-f3ae57d5b3f7">
    </UnitTestResult>
    <UnitTestResult executionId="5aeb2f2e-0a56-4e1d-a39b-8fd25bf449db" testId="8c631ab0-9081-f239-8e5b-8f0f7f274cb2" testName="al_buscar_por_fecha_desde_y_fecha_hasta_debería_traer_todos_los_documentos_cuya_fecha_está_incluída_en_ese_rango" computerName="MDS-RH-0002" duration="00:00:00.0012049" startTime="2013-02-01T19:39:19.2461623-03:00" endTime="2013-02-01T19:39:19.2501627-03:00" testType="13cdc9d9-ddb5-4fa4-a97d-d965ccfc6d4b" outcome="Passed" testListId="8c84fa94-04c1-424b-9868-57a2d4851a1d" relativeResultsDirectory="5aeb2f2e-0a56-4e1d-a39b-8fd25bf449db">
    </UnitTestResult>
    <UnitTestResult executionId="5a684865-65b5-4bdf-807d-26c8062d9271" testId="8d450b91-f2a6-e64d-c4a7-eee63e8851da" testName="deberia_poder_agregar_un_row_desde_una_entidad_especificando_como_obtener_los_valores_a_partir_de_la_misma" computerName="MDS-RH-0002" duration="00:00:00.0014693" startTime="2013-02-01T19:39:19.2511628-03:00" endTime="2013-02-01T19:39:19.2551632-03:00" testType="13cdc9d9-ddb5-4fa4-a97d-d965ccfc6d4b" outcome="Passed" testListId="8c84fa94-04c1-424b-9868-57a2d4851a1d" relativeResultsDirectory="5a684865-65b5-4bdf-807d-26c8062d9271">
    </UnitTestResult>
    <UnitTestResult executionId="9c572b35-e304-4ea6-8dc5-71b9f43500eb" testId="8e8c4b00-453c-ac9a-23f7-d441cdf71296" testName="deberia_traer_una_unica_area_con_los_datos_de_contacto_de_la_misma" computerName="MDS-RH-0002" duration="00:00:00.0064727" startTime="2013-02-01T19:39:19.2571634-03:00" endTime="2013-02-01T19:39:19.2661643-03:00" testType="13cdc9d9-ddb5-4fa4-a97d-d965ccfc6d4b" outcome="Passed" testListId="8c84fa94-04c1-424b-9868-57a2d4851a1d" relativeResultsDirectory="9c572b35-e304-4ea6-8dc5-71b9f43500eb">
    </UnitTestResult>
    <UnitTestResult executionId="e3868905-32ca-4aed-9525-f8dcc32f9851" testId="8f23a447-15d5-92c8-a4fb-7722c21b1c07" testName="deberia_poder_decirle_a_un_repositorio_que_use_una_conexion_que_devuelve_un_organigrama_simple" computerName="MDS-RH-0002" duration="00:00:00.0054656" startTime="2013-02-01T19:39:19.2671644-03:00" endTime="2013-02-01T19:39:19.2761653-03:00" testType="13cdc9d9-ddb5-4fa4-a97d-d965ccfc6d4b" outcome="Passed" testListId="8c84fa94-04c1-424b-9868-57a2d4851a1d" relativeResultsDirectory="e3868905-32ca-4aed-9525-f8dcc32f9851">
    </UnitTestResult>
    <UnitTestResult executionId="393c3a0f-93f7-46bc-99b0-0b6eb022814a" testId="91497819-ba2a-f2e9-9418-b935f4653def" testName="deberia_poder_validar_si_un_id_es_valido" computerName="MDS-RH-0002" duration="00:00:00.0002382" startTime="2013-02-01T19:39:19.2771654-03:00" endTime="2013-02-01T19:39:19.2801657-03:00" testType="13cdc9d9-ddb5-4fa4-a97d-d965ccfc6d4b" outcome="Passed" testListId="8c84fa94-04c1-424b-9868-57a2d4851a1d" relativeResultsDirectory="393c3a0f-93f7-46bc-99b0-0b6eb022814a">
    </UnitTestResult>
    <UnitTestResult executionId="23c65fc2-c71e-480c-bdea-3f6ee62197b5" testId="94211d25-4f01-6a4f-21c4-290dd165eb14" testName="no_deberia_traer_inasistencias_de_un_alumno_que_no_falto" computerName="MDS-RH-0002" duration="00:00:00.0005597" startTime="2013-02-01T19:39:19.2811658-03:00" endTime="2013-02-01T19:39:19.2851662-03:00" testType="13cdc9d9-ddb5-4fa4-a97d-d965ccfc6d4b" outcome="Passed" testListId="8c84fa94-04c1-424b-9868-57a2d4851a1d" relativeResultsDirectory="23c65fc2-c71e-480c-bdea-3f6ee62197b5">
    </UnitTestResult>
    <UnitTestResult executionId="98fe22e8-4d1c-4db5-80db-48e7bae10b6c" testId="96fb1f26-cf56-3c03-ade6-884985acd8d7" testName="deberia_poder_validar_si_un_id_no_es_valido" computerName="MDS-RH-0002" duration="00:00:00.0003329" startTime="2013-02-01T19:39:19.2861663-03:00" endTime="2013-02-01T19:39:19.2891666-03:00" testType="13cdc9d9-ddb5-4fa4-a97d-d965ccfc6d4b" outcome="Passed" testListId="8c84fa94-04c1-424b-9868-57a2d4851a1d" relativeResultsDirectory="98fe22e8-4d1c-4db5-80db-48e7bae10b6c">
    </UnitTestResult>
    <UnitTestResult executionId="de06d39d-a28f-40e9-ad16-efce5ae71f5e" testId="98d79b4f-0fef-791a-b39b-89c03b95d3e3" testName="dado_un_curso_que_se_cursa_los_lunes_y_jueves_cuando_le_pregunto_cuantos_dias_de_cursada_hay_inlcuyendo_feriados_en_febrero_de_2013_me_dice_8_porque_dos_son_feriados" computerName="MDS-RH-0002" duration="00:00:00.0032409" startTime="2013-02-01T19:39:19.2901667-03:00" endTime="2013-02-01T19:39:19.2961673-03:00" testType="13cdc9d9-ddb5-4fa4-a97d-d965ccfc6d4b" outcome="Passed" testListId="8c84fa94-04c1-424b-9868-57a2d4851a1d" relativeResultsDirectory="de06d39d-a28f-40e9-ad16-efce5ae71f5e">
    </UnitTestResult>
    <UnitTestResult executionId="f5489b73-6cce-4a71-a62c-6c1396053e46" testId="999cd32d-d69f-3834-8d48-f15d37fd5243" testName="deberia_traer_viaticos_de_la_provincia_SALTA_y_CORDOBA_en_el_periodo_011012_261012" computerName="MDS-RH-0002" duration="00:00:00.0030958" startTime="2013-02-01T19:39:19.2981675-03:00" endTime="2013-02-01T19:39:19.3031680-03:00" testType="13cdc9d9-ddb5-4fa4-a97d-d965ccfc6d4b" outcome="Passed" testListId="8c84fa94-04c1-424b-9868-57a2d4851a1d" relativeResultsDirectory="f5489b73-6cce-4a71-a62c-6c1396053e46">
    </UnitTestResult>
    <UnitTestResult executionId="8aaae1c8-fad0-4288-8c09-d3dc073635e3" testId="9f7c8e27-eadb-ceef-1191-65859b891fab" testName="al_buscar_por_nombre_de_numero_de_documento_y_fechas_desde_y_hasta_y_extracto_de_un_documento_debe_traer_todos_los_documentos_que_cumplen_con_ello" computerName="MDS-RH-0002" duration="00:00:00.0014863" startTime="2013-02-01T19:39:19.3051682-03:00" endTime="2013-02-01T19:39:19.3091686-03:00" testType="13cdc9d9-ddb5-4fa4-a97d-d965ccfc6d4b" outcome="Passed" testListId="8c84fa94-04c1-424b-9868-57a2d4851a1d" relativeResultsDirectory="8aaae1c8-fad0-4288-8c09-d3dc073635e3">
    </UnitTestResult>
    <UnitTestResult executionId="45261d5d-a2e6-4207-9f93-95f60bb65e64" testId="a44cf039-3a08-31a6-19c4-66a5660ef220" testName="deberia_poder_obtener_todos_los_datos_del_area_y_ver_que_estan_completos" computerName="MDS-RH-0002" duration="00:00:00.0113586" startTime="2013-02-01T19:39:19.3101687-03:00" endTime="2013-02-01T19:39:19.3241701-03:00" testType="13cdc9d9-ddb5-4fa4-a97d-d965ccfc6d4b" outcome="Passed" testListId="8c84fa94-04c1-424b-9868-57a2d4851a1d" relativeResultsDirectory="45261d5d-a2e6-4207-9f93-95f60bb65e64">
    </UnitTestResult>
    <UnitTestResult executionId="13c968d4-0f74-4edb-b223-548df2a87278" testId="a783754e-a02b-a257-f4ac-f48395928085" testName="al_buscar_por_el_area_del_usuario_logueado_debe_traer_todos_los_documentos_que_aun_son_responsabilidad_de_dicha_area" computerName="MDS-RH-0002" duration="00:00:00.0003060" startTime="2013-02-01T19:39:19.3261703-03:00" endTime="2013-02-01T19:39:19.3291706-03:00" testType="13cdc9d9-ddb5-4fa4-a97d-d965ccfc6d4b" outcome="Passed" testListId="8c84fa94-04c1-424b-9868-57a2d4851a1d" relativeResultsDirectory="13c968d4-0f74-4edb-b223-548df2a87278">
    </UnitTestResult>
    <UnitTestResult executionId="589328d0-f38a-44f8-bb4d-8ed9a3caaccb" testId="a8bf43a7-c593-21c5-b353-6a677fedb6e1" testName="dado_un_area_quiero_saber_nombre_telefono_y_mail_de_responsable" computerName="MDS-RH-0002" duration="00:00:00.0004257" startTime="2013-02-01T19:39:19.3301707-03:00" endTime="2013-02-01T19:39:19.3341711-03:00" testType="13cdc9d9-ddb5-4fa4-a97d-d965ccfc6d4b" outcome="Passed" testListId="8c84fa94-04c1-424b-9868-57a2d4851a1d" relativeResultsDirectory="589328d0-f38a-44f8-bb4d-8ed9a3caaccb">
    </UnitTestResult>
    <UnitTestResult executionId="25d05860-48af-49c3-a7c3-fbea5746b495" testId="a91c3d07-7c7d-1fe6-99ad-80e4a1548474" testName="deberia_crear_una_tabla_con_id_y_un_valor_1" computerName="MDS-RH-0002" duration="00:00:00.0004557" startTime="2013-02-01T19:39:19.3361713-03:00" endTime="2013-02-01T19:39:19.3391716-03:00" testType="13cdc9d9-ddb5-4fa4-a97d-d965ccfc6d4b" outcome="Passed" testListId="8c84fa94-04c1-424b-9868-57a2d4851a1d" relativeResultsDirectory="25d05860-48af-49c3-a7c3-fbea5746b495">
    </UnitTestResult>
    <UnitTestResult executionId="339ed89a-10ac-40ff-91a7-ca98d8a0b417" testId="abcb6bdb-8479-892d-4456-095226c976bc" testName="fabian_deberia_tener_acceso_a_viaticos_y_a_documentos" computerName="MDS-RH-0002" duration="00:00:00.0085661" startTime="2013-02-01T19:39:19.3411718-03:00" endTime="2013-02-01T19:39:19.3521729-03:00" testType="13cdc9d9-ddb5-4fa4-a97d-d965ccfc6d4b" outcome="Passed" testListId="8c84fa94-04c1-424b-9868-57a2d4851a1d" relativeResultsDirectory="339ed89a-10ac-40ff-91a7-ca98d8a0b417">
    </UnitTestResult>
    <UnitTestResult executionId="220fa2e1-ae27-4e50-8e9d-df0b90670376" testId="b0dad42f-cacf-b7c8-3bc2-1641e13c9caa" testName="deberia_devolver_region_METRO_con_BuenosAires_con_una_localidad_con_id_4" computerName="MDS-RH-0002" duration="00:00:00.0020514" startTime="2013-02-01T19:39:19.3541731-03:00" endTime="2013-02-01T19:39:19.3591736-03:00" testType="13cdc9d9-ddb5-4fa4-a97d-d965ccfc6d4b" outcome="Passed" testListId="8c84fa94-04c1-424b-9868-57a2d4851a1d" relativeResultsDirectory="220fa2e1-ae27-4e50-8e9d-df0b90670376">
    </UnitTestResult>
    <UnitTestResult executionId="5397bcf5-57a4-43cd-9328-fc6aea40593c" testId="b8bd6fa3-7b0e-dbc4-d1ea-17a66d88e614" testName="mensajeria_deberia_enviar_documento" computerName="MDS-RH-0002" duration="00:00:00.0006263" startTime="2013-02-01T19:39:19.3601737-03:00" endTime="2013-02-01T19:39:19.3631740-03:00" testType="13cdc9d9-ddb5-4fa4-a97d-d965ccfc6d4b" outcome="Passed" testListId="8c84fa94-04c1-424b-9868-57a2d4851a1d" relativeResultsDirectory="5397bcf5-57a4-43cd-9328-fc6aea40593c">
    </UnitTestResult>
    <UnitTestResult executionId="3692ecc8-3e68-4eff-a332-f2123d925420" testId="bb2112d4-68ef-15b6-48ec-73b20e57caa9" testName="Un_organigrama_deberia_poder_decirme_todas_las_areas_que_posee" computerName="MDS-RH-0002" duration="00:00:00.0002740" startTime="2013-02-01T19:39:19.3651742-03:00" endTime="2013-02-01T19:39:19.3681745-03:00" testType="13cdc9d9-ddb5-4fa4-a97d-d965ccfc6d4b" outcome="Passed" testListId="8c84fa94-04c1-424b-9868-57a2d4851a1d" relativeResultsDirectory="3692ecc8-3e68-4eff-a332-f2123d925420">
    </UnitTestResult>
    <UnitTestResult executionId="3ca835ed-dd11-4954-bb52-1e1bd3591916" testId="bb2f1794-72bc-c3ce-3c94-a7e6c21d4812" testName="deberia_poder_obtener_los_alumnos_de_un_curso" computerName="MDS-RH-0002" duration="00:00:00.0016133" startTime="2013-02-01T19:39:19.3691746-03:00" endTime="2013-02-01T19:39:19.3731750-03:00" testType="13cdc9d9-ddb5-4fa4-a97d-d965ccfc6d4b" outcome="Passed" testListId="8c84fa94-04c1-424b-9868-57a2d4851a1d" relativeResultsDirectory="3ca835ed-dd11-4954-bb52-1e1bd3591916">
    </UnitTestResult>
    <UnitTestResult executionId="67d3e918-7e9d-4630-9caf-700cf79b97f3" testId="bb759e7e-2161-1c79-ee60-b7766df2bd3f" testName="Un_organigrama_deberia_poder_decirme_todas_las_areas_inferiores_inmediatas_a_un_area_dada" computerName="MDS-RH-0002" duration="00:00:00.0002559" startTime="2013-02-01T19:39:19.3741751-03:00" endTime="2013-02-01T19:39:19.3771754-03:00" testType="13cdc9d9-ddb5-4fa4-a97d-d965ccfc6d4b" outcome="Passed" testListId="8c84fa94-04c1-424b-9868-57a2d4851a1d" relativeResultsDirectory="67d3e918-7e9d-4630-9caf-700cf79b97f3">
    </UnitTestResult>
    <UnitTestResult executionId="88be2141-4b4b-406e-9715-9d41b8cabe2d" testId="bbbb69a9-ef38-b5dc-de66-8e150133f998" testName="no_deberia_poder_cargar_una_inasistencia_si_el_dia_no_era_cursable" computerName="MDS-RH-0002" duration="00:00:00.0004889" startTime="2013-02-01T19:39:19.3791756-03:00" endTime="2013-02-01T19:39:19.3821759-03:00" testType="13cdc9d9-ddb5-4fa4-a97d-d965ccfc6d4b" outcome="Passed" testListId="8c84fa94-04c1-424b-9868-57a2d4851a1d" relativeResultsDirectory="88be2141-4b4b-406e-9715-9d41b8cabe2d">
    </UnitTestResult>
    <UnitTestResult executionId="c1cb5cbe-bdca-40a5-b119-e9a83100f834" testId="bf34bac0-1211-e38d-1273-9a3107460eaa" testName="dado_aazz_debe_ser_abaa" computerName="MDS-RH-0002" duration="00:00:00.0002163" startTime="2013-02-01T19:39:19.3831760-03:00" endTime="2013-02-01T19:39:19.3861763-03:00" testType="13cdc9d9-ddb5-4fa4-a97d-d965ccfc6d4b" outcome="Passed" testListId="8c84fa94-04c1-424b-9868-57a2d4851a1d" relativeResultsDirectory="c1cb5cbe-bdca-40a5-b119-e9a83100f834">
    </UnitTestResult>
    <UnitTestResult executionId="0265d3a4-86dc-4f06-a873-7bd66610ab8b" testId="bf3ea6c6-ab88-4696-72a1-f31917a72c6c" testName="al_solicitarle_las_areas_inferiores_de_Fabi_no_debe_traer_ninguna" computerName="MDS-RH-0002" duration="00:00:00.0002548" startTime="2013-02-01T19:39:19.3871764-03:00" endTime="2013-02-01T19:39:19.3901767-03:00" testType="13cdc9d9-ddb5-4fa4-a97d-d965ccfc6d4b" outcome="Passed" testListId="8c84fa94-04c1-424b-9868-57a2d4851a1d" relativeResultsDirectory="0265d3a4-86dc-4f06-a873-7bd66610ab8b">
    </UnitTestResult>
    <UnitTestResult executionId="bd14ef04-5f3c-43c5-8035-746b2d44bbd7" testId="c09a892a-1cf8-8734-95e1-5859c143f708" testName="al_buscar_por_reponsable_de_area_a_Fabian_deberia_traerme_el_area_cuyo_nombre_de_responsable_es_Fabian" computerName="MDS-RH-0002" duration="00:00:00.0006890" startTime="2013-02-01T19:39:19.3911768-03:00" endTime="2013-02-01T19:39:19.3951772-03:00" testType="13cdc9d9-ddb5-4fa4-a97d-d965ccfc6d4b" outcome="Passed" testListId="8c84fa94-04c1-424b-9868-57a2d4851a1d" relativeResultsDirectory="bd14ef04-5f3c-43c5-8035-746b2d44bbd7">
    </UnitTestResult>
    <UnitTestResult executionId="0d01c07c-5a9f-4632-8a08-528515cc3c1c" testId="c2c53443-9c7d-40b6-5a5a-6d158c6cf141" testName="deberia_traer_viaticos_de_BELEN_011012_261012" computerName="MDS-RH-0002" duration="00:00:00.0024083" startTime="2013-02-01T19:39:19.3961773-03:00" endTime="2013-02-01T19:39:19.4011778-03:00" testType="13cdc9d9-ddb5-4fa4-a97d-d965ccfc6d4b" outcome="Passed" testListId="8c84fa94-04c1-424b-9868-57a2d4851a1d" relativeResultsDirectory="0d01c07c-5a9f-4632-8a08-528515cc3c1c">
    </UnitTestResult>
    <UnitTestResult executionId="7e8fd78b-bba4-4404-bdfb-23cf4700a5ab" testId="c40af560-ccd4-15d1-681a-d268a1e88a1c" testName="no_deberia_permitir_pasarse_de_9" computerName="MDS-RH-0002" duration="00:00:00.0005512" startTime="2013-02-01T19:39:19.4031780-03:00" endTime="2013-02-01T19:39:19.4071784-03:00" testType="13cdc9d9-ddb5-4fa4-a97d-d965ccfc6d4b" outcome="Passed" testListId="8c84fa94-04c1-424b-9868-57a2d4851a1d" relativeResultsDirectory="7e8fd78b-bba4-4404-bdfb-23cf4700a5ab">
    </UnitTestResult>
    <UnitTestResult executionId="0514ef94-172a-4975-87aa-4716ea50f878" testId="c564bf77-b387-e233-53e7-c5c85a463602" testName="deberia_poder_obtener_un_curso_del_repositorio_de_cursos" computerName="MDS-RH-0002" duration="00:00:00.0009158" startTime="2013-02-01T19:39:19.4091786-03:00" endTime="2013-02-01T19:39:19.4121789-03:00" testType="13cdc9d9-ddb5-4fa4-a97d-d965ccfc6d4b" outcome="Passed" testListId="8c84fa94-04c1-424b-9868-57a2d4851a1d" relativeResultsDirectory="0514ef94-172a-4975-87aa-4716ea50f878">
    </UnitTestResult>
    <UnitTestResult executionId="76b315d5-7f5b-437f-ad5a-9011a488cabb" testId="c5bc7be4-1c6a-1e48-0dbd-f119f73d764c" testName="deberia_fallar_si_nada_indica_el_tipo_de_una_columna" computerName="MDS-RH-0002" duration="00:00:00.0004931" startTime="2013-02-01T19:39:19.4131790-03:00" endTime="2013-02-01T19:39:19.4171794-03:00" testType="13cdc9d9-ddb5-4fa4-a97d-d965ccfc6d4b" outcome="Passed" testListId="8c84fa94-04c1-424b-9868-57a2d4851a1d" relativeResultsDirectory="76b315d5-7f5b-437f-ad5a-9011a488cabb">
    </UnitTestResult>
    <UnitTestResult executionId="5008ab33-b916-449c-a4d7-7b1f9e49373a" testId="c5cbe3b9-5203-897f-6c97-10b52d6a9698" testName="dado_b_quiero_c" computerName="MDS-RH-0002" duration="00:00:00.0002021" startTime="2013-02-01T19:39:19.4191796-03:00" endTime="2013-02-01T19:39:19.4221799-03:00" testType="13cdc9d9-ddb5-4fa4-a97d-d965ccfc6d4b" outcome="Passed" testListId="8c84fa94-04c1-424b-9868-57a2d4851a1d" relativeResultsDirectory="5008ab33-b916-449c-a4d7-7b1f9e49373a">
    </UnitTestResult>
    <UnitTestResult executionId="123ffcba-0460-47e9-baa9-8bcb0f36f9a9" testId="c6c229fe-82f0-9917-4112-b9f4fc6d4ce9" testName="no_deberia_permitir_pasarse_de_zzz999" computerName="MDS-RH-0002" duration="00:00:00.0005239" startTime="2013-02-01T19:39:19.4241801-03:00" endTime="2013-02-01T19:39:19.4281805-03:00" testType="13cdc9d9-ddb5-4fa4-a97d-d965ccfc6d4b" outcome="Passed" testListId="8c84fa94-04c1-424b-9868-57a2d4851a1d" relativeResultsDirectory="123ffcba-0460-47e9-baa9-8bcb0f36f9a9">
    </UnitTestResult>
    <UnitTestResult executionId="650833c4-24a6-4612-a17e-2167e518f7a4" testId="c8e9fa12-63fb-548e-6319-248eaeb1ba50" testName="deberia_poder_tener_un_null_como_segundo_valor_de_una_columna" computerName="MDS-RH-0002" duration="00:00:00.0020256" startTime="2013-02-01T19:39:19.4291806-03:00" endTime="2013-02-01T19:39:19.4341811-03:00" testType="13cdc9d9-ddb5-4fa4-a97d-d965ccfc6d4b" outcome="Passed" testListId="8c84fa94-04c1-424b-9868-57a2d4851a1d" relativeResultsDirectory="650833c4-24a6-4612-a17e-2167e518f7a4">
    </UnitTestResult>
    <UnitTestResult executionId="7c00aee5-4a61-456c-b298-fcd3899d4344" testId="c966b980-8b4f-c10a-2879-8a06a8c7add4" testName="deberia_poder_obtener_todos_los_tipos_de_documento" computerName="MDS-RH-0002" duration="00:00:00.0019159" startTime="2013-02-01T19:39:19.4361813-03:00" endTime="2013-02-01T19:39:19.4401817-03:00" testType="13cdc9d9-ddb5-4fa4-a97d-d965ccfc6d4b" outcome="Passed" testListId="8c84fa94-04c1-424b-9868-57a2d4851a1d" relativeResultsDirectory="7c00aee5-4a61-456c-b298-fcd3899d4344">
    </UnitTestResult>
    <UnitTestResult executionId="5e28adb8-75f7-4f06-b020-a1f5f5022444" testId="cc560ad4-66d2-6e1b-fa1e-c1f8f0f47258" testName="no_deberia_poder_tener_un_documento_sin_tipo" computerName="MDS-RH-0002" duration="00:00:00.0004192" startTime="2013-02-01T19:39:19.4421819-03:00" endTime="2013-02-01T19:39:19.4451822-03:00" testType="13cdc9d9-ddb5-4fa4-a97d-d965ccfc6d4b" outcome="Passed" testListId="8c84fa94-04c1-424b-9868-57a2d4851a1d" relativeResultsDirectory="5e28adb8-75f7-4f06-b020-a1f5f5022444">
    </UnitTestResult>
    <UnitTestResult executionId="6ed76c87-7cef-4e8f-9bfa-4c877c1cc801" testId="cd0a2e1f-d61d-9cba-b24e-96406e906f5d" testName="TestGetZonas" computerName="MDS-RH-0002" duration="00:00:00.0001216" startTime="2013-02-01T19:39:19.4461823-03:00" endTime="2013-02-01T19:39:19.4491826-03:00" testType="13cdc9d9-ddb5-4fa4-a97d-d965ccfc6d4b" outcome="Passed" testListId="8c84fa94-04c1-424b-9868-57a2d4851a1d" relativeResultsDirectory="6ed76c87-7cef-4e8f-9bfa-4c877c1cc801">
    </UnitTestResult>
    <UnitTestResult executionId="31e20616-9016-4a74-b709-1b4a2027f88e" testId="cd2ddf59-b1d1-4ffd-b77a-55d96a13b533" testName="al_buscar_por_una_palabra_del_comentario_del_documento_debe_traer_todos_los_documentos_que_cumplen_con_ello" computerName="MDS-RH-0002" duration="00:00:00.0007606" startTime="2013-02-01T19:39:19.4501827-03:00" endTime="2013-02-01T19:39:19.4541831-03:00" testType="13cdc9d9-ddb5-4fa4-a97d-d965ccfc6d4b" outcome="Passed" testListId="8c84fa94-04c1-424b-9868-57a2d4851a1d" relativeResultsDirectory="31e20616-9016-4a74-b709-1b4a2027f88e">
    </UnitTestResult>
    <UnitTestResult executionId="d06e5b07-966c-4ff2-94b8-f2d75cca339c" testId="cecd7ff2-d148-29e8-850a-7574ad3e7580" testName="mensajeria_no_deberia_fallar_cuando_un_documento_no_tiene_trancisiones" computerName="MDS-RH-0002" duration="00:00:00.0008769" startTime="2013-02-01T19:39:19.4551832-03:00" endTime="2013-02-01T19:39:19.4591836-03:00" testType="13cdc9d9-ddb5-4fa4-a97d-d965ccfc6d4b" outcome="Passed" testListId="8c84fa94-04c1-424b-9868-57a2d4851a1d" relativeResultsDirectory="d06e5b07-966c-4ff2-94b8-f2d75cca339c">
    </UnitTestResult>
    <UnitTestResult executionId="d46d7c53-ec70-46f1-b15c-dedf50ad42f1" testId="cff26abc-fddb-ef75-0bf4-49cf50880ca7" testName="al_buscar_por_una_palabra_del_extracto_del_documento_debe_traer_todos_los_documentos_que_cumplen_con_ello" computerName="MDS-RH-0002" duration="00:00:00.0005778" startTime="2013-02-01T19:39:19.4601837-03:00" endTime="2013-02-01T19:39:19.4631840-03:00" testType="13cdc9d9-ddb5-4fa4-a97d-d965ccfc6d4b" outcome="Passed" testListId="8c84fa94-04c1-424b-9868-57a2d4851a1d" relativeResultsDirectory="d46d7c53-ec70-46f1-b15c-dedf50ad42f1">
    </UnitTestResult>
    <UnitTestResult executionId="3e2fb8f8-43f8-41a3-b61b-2ef1ee1778ba" testId="d3eb6b18-b89c-308d-2472-f70947e6c57b" testName="deberia_devolver_Buenos_Aires_con_dos_localidades" computerName="MDS-RH-0002" duration="00:00:00.0027039" startTime="2013-02-01T19:39:19.4651842-03:00" endTime="2013-02-01T19:39:19.4701847-03:00" testType="13cdc9d9-ddb5-4fa4-a97d-d965ccfc6d4b" outcome="Passed" testListId="8c84fa94-04c1-424b-9868-57a2d4851a1d" relativeResultsDirectory="3e2fb8f8-43f8-41a3-b61b-2ef1ee1778ba">
    </UnitTestResult>
    <UnitTestResult executionId="be698528-d12b-4db1-84f1-4d880816a929" testId="d4034162-71c0-cb22-9a98-76a42e56e55e" testName="deberia_poder_obtener_el_string_de_un_chekbox" computerName="MDS-RH-0002" duration="00:00:00.0003972" startTime="2013-02-01T19:39:19.4721849-03:00" endTime="2013-02-01T19:39:19.4751852-03:00" testType="13cdc9d9-ddb5-4fa4-a97d-d965ccfc6d4b" outcome="Passed" testListId="8c84fa94-04c1-424b-9868-57a2d4851a1d" relativeResultsDirectory="be698528-d12b-4db1-84f1-4d880816a929">
    </UnitTestResult>
    <UnitTestResult executionId="cc8baf31-6f87-406a-97e5-192d0ed1ea5d" testId="d5acc190-8ff6-3621-55ca-bde560b60f80" testName="Un_organigrama_deberia_poder_decirme_cual_es_el_area_superior_de_un_area_dada" computerName="MDS-RH-0002" duration="00:00:00.0002209" startTime="2013-02-01T19:39:19.4761853-03:00" endTime="2013-02-01T19:39:19.4791856-03:00" testType="13cdc9d9-ddb5-4fa4-a97d-d965ccfc6d4b" outcome="Passed" testListId="8c84fa94-04c1-424b-9868-57a2d4851a1d" relativeResultsDirectory="cc8baf31-6f87-406a-97e5-192d0ed1ea5d">
    </UnitTestResult>
    <UnitTestResult executionId="51ee8337-6b61-43f6-9d56-e6bb28fde7c8" testId="d7dcf4df-b012-3cb2-f383-e4a465f466d1" testName="deberia_poder_insertar_un_documento_en_la_base_con_numero_de_ticket" computerName="MDS-RH-0002" duration="00:00:00.0012738" startTime="2013-02-01T19:39:19.4811858-03:00" endTime="2013-02-01T19:39:19.4851862-03:00" testType="13cdc9d9-ddb5-4fa4-a97d-d965ccfc6d4b" outcome="Passed" testListId="8c84fa94-04c1-424b-9868-57a2d4851a1d" relativeResultsDirectory="51ee8337-6b61-43f6-9d56-e6bb28fde7c8">
    </UnitTestResult>
    <UnitTestResult executionId="620be461-e8df-4ffa-9383-46851e915852" testId="ddde0ed2-12a5-9bf8-2fdd-b32f11508a59" testName="deberia_poder_guardar_una_transicion_nueva" computerName="MDS-RH-0002" duration="00:00:00.0010124" startTime="2013-02-01T19:39:19.4871864-03:00" endTime="2013-02-01T19:39:19.4901867-03:00" testType="13cdc9d9-ddb5-4fa4-a97d-d965ccfc6d4b" outcome="Passed" testListId="8c84fa94-04c1-424b-9868-57a2d4851a1d" relativeResultsDirectory="620be461-e8df-4ffa-9383-46851e915852">
    </UnitTestResult>
    <UnitTestResult executionId="31463c17-6dff-4462-83b7-b50bfaec10df" testId="de307af2-1c44-a9c2-0624-80b438a3400b" testName="usuario_mesa_entrada_deberia_tener_solo_acceso_a_documentos" computerName="MDS-RH-0002" duration="00:00:00.0068788" startTime="2013-02-01T19:39:19.4921869-03:00" endTime="2013-02-01T19:39:19.5011878-03:00" testType="13cdc9d9-ddb5-4fa4-a97d-d965ccfc6d4b" outcome="Passed" testListId="8c84fa94-04c1-424b-9868-57a2d4851a1d" relativeResultsDirectory="31463c17-6dff-4462-83b7-b50bfaec10df">
    </UnitTestResult>
    <UnitTestResult executionId="e8fd1b73-4136-49c6-afef-53f93add97f3" testId="dfede4a0-4add-37a3-8cce-099c64499527" testName="dado_1_quiero_2" computerName="MDS-RH-0002" duration="00:00:00.0002059" startTime="2013-02-01T19:39:19.5031880-03:00" endTime="2013-02-01T19:39:19.5061883-03:00" testType="13cdc9d9-ddb5-4fa4-a97d-d965ccfc6d4b" outcome="Passed" testListId="8c84fa94-04c1-424b-9868-57a2d4851a1d" relativeResultsDirectory="e8fd1b73-4136-49c6-afef-53f93add97f3">
    </UnitTestResult>
    <UnitTestResult executionId="7e5d6b38-fe97-4885-931a-535a8b7870df" testId="e1d67ae5-71d9-5872-41a1-7a2a4d910702" testName="mensajeria_deberia_poder_generar_una_transicion_futura" computerName="MDS-RH-0002" duration="00:00:00.0181004" startTime="2013-02-01T19:39:19.5081885-03:00" endTime="2013-02-01T19:39:19.5291906-03:00" testType="13cdc9d9-ddb5-4fa4-a97d-d965ccfc6d4b" outcome="Failed" testListId="8c84fa94-04c1-424b-9868-57a2d4851a1d" relativeResultsDirectory="7e5d6b38-fe97-4885-931a-535a8b7870df">
      <Output>
        <ErrorInfo>
          <Message>Error de Assert.IsTrue. </Message>
          <StackTrace>   en TestViaticos.TestMensajeria.mensajeria_deberia_poder_generar_una_transicion_futura() en C:\Repositorios\FernandoAssembla\SistemaWeb\TestViaticos\TestMensajeria.cs:línea 84
</StackTrace>
        </ErrorInfo>
      </Output>
    </UnitTestResult>
    <UnitTestResult executionId="2595212a-02fb-4748-9909-aba1ea0dad33" testId="e22ce867-04ec-cc74-8f00-0fdb0256cb9f" testName="deberia_considerar_las_estadias_comenzadas_en_el_periodo" computerName="MDS-RH-0002" duration="00:00:00.0011210" startTime="2013-02-01T19:39:19.5301907-03:00" endTime="2013-02-01T19:39:19.5341911-03:00" testType="13cdc9d9-ddb5-4fa4-a97d-d965ccfc6d4b" outcome="Passed" testListId="8c84fa94-04c1-424b-9868-57a2d4851a1d" relativeResultsDirectory="2595212a-02fb-4748-9909-aba1ea0dad33">
    </UnitTestResult>
    <UnitTestResult executionId="9b5a6767-6839-4c09-b583-867ea7343d46" testId="e454c39b-e973-6bea-bc19-3dd352fe2860" testName="deberia_crear_una_tabla_con_id" computerName="MDS-RH-0002" duration="00:00:00.0010705" startTime="2013-02-01T19:39:19.5351912-03:00" endTime="2013-02-01T19:39:19.5401917-03:00" testType="13cdc9d9-ddb5-4fa4-a97d-d965ccfc6d4b" outcome="Passed" testListId="8c84fa94-04c1-424b-9868-57a2d4851a1d" relativeResultsDirectory="9b5a6767-6839-4c09-b583-867ea7343d46">
    </UnitTestResult>
    <UnitTestResult executionId="502753d1-87b3-49e9-8a0e-895ea2906b7d" testId="e4a0643c-ded2-0a34-7284-5a78ff072139" testName="deberia_poder_guardar_un_nuevo_viatico_en_el_repositorio_de_viaticos_y_que_se_le_asigne_un_id" computerName="MDS-RH-0002" duration="00:00:00.0060631" startTime="2013-02-01T19:39:19.5411918-03:00" endTime="2013-02-01T19:39:19.5501927-03:00" testType="13cdc9d9-ddb5-4fa4-a97d-d965ccfc6d4b" outcome="Passed" testListId="8c84fa94-04c1-424b-9868-57a2d4851a1d" relativeResultsDirectory="502753d1-87b3-49e9-8a0e-895ea2906b7d">
    </UnitTestResult>
    <UnitTestResult executionId="264e7fcb-b65f-4720-9265-c964cbd9c7ea" testId="e51e2c6f-d445-6901-d7cc-9c752d9465ed" testName="dado_a9_quiero_b0" computerName="MDS-RH-0002" duration="00:00:00.0002171" startTime="2013-02-01T19:39:19.5521929-03:00" endTime="2013-02-01T19:39:19.5551932-03:00" testType="13cdc9d9-ddb5-4fa4-a97d-d965ccfc6d4b" outcome="Passed" testListId="8c84fa94-04c1-424b-9868-57a2d4851a1d" relativeResultsDirectory="264e7fcb-b65f-4720-9265-c964cbd9c7ea">
    </UnitTestResult>
    <UnitTestResult executionId="e46a6d8a-fe7c-45b1-8a3f-6878d4043cc5" testId="e599cad1-eda4-094c-45c1-605d2f0e5702" testName="al_buscar_por_reponsable_de_area_a_Novoa_deberia_traerme_el_area_cuyo_apellido_de_responsable_es_Novoa" computerName="MDS-RH-0002" duration="00:00:00.0006078" startTime="2013-02-01T19:39:19.5561933-03:00" endTime="2013-02-01T19:39:19.5601937-03:00" testType="13cdc9d9-ddb5-4fa4-a97d-d965ccfc6d4b" outcome="Passed" testListId="8c84fa94-04c1-424b-9868-57a2d4851a1d" relativeResultsDirectory="e46a6d8a-fe7c-45b1-8a3f-6878d4043cc5">
    </UnitTestResult>
    <UnitTestResult executionId="9e98635e-17d2-4da6-9ebe-5680c2b83f8f" testId="e6bad939-5185-804d-09f5-03d6b8675f35" testName="dado_un_curso_que_se_cursa_todos_los_jueves_cuando_le_pregunto_por_las_fechas_en_que_hay_que_asistir_durante_enero_de_2013_debe_contestar_5" computerName="MDS-RH-0002" duration="00:00:00.0011556" startTime="2013-02-01T19:39:19.5611938-03:00" endTime="2013-02-01T19:39:19.5651942-03:00" testType="13cdc9d9-ddb5-4fa4-a97d-d965ccfc6d4b" outcome="Passed" testListId="8c84fa94-04c1-424b-9868-57a2d4851a1d" relativeResultsDirectory="9e98635e-17d2-4da6-9ebe-5680c2b83f8f">
    </UnitTestResult>
    <UnitTestResult executionId="cc664c6d-c57f-41cc-8a3f-91bf1608af09" testId="e9aa986f-7293-c98f-9d6b-6050f52118de" testName="dado_az_quiero_ba" computerName="MDS-RH-0002" duration="00:00:00.0002098" startTime="2013-02-01T19:39:19.5661943-03:00" endTime="2013-02-01T19:39:19.5701947-03:00" testType="13cdc9d9-ddb5-4fa4-a97d-d965ccfc6d4b" outcome="Passed" testListId="8c84fa94-04c1-424b-9868-57a2d4851a1d" relativeResultsDirectory="cc664c6d-c57f-41cc-8a3f-91bf1608af09">
    </UnitTestResult>
    <UnitTestResult executionId="26950954-6722-4ac3-a1d9-0e4f5a8f80da" testId="eaffb742-992c-e34c-dbe5-be3438e36b95" testName="al_buscar_por_reponsable_de_area_a_Miranda_debe_traer_dos_areas_una_con_responsable_cuyo_nombre_es_Miranda_y_otra_area_cuyo_apellido_de_responsable_es_también_Miranda" computerName="MDS-RH-0002" duration="00:00:00.0006047" startTime="2013-02-01T19:39:19.5711948-03:00" endTime="2013-02-01T19:39:19.5741951-03:00" testType="13cdc9d9-ddb5-4fa4-a97d-d965ccfc6d4b" outcome="Passed" testListId="8c84fa94-04c1-424b-9868-57a2d4851a1d" relativeResultsDirectory="26950954-6722-4ac3-a1d9-0e4f5a8f80da">
    </UnitTestResult>
    <UnitTestResult executionId="1441d12a-2df2-4c7f-a60b-8b03d11fdf1c" testId="f01f9398-de8a-e114-4944-4c3877e413a9" testName="deberia_poder_obtener_el_string_de_un_link_en_imagen_de_las_entidades_seleccionadas" computerName="MDS-RH-0002" duration="00:00:00.0004846" startTime="2013-02-01T19:39:19.5761953-03:00" endTime="2013-02-01T19:39:19.5791956-03:00" testType="13cdc9d9-ddb5-4fa4-a97d-d965ccfc6d4b" outcome="Passed" testListId="8c84fa94-04c1-424b-9868-57a2d4851a1d" relativeResultsDirectory="1441d12a-2df2-4c7f-a60b-8b03d11fdf1c">
    </UnitTestResult>
    <UnitTestResult executionId="73d3c5da-9ff8-48ff-a279-82442cdca49c" testId="f1682d17-f3d2-e7a6-602e-a5fe64b0b83a" testName="al_transicionar_desde_otra_area_genera_2_transiciones" computerName="MDS-RH-0002" duration="00:00:00.0016657" startTime="2013-02-01T19:39:19.5801957-03:00" endTime="2013-02-01T19:39:19.5841961-03:00" testType="13cdc9d9-ddb5-4fa4-a97d-d965ccfc6d4b" outcome="Passed" testListId="8c84fa94-04c1-424b-9868-57a2d4851a1d" relativeResultsDirectory="73d3c5da-9ff8-48ff-a279-82442cdca49c">
    </UnitTestResult>
    <UnitTestResult executionId="8b51bccd-1576-4b7e-8a1f-a45a7be7f30b" testId="f1f50432-1bf0-de96-51bb-b6443df4774c" testName="no_deberia_poder_guardarse_un_documento_sin_tipo" computerName="MDS-RH-0002" duration="00:00:00.0005089" startTime="2013-02-01T19:39:19.5861963-03:00" endTime="2013-02-01T19:39:19.5891966-03:00" testType="13cdc9d9-ddb5-4fa4-a97d-d965ccfc6d4b" outcome="Passed" testListId="8c84fa94-04c1-424b-9868-57a2d4851a1d" relativeResultsDirectory="8b51bccd-1576-4b7e-8a1f-a45a7be7f30b">
    </UnitTestResult>
    <UnitTestResult executionId="ff67b40f-cf19-40f7-99bc-fb7584e290e5" testId="fc3e1a26-3625-7f18-819c-6724010eb1dd" testName="al_buscar_por_un_tipo_de_documento_debe_traer_todos_los_documentos_que_cumplen_con_ello" computerName="MDS-RH-0002" duration="00:00:00.0007999" startTime="2013-02-01T19:39:19.5901967-03:00" endTime="2013-02-01T19:39:19.5941971-03:00" testType="13cdc9d9-ddb5-4fa4-a97d-d965ccfc6d4b" outcome="Passed" testListId="8c84fa94-04c1-424b-9868-57a2d4851a1d" relativeResultsDirectory="ff67b40f-cf19-40f7-99bc-fb7584e290e5">
    </UnitTestResult>
    <UnitTestResult executionId="32c462e5-8e88-40ab-927d-fc2f739201ad" testId="fe21a7fe-170b-9452-5951-05d7fa59464e" testName="deberia_agregar_una_inasistencia_a_un_alumno_para_una_planilla_que_esta_en_un_curso" computerName="MDS-RH-0002" duration="00:00:00.0003668" startTime="2013-02-01T19:39:19.5951972-03:00" endTime="2013-02-01T19:39:19.5991976-03:00" testType="13cdc9d9-ddb5-4fa4-a97d-d965ccfc6d4b" outcome="Passed" testListId="8c84fa94-04c1-424b-9868-57a2d4851a1d" relativeResultsDirectory="32c462e5-8e88-40ab-927d-fc2f739201ad">
    </UnitTestResult>
    <UnitTestResult executionId="3cf4d924-4b99-4305-9794-0620e98131cc" testId="ff5ca805-f71b-e477-63b1-db8e8b29d28e" testName="deberia_poder_generar_una_planilla_para_un_curso_y_mes" computerName="MDS-RH-0002" duration="00:00:00.0002171" startTime="2013-02-01T19:39:19.6001977-03:00" endTime="2013-02-01T19:39:19.6041981-03:00" testType="13cdc9d9-ddb5-4fa4-a97d-d965ccfc6d4b" outcome="Passed" testListId="8c84fa94-04c1-424b-9868-57a2d4851a1d" relativeResultsDirectory="3cf4d924-4b99-4305-9794-0620e98131cc">
    </UnitTestResult>
  </Results>
</TestRun>