<?xml version="1.0" encoding="UTF-8"?>
<TestRun id="c4a6918d-e94c-426c-b9aa-bbbdacf9a814" name="ACALCAGNO@MDS-1163 2013-03-26 19:54:05" runUser="SDS_DOMAIN_1\ACALCAGNO" xmlns="http://microsoft.com/schemas/VisualStudio/TeamTest/2010">
  <TestSettings name="Local" id="df296806-de48-495c-9280-032423d672d5">
    <Description>Esta es la configuración de pruebas predeterminada para una ejecución de pruebas local.</Description>
    <Deployment runDeploymentRoot="ACALCAGNO_MDS-1163 2013-03-26 19_54_05">
      <DeploymentItem filename="C:\Repositorio\Javier\Licencias Viaticos Web\rrhh\WebAsistencia\WebRhUI\bin\Debug\WebRhUI.dll" />
      <DeploymentItem filename="C:\Repositorio\Javier\Licencias Viaticos Web\rrhh\SharedLibs\NMock2.Test.dll" />
      <DeploymentItem filename="C:\Repositorio\Javier\Licencias Viaticos Web\rrhh\SharedLibs\Newtonsoft.Json.dll" />
      <DeploymentItem filename="C:\Repositorio\Javier\Licencias Viaticos Web\rrhh\SharedLibs\NDbUnit.Core.dll" />
      <DeploymentItem filename="C:\Repositorio\Javier\Licencias Viaticos Web\rrhh\ProyectoNet\General\bin\Debug\General.dll" />
      <DeploymentItem filename="C:\Repositorio\Javier\Licencias Viaticos Web\rrhh\SharedLibs\NDbUnit.SqlClient.dll" />
      <DeploymentItem filename="C:\Repositorio\Javier\Licencias Viaticos Web\rrhh\SharedLibs\NMock2.dll" />
    </Deployment>
    <Execution>
      <TestTypeSpecific>
        <UnitTestRunConfig testTypeId="13cdc9d9-ddb5-4fa4-a97d-d965ccfc6d4b">
          <AssemblyResolution>
            <TestDirectory useLoadContext="true" />
          </AssemblyResolution>
        </UnitTestRunConfig>
        <WebTestRunConfiguration testTypeId="4e7599fa-5ecb-43e9-a887-cd63cf72d207">
          <Browser name="Internet Explorer 7.0">
            <Headers>
              <Header name="User-Agent" value="Mozilla/4.0 (compatible; MSIE 7.0; Windows NT 5.1)" />
              <Header name="Accept" value="*/*" />
              <Header name="Accept-Language" value="{{$IEAcceptLanguage}}" />
              <Header name="Accept-Encoding" value="GZIP" />
            </Headers>
          </Browser>
        </WebTestRunConfiguration>
      </TestTypeSpecific>
      <AgentRule name="LocalMachineDefaultRole">
      </AgentRule>
    </Execution>
  </TestSettings>
  <Times creation="2013-03-26T19:54:05.0644832-03:00" queuing="2013-03-26T19:54:06.3356103-03:00" start="2013-03-26T19:54:06.4946262-03:00" finish="2013-03-26T19:54:08.7318499-03:00" />
  <ResultSummary outcome="Failed">
    <Counters total="137" executed="137" passed="128" error="0" failed="9" timeout="0" aborted="0" inconclusive="0" passedButRunAborted="0" notRunnable="0" notExecuted="0" disconnected="0" warning="0" completed="0" inProgress="0" pending="0" />
  </ResultSummary>
  <TestDefinitions>
    <UnitTest name="deberia_poder_insertar_un_documento_en_la_base_con_numero_de_ticket" storage="c:\repositorio\javier\licencias viaticos web\rrhh\testviaticos\bin\debug\testviaticos.dll" id="d7dcf4df-b012-3cb2-f383-e4a465f466d1">
      <Execution id="14a3f10d-ff2c-4862-8a11-b3f99f482c31" />
      <TestMethod codeBase="C:/Repositorio/Javier/Licencias Viaticos Web/rrhh/TestViaticos/bin/Debug/TestViaticos.DLL" adapterTypeName="Microsoft.VisualStudio.TestTools.TestTypes.Unit.UnitTestAdapter, Microsoft.VisualStudio.QualityTools.Tips.UnitTest.Adapter, Version=10.0.0.0, Culture=neutral, PublicKeyToken=b03f5f7f11d50a3a" className="TestViaticos.TestRepositorioDocumentos, TestViaticos, Version=1.0.0.0, Culture=neutral, PublicKeyToken=null" name="deberia_poder_insertar_un_documento_en_la_base_con_numero_de_ticket" />
    </UnitTest>
    <UnitTest name="deberia_poder_obtener_los_alumnos_de_un_curso" storage="c:\repositorio\javier\licencias viaticos web\rrhh\testviaticos\bin\debug\testviaticos.dll" id="bb2f1794-72bc-c3ce-3c94-a7e6c21d4812">
      <Execution id="1252ea2c-09c2-439f-98b2-d90c1840b375" />
      <TestMethod codeBase="C:/Repositorio/Javier/Licencias Viaticos Web/rrhh/TestViaticos/bin/Debug/TestViaticos.DLL" adapterTypeName="Microsoft.VisualStudio.TestTools.TestTypes.Unit.UnitTestAdapter, Microsoft.VisualStudio.QualityTools.Tips.UnitTest.Adapter, Version=10.0.0.0, Culture=neutral, PublicKeyToken=b03f5f7f11d50a3a" className="TestViaticos.TestRepositorioCursos, TestViaticos, Version=1.0.0.0, Culture=neutral, PublicKeyToken=null" name="deberia_poder_obtener_los_alumnos_de_un_curso" />
    </UnitTest>
    <UnitTest name="al_buscar_por_nombre_de_area_la_palabra_RRHH_deberia_traerme_el_area_cuyo_nombre_es_RRHH" storage="c:\repositorio\javier\licencias viaticos web\rrhh\testviaticos\bin\debug\testviaticos.dll" id="79a63e0f-ba0e-a5dc-0d5c-dc38d27e7aa1">
      <Execution id="48fed593-e12f-4e31-a0a5-b3a4bf2bd0f8" />
      <TestMethod codeBase="C:/Repositorio/Javier/Licencias Viaticos Web/rrhh/TestViaticos/bin/Debug/TestViaticos.DLL" adapterTypeName="Microsoft.VisualStudio.TestTools.TestTypes.Unit.UnitTestAdapter, Microsoft.VisualStudio.QualityTools.Tips.UnitTest.Adapter, Version=10.0.0.0, Culture=neutral, PublicKeyToken=b03f5f7f11d50a3a" className="General.TestProtocolo, TestViaticos, Version=1.0.0.0, Culture=neutral, PublicKeyToken=null" name="al_buscar_por_nombre_de_area_la_palabra_RRHH_deberia_traerme_el_area_cuyo_nombre_es_RRHH" />
    </UnitTest>
    <UnitTest name="dado_b_quiero_c" storage="c:\repositorio\javier\licencias viaticos web\rrhh\testviaticos\bin\debug\testviaticos.dll" id="c5cbe3b9-5203-897f-6c97-10b52d6a9698">
      <Execution id="2ba62176-672b-4920-bc00-7d19bd92d6f0" />
      <TestMethod codeBase="C:/Repositorio/Javier/Licencias Viaticos Web/rrhh/TestViaticos/bin/Debug/TestViaticos.DLL" adapterTypeName="Microsoft.VisualStudio.TestTools.TestTypes.Unit.UnitTestAdapter, Microsoft.VisualStudio.QualityTools.Tips.UnitTest.Adapter, Version=10.0.0.0, Culture=neutral, PublicKeyToken=b03f5f7f11d50a3a" className="Tests.CodigoTareaTest, TestViaticos, Version=1.0.0.0, Culture=neutral, PublicKeyToken=null" name="dado_b_quiero_c" />
    </UnitTest>
    <UnitTest name="deberia_poder_validar_si_un_objeto_no_es_nulo" storage="c:\repositorio\javier\licencias viaticos web\rrhh\testviaticos\bin\debug\testviaticos.dll" id="82c21a02-0eaa-b33b-6618-e225964dbef2">
      <Execution id="715d1b28-f877-46e7-9442-52c2fa7b8605" />
      <TestMethod codeBase="C:/Repositorio/Javier/Licencias Viaticos Web/rrhh/TestViaticos/bin/Debug/TestViaticos.DLL" adapterTypeName="Microsoft.VisualStudio.TestTools.TestTypes.Unit.UnitTestAdapter, Microsoft.VisualStudio.QualityTools.Tips.UnitTest.Adapter, Version=10.0.0.0, Culture=neutral, PublicKeyToken=b03f5f7f11d50a3a" className="TestViaticos.TestValidador, TestViaticos, Version=1.0.0.0, Culture=neutral, PublicKeyToken=null" name="deberia_poder_validar_si_un_objeto_no_es_nulo" />
    </UnitTest>
    <UnitTest name="deberia_poder_actuailzar_un_documento" storage="c:\repositorio\javier\licencias viaticos web\rrhh\testviaticos\bin\debug\testviaticos.dll" id="42e7e5a9-27d6-1424-520a-64446a479ac2">
      <Execution id="65fabf37-2699-4701-b13f-708de236652f" />
      <TestMethod codeBase="C:/Repositorio/Javier/Licencias Viaticos Web/rrhh/TestViaticos/bin/Debug/TestViaticos.DLL" adapterTypeName="Microsoft.VisualStudio.TestTools.TestTypes.Unit.UnitTestAdapter, Microsoft.VisualStudio.QualityTools.Tips.UnitTest.Adapter, Version=10.0.0.0, Culture=neutral, PublicKeyToken=b03f5f7f11d50a3a" className="TestViaticos.TestRepositorioDocumentos, TestViaticos, Version=1.0.0.0, Culture=neutral, PublicKeyToken=null" name="deberia_poder_actuailzar_un_documento" />
    </UnitTest>
    <UnitTest name="deberia_traer_4_viaticos" storage="c:\repositorio\javier\licencias viaticos web\rrhh\testviaticos\bin\debug\testviaticos.dll" id="57d98f0d-6038-69c7-9b96-75f22dd0e9dd">
      <Execution id="75160948-1527-44b9-8dec-fbc751ef43fa" />
      <TestMethod codeBase="C:/Repositorio/Javier/Licencias Viaticos Web/rrhh/TestViaticos/bin/Debug/TestViaticos.DLL" adapterTypeName="Microsoft.VisualStudio.TestTools.TestTypes.Unit.UnitTestAdapter, Microsoft.VisualStudio.QualityTools.Tips.UnitTest.Adapter, Version=10.0.0.0, Culture=neutral, PublicKeyToken=b03f5f7f11d50a3a" className="TestViaticos.TestRepositorioDeViaticos, TestViaticos, Version=1.0.0.0, Culture=neutral, PublicKeyToken=null" name="deberia_traer_4_viaticos" />
    </UnitTest>
    <UnitTest name="dado_aazz_debe_ser_abaa" storage="c:\repositorio\javier\licencias viaticos web\rrhh\testviaticos\bin\debug\testviaticos.dll" id="bf34bac0-1211-e38d-1273-9a3107460eaa">
      <Execution id="10ef7573-51d0-43ce-a29f-7d620d0bcac7" />
      <TestMethod codeBase="C:/Repositorio/Javier/Licencias Viaticos Web/rrhh/TestViaticos/bin/Debug/TestViaticos.DLL" adapterTypeName="Microsoft.VisualStudio.TestTools.TestTypes.Unit.UnitTestAdapter, Microsoft.VisualStudio.QualityTools.Tips.UnitTest.Adapter, Version=10.0.0.0, Culture=neutral, PublicKeyToken=b03f5f7f11d50a3a" className="Tests.CodigoTareaTest, TestViaticos, Version=1.0.0.0, Culture=neutral, PublicKeyToken=null" name="dado_aazz_debe_ser_abaa" />
    </UnitTest>
    <UnitTest name="deberia_poder_conocer_los_dias_de_cursada_de_un_curso_para_un_mes" storage="c:\repositorio\javier\licencias viaticos web\rrhh\testviaticos\bin\debug\testviaticos.dll" id="07c6ae9a-6a82-fa4b-680a-96e32253ef51">
      <Execution id="604d1092-b073-4760-9e98-d7202a11ca9a" />
      <TestMethod codeBase="C:/Repositorio/Javier/Licencias Viaticos Web/rrhh/TestViaticos/bin/Debug/TestViaticos.DLL" adapterTypeName="Microsoft.VisualStudio.TestTools.TestTypes.Unit.UnitTestAdapter, Microsoft.VisualStudio.QualityTools.Tips.UnitTest.Adapter, Version=10.0.0.0, Culture=neutral, PublicKeyToken=b03f5f7f11d50a3a" className="TestViaticos.TestPlanillaMensual, TestViaticos, Version=1.0.0.0, Culture=neutral, PublicKeyToken=null" name="deberia_poder_conocer_los_dias_de_cursada_de_un_curso_para_un_mes" />
    </UnitTest>
    <UnitTest name="deberia_poder_agregar_alumnos_a_un_curso" storage="c:\repositorio\javier\licencias viaticos web\rrhh\testviaticos\bin\debug\testviaticos.dll" id="182de057-0bb2-6910-8abd-59fd672a3af3">
      <Execution id="4f6dc565-aa3c-4ae6-81bb-bca5daff1892" />
      <TestMethod codeBase="C:/Repositorio/Javier/Licencias Viaticos Web/rrhh/TestViaticos/bin/Debug/TestViaticos.DLL" adapterTypeName="Microsoft.VisualStudio.TestTools.TestTypes.Unit.UnitTestAdapter, Microsoft.VisualStudio.QualityTools.Tips.UnitTest.Adapter, Version=10.0.0.0, Culture=neutral, PublicKeyToken=b03f5f7f11d50a3a" className="TestViaticos.TestRepositorioCursos, TestViaticos, Version=1.0.0.0, Culture=neutral, PublicKeyToken=null" name="deberia_poder_agregar_alumnos_a_un_curso" />
    </UnitTest>
    <UnitTest name="deberia_crear_una_tabla_con_id_y_un_valor_99" storage="c:\repositorio\javier\licencias viaticos web\rrhh\testviaticos\bin\debug\testviaticos.dll" id="363f19a2-0f65-4da3-ffe2-9ae3bd940a9f">
      <Execution id="b5bb9cd5-c222-4846-8838-465de9f594e6" />
      <TestMethod codeBase="C:/Repositorio/Javier/Licencias Viaticos Web/rrhh/TestViaticos/bin/Debug/TestViaticos.DLL" adapterTypeName="Microsoft.VisualStudio.TestTools.TestTypes.Unit.UnitTestAdapter, Microsoft.VisualStudio.QualityTools.Tips.UnitTest.Adapter, Version=10.0.0.0, Culture=neutral, PublicKeyToken=b03f5f7f11d50a3a" className="TestViaticos.TestTablasFake, TestViaticos, Version=1.0.0.0, Culture=neutral, PublicKeyToken=null" name="deberia_crear_una_tabla_con_id_y_un_valor_99" />
    </UnitTest>
    <UnitTest name="dado_un_curso_que_se_cursa_todos_los_jueves_cuando_le_pregunto_por_las_fechas_en_que_hay_que_asistir_durante_enero_de_2013_debe_contestar_5" storage="c:\repositorio\javier\licencias viaticos web\rrhh\testviaticos\bin\debug\testviaticos.dll" id="e6bad939-5185-804d-09f5-03d6b8675f35">
      <Execution id="c0c2bf71-a47c-4b34-a7fe-097d0727deb7" />
      <TestMethod codeBase="C:/Repositorio/Javier/Licencias Viaticos Web/rrhh/TestViaticos/bin/Debug/TestViaticos.DLL" adapterTypeName="Microsoft.VisualStudio.TestTools.TestTypes.Unit.UnitTestAdapter, Microsoft.VisualStudio.QualityTools.Tips.UnitTest.Adapter, Version=10.0.0.0, Culture=neutral, PublicKeyToken=b03f5f7f11d50a3a" className="TestViaticos.TestCalendarioDeCurso, TestViaticos, Version=1.0.0.0, Culture=neutral, PublicKeyToken=null" name="dado_un_curso_que_se_cursa_todos_los_jueves_cuando_le_pregunto_por_las_fechas_en_que_hay_que_asistir_durante_enero_de_2013_debe_contestar_5" />
    </UnitTest>
    <UnitTest name="un_deserializador_de_filtros_deberia_poder_desserializar_un_filtro_de_documentos_por_numero_de_ticket" storage="c:\repositorio\javier\licencias viaticos web\rrhh\testviaticos\bin\debug\testviaticos.dll" id="002cf2ca-edf2-8bcf-43d5-0c3f0f84c4f5">
      <Execution id="3b155360-a96f-4705-8c83-92cc047c02e4" />
      <TestMethod codeBase="C:/Repositorio/Javier/Licencias Viaticos Web/rrhh/TestViaticos/bin/Debug/TestViaticos.DLL" adapterTypeName="Microsoft.VisualStudio.TestTools.TestTypes.Unit.UnitTestAdapter, Microsoft.VisualStudio.QualityTools.Tips.UnitTest.Adapter, Version=10.0.0.0, Culture=neutral, PublicKeyToken=b03f5f7f11d50a3a" className="General.TestFiltroSiCoI, TestViaticos, Version=1.0.0.0, Culture=neutral, PublicKeyToken=null" name="un_deserializador_de_filtros_deberia_poder_desserializar_un_filtro_de_documentos_por_numero_de_ticket" />
    </UnitTest>
    <UnitTest name="deberia_traer_viaticos_que_esten_de_la_areas_939_54_16_de_la_provincia_CORDOBA_SALTA_perido_011012_al_261012" storage="c:\repositorio\javier\licencias viaticos web\rrhh\testviaticos\bin\debug\testviaticos.dll" id="28a4ad86-b0f5-734b-2ffb-1771c0cae12f">
      <Execution id="5076e638-534c-46d9-9dde-96561bdd3637" />
      <TestMethod codeBase="C:/Repositorio/Javier/Licencias Viaticos Web/rrhh/TestViaticos/bin/Debug/TestViaticos.DLL" adapterTypeName="Microsoft.VisualStudio.TestTools.TestTypes.Unit.UnitTestAdapter, Microsoft.VisualStudio.QualityTools.Tips.UnitTest.Adapter, Version=10.0.0.0, Culture=neutral, PublicKeyToken=b03f5f7f11d50a3a" className="TestViaticos.TestConsultas, TestViaticos, Version=1.0.0.0, Culture=neutral, PublicKeyToken=null" name="deberia_traer_viaticos_que_esten_de_la_areas_939_54_16_de_la_provincia_CORDOBA_SALTA_perido_011012_al_261012" />
    </UnitTest>
    <UnitTest name="deberia_devolver_region_METRO_con_BuenosAires_con_una_localidad" storage="c:\repositorio\javier\licencias viaticos web\rrhh\testviaticos\bin\debug\testviaticos.dll" id="1bbef477-4f31-cfec-a6a8-6e1b0892c5f9">
      <Execution id="278b4d59-ed7d-4c59-85b8-4b5193a6c78d" />
      <TestMethod codeBase="C:/Repositorio/Javier/Licencias Viaticos Web/rrhh/TestViaticos/bin/Debug/TestViaticos.DLL" adapterTypeName="Microsoft.VisualStudio.TestTools.TestTypes.Unit.UnitTestAdapter, Microsoft.VisualStudio.QualityTools.Tips.UnitTest.Adapter, Version=10.0.0.0, Culture=neutral, PublicKeyToken=b03f5f7f11d50a3a" className="TestViaticos.TestRepositorioZonas, TestViaticos, Version=1.0.0.0, Culture=neutral, PublicKeyToken=null" name="deberia_devolver_region_METRO_con_BuenosAires_con_una_localidad" />
    </UnitTest>
    <UnitTest name="el_repositorio_deberia_crear_una_mensajeria_con_sus_transiciones" storage="c:\repositorio\javier\licencias viaticos web\rrhh\testviaticos\bin\debug\testviaticos.dll" id="76c47d34-63a4-0479-90e7-a8d089e0dd93">
      <Execution id="69d29366-f990-4f8f-b41d-0b3179f08fe2" />
      <TestMethod codeBase="C:/Repositorio/Javier/Licencias Viaticos Web/rrhh/TestViaticos/bin/Debug/TestViaticos.DLL" adapterTypeName="Microsoft.VisualStudio.TestTools.TestTypes.Unit.UnitTestAdapter, Microsoft.VisualStudio.QualityTools.Tips.UnitTest.Adapter, Version=10.0.0.0, Culture=neutral, PublicKeyToken=b03f5f7f11d50a3a" className="TestViaticos.TestMensajeria, TestViaticos, Version=1.0.0.0, Culture=neutral, PublicKeyToken=null" name="el_repositorio_deberia_crear_una_mensajeria_con_sus_transiciones" />
    </UnitTest>
    <UnitTest name="deberia_devolver_una_fecha" storage="c:\repositorio\javier\licencias viaticos web\rrhh\testviaticos\bin\debug\testviaticos.dll" id="4793d588-4a8f-7915-87f2-c97c11507ad4">
      <Execution id="9e8cad52-326c-4961-8daa-09040d3f64e8" />
      <TestMethod codeBase="C:/Repositorio/Javier/Licencias Viaticos Web/rrhh/TestViaticos/bin/Debug/TestViaticos.DLL" adapterTypeName="Microsoft.VisualStudio.TestTools.TestTypes.Unit.UnitTestAdapter, Microsoft.VisualStudio.QualityTools.Tips.UnitTest.Adapter, Version=10.0.0.0, Culture=neutral, PublicKeyToken=b03f5f7f11d50a3a" className="TestViaticos.TestTablasFake, TestViaticos, Version=1.0.0.0, Culture=neutral, PublicKeyToken=null" name="deberia_devolver_una_fecha" />
    </UnitTest>
    <UnitTest name="deberia_fallar_si_nada_indica_el_tipo_de_una_columna" storage="c:\repositorio\javier\licencias viaticos web\rrhh\testviaticos\bin\debug\testviaticos.dll" id="c5bc7be4-1c6a-1e48-0dbd-f119f73d764c">
      <Execution id="97cd4ca4-9259-4560-ae2d-00351566f6cc" />
      <TestMethod codeBase="C:/Repositorio/Javier/Licencias Viaticos Web/rrhh/TestViaticos/bin/Debug/TestViaticos.DLL" adapterTypeName="Microsoft.VisualStudio.TestTools.TestTypes.Unit.UnitTestAdapter, Microsoft.VisualStudio.QualityTools.Tips.UnitTest.Adapter, Version=10.0.0.0, Culture=neutral, PublicKeyToken=b03f5f7f11d50a3a" className="TestViaticos.TestTablasFake, TestViaticos, Version=1.0.0.0, Culture=neutral, PublicKeyToken=null" name="deberia_fallar_si_nada_indica_el_tipo_de_una_columna" />
    </UnitTest>
    <UnitTest name="al_buscar_en_una_lista_de_áreas_un_email_devuelve_todos_las_áreas_cuyo_email_de_asistente_o_responsable_o_area_contiene_el_texto_buscado" storage="c:\repositorio\javier\licencias viaticos web\rrhh\testviaticos\bin\debug\testviaticos.dll" id="43bddf17-fba3-4d54-a157-cfcf7797ee39">
      <Execution id="23c20143-e20a-488a-b495-972edcddd534" />
      <TestMethod codeBase="C:/Repositorio/Javier/Licencias Viaticos Web/rrhh/TestViaticos/bin/Debug/TestViaticos.DLL" adapterTypeName="Microsoft.VisualStudio.TestTools.TestTypes.Unit.UnitTestAdapter, Microsoft.VisualStudio.QualityTools.Tips.UnitTest.Adapter, Version=10.0.0.0, Culture=neutral, PublicKeyToken=b03f5f7f11d50a3a" className="General.TestProtocolo, TestViaticos, Version=1.0.0.0, Culture=neutral, PublicKeyToken=null" name="al_buscar_en_una_lista_de_áreas_un_email_devuelve_todos_las_áreas_cuyo_email_de_asistente_o_responsable_o_area_contiene_el_texto_buscado" />
    </UnitTest>
    <UnitTest name="el_circuito_deberia_por_default_subir_por_el_organigrama_a_menos_que_haya_una_excepcion" storage="c:\repositorio\javier\licencias viaticos web\rrhh\testviaticos\bin\debug\testviaticos.dll" id="43da4eae-d92c-9ac3-0f26-5e5600a67e90">
      <Execution id="28ffc0ba-1a1a-453a-a55a-0827c2f11d6c" />
      <TestMethod codeBase="C:/Repositorio/Javier/Licencias Viaticos Web/rrhh/TestViaticos/bin/Debug/TestViaticos.DLL" adapterTypeName="Microsoft.VisualStudio.TestTools.TestTypes.Unit.UnitTestAdapter, Microsoft.VisualStudio.QualityTools.Tips.UnitTest.Adapter, Version=10.0.0.0, Culture=neutral, PublicKeyToken=b03f5f7f11d50a3a" className="TestViaticos.TestCircuitoDeViatico, TestViaticos, Version=1.0.0.0, Culture=neutral, PublicKeyToken=null" name="el_circuito_deberia_por_default_subir_por_el_organigrama_a_menos_que_haya_una_excepcion" />
    </UnitTest>
    <UnitTest name="al_buscar_por_reponsable_de_area_a_Miranda_debe_traer_dos_areas_una_con_responsable_cuyo_nombre_es_Miranda_y_otra_area_cuyo_apellido_de_responsable_es_también_Miranda" storage="c:\repositorio\javier\licencias viaticos web\rrhh\testviaticos\bin\debug\testviaticos.dll" id="eaffb742-992c-e34c-dbe5-be3438e36b95">
      <Execution id="2642eb1f-e8f7-4ac8-bf75-34ddf1174157" />
      <TestMethod codeBase="C:/Repositorio/Javier/Licencias Viaticos Web/rrhh/TestViaticos/bin/Debug/TestViaticos.DLL" adapterTypeName="Microsoft.VisualStudio.TestTools.TestTypes.Unit.UnitTestAdapter, Microsoft.VisualStudio.QualityTools.Tips.UnitTest.Adapter, Version=10.0.0.0, Culture=neutral, PublicKeyToken=b03f5f7f11d50a3a" className="General.TestProtocolo, TestViaticos, Version=1.0.0.0, Culture=neutral, PublicKeyToken=null" name="al_buscar_por_reponsable_de_area_a_Miranda_debe_traer_dos_areas_una_con_responsable_cuyo_nombre_es_Miranda_y_otra_area_cuyo_apellido_de_responsable_es_también_Miranda" />
    </UnitTest>
    <UnitTest name="no_deberia_poder_cargar_una_inasistencia_si_el_dia_no_era_cursable" storage="c:\repositorio\javier\licencias viaticos web\rrhh\testviaticos\bin\debug\testviaticos.dll" id="bbbb69a9-ef38-b5dc-de66-8e150133f998">
      <Execution id="4c65cb89-eaa0-40c3-b988-b257f22cbb53" />
      <TestMethod codeBase="C:/Repositorio/Javier/Licencias Viaticos Web/rrhh/TestViaticos/bin/Debug/TestViaticos.DLL" adapterTypeName="Microsoft.VisualStudio.TestTools.TestTypes.Unit.UnitTestAdapter, Microsoft.VisualStudio.QualityTools.Tips.UnitTest.Adapter, Version=10.0.0.0, Culture=neutral, PublicKeyToken=b03f5f7f11d50a3a" className="TestViaticos.TestPlanillaMensual, TestViaticos, Version=1.0.0.0, Culture=neutral, PublicKeyToken=null" name="no_deberia_poder_cargar_una_inasistencia_si_el_dia_no_era_cursable" />
    </UnitTest>
    <UnitTest name="al_preguntarle_en_que_area_esta_un_documeto_deberia_decirme_" storage="c:\repositorio\javier\licencias viaticos web\rrhh\testviaticos\bin\debug\testviaticos.dll" id="5188b3d7-a77a-3054-7bc5-b06591dc325c">
      <Execution id="04d5732d-c8e0-4039-b926-72714326fefd" />
      <TestMethod codeBase="C:/Repositorio/Javier/Licencias Viaticos Web/rrhh/TestViaticos/bin/Debug/TestViaticos.DLL" adapterTypeName="Microsoft.VisualStudio.TestTools.TestTypes.Unit.UnitTestAdapter, Microsoft.VisualStudio.QualityTools.Tips.UnitTest.Adapter, Version=10.0.0.0, Culture=neutral, PublicKeyToken=b03f5f7f11d50a3a" className="TestViaticos.TestMensajeria, TestViaticos, Version=1.0.0.0, Culture=neutral, PublicKeyToken=null" name="al_preguntarle_en_que_area_esta_un_documeto_deberia_decirme_" />
    </UnitTest>
    <UnitTest name="no_deberia_permitir_pasarse_de_zzz999" storage="c:\repositorio\javier\licencias viaticos web\rrhh\testviaticos\bin\debug\testviaticos.dll" id="c6c229fe-82f0-9917-4112-b9f4fc6d4ce9">
      <Execution id="ab0a0628-17b1-4188-a1c2-912eb6acd6c6" />
      <TestMethod codeBase="C:/Repositorio/Javier/Licencias Viaticos Web/rrhh/TestViaticos/bin/Debug/TestViaticos.DLL" adapterTypeName="Microsoft.VisualStudio.TestTools.TestTypes.Unit.UnitTestAdapter, Microsoft.VisualStudio.QualityTools.Tips.UnitTest.Adapter, Version=10.0.0.0, Culture=neutral, PublicKeyToken=b03f5f7f11d50a3a" className="Tests.CodigoTareaTest, TestViaticos, Version=1.0.0.0, Culture=neutral, PublicKeyToken=null" name="no_deberia_permitir_pasarse_de_zzz999" />
    </UnitTest>
    <UnitTest name="deberia_devolver_los_saltos_por_excepcion" storage="c:\repositorio\javier\licencias viaticos web\rrhh\testviaticos\bin\debug\testviaticos.dll" id="73696332-8582-b3f8-3487-a0e8978d60e1">
      <Execution id="408df040-1460-415a-a67b-a96306cdc39e" />
      <TestMethod codeBase="C:/Repositorio/Javier/Licencias Viaticos Web/rrhh/TestViaticos/bin/Debug/TestViaticos.DLL" adapterTypeName="Microsoft.VisualStudio.TestTools.TestTypes.Unit.UnitTestAdapter, Microsoft.VisualStudio.QualityTools.Tips.UnitTest.Adapter, Version=10.0.0.0, Culture=neutral, PublicKeyToken=b03f5f7f11d50a3a" className="TestViaticos.TestRepositorioOrganigramas, TestViaticos, Version=1.0.0.0, Culture=neutral, PublicKeyToken=null" name="deberia_devolver_los_saltos_por_excepcion" />
    </UnitTest>
    <UnitTest name="deberia_poder_validar_si_un_id_no_es_valido" storage="c:\repositorio\javier\licencias viaticos web\rrhh\testviaticos\bin\debug\testviaticos.dll" id="96fb1f26-cf56-3c03-ade6-884985acd8d7">
      <Execution id="8d3807a8-3715-4025-bd78-0b884f82fb51" />
      <TestMethod codeBase="C:/Repositorio/Javier/Licencias Viaticos Web/rrhh/TestViaticos/bin/Debug/TestViaticos.DLL" adapterTypeName="Microsoft.VisualStudio.TestTools.TestTypes.Unit.UnitTestAdapter, Microsoft.VisualStudio.QualityTools.Tips.UnitTest.Adapter, Version=10.0.0.0, Culture=neutral, PublicKeyToken=b03f5f7f11d50a3a" className="TestViaticos.TestValidador, TestViaticos, Version=1.0.0.0, Culture=neutral, PublicKeyToken=null" name="deberia_poder_validar_si_un_id_no_es_valido" />
    </UnitTest>
    <UnitTest name="mensajeria_deberia_enviar_documento" storage="c:\repositorio\javier\licencias viaticos web\rrhh\testviaticos\bin\debug\testviaticos.dll" id="b8bd6fa3-7b0e-dbc4-d1ea-17a66d88e614">
      <Execution id="80d4867f-26e9-4f98-b8fc-c6ab0c3f47bb" />
      <TestMethod codeBase="C:/Repositorio/Javier/Licencias Viaticos Web/rrhh/TestViaticos/bin/Debug/TestViaticos.DLL" adapterTypeName="Microsoft.VisualStudio.TestTools.TestTypes.Unit.UnitTestAdapter, Microsoft.VisualStudio.QualityTools.Tips.UnitTest.Adapter, Version=10.0.0.0, Culture=neutral, PublicKeyToken=b03f5f7f11d50a3a" className="TestViaticos.TestMensajeria, TestViaticos, Version=1.0.0.0, Culture=neutral, PublicKeyToken=null" name="mensajeria_deberia_enviar_documento" />
    </UnitTest>
    <UnitTest name="deberia_poder_decirle_a_un_repositorio_que_use_una_conexion_que_devuelve_un_organigrama_simple" storage="c:\repositorio\javier\licencias viaticos web\rrhh\testviaticos\bin\debug\testviaticos.dll" id="8f23a447-15d5-92c8-a4fb-7722c21b1c07">
      <Execution id="c7a22128-c035-48ca-86d7-077deeca5c15" />
      <TestMethod codeBase="C:/Repositorio/Javier/Licencias Viaticos Web/rrhh/TestViaticos/bin/Debug/TestViaticos.DLL" adapterTypeName="Microsoft.VisualStudio.TestTools.TestTypes.Unit.UnitTestAdapter, Microsoft.VisualStudio.QualityTools.Tips.UnitTest.Adapter, Version=10.0.0.0, Culture=neutral, PublicKeyToken=b03f5f7f11d50a3a" className="TestViaticos.TestRepositorioOrganigramas, TestViaticos, Version=1.0.0.0, Culture=neutral, PublicKeyToken=null" name="deberia_poder_decirle_a_un_repositorio_que_use_una_conexion_que_devuelve_un_organigrama_simple" />
    </UnitTest>
    <UnitTest name="al_buscar_en_una_lista_de_áreas_por_Asistentes_de_área_a_María_debe_traer_el_area_de_RRHH_donde_María_es_secretaria" storage="c:\repositorio\javier\licencias viaticos web\rrhh\testviaticos\bin\debug\testviaticos.dll" id="39ba617e-74b7-ac1c-65b2-4df024e2d4e4">
      <Execution id="e6468178-cab3-4039-9727-7e0f7194c0a2" />
      <TestMethod codeBase="C:/Repositorio/Javier/Licencias Viaticos Web/rrhh/TestViaticos/bin/Debug/TestViaticos.DLL" adapterTypeName="Microsoft.VisualStudio.TestTools.TestTypes.Unit.UnitTestAdapter, Microsoft.VisualStudio.QualityTools.Tips.UnitTest.Adapter, Version=10.0.0.0, Culture=neutral, PublicKeyToken=b03f5f7f11d50a3a" className="General.TestProtocolo, TestViaticos, Version=1.0.0.0, Culture=neutral, PublicKeyToken=null" name="al_buscar_en_una_lista_de_áreas_por_Asistentes_de_área_a_María_debe_traer_el_area_de_RRHH_donde_María_es_secretaria" />
    </UnitTest>
    <UnitTest name="deberia_devolver_la_zona_Metro_con_una_localidad_y_la_zona_Patagonia_con_una_localidad" storage="c:\repositorio\javier\licencias viaticos web\rrhh\testviaticos\bin\debug\testviaticos.dll" id="60936b2d-9f38-488c-d3bd-319a17b5f6ba">
      <Execution id="27b34939-fbe0-4117-a53b-d1c9abf0dfed" />
      <TestMethod codeBase="C:/Repositorio/Javier/Licencias Viaticos Web/rrhh/TestViaticos/bin/Debug/TestViaticos.DLL" adapterTypeName="Microsoft.VisualStudio.TestTools.TestTypes.Unit.UnitTestAdapter, Microsoft.VisualStudio.QualityTools.Tips.UnitTest.Adapter, Version=10.0.0.0, Culture=neutral, PublicKeyToken=b03f5f7f11d50a3a" className="TestViaticos.TestRepositorioZonas, TestViaticos, Version=1.0.0.0, Culture=neutral, PublicKeyToken=null" name="deberia_devolver_la_zona_Metro_con_una_localidad_y_la_zona_Patagonia_con_una_localidad" />
    </UnitTest>
    <UnitTest name="no_se_debe_permitir_crear_un_organigrama_donde_las_areas_y_las_dependencias_son_vacias" storage="c:\repositorio\javier\licencias viaticos web\rrhh\testviaticos\bin\debug\testviaticos.dll" id="22fef842-2be2-549e-28ca-decc4b2f83c4">
      <Execution id="15e624fb-e970-4e46-8f7b-14af02405f20" />
      <TestMethod codeBase="C:/Repositorio/Javier/Licencias Viaticos Web/rrhh/TestViaticos/bin/Debug/TestViaticos.DLL" adapterTypeName="Microsoft.VisualStudio.TestTools.TestTypes.Unit.UnitTestAdapter, Microsoft.VisualStudio.QualityTools.Tips.UnitTest.Adapter, Version=10.0.0.0, Culture=neutral, PublicKeyToken=b03f5f7f11d50a3a" className="TestViaticos.TestOrganigrama, TestViaticos, Version=1.0.0.0, Culture=neutral, PublicKeyToken=null" name="no_se_debe_permitir_crear_un_organigrama_donde_las_areas_y_las_dependencias_son_vacias" />
    </UnitTest>
    <UnitTest name="al_solicitarle_todas_las_areas_inferiores_de_marta_deberia_traerme_faby_yfabyB" storage="c:\repositorio\javier\licencias viaticos web\rrhh\testviaticos\bin\debug\testviaticos.dll" id="225e3e53-1987-0065-f209-06ded52d42cd">
      <Execution id="6766369a-6355-4948-ba18-2be46a9982de" />
      <TestMethod codeBase="C:/Repositorio/Javier/Licencias Viaticos Web/rrhh/TestViaticos/bin/Debug/TestViaticos.DLL" adapterTypeName="Microsoft.VisualStudio.TestTools.TestTypes.Unit.UnitTestAdapter, Microsoft.VisualStudio.QualityTools.Tips.UnitTest.Adapter, Version=10.0.0.0, Culture=neutral, PublicKeyToken=b03f5f7f11d50a3a" className="TestViaticos.TestOrganigrama, TestViaticos, Version=1.0.0.0, Culture=neutral, PublicKeyToken=null" name="al_solicitarle_todas_las_areas_inferiores_de_marta_deberia_traerme_faby_yfabyB" />
    </UnitTest>
    <UnitTest name="TestGetZonas" storage="c:\repositorio\javier\licencias viaticos web\rrhh\testviaticos\bin\debug\testviaticos.dll" id="cd0a2e1f-d61d-9cba-b24e-96406e906f5d">
      <Execution id="e7668e5b-e166-493f-919c-1dbf87c0e0f7" />
      <TestMethod codeBase="C:/Repositorio/Javier/Licencias Viaticos Web/rrhh/TestViaticos/bin/Debug/TestViaticos.DLL" adapterTypeName="Microsoft.VisualStudio.TestTools.TestTypes.Unit.UnitTestAdapter, Microsoft.VisualStudio.QualityTools.Tips.UnitTest.Adapter, Version=10.0.0.0, Culture=neutral, PublicKeyToken=b03f5f7f11d50a3a" className="TestViaticos.TestRepositorioZonas, TestViaticos, Version=1.0.0.0, Culture=neutral, PublicKeyToken=null" name="TestGetZonas" />
    </UnitTest>
    <UnitTest name="deberia_poder_crear_un_checkbox_con_id_segun_la_entidad" storage="c:\repositorio\javier\licencias viaticos web\rrhh\testviaticos\bin\debug\testviaticos.dll" id="2d0a6e94-8989-8cc3-e286-44dd8a2f688e">
      <Execution id="0b139f6b-437b-4a81-afd1-36f8ce68fde1" />
      <TestMethod codeBase="C:/Repositorio/Javier/Licencias Viaticos Web/rrhh/TestViaticos/bin/Debug/TestViaticos.DLL" adapterTypeName="Microsoft.VisualStudio.TestTools.TestTypes.Unit.UnitTestAdapter, Microsoft.VisualStudio.QualityTools.Tips.UnitTest.Adapter, Version=10.0.0.0, Culture=neutral, PublicKeyToken=b03f5f7f11d50a3a" className="WebRhUITestNew.ControladorDeWebControlsTest, TestViaticos, Version=1.0.0.0, Culture=neutral, PublicKeyToken=null" name="deberia_poder_crear_un_checkbox_con_id_segun_la_entidad" />
    </UnitTest>
    <UnitTest name="no_deberia_poder_guardarse_un_documento_sin_tipo" storage="c:\repositorio\javier\licencias viaticos web\rrhh\testviaticos\bin\debug\testviaticos.dll" id="f1f50432-1bf0-de96-51bb-b6443df4774c">
      <Execution id="6dcb431c-5be0-471c-a861-ab975ca9efdc" />
      <TestMethod codeBase="C:/Repositorio/Javier/Licencias Viaticos Web/rrhh/TestViaticos/bin/Debug/TestViaticos.DLL" adapterTypeName="Microsoft.VisualStudio.TestTools.TestTypes.Unit.UnitTestAdapter, Microsoft.VisualStudio.QualityTools.Tips.UnitTest.Adapter, Version=10.0.0.0, Culture=neutral, PublicKeyToken=b03f5f7f11d50a3a" className="TestViaticos.TestRepositorioDocumentos, TestViaticos, Version=1.0.0.0, Culture=neutral, PublicKeyToken=null" name="no_deberia_poder_guardarse_un_documento_sin_tipo" />
    </UnitTest>
    <UnitTest name="deberia_devolver_la_zona_Metro_con_dos_provincias_diferentes" storage="c:\repositorio\javier\licencias viaticos web\rrhh\testviaticos\bin\debug\testviaticos.dll" id="18a1cd9e-1ae4-3656-14a0-ac543707a055">
      <Execution id="cae337de-bad2-4f09-bd46-cb103c998a0b" />
      <TestMethod codeBase="C:/Repositorio/Javier/Licencias Viaticos Web/rrhh/TestViaticos/bin/Debug/TestViaticos.DLL" adapterTypeName="Microsoft.VisualStudio.TestTools.TestTypes.Unit.UnitTestAdapter, Microsoft.VisualStudio.QualityTools.Tips.UnitTest.Adapter, Version=10.0.0.0, Culture=neutral, PublicKeyToken=b03f5f7f11d50a3a" className="TestViaticos.TestRepositorioZonas, TestViaticos, Version=1.0.0.0, Culture=neutral, PublicKeyToken=null" name="deberia_devolver_la_zona_Metro_con_dos_provincias_diferentes" />
    </UnitTest>
    <UnitTest name="deberia_poder_obtener_el_string_de_un_chekbox" storage="c:\repositorio\javier\licencias viaticos web\rrhh\testviaticos\bin\debug\testviaticos.dll" id="d4034162-71c0-cb22-9a98-76a42e56e55e">
      <Execution id="5232a604-76ab-4490-866c-8bc53a5b7030" />
      <TestMethod codeBase="C:/Repositorio/Javier/Licencias Viaticos Web/rrhh/TestViaticos/bin/Debug/TestViaticos.DLL" adapterTypeName="Microsoft.VisualStudio.TestTools.TestTypes.Unit.UnitTestAdapter, Microsoft.VisualStudio.QualityTools.Tips.UnitTest.Adapter, Version=10.0.0.0, Culture=neutral, PublicKeyToken=b03f5f7f11d50a3a" className="WebRhUITestNew.ControladorDeWebControlsTest, TestViaticos, Version=1.0.0.0, Culture=neutral, PublicKeyToken=null" name="deberia_poder_obtener_el_string_de_un_chekbox" />
    </UnitTest>
    <UnitTest name="dado_a_quiero_b" storage="c:\repositorio\javier\licencias viaticos web\rrhh\testviaticos\bin\debug\testviaticos.dll" id="27563a31-6c9c-c1b2-7c6f-cfbc88311e88">
      <Execution id="55d3cc13-6281-4fe6-8e06-dd891dbc8dd6" />
      <TestMethod codeBase="C:/Repositorio/Javier/Licencias Viaticos Web/rrhh/TestViaticos/bin/Debug/TestViaticos.DLL" adapterTypeName="Microsoft.VisualStudio.TestTools.TestTypes.Unit.UnitTestAdapter, Microsoft.VisualStudio.QualityTools.Tips.UnitTest.Adapter, Version=10.0.0.0, Culture=neutral, PublicKeyToken=b03f5f7f11d50a3a" className="Tests.CodigoTareaTest, TestViaticos, Version=1.0.0.0, Culture=neutral, PublicKeyToken=null" name="dado_a_quiero_b" />
    </UnitTest>
    <UnitTest name="dado_az_quiero_ba" storage="c:\repositorio\javier\licencias viaticos web\rrhh\testviaticos\bin\debug\testviaticos.dll" id="e9aa986f-7293-c98f-9d6b-6050f52118de">
      <Execution id="164f7f78-57ac-4920-b84a-cad47adfcd8b" />
      <TestMethod codeBase="C:/Repositorio/Javier/Licencias Viaticos Web/rrhh/TestViaticos/bin/Debug/TestViaticos.DLL" adapterTypeName="Microsoft.VisualStudio.TestTools.TestTypes.Unit.UnitTestAdapter, Microsoft.VisualStudio.QualityTools.Tips.UnitTest.Adapter, Version=10.0.0.0, Culture=neutral, PublicKeyToken=b03f5f7f11d50a3a" className="Tests.CodigoTareaTest, TestViaticos, Version=1.0.0.0, Culture=neutral, PublicKeyToken=null" name="dado_az_quiero_ba" />
    </UnitTest>
    <UnitTest name="dado_un_area_quiero_obtener_todos_los_asistentes_y_sus_datos_de_contacto" storage="c:\repositorio\javier\licencias viaticos web\rrhh\testviaticos\bin\debug\testviaticos.dll" id="6892221f-5432-520c-a667-6f10f84f4898">
      <Execution id="783570d5-a7bc-49af-bd97-a133205683af" />
      <TestMethod codeBase="C:/Repositorio/Javier/Licencias Viaticos Web/rrhh/TestViaticos/bin/Debug/TestViaticos.DLL" adapterTypeName="Microsoft.VisualStudio.TestTools.TestTypes.Unit.UnitTestAdapter, Microsoft.VisualStudio.QualityTools.Tips.UnitTest.Adapter, Version=10.0.0.0, Culture=neutral, PublicKeyToken=b03f5f7f11d50a3a" className="General.TestUsuarios, TestViaticos, Version=1.0.0.0, Culture=neutral, PublicKeyToken=null" name="dado_un_area_quiero_obtener_todos_los_asistentes_y_sus_datos_de_contacto" />
    </UnitTest>
    <UnitTest name="el_circuito_deberia_por_default_subir_por_el_organigrama" storage="c:\repositorio\javier\licencias viaticos web\rrhh\testviaticos\bin\debug\testviaticos.dll" id="77c82c9f-520d-04a5-8c33-19a0d6332eaa">
      <Execution id="3b2e5945-5933-48f4-bb6e-53650a697e13" />
      <TestMethod codeBase="C:/Repositorio/Javier/Licencias Viaticos Web/rrhh/TestViaticos/bin/Debug/TestViaticos.DLL" adapterTypeName="Microsoft.VisualStudio.TestTools.TestTypes.Unit.UnitTestAdapter, Microsoft.VisualStudio.QualityTools.Tips.UnitTest.Adapter, Version=10.0.0.0, Culture=neutral, PublicKeyToken=b03f5f7f11d50a3a" className="TestViaticos.TestCircuitoDeViatico, TestViaticos, Version=1.0.0.0, Culture=neutral, PublicKeyToken=null" name="el_circuito_deberia_por_default_subir_por_el_organigrama" />
    </UnitTest>
    <UnitTest name="no_deberia_permitir_pasarse_de_9" storage="c:\repositorio\javier\licencias viaticos web\rrhh\testviaticos\bin\debug\testviaticos.dll" id="c40af560-ccd4-15d1-681a-d268a1e88a1c">
      <Execution id="ee691e19-4b91-4cbc-8746-350f4e471f97" />
      <TestMethod codeBase="C:/Repositorio/Javier/Licencias Viaticos Web/rrhh/TestViaticos/bin/Debug/TestViaticos.DLL" adapterTypeName="Microsoft.VisualStudio.TestTools.TestTypes.Unit.UnitTestAdapter, Microsoft.VisualStudio.QualityTools.Tips.UnitTest.Adapter, Version=10.0.0.0, Culture=neutral, PublicKeyToken=b03f5f7f11d50a3a" className="Tests.CodigoTareaTest, TestViaticos, Version=1.0.0.0, Culture=neutral, PublicKeyToken=null" name="no_deberia_permitir_pasarse_de_9" />
    </UnitTest>
    <UnitTest name="deberia_devolver_region_METRO_con_BuenosAires_con_una_localidad_con_id_4" storage="c:\repositorio\javier\licencias viaticos web\rrhh\testviaticos\bin\debug\testviaticos.dll" id="b0dad42f-cacf-b7c8-3bc2-1641e13c9caa">
      <Execution id="eaecfaf8-a496-4f92-bf3f-0ff695fb27d4" />
      <TestMethod codeBase="C:/Repositorio/Javier/Licencias Viaticos Web/rrhh/TestViaticos/bin/Debug/TestViaticos.DLL" adapterTypeName="Microsoft.VisualStudio.TestTools.TestTypes.Unit.UnitTestAdapter, Microsoft.VisualStudio.QualityTools.Tips.UnitTest.Adapter, Version=10.0.0.0, Culture=neutral, PublicKeyToken=b03f5f7f11d50a3a" className="TestViaticos.TestRepositorioZonas, TestViaticos, Version=1.0.0.0, Culture=neutral, PublicKeyToken=null" name="deberia_devolver_region_METRO_con_BuenosAires_con_una_localidad_con_id_4" />
    </UnitTest>
    <UnitTest name="deberia_poder_generar_una_planilla_para_un_curso_y_mes" storage="c:\repositorio\javier\licencias viaticos web\rrhh\testviaticos\bin\debug\testviaticos.dll" id="ff5ca805-f71b-e477-63b1-db8e8b29d28e">
      <Execution id="18956295-3cab-4e7a-845a-539bfb80b006" />
      <TestMethod codeBase="C:/Repositorio/Javier/Licencias Viaticos Web/rrhh/TestViaticos/bin/Debug/TestViaticos.DLL" adapterTypeName="Microsoft.VisualStudio.TestTools.TestTypes.Unit.UnitTestAdapter, Microsoft.VisualStudio.QualityTools.Tips.UnitTest.Adapter, Version=10.0.0.0, Culture=neutral, PublicKeyToken=b03f5f7f11d50a3a" className="TestViaticos.TestPlanillaMensual, TestViaticos, Version=1.0.0.0, Culture=neutral, PublicKeyToken=null" name="deberia_poder_generar_una_planilla_para_un_curso_y_mes" />
    </UnitTest>
    <UnitTest name="deberia_traer_inasistencias_de_un_alumno_para_un_mes" storage="c:\repositorio\javier\licencias viaticos web\rrhh\testviaticos\bin\debug\testviaticos.dll" id="3667ca38-1ee0-0f59-2de9-55990d91ad13">
      <Execution id="81b39118-e63d-4c46-aca8-3ef1515213a1" />
      <TestMethod codeBase="C:/Repositorio/Javier/Licencias Viaticos Web/rrhh/TestViaticos/bin/Debug/TestViaticos.DLL" adapterTypeName="Microsoft.VisualStudio.TestTools.TestTypes.Unit.UnitTestAdapter, Microsoft.VisualStudio.QualityTools.Tips.UnitTest.Adapter, Version=10.0.0.0, Culture=neutral, PublicKeyToken=b03f5f7f11d50a3a" className="TestViaticos.TestPlanillaMensual, TestViaticos, Version=1.0.0.0, Culture=neutral, PublicKeyToken=null" name="deberia_traer_inasistencias_de_un_alumno_para_un_mes" />
    </UnitTest>
    <UnitTest name="dado_un_area_quiero_saber_nombre_telefono_y_mail_de_responsable" storage="c:\repositorio\javier\licencias viaticos web\rrhh\testviaticos\bin\debug\testviaticos.dll" id="a8bf43a7-c593-21c5-b353-6a677fedb6e1">
      <Execution id="42b1a637-a128-4994-95bb-e9964f596100" />
      <TestMethod codeBase="C:/Repositorio/Javier/Licencias Viaticos Web/rrhh/TestViaticos/bin/Debug/TestViaticos.DLL" adapterTypeName="Microsoft.VisualStudio.TestTools.TestTypes.Unit.UnitTestAdapter, Microsoft.VisualStudio.QualityTools.Tips.UnitTest.Adapter, Version=10.0.0.0, Culture=neutral, PublicKeyToken=b03f5f7f11d50a3a" className="General.TestUsuarios, TestViaticos, Version=1.0.0.0, Culture=neutral, PublicKeyToken=null" name="dado_un_area_quiero_saber_nombre_telefono_y_mail_de_responsable" />
    </UnitTest>
    <UnitTest name="deberia_agregar_una_asistencia_a_un_alumno_para_una_planilla_que_esta_en_un_curso" storage="c:\repositorio\javier\licencias viaticos web\rrhh\testviaticos\bin\debug\testviaticos.dll" id="6f525a40-dadd-7cc4-eb37-95f1d91a14c9">
      <Execution id="794c814e-dcec-4d24-a4e3-c762d651040d" />
      <TestMethod codeBase="C:/Repositorio/Javier/Licencias Viaticos Web/rrhh/TestViaticos/bin/Debug/TestViaticos.DLL" adapterTypeName="Microsoft.VisualStudio.TestTools.TestTypes.Unit.UnitTestAdapter, Microsoft.VisualStudio.QualityTools.Tips.UnitTest.Adapter, Version=10.0.0.0, Culture=neutral, PublicKeyToken=b03f5f7f11d50a3a" className="TestViaticos.TestPlanillaMensual, TestViaticos, Version=1.0.0.0, Culture=neutral, PublicKeyToken=null" name="deberia_agregar_una_asistencia_a_un_alumno_para_una_planilla_que_esta_en_un_curso" />
    </UnitTest>
    <UnitTest name="deberia_poder_obtener_todos_los_documentos" storage="c:\repositorio\javier\licencias viaticos web\rrhh\testviaticos\bin\debug\testviaticos.dll" id="38a50315-78cc-f677-cc67-a33e14f1587e">
      <Execution id="6b21c358-0dc4-46c2-9c73-16b099709285" />
      <TestMethod codeBase="C:/Repositorio/Javier/Licencias Viaticos Web/rrhh/TestViaticos/bin/Debug/TestViaticos.DLL" adapterTypeName="Microsoft.VisualStudio.TestTools.TestTypes.Unit.UnitTestAdapter, Microsoft.VisualStudio.QualityTools.Tips.UnitTest.Adapter, Version=10.0.0.0, Culture=neutral, PublicKeyToken=b03f5f7f11d50a3a" className="TestViaticos.TestRepositorioDocumentos, TestViaticos, Version=1.0.0.0, Culture=neutral, PublicKeyToken=null" name="deberia_poder_obtener_todos_los_documentos" />
    </UnitTest>
    <UnitTest name="deberia_traer_las_personas_que_mas_solicitaron_viaticos_en_011012_261012" storage="c:\repositorio\javier\licencias viaticos web\rrhh\testviaticos\bin\debug\testviaticos.dll" id="2ba1906f-7dc1-cbb6-5d44-2eaa074ee001">
      <Execution id="3b6ea9a4-27f1-4b30-9296-cb6ea5dd3320" />
      <TestMethod codeBase="C:/Repositorio/Javier/Licencias Viaticos Web/rrhh/TestViaticos/bin/Debug/TestViaticos.DLL" adapterTypeName="Microsoft.VisualStudio.TestTools.TestTypes.Unit.UnitTestAdapter, Microsoft.VisualStudio.QualityTools.Tips.UnitTest.Adapter, Version=10.0.0.0, Culture=neutral, PublicKeyToken=b03f5f7f11d50a3a" className="TestViaticos.TestConsultas, TestViaticos, Version=1.0.0.0, Culture=neutral, PublicKeyToken=null" name="deberia_traer_las_personas_que_mas_solicitaron_viaticos_en_011012_261012" />
    </UnitTest>
    <UnitTest name="Un_organigrama_deberia_poder_decirme_cual_es_el_area_superior_de_un_area_dada" storage="c:\repositorio\javier\licencias viaticos web\rrhh\testviaticos\bin\debug\testviaticos.dll" id="d5acc190-8ff6-3621-55ca-bde560b60f80">
      <Execution id="f94efc65-60d4-4dff-b510-60814866af07" />
      <TestMethod codeBase="C:/Repositorio/Javier/Licencias Viaticos Web/rrhh/TestViaticos/bin/Debug/TestViaticos.DLL" adapterTypeName="Microsoft.VisualStudio.TestTools.TestTypes.Unit.UnitTestAdapter, Microsoft.VisualStudio.QualityTools.Tips.UnitTest.Adapter, Version=10.0.0.0, Culture=neutral, PublicKeyToken=b03f5f7f11d50a3a" className="TestViaticos.TestOrganigrama, TestViaticos, Version=1.0.0.0, Culture=neutral, PublicKeyToken=null" name="Un_organigrama_deberia_poder_decirme_cual_es_el_area_superior_de_un_area_dada" />
    </UnitTest>
    <UnitTest name="Un_organigrama_deberia_poder_decirme_todas_las_areas_que_son_superiores_a_un_area_dada" storage="c:\repositorio\javier\licencias viaticos web\rrhh\testviaticos\bin\debug\testviaticos.dll" id="8464698d-61d5-d408-819d-53311ef832f8">
      <Execution id="eff87b84-6ee6-425c-906f-2c8af824600e" />
      <TestMethod codeBase="C:/Repositorio/Javier/Licencias Viaticos Web/rrhh/TestViaticos/bin/Debug/TestViaticos.DLL" adapterTypeName="Microsoft.VisualStudio.TestTools.TestTypes.Unit.UnitTestAdapter, Microsoft.VisualStudio.QualityTools.Tips.UnitTest.Adapter, Version=10.0.0.0, Culture=neutral, PublicKeyToken=b03f5f7f11d50a3a" className="TestViaticos.TestOrganigrama, TestViaticos, Version=1.0.0.0, Culture=neutral, PublicKeyToken=null" name="Un_organigrama_deberia_poder_decirme_todas_las_areas_que_son_superiores_a_un_area_dada" />
    </UnitTest>
    <UnitTest name="Un_organigrama_deberia_poder_decirme_todas_las_areas_inferiores_inmediatas_a_un_area_dada" storage="c:\repositorio\javier\licencias viaticos web\rrhh\testviaticos\bin\debug\testviaticos.dll" id="bb759e7e-2161-1c79-ee60-b7766df2bd3f">
      <Execution id="d8223b0d-d4e3-49a0-9d64-4d2c99006223" />
      <TestMethod codeBase="C:/Repositorio/Javier/Licencias Viaticos Web/rrhh/TestViaticos/bin/Debug/TestViaticos.DLL" adapterTypeName="Microsoft.VisualStudio.TestTools.TestTypes.Unit.UnitTestAdapter, Microsoft.VisualStudio.QualityTools.Tips.UnitTest.Adapter, Version=10.0.0.0, Culture=neutral, PublicKeyToken=b03f5f7f11d50a3a" className="TestViaticos.TestOrganigrama, TestViaticos, Version=1.0.0.0, Culture=neutral, PublicKeyToken=null" name="Un_organigrama_deberia_poder_decirme_todas_las_areas_inferiores_inmediatas_a_un_area_dada" />
    </UnitTest>
    <UnitTest name="Un_organigrama_deberia_poder_decirme_todas_las_areas_inferiores_inmediatas_a_un_area_dada_con_muchas_areas" storage="c:\repositorio\javier\licencias viaticos web\rrhh\testviaticos\bin\debug\testviaticos.dll" id="68c724fc-1912-d9ac-d786-b1e6bb6c0994">
      <Execution id="5746949d-e666-4ffc-8a0a-41b4d322446c" />
      <TestMethod codeBase="C:/Repositorio/Javier/Licencias Viaticos Web/rrhh/TestViaticos/bin/Debug/TestViaticos.DLL" adapterTypeName="Microsoft.VisualStudio.TestTools.TestTypes.Unit.UnitTestAdapter, Microsoft.VisualStudio.QualityTools.Tips.UnitTest.Adapter, Version=10.0.0.0, Culture=neutral, PublicKeyToken=b03f5f7f11d50a3a" className="TestViaticos.TestOrganigrama, TestViaticos, Version=1.0.0.0, Culture=neutral, PublicKeyToken=null" name="Un_organigrama_deberia_poder_decirme_todas_las_areas_inferiores_inmediatas_a_un_area_dada_con_muchas_areas" />
    </UnitTest>
    <UnitTest name="deberia_devolver_Buenos_Aires_con_dos_localidades" storage="c:\repositorio\javier\licencias viaticos web\rrhh\testviaticos\bin\debug\testviaticos.dll" id="d3eb6b18-b89c-308d-2472-f70947e6c57b">
      <Execution id="14918f27-0dbb-49ad-bcfc-5a662afb809f" />
      <TestMethod codeBase="C:/Repositorio/Javier/Licencias Viaticos Web/rrhh/TestViaticos/bin/Debug/TestViaticos.DLL" adapterTypeName="Microsoft.VisualStudio.TestTools.TestTypes.Unit.UnitTestAdapter, Microsoft.VisualStudio.QualityTools.Tips.UnitTest.Adapter, Version=10.0.0.0, Culture=neutral, PublicKeyToken=b03f5f7f11d50a3a" className="TestViaticos.TestRepositorioZonas, TestViaticos, Version=1.0.0.0, Culture=neutral, PublicKeyToken=null" name="deberia_devolver_Buenos_Aires_con_dos_localidades" />
    </UnitTest>
    <UnitTest name="no_se_debe_permitir_crear_un_organigrama_donde_un_hijo_tenga_dos_areas_padres" storage="c:\repositorio\javier\licencias viaticos web\rrhh\testviaticos\bin\debug\testviaticos.dll" id="74b1b58c-e814-5670-35a0-d1446a9967fd">
      <Execution id="a36eef25-0330-4099-bdb1-eef5aae26a64" />
      <TestMethod codeBase="C:/Repositorio/Javier/Licencias Viaticos Web/rrhh/TestViaticos/bin/Debug/TestViaticos.DLL" adapterTypeName="Microsoft.VisualStudio.TestTools.TestTypes.Unit.UnitTestAdapter, Microsoft.VisualStudio.QualityTools.Tips.UnitTest.Adapter, Version=10.0.0.0, Culture=neutral, PublicKeyToken=b03f5f7f11d50a3a" className="TestViaticos.TestOrganigrama, TestViaticos, Version=1.0.0.0, Culture=neutral, PublicKeyToken=null" name="no_se_debe_permitir_crear_un_organigrama_donde_un_hijo_tenga_dos_areas_padres" />
    </UnitTest>
    <UnitTest name="no_deberia_poder_guardarse_un_documento_sin_categoria" storage="c:\repositorio\javier\licencias viaticos web\rrhh\testviaticos\bin\debug\testviaticos.dll" id="219a2093-b6f2-f229-ae69-0108da5c2d8d">
      <Execution id="d5485ad0-69e7-428c-aca5-d793e6077edd" />
      <TestMethod codeBase="C:/Repositorio/Javier/Licencias Viaticos Web/rrhh/TestViaticos/bin/Debug/TestViaticos.DLL" adapterTypeName="Microsoft.VisualStudio.TestTools.TestTypes.Unit.UnitTestAdapter, Microsoft.VisualStudio.QualityTools.Tips.UnitTest.Adapter, Version=10.0.0.0, Culture=neutral, PublicKeyToken=b03f5f7f11d50a3a" className="TestViaticos.TestRepositorioDocumentos, TestViaticos, Version=1.0.0.0, Culture=neutral, PublicKeyToken=null" name="no_deberia_poder_guardarse_un_documento_sin_categoria" />
    </UnitTest>
    <UnitTest name="cuando_se_solicita_la_lista_de_todas_las_áreas_superiores_de_un_área_debe_devolver_una_lista_vacía" storage="c:\repositorio\javier\licencias viaticos web\rrhh\testviaticos\bin\debug\testviaticos.dll" id="477414b1-9ac6-06f2-392d-c549405cd3f3">
      <Execution id="e83cada5-6cd1-4911-9e5d-c569850bb24c" />
      <TestMethod codeBase="C:/Repositorio/Javier/Licencias Viaticos Web/rrhh/TestViaticos/bin/Debug/TestViaticos.DLL" adapterTypeName="Microsoft.VisualStudio.TestTools.TestTypes.Unit.UnitTestAdapter, Microsoft.VisualStudio.QualityTools.Tips.UnitTest.Adapter, Version=10.0.0.0, Culture=neutral, PublicKeyToken=b03f5f7f11d50a3a" className="TestViaticos.TestOrganigrama, TestViaticos, Version=1.0.0.0, Culture=neutral, PublicKeyToken=null" name="cuando_se_solicita_la_lista_de_todas_las_áreas_superiores_de_un_área_debe_devolver_una_lista_vacía" />
    </UnitTest>
    <UnitTest name="deberia_crear_una_tabla_con_id" storage="c:\repositorio\javier\licencias viaticos web\rrhh\testviaticos\bin\debug\testviaticos.dll" id="e454c39b-e973-6bea-bc19-3dd352fe2860">
      <Execution id="43af8d29-d030-4d43-960a-f03ba5b3eaf1" />
      <TestMethod codeBase="C:/Repositorio/Javier/Licencias Viaticos Web/rrhh/TestViaticos/bin/Debug/TestViaticos.DLL" adapterTypeName="Microsoft.VisualStudio.TestTools.TestTypes.Unit.UnitTestAdapter, Microsoft.VisualStudio.QualityTools.Tips.UnitTest.Adapter, Version=10.0.0.0, Culture=neutral, PublicKeyToken=b03f5f7f11d50a3a" className="TestViaticos.TestTablasFake, TestViaticos, Version=1.0.0.0, Culture=neutral, PublicKeyToken=null" name="deberia_crear_una_tabla_con_id" />
    </UnitTest>
    <UnitTest name="al_solicitarle_las_areas_inferiores_al_area_de_Marta_debe_traer_solo_la_de_Faby" storage="c:\repositorio\javier\licencias viaticos web\rrhh\testviaticos\bin\debug\testviaticos.dll" id="44b05242-b475-4635-6cec-78ec052b2688">
      <Execution id="eff645a6-788a-4f36-8df2-9c2df5a77af6" />
      <TestMethod codeBase="C:/Repositorio/Javier/Licencias Viaticos Web/rrhh/TestViaticos/bin/Debug/TestViaticos.DLL" adapterTypeName="Microsoft.VisualStudio.TestTools.TestTypes.Unit.UnitTestAdapter, Microsoft.VisualStudio.QualityTools.Tips.UnitTest.Adapter, Version=10.0.0.0, Culture=neutral, PublicKeyToken=b03f5f7f11d50a3a" className="TestViaticos.TestOrganigrama, TestViaticos, Version=1.0.0.0, Culture=neutral, PublicKeyToken=null" name="al_solicitarle_las_areas_inferiores_al_area_de_Marta_debe_traer_solo_la_de_Faby" />
    </UnitTest>
    <UnitTest name="al_buscar_por_reponsable_de_area_a_Novoa_deberia_traerme_el_area_cuyo_apellido_de_responsable_es_Novoa" storage="c:\repositorio\javier\licencias viaticos web\rrhh\testviaticos\bin\debug\testviaticos.dll" id="e599cad1-eda4-094c-45c1-605d2f0e5702">
      <Execution id="43156d04-0912-44f7-b2cc-3435da3a0f6e" />
      <TestMethod codeBase="C:/Repositorio/Javier/Licencias Viaticos Web/rrhh/TestViaticos/bin/Debug/TestViaticos.DLL" adapterTypeName="Microsoft.VisualStudio.TestTools.TestTypes.Unit.UnitTestAdapter, Microsoft.VisualStudio.QualityTools.Tips.UnitTest.Adapter, Version=10.0.0.0, Culture=neutral, PublicKeyToken=b03f5f7f11d50a3a" className="General.TestProtocolo, TestViaticos, Version=1.0.0.0, Culture=neutral, PublicKeyToken=null" name="al_buscar_por_reponsable_de_area_a_Novoa_deberia_traerme_el_area_cuyo_apellido_de_responsable_es_Novoa" />
    </UnitTest>
    <UnitTest name="dado_aaa999_debe_ser_aab000" storage="c:\repositorio\javier\licencias viaticos web\rrhh\testviaticos\bin\debug\testviaticos.dll" id="4bc081ab-bd87-c7e6-2e9a-ea9029e80e8b">
      <Execution id="f8c0927f-f772-41cc-9557-7061ad0d691f" />
      <TestMethod codeBase="C:/Repositorio/Javier/Licencias Viaticos Web/rrhh/TestViaticos/bin/Debug/TestViaticos.DLL" adapterTypeName="Microsoft.VisualStudio.TestTools.TestTypes.Unit.UnitTestAdapter, Microsoft.VisualStudio.QualityTools.Tips.UnitTest.Adapter, Version=10.0.0.0, Culture=neutral, PublicKeyToken=b03f5f7f11d50a3a" className="Tests.CodigoTareaTest, TestViaticos, Version=1.0.0.0, Culture=neutral, PublicKeyToken=null" name="dado_aaa999_debe_ser_aab000" />
    </UnitTest>
    <UnitTest name="se_puede_crear_un_organigrama_con_forma_de_arbol_de_dos_pisos" storage="c:\repositorio\javier\licencias viaticos web\rrhh\testviaticos\bin\debug\testviaticos.dll" id="7a945366-5dc8-bde8-17f1-4ebf2f832448">
      <Execution id="e64f2e17-ee88-4600-8dca-efcacde80df0" />
      <TestMethod codeBase="C:/Repositorio/Javier/Licencias Viaticos Web/rrhh/TestViaticos/bin/Debug/TestViaticos.DLL" adapterTypeName="Microsoft.VisualStudio.TestTools.TestTypes.Unit.UnitTestAdapter, Microsoft.VisualStudio.QualityTools.Tips.UnitTest.Adapter, Version=10.0.0.0, Culture=neutral, PublicKeyToken=b03f5f7f11d50a3a" className="TestViaticos.TestOrganigrama, TestViaticos, Version=1.0.0.0, Culture=neutral, PublicKeyToken=null" name="se_puede_crear_un_organigrama_con_forma_de_arbol_de_dos_pisos" />
    </UnitTest>
    <UnitTest name="deberia_poder_validar_si_un_objeto_no_esta_en_una_coleccion" storage="c:\repositorio\javier\licencias viaticos web\rrhh\testviaticos\bin\debug\testviaticos.dll" id="757e1e4a-ca0e-7dc8-c1f0-7e6c91ba8ea0">
      <Execution id="546233d0-d58b-4b3b-8bb3-b61264c5ae84" />
      <TestMethod codeBase="C:/Repositorio/Javier/Licencias Viaticos Web/rrhh/TestViaticos/bin/Debug/TestViaticos.DLL" adapterTypeName="Microsoft.VisualStudio.TestTools.TestTypes.Unit.UnitTestAdapter, Microsoft.VisualStudio.QualityTools.Tips.UnitTest.Adapter, Version=10.0.0.0, Culture=neutral, PublicKeyToken=b03f5f7f11d50a3a" className="TestViaticos.TestValidador, TestViaticos, Version=1.0.0.0, Culture=neutral, PublicKeyToken=null" name="deberia_poder_validar_si_un_objeto_no_esta_en_una_coleccion" />
    </UnitTest>
    <UnitTest name="dado_un_curso_que_se_cursa_lunes_y_jueves_cuando_le_pregunto_cuantos_dias_de_cursada_hay_en_la_primer_quincena_de_enero_me_dice_4" storage="c:\repositorio\javier\licencias viaticos web\rrhh\testviaticos\bin\debug\testviaticos.dll" id="53e1544f-a9d2-75aa-fac6-a61041be5fb7">
      <Execution id="d0d47df7-a1a7-4db4-95aa-6d46798dc483" />
      <TestMethod codeBase="C:/Repositorio/Javier/Licencias Viaticos Web/rrhh/TestViaticos/bin/Debug/TestViaticos.DLL" adapterTypeName="Microsoft.VisualStudio.TestTools.TestTypes.Unit.UnitTestAdapter, Microsoft.VisualStudio.QualityTools.Tips.UnitTest.Adapter, Version=10.0.0.0, Culture=neutral, PublicKeyToken=b03f5f7f11d50a3a" className="TestViaticos.TestCalendarioDeCurso, TestViaticos, Version=1.0.0.0, Culture=neutral, PublicKeyToken=null" name="dado_un_curso_que_se_cursa_lunes_y_jueves_cuando_le_pregunto_cuantos_dias_de_cursada_hay_en_la_primer_quincena_de_enero_me_dice_4" />
    </UnitTest>
    <UnitTest name="deberia_agregar_una_inasistencia_a_un_alumno_para_una_planilla_que_esta_en_un_curso" storage="c:\repositorio\javier\licencias viaticos web\rrhh\testviaticos\bin\debug\testviaticos.dll" id="fe21a7fe-170b-9452-5951-05d7fa59464e">
      <Execution id="4b3b7182-05ee-40db-87ca-5295913256aa" />
      <TestMethod codeBase="C:/Repositorio/Javier/Licencias Viaticos Web/rrhh/TestViaticos/bin/Debug/TestViaticos.DLL" adapterTypeName="Microsoft.VisualStudio.TestTools.TestTypes.Unit.UnitTestAdapter, Microsoft.VisualStudio.QualityTools.Tips.UnitTest.Adapter, Version=10.0.0.0, Culture=neutral, PublicKeyToken=b03f5f7f11d50a3a" className="TestViaticos.TestPlanillaMensual, TestViaticos, Version=1.0.0.0, Culture=neutral, PublicKeyToken=null" name="deberia_agregar_una_inasistencia_a_un_alumno_para_una_planilla_que_esta_en_un_curso" />
    </UnitTest>
    <UnitTest name="deberia_poder_decirle_a_un_repositorio_que_use_una_conexion_que_no_devuelve_nada" storage="c:\repositorio\javier\licencias viaticos web\rrhh\testviaticos\bin\debug\testviaticos.dll" id="46d9bce1-2d0e-1aa8-e89e-b40f37783359">
      <Execution id="5ffafb0f-7d57-4a1e-ae81-414f46f21dc8" />
      <TestMethod codeBase="C:/Repositorio/Javier/Licencias Viaticos Web/rrhh/TestViaticos/bin/Debug/TestViaticos.DLL" adapterTypeName="Microsoft.VisualStudio.TestTools.TestTypes.Unit.UnitTestAdapter, Microsoft.VisualStudio.QualityTools.Tips.UnitTest.Adapter, Version=10.0.0.0, Culture=neutral, PublicKeyToken=b03f5f7f11d50a3a" className="TestViaticos.TestRepositorioOrganigramas, TestViaticos, Version=1.0.0.0, Culture=neutral, PublicKeyToken=null" name="deberia_poder_decirle_a_un_repositorio_que_use_una_conexion_que_no_devuelve_nada" />
    </UnitTest>
    <UnitTest name="deberia_poder_agregarle_cabeceras_de_columna_a_una_tabla" storage="c:\repositorio\javier\licencias viaticos web\rrhh\testviaticos\bin\debug\testviaticos.dll" id="27e6cdd1-0452-1cb1-16c4-7576bb6d0538">
      <Execution id="8a2995c0-f8bd-4e4c-95c6-cfbe5fdf43aa" />
      <TestMethod codeBase="C:/Repositorio/Javier/Licencias Viaticos Web/rrhh/TestViaticos/bin/Debug/TestViaticos.DLL" adapterTypeName="Microsoft.VisualStudio.TestTools.TestTypes.Unit.UnitTestAdapter, Microsoft.VisualStudio.QualityTools.Tips.UnitTest.Adapter, Version=10.0.0.0, Culture=neutral, PublicKeyToken=b03f5f7f11d50a3a" className="WebRhUITestNew.TestRenderizadorDeTablas, TestViaticos, Version=1.0.0.0, Culture=neutral, PublicKeyToken=null" name="deberia_poder_agregarle_cabeceras_de_columna_a_una_tabla" />
    </UnitTest>
    <UnitTest name="no_deberia_traer_inasistencias_de_un_alumno_que_no_falto" storage="c:\repositorio\javier\licencias viaticos web\rrhh\testviaticos\bin\debug\testviaticos.dll" id="94211d25-4f01-6a4f-21c4-290dd165eb14">
      <Execution id="898b6398-7ca7-4f50-8d3a-066b30b907d6" />
      <TestMethod codeBase="C:/Repositorio/Javier/Licencias Viaticos Web/rrhh/TestViaticos/bin/Debug/TestViaticos.DLL" adapterTypeName="Microsoft.VisualStudio.TestTools.TestTypes.Unit.UnitTestAdapter, Microsoft.VisualStudio.QualityTools.Tips.UnitTest.Adapter, Version=10.0.0.0, Culture=neutral, PublicKeyToken=b03f5f7f11d50a3a" className="TestViaticos.TestPlanillaMensual, TestViaticos, Version=1.0.0.0, Culture=neutral, PublicKeyToken=null" name="no_deberia_traer_inasistencias_de_un_alumno_que_no_falto" />
    </UnitTest>
    <UnitTest name="dada_un_area__con_3_asistentes_deberia_obtener_en_una_unica_area_unico_registro_y_los_3_asistentes_incluido_en_el_area" storage="c:\repositorio\javier\licencias viaticos web\rrhh\testviaticos\bin\debug\testviaticos.dll" id="03a6a885-b427-a1c0-9f18-eab8c39d83dc">
      <Execution id="24c64684-3c17-4b4f-9558-ca794ca03582" />
      <TestMethod codeBase="C:/Repositorio/Javier/Licencias Viaticos Web/rrhh/TestViaticos/bin/Debug/TestViaticos.DLL" adapterTypeName="Microsoft.VisualStudio.TestTools.TestTypes.Unit.UnitTestAdapter, Microsoft.VisualStudio.QualityTools.Tips.UnitTest.Adapter, Version=10.0.0.0, Culture=neutral, PublicKeyToken=b03f5f7f11d50a3a" className="General.TestUsuarios, TestViaticos, Version=1.0.0.0, Culture=neutral, PublicKeyToken=null" name="dada_un_area__con_3_asistentes_deberia_obtener_en_una_unica_area_unico_registro_y_los_3_asistentes_incluido_en_el_area" />
    </UnitTest>
    <UnitTest name="deberia_poder_validar_si_un_objeto_es_nulo" storage="c:\repositorio\javier\licencias viaticos web\rrhh\testviaticos\bin\debug\testviaticos.dll" id="2ddded08-79a3-ad3a-b587-dfc68dd5b5f5">
      <Execution id="3ebace3b-d152-456f-b85f-ac740f9c2167" />
      <TestMethod codeBase="C:/Repositorio/Javier/Licencias Viaticos Web/rrhh/TestViaticos/bin/Debug/TestViaticos.DLL" adapterTypeName="Microsoft.VisualStudio.TestTools.TestTypes.Unit.UnitTestAdapter, Microsoft.VisualStudio.QualityTools.Tips.UnitTest.Adapter, Version=10.0.0.0, Culture=neutral, PublicKeyToken=b03f5f7f11d50a3a" className="TestViaticos.TestValidador, TestViaticos, Version=1.0.0.0, Culture=neutral, PublicKeyToken=null" name="deberia_poder_validar_si_un_objeto_es_nulo" />
    </UnitTest>
    <UnitTest name="no_deberia_cargar_una_inasistencia_a_un_alumno_que_no_esta_en_un_curso" storage="c:\repositorio\javier\licencias viaticos web\rrhh\testviaticos\bin\debug\testviaticos.dll" id="78a9f8b3-1879-e741-9ade-1dee019c141b">
      <Execution id="68c748cd-fe89-4c91-8465-976b0078d7b9" />
      <TestMethod codeBase="C:/Repositorio/Javier/Licencias Viaticos Web/rrhh/TestViaticos/bin/Debug/TestViaticos.DLL" adapterTypeName="Microsoft.VisualStudio.TestTools.TestTypes.Unit.UnitTestAdapter, Microsoft.VisualStudio.QualityTools.Tips.UnitTest.Adapter, Version=10.0.0.0, Culture=neutral, PublicKeyToken=b03f5f7f11d50a3a" className="TestViaticos.TestPlanillaMensual, TestViaticos, Version=1.0.0.0, Culture=neutral, PublicKeyToken=null" name="no_deberia_cargar_una_inasistencia_a_un_alumno_que_no_esta_en_un_curso" />
    </UnitTest>
    <UnitTest name="deberia_poder_guardar_una_transicion_nueva" storage="c:\repositorio\javier\licencias viaticos web\rrhh\testviaticos\bin\debug\testviaticos.dll" id="ddde0ed2-12a5-9bf8-2fdd-b32f11508a59">
      <Execution id="312b2e9e-85b3-4798-9682-54ebb81a361f" />
      <TestMethod codeBase="C:/Repositorio/Javier/Licencias Viaticos Web/rrhh/TestViaticos/bin/Debug/TestViaticos.DLL" adapterTypeName="Microsoft.VisualStudio.TestTools.TestTypes.Unit.UnitTestAdapter, Microsoft.VisualStudio.QualityTools.Tips.UnitTest.Adapter, Version=10.0.0.0, Culture=neutral, PublicKeyToken=b03f5f7f11d50a3a" className="TestViaticos.TestMensajeria, TestViaticos, Version=1.0.0.0, Culture=neutral, PublicKeyToken=null" name="deberia_poder_guardar_una_transicion_nueva" />
    </UnitTest>
    <UnitTest name="deberia_traer_4_areas_con_los_datos_de_contacto_de_la_mismas" storage="c:\repositorio\javier\licencias viaticos web\rrhh\testviaticos\bin\debug\testviaticos.dll" id="33728143-431e-2f80-b4cd-e190171f9673">
      <Execution id="65221975-ccdb-4cad-bb86-ed2e3615a7bb" />
      <TestMethod codeBase="C:/Repositorio/Javier/Licencias Viaticos Web/rrhh/TestViaticos/bin/Debug/TestViaticos.DLL" adapterTypeName="Microsoft.VisualStudio.TestTools.TestTypes.Unit.UnitTestAdapter, Microsoft.VisualStudio.QualityTools.Tips.UnitTest.Adapter, Version=10.0.0.0, Culture=neutral, PublicKeyToken=b03f5f7f11d50a3a" className="General.TestUsuarios, TestViaticos, Version=1.0.0.0, Culture=neutral, PublicKeyToken=null" name="deberia_traer_4_areas_con_los_datos_de_contacto_de_la_mismas" />
    </UnitTest>
    <UnitTest name="al_buscar_en_una_lista_de_áreas_un_email_devuelve_dos_emails__uno_de_asistente_y_otro_de_area__que_contienen_el_texto_buscado" storage="c:\repositorio\javier\licencias viaticos web\rrhh\testviaticos\bin\debug\testviaticos.dll" id="64afcefc-8af6-fc70-4ea7-766fc65f6c46">
      <Execution id="2c89d34e-590d-42cd-b061-b34f57c84639" />
      <TestMethod codeBase="C:/Repositorio/Javier/Licencias Viaticos Web/rrhh/TestViaticos/bin/Debug/TestViaticos.DLL" adapterTypeName="Microsoft.VisualStudio.TestTools.TestTypes.Unit.UnitTestAdapter, Microsoft.VisualStudio.QualityTools.Tips.UnitTest.Adapter, Version=10.0.0.0, Culture=neutral, PublicKeyToken=b03f5f7f11d50a3a" className="General.TestProtocolo, TestViaticos, Version=1.0.0.0, Culture=neutral, PublicKeyToken=null" name="al_buscar_en_una_lista_de_áreas_un_email_devuelve_dos_emails__uno_de_asistente_y_otro_de_area__que_contienen_el_texto_buscado" />
    </UnitTest>
    <UnitTest name="al_buscar_por_una_palabra_del_extracto_del_documento_debe_traer_todos_los_documentos_que_cumplen_con_ello" storage="c:\repositorio\javier\licencias viaticos web\rrhh\testviaticos\bin\debug\testviaticos.dll" id="cff26abc-fddb-ef75-0bf4-49cf50880ca7">
      <Execution id="19dd38bc-768f-454d-b2b5-a498a0c57519" />
      <TestMethod codeBase="C:/Repositorio/Javier/Licencias Viaticos Web/rrhh/TestViaticos/bin/Debug/TestViaticos.DLL" adapterTypeName="Microsoft.VisualStudio.TestTools.TestTypes.Unit.UnitTestAdapter, Microsoft.VisualStudio.QualityTools.Tips.UnitTest.Adapter, Version=10.0.0.0, Culture=neutral, PublicKeyToken=b03f5f7f11d50a3a" className="General.TestFiltroSiCoI, TestViaticos, Version=1.0.0.0, Culture=neutral, PublicKeyToken=null" name="al_buscar_por_una_palabra_del_extracto_del_documento_debe_traer_todos_los_documentos_que_cumplen_con_ello" />
    </UnitTest>
    <UnitTest name="deberia_poder_validar_si_un_id_es_valido" storage="c:\repositorio\javier\licencias viaticos web\rrhh\testviaticos\bin\debug\testviaticos.dll" id="91497819-ba2a-f2e9-9418-b935f4653def">
      <Execution id="1868fbc3-bf7a-4ea4-933a-f73a399a905f" />
      <TestMethod codeBase="C:/Repositorio/Javier/Licencias Viaticos Web/rrhh/TestViaticos/bin/Debug/TestViaticos.DLL" adapterTypeName="Microsoft.VisualStudio.TestTools.TestTypes.Unit.UnitTestAdapter, Microsoft.VisualStudio.QualityTools.Tips.UnitTest.Adapter, Version=10.0.0.0, Culture=neutral, PublicKeyToken=b03f5f7f11d50a3a" className="TestViaticos.TestValidador, TestViaticos, Version=1.0.0.0, Culture=neutral, PublicKeyToken=null" name="deberia_poder_validar_si_un_id_es_valido" />
    </UnitTest>
    <UnitTest name="al_buscar_por_una_categoria_de_documento_debe_traer_todos_los_documentos_que_cumplen_con_ello" storage="c:\repositorio\javier\licencias viaticos web\rrhh\testviaticos\bin\debug\testviaticos.dll" id="5b690971-fd71-4f11-40a9-1c85ffb21c38">
      <Execution id="e7828732-9c4f-471c-9b3b-c5a50adfadf1" />
      <TestMethod codeBase="C:/Repositorio/Javier/Licencias Viaticos Web/rrhh/TestViaticos/bin/Debug/TestViaticos.DLL" adapterTypeName="Microsoft.VisualStudio.TestTools.TestTypes.Unit.UnitTestAdapter, Microsoft.VisualStudio.QualityTools.Tips.UnitTest.Adapter, Version=10.0.0.0, Culture=neutral, PublicKeyToken=b03f5f7f11d50a3a" className="General.TestFiltroSiCoI, TestViaticos, Version=1.0.0.0, Culture=neutral, PublicKeyToken=null" name="al_buscar_por_una_categoria_de_documento_debe_traer_todos_los_documentos_que_cumplen_con_ello" />
    </UnitTest>
    <UnitTest name="deberia_poder_obtener_el_string_de_un_link_en_imagen_de_las_entidades_seleccionadas" storage="c:\repositorio\javier\licencias viaticos web\rrhh\testviaticos\bin\debug\testviaticos.dll" id="f01f9398-de8a-e114-4944-4c3877e413a9">
      <Execution id="6e9be5b0-219c-49fe-8b32-a72600ccb4b3" />
      <TestMethod codeBase="C:/Repositorio/Javier/Licencias Viaticos Web/rrhh/TestViaticos/bin/Debug/TestViaticos.DLL" adapterTypeName="Microsoft.VisualStudio.TestTools.TestTypes.Unit.UnitTestAdapter, Microsoft.VisualStudio.QualityTools.Tips.UnitTest.Adapter, Version=10.0.0.0, Culture=neutral, PublicKeyToken=b03f5f7f11d50a3a" className="WebRhUITestNew.ControladorDeWebControlsTest, TestViaticos, Version=1.0.0.0, Culture=neutral, PublicKeyToken=null" name="deberia_poder_obtener_el_string_de_un_link_en_imagen_de_las_entidades_seleccionadas" />
    </UnitTest>
    <UnitTest name="usuario_mesa_entrada_deberia_tener_solo_acceso_a_documentos" storage="c:\repositorio\javier\licencias viaticos web\rrhh\testviaticos\bin\debug\testviaticos.dll" id="de307af2-1c44-a9c2-0624-80b438a3400b">
      <Execution id="25c66afb-2485-416a-8910-001ca56a846e" />
      <TestMethod codeBase="C:/Repositorio/Javier/Licencias Viaticos Web/rrhh/TestViaticos/bin/Debug/TestViaticos.DLL" adapterTypeName="Microsoft.VisualStudio.TestTools.TestTypes.Unit.UnitTestAdapter, Microsoft.VisualStudio.QualityTools.Tips.UnitTest.Adapter, Version=10.0.0.0, Culture=neutral, PublicKeyToken=b03f5f7f11d50a3a" className="TestViaticos.TestRepositorioUsuarios, TestViaticos, Version=1.0.0.0, Culture=neutral, PublicKeyToken=null" name="usuario_mesa_entrada_deberia_tener_solo_acceso_a_documentos" />
    </UnitTest>
    <UnitTest name="dado_1_quiero_2" storage="c:\repositorio\javier\licencias viaticos web\rrhh\testviaticos\bin\debug\testviaticos.dll" id="dfede4a0-4add-37a3-8cce-099c64499527">
      <Execution id="5bc89426-1ef8-41ee-9f30-c41f42f13b5e" />
      <TestMethod codeBase="C:/Repositorio/Javier/Licencias Viaticos Web/rrhh/TestViaticos/bin/Debug/TestViaticos.DLL" adapterTypeName="Microsoft.VisualStudio.TestTools.TestTypes.Unit.UnitTestAdapter, Microsoft.VisualStudio.QualityTools.Tips.UnitTest.Adapter, Version=10.0.0.0, Culture=neutral, PublicKeyToken=b03f5f7f11d50a3a" className="Tests.CodigoTareaTest, TestViaticos, Version=1.0.0.0, Culture=neutral, PublicKeyToken=null" name="dado_1_quiero_2" />
    </UnitTest>
    <UnitTest name="deberia_poder_crear_un_organigrama_lineal_con_cuatro_areas" storage="c:\repositorio\javier\licencias viaticos web\rrhh\testviaticos\bin\debug\testviaticos.dll" id="06dca5fe-5ce6-35f4-b6c7-96dea566a67f">
      <Execution id="b6c73e41-e038-40bb-aff2-c0c7e129255c" />
      <TestMethod codeBase="C:/Repositorio/Javier/Licencias Viaticos Web/rrhh/TestViaticos/bin/Debug/TestViaticos.DLL" adapterTypeName="Microsoft.VisualStudio.TestTools.TestTypes.Unit.UnitTestAdapter, Microsoft.VisualStudio.QualityTools.Tips.UnitTest.Adapter, Version=10.0.0.0, Culture=neutral, PublicKeyToken=b03f5f7f11d50a3a" className="TestViaticos.TestOrganigrama, TestViaticos, Version=1.0.0.0, Culture=neutral, PublicKeyToken=null" name="deberia_poder_crear_un_organigrama_lineal_con_cuatro_areas" />
    </UnitTest>
    <UnitTest name="fabian_deberia_tener_un_area_con_solo_un_asistente" storage="c:\repositorio\javier\licencias viaticos web\rrhh\testviaticos\bin\debug\testviaticos.dll" id="4a850093-e479-3127-1dc5-d67d3a9e4d1b">
      <Execution id="4301e81b-5ec0-4ec6-a1ed-63420540ffad" />
      <TestMethod codeBase="C:/Repositorio/Javier/Licencias Viaticos Web/rrhh/TestViaticos/bin/Debug/TestViaticos.DLL" adapterTypeName="Microsoft.VisualStudio.TestTools.TestTypes.Unit.UnitTestAdapter, Microsoft.VisualStudio.QualityTools.Tips.UnitTest.Adapter, Version=10.0.0.0, Culture=neutral, PublicKeyToken=b03f5f7f11d50a3a" className="TestViaticos.TestRepositorioUsuarios, TestViaticos, Version=1.0.0.0, Culture=neutral, PublicKeyToken=null" name="fabian_deberia_tener_un_area_con_solo_un_asistente" />
    </UnitTest>
    <UnitTest name="deberia_traer_una_unica_area_con_los_datos_de_contacto_de_la_misma" storage="c:\repositorio\javier\licencias viaticos web\rrhh\testviaticos\bin\debug\testviaticos.dll" id="8e8c4b00-453c-ac9a-23f7-d441cdf71296">
      <Execution id="144648e0-936a-45a7-acbc-b3d38983f89b" />
      <TestMethod codeBase="C:/Repositorio/Javier/Licencias Viaticos Web/rrhh/TestViaticos/bin/Debug/TestViaticos.DLL" adapterTypeName="Microsoft.VisualStudio.TestTools.TestTypes.Unit.UnitTestAdapter, Microsoft.VisualStudio.QualityTools.Tips.UnitTest.Adapter, Version=10.0.0.0, Culture=neutral, PublicKeyToken=b03f5f7f11d50a3a" className="General.TestUsuarios, TestViaticos, Version=1.0.0.0, Culture=neutral, PublicKeyToken=null" name="deberia_traer_una_unica_area_con_los_datos_de_contacto_de_la_misma" />
    </UnitTest>
    <UnitTest name="al_solicitarle_las_areas_inferiores_de_Fabi_no_debe_traer_ninguna" storage="c:\repositorio\javier\licencias viaticos web\rrhh\testviaticos\bin\debug\testviaticos.dll" id="bf3ea6c6-ab88-4696-72a1-f31917a72c6c">
      <Execution id="d6bffd1d-e604-4999-81d5-d2adca934caf" />
      <TestMethod codeBase="C:/Repositorio/Javier/Licencias Viaticos Web/rrhh/TestViaticos/bin/Debug/TestViaticos.DLL" adapterTypeName="Microsoft.VisualStudio.TestTools.TestTypes.Unit.UnitTestAdapter, Microsoft.VisualStudio.QualityTools.Tips.UnitTest.Adapter, Version=10.0.0.0, Culture=neutral, PublicKeyToken=b03f5f7f11d50a3a" className="TestViaticos.TestOrganigrama, TestViaticos, Version=1.0.0.0, Culture=neutral, PublicKeyToken=null" name="al_solicitarle_las_areas_inferiores_de_Fabi_no_debe_traer_ninguna" />
    </UnitTest>
    <UnitTest name="deberia_poder_guardar_un_nuevo_viatico_en_el_repositorio_de_viaticos_y_que_se_le_asigne_un_id" storage="c:\repositorio\javier\licencias viaticos web\rrhh\testviaticos\bin\debug\testviaticos.dll" id="e4a0643c-ded2-0a34-7284-5a78ff072139">
      <Execution id="7c5d5ce7-180e-4630-aecd-701ae2818120" />
      <TestMethod codeBase="C:/Repositorio/Javier/Licencias Viaticos Web/rrhh/TestViaticos/bin/Debug/TestViaticos.DLL" adapterTypeName="Microsoft.VisualStudio.TestTools.TestTypes.Unit.UnitTestAdapter, Microsoft.VisualStudio.QualityTools.Tips.UnitTest.Adapter, Version=10.0.0.0, Culture=neutral, PublicKeyToken=b03f5f7f11d50a3a" className="TestViaticos.TestRepositorioDeViaticos, TestViaticos, Version=1.0.0.0, Culture=neutral, PublicKeyToken=null" name="deberia_poder_guardar_un_nuevo_viatico_en_el_repositorio_de_viaticos_y_que_se_le_asigne_un_id" />
    </UnitTest>
    <UnitTest name="deberia_poder_quitar_alumnos" storage="c:\repositorio\javier\licencias viaticos web\rrhh\testviaticos\bin\debug\testviaticos.dll" id="f86c4657-4e4d-11f0-63ee-95d2154ef49d">
      <Execution id="9e9d3828-1ecf-4a8d-b459-b970461d7fee" />
      <TestMethod codeBase="C:/Repositorio/Javier/Licencias Viaticos Web/rrhh/TestViaticos/bin/Debug/TestViaticos.DLL" adapterTypeName="Microsoft.VisualStudio.TestTools.TestTypes.Unit.UnitTestAdapter, Microsoft.VisualStudio.QualityTools.Tips.UnitTest.Adapter, Version=10.0.0.0, Culture=neutral, PublicKeyToken=b03f5f7f11d50a3a" className="TestViaticos.TestAlumnos, TestViaticos, Version=1.0.0.0, Culture=neutral, PublicKeyToken=null" name="deberia_poder_quitar_alumnos" />
    </UnitTest>
    <UnitTest name="Un_organigrama_deberia_poder_decirme_todas_las_areas_inferiores_a_un_area_dada_con_una_estructura_lineal" storage="c:\repositorio\javier\licencias viaticos web\rrhh\testviaticos\bin\debug\testviaticos.dll" id="043dc452-5b80-2a1c-5140-d90d565722bc">
      <Execution id="28370f12-c8be-4ff4-9315-11e6ac6e8381" />
      <TestMethod codeBase="C:/Repositorio/Javier/Licencias Viaticos Web/rrhh/TestViaticos/bin/Debug/TestViaticos.DLL" adapterTypeName="Microsoft.VisualStudio.TestTools.TestTypes.Unit.UnitTestAdapter, Microsoft.VisualStudio.QualityTools.Tips.UnitTest.Adapter, Version=10.0.0.0, Culture=neutral, PublicKeyToken=b03f5f7f11d50a3a" className="TestViaticos.TestOrganigrama, TestViaticos, Version=1.0.0.0, Culture=neutral, PublicKeyToken=null" name="Un_organigrama_deberia_poder_decirme_todas_las_areas_inferiores_a_un_area_dada_con_una_estructura_lineal" />
    </UnitTest>
    <UnitTest name="al_buscar_por_fecha_desde_y_fecha_hasta_debería_traer_todos_los_documentos_cuya_fecha_está_incluída_en_ese_rango" storage="c:\repositorio\javier\licencias viaticos web\rrhh\testviaticos\bin\debug\testviaticos.dll" id="8c631ab0-9081-f239-8e5b-8f0f7f274cb2">
      <Execution id="bf108ee2-35d8-4535-a31a-3ca927b0160c" />
      <TestMethod codeBase="C:/Repositorio/Javier/Licencias Viaticos Web/rrhh/TestViaticos/bin/Debug/TestViaticos.DLL" adapterTypeName="Microsoft.VisualStudio.TestTools.TestTypes.Unit.UnitTestAdapter, Microsoft.VisualStudio.QualityTools.Tips.UnitTest.Adapter, Version=10.0.0.0, Culture=neutral, PublicKeyToken=b03f5f7f11d50a3a" className="General.TestFiltroSiCoI, TestViaticos, Version=1.0.0.0, Culture=neutral, PublicKeyToken=null" name="al_buscar_por_fecha_desde_y_fecha_hasta_debería_traer_todos_los_documentos_cuya_fecha_está_incluída_en_ese_rango" />
    </UnitTest>
    <UnitTest name="deberia_crear_una_tabla_con_id_y_descripcion" storage="c:\repositorio\javier\licencias viaticos web\rrhh\testviaticos\bin\debug\testviaticos.dll" id="71dbce06-b24d-82d9-d3a9-b8664de5dbbb">
      <Execution id="b65c70b3-76f4-464e-baf2-7007f0bb5d2e" />
      <TestMethod codeBase="C:/Repositorio/Javier/Licencias Viaticos Web/rrhh/TestViaticos/bin/Debug/TestViaticos.DLL" adapterTypeName="Microsoft.VisualStudio.TestTools.TestTypes.Unit.UnitTestAdapter, Microsoft.VisualStudio.QualityTools.Tips.UnitTest.Adapter, Version=10.0.0.0, Culture=neutral, PublicKeyToken=b03f5f7f11d50a3a" className="TestViaticos.TestTablasFake, TestViaticos, Version=1.0.0.0, Culture=neutral, PublicKeyToken=null" name="deberia_crear_una_tabla_con_id_y_descripcion" />
    </UnitTest>
    <UnitTest name="no_se_debe_permitir_crear_un_organigrama_donde_tenga_mas_de_un_area_superior_final" storage="c:\repositorio\javier\licencias viaticos web\rrhh\testviaticos\bin\debug\testviaticos.dll" id="02698425-13df-8609-0cad-f65978180f81">
      <Execution id="28594b17-e4fe-445a-8890-a3aaa6231b8e" />
      <TestMethod codeBase="C:/Repositorio/Javier/Licencias Viaticos Web/rrhh/TestViaticos/bin/Debug/TestViaticos.DLL" adapterTypeName="Microsoft.VisualStudio.TestTools.TestTypes.Unit.UnitTestAdapter, Microsoft.VisualStudio.QualityTools.Tips.UnitTest.Adapter, Version=10.0.0.0, Culture=neutral, PublicKeyToken=b03f5f7f11d50a3a" className="TestViaticos.TestOrganigrama, TestViaticos, Version=1.0.0.0, Culture=neutral, PublicKeyToken=null" name="no_se_debe_permitir_crear_un_organigrama_donde_tenga_mas_de_un_area_superior_final" />
    </UnitTest>
    <UnitTest name="deberia_poder_obtener_un_curso_del_repositorio_de_cursos" storage="c:\repositorio\javier\licencias viaticos web\rrhh\testviaticos\bin\debug\testviaticos.dll" id="c564bf77-b387-e233-53e7-c5c85a463602">
      <Execution id="404d6042-c331-4466-810b-a21c74e69bbe" />
      <TestMethod codeBase="C:/Repositorio/Javier/Licencias Viaticos Web/rrhh/TestViaticos/bin/Debug/TestViaticos.DLL" adapterTypeName="Microsoft.VisualStudio.TestTools.TestTypes.Unit.UnitTestAdapter, Microsoft.VisualStudio.QualityTools.Tips.UnitTest.Adapter, Version=10.0.0.0, Culture=neutral, PublicKeyToken=b03f5f7f11d50a3a" className="TestViaticos.TestRepositorioCursos, TestViaticos, Version=1.0.0.0, Culture=neutral, PublicKeyToken=null" name="deberia_poder_obtener_un_curso_del_repositorio_de_cursos" />
    </UnitTest>
    <UnitTest name="deberia_poder_validar_si_un_objeto_esta_en_una_coleccion" storage="c:\repositorio\javier\licencias viaticos web\rrhh\testviaticos\bin\debug\testviaticos.dll" id="6e2099d5-ff03-21ed-7c09-0bc58519434c">
      <Execution id="c8525796-b173-466c-a5a8-6950172f8138" />
      <TestMethod codeBase="C:/Repositorio/Javier/Licencias Viaticos Web/rrhh/TestViaticos/bin/Debug/TestViaticos.DLL" adapterTypeName="Microsoft.VisualStudio.TestTools.TestTypes.Unit.UnitTestAdapter, Microsoft.VisualStudio.QualityTools.Tips.UnitTest.Adapter, Version=10.0.0.0, Culture=neutral, PublicKeyToken=b03f5f7f11d50a3a" className="TestViaticos.TestValidador, TestViaticos, Version=1.0.0.0, Culture=neutral, PublicKeyToken=null" name="deberia_poder_validar_si_un_objeto_esta_en_una_coleccion" />
    </UnitTest>
    <UnitTest name="al_buscar_por_un_numero_de_ticket__de_documento_o_parte_de_él_debe_traer_todos_los_documentos_que_cumplen_con_ello" storage="c:\repositorio\javier\licencias viaticos web\rrhh\testviaticos\bin\debug\testviaticos.dll" id="88eff91e-3ca2-b202-c4d3-20146aaa990f">
      <Execution id="8bb92ac5-910f-4f8d-9f57-f4dee6ab51cd" />
      <TestMethod codeBase="C:/Repositorio/Javier/Licencias Viaticos Web/rrhh/TestViaticos/bin/Debug/TestViaticos.DLL" adapterTypeName="Microsoft.VisualStudio.TestTools.TestTypes.Unit.UnitTestAdapter, Microsoft.VisualStudio.QualityTools.Tips.UnitTest.Adapter, Version=10.0.0.0, Culture=neutral, PublicKeyToken=b03f5f7f11d50a3a" className="General.TestFiltroSiCoI, TestViaticos, Version=1.0.0.0, Culture=neutral, PublicKeyToken=null" name="al_buscar_por_un_numero_de_ticket__de_documento_o_parte_de_él_debe_traer_todos_los_documentos_que_cumplen_con_ello" />
    </UnitTest>
    <UnitTest name="deberia_poder_agregar_alumnos" storage="c:\repositorio\javier\licencias viaticos web\rrhh\testviaticos\bin\debug\testviaticos.dll" id="c2ebf66d-ae9e-9e71-55e6-fa4f57f3dcd0">
      <Execution id="34f77dfc-4071-4828-9fe6-032a803218e3" />
      <TestMethod codeBase="C:/Repositorio/Javier/Licencias Viaticos Web/rrhh/TestViaticos/bin/Debug/TestViaticos.DLL" adapterTypeName="Microsoft.VisualStudio.TestTools.TestTypes.Unit.UnitTestAdapter, Microsoft.VisualStudio.QualityTools.Tips.UnitTest.Adapter, Version=10.0.0.0, Culture=neutral, PublicKeyToken=b03f5f7f11d50a3a" className="TestViaticos.TestAlumnos, TestViaticos, Version=1.0.0.0, Culture=neutral, PublicKeyToken=null" name="deberia_poder_agregar_alumnos" />
    </UnitTest>
    <UnitTest name="deberia_poder_obtener_todos_los_datos_del_area_y_ver_que_estan_completos" storage="c:\repositorio\javier\licencias viaticos web\rrhh\testviaticos\bin\debug\testviaticos.dll" id="a44cf039-3a08-31a6-19c4-66a5660ef220">
      <Execution id="986936c7-43e4-4251-a0ce-6dd43a18f1e5" />
      <TestMethod codeBase="C:/Repositorio/Javier/Licencias Viaticos Web/rrhh/TestViaticos/bin/Debug/TestViaticos.DLL" adapterTypeName="Microsoft.VisualStudio.TestTools.TestTypes.Unit.UnitTestAdapter, Microsoft.VisualStudio.QualityTools.Tips.UnitTest.Adapter, Version=10.0.0.0, Culture=neutral, PublicKeyToken=b03f5f7f11d50a3a" className="TestViaticos.TestRepositorioAreas, TestViaticos, Version=1.0.0.0, Culture=neutral, PublicKeyToken=null" name="deberia_poder_obtener_todos_los_datos_del_area_y_ver_que_estan_completos" />
    </UnitTest>
    <UnitTest name="deberia_crear_una_tabla_con_nombre_y_un_valor_Juan" storage="c:\repositorio\javier\licencias viaticos web\rrhh\testviaticos\bin\debug\testviaticos.dll" id="6325cb50-8252-7333-a10e-129eb61d4a7d">
      <Execution id="a87e4d20-0b45-461c-8d51-8cf97f3dc09c" />
      <TestMethod codeBase="C:/Repositorio/Javier/Licencias Viaticos Web/rrhh/TestViaticos/bin/Debug/TestViaticos.DLL" adapterTypeName="Microsoft.VisualStudio.TestTools.TestTypes.Unit.UnitTestAdapter, Microsoft.VisualStudio.QualityTools.Tips.UnitTest.Adapter, Version=10.0.0.0, Culture=neutral, PublicKeyToken=b03f5f7f11d50a3a" className="TestViaticos.TestTablasFake, TestViaticos, Version=1.0.0.0, Culture=neutral, PublicKeyToken=null" name="deberia_crear_una_tabla_con_nombre_y_un_valor_Juan" />
    </UnitTest>
    <UnitTest name="deberia_poder_tener_los_checkboxes_seleccionados_de_un_request" storage="c:\repositorio\javier\licencias viaticos web\rrhh\testviaticos\bin\debug\testviaticos.dll" id="2a085327-6b89-00de-3f93-60ecccb235b6">
      <Execution id="952a568a-d893-4f2e-8ace-87e260c579a1" />
      <TestMethod codeBase="C:/Repositorio/Javier/Licencias Viaticos Web/rrhh/TestViaticos/bin/Debug/TestViaticos.DLL" adapterTypeName="Microsoft.VisualStudio.TestTools.TestTypes.Unit.UnitTestAdapter, Microsoft.VisualStudio.QualityTools.Tips.UnitTest.Adapter, Version=10.0.0.0, Culture=neutral, PublicKeyToken=b03f5f7f11d50a3a" className="WebRhUITestNew.ControladorDeWebControlsTest, TestViaticos, Version=1.0.0.0, Culture=neutral, PublicKeyToken=null" name="deberia_poder_tener_los_checkboxes_seleccionados_de_un_request" />
    </UnitTest>
    <UnitTest name="no_deberia_poder_tener_un_documento_sin_categoria" storage="c:\repositorio\javier\licencias viaticos web\rrhh\testviaticos\bin\debug\testviaticos.dll" id="751e279c-34dc-9434-036d-cf7c6e4fd783">
      <Execution id="e1254f8b-a974-475e-83fb-c7d35a1c314c" />
      <TestMethod codeBase="C:/Repositorio/Javier/Licencias Viaticos Web/rrhh/TestViaticos/bin/Debug/TestViaticos.DLL" adapterTypeName="Microsoft.VisualStudio.TestTools.TestTypes.Unit.UnitTestAdapter, Microsoft.VisualStudio.QualityTools.Tips.UnitTest.Adapter, Version=10.0.0.0, Culture=neutral, PublicKeyToken=b03f5f7f11d50a3a" className="TestViaticos.TestDocumentos, TestViaticos, Version=1.0.0.0, Culture=neutral, PublicKeyToken=null" name="no_deberia_poder_tener_un_documento_sin_categoria" />
    </UnitTest>
    <UnitTest name="deberia_poder_obtener_todos_los_tipos_de_documento" storage="c:\repositorio\javier\licencias viaticos web\rrhh\testviaticos\bin\debug\testviaticos.dll" id="c966b980-8b4f-c10a-2879-8a06a8c7add4">
      <Execution id="486c48bd-b0e2-4fc5-9ad7-ca2d82c28954" />
      <TestMethod codeBase="C:/Repositorio/Javier/Licencias Viaticos Web/rrhh/TestViaticos/bin/Debug/TestViaticos.DLL" adapterTypeName="Microsoft.VisualStudio.TestTools.TestTypes.Unit.UnitTestAdapter, Microsoft.VisualStudio.QualityTools.Tips.UnitTest.Adapter, Version=10.0.0.0, Culture=neutral, PublicKeyToken=b03f5f7f11d50a3a" className="TestViaticos.TestRepositorioDocumentos, TestViaticos, Version=1.0.0.0, Culture=neutral, PublicKeyToken=null" name="deberia_poder_obtener_todos_los_tipos_de_documento" />
    </UnitTest>
    <UnitTest name="al_buscar_en_una_lista_de_áreas_un_fax_devuelve_todos_las_áreas_cuyo_fax_de_asistente_o_responsable_o_area_contiene_el_texto_buscado" storage="c:\repositorio\javier\licencias viaticos web\rrhh\testviaticos\bin\debug\testviaticos.dll" id="3c877ef7-ef07-0820-9e58-ae76fdaedfb0">
      <Execution id="006ecb29-ede2-446e-85e9-561918a7b2e0" />
      <TestMethod codeBase="C:/Repositorio/Javier/Licencias Viaticos Web/rrhh/TestViaticos/bin/Debug/TestViaticos.DLL" adapterTypeName="Microsoft.VisualStudio.TestTools.TestTypes.Unit.UnitTestAdapter, Microsoft.VisualStudio.QualityTools.Tips.UnitTest.Adapter, Version=10.0.0.0, Culture=neutral, PublicKeyToken=b03f5f7f11d50a3a" className="General.TestProtocolo, TestViaticos, Version=1.0.0.0, Culture=neutral, PublicKeyToken=null" name="al_buscar_en_una_lista_de_áreas_un_fax_devuelve_todos_las_áreas_cuyo_fax_de_asistente_o_responsable_o_area_contiene_el_texto_buscado" />
    </UnitTest>
    <UnitTest name="deberia_poder_obtener_un_viatico_sin_estadias_pasajes_ni_transiciones" storage="c:\repositorio\javier\licencias viaticos web\rrhh\testviaticos\bin\debug\testviaticos.dll" id="410ae35c-c491-52ff-8ca7-16593197aa91">
      <Execution id="4c636c28-e0fb-43fd-bc6c-69bc82f7e4e3" />
      <TestMethod codeBase="C:/Repositorio/Javier/Licencias Viaticos Web/rrhh/TestViaticos/bin/Debug/TestViaticos.DLL" adapterTypeName="Microsoft.VisualStudio.TestTools.TestTypes.Unit.UnitTestAdapter, Microsoft.VisualStudio.QualityTools.Tips.UnitTest.Adapter, Version=10.0.0.0, Culture=neutral, PublicKeyToken=b03f5f7f11d50a3a" className="TestViaticos.TestRepositorioDeViaticos, TestViaticos, Version=1.0.0.0, Culture=neutral, PublicKeyToken=null" name="deberia_poder_obtener_un_viatico_sin_estadias_pasajes_ni_transiciones" />
    </UnitTest>
    <UnitTest name="deberia_crear_una_tabla_con_id_y_un_valor_1" storage="c:\repositorio\javier\licencias viaticos web\rrhh\testviaticos\bin\debug\testviaticos.dll" id="a91c3d07-7c7d-1fe6-99ad-80e4a1548474">
      <Execution id="8bbc0aa1-d51a-4119-add9-b461367628b1" />
      <TestMethod codeBase="C:/Repositorio/Javier/Licencias Viaticos Web/rrhh/TestViaticos/bin/Debug/TestViaticos.DLL" adapterTypeName="Microsoft.VisualStudio.TestTools.TestTypes.Unit.UnitTestAdapter, Microsoft.VisualStudio.QualityTools.Tips.UnitTest.Adapter, Version=10.0.0.0, Culture=neutral, PublicKeyToken=b03f5f7f11d50a3a" className="TestViaticos.TestTablasFake, TestViaticos, Version=1.0.0.0, Culture=neutral, PublicKeyToken=null" name="deberia_crear_una_tabla_con_id_y_un_valor_1" />
    </UnitTest>
    <UnitTest name="dado_a9_quiero_b0" storage="c:\repositorio\javier\licencias viaticos web\rrhh\testviaticos\bin\debug\testviaticos.dll" id="e51e2c6f-d445-6901-d7cc-9c752d9465ed">
      <Execution id="2f0c3ff5-5072-4353-9838-e30ab8520625" />
      <TestMethod codeBase="C:/Repositorio/Javier/Licencias Viaticos Web/rrhh/TestViaticos/bin/Debug/TestViaticos.DLL" adapterTypeName="Microsoft.VisualStudio.TestTools.TestTypes.Unit.UnitTestAdapter, Microsoft.VisualStudio.QualityTools.Tips.UnitTest.Adapter, Version=10.0.0.0, Culture=neutral, PublicKeyToken=b03f5f7f11d50a3a" className="Tests.CodigoTareaTest, TestViaticos, Version=1.0.0.0, Culture=neutral, PublicKeyToken=null" name="dado_a9_quiero_b0" />
    </UnitTest>
    <UnitTest name="si_un_area_no_tiene_alias_deberia_devolver_el_nombre_completo_sin_alias" storage="c:\repositorio\javier\licencias viaticos web\rrhh\testviaticos\bin\debug\testviaticos.dll" id="72c59001-deaf-0f88-ce47-97c9b2e78292">
      <Execution id="cb62d7fe-ab36-4be0-a244-61d4d8465dbc" />
      <TestMethod codeBase="C:/Repositorio/Javier/Licencias Viaticos Web/rrhh/TestViaticos/bin/Debug/TestViaticos.DLL" adapterTypeName="Microsoft.VisualStudio.TestTools.TestTypes.Unit.UnitTestAdapter, Microsoft.VisualStudio.QualityTools.Tips.UnitTest.Adapter, Version=10.0.0.0, Culture=neutral, PublicKeyToken=b03f5f7f11d50a3a" className="TestViaticos.TestRepositorioAreas, TestViaticos, Version=1.0.0.0, Culture=neutral, PublicKeyToken=null" name="si_un_area_no_tiene_alias_deberia_devolver_el_nombre_completo_sin_alias" />
    </UnitTest>
    <UnitTest name="el_filtro_por_numero_de_ticket_debe_ser_case_insensitive" storage="c:\repositorio\javier\licencias viaticos web\rrhh\testviaticos\bin\debug\testviaticos.dll" id="60b34790-3c9e-803c-efa2-bf0100cd18fd">
      <Execution id="71e407c6-0cb6-482f-9874-7d01b252a11d" />
      <TestMethod codeBase="C:/Repositorio/Javier/Licencias Viaticos Web/rrhh/TestViaticos/bin/Debug/TestViaticos.DLL" adapterTypeName="Microsoft.VisualStudio.TestTools.TestTypes.Unit.UnitTestAdapter, Microsoft.VisualStudio.QualityTools.Tips.UnitTest.Adapter, Version=10.0.0.0, Culture=neutral, PublicKeyToken=b03f5f7f11d50a3a" className="General.TestFiltroSiCoI, TestViaticos, Version=1.0.0.0, Culture=neutral, PublicKeyToken=null" name="el_filtro_por_numero_de_ticket_debe_ser_case_insensitive" />
    </UnitTest>
    <UnitTest name="deberia_poder_obtener_los_ids_de_las_entidades_seleccionadas" storage="c:\repositorio\javier\licencias viaticos web\rrhh\testviaticos\bin\debug\testviaticos.dll" id="1b646755-e25c-9dea-839f-b5f817062984">
      <Execution id="e07eb472-a509-4099-9f73-5c9e2dab93b7" />
      <TestMethod codeBase="C:/Repositorio/Javier/Licencias Viaticos Web/rrhh/TestViaticos/bin/Debug/TestViaticos.DLL" adapterTypeName="Microsoft.VisualStudio.TestTools.TestTypes.Unit.UnitTestAdapter, Microsoft.VisualStudio.QualityTools.Tips.UnitTest.Adapter, Version=10.0.0.0, Culture=neutral, PublicKeyToken=b03f5f7f11d50a3a" className="WebRhUITestNew.ControladorDeWebControlsTest, TestViaticos, Version=1.0.0.0, Culture=neutral, PublicKeyToken=null" name="deberia_poder_obtener_los_ids_de_las_entidades_seleccionadas" />
    </UnitTest>
    <UnitTest name="dado_un_area_quiero_saber_direccion_telefono_y_mail_del_area" storage="c:\repositorio\javier\licencias viaticos web\rrhh\testviaticos\bin\debug\testviaticos.dll" id="5d6cb36d-d345-b7c7-27f1-f7052ce8d166">
      <Execution id="13061f31-e9a5-48ff-ae23-7feb22415d30" />
      <TestMethod codeBase="C:/Repositorio/Javier/Licencias Viaticos Web/rrhh/TestViaticos/bin/Debug/TestViaticos.DLL" adapterTypeName="Microsoft.VisualStudio.TestTools.TestTypes.Unit.UnitTestAdapter, Microsoft.VisualStudio.QualityTools.Tips.UnitTest.Adapter, Version=10.0.0.0, Culture=neutral, PublicKeyToken=b03f5f7f11d50a3a" className="General.TestUsuarios, TestViaticos, Version=1.0.0.0, Culture=neutral, PublicKeyToken=null" name="dado_un_area_quiero_saber_direccion_telefono_y_mail_del_area" />
    </UnitTest>
    <UnitTest name="no_deberia_poder_tener_un_documento_sin_tipo" storage="c:\repositorio\javier\licencias viaticos web\rrhh\testviaticos\bin\debug\testviaticos.dll" id="cc560ad4-66d2-6e1b-fa1e-c1f8f0f47258">
      <Execution id="6c9b8081-4dad-4dea-8eff-344f1d229eed" />
      <TestMethod codeBase="C:/Repositorio/Javier/Licencias Viaticos Web/rrhh/TestViaticos/bin/Debug/TestViaticos.DLL" adapterTypeName="Microsoft.VisualStudio.TestTools.TestTypes.Unit.UnitTestAdapter, Microsoft.VisualStudio.QualityTools.Tips.UnitTest.Adapter, Version=10.0.0.0, Culture=neutral, PublicKeyToken=b03f5f7f11d50a3a" className="TestViaticos.TestDocumentos, TestViaticos, Version=1.0.0.0, Culture=neutral, PublicKeyToken=null" name="no_deberia_poder_tener_un_documento_sin_tipo" />
    </UnitTest>
    <UnitTest name="deberia_traer_viaticos_que_esten_pendientes_del_area_939_y__perido_011012_al_261012" storage="c:\repositorio\javier\licencias viaticos web\rrhh\testviaticos\bin\debug\testviaticos.dll" id="59ff1f84-feae-06d2-b4cb-39b785e26703">
      <Execution id="5886fcf7-e00b-4e85-b26c-f5955ebbbf55" />
      <TestMethod codeBase="C:/Repositorio/Javier/Licencias Viaticos Web/rrhh/TestViaticos/bin/Debug/TestViaticos.DLL" adapterTypeName="Microsoft.VisualStudio.TestTools.TestTypes.Unit.UnitTestAdapter, Microsoft.VisualStudio.QualityTools.Tips.UnitTest.Adapter, Version=10.0.0.0, Culture=neutral, PublicKeyToken=b03f5f7f11d50a3a" className="TestViaticos.TestConsultas, TestViaticos, Version=1.0.0.0, Culture=neutral, PublicKeyToken=null" name="deberia_traer_viaticos_que_esten_pendientes_del_area_939_y__perido_011012_al_261012" />
    </UnitTest>
    <UnitTest name="dado_un_curso_que_se_cursa_los_lunes_y_jueves_cuando_le_pregunto_cuantos_dias_de_cursada_hay_en_febrero_de_2013_me_dice_6_porque_dos_son_feriados" storage="c:\repositorio\javier\licencias viaticos web\rrhh\testviaticos\bin\debug\testviaticos.dll" id="7b7bd90a-9390-9d92-5600-532eb0a44a2a">
      <Execution id="738b7f8d-c879-429f-9f44-b9bb0f5c9377" />
      <TestMethod codeBase="C:/Repositorio/Javier/Licencias Viaticos Web/rrhh/TestViaticos/bin/Debug/TestViaticos.DLL" adapterTypeName="Microsoft.VisualStudio.TestTools.TestTypes.Unit.UnitTestAdapter, Microsoft.VisualStudio.QualityTools.Tips.UnitTest.Adapter, Version=10.0.0.0, Culture=neutral, PublicKeyToken=b03f5f7f11d50a3a" className="TestViaticos.TestCalendarioDeCurso, TestViaticos, Version=1.0.0.0, Culture=neutral, PublicKeyToken=null" name="dado_un_curso_que_se_cursa_los_lunes_y_jueves_cuando_le_pregunto_cuantos_dias_de_cursada_hay_en_febrero_de_2013_me_dice_6_porque_dos_son_feriados" />
    </UnitTest>
    <UnitTest name="deberia_poder_agregar_un_row_desde_una_entidad_especificando_como_obtener_los_valores_a_partir_de_la_misma" storage="c:\repositorio\javier\licencias viaticos web\rrhh\testviaticos\bin\debug\testviaticos.dll" id="8d450b91-f2a6-e64d-c4a7-eee63e8851da">
      <Execution id="ec7a1122-a94d-418b-afa7-9fc6c63d1df5" />
      <TestMethod codeBase="C:/Repositorio/Javier/Licencias Viaticos Web/rrhh/TestViaticos/bin/Debug/TestViaticos.DLL" adapterTypeName="Microsoft.VisualStudio.TestTools.TestTypes.Unit.UnitTestAdapter, Microsoft.VisualStudio.QualityTools.Tips.UnitTest.Adapter, Version=10.0.0.0, Culture=neutral, PublicKeyToken=b03f5f7f11d50a3a" className="WebRhUITestNew.TestRenderizadorDeTablas, TestViaticos, Version=1.0.0.0, Culture=neutral, PublicKeyToken=null" name="deberia_poder_agregar_un_row_desde_una_entidad_especificando_como_obtener_los_valores_a_partir_de_la_misma" />
    </UnitTest>
    <UnitTest name="al_buscar_en_una_lista_de_áreas_por_Asistentes_de_área_a_Ana_debe_traer_dos_areas_donde_existen_dos_personas_llamadas_Ana_que_son_secreatarias_en_cada_area" storage="c:\repositorio\javier\licencias viaticos web\rrhh\testviaticos\bin\debug\testviaticos.dll" id="25415686-6584-7e2c-956a-c8ad4a11141c">
      <Execution id="4cc15d00-48a1-4770-8c80-aaf9477ef678" />
      <TestMethod codeBase="C:/Repositorio/Javier/Licencias Viaticos Web/rrhh/TestViaticos/bin/Debug/TestViaticos.DLL" adapterTypeName="Microsoft.VisualStudio.TestTools.TestTypes.Unit.UnitTestAdapter, Microsoft.VisualStudio.QualityTools.Tips.UnitTest.Adapter, Version=10.0.0.0, Culture=neutral, PublicKeyToken=b03f5f7f11d50a3a" className="General.TestProtocolo, TestViaticos, Version=1.0.0.0, Culture=neutral, PublicKeyToken=null" name="al_buscar_en_una_lista_de_áreas_por_Asistentes_de_área_a_Ana_debe_traer_dos_areas_donde_existen_dos_personas_llamadas_Ana_que_son_secreatarias_en_cada_area" />
    </UnitTest>
    <UnitTest name="deberia_mostrarme_una_unica_vez_la_secretaria_que_posee_el_area_cuando_los_datos_estan_repetidos" storage="c:\repositorio\javier\licencias viaticos web\rrhh\testviaticos\bin\debug\testviaticos.dll" id="82d93e8f-20e5-8c41-b9f1-1d42beccc7c0">
      <Execution id="4bad76a2-8907-485d-b618-4dc25bc804e0" />
      <TestMethod codeBase="C:/Repositorio/Javier/Licencias Viaticos Web/rrhh/TestViaticos/bin/Debug/TestViaticos.DLL" adapterTypeName="Microsoft.VisualStudio.TestTools.TestTypes.Unit.UnitTestAdapter, Microsoft.VisualStudio.QualityTools.Tips.UnitTest.Adapter, Version=10.0.0.0, Culture=neutral, PublicKeyToken=b03f5f7f11d50a3a" className="General.TestUsuarios, TestViaticos, Version=1.0.0.0, Culture=neutral, PublicKeyToken=null" name="deberia_mostrarme_una_unica_vez_la_secretaria_que_posee_el_area_cuando_los_datos_estan_repetidos" />
    </UnitTest>
    <UnitTest name="al_buscar_en_una_lista_de_áreas_una_parte_de_telefono_devuelve_todos_las_áreas_cuyo_telefono_de_asistente_o_responsable_o_area_contiene_el_texto_buscado" storage="c:\repositorio\javier\licencias viaticos web\rrhh\testviaticos\bin\debug\testviaticos.dll" id="60d191e8-f802-0c16-9722-35844f243666">
      <Execution id="32e033f6-92c6-4945-a05a-84b1abb21237" />
      <TestMethod codeBase="C:/Repositorio/Javier/Licencias Viaticos Web/rrhh/TestViaticos/bin/Debug/TestViaticos.DLL" adapterTypeName="Microsoft.VisualStudio.TestTools.TestTypes.Unit.UnitTestAdapter, Microsoft.VisualStudio.QualityTools.Tips.UnitTest.Adapter, Version=10.0.0.0, Culture=neutral, PublicKeyToken=b03f5f7f11d50a3a" className="General.TestProtocolo, TestViaticos, Version=1.0.0.0, Culture=neutral, PublicKeyToken=null" name="al_buscar_en_una_lista_de_áreas_una_parte_de_telefono_devuelve_todos_las_áreas_cuyo_telefono_de_asistente_o_responsable_o_area_contiene_el_texto_buscado" />
    </UnitTest>
    <UnitTest name="mensajeria_no_deberia_fallar_cuando_un_documento_no_tiene_trancisiones" storage="c:\repositorio\javier\licencias viaticos web\rrhh\testviaticos\bin\debug\testviaticos.dll" id="cecd7ff2-d148-29e8-850a-7574ad3e7580">
      <Execution id="5db004bc-1a3a-4cd6-8387-9dea595a40fb" />
      <TestMethod codeBase="C:/Repositorio/Javier/Licencias Viaticos Web/rrhh/TestViaticos/bin/Debug/TestViaticos.DLL" adapterTypeName="Microsoft.VisualStudio.TestTools.TestTypes.Unit.UnitTestAdapter, Microsoft.VisualStudio.QualityTools.Tips.UnitTest.Adapter, Version=10.0.0.0, Culture=neutral, PublicKeyToken=b03f5f7f11d50a3a" className="TestViaticos.TestMensajeria, TestViaticos, Version=1.0.0.0, Culture=neutral, PublicKeyToken=null" name="mensajeria_no_deberia_fallar_cuando_un_documento_no_tiene_trancisiones" />
    </UnitTest>
    <UnitTest name="mensajeria_deberia_poder_generar_una_transicion_futura" storage="c:\repositorio\javier\licencias viaticos web\rrhh\testviaticos\bin\debug\testviaticos.dll" id="e1d67ae5-71d9-5872-41a1-7a2a4d910702">
      <Execution id="068b5e5e-0e95-45eb-a34d-944d7851f1b6" />
      <TestMethod codeBase="C:/Repositorio/Javier/Licencias Viaticos Web/rrhh/TestViaticos/bin/Debug/TestViaticos.DLL" adapterTypeName="Microsoft.VisualStudio.TestTools.TestTypes.Unit.UnitTestAdapter, Microsoft.VisualStudio.QualityTools.Tips.UnitTest.Adapter, Version=10.0.0.0, Culture=neutral, PublicKeyToken=b03f5f7f11d50a3a" className="TestViaticos.TestMensajeria, TestViaticos, Version=1.0.0.0, Culture=neutral, PublicKeyToken=null" name="mensajeria_deberia_poder_generar_una_transicion_futura" />
    </UnitTest>
    <UnitTest name="al_buscar_por_una_palabra_del_comentario_del_documento_debe_traer_todos_los_documentos_que_cumplen_con_ello" storage="c:\repositorio\javier\licencias viaticos web\rrhh\testviaticos\bin\debug\testviaticos.dll" id="cd2ddf59-b1d1-4ffd-b77a-55d96a13b533">
      <Execution id="da726b8a-2f64-4d43-9348-ec6c4bb360e9" />
      <TestMethod codeBase="C:/Repositorio/Javier/Licencias Viaticos Web/rrhh/TestViaticos/bin/Debug/TestViaticos.DLL" adapterTypeName="Microsoft.VisualStudio.TestTools.TestTypes.Unit.UnitTestAdapter, Microsoft.VisualStudio.QualityTools.Tips.UnitTest.Adapter, Version=10.0.0.0, Culture=neutral, PublicKeyToken=b03f5f7f11d50a3a" className="General.TestFiltroSiCoI, TestViaticos, Version=1.0.0.0, Culture=neutral, PublicKeyToken=null" name="al_buscar_por_una_palabra_del_comentario_del_documento_debe_traer_todos_los_documentos_que_cumplen_con_ello" />
    </UnitTest>
    <UnitTest name="deberia_poder_obtener_todos_los_tipos_de_documento_con_su_sigla" storage="c:\repositorio\javier\licencias viaticos web\rrhh\testviaticos\bin\debug\testviaticos.dll" id="1f3c9d7b-63ee-b9a1-f8d0-46e85a0a6255">
      <Execution id="508b4426-ac2e-418a-b663-33766befc27b" />
      <TestMethod codeBase="C:/Repositorio/Javier/Licencias Viaticos Web/rrhh/TestViaticos/bin/Debug/TestViaticos.DLL" adapterTypeName="Microsoft.VisualStudio.TestTools.TestTypes.Unit.UnitTestAdapter, Microsoft.VisualStudio.QualityTools.Tips.UnitTest.Adapter, Version=10.0.0.0, Culture=neutral, PublicKeyToken=b03f5f7f11d50a3a" className="TestViaticos.TestRepositorioDocumentos, TestViaticos, Version=1.0.0.0, Culture=neutral, PublicKeyToken=null" name="deberia_poder_obtener_todos_los_tipos_de_documento_con_su_sigla" />
    </UnitTest>
    <UnitTest name="deberia_traer_viaticos_de_BELEN_011012_261012" storage="c:\repositorio\javier\licencias viaticos web\rrhh\testviaticos\bin\debug\testviaticos.dll" id="c2c53443-9c7d-40b6-5a5a-6d158c6cf141">
      <Execution id="0a87b8ef-90da-4fa9-8eaa-13c546c7aead" />
      <TestMethod codeBase="C:/Repositorio/Javier/Licencias Viaticos Web/rrhh/TestViaticos/bin/Debug/TestViaticos.DLL" adapterTypeName="Microsoft.VisualStudio.TestTools.TestTypes.Unit.UnitTestAdapter, Microsoft.VisualStudio.QualityTools.Tips.UnitTest.Adapter, Version=10.0.0.0, Culture=neutral, PublicKeyToken=b03f5f7f11d50a3a" className="TestViaticos.TestConsultas, TestViaticos, Version=1.0.0.0, Culture=neutral, PublicKeyToken=null" name="deberia_traer_viaticos_de_BELEN_011012_261012" />
    </UnitTest>
    <UnitTest name="dado_un_curso_que_se_cursa_los_lunes_y_jueves_cuando_le_pregunto_cuantos_dias_de_cursada_hay_inlcuyendo_feriados_en_febrero_de_2013_me_dice_8_porque_dos_son_feriados" storage="c:\repositorio\javier\licencias viaticos web\rrhh\testviaticos\bin\debug\testviaticos.dll" id="98d79b4f-0fef-791a-b39b-89c03b95d3e3">
      <Execution id="615c7529-dec1-4a8b-a2a6-b31865aede57" />
      <TestMethod codeBase="C:/Repositorio/Javier/Licencias Viaticos Web/rrhh/TestViaticos/bin/Debug/TestViaticos.DLL" adapterTypeName="Microsoft.VisualStudio.TestTools.TestTypes.Unit.UnitTestAdapter, Microsoft.VisualStudio.QualityTools.Tips.UnitTest.Adapter, Version=10.0.0.0, Culture=neutral, PublicKeyToken=b03f5f7f11d50a3a" className="TestViaticos.TestCalendarioDeCurso, TestViaticos, Version=1.0.0.0, Culture=neutral, PublicKeyToken=null" name="dado_un_curso_que_se_cursa_los_lunes_y_jueves_cuando_le_pregunto_cuantos_dias_de_cursada_hay_inlcuyendo_feriados_en_febrero_de_2013_me_dice_8_porque_dos_son_feriados" />
    </UnitTest>
    <UnitTest name="deberia_poder_tener_un_null_como_segundo_valor_de_una_columna" storage="c:\repositorio\javier\licencias viaticos web\rrhh\testviaticos\bin\debug\testviaticos.dll" id="c8e9fa12-63fb-548e-6319-248eaeb1ba50">
      <Execution id="3d765b2e-4635-4e23-bce3-e781a6bf51ed" />
      <TestMethod codeBase="C:/Repositorio/Javier/Licencias Viaticos Web/rrhh/TestViaticos/bin/Debug/TestViaticos.DLL" adapterTypeName="Microsoft.VisualStudio.TestTools.TestTypes.Unit.UnitTestAdapter, Microsoft.VisualStudio.QualityTools.Tips.UnitTest.Adapter, Version=10.0.0.0, Culture=neutral, PublicKeyToken=b03f5f7f11d50a3a" className="TestViaticos.TestTablasFake, TestViaticos, Version=1.0.0.0, Culture=neutral, PublicKeyToken=null" name="deberia_poder_tener_un_null_como_segundo_valor_de_una_columna" />
    </UnitTest>
    <UnitTest name="deberia_considerar_las_estadias_comenzadas_en_el_periodo" storage="c:\repositorio\javier\licencias viaticos web\rrhh\testviaticos\bin\debug\testviaticos.dll" id="e22ce867-04ec-cc74-8f00-0fdb0256cb9f">
      <Execution id="90634755-bf1a-4849-b34f-5fdf9b56b204" />
      <TestMethod codeBase="C:/Repositorio/Javier/Licencias Viaticos Web/rrhh/TestViaticos/bin/Debug/TestViaticos.DLL" adapterTypeName="Microsoft.VisualStudio.TestTools.TestTypes.Unit.UnitTestAdapter, Microsoft.VisualStudio.QualityTools.Tips.UnitTest.Adapter, Version=10.0.0.0, Culture=neutral, PublicKeyToken=b03f5f7f11d50a3a" className="TestViaticos.TestConsultas, TestViaticos, Version=1.0.0.0, Culture=neutral, PublicKeyToken=null" name="deberia_considerar_las_estadias_comenzadas_en_el_periodo" />
    </UnitTest>
    <UnitTest name="al_buscar_por_reponsable_de_area_a_Fabian_deberia_traerme_el_area_cuyo_nombre_de_responsable_es_Fabian" storage="c:\repositorio\javier\licencias viaticos web\rrhh\testviaticos\bin\debug\testviaticos.dll" id="c09a892a-1cf8-8734-95e1-5859c143f708">
      <Execution id="86dcf728-244f-437d-8574-21673219bf39" />
      <TestMethod codeBase="C:/Repositorio/Javier/Licencias Viaticos Web/rrhh/TestViaticos/bin/Debug/TestViaticos.DLL" adapterTypeName="Microsoft.VisualStudio.TestTools.TestTypes.Unit.UnitTestAdapter, Microsoft.VisualStudio.QualityTools.Tips.UnitTest.Adapter, Version=10.0.0.0, Culture=neutral, PublicKeyToken=b03f5f7f11d50a3a" className="General.TestProtocolo, TestViaticos, Version=1.0.0.0, Culture=neutral, PublicKeyToken=null" name="al_buscar_por_reponsable_de_area_a_Fabian_deberia_traerme_el_area_cuyo_nombre_de_responsable_es_Fabian" />
    </UnitTest>
    <UnitTest name="al_buscar_por_nombre_de_numero_de_documento_y_fechas_desde_y_hasta_y_extracto_de_un_documento_debe_traer_todos_los_documentos_que_cumplen_con_ello" storage="c:\repositorio\javier\licencias viaticos web\rrhh\testviaticos\bin\debug\testviaticos.dll" id="9f7c8e27-eadb-ceef-1191-65859b891fab">
      <Execution id="06d4eddf-79c3-4606-bb80-bdf2cc805fe0" />
      <TestMethod codeBase="C:/Repositorio/Javier/Licencias Viaticos Web/rrhh/TestViaticos/bin/Debug/TestViaticos.DLL" adapterTypeName="Microsoft.VisualStudio.TestTools.TestTypes.Unit.UnitTestAdapter, Microsoft.VisualStudio.QualityTools.Tips.UnitTest.Adapter, Version=10.0.0.0, Culture=neutral, PublicKeyToken=b03f5f7f11d50a3a" className="General.TestFiltroSiCoI, TestViaticos, Version=1.0.0.0, Culture=neutral, PublicKeyToken=null" name="al_buscar_por_nombre_de_numero_de_documento_y_fechas_desde_y_hasta_y_extracto_de_un_documento_debe_traer_todos_los_documentos_que_cumplen_con_ello" />
    </UnitTest>
    <UnitTest name="no_se_puede_solicitar_el_área_superior_del_área_maxima_sino_que_debería_dar_una_excepción" storage="c:\repositorio\javier\licencias viaticos web\rrhh\testviaticos\bin\debug\testviaticos.dll" id="086213ff-7e23-a50c-0de2-c7f0fd67fbca">
      <Execution id="8c138f07-1ed2-4195-8c01-badcc4071741" />
      <TestMethod codeBase="C:/Repositorio/Javier/Licencias Viaticos Web/rrhh/TestViaticos/bin/Debug/TestViaticos.DLL" adapterTypeName="Microsoft.VisualStudio.TestTools.TestTypes.Unit.UnitTestAdapter, Microsoft.VisualStudio.QualityTools.Tips.UnitTest.Adapter, Version=10.0.0.0, Culture=neutral, PublicKeyToken=b03f5f7f11d50a3a" className="TestViaticos.TestOrganigrama, TestViaticos, Version=1.0.0.0, Culture=neutral, PublicKeyToken=null" name="no_se_puede_solicitar_el_área_superior_del_área_maxima_sino_que_debería_dar_una_excepción" />
    </UnitTest>
    <UnitTest name="fabian_deberia_tener_acceso_a_viaticos_y_a_documentos" storage="c:\repositorio\javier\licencias viaticos web\rrhh\testviaticos\bin\debug\testviaticos.dll" id="abcb6bdb-8479-892d-4456-095226c976bc">
      <Execution id="b890653a-3d78-430e-b6ee-89792a9cb293" />
      <TestMethod codeBase="C:/Repositorio/Javier/Licencias Viaticos Web/rrhh/TestViaticos/bin/Debug/TestViaticos.DLL" adapterTypeName="Microsoft.VisualStudio.TestTools.TestTypes.Unit.UnitTestAdapter, Microsoft.VisualStudio.QualityTools.Tips.UnitTest.Adapter, Version=10.0.0.0, Culture=neutral, PublicKeyToken=b03f5f7f11d50a3a" className="TestViaticos.TestRepositorioUsuarios, TestViaticos, Version=1.0.0.0, Culture=neutral, PublicKeyToken=null" name="fabian_deberia_tener_acceso_a_viaticos_y_a_documentos" />
    </UnitTest>
    <UnitTest name="fabian_deberia_tener_solo_un_area_con_un_asistente" storage="c:\repositorio\javier\licencias viaticos web\rrhh\testviaticos\bin\debug\testviaticos.dll" id="2c561612-6ace-d4f5-3ea0-2b63589d272c">
      <Execution id="c8bc47a0-03f4-415d-9793-32fd13cfee1d" />
      <TestMethod codeBase="C:/Repositorio/Javier/Licencias Viaticos Web/rrhh/TestViaticos/bin/Debug/TestViaticos.DLL" adapterTypeName="Microsoft.VisualStudio.TestTools.TestTypes.Unit.UnitTestAdapter, Microsoft.VisualStudio.QualityTools.Tips.UnitTest.Adapter, Version=10.0.0.0, Culture=neutral, PublicKeyToken=b03f5f7f11d50a3a" className="TestViaticos.TestRepositorioUsuarios, TestViaticos, Version=1.0.0.0, Culture=neutral, PublicKeyToken=null" name="fabian_deberia_tener_solo_un_area_con_un_asistente" />
    </UnitTest>
    <UnitTest name="Un_organigrama_deberia_poder_decirme_todas_las_areas_que_posee" storage="c:\repositorio\javier\licencias viaticos web\rrhh\testviaticos\bin\debug\testviaticos.dll" id="bb2112d4-68ef-15b6-48ec-73b20e57caa9">
      <Execution id="b97c6091-f36a-48e9-a59b-f66a34f26027" />
      <TestMethod codeBase="C:/Repositorio/Javier/Licencias Viaticos Web/rrhh/TestViaticos/bin/Debug/TestViaticos.DLL" adapterTypeName="Microsoft.VisualStudio.TestTools.TestTypes.Unit.UnitTestAdapter, Microsoft.VisualStudio.QualityTools.Tips.UnitTest.Adapter, Version=10.0.0.0, Culture=neutral, PublicKeyToken=b03f5f7f11d50a3a" className="TestViaticos.TestOrganigrama, TestViaticos, Version=1.0.0.0, Culture=neutral, PublicKeyToken=null" name="Un_organigrama_deberia_poder_decirme_todas_las_areas_que_posee" />
    </UnitTest>
    <UnitTest name="fabian_deberia_tener_solo_acceso_a_viaticos" storage="c:\repositorio\javier\licencias viaticos web\rrhh\testviaticos\bin\debug\testviaticos.dll" id="2eba2d30-d0c9-d10d-cb9f-e198704cb8fa">
      <Execution id="df49b262-82a2-4603-ab1f-0f1f5f4f8ff8" />
      <TestMethod codeBase="C:/Repositorio/Javier/Licencias Viaticos Web/rrhh/TestViaticos/bin/Debug/TestViaticos.DLL" adapterTypeName="Microsoft.VisualStudio.TestTools.TestTypes.Unit.UnitTestAdapter, Microsoft.VisualStudio.QualityTools.Tips.UnitTest.Adapter, Version=10.0.0.0, Culture=neutral, PublicKeyToken=b03f5f7f11d50a3a" className="TestViaticos.TestRepositorioUsuarios, TestViaticos, Version=1.0.0.0, Culture=neutral, PublicKeyToken=null" name="fabian_deberia_tener_solo_acceso_a_viaticos" />
    </UnitTest>
    <UnitTest name="deberia_traer_viaticos_de_la_provincia_SALTA_y_CORDOBA_en_el_periodo_011012_261012" storage="c:\repositorio\javier\licencias viaticos web\rrhh\testviaticos\bin\debug\testviaticos.dll" id="999cd32d-d69f-3834-8d48-f15d37fd5243">
      <Execution id="370d09ed-e45a-4819-a3ae-4d5bf6e792c6" />
      <TestMethod codeBase="C:/Repositorio/Javier/Licencias Viaticos Web/rrhh/TestViaticos/bin/Debug/TestViaticos.DLL" adapterTypeName="Microsoft.VisualStudio.TestTools.TestTypes.Unit.UnitTestAdapter, Microsoft.VisualStudio.QualityTools.Tips.UnitTest.Adapter, Version=10.0.0.0, Culture=neutral, PublicKeyToken=b03f5f7f11d50a3a" className="TestViaticos.TestConsultas, TestViaticos, Version=1.0.0.0, Culture=neutral, PublicKeyToken=null" name="deberia_traer_viaticos_de_la_provincia_SALTA_y_CORDOBA_en_el_periodo_011012_261012" />
    </UnitTest>
    <UnitTest name="deberia_poder_tener_un_null_como_primer_valor_de_una_columna" storage="c:\repositorio\javier\licencias viaticos web\rrhh\testviaticos\bin\debug\testviaticos.dll" id="37d066c6-a6d7-b11a-9516-f3f197d5e44d">
      <Execution id="3daadb02-0474-48f9-8108-b0d995f0e143" />
      <TestMethod codeBase="C:/Repositorio/Javier/Licencias Viaticos Web/rrhh/TestViaticos/bin/Debug/TestViaticos.DLL" adapterTypeName="Microsoft.VisualStudio.TestTools.TestTypes.Unit.UnitTestAdapter, Microsoft.VisualStudio.QualityTools.Tips.UnitTest.Adapter, Version=10.0.0.0, Culture=neutral, PublicKeyToken=b03f5f7f11d50a3a" className="TestViaticos.TestTablasFake, TestViaticos, Version=1.0.0.0, Culture=neutral, PublicKeyToken=null" name="deberia_poder_tener_un_null_como_primer_valor_de_una_columna" />
    </UnitTest>
    <UnitTest name="al_buscar_por_el_area_del_usuario_logueado_debe_traer_todos_los_documentos_que_aun_son_responsabilidad_de_dicha_area" storage="c:\repositorio\javier\licencias viaticos web\rrhh\testviaticos\bin\debug\testviaticos.dll" id="a783754e-a02b-a257-f4ac-f48395928085">
      <Execution id="6c4494ac-6212-46dd-9205-7e39c2967d76" />
      <TestMethod codeBase="C:/Repositorio/Javier/Licencias Viaticos Web/rrhh/TestViaticos/bin/Debug/TestViaticos.DLL" adapterTypeName="Microsoft.VisualStudio.TestTools.TestTypes.Unit.UnitTestAdapter, Microsoft.VisualStudio.QualityTools.Tips.UnitTest.Adapter, Version=10.0.0.0, Culture=neutral, PublicKeyToken=b03f5f7f11d50a3a" className="General.TestFiltroSiCoI, TestViaticos, Version=1.0.0.0, Culture=neutral, PublicKeyToken=null" name="al_buscar_por_el_area_del_usuario_logueado_debe_traer_todos_los_documentos_que_aun_son_responsabilidad_de_dicha_area" />
    </UnitTest>
    <UnitTest name="no_deberia_permitir_pasarse_de_z" storage="c:\repositorio\javier\licencias viaticos web\rrhh\testviaticos\bin\debug\testviaticos.dll" id="6a69abda-dfaa-a679-b661-02cd5293c0bd">
      <Execution id="4b949341-d25c-4ca3-9e5c-6276d67cf301" />
      <TestMethod codeBase="C:/Repositorio/Javier/Licencias Viaticos Web/rrhh/TestViaticos/bin/Debug/TestViaticos.DLL" adapterTypeName="Microsoft.VisualStudio.TestTools.TestTypes.Unit.UnitTestAdapter, Microsoft.VisualStudio.QualityTools.Tips.UnitTest.Adapter, Version=10.0.0.0, Culture=neutral, PublicKeyToken=b03f5f7f11d50a3a" className="Tests.CodigoTareaTest, TestViaticos, Version=1.0.0.0, Culture=neutral, PublicKeyToken=null" name="no_deberia_permitir_pasarse_de_z" />
    </UnitTest>
    <UnitTest name="al_transicionar_desde_otra_area_genera_2_transiciones" storage="c:\repositorio\javier\licencias viaticos web\rrhh\testviaticos\bin\debug\testviaticos.dll" id="f1682d17-f3d2-e7a6-602e-a5fe64b0b83a">
      <Execution id="1a02955d-2a3d-4dd8-8c00-c7e35e1eedf8" />
      <TestMethod codeBase="C:/Repositorio/Javier/Licencias Viaticos Web/rrhh/TestViaticos/bin/Debug/TestViaticos.DLL" adapterTypeName="Microsoft.VisualStudio.TestTools.TestTypes.Unit.UnitTestAdapter, Microsoft.VisualStudio.QualityTools.Tips.UnitTest.Adapter, Version=10.0.0.0, Culture=neutral, PublicKeyToken=b03f5f7f11d50a3a" className="TestViaticos.TestMensajeria, TestViaticos, Version=1.0.0.0, Culture=neutral, PublicKeyToken=null" name="al_transicionar_desde_otra_area_genera_2_transiciones" />
    </UnitTest>
    <UnitTest name="al_buscar_por_un_tipo_de_documento_debe_traer_todos_los_documentos_que_cumplen_con_ello" storage="c:\repositorio\javier\licencias viaticos web\rrhh\testviaticos\bin\debug\testviaticos.dll" id="fc3e1a26-3625-7f18-819c-6724010eb1dd">
      <Execution id="417e4e6b-a9e0-4552-8219-e6866065e3c7" />
      <TestMethod codeBase="C:/Repositorio/Javier/Licencias Viaticos Web/rrhh/TestViaticos/bin/Debug/TestViaticos.DLL" adapterTypeName="Microsoft.VisualStudio.TestTools.TestTypes.Unit.UnitTestAdapter, Microsoft.VisualStudio.QualityTools.Tips.UnitTest.Adapter, Version=10.0.0.0, Culture=neutral, PublicKeyToken=b03f5f7f11d50a3a" className="General.TestFiltroSiCoI, TestViaticos, Version=1.0.0.0, Culture=neutral, PublicKeyToken=null" name="al_buscar_por_un_tipo_de_documento_debe_traer_todos_los_documentos_que_cumplen_con_ello" />
    </UnitTest>
    <UnitTest name="al_buscar_en_una_lista_de_áreas_una_dirección_devuelve_todos_las_áreas_cuyo_domicilio_contiene_el_texto_buscado" storage="c:\repositorio\javier\licencias viaticos web\rrhh\testviaticos\bin\debug\testviaticos.dll" id="696fca9c-b0b6-7ef6-000f-fc7546a49832">
      <Execution id="6d3d0f9a-5c98-405b-9e07-b576fd0d1b60" />
      <TestMethod codeBase="C:/Repositorio/Javier/Licencias Viaticos Web/rrhh/TestViaticos/bin/Debug/TestViaticos.DLL" adapterTypeName="Microsoft.VisualStudio.TestTools.TestTypes.Unit.UnitTestAdapter, Microsoft.VisualStudio.QualityTools.Tips.UnitTest.Adapter, Version=10.0.0.0, Culture=neutral, PublicKeyToken=b03f5f7f11d50a3a" className="General.TestProtocolo, TestViaticos, Version=1.0.0.0, Culture=neutral, PublicKeyToken=null" name="al_buscar_en_una_lista_de_áreas_una_dirección_devuelve_todos_las_áreas_cuyo_domicilio_contiene_el_texto_buscado" />
    </UnitTest>
    <UnitTest name="se_le_deberia_poder_pedir_a_un_area_su_nombre_completo_con_el_alias" storage="c:\repositorio\javier\licencias viaticos web\rrhh\testviaticos\bin\debug\testviaticos.dll" id="2665ec77-f2c4-3c27-e75d-93d1cb83ce92">
      <Execution id="b18ddc6c-8325-4a20-9732-219494d6b40f" />
      <TestMethod codeBase="C:/Repositorio/Javier/Licencias Viaticos Web/rrhh/TestViaticos/bin/Debug/TestViaticos.DLL" adapterTypeName="Microsoft.VisualStudio.TestTools.TestTypes.Unit.UnitTestAdapter, Microsoft.VisualStudio.QualityTools.Tips.UnitTest.Adapter, Version=10.0.0.0, Culture=neutral, PublicKeyToken=b03f5f7f11d50a3a" className="TestViaticos.TestRepositorioAreas, TestViaticos, Version=1.0.0.0, Culture=neutral, PublicKeyToken=null" name="se_le_deberia_poder_pedir_a_un_area_su_nombre_completo_con_el_alias" />
    </UnitTest>
  </TestDefinitions>
  <TestLists>
    <TestList name="Resultados que no están en la lista" id="8c84fa94-04c1-424b-9868-57a2d4851a1d" />
    <TestList name="Todos los resultados cargados" id="19431567-8539-422a-85d7-44ee4e166bda" />
  </TestLists>
  <TestEntries>
    <TestEntry testId="002cf2ca-edf2-8bcf-43d5-0c3f0f84c4f5" executionId="3b155360-a96f-4705-8c83-92cc047c02e4" testListId="8c84fa94-04c1-424b-9868-57a2d4851a1d" />
    <TestEntry testId="02698425-13df-8609-0cad-f65978180f81" executionId="28594b17-e4fe-445a-8890-a3aaa6231b8e" testListId="8c84fa94-04c1-424b-9868-57a2d4851a1d" />
    <TestEntry testId="03a6a885-b427-a1c0-9f18-eab8c39d83dc" executionId="24c64684-3c17-4b4f-9558-ca794ca03582" testListId="8c84fa94-04c1-424b-9868-57a2d4851a1d" />
    <TestEntry testId="043dc452-5b80-2a1c-5140-d90d565722bc" executionId="28370f12-c8be-4ff4-9315-11e6ac6e8381" testListId="8c84fa94-04c1-424b-9868-57a2d4851a1d" />
    <TestEntry testId="06dca5fe-5ce6-35f4-b6c7-96dea566a67f" executionId="b6c73e41-e038-40bb-aff2-c0c7e129255c" testListId="8c84fa94-04c1-424b-9868-57a2d4851a1d" />
    <TestEntry testId="07c6ae9a-6a82-fa4b-680a-96e32253ef51" executionId="604d1092-b073-4760-9e98-d7202a11ca9a" testListId="8c84fa94-04c1-424b-9868-57a2d4851a1d" />
    <TestEntry testId="086213ff-7e23-a50c-0de2-c7f0fd67fbca" executionId="8c138f07-1ed2-4195-8c01-badcc4071741" testListId="8c84fa94-04c1-424b-9868-57a2d4851a1d" />
    <TestEntry testId="182de057-0bb2-6910-8abd-59fd672a3af3" executionId="4f6dc565-aa3c-4ae6-81bb-bca5daff1892" testListId="8c84fa94-04c1-424b-9868-57a2d4851a1d" />
    <TestEntry testId="18a1cd9e-1ae4-3656-14a0-ac543707a055" executionId="cae337de-bad2-4f09-bd46-cb103c998a0b" testListId="8c84fa94-04c1-424b-9868-57a2d4851a1d" />
    <TestEntry testId="1b646755-e25c-9dea-839f-b5f817062984" executionId="e07eb472-a509-4099-9f73-5c9e2dab93b7" testListId="8c84fa94-04c1-424b-9868-57a2d4851a1d" />
    <TestEntry testId="1bbef477-4f31-cfec-a6a8-6e1b0892c5f9" executionId="278b4d59-ed7d-4c59-85b8-4b5193a6c78d" testListId="8c84fa94-04c1-424b-9868-57a2d4851a1d" />
    <TestEntry testId="1f3c9d7b-63ee-b9a1-f8d0-46e85a0a6255" executionId="508b4426-ac2e-418a-b663-33766befc27b" testListId="8c84fa94-04c1-424b-9868-57a2d4851a1d" />
    <TestEntry testId="219a2093-b6f2-f229-ae69-0108da5c2d8d" executionId="d5485ad0-69e7-428c-aca5-d793e6077edd" testListId="8c84fa94-04c1-424b-9868-57a2d4851a1d" />
    <TestEntry testId="225e3e53-1987-0065-f209-06ded52d42cd" executionId="6766369a-6355-4948-ba18-2be46a9982de" testListId="8c84fa94-04c1-424b-9868-57a2d4851a1d" />
    <TestEntry testId="22fef842-2be2-549e-28ca-decc4b2f83c4" executionId="15e624fb-e970-4e46-8f7b-14af02405f20" testListId="8c84fa94-04c1-424b-9868-57a2d4851a1d" />
    <TestEntry testId="25415686-6584-7e2c-956a-c8ad4a11141c" executionId="4cc15d00-48a1-4770-8c80-aaf9477ef678" testListId="8c84fa94-04c1-424b-9868-57a2d4851a1d" />
    <TestEntry testId="2665ec77-f2c4-3c27-e75d-93d1cb83ce92" executionId="b18ddc6c-8325-4a20-9732-219494d6b40f" testListId="8c84fa94-04c1-424b-9868-57a2d4851a1d" />
    <TestEntry testId="27563a31-6c9c-c1b2-7c6f-cfbc88311e88" executionId="55d3cc13-6281-4fe6-8e06-dd891dbc8dd6" testListId="8c84fa94-04c1-424b-9868-57a2d4851a1d" />
    <TestEntry testId="27e6cdd1-0452-1cb1-16c4-7576bb6d0538" executionId="8a2995c0-f8bd-4e4c-95c6-cfbe5fdf43aa" testListId="8c84fa94-04c1-424b-9868-57a2d4851a1d" />
    <TestEntry testId="28a4ad86-b0f5-734b-2ffb-1771c0cae12f" executionId="5076e638-534c-46d9-9dde-96561bdd3637" testListId="8c84fa94-04c1-424b-9868-57a2d4851a1d" />
    <TestEntry testId="2a085327-6b89-00de-3f93-60ecccb235b6" executionId="952a568a-d893-4f2e-8ace-87e260c579a1" testListId="8c84fa94-04c1-424b-9868-57a2d4851a1d" />
    <TestEntry testId="2ba1906f-7dc1-cbb6-5d44-2eaa074ee001" executionId="3b6ea9a4-27f1-4b30-9296-cb6ea5dd3320" testListId="8c84fa94-04c1-424b-9868-57a2d4851a1d" />
    <TestEntry testId="2c561612-6ace-d4f5-3ea0-2b63589d272c" executionId="c8bc47a0-03f4-415d-9793-32fd13cfee1d" testListId="8c84fa94-04c1-424b-9868-57a2d4851a1d" />
    <TestEntry testId="2d0a6e94-8989-8cc3-e286-44dd8a2f688e" executionId="0b139f6b-437b-4a81-afd1-36f8ce68fde1" testListId="8c84fa94-04c1-424b-9868-57a2d4851a1d" />
    <TestEntry testId="2ddded08-79a3-ad3a-b587-dfc68dd5b5f5" executionId="3ebace3b-d152-456f-b85f-ac740f9c2167" testListId="8c84fa94-04c1-424b-9868-57a2d4851a1d" />
    <TestEntry testId="2eba2d30-d0c9-d10d-cb9f-e198704cb8fa" executionId="df49b262-82a2-4603-ab1f-0f1f5f4f8ff8" testListId="8c84fa94-04c1-424b-9868-57a2d4851a1d" />
    <TestEntry testId="33728143-431e-2f80-b4cd-e190171f9673" executionId="65221975-ccdb-4cad-bb86-ed2e3615a7bb" testListId="8c84fa94-04c1-424b-9868-57a2d4851a1d" />
    <TestEntry testId="363f19a2-0f65-4da3-ffe2-9ae3bd940a9f" executionId="b5bb9cd5-c222-4846-8838-465de9f594e6" testListId="8c84fa94-04c1-424b-9868-57a2d4851a1d" />
    <TestEntry testId="3667ca38-1ee0-0f59-2de9-55990d91ad13" executionId="81b39118-e63d-4c46-aca8-3ef1515213a1" testListId="8c84fa94-04c1-424b-9868-57a2d4851a1d" />
    <TestEntry testId="37d066c6-a6d7-b11a-9516-f3f197d5e44d" executionId="3daadb02-0474-48f9-8108-b0d995f0e143" testListId="8c84fa94-04c1-424b-9868-57a2d4851a1d" />
    <TestEntry testId="38a50315-78cc-f677-cc67-a33e14f1587e" executionId="6b21c358-0dc4-46c2-9c73-16b099709285" testListId="8c84fa94-04c1-424b-9868-57a2d4851a1d" />
    <TestEntry testId="39ba617e-74b7-ac1c-65b2-4df024e2d4e4" executionId="e6468178-cab3-4039-9727-7e0f7194c0a2" testListId="8c84fa94-04c1-424b-9868-57a2d4851a1d" />
    <TestEntry testId="3c877ef7-ef07-0820-9e58-ae76fdaedfb0" executionId="006ecb29-ede2-446e-85e9-561918a7b2e0" testListId="8c84fa94-04c1-424b-9868-57a2d4851a1d" />
    <TestEntry testId="410ae35c-c491-52ff-8ca7-16593197aa91" executionId="4c636c28-e0fb-43fd-bc6c-69bc82f7e4e3" testListId="8c84fa94-04c1-424b-9868-57a2d4851a1d" />
    <TestEntry testId="42e7e5a9-27d6-1424-520a-64446a479ac2" executionId="65fabf37-2699-4701-b13f-708de236652f" testListId="8c84fa94-04c1-424b-9868-57a2d4851a1d" />
    <TestEntry testId="43bddf17-fba3-4d54-a157-cfcf7797ee39" executionId="23c20143-e20a-488a-b495-972edcddd534" testListId="8c84fa94-04c1-424b-9868-57a2d4851a1d" />
    <TestEntry testId="43da4eae-d92c-9ac3-0f26-5e5600a67e90" executionId="28ffc0ba-1a1a-453a-a55a-0827c2f11d6c" testListId="8c84fa94-04c1-424b-9868-57a2d4851a1d" />
    <TestEntry testId="44b05242-b475-4635-6cec-78ec052b2688" executionId="eff645a6-788a-4f36-8df2-9c2df5a77af6" testListId="8c84fa94-04c1-424b-9868-57a2d4851a1d" />
    <TestEntry testId="46d9bce1-2d0e-1aa8-e89e-b40f37783359" executionId="5ffafb0f-7d57-4a1e-ae81-414f46f21dc8" testListId="8c84fa94-04c1-424b-9868-57a2d4851a1d" />
    <TestEntry testId="477414b1-9ac6-06f2-392d-c549405cd3f3" executionId="e83cada5-6cd1-4911-9e5d-c569850bb24c" testListId="8c84fa94-04c1-424b-9868-57a2d4851a1d" />
    <TestEntry testId="4793d588-4a8f-7915-87f2-c97c11507ad4" executionId="9e8cad52-326c-4961-8daa-09040d3f64e8" testListId="8c84fa94-04c1-424b-9868-57a2d4851a1d" />
    <TestEntry testId="4a850093-e479-3127-1dc5-d67d3a9e4d1b" executionId="4301e81b-5ec0-4ec6-a1ed-63420540ffad" testListId="8c84fa94-04c1-424b-9868-57a2d4851a1d" />
    <TestEntry testId="4bc081ab-bd87-c7e6-2e9a-ea9029e80e8b" executionId="f8c0927f-f772-41cc-9557-7061ad0d691f" testListId="8c84fa94-04c1-424b-9868-57a2d4851a1d" />
    <TestEntry testId="5188b3d7-a77a-3054-7bc5-b06591dc325c" executionId="04d5732d-c8e0-4039-b926-72714326fefd" testListId="8c84fa94-04c1-424b-9868-57a2d4851a1d" />
    <TestEntry testId="53e1544f-a9d2-75aa-fac6-a61041be5fb7" executionId="d0d47df7-a1a7-4db4-95aa-6d46798dc483" testListId="8c84fa94-04c1-424b-9868-57a2d4851a1d" />
    <TestEntry testId="57d98f0d-6038-69c7-9b96-75f22dd0e9dd" executionId="75160948-1527-44b9-8dec-fbc751ef43fa" testListId="8c84fa94-04c1-424b-9868-57a2d4851a1d" />
    <TestEntry testId="59ff1f84-feae-06d2-b4cb-39b785e26703" executionId="5886fcf7-e00b-4e85-b26c-f5955ebbbf55" testListId="8c84fa94-04c1-424b-9868-57a2d4851a1d" />
    <TestEntry testId="5b690971-fd71-4f11-40a9-1c85ffb21c38" executionId="e7828732-9c4f-471c-9b3b-c5a50adfadf1" testListId="8c84fa94-04c1-424b-9868-57a2d4851a1d" />
    <TestEntry testId="5d6cb36d-d345-b7c7-27f1-f7052ce8d166" executionId="13061f31-e9a5-48ff-ae23-7feb22415d30" testListId="8c84fa94-04c1-424b-9868-57a2d4851a1d" />
    <TestEntry testId="60936b2d-9f38-488c-d3bd-319a17b5f6ba" executionId="27b34939-fbe0-4117-a53b-d1c9abf0dfed" testListId="8c84fa94-04c1-424b-9868-57a2d4851a1d" />
    <TestEntry testId="60b34790-3c9e-803c-efa2-bf0100cd18fd" executionId="71e407c6-0cb6-482f-9874-7d01b252a11d" testListId="8c84fa94-04c1-424b-9868-57a2d4851a1d" />
    <TestEntry testId="60d191e8-f802-0c16-9722-35844f243666" executionId="32e033f6-92c6-4945-a05a-84b1abb21237" testListId="8c84fa94-04c1-424b-9868-57a2d4851a1d" />
    <TestEntry testId="6325cb50-8252-7333-a10e-129eb61d4a7d" executionId="a87e4d20-0b45-461c-8d51-8cf97f3dc09c" testListId="8c84fa94-04c1-424b-9868-57a2d4851a1d" />
    <TestEntry testId="64afcefc-8af6-fc70-4ea7-766fc65f6c46" executionId="2c89d34e-590d-42cd-b061-b34f57c84639" testListId="8c84fa94-04c1-424b-9868-57a2d4851a1d" />
    <TestEntry testId="6892221f-5432-520c-a667-6f10f84f4898" executionId="783570d5-a7bc-49af-bd97-a133205683af" testListId="8c84fa94-04c1-424b-9868-57a2d4851a1d" />
    <TestEntry testId="68c724fc-1912-d9ac-d786-b1e6bb6c0994" executionId="5746949d-e666-4ffc-8a0a-41b4d322446c" testListId="8c84fa94-04c1-424b-9868-57a2d4851a1d" />
    <TestEntry testId="696fca9c-b0b6-7ef6-000f-fc7546a49832" executionId="6d3d0f9a-5c98-405b-9e07-b576fd0d1b60" testListId="8c84fa94-04c1-424b-9868-57a2d4851a1d" />
    <TestEntry testId="6a69abda-dfaa-a679-b661-02cd5293c0bd" executionId="4b949341-d25c-4ca3-9e5c-6276d67cf301" testListId="8c84fa94-04c1-424b-9868-57a2d4851a1d" />
    <TestEntry testId="6e2099d5-ff03-21ed-7c09-0bc58519434c" executionId="c8525796-b173-466c-a5a8-6950172f8138" testListId="8c84fa94-04c1-424b-9868-57a2d4851a1d" />
    <TestEntry testId="6f525a40-dadd-7cc4-eb37-95f1d91a14c9" executionId="794c814e-dcec-4d24-a4e3-c762d651040d" testListId="8c84fa94-04c1-424b-9868-57a2d4851a1d" />
    <TestEntry testId="71dbce06-b24d-82d9-d3a9-b8664de5dbbb" executionId="b65c70b3-76f4-464e-baf2-7007f0bb5d2e" testListId="8c84fa94-04c1-424b-9868-57a2d4851a1d" />
    <TestEntry testId="72c59001-deaf-0f88-ce47-97c9b2e78292" executionId="cb62d7fe-ab36-4be0-a244-61d4d8465dbc" testListId="8c84fa94-04c1-424b-9868-57a2d4851a1d" />
    <TestEntry testId="73696332-8582-b3f8-3487-a0e8978d60e1" executionId="408df040-1460-415a-a67b-a96306cdc39e" testListId="8c84fa94-04c1-424b-9868-57a2d4851a1d" />
    <TestEntry testId="74b1b58c-e814-5670-35a0-d1446a9967fd" executionId="a36eef25-0330-4099-bdb1-eef5aae26a64" testListId="8c84fa94-04c1-424b-9868-57a2d4851a1d" />
    <TestEntry testId="751e279c-34dc-9434-036d-cf7c6e4fd783" executionId="e1254f8b-a974-475e-83fb-c7d35a1c314c" testListId="8c84fa94-04c1-424b-9868-57a2d4851a1d" />
    <TestEntry testId="757e1e4a-ca0e-7dc8-c1f0-7e6c91ba8ea0" executionId="546233d0-d58b-4b3b-8bb3-b61264c5ae84" testListId="8c84fa94-04c1-424b-9868-57a2d4851a1d" />
    <TestEntry testId="76c47d34-63a4-0479-90e7-a8d089e0dd93" executionId="69d29366-f990-4f8f-b41d-0b3179f08fe2" testListId="8c84fa94-04c1-424b-9868-57a2d4851a1d" />
    <TestEntry testId="77c82c9f-520d-04a5-8c33-19a0d6332eaa" executionId="3b2e5945-5933-48f4-bb6e-53650a697e13" testListId="8c84fa94-04c1-424b-9868-57a2d4851a1d" />
    <TestEntry testId="78a9f8b3-1879-e741-9ade-1dee019c141b" executionId="68c748cd-fe89-4c91-8465-976b0078d7b9" testListId="8c84fa94-04c1-424b-9868-57a2d4851a1d" />
    <TestEntry testId="79a63e0f-ba0e-a5dc-0d5c-dc38d27e7aa1" executionId="48fed593-e12f-4e31-a0a5-b3a4bf2bd0f8" testListId="8c84fa94-04c1-424b-9868-57a2d4851a1d" />
    <TestEntry testId="7a945366-5dc8-bde8-17f1-4ebf2f832448" executionId="e64f2e17-ee88-4600-8dca-efcacde80df0" testListId="8c84fa94-04c1-424b-9868-57a2d4851a1d" />
    <TestEntry testId="7b7bd90a-9390-9d92-5600-532eb0a44a2a" executionId="738b7f8d-c879-429f-9f44-b9bb0f5c9377" testListId="8c84fa94-04c1-424b-9868-57a2d4851a1d" />
    <TestEntry testId="82c21a02-0eaa-b33b-6618-e225964dbef2" executionId="715d1b28-f877-46e7-9442-52c2fa7b8605" testListId="8c84fa94-04c1-424b-9868-57a2d4851a1d" />
    <TestEntry testId="82d93e8f-20e5-8c41-b9f1-1d42beccc7c0" executionId="4bad76a2-8907-485d-b618-4dc25bc804e0" testListId="8c84fa94-04c1-424b-9868-57a2d4851a1d" />
    <TestEntry testId="8464698d-61d5-d408-819d-53311ef832f8" executionId="eff87b84-6ee6-425c-906f-2c8af824600e" testListId="8c84fa94-04c1-424b-9868-57a2d4851a1d" />
    <TestEntry testId="88eff91e-3ca2-b202-c4d3-20146aaa990f" executionId="8bb92ac5-910f-4f8d-9f57-f4dee6ab51cd" testListId="8c84fa94-04c1-424b-9868-57a2d4851a1d" />
    <TestEntry testId="8c631ab0-9081-f239-8e5b-8f0f7f274cb2" executionId="bf108ee2-35d8-4535-a31a-3ca927b0160c" testListId="8c84fa94-04c1-424b-9868-57a2d4851a1d" />
    <TestEntry testId="8d450b91-f2a6-e64d-c4a7-eee63e8851da" executionId="ec7a1122-a94d-418b-afa7-9fc6c63d1df5" testListId="8c84fa94-04c1-424b-9868-57a2d4851a1d" />
    <TestEntry testId="8e8c4b00-453c-ac9a-23f7-d441cdf71296" executionId="144648e0-936a-45a7-acbc-b3d38983f89b" testListId="8c84fa94-04c1-424b-9868-57a2d4851a1d" />
    <TestEntry testId="8f23a447-15d5-92c8-a4fb-7722c21b1c07" executionId="c7a22128-c035-48ca-86d7-077deeca5c15" testListId="8c84fa94-04c1-424b-9868-57a2d4851a1d" />
    <TestEntry testId="91497819-ba2a-f2e9-9418-b935f4653def" executionId="1868fbc3-bf7a-4ea4-933a-f73a399a905f" testListId="8c84fa94-04c1-424b-9868-57a2d4851a1d" />
    <TestEntry testId="94211d25-4f01-6a4f-21c4-290dd165eb14" executionId="898b6398-7ca7-4f50-8d3a-066b30b907d6" testListId="8c84fa94-04c1-424b-9868-57a2d4851a1d" />
    <TestEntry testId="96fb1f26-cf56-3c03-ade6-884985acd8d7" executionId="8d3807a8-3715-4025-bd78-0b884f82fb51" testListId="8c84fa94-04c1-424b-9868-57a2d4851a1d" />
    <TestEntry testId="98d79b4f-0fef-791a-b39b-89c03b95d3e3" executionId="615c7529-dec1-4a8b-a2a6-b31865aede57" testListId="8c84fa94-04c1-424b-9868-57a2d4851a1d" />
    <TestEntry testId="999cd32d-d69f-3834-8d48-f15d37fd5243" executionId="370d09ed-e45a-4819-a3ae-4d5bf6e792c6" testListId="8c84fa94-04c1-424b-9868-57a2d4851a1d" />
    <TestEntry testId="9f7c8e27-eadb-ceef-1191-65859b891fab" executionId="06d4eddf-79c3-4606-bb80-bdf2cc805fe0" testListId="8c84fa94-04c1-424b-9868-57a2d4851a1d" />
    <TestEntry testId="a44cf039-3a08-31a6-19c4-66a5660ef220" executionId="986936c7-43e4-4251-a0ce-6dd43a18f1e5" testListId="8c84fa94-04c1-424b-9868-57a2d4851a1d" />
    <TestEntry testId="a783754e-a02b-a257-f4ac-f48395928085" executionId="6c4494ac-6212-46dd-9205-7e39c2967d76" testListId="8c84fa94-04c1-424b-9868-57a2d4851a1d" />
    <TestEntry testId="a8bf43a7-c593-21c5-b353-6a677fedb6e1" executionId="42b1a637-a128-4994-95bb-e9964f596100" testListId="8c84fa94-04c1-424b-9868-57a2d4851a1d" />
    <TestEntry testId="a91c3d07-7c7d-1fe6-99ad-80e4a1548474" executionId="8bbc0aa1-d51a-4119-add9-b461367628b1" testListId="8c84fa94-04c1-424b-9868-57a2d4851a1d" />
    <TestEntry testId="abcb6bdb-8479-892d-4456-095226c976bc" executionId="b890653a-3d78-430e-b6ee-89792a9cb293" testListId="8c84fa94-04c1-424b-9868-57a2d4851a1d" />
    <TestEntry testId="b0dad42f-cacf-b7c8-3bc2-1641e13c9caa" executionId="eaecfaf8-a496-4f92-bf3f-0ff695fb27d4" testListId="8c84fa94-04c1-424b-9868-57a2d4851a1d" />
    <TestEntry testId="b8bd6fa3-7b0e-dbc4-d1ea-17a66d88e614" executionId="80d4867f-26e9-4f98-b8fc-c6ab0c3f47bb" testListId="8c84fa94-04c1-424b-9868-57a2d4851a1d" />
    <TestEntry testId="bb2112d4-68ef-15b6-48ec-73b20e57caa9" executionId="b97c6091-f36a-48e9-a59b-f66a34f26027" testListId="8c84fa94-04c1-424b-9868-57a2d4851a1d" />
    <TestEntry testId="bb2f1794-72bc-c3ce-3c94-a7e6c21d4812" executionId="1252ea2c-09c2-439f-98b2-d90c1840b375" testListId="8c84fa94-04c1-424b-9868-57a2d4851a1d" />
    <TestEntry testId="bb759e7e-2161-1c79-ee60-b7766df2bd3f" executionId="d8223b0d-d4e3-49a0-9d64-4d2c99006223" testListId="8c84fa94-04c1-424b-9868-57a2d4851a1d" />
    <TestEntry testId="bbbb69a9-ef38-b5dc-de66-8e150133f998" executionId="4c65cb89-eaa0-40c3-b988-b257f22cbb53" testListId="8c84fa94-04c1-424b-9868-57a2d4851a1d" />
    <TestEntry testId="bf34bac0-1211-e38d-1273-9a3107460eaa" executionId="10ef7573-51d0-43ce-a29f-7d620d0bcac7" testListId="8c84fa94-04c1-424b-9868-57a2d4851a1d" />
    <TestEntry testId="bf3ea6c6-ab88-4696-72a1-f31917a72c6c" executionId="d6bffd1d-e604-4999-81d5-d2adca934caf" testListId="8c84fa94-04c1-424b-9868-57a2d4851a1d" />
    <TestEntry testId="c09a892a-1cf8-8734-95e1-5859c143f708" executionId="86dcf728-244f-437d-8574-21673219bf39" testListId="8c84fa94-04c1-424b-9868-57a2d4851a1d" />
    <TestEntry testId="c2c53443-9c7d-40b6-5a5a-6d158c6cf141" executionId="0a87b8ef-90da-4fa9-8eaa-13c546c7aead" testListId="8c84fa94-04c1-424b-9868-57a2d4851a1d" />
    <TestEntry testId="c2ebf66d-ae9e-9e71-55e6-fa4f57f3dcd0" executionId="34f77dfc-4071-4828-9fe6-032a803218e3" testListId="8c84fa94-04c1-424b-9868-57a2d4851a1d" />
    <TestEntry testId="c40af560-ccd4-15d1-681a-d268a1e88a1c" executionId="ee691e19-4b91-4cbc-8746-350f4e471f97" testListId="8c84fa94-04c1-424b-9868-57a2d4851a1d" />
    <TestEntry testId="c564bf77-b387-e233-53e7-c5c85a463602" executionId="404d6042-c331-4466-810b-a21c74e69bbe" testListId="8c84fa94-04c1-424b-9868-57a2d4851a1d" />
    <TestEntry testId="c5bc7be4-1c6a-1e48-0dbd-f119f73d764c" executionId="97cd4ca4-9259-4560-ae2d-00351566f6cc" testListId="8c84fa94-04c1-424b-9868-57a2d4851a1d" />
    <TestEntry testId="c5cbe3b9-5203-897f-6c97-10b52d6a9698" executionId="2ba62176-672b-4920-bc00-7d19bd92d6f0" testListId="8c84fa94-04c1-424b-9868-57a2d4851a1d" />
    <TestEntry testId="c6c229fe-82f0-9917-4112-b9f4fc6d4ce9" executionId="ab0a0628-17b1-4188-a1c2-912eb6acd6c6" testListId="8c84fa94-04c1-424b-9868-57a2d4851a1d" />
    <TestEntry testId="c8e9fa12-63fb-548e-6319-248eaeb1ba50" executionId="3d765b2e-4635-4e23-bce3-e781a6bf51ed" testListId="8c84fa94-04c1-424b-9868-57a2d4851a1d" />
    <TestEntry testId="c966b980-8b4f-c10a-2879-8a06a8c7add4" executionId="486c48bd-b0e2-4fc5-9ad7-ca2d82c28954" testListId="8c84fa94-04c1-424b-9868-57a2d4851a1d" />
    <TestEntry testId="cc560ad4-66d2-6e1b-fa1e-c1f8f0f47258" executionId="6c9b8081-4dad-4dea-8eff-344f1d229eed" testListId="8c84fa94-04c1-424b-9868-57a2d4851a1d" />
    <TestEntry testId="cd0a2e1f-d61d-9cba-b24e-96406e906f5d" executionId="e7668e5b-e166-493f-919c-1dbf87c0e0f7" testListId="8c84fa94-04c1-424b-9868-57a2d4851a1d" />
    <TestEntry testId="cd2ddf59-b1d1-4ffd-b77a-55d96a13b533" executionId="da726b8a-2f64-4d43-9348-ec6c4bb360e9" testListId="8c84fa94-04c1-424b-9868-57a2d4851a1d" />
    <TestEntry testId="cecd7ff2-d148-29e8-850a-7574ad3e7580" executionId="5db004bc-1a3a-4cd6-8387-9dea595a40fb" testListId="8c84fa94-04c1-424b-9868-57a2d4851a1d" />
    <TestEntry testId="cff26abc-fddb-ef75-0bf4-49cf50880ca7" executionId="19dd38bc-768f-454d-b2b5-a498a0c57519" testListId="8c84fa94-04c1-424b-9868-57a2d4851a1d" />
    <TestEntry testId="d3eb6b18-b89c-308d-2472-f70947e6c57b" executionId="14918f27-0dbb-49ad-bcfc-5a662afb809f" testListId="8c84fa94-04c1-424b-9868-57a2d4851a1d" />
    <TestEntry testId="d4034162-71c0-cb22-9a98-76a42e56e55e" executionId="5232a604-76ab-4490-866c-8bc53a5b7030" testListId="8c84fa94-04c1-424b-9868-57a2d4851a1d" />
    <TestEntry testId="d5acc190-8ff6-3621-55ca-bde560b60f80" executionId="f94efc65-60d4-4dff-b510-60814866af07" testListId="8c84fa94-04c1-424b-9868-57a2d4851a1d" />
    <TestEntry testId="d7dcf4df-b012-3cb2-f383-e4a465f466d1" executionId="14a3f10d-ff2c-4862-8a11-b3f99f482c31" testListId="8c84fa94-04c1-424b-9868-57a2d4851a1d" />
    <TestEntry testId="ddde0ed2-12a5-9bf8-2fdd-b32f11508a59" executionId="312b2e9e-85b3-4798-9682-54ebb81a361f" testListId="8c84fa94-04c1-424b-9868-57a2d4851a1d" />
    <TestEntry testId="de307af2-1c44-a9c2-0624-80b438a3400b" executionId="25c66afb-2485-416a-8910-001ca56a846e" testListId="8c84fa94-04c1-424b-9868-57a2d4851a1d" />
    <TestEntry testId="dfede4a0-4add-37a3-8cce-099c64499527" executionId="5bc89426-1ef8-41ee-9f30-c41f42f13b5e" testListId="8c84fa94-04c1-424b-9868-57a2d4851a1d" />
    <TestEntry testId="e1d67ae5-71d9-5872-41a1-7a2a4d910702" executionId="068b5e5e-0e95-45eb-a34d-944d7851f1b6" testListId="8c84fa94-04c1-424b-9868-57a2d4851a1d" />
    <TestEntry testId="e22ce867-04ec-cc74-8f00-0fdb0256cb9f" executionId="90634755-bf1a-4849-b34f-5fdf9b56b204" testListId="8c84fa94-04c1-424b-9868-57a2d4851a1d" />
    <TestEntry testId="e454c39b-e973-6bea-bc19-3dd352fe2860" executionId="43af8d29-d030-4d43-960a-f03ba5b3eaf1" testListId="8c84fa94-04c1-424b-9868-57a2d4851a1d" />
    <TestEntry testId="e4a0643c-ded2-0a34-7284-5a78ff072139" executionId="7c5d5ce7-180e-4630-aecd-701ae2818120" testListId="8c84fa94-04c1-424b-9868-57a2d4851a1d" />
    <TestEntry testId="e51e2c6f-d445-6901-d7cc-9c752d9465ed" executionId="2f0c3ff5-5072-4353-9838-e30ab8520625" testListId="8c84fa94-04c1-424b-9868-57a2d4851a1d" />
    <TestEntry testId="e599cad1-eda4-094c-45c1-605d2f0e5702" executionId="43156d04-0912-44f7-b2cc-3435da3a0f6e" testListId="8c84fa94-04c1-424b-9868-57a2d4851a1d" />
    <TestEntry testId="e6bad939-5185-804d-09f5-03d6b8675f35" executionId="c0c2bf71-a47c-4b34-a7fe-097d0727deb7" testListId="8c84fa94-04c1-424b-9868-57a2d4851a1d" />
    <TestEntry testId="e9aa986f-7293-c98f-9d6b-6050f52118de" executionId="164f7f78-57ac-4920-b84a-cad47adfcd8b" testListId="8c84fa94-04c1-424b-9868-57a2d4851a1d" />
    <TestEntry testId="eaffb742-992c-e34c-dbe5-be3438e36b95" executionId="2642eb1f-e8f7-4ac8-bf75-34ddf1174157" testListId="8c84fa94-04c1-424b-9868-57a2d4851a1d" />
    <TestEntry testId="f01f9398-de8a-e114-4944-4c3877e413a9" executionId="6e9be5b0-219c-49fe-8b32-a72600ccb4b3" testListId="8c84fa94-04c1-424b-9868-57a2d4851a1d" />
    <TestEntry testId="f1682d17-f3d2-e7a6-602e-a5fe64b0b83a" executionId="1a02955d-2a3d-4dd8-8c00-c7e35e1eedf8" testListId="8c84fa94-04c1-424b-9868-57a2d4851a1d" />
    <TestEntry testId="f1f50432-1bf0-de96-51bb-b6443df4774c" executionId="6dcb431c-5be0-471c-a861-ab975ca9efdc" testListId="8c84fa94-04c1-424b-9868-57a2d4851a1d" />
    <TestEntry testId="f86c4657-4e4d-11f0-63ee-95d2154ef49d" executionId="9e9d3828-1ecf-4a8d-b459-b970461d7fee" testListId="8c84fa94-04c1-424b-9868-57a2d4851a1d" />
    <TestEntry testId="fc3e1a26-3625-7f18-819c-6724010eb1dd" executionId="417e4e6b-a9e0-4552-8219-e6866065e3c7" testListId="8c84fa94-04c1-424b-9868-57a2d4851a1d" />
    <TestEntry testId="fe21a7fe-170b-9452-5951-05d7fa59464e" executionId="4b3b7182-05ee-40db-87ca-5295913256aa" testListId="8c84fa94-04c1-424b-9868-57a2d4851a1d" />
    <TestEntry testId="ff5ca805-f71b-e477-63b1-db8e8b29d28e" executionId="18956295-3cab-4e7a-845a-539bfb80b006" testListId="8c84fa94-04c1-424b-9868-57a2d4851a1d" />
  </TestEntries>
  <Results>
    <UnitTestResult executionId="3b155360-a96f-4705-8c83-92cc047c02e4" testId="002cf2ca-edf2-8bcf-43d5-0c3f0f84c4f5" testName="un_deserializador_de_filtros_deberia_poder_desserializar_un_filtro_de_documentos_por_numero_de_ticket" computerName="MDS-1163" duration="00:00:00.1988262" startTime="2013-03-26T19:54:06.5136281-03:00" endTime="2013-03-26T19:54:07.1986966-03:00" testType="13cdc9d9-ddb5-4fa4-a97d-d965ccfc6d4b" outcome="Passed" testListId="8c84fa94-04c1-424b-9868-57a2d4851a1d" relativeResultsDirectory="3b155360-a96f-4705-8c83-92cc047c02e4">
    </UnitTestResult>
    <UnitTestResult executionId="28594b17-e4fe-445a-8890-a3aaa6231b8e" testId="02698425-13df-8609-0cad-f65978180f81" testName="no_se_debe_permitir_crear_un_organigrama_donde_tenga_mas_de_un_area_superior_final" computerName="MDS-1163" duration="00:00:00.0085098" startTime="2013-03-26T19:54:07.1996967-03:00" endTime="2013-03-26T19:54:07.2126980-03:00" testType="13cdc9d9-ddb5-4fa4-a97d-d965ccfc6d4b" outcome="Passed" testListId="8c84fa94-04c1-424b-9868-57a2d4851a1d" relativeResultsDirectory="28594b17-e4fe-445a-8890-a3aaa6231b8e">
    </UnitTestResult>
    <UnitTestResult executionId="24c64684-3c17-4b4f-9558-ca794ca03582" testId="03a6a885-b427-a1c0-9f18-eab8c39d83dc" testName="dada_un_area__con_3_asistentes_deberia_obtener_en_una_unica_area_unico_registro_y_los_3_asistentes_incluido_en_el_area" computerName="MDS-1163" duration="00:00:00.0557128" startTime="2013-03-26T19:54:07.2136981-03:00" endTime="2013-03-26T19:54:07.2737041-03:00" testType="13cdc9d9-ddb5-4fa4-a97d-d965ccfc6d4b" outcome="Passed" testListId="8c84fa94-04c1-424b-9868-57a2d4851a1d" relativeResultsDirectory="24c64684-3c17-4b4f-9558-ca794ca03582">
    </UnitTestResult>
    <UnitTestResult executionId="28370f12-c8be-4ff4-9315-11e6ac6e8381" testId="043dc452-5b80-2a1c-5140-d90d565722bc" testName="Un_organigrama_deberia_poder_decirme_todas_las_areas_inferiores_a_un_area_dada_con_una_estructura_lineal" computerName="MDS-1163" duration="00:00:00.0020306" startTime="2013-03-26T19:54:07.2757043-03:00" endTime="2013-03-26T19:54:07.2817049-03:00" testType="13cdc9d9-ddb5-4fa4-a97d-d965ccfc6d4b" outcome="Passed" testListId="8c84fa94-04c1-424b-9868-57a2d4851a1d" relativeResultsDirectory="28370f12-c8be-4ff4-9315-11e6ac6e8381">
    </UnitTestResult>
    <UnitTestResult executionId="b6c73e41-e038-40bb-aff2-c0c7e129255c" testId="06dca5fe-5ce6-35f4-b6c7-96dea566a67f" testName="deberia_poder_crear_un_organigrama_lineal_con_cuatro_areas" computerName="MDS-1163" duration="00:00:00.0004684" startTime="2013-03-26T19:54:07.2827050-03:00" endTime="2013-03-26T19:54:07.2877055-03:00" testType="13cdc9d9-ddb5-4fa4-a97d-d965ccfc6d4b" outcome="Passed" testListId="8c84fa94-04c1-424b-9868-57a2d4851a1d" relativeResultsDirectory="b6c73e41-e038-40bb-aff2-c0c7e129255c">
    </UnitTestResult>
    <UnitTestResult executionId="604d1092-b073-4760-9e98-d7202a11ca9a" testId="07c6ae9a-6a82-fa4b-680a-96e32253ef51" testName="deberia_poder_conocer_los_dias_de_cursada_de_un_curso_para_un_mes" computerName="MDS-1163" duration="00:00:00.0340540" startTime="2013-03-26T19:54:07.2887056-03:00" endTime="2013-03-26T19:54:07.3277095-03:00" testType="13cdc9d9-ddb5-4fa4-a97d-d965ccfc6d4b" outcome="Passed" testListId="8c84fa94-04c1-424b-9868-57a2d4851a1d" relativeResultsDirectory="604d1092-b073-4760-9e98-d7202a11ca9a">
    </UnitTestResult>
    <UnitTestResult executionId="8c138f07-1ed2-4195-8c01-badcc4071741" testId="086213ff-7e23-a50c-0de2-c7f0fd67fbca" testName="no_se_puede_solicitar_el_área_superior_del_área_maxima_sino_que_debería_dar_una_excepción" computerName="MDS-1163" duration="00:00:00.0006163" startTime="2013-03-26T19:54:07.3297097-03:00" endTime="2013-03-26T19:54:07.3347102-03:00" testType="13cdc9d9-ddb5-4fa4-a97d-d965ccfc6d4b" outcome="Passed" testListId="8c84fa94-04c1-424b-9868-57a2d4851a1d" relativeResultsDirectory="8c138f07-1ed2-4195-8c01-badcc4071741">
    </UnitTestResult>
    <UnitTestResult executionId="4f6dc565-aa3c-4ae6-81bb-bca5daff1892" testId="182de057-0bb2-6910-8abd-59fd672a3af3" testName="deberia_poder_agregar_alumnos_a_un_curso" computerName="MDS-1163" duration="00:00:00.0481165" startTime="2013-03-26T19:54:07.3357103-03:00" endTime="2013-03-26T19:54:07.3887156-03:00" testType="13cdc9d9-ddb5-4fa4-a97d-d965ccfc6d4b" outcome="Failed" testListId="8c84fa94-04c1-424b-9868-57a2d4851a1d" relativeResultsDirectory="4f6dc565-aa3c-4ae6-81bb-bca5daff1892">
      <Output>
        <ErrorInfo>
          <Message>El método de prueba TestViaticos.TestRepositorioCursos.deberia_poder_agregar_alumnos_a_un_curso produjo la excepción: 
System.NullReferenceException: Referencia a objeto no establecida como instancia de un objeto.</Message>
          <StackTrace>    en General.Repositorios.RepositorioDeCursos.ModificarCurso(Curso curso) en C:\Repositorio\Javier\Licencias Viaticos Web\rrhh\ProyectoNet\General\Repositorios\RepositoriosSACC\RepositorioDeCursos.cs:línea 168
   en TestViaticos.TestRepositorioCursos.deberia_poder_agregar_alumnos_a_un_curso() en C:\Repositorio\Javier\Licencias Viaticos Web\rrhh\TestViaticos\TestSACC\TestRepositorioCursos.cs:línea 65
</StackTrace>
        </ErrorInfo>
      </Output>
    </UnitTestResult>
    <UnitTestResult executionId="cae337de-bad2-4f09-bd46-cb103c998a0b" testId="18a1cd9e-1ae4-3656-14a0-ac543707a055" testName="deberia_devolver_la_zona_Metro_con_dos_provincias_diferentes" computerName="MDS-1163" duration="00:00:00.0061312" startTime="2013-03-26T19:54:07.3897157-03:00" endTime="2013-03-26T19:54:07.4007168-03:00" testType="13cdc9d9-ddb5-4fa4-a97d-d965ccfc6d4b" outcome="Passed" testListId="8c84fa94-04c1-424b-9868-57a2d4851a1d" relativeResultsDirectory="cae337de-bad2-4f09-bd46-cb103c998a0b">
    </UnitTestResult>
    <UnitTestResult executionId="e07eb472-a509-4099-9f73-5c9e2dab93b7" testId="1b646755-e25c-9dea-839f-b5f817062984" testName="deberia_poder_obtener_los_ids_de_las_entidades_seleccionadas" computerName="MDS-1163" duration="00:00:00.0130354" startTime="2013-03-26T19:54:07.4027170-03:00" endTime="2013-03-26T19:54:07.4207188-03:00" testType="13cdc9d9-ddb5-4fa4-a97d-d965ccfc6d4b" outcome="Passed" testListId="8c84fa94-04c1-424b-9868-57a2d4851a1d" relativeResultsDirectory="e07eb472-a509-4099-9f73-5c9e2dab93b7">
    </UnitTestResult>
    <UnitTestResult executionId="278b4d59-ed7d-4c59-85b8-4b5193a6c78d" testId="1bbef477-4f31-cfec-a6a8-6e1b0892c5f9" testName="deberia_devolver_region_METRO_con_BuenosAires_con_una_localidad" computerName="MDS-1163" duration="00:00:00.0022046" startTime="2013-03-26T19:54:07.4217189-03:00" endTime="2013-03-26T19:54:07.4277195-03:00" testType="13cdc9d9-ddb5-4fa4-a97d-d965ccfc6d4b" outcome="Passed" testListId="8c84fa94-04c1-424b-9868-57a2d4851a1d" relativeResultsDirectory="278b4d59-ed7d-4c59-85b8-4b5193a6c78d">
    </UnitTestResult>
    <UnitTestResult executionId="508b4426-ac2e-418a-b663-33766befc27b" testId="1f3c9d7b-63ee-b9a1-f8d0-46e85a0a6255" testName="deberia_poder_obtener_todos_los_tipos_de_documento_con_su_sigla" computerName="MDS-1163" duration="00:00:00.0037710" startTime="2013-03-26T19:54:07.4297197-03:00" endTime="2013-03-26T19:54:07.4377205-03:00" testType="13cdc9d9-ddb5-4fa4-a97d-d965ccfc6d4b" outcome="Passed" testListId="8c84fa94-04c1-424b-9868-57a2d4851a1d" relativeResultsDirectory="508b4426-ac2e-418a-b663-33766befc27b">
    </UnitTestResult>
    <UnitTestResult executionId="d5485ad0-69e7-428c-aca5-d793e6077edd" testId="219a2093-b6f2-f229-ae69-0108da5c2d8d" testName="no_deberia_poder_guardarse_un_documento_sin_categoria" computerName="MDS-1163" duration="00:00:00.0015894" startTime="2013-03-26T19:54:07.4397207-03:00" endTime="2013-03-26T19:54:07.4457213-03:00" testType="13cdc9d9-ddb5-4fa4-a97d-d965ccfc6d4b" outcome="Passed" testListId="8c84fa94-04c1-424b-9868-57a2d4851a1d" relativeResultsDirectory="d5485ad0-69e7-428c-aca5-d793e6077edd">
    </UnitTestResult>
    <UnitTestResult executionId="6766369a-6355-4948-ba18-2be46a9982de" testId="225e3e53-1987-0065-f209-06ded52d42cd" testName="al_solicitarle_todas_las_areas_inferiores_de_marta_deberia_traerme_faby_yfabyB" computerName="MDS-1163" duration="00:00:00.0003599" startTime="2013-03-26T19:54:07.4467214-03:00" endTime="2013-03-26T19:54:07.4517219-03:00" testType="13cdc9d9-ddb5-4fa4-a97d-d965ccfc6d4b" outcome="Passed" testListId="8c84fa94-04c1-424b-9868-57a2d4851a1d" relativeResultsDirectory="6766369a-6355-4948-ba18-2be46a9982de">
    </UnitTestResult>
    <UnitTestResult executionId="15e624fb-e970-4e46-8f7b-14af02405f20" testId="22fef842-2be2-549e-28ca-decc4b2f83c4" testName="no_se_debe_permitir_crear_un_organigrama_donde_las_areas_y_las_dependencias_son_vacias" computerName="MDS-1163" duration="00:00:00.0003641" startTime="2013-03-26T19:54:07.4527220-03:00" endTime="2013-03-26T19:54:07.4577225-03:00" testType="13cdc9d9-ddb5-4fa4-a97d-d965ccfc6d4b" outcome="Passed" testListId="8c84fa94-04c1-424b-9868-57a2d4851a1d" relativeResultsDirectory="15e624fb-e970-4e46-8f7b-14af02405f20">
    </UnitTestResult>
    <UnitTestResult executionId="4cc15d00-48a1-4770-8c80-aaf9477ef678" testId="25415686-6584-7e2c-956a-c8ad4a11141c" testName="al_buscar_en_una_lista_de_áreas_por_Asistentes_de_área_a_Ana_debe_traer_dos_areas_donde_existen_dos_personas_llamadas_Ana_que_son_secreatarias_en_cada_area" computerName="MDS-1163" duration="00:00:00.0046591" startTime="2013-03-26T19:54:07.4587226-03:00" endTime="2013-03-26T19:54:07.4687236-03:00" testType="13cdc9d9-ddb5-4fa4-a97d-d965ccfc6d4b" outcome="Passed" testListId="8c84fa94-04c1-424b-9868-57a2d4851a1d" relativeResultsDirectory="4cc15d00-48a1-4770-8c80-aaf9477ef678">
    </UnitTestResult>
    <UnitTestResult executionId="b18ddc6c-8325-4a20-9732-219494d6b40f" testId="2665ec77-f2c4-3c27-e75d-93d1cb83ce92" testName="se_le_deberia_poder_pedir_a_un_area_su_nombre_completo_con_el_alias" computerName="MDS-1163" duration="00:00:00.0033414" startTime="2013-03-26T19:54:07.4697237-03:00" endTime="2013-03-26T19:54:07.4787246-03:00" testType="13cdc9d9-ddb5-4fa4-a97d-d965ccfc6d4b" outcome="Passed" testListId="8c84fa94-04c1-424b-9868-57a2d4851a1d" relativeResultsDirectory="b18ddc6c-8325-4a20-9732-219494d6b40f">
    </UnitTestResult>
    <UnitTestResult executionId="55d3cc13-6281-4fe6-8e06-dd891dbc8dd6" testId="27563a31-6c9c-c1b2-7c6f-cfbc88311e88" testName="dado_a_quiero_b" computerName="MDS-1163" duration="00:00:00.0014289" startTime="2013-03-26T19:54:07.4797247-03:00" endTime="2013-03-26T19:54:07.4857253-03:00" testType="13cdc9d9-ddb5-4fa4-a97d-d965ccfc6d4b" outcome="Passed" testListId="8c84fa94-04c1-424b-9868-57a2d4851a1d" relativeResultsDirectory="55d3cc13-6281-4fe6-8e06-dd891dbc8dd6">
    </UnitTestResult>
    <UnitTestResult executionId="8a2995c0-f8bd-4e4c-95c6-cfbe5fdf43aa" testId="27e6cdd1-0452-1cb1-16c4-7576bb6d0538" testName="deberia_poder_agregarle_cabeceras_de_columna_a_una_tabla" computerName="MDS-1163" duration="00:00:00.0020668" startTime="2013-03-26T19:54:07.4877255-03:00" endTime="2013-03-26T19:54:07.4947262-03:00" testType="13cdc9d9-ddb5-4fa4-a97d-d965ccfc6d4b" outcome="Passed" testListId="8c84fa94-04c1-424b-9868-57a2d4851a1d" relativeResultsDirectory="8a2995c0-f8bd-4e4c-95c6-cfbe5fdf43aa">
    </UnitTestResult>
    <UnitTestResult executionId="5076e638-534c-46d9-9dde-96561bdd3637" testId="28a4ad86-b0f5-734b-2ffb-1771c0cae12f" testName="deberia_traer_viaticos_que_esten_de_la_areas_939_54_16_de_la_provincia_CORDOBA_SALTA_perido_011012_al_261012" computerName="MDS-1163" duration="00:00:00.0114982" startTime="2013-03-26T19:54:07.4957263-03:00" endTime="2013-03-26T19:54:07.5117279-03:00" testType="13cdc9d9-ddb5-4fa4-a97d-d965ccfc6d4b" outcome="Passed" testListId="8c84fa94-04c1-424b-9868-57a2d4851a1d" relativeResultsDirectory="5076e638-534c-46d9-9dde-96561bdd3637">
    </UnitTestResult>
    <UnitTestResult executionId="952a568a-d893-4f2e-8ace-87e260c579a1" testId="2a085327-6b89-00de-3f93-60ecccb235b6" testName="deberia_poder_tener_los_checkboxes_seleccionados_de_un_request" computerName="MDS-1163" duration="00:00:00.0003195" startTime="2013-03-26T19:54:07.5137281-03:00" endTime="2013-03-26T19:54:07.5187286-03:00" testType="13cdc9d9-ddb5-4fa4-a97d-d965ccfc6d4b" outcome="Passed" testListId="8c84fa94-04c1-424b-9868-57a2d4851a1d" relativeResultsDirectory="952a568a-d893-4f2e-8ace-87e260c579a1">
    </UnitTestResult>
    <UnitTestResult executionId="3b6ea9a4-27f1-4b30-9296-cb6ea5dd3320" testId="2ba1906f-7dc1-cbb6-5d44-2eaa074ee001" testName="deberia_traer_las_personas_que_mas_solicitaron_viaticos_en_011012_261012" computerName="MDS-1163" duration="00:00:00.0049124" startTime="2013-03-26T19:54:07.5197287-03:00" endTime="2013-03-26T19:54:07.5287296-03:00" testType="13cdc9d9-ddb5-4fa4-a97d-d965ccfc6d4b" outcome="Passed" testListId="8c84fa94-04c1-424b-9868-57a2d4851a1d" relativeResultsDirectory="3b6ea9a4-27f1-4b30-9296-cb6ea5dd3320">
    </UnitTestResult>
    <UnitTestResult executionId="c8bc47a0-03f4-415d-9793-32fd13cfee1d" testId="2c561612-6ace-d4f5-3ea0-2b63589d272c" testName="fabian_deberia_tener_solo_un_area_con_un_asistente" computerName="MDS-1163" duration="00:00:00.0087096" startTime="2013-03-26T19:54:07.5307298-03:00" endTime="2013-03-26T19:54:07.5437311-03:00" testType="13cdc9d9-ddb5-4fa4-a97d-d965ccfc6d4b" outcome="Passed" testListId="8c84fa94-04c1-424b-9868-57a2d4851a1d" relativeResultsDirectory="c8bc47a0-03f4-415d-9793-32fd13cfee1d">
    </UnitTestResult>
    <UnitTestResult executionId="0b139f6b-437b-4a81-afd1-36f8ce68fde1" testId="2d0a6e94-8989-8cc3-e286-44dd8a2f688e" testName="deberia_poder_crear_un_checkbox_con_id_segun_la_entidad" computerName="MDS-1163" duration="00:00:00.0003468" startTime="2013-03-26T19:54:07.5447312-03:00" endTime="2013-03-26T19:54:07.5497317-03:00" testType="13cdc9d9-ddb5-4fa4-a97d-d965ccfc6d4b" outcome="Passed" testListId="8c84fa94-04c1-424b-9868-57a2d4851a1d" relativeResultsDirectory="0b139f6b-437b-4a81-afd1-36f8ce68fde1">
    </UnitTestResult>
    <UnitTestResult executionId="3ebace3b-d152-456f-b85f-ac740f9c2167" testId="2ddded08-79a3-ad3a-b587-dfc68dd5b5f5" testName="deberia_poder_validar_si_un_objeto_es_nulo" computerName="MDS-1163" duration="00:00:00.0004573" startTime="2013-03-26T19:54:07.5517319-03:00" endTime="2013-03-26T19:54:07.5567324-03:00" testType="13cdc9d9-ddb5-4fa4-a97d-d965ccfc6d4b" outcome="Passed" testListId="8c84fa94-04c1-424b-9868-57a2d4851a1d" relativeResultsDirectory="3ebace3b-d152-456f-b85f-ac740f9c2167">
    </UnitTestResult>
    <UnitTestResult executionId="df49b262-82a2-4603-ab1f-0f1f5f4f8ff8" testId="2eba2d30-d0c9-d10d-cb9f-e198704cb8fa" testName="fabian_deberia_tener_solo_acceso_a_viaticos" computerName="MDS-1163" duration="00:00:00.0059983" startTime="2013-03-26T19:54:07.5577325-03:00" endTime="2013-03-26T19:54:07.5677335-03:00" testType="13cdc9d9-ddb5-4fa4-a97d-d965ccfc6d4b" outcome="Passed" testListId="8c84fa94-04c1-424b-9868-57a2d4851a1d" relativeResultsDirectory="df49b262-82a2-4603-ab1f-0f1f5f4f8ff8">
    </UnitTestResult>
    <UnitTestResult executionId="65221975-ccdb-4cad-bb86-ed2e3615a7bb" testId="33728143-431e-2f80-b4cd-e190171f9673" testName="deberia_traer_4_areas_con_los_datos_de_contacto_de_la_mismas" computerName="MDS-1163" duration="00:00:00.0197844" startTime="2013-03-26T19:54:07.5697337-03:00" endTime="2013-03-26T19:54:07.5937361-03:00" testType="13cdc9d9-ddb5-4fa4-a97d-d965ccfc6d4b" outcome="Passed" testListId="8c84fa94-04c1-424b-9868-57a2d4851a1d" relativeResultsDirectory="65221975-ccdb-4cad-bb86-ed2e3615a7bb">
    </UnitTestResult>
    <UnitTestResult executionId="b5bb9cd5-c222-4846-8838-465de9f594e6" testId="363f19a2-0f65-4da3-ffe2-9ae3bd940a9f" testName="deberia_crear_una_tabla_con_id_y_un_valor_99" computerName="MDS-1163" duration="00:00:00.0006132" startTime="2013-03-26T19:54:07.5947362-03:00" endTime="2013-03-26T19:54:07.6007368-03:00" testType="13cdc9d9-ddb5-4fa4-a97d-d965ccfc6d4b" outcome="Passed" testListId="8c84fa94-04c1-424b-9868-57a2d4851a1d" relativeResultsDirectory="b5bb9cd5-c222-4846-8838-465de9f594e6">
    </UnitTestResult>
    <UnitTestResult executionId="81b39118-e63d-4c46-aca8-3ef1515213a1" testId="3667ca38-1ee0-0f59-2de9-55990d91ad13" testName="deberia_traer_inasistencias_de_un_alumno_para_un_mes" computerName="MDS-1163" duration="00:00:00.0343816" startTime="2013-03-26T19:54:07.6017369-03:00" endTime="2013-03-26T19:54:07.6407408-03:00" testType="13cdc9d9-ddb5-4fa4-a97d-d965ccfc6d4b" outcome="Failed" testListId="8c84fa94-04c1-424b-9868-57a2d4851a1d" relativeResultsDirectory="81b39118-e63d-4c46-aca8-3ef1515213a1">
      <Output>
        <ErrorInfo>
          <Message>Error de Assert.AreEqual. Se esperaba &lt;1&gt;, pero es &lt;0&gt;. </Message>
          <StackTrace>   en TestViaticos.TestPlanillaMensual.deberia_traer_inasistencias_de_un_alumno_para_un_mes() en C:\Repositorio\Javier\Licencias Viaticos Web\rrhh\TestViaticos\TestSACC\TestPlanillaMensual.cs:línea 103
</StackTrace>
        </ErrorInfo>
      </Output>
    </UnitTestResult>
    <UnitTestResult executionId="3daadb02-0474-48f9-8108-b0d995f0e143" testId="37d066c6-a6d7-b11a-9516-f3f197d5e44d" testName="deberia_poder_tener_un_null_como_primer_valor_de_una_columna" computerName="MDS-1163" duration="00:00:00.0019009" startTime="2013-03-26T19:54:07.6417409-03:00" endTime="2013-03-26T19:54:07.6487416-03:00" testType="13cdc9d9-ddb5-4fa4-a97d-d965ccfc6d4b" outcome="Passed" testListId="8c84fa94-04c1-424b-9868-57a2d4851a1d" relativeResultsDirectory="3daadb02-0474-48f9-8108-b0d995f0e143">
    </UnitTestResult>
    <UnitTestResult executionId="6b21c358-0dc4-46c2-9c73-16b099709285" testId="38a50315-78cc-f677-cc67-a33e14f1587e" testName="deberia_poder_obtener_todos_los_documentos" computerName="MDS-1163" duration="00:00:00.0104319" startTime="2013-03-26T19:54:07.6497417-03:00" endTime="2013-03-26T19:54:07.6647432-03:00" testType="13cdc9d9-ddb5-4fa4-a97d-d965ccfc6d4b" outcome="Passed" testListId="8c84fa94-04c1-424b-9868-57a2d4851a1d" relativeResultsDirectory="6b21c358-0dc4-46c2-9c73-16b099709285">
    </UnitTestResult>
    <UnitTestResult executionId="e6468178-cab3-4039-9727-7e0f7194c0a2" testId="39ba617e-74b7-ac1c-65b2-4df024e2d4e4" testName="al_buscar_en_una_lista_de_áreas_por_Asistentes_de_área_a_María_debe_traer_el_area_de_RRHH_donde_María_es_secretaria" computerName="MDS-1163" duration="00:00:00.0007602" startTime="2013-03-26T19:54:07.6657433-03:00" endTime="2013-03-26T19:54:07.6717439-03:00" testType="13cdc9d9-ddb5-4fa4-a97d-d965ccfc6d4b" outcome="Passed" testListId="8c84fa94-04c1-424b-9868-57a2d4851a1d" relativeResultsDirectory="e6468178-cab3-4039-9727-7e0f7194c0a2">
    </UnitTestResult>
    <UnitTestResult executionId="006ecb29-ede2-446e-85e9-561918a7b2e0" testId="3c877ef7-ef07-0820-9e58-ae76fdaedfb0" testName="al_buscar_en_una_lista_de_áreas_un_fax_devuelve_todos_las_áreas_cuyo_fax_de_asistente_o_responsable_o_area_contiene_el_texto_buscado" computerName="MDS-1163" duration="00:00:00.0016418" startTime="2013-03-26T19:54:07.6727440-03:00" endTime="2013-03-26T19:54:07.6787446-03:00" testType="13cdc9d9-ddb5-4fa4-a97d-d965ccfc6d4b" outcome="Passed" testListId="8c84fa94-04c1-424b-9868-57a2d4851a1d" relativeResultsDirectory="006ecb29-ede2-446e-85e9-561918a7b2e0">
    </UnitTestResult>
    <UnitTestResult executionId="4c636c28-e0fb-43fd-bc6c-69bc82f7e4e3" testId="410ae35c-c491-52ff-8ca7-16593197aa91" testName="deberia_poder_obtener_un_viatico_sin_estadias_pasajes_ni_transiciones" computerName="MDS-1163" duration="00:00:00.0085649" startTime="2013-03-26T19:54:07.6807448-03:00" endTime="2013-03-26T19:54:07.6957463-03:00" testType="13cdc9d9-ddb5-4fa4-a97d-d965ccfc6d4b" outcome="Passed" testListId="8c84fa94-04c1-424b-9868-57a2d4851a1d" relativeResultsDirectory="4c636c28-e0fb-43fd-bc6c-69bc82f7e4e3">
    </UnitTestResult>
    <UnitTestResult executionId="65fabf37-2699-4701-b13f-708de236652f" testId="42e7e5a9-27d6-1424-520a-64446a479ac2" testName="deberia_poder_actuailzar_un_documento" computerName="MDS-1163" duration="00:00:00.0058066" startTime="2013-03-26T19:54:07.6967464-03:00" endTime="2013-03-26T19:54:07.7067474-03:00" testType="13cdc9d9-ddb5-4fa4-a97d-d965ccfc6d4b" outcome="Passed" testListId="8c84fa94-04c1-424b-9868-57a2d4851a1d" relativeResultsDirectory="65fabf37-2699-4701-b13f-708de236652f">
    </UnitTestResult>
    <UnitTestResult executionId="23c20143-e20a-488a-b495-972edcddd534" testId="43bddf17-fba3-4d54-a157-cfcf7797ee39" testName="al_buscar_en_una_lista_de_áreas_un_email_devuelve_todos_las_áreas_cuyo_email_de_asistente_o_responsable_o_area_contiene_el_texto_buscado" computerName="MDS-1163" duration="00:00:00.0015456" startTime="2013-03-26T19:54:07.7077475-03:00" endTime="2013-03-26T19:54:07.7137481-03:00" testType="13cdc9d9-ddb5-4fa4-a97d-d965ccfc6d4b" outcome="Passed" testListId="8c84fa94-04c1-424b-9868-57a2d4851a1d" relativeResultsDirectory="23c20143-e20a-488a-b495-972edcddd534">
    </UnitTestResult>
    <UnitTestResult executionId="28ffc0ba-1a1a-453a-a55a-0827c2f11d6c" testId="43da4eae-d92c-9ac3-0f26-5e5600a67e90" testName="el_circuito_deberia_por_default_subir_por_el_organigrama_a_menos_que_haya_una_excepcion" computerName="MDS-1163" duration="00:00:00.0036751" startTime="2013-03-26T19:54:07.7157483-03:00" endTime="2013-03-26T19:54:07.7237491-03:00" testType="13cdc9d9-ddb5-4fa4-a97d-d965ccfc6d4b" outcome="Passed" testListId="8c84fa94-04c1-424b-9868-57a2d4851a1d" relativeResultsDirectory="28ffc0ba-1a1a-453a-a55a-0827c2f11d6c">
    </UnitTestResult>
    <UnitTestResult executionId="eff645a6-788a-4f36-8df2-9c2df5a77af6" testId="44b05242-b475-4635-6cec-78ec052b2688" testName="al_solicitarle_las_areas_inferiores_al_area_de_Marta_debe_traer_solo_la_de_Faby" computerName="MDS-1163" duration="00:00:00.0003268" startTime="2013-03-26T19:54:07.7247492-03:00" endTime="2013-03-26T19:54:07.7297497-03:00" testType="13cdc9d9-ddb5-4fa4-a97d-d965ccfc6d4b" outcome="Passed" testListId="8c84fa94-04c1-424b-9868-57a2d4851a1d" relativeResultsDirectory="eff645a6-788a-4f36-8df2-9c2df5a77af6">
    </UnitTestResult>
    <UnitTestResult executionId="5ffafb0f-7d57-4a1e-ae81-414f46f21dc8" testId="46d9bce1-2d0e-1aa8-e89e-b40f37783359" testName="deberia_poder_decirle_a_un_repositorio_que_use_una_conexion_que_no_devuelve_nada" computerName="MDS-1163" duration="00:00:00.0034137" startTime="2013-03-26T19:54:07.7307498-03:00" endTime="2013-03-26T19:54:07.7387506-03:00" testType="13cdc9d9-ddb5-4fa4-a97d-d965ccfc6d4b" outcome="Passed" testListId="8c84fa94-04c1-424b-9868-57a2d4851a1d" relativeResultsDirectory="5ffafb0f-7d57-4a1e-ae81-414f46f21dc8">
    </UnitTestResult>
    <UnitTestResult executionId="e83cada5-6cd1-4911-9e5d-c569850bb24c" testId="477414b1-9ac6-06f2-392d-c549405cd3f3" testName="cuando_se_solicita_la_lista_de_todas_las_áreas_superiores_de_un_área_debe_devolver_una_lista_vacía" computerName="MDS-1163" duration="00:00:00.0004858" startTime="2013-03-26T19:54:07.7397507-03:00" endTime="2013-03-26T19:54:07.7447512-03:00" testType="13cdc9d9-ddb5-4fa4-a97d-d965ccfc6d4b" outcome="Passed" testListId="8c84fa94-04c1-424b-9868-57a2d4851a1d" relativeResultsDirectory="e83cada5-6cd1-4911-9e5d-c569850bb24c">
    </UnitTestResult>
    <UnitTestResult executionId="9e8cad52-326c-4961-8daa-09040d3f64e8" testId="4793d588-4a8f-7915-87f2-c97c11507ad4" testName="deberia_devolver_una_fecha" computerName="MDS-1163" duration="00:00:00.0021118" startTime="2013-03-26T19:54:07.7457513-03:00" endTime="2013-03-26T19:54:07.7527520-03:00" testType="13cdc9d9-ddb5-4fa4-a97d-d965ccfc6d4b" outcome="Passed" testListId="8c84fa94-04c1-424b-9868-57a2d4851a1d" relativeResultsDirectory="9e8cad52-326c-4961-8daa-09040d3f64e8">
    </UnitTestResult>
    <UnitTestResult executionId="4301e81b-5ec0-4ec6-a1ed-63420540ffad" testId="4a850093-e479-3127-1dc5-d67d3a9e4d1b" testName="fabian_deberia_tener_un_area_con_solo_un_asistente" computerName="MDS-1163" duration="00:00:00.0083554" startTime="2013-03-26T19:54:07.7537521-03:00" endTime="2013-03-26T19:54:07.7667534-03:00" testType="13cdc9d9-ddb5-4fa4-a97d-d965ccfc6d4b" outcome="Passed" testListId="8c84fa94-04c1-424b-9868-57a2d4851a1d" relativeResultsDirectory="4301e81b-5ec0-4ec6-a1ed-63420540ffad">
    </UnitTestResult>
    <UnitTestResult executionId="f8c0927f-f772-41cc-9557-7061ad0d691f" testId="4bc081ab-bd87-c7e6-2e9a-ea9029e80e8b" testName="dado_aaa999_debe_ser_aab000" computerName="MDS-1163" duration="00:00:00.0002028" startTime="2013-03-26T19:54:07.7677535-03:00" endTime="2013-03-26T19:54:07.7727540-03:00" testType="13cdc9d9-ddb5-4fa4-a97d-d965ccfc6d4b" outcome="Passed" testListId="8c84fa94-04c1-424b-9868-57a2d4851a1d" relativeResultsDirectory="f8c0927f-f772-41cc-9557-7061ad0d691f">
    </UnitTestResult>
    <UnitTestResult executionId="04d5732d-c8e0-4039-b926-72714326fefd" testId="5188b3d7-a77a-3054-7bc5-b06591dc325c" testName="al_preguntarle_en_que_area_esta_un_documeto_deberia_decirme_" computerName="MDS-1163" duration="00:00:00.0047657" startTime="2013-03-26T19:54:07.7737541-03:00" endTime="2013-03-26T19:54:07.7827550-03:00" testType="13cdc9d9-ddb5-4fa4-a97d-d965ccfc6d4b" outcome="Passed" testListId="8c84fa94-04c1-424b-9868-57a2d4851a1d" relativeResultsDirectory="04d5732d-c8e0-4039-b926-72714326fefd">
    </UnitTestResult>
    <UnitTestResult executionId="d0d47df7-a1a7-4db4-95aa-6d46798dc483" testId="53e1544f-a9d2-75aa-fac6-a61041be5fb7" testName="dado_un_curso_que_se_cursa_lunes_y_jueves_cuando_le_pregunto_cuantos_dias_de_cursada_hay_en_la_primer_quincena_de_enero_me_dice_4" computerName="MDS-1163" duration="00:00:00.0013681" startTime="2013-03-26T19:54:07.7847552-03:00" endTime="2013-03-26T19:54:07.7897557-03:00" testType="13cdc9d9-ddb5-4fa4-a97d-d965ccfc6d4b" outcome="Passed" testListId="8c84fa94-04c1-424b-9868-57a2d4851a1d" relativeResultsDirectory="d0d47df7-a1a7-4db4-95aa-6d46798dc483">
    </UnitTestResult>
    <UnitTestResult executionId="75160948-1527-44b9-8dec-fbc751ef43fa" testId="57d98f0d-6038-69c7-9b96-75f22dd0e9dd" testName="deberia_traer_4_viaticos" computerName="MDS-1163" duration="00:00:00.0672530" startTime="2013-03-26T19:54:07.7917559-03:00" endTime="2013-03-26T19:54:07.8637631-03:00" testType="13cdc9d9-ddb5-4fa4-a97d-d965ccfc6d4b" outcome="Passed" testListId="8c84fa94-04c1-424b-9868-57a2d4851a1d" relativeResultsDirectory="75160948-1527-44b9-8dec-fbc751ef43fa">
    </UnitTestResult>
    <UnitTestResult executionId="5886fcf7-e00b-4e85-b26c-f5955ebbbf55" testId="59ff1f84-feae-06d2-b4cb-39b785e26703" testName="deberia_traer_viaticos_que_esten_pendientes_del_area_939_y__perido_011012_al_261012" computerName="MDS-1163" duration="00:00:00.0327544" startTime="2013-03-26T19:54:07.8647632-03:00" endTime="2013-03-26T19:54:07.9027670-03:00" testType="13cdc9d9-ddb5-4fa4-a97d-d965ccfc6d4b" outcome="Passed" testListId="8c84fa94-04c1-424b-9868-57a2d4851a1d" relativeResultsDirectory="5886fcf7-e00b-4e85-b26c-f5955ebbbf55">
    </UnitTestResult>
    <UnitTestResult executionId="e7828732-9c4f-471c-9b3b-c5a50adfadf1" testId="5b690971-fd71-4f11-40a9-1c85ffb21c38" testName="al_buscar_por_una_categoria_de_documento_debe_traer_todos_los_documentos_que_cumplen_con_ello" computerName="MDS-1163" duration="00:00:00.0016772" startTime="2013-03-26T19:54:07.9037671-03:00" endTime="2013-03-26T19:54:07.9097677-03:00" testType="13cdc9d9-ddb5-4fa4-a97d-d965ccfc6d4b" outcome="Passed" testListId="8c84fa94-04c1-424b-9868-57a2d4851a1d" relativeResultsDirectory="e7828732-9c4f-471c-9b3b-c5a50adfadf1">
    </UnitTestResult>
    <UnitTestResult executionId="13061f31-e9a5-48ff-ae23-7feb22415d30" testId="5d6cb36d-d345-b7c7-27f1-f7052ce8d166" testName="dado_un_area_quiero_saber_direccion_telefono_y_mail_del_area" computerName="MDS-1163" duration="00:00:00.0003607" startTime="2013-03-26T19:54:07.9107678-03:00" endTime="2013-03-26T19:54:07.9157683-03:00" testType="13cdc9d9-ddb5-4fa4-a97d-d965ccfc6d4b" outcome="Passed" testListId="8c84fa94-04c1-424b-9868-57a2d4851a1d" relativeResultsDirectory="13061f31-e9a5-48ff-ae23-7feb22415d30">
    </UnitTestResult>
    <UnitTestResult executionId="27b34939-fbe0-4117-a53b-d1c9abf0dfed" testId="60936b2d-9f38-488c-d3bd-319a17b5f6ba" testName="deberia_devolver_la_zona_Metro_con_una_localidad_y_la_zona_Patagonia_con_una_localidad" computerName="MDS-1163" duration="00:00:00.0033314" startTime="2013-03-26T19:54:07.9167684-03:00" endTime="2013-03-26T19:54:07.9247692-03:00" testType="13cdc9d9-ddb5-4fa4-a97d-d965ccfc6d4b" outcome="Passed" testListId="8c84fa94-04c1-424b-9868-57a2d4851a1d" relativeResultsDirectory="27b34939-fbe0-4117-a53b-d1c9abf0dfed">
    </UnitTestResult>
    <UnitTestResult executionId="71e407c6-0cb6-482f-9874-7d01b252a11d" testId="60b34790-3c9e-803c-efa2-bf0100cd18fd" testName="el_filtro_por_numero_de_ticket_debe_ser_case_insensitive" computerName="MDS-1163" duration="00:00:00.0003949" startTime="2013-03-26T19:54:07.9257693-03:00" endTime="2013-03-26T19:54:07.9307698-03:00" testType="13cdc9d9-ddb5-4fa4-a97d-d965ccfc6d4b" outcome="Passed" testListId="8c84fa94-04c1-424b-9868-57a2d4851a1d" relativeResultsDirectory="71e407c6-0cb6-482f-9874-7d01b252a11d">
    </UnitTestResult>
    <UnitTestResult executionId="32e033f6-92c6-4945-a05a-84b1abb21237" testId="60d191e8-f802-0c16-9722-35844f243666" testName="al_buscar_en_una_lista_de_áreas_una_parte_de_telefono_devuelve_todos_las_áreas_cuyo_telefono_de_asistente_o_responsable_o_area_contiene_el_texto_buscado" computerName="MDS-1163" duration="00:00:00.0015402" startTime="2013-03-26T19:54:07.9327700-03:00" endTime="2013-03-26T19:54:07.9387706-03:00" testType="13cdc9d9-ddb5-4fa4-a97d-d965ccfc6d4b" outcome="Passed" testListId="8c84fa94-04c1-424b-9868-57a2d4851a1d" relativeResultsDirectory="32e033f6-92c6-4945-a05a-84b1abb21237">
    </UnitTestResult>
    <UnitTestResult executionId="a87e4d20-0b45-461c-8d51-8cf97f3dc09c" testId="6325cb50-8252-7333-a10e-129eb61d4a7d" testName="deberia_crear_una_tabla_con_nombre_y_un_valor_Juan" computerName="MDS-1163" duration="00:00:00.0009620" startTime="2013-03-26T19:54:07.9397707-03:00" endTime="2013-03-26T19:54:07.9447712-03:00" testType="13cdc9d9-ddb5-4fa4-a97d-d965ccfc6d4b" outcome="Passed" testListId="8c84fa94-04c1-424b-9868-57a2d4851a1d" relativeResultsDirectory="a87e4d20-0b45-461c-8d51-8cf97f3dc09c">
    </UnitTestResult>
    <UnitTestResult executionId="2c89d34e-590d-42cd-b061-b34f57c84639" testId="64afcefc-8af6-fc70-4ea7-766fc65f6c46" testName="al_buscar_en_una_lista_de_áreas_un_email_devuelve_dos_emails__uno_de_asistente_y_otro_de_area__que_contienen_el_texto_buscado" computerName="MDS-1163" duration="00:00:00.0009315" startTime="2013-03-26T19:54:07.9457713-03:00" endTime="2013-03-26T19:54:07.9517719-03:00" testType="13cdc9d9-ddb5-4fa4-a97d-d965ccfc6d4b" outcome="Passed" testListId="8c84fa94-04c1-424b-9868-57a2d4851a1d" relativeResultsDirectory="2c89d34e-590d-42cd-b061-b34f57c84639">
    </UnitTestResult>
    <UnitTestResult executionId="783570d5-a7bc-49af-bd97-a133205683af" testId="6892221f-5432-520c-a667-6f10f84f4898" testName="dado_un_area_quiero_obtener_todos_los_asistentes_y_sus_datos_de_contacto" computerName="MDS-1163" duration="00:00:00.0010759" startTime="2013-03-26T19:54:07.9527720-03:00" endTime="2013-03-26T19:54:07.9587726-03:00" testType="13cdc9d9-ddb5-4fa4-a97d-d965ccfc6d4b" outcome="Passed" testListId="8c84fa94-04c1-424b-9868-57a2d4851a1d" relativeResultsDirectory="783570d5-a7bc-49af-bd97-a133205683af">
    </UnitTestResult>
    <UnitTestResult executionId="5746949d-e666-4ffc-8a0a-41b4d322446c" testId="68c724fc-1912-d9ac-d786-b1e6bb6c0994" testName="Un_organigrama_deberia_poder_decirme_todas_las_areas_inferiores_inmediatas_a_un_area_dada_con_muchas_areas" computerName="MDS-1163" duration="00:00:00.0003002" startTime="2013-03-26T19:54:07.9597727-03:00" endTime="2013-03-26T19:54:07.9647732-03:00" testType="13cdc9d9-ddb5-4fa4-a97d-d965ccfc6d4b" outcome="Passed" testListId="8c84fa94-04c1-424b-9868-57a2d4851a1d" relativeResultsDirectory="5746949d-e666-4ffc-8a0a-41b4d322446c">
    </UnitTestResult>
    <UnitTestResult executionId="6d3d0f9a-5c98-405b-9e07-b576fd0d1b60" testId="696fca9c-b0b6-7ef6-000f-fc7546a49832" testName="al_buscar_en_una_lista_de_áreas_una_dirección_devuelve_todos_las_áreas_cuyo_domicilio_contiene_el_texto_buscado" computerName="MDS-1163" duration="00:00:00.0006517" startTime="2013-03-26T19:54:07.9657733-03:00" endTime="2013-03-26T19:54:07.9707738-03:00" testType="13cdc9d9-ddb5-4fa4-a97d-d965ccfc6d4b" outcome="Passed" testListId="8c84fa94-04c1-424b-9868-57a2d4851a1d" relativeResultsDirectory="6d3d0f9a-5c98-405b-9e07-b576fd0d1b60">
    </UnitTestResult>
    <UnitTestResult executionId="4b949341-d25c-4ca3-9e5c-6276d67cf301" testId="6a69abda-dfaa-a679-b661-02cd5293c0bd" testName="no_deberia_permitir_pasarse_de_z" computerName="MDS-1163" duration="00:00:00.0006178" startTime="2013-03-26T19:54:07.9717739-03:00" endTime="2013-03-26T19:54:07.9767744-03:00" testType="13cdc9d9-ddb5-4fa4-a97d-d965ccfc6d4b" outcome="Passed" testListId="8c84fa94-04c1-424b-9868-57a2d4851a1d" relativeResultsDirectory="4b949341-d25c-4ca3-9e5c-6276d67cf301">
    </UnitTestResult>
    <UnitTestResult executionId="c8525796-b173-466c-a5a8-6950172f8138" testId="6e2099d5-ff03-21ed-7c09-0bc58519434c" testName="deberia_poder_validar_si_un_objeto_esta_en_una_coleccion" computerName="MDS-1163" duration="00:00:00.0003214" startTime="2013-03-26T19:54:07.9787746-03:00" endTime="2013-03-26T19:54:07.9827750-03:00" testType="13cdc9d9-ddb5-4fa4-a97d-d965ccfc6d4b" outcome="Passed" testListId="8c84fa94-04c1-424b-9868-57a2d4851a1d" relativeResultsDirectory="c8525796-b173-466c-a5a8-6950172f8138">
    </UnitTestResult>
    <UnitTestResult executionId="794c814e-dcec-4d24-a4e3-c762d651040d" testId="6f525a40-dadd-7cc4-eb37-95f1d91a14c9" testName="deberia_agregar_una_asistencia_a_un_alumno_para_una_planilla_que_esta_en_un_curso" computerName="MDS-1163" duration="00:00:00.0027439" startTime="2013-03-26T19:54:07.9847752-03:00" endTime="2013-03-26T19:54:07.9917759-03:00" testType="13cdc9d9-ddb5-4fa4-a97d-d965ccfc6d4b" outcome="Failed" testListId="8c84fa94-04c1-424b-9868-57a2d4851a1d" relativeResultsDirectory="794c814e-dcec-4d24-a4e3-c762d651040d">
      <Output>
        <ErrorInfo>
          <Message>Error de Assert.AreEqual. Se esperaba &lt;1&gt;, pero es &lt;0&gt;. </Message>
          <StackTrace>   en TestViaticos.TestPlanillaMensual.deberia_agregar_una_asistencia_a_un_alumno_para_una_planilla_que_esta_en_un_curso() en C:\Repositorio\Javier\Licencias Viaticos Web\rrhh\TestViaticos\TestSACC\TestPlanillaMensual.cs:línea 136
</StackTrace>
        </ErrorInfo>
      </Output>
    </UnitTestResult>
    <UnitTestResult executionId="b65c70b3-76f4-464e-baf2-7007f0bb5d2e" testId="71dbce06-b24d-82d9-d3a9-b8664de5dbbb" testName="deberia_crear_una_tabla_con_id_y_descripcion" computerName="MDS-1163" duration="00:00:00.0005123" startTime="2013-03-26T19:54:07.9927760-03:00" endTime="2013-03-26T19:54:07.9977765-03:00" testType="13cdc9d9-ddb5-4fa4-a97d-d965ccfc6d4b" outcome="Passed" testListId="8c84fa94-04c1-424b-9868-57a2d4851a1d" relativeResultsDirectory="b65c70b3-76f4-464e-baf2-7007f0bb5d2e">
    </UnitTestResult>
    <UnitTestResult executionId="cb62d7fe-ab36-4be0-a244-61d4d8465dbc" testId="72c59001-deaf-0f88-ce47-97c9b2e78292" testName="si_un_area_no_tiene_alias_deberia_devolver_el_nombre_completo_sin_alias" computerName="MDS-1163" duration="00:00:00.0002579" startTime="2013-03-26T19:54:07.9997767-03:00" endTime="2013-03-26T19:54:08.0037771-03:00" testType="13cdc9d9-ddb5-4fa4-a97d-d965ccfc6d4b" outcome="Passed" testListId="8c84fa94-04c1-424b-9868-57a2d4851a1d" relativeResultsDirectory="cb62d7fe-ab36-4be0-a244-61d4d8465dbc">
    </UnitTestResult>
    <UnitTestResult executionId="408df040-1460-415a-a67b-a96306cdc39e" testId="73696332-8582-b3f8-3487-a0e8978d60e1" testName="deberia_devolver_los_saltos_por_excepcion" computerName="MDS-1163" duration="00:00:00.0043538" startTime="2013-03-26T19:54:08.0047772-03:00" endTime="2013-03-26T19:54:08.0137781-03:00" testType="13cdc9d9-ddb5-4fa4-a97d-d965ccfc6d4b" outcome="Passed" testListId="8c84fa94-04c1-424b-9868-57a2d4851a1d" relativeResultsDirectory="408df040-1460-415a-a67b-a96306cdc39e">
    </UnitTestResult>
    <UnitTestResult executionId="a36eef25-0330-4099-bdb1-eef5aae26a64" testId="74b1b58c-e814-5670-35a0-d1446a9967fd" testName="no_se_debe_permitir_crear_un_organigrama_donde_un_hijo_tenga_dos_areas_padres" computerName="MDS-1163" duration="00:00:00.0003965" startTime="2013-03-26T19:54:08.0147782-03:00" endTime="2013-03-26T19:54:08.0197787-03:00" testType="13cdc9d9-ddb5-4fa4-a97d-d965ccfc6d4b" outcome="Passed" testListId="8c84fa94-04c1-424b-9868-57a2d4851a1d" relativeResultsDirectory="a36eef25-0330-4099-bdb1-eef5aae26a64">
    </UnitTestResult>
    <UnitTestResult executionId="e1254f8b-a974-475e-83fb-c7d35a1c314c" testId="751e279c-34dc-9434-036d-cf7c6e4fd783" testName="no_deberia_poder_tener_un_documento_sin_categoria" computerName="MDS-1163" duration="00:00:00.0005062" startTime="2013-03-26T19:54:08.0217789-03:00" endTime="2013-03-26T19:54:08.0267794-03:00" testType="13cdc9d9-ddb5-4fa4-a97d-d965ccfc6d4b" outcome="Passed" testListId="8c84fa94-04c1-424b-9868-57a2d4851a1d" relativeResultsDirectory="e1254f8b-a974-475e-83fb-c7d35a1c314c">
    </UnitTestResult>
    <UnitTestResult executionId="546233d0-d58b-4b3b-8bb3-b61264c5ae84" testId="757e1e4a-ca0e-7dc8-c1f0-7e6c91ba8ea0" testName="deberia_poder_validar_si_un_objeto_no_esta_en_una_coleccion" computerName="MDS-1163" duration="00:00:00.0003911" startTime="2013-03-26T19:54:08.0277795-03:00" endTime="2013-03-26T19:54:08.0327800-03:00" testType="13cdc9d9-ddb5-4fa4-a97d-d965ccfc6d4b" outcome="Passed" testListId="8c84fa94-04c1-424b-9868-57a2d4851a1d" relativeResultsDirectory="546233d0-d58b-4b3b-8bb3-b61264c5ae84">
    </UnitTestResult>
    <UnitTestResult executionId="69d29366-f990-4f8f-b41d-0b3179f08fe2" testId="76c47d34-63a4-0479-90e7-a8d089e0dd93" testName="el_repositorio_deberia_crear_una_mensajeria_con_sus_transiciones" computerName="MDS-1163" duration="00:00:00.0097771" startTime="2013-03-26T19:54:08.0337801-03:00" endTime="2013-03-26T19:54:08.0477815-03:00" testType="13cdc9d9-ddb5-4fa4-a97d-d965ccfc6d4b" outcome="Passed" testListId="8c84fa94-04c1-424b-9868-57a2d4851a1d" relativeResultsDirectory="69d29366-f990-4f8f-b41d-0b3179f08fe2">
    </UnitTestResult>
    <UnitTestResult executionId="3b2e5945-5933-48f4-bb6e-53650a697e13" testId="77c82c9f-520d-04a5-8c33-19a0d6332eaa" testName="el_circuito_deberia_por_default_subir_por_el_organigrama" computerName="MDS-1163" duration="00:00:00.0003249" startTime="2013-03-26T19:54:08.0487816-03:00" endTime="2013-03-26T19:54:08.0537821-03:00" testType="13cdc9d9-ddb5-4fa4-a97d-d965ccfc6d4b" outcome="Passed" testListId="8c84fa94-04c1-424b-9868-57a2d4851a1d" relativeResultsDirectory="3b2e5945-5933-48f4-bb6e-53650a697e13">
    </UnitTestResult>
    <UnitTestResult executionId="68c748cd-fe89-4c91-8465-976b0078d7b9" testId="78a9f8b3-1879-e741-9ade-1dee019c141b" testName="no_deberia_cargar_una_inasistencia_a_un_alumno_que_no_esta_en_un_curso" computerName="MDS-1163" duration="00:00:00.0007310" startTime="2013-03-26T19:54:08.0547822-03:00" endTime="2013-03-26T19:54:08.0597827-03:00" testType="13cdc9d9-ddb5-4fa4-a97d-d965ccfc6d4b" outcome="Passed" testListId="8c84fa94-04c1-424b-9868-57a2d4851a1d" relativeResultsDirectory="68c748cd-fe89-4c91-8465-976b0078d7b9">
    </UnitTestResult>
    <UnitTestResult executionId="48fed593-e12f-4e31-a0a5-b3a4bf2bd0f8" testId="79a63e0f-ba0e-a5dc-0d5c-dc38d27e7aa1" testName="al_buscar_por_nombre_de_area_la_palabra_RRHH_deberia_traerme_el_area_cuyo_nombre_es_RRHH" computerName="MDS-1163" duration="00:00:00.0006290" startTime="2013-03-26T19:54:08.0617829-03:00" endTime="2013-03-26T19:54:08.0667834-03:00" testType="13cdc9d9-ddb5-4fa4-a97d-d965ccfc6d4b" outcome="Passed" testListId="8c84fa94-04c1-424b-9868-57a2d4851a1d" relativeResultsDirectory="48fed593-e12f-4e31-a0a5-b3a4bf2bd0f8">
    </UnitTestResult>
    <UnitTestResult executionId="e64f2e17-ee88-4600-8dca-efcacde80df0" testId="7a945366-5dc8-bde8-17f1-4ebf2f832448" testName="se_puede_crear_un_organigrama_con_forma_de_arbol_de_dos_pisos" computerName="MDS-1163" duration="00:00:00.0007244" startTime="2013-03-26T19:54:08.0677835-03:00" endTime="2013-03-26T19:54:08.0727840-03:00" testType="13cdc9d9-ddb5-4fa4-a97d-d965ccfc6d4b" outcome="Passed" testListId="8c84fa94-04c1-424b-9868-57a2d4851a1d" relativeResultsDirectory="e64f2e17-ee88-4600-8dca-efcacde80df0">
    </UnitTestResult>
    <UnitTestResult executionId="738b7f8d-c879-429f-9f44-b9bb0f5c9377" testId="7b7bd90a-9390-9d92-5600-532eb0a44a2a" testName="dado_un_curso_que_se_cursa_los_lunes_y_jueves_cuando_le_pregunto_cuantos_dias_de_cursada_hay_en_febrero_de_2013_me_dice_6_porque_dos_son_feriados" computerName="MDS-1163" duration="00:00:00.0006024" startTime="2013-03-26T19:54:08.0747842-03:00" endTime="2013-03-26T19:54:08.0797847-03:00" testType="13cdc9d9-ddb5-4fa4-a97d-d965ccfc6d4b" outcome="Passed" testListId="8c84fa94-04c1-424b-9868-57a2d4851a1d" relativeResultsDirectory="738b7f8d-c879-429f-9f44-b9bb0f5c9377">
    </UnitTestResult>
    <UnitTestResult executionId="715d1b28-f877-46e7-9442-52c2fa7b8605" testId="82c21a02-0eaa-b33b-6618-e225964dbef2" testName="deberia_poder_validar_si_un_objeto_no_es_nulo" computerName="MDS-1163" duration="00:00:00.0002228" startTime="2013-03-26T19:54:08.0807848-03:00" endTime="2013-03-26T19:54:08.0857853-03:00" testType="13cdc9d9-ddb5-4fa4-a97d-d965ccfc6d4b" outcome="Passed" testListId="8c84fa94-04c1-424b-9868-57a2d4851a1d" relativeResultsDirectory="715d1b28-f877-46e7-9442-52c2fa7b8605">
    </UnitTestResult>
    <UnitTestResult executionId="4bad76a2-8907-485d-b618-4dc25bc804e0" testId="82d93e8f-20e5-8c41-b9f1-1d42beccc7c0" testName="deberia_mostrarme_una_unica_vez_la_secretaria_que_posee_el_area_cuando_los_datos_estan_repetidos" computerName="MDS-1163" duration="00:00:00.0082919" startTime="2013-03-26T19:54:08.0867854-03:00" endTime="2013-03-26T19:54:08.0997867-03:00" testType="13cdc9d9-ddb5-4fa4-a97d-d965ccfc6d4b" outcome="Passed" testListId="8c84fa94-04c1-424b-9868-57a2d4851a1d" relativeResultsDirectory="4bad76a2-8907-485d-b618-4dc25bc804e0">
    </UnitTestResult>
    <UnitTestResult executionId="eff87b84-6ee6-425c-906f-2c8af824600e" testId="8464698d-61d5-d408-819d-53311ef832f8" testName="Un_organigrama_deberia_poder_decirme_todas_las_areas_que_son_superiores_a_un_area_dada" computerName="MDS-1163" duration="00:00:00.0003225" startTime="2013-03-26T19:54:08.1007868-03:00" endTime="2013-03-26T19:54:08.1087876-03:00" testType="13cdc9d9-ddb5-4fa4-a97d-d965ccfc6d4b" outcome="Passed" testListId="8c84fa94-04c1-424b-9868-57a2d4851a1d" relativeResultsDirectory="eff87b84-6ee6-425c-906f-2c8af824600e">
    </UnitTestResult>
    <UnitTestResult executionId="8bb92ac5-910f-4f8d-9f57-f4dee6ab51cd" testId="88eff91e-3ca2-b202-c4d3-20146aaa990f" testName="al_buscar_por_un_numero_de_ticket__de_documento_o_parte_de_él_debe_traer_todos_los_documentos_que_cumplen_con_ello" computerName="MDS-1163" duration="00:00:00.0005939" startTime="2013-03-26T19:54:08.1097877-03:00" endTime="2013-03-26T19:54:08.1157883-03:00" testType="13cdc9d9-ddb5-4fa4-a97d-d965ccfc6d4b" outcome="Passed" testListId="8c84fa94-04c1-424b-9868-57a2d4851a1d" relativeResultsDirectory="8bb92ac5-910f-4f8d-9f57-f4dee6ab51cd">
    </UnitTestResult>
    <UnitTestResult executionId="bf108ee2-35d8-4535-a31a-3ca927b0160c" testId="8c631ab0-9081-f239-8e5b-8f0f7f274cb2" testName="al_buscar_por_fecha_desde_y_fecha_hasta_debería_traer_todos_los_documentos_cuya_fecha_está_incluída_en_ese_rango" computerName="MDS-1163" duration="00:00:00.0013138" startTime="2013-03-26T19:54:08.1167884-03:00" endTime="2013-03-26T19:54:08.1227890-03:00" testType="13cdc9d9-ddb5-4fa4-a97d-d965ccfc6d4b" outcome="Passed" testListId="8c84fa94-04c1-424b-9868-57a2d4851a1d" relativeResultsDirectory="bf108ee2-35d8-4535-a31a-3ca927b0160c">
    </UnitTestResult>
    <UnitTestResult executionId="ec7a1122-a94d-418b-afa7-9fc6c63d1df5" testId="8d450b91-f2a6-e64d-c4a7-eee63e8851da" testName="deberia_poder_agregar_un_row_desde_una_entidad_especificando_como_obtener_los_valores_a_partir_de_la_misma" computerName="MDS-1163" duration="00:00:00.0015305" startTime="2013-03-26T19:54:08.1237891-03:00" endTime="2013-03-26T19:54:08.1297897-03:00" testType="13cdc9d9-ddb5-4fa4-a97d-d965ccfc6d4b" outcome="Passed" testListId="8c84fa94-04c1-424b-9868-57a2d4851a1d" relativeResultsDirectory="ec7a1122-a94d-418b-afa7-9fc6c63d1df5">
    </UnitTestResult>
    <UnitTestResult executionId="144648e0-936a-45a7-acbc-b3d38983f89b" testId="8e8c4b00-453c-ac9a-23f7-d441cdf71296" testName="deberia_traer_una_unica_area_con_los_datos_de_contacto_de_la_misma" computerName="MDS-1163" duration="00:00:00.0063667" startTime="2013-03-26T19:54:08.1307898-03:00" endTime="2013-03-26T19:54:08.1417909-03:00" testType="13cdc9d9-ddb5-4fa4-a97d-d965ccfc6d4b" outcome="Passed" testListId="8c84fa94-04c1-424b-9868-57a2d4851a1d" relativeResultsDirectory="144648e0-936a-45a7-acbc-b3d38983f89b">
    </UnitTestResult>
    <UnitTestResult executionId="c7a22128-c035-48ca-86d7-077deeca5c15" testId="8f23a447-15d5-92c8-a4fb-7722c21b1c07" testName="deberia_poder_decirle_a_un_repositorio_que_use_una_conexion_que_devuelve_un_organigrama_simple" computerName="MDS-1163" duration="00:00:00.0055337" startTime="2013-03-26T19:54:08.1427910-03:00" endTime="2013-03-26T19:54:08.1527920-03:00" testType="13cdc9d9-ddb5-4fa4-a97d-d965ccfc6d4b" outcome="Passed" testListId="8c84fa94-04c1-424b-9868-57a2d4851a1d" relativeResultsDirectory="c7a22128-c035-48ca-86d7-077deeca5c15">
    </UnitTestResult>
    <UnitTestResult executionId="1868fbc3-bf7a-4ea4-933a-f73a399a905f" testId="91497819-ba2a-f2e9-9418-b935f4653def" testName="deberia_poder_validar_si_un_id_es_valido" computerName="MDS-1163" duration="00:00:00.0001974" startTime="2013-03-26T19:54:08.1547922-03:00" endTime="2013-03-26T19:54:08.1587926-03:00" testType="13cdc9d9-ddb5-4fa4-a97d-d965ccfc6d4b" outcome="Passed" testListId="8c84fa94-04c1-424b-9868-57a2d4851a1d" relativeResultsDirectory="1868fbc3-bf7a-4ea4-933a-f73a399a905f">
    </UnitTestResult>
    <UnitTestResult executionId="898b6398-7ca7-4f50-8d3a-066b30b907d6" testId="94211d25-4f01-6a4f-21c4-290dd165eb14" testName="no_deberia_traer_inasistencias_de_un_alumno_que_no_falto" computerName="MDS-1163" duration="00:00:00.0005628" startTime="2013-03-26T19:54:08.1607928-03:00" endTime="2013-03-26T19:54:08.1657933-03:00" testType="13cdc9d9-ddb5-4fa4-a97d-d965ccfc6d4b" outcome="Passed" testListId="8c84fa94-04c1-424b-9868-57a2d4851a1d" relativeResultsDirectory="898b6398-7ca7-4f50-8d3a-066b30b907d6">
    </UnitTestResult>
    <UnitTestResult executionId="8d3807a8-3715-4025-bd78-0b884f82fb51" testId="96fb1f26-cf56-3c03-ade6-884985acd8d7" testName="deberia_poder_validar_si_un_id_no_es_valido" computerName="MDS-1163" duration="00:00:00.0003938" startTime="2013-03-26T19:54:08.1667934-03:00" endTime="2013-03-26T19:54:08.1717939-03:00" testType="13cdc9d9-ddb5-4fa4-a97d-d965ccfc6d4b" outcome="Passed" testListId="8c84fa94-04c1-424b-9868-57a2d4851a1d" relativeResultsDirectory="8d3807a8-3715-4025-bd78-0b884f82fb51">
    </UnitTestResult>
    <UnitTestResult executionId="615c7529-dec1-4a8b-a2a6-b31865aede57" testId="98d79b4f-0fef-791a-b39b-89c03b95d3e3" testName="dado_un_curso_que_se_cursa_los_lunes_y_jueves_cuando_le_pregunto_cuantos_dias_de_cursada_hay_inlcuyendo_feriados_en_febrero_de_2013_me_dice_8_porque_dos_son_feriados" computerName="MDS-1163" duration="00:00:00.0021453" startTime="2013-03-26T19:54:08.1727940-03:00" endTime="2013-03-26T19:54:08.1797947-03:00" testType="13cdc9d9-ddb5-4fa4-a97d-d965ccfc6d4b" outcome="Passed" testListId="8c84fa94-04c1-424b-9868-57a2d4851a1d" relativeResultsDirectory="615c7529-dec1-4a8b-a2a6-b31865aede57">
    </UnitTestResult>
    <UnitTestResult executionId="370d09ed-e45a-4819-a3ae-4d5bf6e792c6" testId="999cd32d-d69f-3834-8d48-f15d37fd5243" testName="deberia_traer_viaticos_de_la_provincia_SALTA_y_CORDOBA_en_el_periodo_011012_261012" computerName="MDS-1163" duration="00:00:00.0046552" startTime="2013-03-26T19:54:08.1807948-03:00" endTime="2013-03-26T19:54:08.1897957-03:00" testType="13cdc9d9-ddb5-4fa4-a97d-d965ccfc6d4b" outcome="Failed" testListId="8c84fa94-04c1-424b-9868-57a2d4851a1d" relativeResultsDirectory="370d09ed-e45a-4819-a3ae-4d5bf6e792c6">
      <Output>
        <ErrorInfo>
          <Message>Error de Assert.AreEqual. Se esperaba &lt;2&gt;, pero es &lt;1&gt;. </Message>
          <StackTrace>   en TestViaticos.TestConsultas.deberia_traer_viaticos_de_la_provincia_SALTA_y_CORDOBA_en_el_periodo_011012_261012() en C:\Repositorio\Javier\Licencias Viaticos Web\rrhh\TestViaticos\TestConsultas.cs:línea 45
</StackTrace>
        </ErrorInfo>
      </Output>
    </UnitTestResult>
    <UnitTestResult executionId="06d4eddf-79c3-4606-bb80-bdf2cc805fe0" testId="9f7c8e27-eadb-ceef-1191-65859b891fab" testName="al_buscar_por_nombre_de_numero_de_documento_y_fechas_desde_y_hasta_y_extracto_de_un_documento_debe_traer_todos_los_documentos_que_cumplen_con_ello" computerName="MDS-1163" duration="00:00:00.0022007" startTime="2013-03-26T19:54:08.1907958-03:00" endTime="2013-03-26T19:54:08.1977965-03:00" testType="13cdc9d9-ddb5-4fa4-a97d-d965ccfc6d4b" outcome="Passed" testListId="8c84fa94-04c1-424b-9868-57a2d4851a1d" relativeResultsDirectory="06d4eddf-79c3-4606-bb80-bdf2cc805fe0">
    </UnitTestResult>
    <UnitTestResult executionId="986936c7-43e4-4251-a0ce-6dd43a18f1e5" testId="a44cf039-3a08-31a6-19c4-66a5660ef220" testName="deberia_poder_obtener_todos_los_datos_del_area_y_ver_que_estan_completos" computerName="MDS-1163" duration="00:00:00.0114339" startTime="2013-03-26T19:54:08.1987966-03:00" endTime="2013-03-26T19:54:08.2147982-03:00" testType="13cdc9d9-ddb5-4fa4-a97d-d965ccfc6d4b" outcome="Passed" testListId="8c84fa94-04c1-424b-9868-57a2d4851a1d" relativeResultsDirectory="986936c7-43e4-4251-a0ce-6dd43a18f1e5">
    </UnitTestResult>
    <UnitTestResult executionId="6c4494ac-6212-46dd-9205-7e39c2967d76" testId="a783754e-a02b-a257-f4ac-f48395928085" testName="al_buscar_por_el_area_del_usuario_logueado_debe_traer_todos_los_documentos_que_aun_son_responsabilidad_de_dicha_area" computerName="MDS-1163" duration="00:00:00.0002921" startTime="2013-03-26T19:54:08.2157983-03:00" endTime="2013-03-26T19:54:08.2207988-03:00" testType="13cdc9d9-ddb5-4fa4-a97d-d965ccfc6d4b" outcome="Passed" testListId="8c84fa94-04c1-424b-9868-57a2d4851a1d" relativeResultsDirectory="6c4494ac-6212-46dd-9205-7e39c2967d76">
    </UnitTestResult>
    <UnitTestResult executionId="42b1a637-a128-4994-95bb-e9964f596100" testId="a8bf43a7-c593-21c5-b353-6a677fedb6e1" testName="dado_un_area_quiero_saber_nombre_telefono_y_mail_de_responsable" computerName="MDS-1163" duration="00:00:00.0004350" startTime="2013-03-26T19:54:08.2217989-03:00" endTime="2013-03-26T19:54:08.2267994-03:00" testType="13cdc9d9-ddb5-4fa4-a97d-d965ccfc6d4b" outcome="Passed" testListId="8c84fa94-04c1-424b-9868-57a2d4851a1d" relativeResultsDirectory="42b1a637-a128-4994-95bb-e9964f596100">
    </UnitTestResult>
    <UnitTestResult executionId="8bbc0aa1-d51a-4119-add9-b461367628b1" testId="a91c3d07-7c7d-1fe6-99ad-80e4a1548474" testName="deberia_crear_una_tabla_con_id_y_un_valor_1" computerName="MDS-1163" duration="00:00:00.0004507" startTime="2013-03-26T19:54:08.2287996-03:00" endTime="2013-03-26T19:54:08.2328000-03:00" testType="13cdc9d9-ddb5-4fa4-a97d-d965ccfc6d4b" outcome="Passed" testListId="8c84fa94-04c1-424b-9868-57a2d4851a1d" relativeResultsDirectory="8bbc0aa1-d51a-4119-add9-b461367628b1">
    </UnitTestResult>
    <UnitTestResult executionId="b890653a-3d78-430e-b6ee-89792a9cb293" testId="abcb6bdb-8479-892d-4456-095226c976bc" testName="fabian_deberia_tener_acceso_a_viaticos_y_a_documentos" computerName="MDS-1163" duration="00:00:00.0083832" startTime="2013-03-26T19:54:08.2348002-03:00" endTime="2013-03-26T19:54:08.2488016-03:00" testType="13cdc9d9-ddb5-4fa4-a97d-d965ccfc6d4b" outcome="Passed" testListId="8c84fa94-04c1-424b-9868-57a2d4851a1d" relativeResultsDirectory="b890653a-3d78-430e-b6ee-89792a9cb293">
    </UnitTestResult>
    <UnitTestResult executionId="eaecfaf8-a496-4f92-bf3f-0ff695fb27d4" testId="b0dad42f-cacf-b7c8-3bc2-1641e13c9caa" testName="deberia_devolver_region_METRO_con_BuenosAires_con_una_localidad_con_id_4" computerName="MDS-1163" duration="00:00:00.0023012" startTime="2013-03-26T19:54:08.2498017-03:00" endTime="2013-03-26T19:54:08.2568024-03:00" testType="13cdc9d9-ddb5-4fa4-a97d-d965ccfc6d4b" outcome="Passed" testListId="8c84fa94-04c1-424b-9868-57a2d4851a1d" relativeResultsDirectory="eaecfaf8-a496-4f92-bf3f-0ff695fb27d4">
    </UnitTestResult>
    <UnitTestResult executionId="80d4867f-26e9-4f98-b8fc-c6ab0c3f47bb" testId="b8bd6fa3-7b0e-dbc4-d1ea-17a66d88e614" testName="mensajeria_deberia_enviar_documento" computerName="MDS-1163" duration="00:00:00.0006193" startTime="2013-03-26T19:54:08.2578025-03:00" endTime="2013-03-26T19:54:08.2628030-03:00" testType="13cdc9d9-ddb5-4fa4-a97d-d965ccfc6d4b" outcome="Passed" testListId="8c84fa94-04c1-424b-9868-57a2d4851a1d" relativeResultsDirectory="80d4867f-26e9-4f98-b8fc-c6ab0c3f47bb">
    </UnitTestResult>
    <UnitTestResult executionId="b97c6091-f36a-48e9-a59b-f66a34f26027" testId="bb2112d4-68ef-15b6-48ec-73b20e57caa9" testName="Un_organigrama_deberia_poder_decirme_todas_las_areas_que_posee" computerName="MDS-1163" duration="00:00:00.0002748" startTime="2013-03-26T19:54:08.2638031-03:00" endTime="2013-03-26T19:54:08.2688036-03:00" testType="13cdc9d9-ddb5-4fa4-a97d-d965ccfc6d4b" outcome="Passed" testListId="8c84fa94-04c1-424b-9868-57a2d4851a1d" relativeResultsDirectory="b97c6091-f36a-48e9-a59b-f66a34f26027">
    </UnitTestResult>
    <UnitTestResult executionId="1252ea2c-09c2-439f-98b2-d90c1840b375" testId="bb2f1794-72bc-c3ce-3c94-a7e6c21d4812" testName="deberia_poder_obtener_los_alumnos_de_un_curso" computerName="MDS-1163" duration="00:00:00.0003306" startTime="2013-03-26T19:54:08.2698037-03:00" endTime="2013-03-26T19:54:08.2748042-03:00" testType="13cdc9d9-ddb5-4fa4-a97d-d965ccfc6d4b" outcome="Passed" testListId="8c84fa94-04c1-424b-9868-57a2d4851a1d" relativeResultsDirectory="1252ea2c-09c2-439f-98b2-d90c1840b375">
    </UnitTestResult>
    <UnitTestResult executionId="d8223b0d-d4e3-49a0-9d64-4d2c99006223" testId="bb759e7e-2161-1c79-ee60-b7766df2bd3f" testName="Un_organigrama_deberia_poder_decirme_todas_las_areas_inferiores_inmediatas_a_un_area_dada" computerName="MDS-1163" duration="00:00:00.0002440" startTime="2013-03-26T19:54:08.2758043-03:00" endTime="2013-03-26T19:54:08.2808048-03:00" testType="13cdc9d9-ddb5-4fa4-a97d-d965ccfc6d4b" outcome="Passed" testListId="8c84fa94-04c1-424b-9868-57a2d4851a1d" relativeResultsDirectory="d8223b0d-d4e3-49a0-9d64-4d2c99006223">
    </UnitTestResult>
    <UnitTestResult executionId="4c65cb89-eaa0-40c3-b988-b257f22cbb53" testId="bbbb69a9-ef38-b5dc-de66-8e150133f998" testName="no_deberia_poder_cargar_una_inasistencia_si_el_dia_no_era_cursable" computerName="MDS-1163" duration="00:00:00.0005127" startTime="2013-03-26T19:54:08.2828050-03:00" endTime="2013-03-26T19:54:08.2868054-03:00" testType="13cdc9d9-ddb5-4fa4-a97d-d965ccfc6d4b" outcome="Passed" testListId="8c84fa94-04c1-424b-9868-57a2d4851a1d" relativeResultsDirectory="4c65cb89-eaa0-40c3-b988-b257f22cbb53">
    </UnitTestResult>
    <UnitTestResult executionId="10ef7573-51d0-43ce-a29f-7d620d0bcac7" testId="bf34bac0-1211-e38d-1273-9a3107460eaa" testName="dado_aazz_debe_ser_abaa" computerName="MDS-1163" duration="00:00:00.0002124" startTime="2013-03-26T19:54:08.2888056-03:00" endTime="2013-03-26T19:54:08.2928060-03:00" testType="13cdc9d9-ddb5-4fa4-a97d-d965ccfc6d4b" outcome="Passed" testListId="8c84fa94-04c1-424b-9868-57a2d4851a1d" relativeResultsDirectory="10ef7573-51d0-43ce-a29f-7d620d0bcac7">
    </UnitTestResult>
    <UnitTestResult executionId="d6bffd1d-e604-4999-81d5-d2adca934caf" testId="bf3ea6c6-ab88-4696-72a1-f31917a72c6c" testName="al_solicitarle_las_areas_inferiores_de_Fabi_no_debe_traer_ninguna" computerName="MDS-1163" duration="00:00:00.0002471" startTime="2013-03-26T19:54:08.2948062-03:00" endTime="2013-03-26T19:54:08.2988066-03:00" testType="13cdc9d9-ddb5-4fa4-a97d-d965ccfc6d4b" outcome="Passed" testListId="8c84fa94-04c1-424b-9868-57a2d4851a1d" relativeResultsDirectory="d6bffd1d-e604-4999-81d5-d2adca934caf">
    </UnitTestResult>
    <UnitTestResult executionId="86dcf728-244f-437d-8574-21673219bf39" testId="c09a892a-1cf8-8734-95e1-5859c143f708" testName="al_buscar_por_reponsable_de_area_a_Fabian_deberia_traerme_el_area_cuyo_nombre_de_responsable_es_Fabian" computerName="MDS-1163" duration="00:00:00.0007094" startTime="2013-03-26T19:54:08.3008068-03:00" endTime="2013-03-26T19:54:08.3058073-03:00" testType="13cdc9d9-ddb5-4fa4-a97d-d965ccfc6d4b" outcome="Passed" testListId="8c84fa94-04c1-424b-9868-57a2d4851a1d" relativeResultsDirectory="86dcf728-244f-437d-8574-21673219bf39">
    </UnitTestResult>
    <UnitTestResult executionId="0a87b8ef-90da-4fa9-8eaa-13c546c7aead" testId="c2c53443-9c7d-40b6-5a5a-6d158c6cf141" testName="deberia_traer_viaticos_de_BELEN_011012_261012" computerName="MDS-1163" duration="00:00:00.0024591" startTime="2013-03-26T19:54:08.3068074-03:00" endTime="2013-03-26T19:54:08.3138081-03:00" testType="13cdc9d9-ddb5-4fa4-a97d-d965ccfc6d4b" outcome="Passed" testListId="8c84fa94-04c1-424b-9868-57a2d4851a1d" relativeResultsDirectory="0a87b8ef-90da-4fa9-8eaa-13c546c7aead">
    </UnitTestResult>
    <UnitTestResult executionId="34f77dfc-4071-4828-9fe6-032a803218e3" testId="c2ebf66d-ae9e-9e71-55e6-fa4f57f3dcd0" testName="deberia_poder_agregar_alumnos" computerName="MDS-1163" duration="00:00:00.0072237" startTime="2013-03-26T19:54:08.3148082-03:00" endTime="2013-03-26T19:54:08.3268094-03:00" testType="13cdc9d9-ddb5-4fa4-a97d-d965ccfc6d4b" outcome="Failed" testListId="8c84fa94-04c1-424b-9868-57a2d4851a1d" relativeResultsDirectory="34f77dfc-4071-4828-9fe6-032a803218e3">
      <Output>
        <ErrorInfo>
          <Message>El método de prueba TestViaticos.TestAlumnos.deberia_poder_agregar_alumnos produjo la excepción: 
NMock2.Internal.ExpectationException: unexpected invocation of conexionBD.EjecutarSinResultado("SACC_Upd_Del_Alumno", &lt;System.Collections.Generic.Dictionary`2[System.String,System.Object]&gt;)
Expected:
</Message>
          <StackTrace>    en NMock2.Mockery.FailUnexpectedInvocation(Invocation invocation)
   en NMock2.Mockery.Dispatch(Invocation invocation)
   en NMock2.Internal.MockObject.Invoke(Invocation invocation)
   en NMock2.Monitoring.Invoker.Invoke(Invocation invocation)
   en NMock2.Monitoring.ProxiedObjectIdentity.Invoke(Invocation invocation)
   en NMock2.Monitoring.ProxyInvokableAdapter.Invoke(IMessage msg)
   en System.Runtime.Remoting.Proxies.RealProxy.PrivateInvoke(MessageData&amp; msgData, Int32 type)
   en General.Repositorios.IConexionBD.EjecutarSinResultado(String nombreProcedimiento, Dictionary`2 parametros)
   en General.Repositorios.RepositorioDeAlumnos.GuardarAlumno(Alumno un_alumno, Usuario usuario) en C:\Repositorio\Javier\Licencias Viaticos Web\rrhh\ProyectoNet\General\Repositorios\RepositoriosSACC\RepositorioDeAlumnos.cs:línea 59
   en TestViaticos.TestAlumnos.deberia_poder_agregar_alumnos() en C:\Repositorio\Javier\Licencias Viaticos Web\rrhh\TestViaticos\TestSACC\TestAlumnos.cs:línea 28
</StackTrace>
        </ErrorInfo>
      </Output>
    </UnitTestResult>
    <UnitTestResult executionId="ee691e19-4b91-4cbc-8746-350f4e471f97" testId="c40af560-ccd4-15d1-681a-d268a1e88a1c" testName="no_deberia_permitir_pasarse_de_9" computerName="MDS-1163" duration="00:00:00.0005273" startTime="2013-03-26T19:54:08.3278095-03:00" endTime="2013-03-26T19:54:08.3328100-03:00" testType="13cdc9d9-ddb5-4fa4-a97d-d965ccfc6d4b" outcome="Passed" testListId="8c84fa94-04c1-424b-9868-57a2d4851a1d" relativeResultsDirectory="ee691e19-4b91-4cbc-8746-350f4e471f97">
    </UnitTestResult>
    <UnitTestResult executionId="404d6042-c331-4466-810b-a21c74e69bbe" testId="c564bf77-b387-e233-53e7-c5c85a463602" testName="deberia_poder_obtener_un_curso_del_repositorio_de_cursos" computerName="MDS-1163" duration="00:00:00.0024290" startTime="2013-03-26T19:54:08.3348102-03:00" endTime="2013-03-26T19:54:08.3408108-03:00" testType="13cdc9d9-ddb5-4fa4-a97d-d965ccfc6d4b" outcome="Failed" testListId="8c84fa94-04c1-424b-9868-57a2d4851a1d" relativeResultsDirectory="404d6042-c331-4466-810b-a21c74e69bbe">
      <Output>
        <ErrorInfo>
          <Message>El método de prueba TestViaticos.TestRepositorioCursos.deberia_poder_obtener_un_curso_del_repositorio_de_cursos produjo la excepción: 
NMock2.Internal.ExpectationException: unexpected invocation of conexionBD.Ejecutar("dbo.SACC_Get_Cursos")
Expected:
</Message>
          <StackTrace>    en NMock2.Mockery.FailUnexpectedInvocation(Invocation invocation)
   en NMock2.Mockery.Dispatch(Invocation invocation)
   en NMock2.Internal.MockObject.Invoke(Invocation invocation)
   en NMock2.Monitoring.Invoker.Invoke(Invocation invocation)
   en NMock2.Monitoring.ProxiedObjectIdentity.Invoke(Invocation invocation)
   en NMock2.Monitoring.ProxyInvokableAdapter.Invoke(IMessage msg)
   en System.Runtime.Remoting.Proxies.RealProxy.PrivateInvoke(MessageData&amp; msgData, Int32 type)
   en General.Repositorios.IConexionBD.Ejecutar(String procedimiento)
   en General.Repositorios.RepositorioDeCursos.GetCursos() en C:\Repositorio\Javier\Licencias Viaticos Web\rrhh\ProyectoNet\General\Repositorios\RepositoriosSACC\RepositorioDeCursos.cs:línea 28
   en General.Repositorios.RepositorioDeCursos.GetCursoById(Int32 id) en C:\Repositorio\Javier\Licencias Viaticos Web\rrhh\ProyectoNet\General\Repositorios\RepositoriosSACC\RepositorioDeCursos.cs:línea 23
   en TestViaticos.TestRepositorioCursos.deberia_poder_obtener_un_curso_del_repositorio_de_cursos() en C:\Repositorio\Javier\Licencias Viaticos Web\rrhh\TestViaticos\TestSACC\TestRepositorioCursos.cs:línea 34
</StackTrace>
        </ErrorInfo>
      </Output>
    </UnitTestResult>
    <UnitTestResult executionId="97cd4ca4-9259-4560-ae2d-00351566f6cc" testId="c5bc7be4-1c6a-1e48-0dbd-f119f73d764c" testName="deberia_fallar_si_nada_indica_el_tipo_de_una_columna" computerName="MDS-1163" duration="00:00:00.0004904" startTime="2013-03-26T19:54:08.3428110-03:00" endTime="2013-03-26T19:54:08.3478115-03:00" testType="13cdc9d9-ddb5-4fa4-a97d-d965ccfc6d4b" outcome="Passed" testListId="8c84fa94-04c1-424b-9868-57a2d4851a1d" relativeResultsDirectory="97cd4ca4-9259-4560-ae2d-00351566f6cc">
    </UnitTestResult>
    <UnitTestResult executionId="2ba62176-672b-4920-bc00-7d19bd92d6f0" testId="c5cbe3b9-5203-897f-6c97-10b52d6a9698" testName="dado_b_quiero_c" computerName="MDS-1163" duration="00:00:00.0002128" startTime="2013-03-26T19:54:08.3488116-03:00" endTime="2013-03-26T19:54:08.3538121-03:00" testType="13cdc9d9-ddb5-4fa4-a97d-d965ccfc6d4b" outcome="Passed" testListId="8c84fa94-04c1-424b-9868-57a2d4851a1d" relativeResultsDirectory="2ba62176-672b-4920-bc00-7d19bd92d6f0">
    </UnitTestResult>
    <UnitTestResult executionId="ab0a0628-17b1-4188-a1c2-912eb6acd6c6" testId="c6c229fe-82f0-9917-4112-b9f4fc6d4ce9" testName="no_deberia_permitir_pasarse_de_zzz999" computerName="MDS-1163" duration="00:00:00.0005193" startTime="2013-03-26T19:54:08.3548122-03:00" endTime="2013-03-26T19:54:08.3608128-03:00" testType="13cdc9d9-ddb5-4fa4-a97d-d965ccfc6d4b" outcome="Passed" testListId="8c84fa94-04c1-424b-9868-57a2d4851a1d" relativeResultsDirectory="ab0a0628-17b1-4188-a1c2-912eb6acd6c6">
    </UnitTestResult>
    <UnitTestResult executionId="3d765b2e-4635-4e23-bce3-e781a6bf51ed" testId="c8e9fa12-63fb-548e-6319-248eaeb1ba50" testName="deberia_poder_tener_un_null_como_segundo_valor_de_una_columna" computerName="MDS-1163" duration="00:00:00.0019486" startTime="2013-03-26T19:54:08.3618129-03:00" endTime="2013-03-26T19:54:08.3678135-03:00" testType="13cdc9d9-ddb5-4fa4-a97d-d965ccfc6d4b" outcome="Passed" testListId="8c84fa94-04c1-424b-9868-57a2d4851a1d" relativeResultsDirectory="3d765b2e-4635-4e23-bce3-e781a6bf51ed">
    </UnitTestResult>
    <UnitTestResult executionId="486c48bd-b0e2-4fc5-9ad7-ca2d82c28954" testId="c966b980-8b4f-c10a-2879-8a06a8c7add4" testName="deberia_poder_obtener_todos_los_tipos_de_documento" computerName="MDS-1163" duration="00:00:00.0018616" startTime="2013-03-26T19:54:08.3688136-03:00" endTime="2013-03-26T19:54:08.3758143-03:00" testType="13cdc9d9-ddb5-4fa4-a97d-d965ccfc6d4b" outcome="Passed" testListId="8c84fa94-04c1-424b-9868-57a2d4851a1d" relativeResultsDirectory="486c48bd-b0e2-4fc5-9ad7-ca2d82c28954">
    </UnitTestResult>
    <UnitTestResult executionId="6c9b8081-4dad-4dea-8eff-344f1d229eed" testId="cc560ad4-66d2-6e1b-fa1e-c1f8f0f47258" testName="no_deberia_poder_tener_un_documento_sin_tipo" computerName="MDS-1163" duration="00:00:00.0003911" startTime="2013-03-26T19:54:08.3768144-03:00" endTime="2013-03-26T19:54:08.3818149-03:00" testType="13cdc9d9-ddb5-4fa4-a97d-d965ccfc6d4b" outcome="Passed" testListId="8c84fa94-04c1-424b-9868-57a2d4851a1d" relativeResultsDirectory="6c9b8081-4dad-4dea-8eff-344f1d229eed">
    </UnitTestResult>
    <UnitTestResult executionId="e7668e5b-e166-493f-919c-1dbf87c0e0f7" testId="cd0a2e1f-d61d-9cba-b24e-96406e906f5d" testName="TestGetZonas" computerName="MDS-1163" duration="00:00:00.0001305" startTime="2013-03-26T19:54:08.3828150-03:00" endTime="2013-03-26T19:54:08.3868154-03:00" testType="13cdc9d9-ddb5-4fa4-a97d-d965ccfc6d4b" outcome="Passed" testListId="8c84fa94-04c1-424b-9868-57a2d4851a1d" relativeResultsDirectory="e7668e5b-e166-493f-919c-1dbf87c0e0f7">
    </UnitTestResult>
    <UnitTestResult executionId="da726b8a-2f64-4d43-9348-ec6c4bb360e9" testId="cd2ddf59-b1d1-4ffd-b77a-55d96a13b533" testName="al_buscar_por_una_palabra_del_comentario_del_documento_debe_traer_todos_los_documentos_que_cumplen_con_ello" computerName="MDS-1163" duration="00:00:00.0007837" startTime="2013-03-26T19:54:08.3888156-03:00" endTime="2013-03-26T19:54:08.3938161-03:00" testType="13cdc9d9-ddb5-4fa4-a97d-d965ccfc6d4b" outcome="Passed" testListId="8c84fa94-04c1-424b-9868-57a2d4851a1d" relativeResultsDirectory="da726b8a-2f64-4d43-9348-ec6c4bb360e9">
    </UnitTestResult>
    <UnitTestResult executionId="5db004bc-1a3a-4cd6-8387-9dea595a40fb" testId="cecd7ff2-d148-29e8-850a-7574ad3e7580" testName="mensajeria_no_deberia_fallar_cuando_un_documento_no_tiene_trancisiones" computerName="MDS-1163" duration="00:00:00.0007660" startTime="2013-03-26T19:54:08.3948162-03:00" endTime="2013-03-26T19:54:08.3998167-03:00" testType="13cdc9d9-ddb5-4fa4-a97d-d965ccfc6d4b" outcome="Passed" testListId="8c84fa94-04c1-424b-9868-57a2d4851a1d" relativeResultsDirectory="5db004bc-1a3a-4cd6-8387-9dea595a40fb">
    </UnitTestResult>
    <UnitTestResult executionId="19dd38bc-768f-454d-b2b5-a498a0c57519" testId="cff26abc-fddb-ef75-0bf4-49cf50880ca7" testName="al_buscar_por_una_palabra_del_extracto_del_documento_debe_traer_todos_los_documentos_que_cumplen_con_ello" computerName="MDS-1163" duration="00:00:00.0005959" startTime="2013-03-26T19:54:08.4008168-03:00" endTime="2013-03-26T19:54:08.4058173-03:00" testType="13cdc9d9-ddb5-4fa4-a97d-d965ccfc6d4b" outcome="Passed" testListId="8c84fa94-04c1-424b-9868-57a2d4851a1d" relativeResultsDirectory="19dd38bc-768f-454d-b2b5-a498a0c57519">
    </UnitTestResult>
    <UnitTestResult executionId="14918f27-0dbb-49ad-bcfc-5a662afb809f" testId="d3eb6b18-b89c-308d-2472-f70947e6c57b" testName="deberia_devolver_Buenos_Aires_con_dos_localidades" computerName="MDS-1163" duration="00:00:00.0026662" startTime="2013-03-26T19:54:08.4078175-03:00" endTime="2013-03-26T19:54:08.4148182-03:00" testType="13cdc9d9-ddb5-4fa4-a97d-d965ccfc6d4b" outcome="Passed" testListId="8c84fa94-04c1-424b-9868-57a2d4851a1d" relativeResultsDirectory="14918f27-0dbb-49ad-bcfc-5a662afb809f">
    </UnitTestResult>
    <UnitTestResult executionId="5232a604-76ab-4490-866c-8bc53a5b7030" testId="d4034162-71c0-cb22-9a98-76a42e56e55e" testName="deberia_poder_obtener_el_string_de_un_chekbox" computerName="MDS-1163" duration="00:00:00.0004415" startTime="2013-03-26T19:54:08.4158183-03:00" endTime="2013-03-26T19:54:08.4208188-03:00" testType="13cdc9d9-ddb5-4fa4-a97d-d965ccfc6d4b" outcome="Passed" testListId="8c84fa94-04c1-424b-9868-57a2d4851a1d" relativeResultsDirectory="5232a604-76ab-4490-866c-8bc53a5b7030">
    </UnitTestResult>
    <UnitTestResult executionId="f94efc65-60d4-4dff-b510-60814866af07" testId="d5acc190-8ff6-3621-55ca-bde560b60f80" testName="Un_organigrama_deberia_poder_decirme_cual_es_el_area_superior_de_un_area_dada" computerName="MDS-1163" duration="00:00:00.0002190" startTime="2013-03-26T19:54:08.4218189-03:00" endTime="2013-03-26T19:54:08.4268194-03:00" testType="13cdc9d9-ddb5-4fa4-a97d-d965ccfc6d4b" outcome="Passed" testListId="8c84fa94-04c1-424b-9868-57a2d4851a1d" relativeResultsDirectory="f94efc65-60d4-4dff-b510-60814866af07">
    </UnitTestResult>
    <UnitTestResult executionId="14a3f10d-ff2c-4862-8a11-b3f99f482c31" testId="d7dcf4df-b012-3cb2-f383-e4a465f466d1" testName="deberia_poder_insertar_un_documento_en_la_base_con_numero_de_ticket" computerName="MDS-1163" duration="00:00:00.0013623" startTime="2013-03-26T19:54:08.4278195-03:00" endTime="2013-03-26T19:54:08.4338201-03:00" testType="13cdc9d9-ddb5-4fa4-a97d-d965ccfc6d4b" outcome="Passed" testListId="8c84fa94-04c1-424b-9868-57a2d4851a1d" relativeResultsDirectory="14a3f10d-ff2c-4862-8a11-b3f99f482c31">
    </UnitTestResult>
    <UnitTestResult executionId="312b2e9e-85b3-4798-9682-54ebb81a361f" testId="ddde0ed2-12a5-9bf8-2fdd-b32f11508a59" testName="deberia_poder_guardar_una_transicion_nueva" computerName="MDS-1163" duration="00:00:00.0009839" startTime="2013-03-26T19:54:08.4348202-03:00" endTime="2013-03-26T19:54:08.4398207-03:00" testType="13cdc9d9-ddb5-4fa4-a97d-d965ccfc6d4b" outcome="Passed" testListId="8c84fa94-04c1-424b-9868-57a2d4851a1d" relativeResultsDirectory="312b2e9e-85b3-4798-9682-54ebb81a361f">
    </UnitTestResult>
    <UnitTestResult executionId="25c66afb-2485-416a-8910-001ca56a846e" testId="de307af2-1c44-a9c2-0624-80b438a3400b" testName="usuario_mesa_entrada_deberia_tener_solo_acceso_a_documentos" computerName="MDS-1163" duration="00:00:00.0057604" startTime="2013-03-26T19:54:08.4418209-03:00" endTime="2013-03-26T19:54:08.4518219-03:00" testType="13cdc9d9-ddb5-4fa4-a97d-d965ccfc6d4b" outcome="Passed" testListId="8c84fa94-04c1-424b-9868-57a2d4851a1d" relativeResultsDirectory="25c66afb-2485-416a-8910-001ca56a846e">
    </UnitTestResult>
    <UnitTestResult executionId="5bc89426-1ef8-41ee-9f30-c41f42f13b5e" testId="dfede4a0-4add-37a3-8cce-099c64499527" testName="dado_1_quiero_2" computerName="MDS-1163" duration="00:00:00.0002282" startTime="2013-03-26T19:54:08.4528220-03:00" endTime="2013-03-26T19:54:08.4578225-03:00" testType="13cdc9d9-ddb5-4fa4-a97d-d965ccfc6d4b" outcome="Passed" testListId="8c84fa94-04c1-424b-9868-57a2d4851a1d" relativeResultsDirectory="5bc89426-1ef8-41ee-9f30-c41f42f13b5e">
    </UnitTestResult>
    <UnitTestResult executionId="068b5e5e-0e95-45eb-a34d-944d7851f1b6" testId="e1d67ae5-71d9-5872-41a1-7a2a4d910702" testName="mensajeria_deberia_poder_generar_una_transicion_futura" computerName="MDS-1163" duration="00:00:00.0017130" startTime="2013-03-26T19:54:08.4588226-03:00" endTime="2013-03-26T19:54:08.4648232-03:00" testType="13cdc9d9-ddb5-4fa4-a97d-d965ccfc6d4b" outcome="Failed" testListId="8c84fa94-04c1-424b-9868-57a2d4851a1d" relativeResultsDirectory="068b5e5e-0e95-45eb-a34d-944d7851f1b6">
      <Output>
        <ErrorInfo>
          <Message>Error de Assert.IsTrue. </Message>
          <StackTrace>   en TestViaticos.TestMensajeria.mensajeria_deberia_poder_generar_una_transicion_futura() en C:\Repositorio\Javier\Licencias Viaticos Web\rrhh\TestViaticos\TestMensajeria.cs:línea 84
</StackTrace>
        </ErrorInfo>
      </Output>
    </UnitTestResult>
    <UnitTestResult executionId="90634755-bf1a-4849-b34f-5fdf9b56b204" testId="e22ce867-04ec-cc74-8f00-0fdb0256cb9f" testName="deberia_considerar_las_estadias_comenzadas_en_el_periodo" computerName="MDS-1163" duration="00:00:00.0009673" startTime="2013-03-26T19:54:08.4668234-03:00" endTime="2013-03-26T19:54:08.4718239-03:00" testType="13cdc9d9-ddb5-4fa4-a97d-d965ccfc6d4b" outcome="Passed" testListId="8c84fa94-04c1-424b-9868-57a2d4851a1d" relativeResultsDirectory="90634755-bf1a-4849-b34f-5fdf9b56b204">
    </UnitTestResult>
    <UnitTestResult executionId="43af8d29-d030-4d43-960a-f03ba5b3eaf1" testId="e454c39b-e973-6bea-bc19-3dd352fe2860" testName="deberia_crear_una_tabla_con_id" computerName="MDS-1163" duration="00:00:00.0004657" startTime="2013-03-26T19:54:08.4738241-03:00" endTime="2013-03-26T19:54:08.4778245-03:00" testType="13cdc9d9-ddb5-4fa4-a97d-d965ccfc6d4b" outcome="Passed" testListId="8c84fa94-04c1-424b-9868-57a2d4851a1d" relativeResultsDirectory="43af8d29-d030-4d43-960a-f03ba5b3eaf1">
    </UnitTestResult>
    <UnitTestResult executionId="7c5d5ce7-180e-4630-aecd-701ae2818120" testId="e4a0643c-ded2-0a34-7284-5a78ff072139" testName="deberia_poder_guardar_un_nuevo_viatico_en_el_repositorio_de_viaticos_y_que_se_le_asigne_un_id" computerName="MDS-1163" duration="00:00:00.0059641" startTime="2013-03-26T19:54:08.4798247-03:00" endTime="2013-03-26T19:54:08.4898257-03:00" testType="13cdc9d9-ddb5-4fa4-a97d-d965ccfc6d4b" outcome="Passed" testListId="8c84fa94-04c1-424b-9868-57a2d4851a1d" relativeResultsDirectory="7c5d5ce7-180e-4630-aecd-701ae2818120">
    </UnitTestResult>
    <UnitTestResult executionId="2f0c3ff5-5072-4353-9838-e30ab8520625" testId="e51e2c6f-d445-6901-d7cc-9c752d9465ed" testName="dado_a9_quiero_b0" computerName="MDS-1163" duration="00:00:00.0002140" startTime="2013-03-26T19:54:08.4908258-03:00" endTime="2013-03-26T19:54:08.4968264-03:00" testType="13cdc9d9-ddb5-4fa4-a97d-d965ccfc6d4b" outcome="Passed" testListId="8c84fa94-04c1-424b-9868-57a2d4851a1d" relativeResultsDirectory="2f0c3ff5-5072-4353-9838-e30ab8520625">
    </UnitTestResult>
    <UnitTestResult executionId="43156d04-0912-44f7-b2cc-3435da3a0f6e" testId="e599cad1-eda4-094c-45c1-605d2f0e5702" testName="al_buscar_por_reponsable_de_area_a_Novoa_deberia_traerme_el_area_cuyo_apellido_de_responsable_es_Novoa" computerName="MDS-1163" duration="00:00:00.0005843" startTime="2013-03-26T19:54:08.4978265-03:00" endTime="2013-03-26T19:54:08.5028270-03:00" testType="13cdc9d9-ddb5-4fa4-a97d-d965ccfc6d4b" outcome="Passed" testListId="8c84fa94-04c1-424b-9868-57a2d4851a1d" relativeResultsDirectory="43156d04-0912-44f7-b2cc-3435da3a0f6e">
    </UnitTestResult>
    <UnitTestResult executionId="c0c2bf71-a47c-4b34-a7fe-097d0727deb7" testId="e6bad939-5185-804d-09f5-03d6b8675f35" testName="dado_un_curso_que_se_cursa_todos_los_jueves_cuando_le_pregunto_por_las_fechas_en_que_hay_que_asistir_durante_enero_de_2013_debe_contestar_5" computerName="MDS-1163" duration="00:00:00.0018828" startTime="2013-03-26T19:54:08.5038271-03:00" endTime="2013-03-26T19:54:08.5108278-03:00" testType="13cdc9d9-ddb5-4fa4-a97d-d965ccfc6d4b" outcome="Passed" testListId="8c84fa94-04c1-424b-9868-57a2d4851a1d" relativeResultsDirectory="c0c2bf71-a47c-4b34-a7fe-097d0727deb7">
    </UnitTestResult>
    <UnitTestResult executionId="164f7f78-57ac-4920-b84a-cad47adfcd8b" testId="e9aa986f-7293-c98f-9d6b-6050f52118de" testName="dado_az_quiero_ba" computerName="MDS-1163" duration="00:00:00.0002763" startTime="2013-03-26T19:54:08.5118279-03:00" endTime="2013-03-26T19:54:08.5168284-03:00" testType="13cdc9d9-ddb5-4fa4-a97d-d965ccfc6d4b" outcome="Passed" testListId="8c84fa94-04c1-424b-9868-57a2d4851a1d" relativeResultsDirectory="164f7f78-57ac-4920-b84a-cad47adfcd8b">
    </UnitTestResult>
    <UnitTestResult executionId="2642eb1f-e8f7-4ac8-bf75-34ddf1174157" testId="eaffb742-992c-e34c-dbe5-be3438e36b95" testName="al_buscar_por_reponsable_de_area_a_Miranda_debe_traer_dos_areas_una_con_responsable_cuyo_nombre_es_Miranda_y_otra_area_cuyo_apellido_de_responsable_es_también_Miranda" computerName="MDS-1163" duration="00:00:00.0006159" startTime="2013-03-26T19:54:08.5178285-03:00" endTime="2013-03-26T19:54:08.5228290-03:00" testType="13cdc9d9-ddb5-4fa4-a97d-d965ccfc6d4b" outcome="Passed" testListId="8c84fa94-04c1-424b-9868-57a2d4851a1d" relativeResultsDirectory="2642eb1f-e8f7-4ac8-bf75-34ddf1174157">
    </UnitTestResult>
    <UnitTestResult executionId="6e9be5b0-219c-49fe-8b32-a72600ccb4b3" testId="f01f9398-de8a-e114-4944-4c3877e413a9" testName="deberia_poder_obtener_el_string_de_un_link_en_imagen_de_las_entidades_seleccionadas" computerName="MDS-1163" duration="00:00:00.0005227" startTime="2013-03-26T19:54:08.5238291-03:00" endTime="2013-03-26T19:54:08.5288296-03:00" testType="13cdc9d9-ddb5-4fa4-a97d-d965ccfc6d4b" outcome="Passed" testListId="8c84fa94-04c1-424b-9868-57a2d4851a1d" relativeResultsDirectory="6e9be5b0-219c-49fe-8b32-a72600ccb4b3">
    </UnitTestResult>
    <UnitTestResult executionId="1a02955d-2a3d-4dd8-8c00-c7e35e1eedf8" testId="f1682d17-f3d2-e7a6-602e-a5fe64b0b83a" testName="al_transicionar_desde_otra_area_genera_2_transiciones" computerName="MDS-1163" duration="00:00:00.0013496" startTime="2013-03-26T19:54:08.5298297-03:00" endTime="2013-03-26T19:54:08.5358303-03:00" testType="13cdc9d9-ddb5-4fa4-a97d-d965ccfc6d4b" outcome="Passed" testListId="8c84fa94-04c1-424b-9868-57a2d4851a1d" relativeResultsDirectory="1a02955d-2a3d-4dd8-8c00-c7e35e1eedf8">
    </UnitTestResult>
    <UnitTestResult executionId="6dcb431c-5be0-471c-a861-ab975ca9efdc" testId="f1f50432-1bf0-de96-51bb-b6443df4774c" testName="no_deberia_poder_guardarse_un_documento_sin_tipo" computerName="MDS-1163" duration="00:00:00.0005300" startTime="2013-03-26T19:54:08.5368304-03:00" endTime="2013-03-26T19:54:08.5418309-03:00" testType="13cdc9d9-ddb5-4fa4-a97d-d965ccfc6d4b" outcome="Passed" testListId="8c84fa94-04c1-424b-9868-57a2d4851a1d" relativeResultsDirectory="6dcb431c-5be0-471c-a861-ab975ca9efdc">
    </UnitTestResult>
    <UnitTestResult executionId="9e9d3828-1ecf-4a8d-b459-b970461d7fee" testId="f86c4657-4e4d-11f0-63ee-95d2154ef49d" testName="deberia_poder_quitar_alumnos" computerName="MDS-1163" duration="00:00:00.0024090" startTime="2013-03-26T19:54:08.5428310-03:00" endTime="2013-03-26T19:54:08.5498317-03:00" testType="13cdc9d9-ddb5-4fa4-a97d-d965ccfc6d4b" outcome="Failed" testListId="8c84fa94-04c1-424b-9868-57a2d4851a1d" relativeResultsDirectory="9e9d3828-1ecf-4a8d-b459-b970461d7fee">
      <Output>
        <ErrorInfo>
          <Message>El método de prueba TestViaticos.TestAlumnos.deberia_poder_quitar_alumnos produjo la excepción: 
NMock2.Internal.ExpectationException: unexpected invocation of conexionBD.EjecutarEscalar("dbo.SACC_Ins_Bajas", &lt;System.Collections.Generic.Dictionary`2[System.String,System.Object]&gt;)
Expected:
</Message>
          <StackTrace>    en NMock2.Mockery.FailUnexpectedInvocation(Invocation invocation)
   en NMock2.Mockery.Dispatch(Invocation invocation)
   en NMock2.Internal.MockObject.Invoke(Invocation invocation)
   en NMock2.Monitoring.Invoker.Invoke(Invocation invocation)
   en NMock2.Monitoring.ProxiedObjectIdentity.Invoke(Invocation invocation)
   en NMock2.Monitoring.ProxyInvokableAdapter.Invoke(IMessage msg)
   en System.Runtime.Remoting.Proxies.RealProxy.PrivateInvoke(MessageData&amp; msgData, Int32 type)
   en General.Repositorios.IConexionBD.EjecutarEscalar(String nombreProcedimiento, Dictionary`2 parametros)
   en General.Repositorios.RepositorioDeAlumnos.CrearBaja(Usuario usuario) en C:\Repositorio\Javier\Licencias Viaticos Web\rrhh\ProyectoNet\General\Repositorios\RepositoriosSACC\RepositorioDeAlumnos.cs:línea 116
   en General.Repositorios.RepositorioDeAlumnos.QuitarAlumno(Alumno un_alumno, Usuario usuario) en C:\Repositorio\Javier\Licencias Viaticos Web\rrhh\ProyectoNet\General\Repositorios\RepositoriosSACC\RepositorioDeAlumnos.cs:línea 101
   en TestViaticos.TestAlumnos.deberia_poder_quitar_alumnos() en C:\Repositorio\Javier\Licencias Viaticos Web\rrhh\TestViaticos\TestSACC\TestAlumnos.cs:línea 40
</StackTrace>
        </ErrorInfo>
      </Output>
    </UnitTestResult>
    <UnitTestResult executionId="417e4e6b-a9e0-4552-8219-e6866065e3c7" testId="fc3e1a26-3625-7f18-819c-6724010eb1dd" testName="al_buscar_por_un_tipo_de_documento_debe_traer_todos_los_documentos_que_cumplen_con_ello" computerName="MDS-1163" duration="00:00:00.0008746" startTime="2013-03-26T19:54:08.5508318-03:00" endTime="2013-03-26T19:54:08.5568324-03:00" testType="13cdc9d9-ddb5-4fa4-a97d-d965ccfc6d4b" outcome="Passed" testListId="8c84fa94-04c1-424b-9868-57a2d4851a1d" relativeResultsDirectory="417e4e6b-a9e0-4552-8219-e6866065e3c7">
    </UnitTestResult>
    <UnitTestResult executionId="4b3b7182-05ee-40db-87ca-5295913256aa" testId="fe21a7fe-170b-9452-5951-05d7fa59464e" testName="deberia_agregar_una_inasistencia_a_un_alumno_para_una_planilla_que_esta_en_un_curso" computerName="MDS-1163" duration="00:00:00.0019844" startTime="2013-03-26T19:54:08.5578325-03:00" endTime="2013-03-26T19:54:08.5648332-03:00" testType="13cdc9d9-ddb5-4fa4-a97d-d965ccfc6d4b" outcome="Failed" testListId="8c84fa94-04c1-424b-9868-57a2d4851a1d" relativeResultsDirectory="4b3b7182-05ee-40db-87ca-5295913256aa">
      <Output>
        <ErrorInfo>
          <Message>Error de Assert.AreEqual. Se esperaba &lt;1&gt;, pero es &lt;0&gt;. </Message>
          <StackTrace>   en TestViaticos.TestPlanillaMensual.deberia_agregar_una_inasistencia_a_un_alumno_para_una_planilla_que_esta_en_un_curso() en C:\Repositorio\Javier\Licencias Viaticos Web\rrhh\TestViaticos\TestSACC\TestPlanillaMensual.cs:línea 63
</StackTrace>
        </ErrorInfo>
      </Output>
    </UnitTestResult>
    <UnitTestResult executionId="18956295-3cab-4e7a-845a-539bfb80b006" testId="ff5ca805-f71b-e477-63b1-db8e8b29d28e" testName="deberia_poder_generar_una_planilla_para_un_curso_y_mes" computerName="MDS-1163" duration="00:00:00.0002332" startTime="2013-03-26T19:54:08.5658333-03:00" endTime="2013-03-26T19:54:08.5698337-03:00" testType="13cdc9d9-ddb5-4fa4-a97d-d965ccfc6d4b" outcome="Passed" testListId="8c84fa94-04c1-424b-9868-57a2d4851a1d" relativeResultsDirectory="18956295-3cab-4e7a-845a-539bfb80b006">
    </UnitTestResult>
  </Results>
</TestRun>