<?xml version="1.0" encoding="UTF-8"?>
<TestRun id="46c94ded-37e9-4ecf-a3a2-ff65a51bf659" name="ACALCAGNO@MDS-RH-0002 2013-01-29 17:56:02" runUser="SDS_DOMAIN_1\ACALCAGNO" xmlns="http://microsoft.com/schemas/VisualStudio/TeamTest/2010">
  <TestSettings name="Local" id="df296806-de48-495c-9280-032423d672d5">
    <Description>Esta es la configuración de pruebas predeterminada para una ejecución de pruebas local.</Description>
    <Deployment runDeploymentRoot="ACALCAGNO_MDS-RH-0002 2013-01-29 17_56_02">
      <DeploymentItem filename="C:\Repositorios\FernandoAssembla\SistemaWeb\SharedLibs\NDbUnit.SqlClient.dll" />
      <DeploymentItem filename="C:\Repositorios\FernandoAssembla\SistemaWeb\SharedLibs\NMock2.dll" />
      <DeploymentItem filename="C:\Repositorios\FernandoAssembla\SistemaWeb\SharedLibs\NMock2.Test.dll" />
      <DeploymentItem filename="C:\Repositorios\FernandoAssembla\SistemaWeb\SharedLibs\NDbUnit.Core.dll" />
      <DeploymentItem filename="C:\Repositorios\FernandoAssembla\SistemaWeb\WebAsistencia\WebRhUI\bin\Debug\WebRhUI.dll" />
      <DeploymentItem filename="C:\Repositorios\FernandoAssembla\SistemaWeb\ProyectoNet\General\bin\Debug\General.dll" />
    </Deployment>
    <Execution>
      <TestTypeSpecific>
        <UnitTestRunConfig testTypeId="13cdc9d9-ddb5-4fa4-a97d-d965ccfc6d4b">
          <AssemblyResolution>
            <TestDirectory useLoadContext="true" />
          </AssemblyResolution>
        </UnitTestRunConfig>
        <WebTestRunConfiguration testTypeId="4e7599fa-5ecb-43e9-a887-cd63cf72d207">
          <Browser name="Internet Explorer 7.0">
            <Headers>
              <Header name="User-Agent" value="Mozilla/4.0 (compatible; MSIE 7.0; Windows NT 5.1)" />
              <Header name="Accept" value="*/*" />
              <Header name="Accept-Language" value="{{$IEAcceptLanguage}}" />
              <Header name="Accept-Encoding" value="GZIP" />
            </Headers>
          </Browser>
        </WebTestRunConfiguration>
      </TestTypeSpecific>
      <AgentRule name="LocalMachineDefaultRole">
      </AgentRule>
    </Execution>
  </TestSettings>
  <Times creation="2013-01-29T17:56:02.3932738-03:00" queuing="2013-01-29T17:56:02.8363181-03:00" start="2013-01-29T17:56:02.8623207-03:00" finish="2013-01-29T17:56:04.1784523-03:00" />
  <ResultSummary outcome="Completed">
    <Counters total="132" executed="132" passed="132" error="0" failed="0" timeout="0" aborted="0" inconclusive="0" passedButRunAborted="0" notRunnable="0" notExecuted="0" disconnected="0" warning="0" completed="0" inProgress="0" pending="0" />
  </ResultSummary>
  <TestDefinitions>
    <UnitTest name="deberia_poder_insertar_un_documento_en_la_base_con_numero_de_ticket" storage="c:\repositorios\fernandoassembla\sistemaweb\testviaticos\bin\debug\testviaticos.dll" id="d7dcf4df-b012-3cb2-f383-e4a465f466d1">
      <Execution id="28248d87-a692-46e7-8fd0-beb34b0c095f" />
      <TestMethod codeBase="C:/Repositorios/FernandoAssembla/SistemaWeb/TestViaticos/bin/Debug/TestViaticos.DLL" adapterTypeName="Microsoft.VisualStudio.TestTools.TestTypes.Unit.UnitTestAdapter, Microsoft.VisualStudio.QualityTools.Tips.UnitTest.Adapter, Version=10.0.0.0, Culture=neutral, PublicKeyToken=b03f5f7f11d50a3a" className="TestViaticos.TestRepositorioDocumentos, TestViaticos, Version=1.0.0.0, Culture=neutral, PublicKeyToken=null" name="deberia_poder_insertar_un_documento_en_la_base_con_numero_de_ticket" />
    </UnitTest>
    <UnitTest name="deberia_poder_obtener_los_alumnos_de_un_curso" storage="c:\repositorios\fernandoassembla\sistemaweb\testviaticos\bin\debug\testviaticos.dll" id="bb2f1794-72bc-c3ce-3c94-a7e6c21d4812">
      <Execution id="9685fe3f-85e4-422d-a037-90b8e1115270" />
      <TestMethod codeBase="C:/Repositorios/FernandoAssembla/SistemaWeb/TestViaticos/bin/Debug/TestViaticos.DLL" adapterTypeName="Microsoft.VisualStudio.TestTools.TestTypes.Unit.UnitTestAdapter, Microsoft.VisualStudio.QualityTools.Tips.UnitTest.Adapter, Version=10.0.0.0, Culture=neutral, PublicKeyToken=b03f5f7f11d50a3a" className="TestViaticos.TestRepositorioCursos, TestViaticos, Version=1.0.0.0, Culture=neutral, PublicKeyToken=null" name="deberia_poder_obtener_los_alumnos_de_un_curso" />
    </UnitTest>
    <UnitTest name="al_buscar_por_nombre_de_area_la_palabra_RRHH_deberia_traerme_el_area_cuyo_nombre_es_RRHH" storage="c:\repositorios\fernandoassembla\sistemaweb\testviaticos\bin\debug\testviaticos.dll" id="79a63e0f-ba0e-a5dc-0d5c-dc38d27e7aa1">
      <Execution id="3d105e92-1202-412d-9c2e-bbafd853ca76" />
      <TestMethod codeBase="C:/Repositorios/FernandoAssembla/SistemaWeb/TestViaticos/bin/Debug/TestViaticos.DLL" adapterTypeName="Microsoft.VisualStudio.TestTools.TestTypes.Unit.UnitTestAdapter, Microsoft.VisualStudio.QualityTools.Tips.UnitTest.Adapter, Version=10.0.0.0, Culture=neutral, PublicKeyToken=b03f5f7f11d50a3a" className="General.TestProtocolo, TestViaticos, Version=1.0.0.0, Culture=neutral, PublicKeyToken=null" name="al_buscar_por_nombre_de_area_la_palabra_RRHH_deberia_traerme_el_area_cuyo_nombre_es_RRHH" />
    </UnitTest>
    <UnitTest name="dado_b_quiero_c" storage="c:\repositorios\fernandoassembla\sistemaweb\testviaticos\bin\debug\testviaticos.dll" id="c5cbe3b9-5203-897f-6c97-10b52d6a9698">
      <Execution id="a5b693b3-bd10-4c9b-8dba-dcddbe669b92" />
      <TestMethod codeBase="C:/Repositorios/FernandoAssembla/SistemaWeb/TestViaticos/bin/Debug/TestViaticos.DLL" adapterTypeName="Microsoft.VisualStudio.TestTools.TestTypes.Unit.UnitTestAdapter, Microsoft.VisualStudio.QualityTools.Tips.UnitTest.Adapter, Version=10.0.0.0, Culture=neutral, PublicKeyToken=b03f5f7f11d50a3a" className="Tests.CodigoTareaTest, TestViaticos, Version=1.0.0.0, Culture=neutral, PublicKeyToken=null" name="dado_b_quiero_c" />
    </UnitTest>
    <UnitTest name="deberia_poder_validar_si_un_objeto_no_es_nulo" storage="c:\repositorios\fernandoassembla\sistemaweb\testviaticos\bin\debug\testviaticos.dll" id="82c21a02-0eaa-b33b-6618-e225964dbef2">
      <Execution id="e16dfe6e-49c7-415b-8db9-39380b68f4ff" />
      <TestMethod codeBase="C:/Repositorios/FernandoAssembla/SistemaWeb/TestViaticos/bin/Debug/TestViaticos.DLL" adapterTypeName="Microsoft.VisualStudio.TestTools.TestTypes.Unit.UnitTestAdapter, Microsoft.VisualStudio.QualityTools.Tips.UnitTest.Adapter, Version=10.0.0.0, Culture=neutral, PublicKeyToken=b03f5f7f11d50a3a" className="TestViaticos.TestValidador, TestViaticos, Version=1.0.0.0, Culture=neutral, PublicKeyToken=null" name="deberia_poder_validar_si_un_objeto_no_es_nulo" />
    </UnitTest>
    <UnitTest name="deberia_poder_actuailzar_un_documento" storage="c:\repositorios\fernandoassembla\sistemaweb\testviaticos\bin\debug\testviaticos.dll" id="42e7e5a9-27d6-1424-520a-64446a479ac2">
      <Execution id="b85ae394-5d5a-40cb-8feb-d729be93f94b" />
      <TestMethod codeBase="C:/Repositorios/FernandoAssembla/SistemaWeb/TestViaticos/bin/Debug/TestViaticos.DLL" adapterTypeName="Microsoft.VisualStudio.TestTools.TestTypes.Unit.UnitTestAdapter, Microsoft.VisualStudio.QualityTools.Tips.UnitTest.Adapter, Version=10.0.0.0, Culture=neutral, PublicKeyToken=b03f5f7f11d50a3a" className="TestViaticos.TestRepositorioDocumentos, TestViaticos, Version=1.0.0.0, Culture=neutral, PublicKeyToken=null" name="deberia_poder_actuailzar_un_documento" />
    </UnitTest>
    <UnitTest name="deberia_traer_4_viaticos" storage="c:\repositorios\fernandoassembla\sistemaweb\testviaticos\bin\debug\testviaticos.dll" id="57d98f0d-6038-69c7-9b96-75f22dd0e9dd">
      <Execution id="07ffcdce-8f34-4e7e-8bec-9dce994dd8b2" />
      <TestMethod codeBase="C:/Repositorios/FernandoAssembla/SistemaWeb/TestViaticos/bin/Debug/TestViaticos.DLL" adapterTypeName="Microsoft.VisualStudio.TestTools.TestTypes.Unit.UnitTestAdapter, Microsoft.VisualStudio.QualityTools.Tips.UnitTest.Adapter, Version=10.0.0.0, Culture=neutral, PublicKeyToken=b03f5f7f11d50a3a" className="TestViaticos.TestRepositorioDeViaticos, TestViaticos, Version=1.0.0.0, Culture=neutral, PublicKeyToken=null" name="deberia_traer_4_viaticos" />
    </UnitTest>
    <UnitTest name="dado_aazz_debe_ser_abaa" storage="c:\repositorios\fernandoassembla\sistemaweb\testviaticos\bin\debug\testviaticos.dll" id="bf34bac0-1211-e38d-1273-9a3107460eaa">
      <Execution id="37038ac1-c149-4f83-b023-50cef0d520a0" />
      <TestMethod codeBase="C:/Repositorios/FernandoAssembla/SistemaWeb/TestViaticos/bin/Debug/TestViaticos.DLL" adapterTypeName="Microsoft.VisualStudio.TestTools.TestTypes.Unit.UnitTestAdapter, Microsoft.VisualStudio.QualityTools.Tips.UnitTest.Adapter, Version=10.0.0.0, Culture=neutral, PublicKeyToken=b03f5f7f11d50a3a" className="Tests.CodigoTareaTest, TestViaticos, Version=1.0.0.0, Culture=neutral, PublicKeyToken=null" name="dado_aazz_debe_ser_abaa" />
    </UnitTest>
    <UnitTest name="deberia_poder_conocer_los_dias_de_cursada_de_un_curso_para_un_mes" storage="c:\repositorios\fernandoassembla\sistemaweb\testviaticos\bin\debug\testviaticos.dll" id="07c6ae9a-6a82-fa4b-680a-96e32253ef51">
      <Execution id="4103726c-e339-4a18-98fa-8138d4f08639" />
      <TestMethod codeBase="C:/Repositorios/FernandoAssembla/SistemaWeb/TestViaticos/bin/Debug/TestViaticos.DLL" adapterTypeName="Microsoft.VisualStudio.TestTools.TestTypes.Unit.UnitTestAdapter, Microsoft.VisualStudio.QualityTools.Tips.UnitTest.Adapter, Version=10.0.0.0, Culture=neutral, PublicKeyToken=b03f5f7f11d50a3a" className="TestViaticos.TestPlanillaMensual, TestViaticos, Version=1.0.0.0, Culture=neutral, PublicKeyToken=null" name="deberia_poder_conocer_los_dias_de_cursada_de_un_curso_para_un_mes" />
    </UnitTest>
    <UnitTest name="dado_1_quiero_2" storage="c:\repositorios\fernandoassembla\sistemaweb\testviaticos\bin\debug\testviaticos.dll" id="dfede4a0-4add-37a3-8cce-099c64499527">
      <Execution id="bc7f39bc-7b79-4a89-93d3-0e7db1636a6a" />
      <TestMethod codeBase="C:/Repositorios/FernandoAssembla/SistemaWeb/TestViaticos/bin/Debug/TestViaticos.DLL" adapterTypeName="Microsoft.VisualStudio.TestTools.TestTypes.Unit.UnitTestAdapter, Microsoft.VisualStudio.QualityTools.Tips.UnitTest.Adapter, Version=10.0.0.0, Culture=neutral, PublicKeyToken=b03f5f7f11d50a3a" className="Tests.CodigoTareaTest, TestViaticos, Version=1.0.0.0, Culture=neutral, PublicKeyToken=null" name="dado_1_quiero_2" />
    </UnitTest>
    <UnitTest name="deberia_crear_una_tabla_con_id_y_un_valor_99" storage="c:\repositorios\fernandoassembla\sistemaweb\testviaticos\bin\debug\testviaticos.dll" id="363f19a2-0f65-4da3-ffe2-9ae3bd940a9f">
      <Execution id="63ca4e56-6b62-4eff-9716-66dc1226655b" />
      <TestMethod codeBase="C:/Repositorios/FernandoAssembla/SistemaWeb/TestViaticos/bin/Debug/TestViaticos.DLL" adapterTypeName="Microsoft.VisualStudio.TestTools.TestTypes.Unit.UnitTestAdapter, Microsoft.VisualStudio.QualityTools.Tips.UnitTest.Adapter, Version=10.0.0.0, Culture=neutral, PublicKeyToken=b03f5f7f11d50a3a" className="TestViaticos.TestTablasFake, TestViaticos, Version=1.0.0.0, Culture=neutral, PublicKeyToken=null" name="deberia_crear_una_tabla_con_id_y_un_valor_99" />
    </UnitTest>
    <UnitTest name="dado_un_curso_que_se_cursa_todos_los_jueves_cuando_le_pregunto_por_las_fechas_en_que_hay_que_asistir_durante_enero_de_2013_debe_contestar_5" storage="c:\repositorios\fernandoassembla\sistemaweb\testviaticos\bin\debug\testviaticos.dll" id="e6bad939-5185-804d-09f5-03d6b8675f35">
      <Execution id="5ad31722-3bca-487b-8882-e1f2f76038e7" />
      <TestMethod codeBase="C:/Repositorios/FernandoAssembla/SistemaWeb/TestViaticos/bin/Debug/TestViaticos.DLL" adapterTypeName="Microsoft.VisualStudio.TestTools.TestTypes.Unit.UnitTestAdapter, Microsoft.VisualStudio.QualityTools.Tips.UnitTest.Adapter, Version=10.0.0.0, Culture=neutral, PublicKeyToken=b03f5f7f11d50a3a" className="TestViaticos.TestCalendarioDeCurso, TestViaticos, Version=1.0.0.0, Culture=neutral, PublicKeyToken=null" name="dado_un_curso_que_se_cursa_todos_los_jueves_cuando_le_pregunto_por_las_fechas_en_que_hay_que_asistir_durante_enero_de_2013_debe_contestar_5" />
    </UnitTest>
    <UnitTest name="TestGetZonas" storage="c:\repositorios\fernandoassembla\sistemaweb\testviaticos\bin\debug\testviaticos.dll" id="cd0a2e1f-d61d-9cba-b24e-96406e906f5d">
      <Execution id="22698b60-b069-4d76-bca4-1dd387086c76" />
      <TestMethod codeBase="C:/Repositorios/FernandoAssembla/SistemaWeb/TestViaticos/bin/Debug/TestViaticos.DLL" adapterTypeName="Microsoft.VisualStudio.TestTools.TestTypes.Unit.UnitTestAdapter, Microsoft.VisualStudio.QualityTools.Tips.UnitTest.Adapter, Version=10.0.0.0, Culture=neutral, PublicKeyToken=b03f5f7f11d50a3a" className="TestViaticos.TestRepositorioZonas, TestViaticos, Version=1.0.0.0, Culture=neutral, PublicKeyToken=null" name="TestGetZonas" />
    </UnitTest>
    <UnitTest name="al_buscar_por_nombre_de_numero_de_documento_y_fechas_desde_y_hasta_y_extractor_de_un_documento_debe_traer_todos_los_documentos_que_cumplen_con_ello" storage="c:\repositorios\fernandoassembla\sistemaweb\testviaticos\bin\debug\testviaticos.dll" id="28e44ed2-999e-ae33-8ffa-098a92182010">
      <Execution id="e7e74c56-74ba-45ad-b696-a1673857dc56" />
      <TestMethod codeBase="C:/Repositorios/FernandoAssembla/SistemaWeb/TestViaticos/bin/Debug/TestViaticos.DLL" adapterTypeName="Microsoft.VisualStudio.TestTools.TestTypes.Unit.UnitTestAdapter, Microsoft.VisualStudio.QualityTools.Tips.UnitTest.Adapter, Version=10.0.0.0, Culture=neutral, PublicKeyToken=b03f5f7f11d50a3a" className="General.TestFiltroSiCoI, TestViaticos, Version=1.0.0.0, Culture=neutral, PublicKeyToken=null" name="al_buscar_por_nombre_de_numero_de_documento_y_fechas_desde_y_hasta_y_extractor_de_un_documento_debe_traer_todos_los_documentos_que_cumplen_con_ello" />
    </UnitTest>
    <UnitTest name="deberia_devolver_region_METRO_con_BuenosAires_con_una_localidad" storage="c:\repositorios\fernandoassembla\sistemaweb\testviaticos\bin\debug\testviaticos.dll" id="1bbef477-4f31-cfec-a6a8-6e1b0892c5f9">
      <Execution id="6d0c7628-5475-4f76-9ed9-0e2a3821847b" />
      <TestMethod codeBase="C:/Repositorios/FernandoAssembla/SistemaWeb/TestViaticos/bin/Debug/TestViaticos.DLL" adapterTypeName="Microsoft.VisualStudio.TestTools.TestTypes.Unit.UnitTestAdapter, Microsoft.VisualStudio.QualityTools.Tips.UnitTest.Adapter, Version=10.0.0.0, Culture=neutral, PublicKeyToken=b03f5f7f11d50a3a" className="TestViaticos.TestRepositorioZonas, TestViaticos, Version=1.0.0.0, Culture=neutral, PublicKeyToken=null" name="deberia_devolver_region_METRO_con_BuenosAires_con_una_localidad" />
    </UnitTest>
    <UnitTest name="el_repositorio_deberia_crear_una_mensajeria_con_sus_transiciones" storage="c:\repositorios\fernandoassembla\sistemaweb\testviaticos\bin\debug\testviaticos.dll" id="76c47d34-63a4-0479-90e7-a8d089e0dd93">
      <Execution id="69b46cc5-e418-4ad8-a3dc-10317e91e099" />
      <TestMethod codeBase="C:/Repositorios/FernandoAssembla/SistemaWeb/TestViaticos/bin/Debug/TestViaticos.DLL" adapterTypeName="Microsoft.VisualStudio.TestTools.TestTypes.Unit.UnitTestAdapter, Microsoft.VisualStudio.QualityTools.Tips.UnitTest.Adapter, Version=10.0.0.0, Culture=neutral, PublicKeyToken=b03f5f7f11d50a3a" className="TestViaticos.TestMensajeria, TestViaticos, Version=1.0.0.0, Culture=neutral, PublicKeyToken=null" name="el_repositorio_deberia_crear_una_mensajeria_con_sus_transiciones" />
    </UnitTest>
    <UnitTest name="deberia_devolver_una_fecha" storage="c:\repositorios\fernandoassembla\sistemaweb\testviaticos\bin\debug\testviaticos.dll" id="4793d588-4a8f-7915-87f2-c97c11507ad4">
      <Execution id="da014461-d2ad-4e38-8c3e-751a33b69bb6" />
      <TestMethod codeBase="C:/Repositorios/FernandoAssembla/SistemaWeb/TestViaticos/bin/Debug/TestViaticos.DLL" adapterTypeName="Microsoft.VisualStudio.TestTools.TestTypes.Unit.UnitTestAdapter, Microsoft.VisualStudio.QualityTools.Tips.UnitTest.Adapter, Version=10.0.0.0, Culture=neutral, PublicKeyToken=b03f5f7f11d50a3a" className="TestViaticos.TestTablasFake, TestViaticos, Version=1.0.0.0, Culture=neutral, PublicKeyToken=null" name="deberia_devolver_una_fecha" />
    </UnitTest>
    <UnitTest name="al_buscar_en_una_lista_de_áreas_un_email_devuelve_todos_las_áreas_cuyo_email_de_asistente_o_responsable_o_area_contiene_el_texto_buscado" storage="c:\repositorios\fernandoassembla\sistemaweb\testviaticos\bin\debug\testviaticos.dll" id="43bddf17-fba3-4d54-a157-cfcf7797ee39">
      <Execution id="77bd2fc3-e1f9-47fe-90b7-5ee6265b43a1" />
      <TestMethod codeBase="C:/Repositorios/FernandoAssembla/SistemaWeb/TestViaticos/bin/Debug/TestViaticos.DLL" adapterTypeName="Microsoft.VisualStudio.TestTools.TestTypes.Unit.UnitTestAdapter, Microsoft.VisualStudio.QualityTools.Tips.UnitTest.Adapter, Version=10.0.0.0, Culture=neutral, PublicKeyToken=b03f5f7f11d50a3a" className="General.TestProtocolo, TestViaticos, Version=1.0.0.0, Culture=neutral, PublicKeyToken=null" name="al_buscar_en_una_lista_de_áreas_un_email_devuelve_todos_las_áreas_cuyo_email_de_asistente_o_responsable_o_area_contiene_el_texto_buscado" />
    </UnitTest>
    <UnitTest name="el_circuito_deberia_por_default_subir_por_el_organigrama_a_menos_que_haya_una_excepcion" storage="c:\repositorios\fernandoassembla\sistemaweb\testviaticos\bin\debug\testviaticos.dll" id="43da4eae-d92c-9ac3-0f26-5e5600a67e90">
      <Execution id="fde4a53a-99a0-41a9-b222-bee03a522752" />
      <TestMethod codeBase="C:/Repositorios/FernandoAssembla/SistemaWeb/TestViaticos/bin/Debug/TestViaticos.DLL" adapterTypeName="Microsoft.VisualStudio.TestTools.TestTypes.Unit.UnitTestAdapter, Microsoft.VisualStudio.QualityTools.Tips.UnitTest.Adapter, Version=10.0.0.0, Culture=neutral, PublicKeyToken=b03f5f7f11d50a3a" className="TestViaticos.TestCircuitoDeViatico, TestViaticos, Version=1.0.0.0, Culture=neutral, PublicKeyToken=null" name="el_circuito_deberia_por_default_subir_por_el_organigrama_a_menos_que_haya_una_excepcion" />
    </UnitTest>
    <UnitTest name="al_buscar_por_reponsable_de_area_a_Miranda_debe_traer_dos_areas_una_con_responsable_cuyo_nombre_es_Miranda_y_otra_area_cuyo_apellido_de_responsable_es_también_Miranda" storage="c:\repositorios\fernandoassembla\sistemaweb\testviaticos\bin\debug\testviaticos.dll" id="eaffb742-992c-e34c-dbe5-be3438e36b95">
      <Execution id="1ee0a9d3-aa40-435a-abc2-c5240df10d62" />
      <TestMethod codeBase="C:/Repositorios/FernandoAssembla/SistemaWeb/TestViaticos/bin/Debug/TestViaticos.DLL" adapterTypeName="Microsoft.VisualStudio.TestTools.TestTypes.Unit.UnitTestAdapter, Microsoft.VisualStudio.QualityTools.Tips.UnitTest.Adapter, Version=10.0.0.0, Culture=neutral, PublicKeyToken=b03f5f7f11d50a3a" className="General.TestProtocolo, TestViaticos, Version=1.0.0.0, Culture=neutral, PublicKeyToken=null" name="al_buscar_por_reponsable_de_area_a_Miranda_debe_traer_dos_areas_una_con_responsable_cuyo_nombre_es_Miranda_y_otra_area_cuyo_apellido_de_responsable_es_también_Miranda" />
    </UnitTest>
    <UnitTest name="no_deberia_poder_cargar_una_inasistencia_si_el_dia_no_era_cursable" storage="c:\repositorios\fernandoassembla\sistemaweb\testviaticos\bin\debug\testviaticos.dll" id="bbbb69a9-ef38-b5dc-de66-8e150133f998">
      <Execution id="a145e353-454d-40e8-98ae-73b5675eaacb" />
      <TestMethod codeBase="C:/Repositorios/FernandoAssembla/SistemaWeb/TestViaticos/bin/Debug/TestViaticos.DLL" adapterTypeName="Microsoft.VisualStudio.TestTools.TestTypes.Unit.UnitTestAdapter, Microsoft.VisualStudio.QualityTools.Tips.UnitTest.Adapter, Version=10.0.0.0, Culture=neutral, PublicKeyToken=b03f5f7f11d50a3a" className="TestViaticos.TestPlanillaMensual, TestViaticos, Version=1.0.0.0, Culture=neutral, PublicKeyToken=null" name="no_deberia_poder_cargar_una_inasistencia_si_el_dia_no_era_cursable" />
    </UnitTest>
    <UnitTest name="al_preguntarle_en_que_area_esta_un_documeto_deberia_decirme_" storage="c:\repositorios\fernandoassembla\sistemaweb\testviaticos\bin\debug\testviaticos.dll" id="5188b3d7-a77a-3054-7bc5-b06591dc325c">
      <Execution id="a5e84a9b-fa70-4a9a-b8e3-062f524c22a2" />
      <TestMethod codeBase="C:/Repositorios/FernandoAssembla/SistemaWeb/TestViaticos/bin/Debug/TestViaticos.DLL" adapterTypeName="Microsoft.VisualStudio.TestTools.TestTypes.Unit.UnitTestAdapter, Microsoft.VisualStudio.QualityTools.Tips.UnitTest.Adapter, Version=10.0.0.0, Culture=neutral, PublicKeyToken=b03f5f7f11d50a3a" className="TestViaticos.TestMensajeria, TestViaticos, Version=1.0.0.0, Culture=neutral, PublicKeyToken=null" name="al_preguntarle_en_que_area_esta_un_documeto_deberia_decirme_" />
    </UnitTest>
    <UnitTest name="no_deberia_permitir_pasarse_de_zzz999" storage="c:\repositorios\fernandoassembla\sistemaweb\testviaticos\bin\debug\testviaticos.dll" id="c6c229fe-82f0-9917-4112-b9f4fc6d4ce9">
      <Execution id="36b2120c-e0d2-4107-a91c-18f58e58384e" />
      <TestMethod codeBase="C:/Repositorios/FernandoAssembla/SistemaWeb/TestViaticos/bin/Debug/TestViaticos.DLL" adapterTypeName="Microsoft.VisualStudio.TestTools.TestTypes.Unit.UnitTestAdapter, Microsoft.VisualStudio.QualityTools.Tips.UnitTest.Adapter, Version=10.0.0.0, Culture=neutral, PublicKeyToken=b03f5f7f11d50a3a" className="Tests.CodigoTareaTest, TestViaticos, Version=1.0.0.0, Culture=neutral, PublicKeyToken=null" name="no_deberia_permitir_pasarse_de_zzz999" />
    </UnitTest>
    <UnitTest name="deberia_devolver_los_saltos_por_excepcion" storage="c:\repositorios\fernandoassembla\sistemaweb\testviaticos\bin\debug\testviaticos.dll" id="73696332-8582-b3f8-3487-a0e8978d60e1">
      <Execution id="219f0e72-f4b7-4bd8-bb05-54c8c6b89acd" />
      <TestMethod codeBase="C:/Repositorios/FernandoAssembla/SistemaWeb/TestViaticos/bin/Debug/TestViaticos.DLL" adapterTypeName="Microsoft.VisualStudio.TestTools.TestTypes.Unit.UnitTestAdapter, Microsoft.VisualStudio.QualityTools.Tips.UnitTest.Adapter, Version=10.0.0.0, Culture=neutral, PublicKeyToken=b03f5f7f11d50a3a" className="TestViaticos.TestRepositorioOrganigramas, TestViaticos, Version=1.0.0.0, Culture=neutral, PublicKeyToken=null" name="deberia_devolver_los_saltos_por_excepcion" />
    </UnitTest>
    <UnitTest name="deberia_poder_validar_si_un_id_no_es_valido" storage="c:\repositorios\fernandoassembla\sistemaweb\testviaticos\bin\debug\testviaticos.dll" id="96fb1f26-cf56-3c03-ade6-884985acd8d7">
      <Execution id="389429e2-d6c9-4fac-aa38-1c8a1006f884" />
      <TestMethod codeBase="C:/Repositorios/FernandoAssembla/SistemaWeb/TestViaticos/bin/Debug/TestViaticos.DLL" adapterTypeName="Microsoft.VisualStudio.TestTools.TestTypes.Unit.UnitTestAdapter, Microsoft.VisualStudio.QualityTools.Tips.UnitTest.Adapter, Version=10.0.0.0, Culture=neutral, PublicKeyToken=b03f5f7f11d50a3a" className="TestViaticos.TestValidador, TestViaticos, Version=1.0.0.0, Culture=neutral, PublicKeyToken=null" name="deberia_poder_validar_si_un_id_no_es_valido" />
    </UnitTest>
    <UnitTest name="mensajeria_deberia_enviar_documento" storage="c:\repositorios\fernandoassembla\sistemaweb\testviaticos\bin\debug\testviaticos.dll" id="b8bd6fa3-7b0e-dbc4-d1ea-17a66d88e614">
      <Execution id="5a6121ea-5040-4a46-a26c-9243d63981d9" />
      <TestMethod codeBase="C:/Repositorios/FernandoAssembla/SistemaWeb/TestViaticos/bin/Debug/TestViaticos.DLL" adapterTypeName="Microsoft.VisualStudio.TestTools.TestTypes.Unit.UnitTestAdapter, Microsoft.VisualStudio.QualityTools.Tips.UnitTest.Adapter, Version=10.0.0.0, Culture=neutral, PublicKeyToken=b03f5f7f11d50a3a" className="TestViaticos.TestMensajeria, TestViaticos, Version=1.0.0.0, Culture=neutral, PublicKeyToken=null" name="mensajeria_deberia_enviar_documento" />
    </UnitTest>
    <UnitTest name="deberia_poder_decirle_a_un_repositorio_que_use_una_conexion_que_devuelve_un_organigrama_simple" storage="c:\repositorios\fernandoassembla\sistemaweb\testviaticos\bin\debug\testviaticos.dll" id="8f23a447-15d5-92c8-a4fb-7722c21b1c07">
      <Execution id="e42f09be-71c0-442d-ae8e-37a9ccae982f" />
      <TestMethod codeBase="C:/Repositorios/FernandoAssembla/SistemaWeb/TestViaticos/bin/Debug/TestViaticos.DLL" adapterTypeName="Microsoft.VisualStudio.TestTools.TestTypes.Unit.UnitTestAdapter, Microsoft.VisualStudio.QualityTools.Tips.UnitTest.Adapter, Version=10.0.0.0, Culture=neutral, PublicKeyToken=b03f5f7f11d50a3a" className="TestViaticos.TestRepositorioOrganigramas, TestViaticos, Version=1.0.0.0, Culture=neutral, PublicKeyToken=null" name="deberia_poder_decirle_a_un_repositorio_que_use_una_conexion_que_devuelve_un_organigrama_simple" />
    </UnitTest>
    <UnitTest name="al_buscar_en_una_lista_de_áreas_por_Asistentes_de_área_a_María_debe_traer_el_area_de_RRHH_donde_María_es_secretaria" storage="c:\repositorios\fernandoassembla\sistemaweb\testviaticos\bin\debug\testviaticos.dll" id="39ba617e-74b7-ac1c-65b2-4df024e2d4e4">
      <Execution id="cf3a84eb-43db-4d60-aa74-6f0988965435" />
      <TestMethod codeBase="C:/Repositorios/FernandoAssembla/SistemaWeb/TestViaticos/bin/Debug/TestViaticos.DLL" adapterTypeName="Microsoft.VisualStudio.TestTools.TestTypes.Unit.UnitTestAdapter, Microsoft.VisualStudio.QualityTools.Tips.UnitTest.Adapter, Version=10.0.0.0, Culture=neutral, PublicKeyToken=b03f5f7f11d50a3a" className="General.TestProtocolo, TestViaticos, Version=1.0.0.0, Culture=neutral, PublicKeyToken=null" name="al_buscar_en_una_lista_de_áreas_por_Asistentes_de_área_a_María_debe_traer_el_area_de_RRHH_donde_María_es_secretaria" />
    </UnitTest>
    <UnitTest name="deberia_devolver_la_zona_Metro_con_una_localidad_y_la_zona_Patagonia_con_una_localidad" storage="c:\repositorios\fernandoassembla\sistemaweb\testviaticos\bin\debug\testviaticos.dll" id="60936b2d-9f38-488c-d3bd-319a17b5f6ba">
      <Execution id="0c8cd361-ee11-44a8-bd82-b763d5d73dc2" />
      <TestMethod codeBase="C:/Repositorios/FernandoAssembla/SistemaWeb/TestViaticos/bin/Debug/TestViaticos.DLL" adapterTypeName="Microsoft.VisualStudio.TestTools.TestTypes.Unit.UnitTestAdapter, Microsoft.VisualStudio.QualityTools.Tips.UnitTest.Adapter, Version=10.0.0.0, Culture=neutral, PublicKeyToken=b03f5f7f11d50a3a" className="TestViaticos.TestRepositorioZonas, TestViaticos, Version=1.0.0.0, Culture=neutral, PublicKeyToken=null" name="deberia_devolver_la_zona_Metro_con_una_localidad_y_la_zona_Patagonia_con_una_localidad" />
    </UnitTest>
    <UnitTest name="no_se_debe_permitir_crear_un_organigrama_donde_las_areas_y_las_dependencias_son_vacias" storage="c:\repositorios\fernandoassembla\sistemaweb\testviaticos\bin\debug\testviaticos.dll" id="22fef842-2be2-549e-28ca-decc4b2f83c4">
      <Execution id="8dfd8d12-eec3-4e5e-99c3-ac1841667d04" />
      <TestMethod codeBase="C:/Repositorios/FernandoAssembla/SistemaWeb/TestViaticos/bin/Debug/TestViaticos.DLL" adapterTypeName="Microsoft.VisualStudio.TestTools.TestTypes.Unit.UnitTestAdapter, Microsoft.VisualStudio.QualityTools.Tips.UnitTest.Adapter, Version=10.0.0.0, Culture=neutral, PublicKeyToken=b03f5f7f11d50a3a" className="TestViaticos.TestOrganigrama, TestViaticos, Version=1.0.0.0, Culture=neutral, PublicKeyToken=null" name="no_se_debe_permitir_crear_un_organigrama_donde_las_areas_y_las_dependencias_son_vacias" />
    </UnitTest>
    <UnitTest name="al_solicitarle_todas_las_areas_inferiores_de_marta_deberia_traerme_faby_yfabyB" storage="c:\repositorios\fernandoassembla\sistemaweb\testviaticos\bin\debug\testviaticos.dll" id="225e3e53-1987-0065-f209-06ded52d42cd">
      <Execution id="e06621d7-f746-49ac-a96f-1d8a0a2b1bec" />
      <TestMethod codeBase="C:/Repositorios/FernandoAssembla/SistemaWeb/TestViaticos/bin/Debug/TestViaticos.DLL" adapterTypeName="Microsoft.VisualStudio.TestTools.TestTypes.Unit.UnitTestAdapter, Microsoft.VisualStudio.QualityTools.Tips.UnitTest.Adapter, Version=10.0.0.0, Culture=neutral, PublicKeyToken=b03f5f7f11d50a3a" className="TestViaticos.TestOrganigrama, TestViaticos, Version=1.0.0.0, Culture=neutral, PublicKeyToken=null" name="al_solicitarle_todas_las_areas_inferiores_de_marta_deberia_traerme_faby_yfabyB" />
    </UnitTest>
    <UnitTest name="al_buscar_por_una_palabra_del_extracto_del_documento_debe_traer_todos_los_documentos_que_cumplen_con_ello" storage="c:\repositorios\fernandoassembla\sistemaweb\testviaticos\bin\debug\testviaticos.dll" id="cff26abc-fddb-ef75-0bf4-49cf50880ca7">
      <Execution id="d737971e-84f1-4d5f-bb12-90e37cf8f8f2" />
      <TestMethod codeBase="C:/Repositorios/FernandoAssembla/SistemaWeb/TestViaticos/bin/Debug/TestViaticos.DLL" adapterTypeName="Microsoft.VisualStudio.TestTools.TestTypes.Unit.UnitTestAdapter, Microsoft.VisualStudio.QualityTools.Tips.UnitTest.Adapter, Version=10.0.0.0, Culture=neutral, PublicKeyToken=b03f5f7f11d50a3a" className="General.TestFiltroSiCoI, TestViaticos, Version=1.0.0.0, Culture=neutral, PublicKeyToken=null" name="al_buscar_por_una_palabra_del_extracto_del_documento_debe_traer_todos_los_documentos_que_cumplen_con_ello" />
    </UnitTest>
    <UnitTest name="deberia_poder_guardar_un_nuevo_viatico_en_el_repositorio_de_viaticos_y_que_se_le_asigne_un_id" storage="c:\repositorios\fernandoassembla\sistemaweb\testviaticos\bin\debug\testviaticos.dll" id="e4a0643c-ded2-0a34-7284-5a78ff072139">
      <Execution id="cfa3faa2-d906-4072-9e9c-de1831c0d9d4" />
      <TestMethod codeBase="C:/Repositorios/FernandoAssembla/SistemaWeb/TestViaticos/bin/Debug/TestViaticos.DLL" adapterTypeName="Microsoft.VisualStudio.TestTools.TestTypes.Unit.UnitTestAdapter, Microsoft.VisualStudio.QualityTools.Tips.UnitTest.Adapter, Version=10.0.0.0, Culture=neutral, PublicKeyToken=b03f5f7f11d50a3a" className="TestViaticos.TestRepositorioDeViaticos, TestViaticos, Version=1.0.0.0, Culture=neutral, PublicKeyToken=null" name="deberia_poder_guardar_un_nuevo_viatico_en_el_repositorio_de_viaticos_y_que_se_le_asigne_un_id" />
    </UnitTest>
    <UnitTest name="deberia_poder_crear_un_checkbox_con_id_segun_la_entidad" storage="c:\repositorios\fernandoassembla\sistemaweb\testviaticos\bin\debug\testviaticos.dll" id="2d0a6e94-8989-8cc3-e286-44dd8a2f688e">
      <Execution id="a7eba9bc-5abc-4efd-8f5b-be4376b04aa1" />
      <TestMethod codeBase="C:/Repositorios/FernandoAssembla/SistemaWeb/TestViaticos/bin/Debug/TestViaticos.DLL" adapterTypeName="Microsoft.VisualStudio.TestTools.TestTypes.Unit.UnitTestAdapter, Microsoft.VisualStudio.QualityTools.Tips.UnitTest.Adapter, Version=10.0.0.0, Culture=neutral, PublicKeyToken=b03f5f7f11d50a3a" className="WebRhUITestNew.ControladorDeWebControlsTest, TestViaticos, Version=1.0.0.0, Culture=neutral, PublicKeyToken=null" name="deberia_poder_crear_un_checkbox_con_id_segun_la_entidad" />
    </UnitTest>
    <UnitTest name="deberia_devolver_la_zona_Metro_con_dos_provincias_diferentes" storage="c:\repositorios\fernandoassembla\sistemaweb\testviaticos\bin\debug\testviaticos.dll" id="18a1cd9e-1ae4-3656-14a0-ac543707a055">
      <Execution id="f31ab613-ac7c-4884-ac6c-9ab628e5fb40" />
      <TestMethod codeBase="C:/Repositorios/FernandoAssembla/SistemaWeb/TestViaticos/bin/Debug/TestViaticos.DLL" adapterTypeName="Microsoft.VisualStudio.TestTools.TestTypes.Unit.UnitTestAdapter, Microsoft.VisualStudio.QualityTools.Tips.UnitTest.Adapter, Version=10.0.0.0, Culture=neutral, PublicKeyToken=b03f5f7f11d50a3a" className="TestViaticos.TestRepositorioZonas, TestViaticos, Version=1.0.0.0, Culture=neutral, PublicKeyToken=null" name="deberia_devolver_la_zona_Metro_con_dos_provincias_diferentes" />
    </UnitTest>
    <UnitTest name="deberia_poder_obtener_el_string_de_un_chekbox" storage="c:\repositorios\fernandoassembla\sistemaweb\testviaticos\bin\debug\testviaticos.dll" id="d4034162-71c0-cb22-9a98-76a42e56e55e">
      <Execution id="3632432b-5baa-4a2e-bfc6-90ef2adf8814" />
      <TestMethod codeBase="C:/Repositorios/FernandoAssembla/SistemaWeb/TestViaticos/bin/Debug/TestViaticos.DLL" adapterTypeName="Microsoft.VisualStudio.TestTools.TestTypes.Unit.UnitTestAdapter, Microsoft.VisualStudio.QualityTools.Tips.UnitTest.Adapter, Version=10.0.0.0, Culture=neutral, PublicKeyToken=b03f5f7f11d50a3a" className="WebRhUITestNew.ControladorDeWebControlsTest, TestViaticos, Version=1.0.0.0, Culture=neutral, PublicKeyToken=null" name="deberia_poder_obtener_el_string_de_un_chekbox" />
    </UnitTest>
    <UnitTest name="dado_a_quiero_b" storage="c:\repositorios\fernandoassembla\sistemaweb\testviaticos\bin\debug\testviaticos.dll" id="27563a31-6c9c-c1b2-7c6f-cfbc88311e88">
      <Execution id="8d1c80fe-48bb-4c1e-8239-50469dc4fefc" />
      <TestMethod codeBase="C:/Repositorios/FernandoAssembla/SistemaWeb/TestViaticos/bin/Debug/TestViaticos.DLL" adapterTypeName="Microsoft.VisualStudio.TestTools.TestTypes.Unit.UnitTestAdapter, Microsoft.VisualStudio.QualityTools.Tips.UnitTest.Adapter, Version=10.0.0.0, Culture=neutral, PublicKeyToken=b03f5f7f11d50a3a" className="Tests.CodigoTareaTest, TestViaticos, Version=1.0.0.0, Culture=neutral, PublicKeyToken=null" name="dado_a_quiero_b" />
    </UnitTest>
    <UnitTest name="dado_az_quiero_ba" storage="c:\repositorios\fernandoassembla\sistemaweb\testviaticos\bin\debug\testviaticos.dll" id="e9aa986f-7293-c98f-9d6b-6050f52118de">
      <Execution id="f62eb114-108b-48f7-871e-153359480476" />
      <TestMethod codeBase="C:/Repositorios/FernandoAssembla/SistemaWeb/TestViaticos/bin/Debug/TestViaticos.DLL" adapterTypeName="Microsoft.VisualStudio.TestTools.TestTypes.Unit.UnitTestAdapter, Microsoft.VisualStudio.QualityTools.Tips.UnitTest.Adapter, Version=10.0.0.0, Culture=neutral, PublicKeyToken=b03f5f7f11d50a3a" className="Tests.CodigoTareaTest, TestViaticos, Version=1.0.0.0, Culture=neutral, PublicKeyToken=null" name="dado_az_quiero_ba" />
    </UnitTest>
    <UnitTest name="dado_un_area_quiero_obtener_todos_los_asistentes_y_sus_datos_de_contacto" storage="c:\repositorios\fernandoassembla\sistemaweb\testviaticos\bin\debug\testviaticos.dll" id="6892221f-5432-520c-a667-6f10f84f4898">
      <Execution id="74c0cbc5-81a4-4f6f-a019-57af79cef71e" />
      <TestMethod codeBase="C:/Repositorios/FernandoAssembla/SistemaWeb/TestViaticos/bin/Debug/TestViaticos.DLL" adapterTypeName="Microsoft.VisualStudio.TestTools.TestTypes.Unit.UnitTestAdapter, Microsoft.VisualStudio.QualityTools.Tips.UnitTest.Adapter, Version=10.0.0.0, Culture=neutral, PublicKeyToken=b03f5f7f11d50a3a" className="General.TestUsuarios, TestViaticos, Version=1.0.0.0, Culture=neutral, PublicKeyToken=null" name="dado_un_area_quiero_obtener_todos_los_asistentes_y_sus_datos_de_contacto" />
    </UnitTest>
    <UnitTest name="el_circuito_deberia_por_default_subir_por_el_organigrama" storage="c:\repositorios\fernandoassembla\sistemaweb\testviaticos\bin\debug\testviaticos.dll" id="77c82c9f-520d-04a5-8c33-19a0d6332eaa">
      <Execution id="2cfd31e4-5eed-4cdf-acfd-613fa17c8886" />
      <TestMethod codeBase="C:/Repositorios/FernandoAssembla/SistemaWeb/TestViaticos/bin/Debug/TestViaticos.DLL" adapterTypeName="Microsoft.VisualStudio.TestTools.TestTypes.Unit.UnitTestAdapter, Microsoft.VisualStudio.QualityTools.Tips.UnitTest.Adapter, Version=10.0.0.0, Culture=neutral, PublicKeyToken=b03f5f7f11d50a3a" className="TestViaticos.TestCircuitoDeViatico, TestViaticos, Version=1.0.0.0, Culture=neutral, PublicKeyToken=null" name="el_circuito_deberia_por_default_subir_por_el_organigrama" />
    </UnitTest>
    <UnitTest name="no_deberia_permitir_pasarse_de_9" storage="c:\repositorios\fernandoassembla\sistemaweb\testviaticos\bin\debug\testviaticos.dll" id="c40af560-ccd4-15d1-681a-d268a1e88a1c">
      <Execution id="33857734-a6ac-41de-952f-4cdac48c630d" />
      <TestMethod codeBase="C:/Repositorios/FernandoAssembla/SistemaWeb/TestViaticos/bin/Debug/TestViaticos.DLL" adapterTypeName="Microsoft.VisualStudio.TestTools.TestTypes.Unit.UnitTestAdapter, Microsoft.VisualStudio.QualityTools.Tips.UnitTest.Adapter, Version=10.0.0.0, Culture=neutral, PublicKeyToken=b03f5f7f11d50a3a" className="Tests.CodigoTareaTest, TestViaticos, Version=1.0.0.0, Culture=neutral, PublicKeyToken=null" name="no_deberia_permitir_pasarse_de_9" />
    </UnitTest>
    <UnitTest name="deberia_devolver_region_METRO_con_BuenosAires_con_una_localidad_con_id_4" storage="c:\repositorios\fernandoassembla\sistemaweb\testviaticos\bin\debug\testviaticos.dll" id="b0dad42f-cacf-b7c8-3bc2-1641e13c9caa">
      <Execution id="af47b316-f4fc-4bfc-b4ae-825b98d22fc0" />
      <TestMethod codeBase="C:/Repositorios/FernandoAssembla/SistemaWeb/TestViaticos/bin/Debug/TestViaticos.DLL" adapterTypeName="Microsoft.VisualStudio.TestTools.TestTypes.Unit.UnitTestAdapter, Microsoft.VisualStudio.QualityTools.Tips.UnitTest.Adapter, Version=10.0.0.0, Culture=neutral, PublicKeyToken=b03f5f7f11d50a3a" className="TestViaticos.TestRepositorioZonas, TestViaticos, Version=1.0.0.0, Culture=neutral, PublicKeyToken=null" name="deberia_devolver_region_METRO_con_BuenosAires_con_una_localidad_con_id_4" />
    </UnitTest>
    <UnitTest name="deberia_poder_generar_una_planilla_para_un_curso_y_mes" storage="c:\repositorios\fernandoassembla\sistemaweb\testviaticos\bin\debug\testviaticos.dll" id="ff5ca805-f71b-e477-63b1-db8e8b29d28e">
      <Execution id="c589533b-2d6e-4032-8e21-bbe53d9c4e4d" />
      <TestMethod codeBase="C:/Repositorios/FernandoAssembla/SistemaWeb/TestViaticos/bin/Debug/TestViaticos.DLL" adapterTypeName="Microsoft.VisualStudio.TestTools.TestTypes.Unit.UnitTestAdapter, Microsoft.VisualStudio.QualityTools.Tips.UnitTest.Adapter, Version=10.0.0.0, Culture=neutral, PublicKeyToken=b03f5f7f11d50a3a" className="TestViaticos.TestPlanillaMensual, TestViaticos, Version=1.0.0.0, Culture=neutral, PublicKeyToken=null" name="deberia_poder_generar_una_planilla_para_un_curso_y_mes" />
    </UnitTest>
    <UnitTest name="deberia_traer_inasistencias_de_un_alumno_para_un_mes" storage="c:\repositorios\fernandoassembla\sistemaweb\testviaticos\bin\debug\testviaticos.dll" id="3667ca38-1ee0-0f59-2de9-55990d91ad13">
      <Execution id="5f2f7474-315b-45fe-9e90-d76f69d99793" />
      <TestMethod codeBase="C:/Repositorios/FernandoAssembla/SistemaWeb/TestViaticos/bin/Debug/TestViaticos.DLL" adapterTypeName="Microsoft.VisualStudio.TestTools.TestTypes.Unit.UnitTestAdapter, Microsoft.VisualStudio.QualityTools.Tips.UnitTest.Adapter, Version=10.0.0.0, Culture=neutral, PublicKeyToken=b03f5f7f11d50a3a" className="TestViaticos.TestPlanillaMensual, TestViaticos, Version=1.0.0.0, Culture=neutral, PublicKeyToken=null" name="deberia_traer_inasistencias_de_un_alumno_para_un_mes" />
    </UnitTest>
    <UnitTest name="dado_un_area_quiero_saber_nombre_telefono_y_mail_de_responsable" storage="c:\repositorios\fernandoassembla\sistemaweb\testviaticos\bin\debug\testviaticos.dll" id="a8bf43a7-c593-21c5-b353-6a677fedb6e1">
      <Execution id="70eec514-7d3c-4fe8-b7c7-a36fb6401459" />
      <TestMethod codeBase="C:/Repositorios/FernandoAssembla/SistemaWeb/TestViaticos/bin/Debug/TestViaticos.DLL" adapterTypeName="Microsoft.VisualStudio.TestTools.TestTypes.Unit.UnitTestAdapter, Microsoft.VisualStudio.QualityTools.Tips.UnitTest.Adapter, Version=10.0.0.0, Culture=neutral, PublicKeyToken=b03f5f7f11d50a3a" className="General.TestUsuarios, TestViaticos, Version=1.0.0.0, Culture=neutral, PublicKeyToken=null" name="dado_un_area_quiero_saber_nombre_telefono_y_mail_de_responsable" />
    </UnitTest>
    <UnitTest name="deberia_agregar_una_asistencia_a_un_alumno_para_una_planilla_que_esta_en_un_curso" storage="c:\repositorios\fernandoassembla\sistemaweb\testviaticos\bin\debug\testviaticos.dll" id="6f525a40-dadd-7cc4-eb37-95f1d91a14c9">
      <Execution id="ae02a6e1-982b-4d6b-a368-ed28d95c7120" />
      <TestMethod codeBase="C:/Repositorios/FernandoAssembla/SistemaWeb/TestViaticos/bin/Debug/TestViaticos.DLL" adapterTypeName="Microsoft.VisualStudio.TestTools.TestTypes.Unit.UnitTestAdapter, Microsoft.VisualStudio.QualityTools.Tips.UnitTest.Adapter, Version=10.0.0.0, Culture=neutral, PublicKeyToken=b03f5f7f11d50a3a" className="TestViaticos.TestPlanillaMensual, TestViaticos, Version=1.0.0.0, Culture=neutral, PublicKeyToken=null" name="deberia_agregar_una_asistencia_a_un_alumno_para_una_planilla_que_esta_en_un_curso" />
    </UnitTest>
    <UnitTest name="deberia_poder_obtener_todos_los_documentos" storage="c:\repositorios\fernandoassembla\sistemaweb\testviaticos\bin\debug\testviaticos.dll" id="38a50315-78cc-f677-cc67-a33e14f1587e">
      <Execution id="27fd9285-d048-4bec-9063-ad443538f9b3" />
      <TestMethod codeBase="C:/Repositorios/FernandoAssembla/SistemaWeb/TestViaticos/bin/Debug/TestViaticos.DLL" adapterTypeName="Microsoft.VisualStudio.TestTools.TestTypes.Unit.UnitTestAdapter, Microsoft.VisualStudio.QualityTools.Tips.UnitTest.Adapter, Version=10.0.0.0, Culture=neutral, PublicKeyToken=b03f5f7f11d50a3a" className="TestViaticos.TestRepositorioDocumentos, TestViaticos, Version=1.0.0.0, Culture=neutral, PublicKeyToken=null" name="deberia_poder_obtener_todos_los_documentos" />
    </UnitTest>
    <UnitTest name="deberia_traer_las_personas_que_mas_solicitaron_viaticos_en_011012_261012" storage="c:\repositorios\fernandoassembla\sistemaweb\testviaticos\bin\debug\testviaticos.dll" id="2ba1906f-7dc1-cbb6-5d44-2eaa074ee001">
      <Execution id="bc2c8213-c26e-4153-a689-53053a9f66f6" />
      <TestMethod codeBase="C:/Repositorios/FernandoAssembla/SistemaWeb/TestViaticos/bin/Debug/TestViaticos.DLL" adapterTypeName="Microsoft.VisualStudio.TestTools.TestTypes.Unit.UnitTestAdapter, Microsoft.VisualStudio.QualityTools.Tips.UnitTest.Adapter, Version=10.0.0.0, Culture=neutral, PublicKeyToken=b03f5f7f11d50a3a" className="TestViaticos.TestConsultas, TestViaticos, Version=1.0.0.0, Culture=neutral, PublicKeyToken=null" name="deberia_traer_las_personas_que_mas_solicitaron_viaticos_en_011012_261012" />
    </UnitTest>
    <UnitTest name="Un_organigrama_deberia_poder_decirme_cual_es_el_area_superior_de_un_area_dada" storage="c:\repositorios\fernandoassembla\sistemaweb\testviaticos\bin\debug\testviaticos.dll" id="d5acc190-8ff6-3621-55ca-bde560b60f80">
      <Execution id="4ab47854-5a61-4f35-909d-25bc8e2bd4f9" />
      <TestMethod codeBase="C:/Repositorios/FernandoAssembla/SistemaWeb/TestViaticos/bin/Debug/TestViaticos.DLL" adapterTypeName="Microsoft.VisualStudio.TestTools.TestTypes.Unit.UnitTestAdapter, Microsoft.VisualStudio.QualityTools.Tips.UnitTest.Adapter, Version=10.0.0.0, Culture=neutral, PublicKeyToken=b03f5f7f11d50a3a" className="TestViaticos.TestOrganigrama, TestViaticos, Version=1.0.0.0, Culture=neutral, PublicKeyToken=null" name="Un_organigrama_deberia_poder_decirme_cual_es_el_area_superior_de_un_area_dada" />
    </UnitTest>
    <UnitTest name="Un_organigrama_deberia_poder_decirme_todas_las_areas_que_son_superiores_a_un_area_dada" storage="c:\repositorios\fernandoassembla\sistemaweb\testviaticos\bin\debug\testviaticos.dll" id="8464698d-61d5-d408-819d-53311ef832f8">
      <Execution id="55dac9aa-43de-44c2-913b-5030a5104a8a" />
      <TestMethod codeBase="C:/Repositorios/FernandoAssembla/SistemaWeb/TestViaticos/bin/Debug/TestViaticos.DLL" adapterTypeName="Microsoft.VisualStudio.TestTools.TestTypes.Unit.UnitTestAdapter, Microsoft.VisualStudio.QualityTools.Tips.UnitTest.Adapter, Version=10.0.0.0, Culture=neutral, PublicKeyToken=b03f5f7f11d50a3a" className="TestViaticos.TestOrganigrama, TestViaticos, Version=1.0.0.0, Culture=neutral, PublicKeyToken=null" name="Un_organigrama_deberia_poder_decirme_todas_las_areas_que_son_superiores_a_un_area_dada" />
    </UnitTest>
    <UnitTest name="Un_organigrama_deberia_poder_decirme_todas_las_areas_inferiores_inmediatas_a_un_area_dada" storage="c:\repositorios\fernandoassembla\sistemaweb\testviaticos\bin\debug\testviaticos.dll" id="bb759e7e-2161-1c79-ee60-b7766df2bd3f">
      <Execution id="3996cfd3-bc00-409d-9658-efd9db5f5575" />
      <TestMethod codeBase="C:/Repositorios/FernandoAssembla/SistemaWeb/TestViaticos/bin/Debug/TestViaticos.DLL" adapterTypeName="Microsoft.VisualStudio.TestTools.TestTypes.Unit.UnitTestAdapter, Microsoft.VisualStudio.QualityTools.Tips.UnitTest.Adapter, Version=10.0.0.0, Culture=neutral, PublicKeyToken=b03f5f7f11d50a3a" className="TestViaticos.TestOrganigrama, TestViaticos, Version=1.0.0.0, Culture=neutral, PublicKeyToken=null" name="Un_organigrama_deberia_poder_decirme_todas_las_areas_inferiores_inmediatas_a_un_area_dada" />
    </UnitTest>
    <UnitTest name="Un_organigrama_deberia_poder_decirme_todas_las_areas_inferiores_inmediatas_a_un_area_dada_con_muchas_areas" storage="c:\repositorios\fernandoassembla\sistemaweb\testviaticos\bin\debug\testviaticos.dll" id="68c724fc-1912-d9ac-d786-b1e6bb6c0994">
      <Execution id="031dc014-7da2-486c-9528-fcf0398c7270" />
      <TestMethod codeBase="C:/Repositorios/FernandoAssembla/SistemaWeb/TestViaticos/bin/Debug/TestViaticos.DLL" adapterTypeName="Microsoft.VisualStudio.TestTools.TestTypes.Unit.UnitTestAdapter, Microsoft.VisualStudio.QualityTools.Tips.UnitTest.Adapter, Version=10.0.0.0, Culture=neutral, PublicKeyToken=b03f5f7f11d50a3a" className="TestViaticos.TestOrganigrama, TestViaticos, Version=1.0.0.0, Culture=neutral, PublicKeyToken=null" name="Un_organigrama_deberia_poder_decirme_todas_las_areas_inferiores_inmediatas_a_un_area_dada_con_muchas_areas" />
    </UnitTest>
    <UnitTest name="deberia_devolver_Buenos_Aires_con_dos_localidades" storage="c:\repositorios\fernandoassembla\sistemaweb\testviaticos\bin\debug\testviaticos.dll" id="d3eb6b18-b89c-308d-2472-f70947e6c57b">
      <Execution id="872c957c-53de-4591-bfe5-504df74fa01f" />
      <TestMethod codeBase="C:/Repositorios/FernandoAssembla/SistemaWeb/TestViaticos/bin/Debug/TestViaticos.DLL" adapterTypeName="Microsoft.VisualStudio.TestTools.TestTypes.Unit.UnitTestAdapter, Microsoft.VisualStudio.QualityTools.Tips.UnitTest.Adapter, Version=10.0.0.0, Culture=neutral, PublicKeyToken=b03f5f7f11d50a3a" className="TestViaticos.TestRepositorioZonas, TestViaticos, Version=1.0.0.0, Culture=neutral, PublicKeyToken=null" name="deberia_devolver_Buenos_Aires_con_dos_localidades" />
    </UnitTest>
    <UnitTest name="no_se_debe_permitir_crear_un_organigrama_donde_un_hijo_tenga_dos_areas_padres" storage="c:\repositorios\fernandoassembla\sistemaweb\testviaticos\bin\debug\testviaticos.dll" id="74b1b58c-e814-5670-35a0-d1446a9967fd">
      <Execution id="b7e7b942-abd2-49c8-8c9d-6e8a62012689" />
      <TestMethod codeBase="C:/Repositorios/FernandoAssembla/SistemaWeb/TestViaticos/bin/Debug/TestViaticos.DLL" adapterTypeName="Microsoft.VisualStudio.TestTools.TestTypes.Unit.UnitTestAdapter, Microsoft.VisualStudio.QualityTools.Tips.UnitTest.Adapter, Version=10.0.0.0, Culture=neutral, PublicKeyToken=b03f5f7f11d50a3a" className="TestViaticos.TestOrganigrama, TestViaticos, Version=1.0.0.0, Culture=neutral, PublicKeyToken=null" name="no_se_debe_permitir_crear_un_organigrama_donde_un_hijo_tenga_dos_areas_padres" />
    </UnitTest>
    <UnitTest name="no_deberia_poder_guardarse_un_documento_sin_categoria" storage="c:\repositorios\fernandoassembla\sistemaweb\testviaticos\bin\debug\testviaticos.dll" id="219a2093-b6f2-f229-ae69-0108da5c2d8d">
      <Execution id="6b63e866-747c-4c2b-87a1-0cc6fa2d76dc" />
      <TestMethod codeBase="C:/Repositorios/FernandoAssembla/SistemaWeb/TestViaticos/bin/Debug/TestViaticos.DLL" adapterTypeName="Microsoft.VisualStudio.TestTools.TestTypes.Unit.UnitTestAdapter, Microsoft.VisualStudio.QualityTools.Tips.UnitTest.Adapter, Version=10.0.0.0, Culture=neutral, PublicKeyToken=b03f5f7f11d50a3a" className="TestViaticos.TestRepositorioDocumentos, TestViaticos, Version=1.0.0.0, Culture=neutral, PublicKeyToken=null" name="no_deberia_poder_guardarse_un_documento_sin_categoria" />
    </UnitTest>
    <UnitTest name="cuando_se_solicita_la_lista_de_todas_las_áreas_superiores_de_un_área_debe_devolver_una_lista_vacía" storage="c:\repositorios\fernandoassembla\sistemaweb\testviaticos\bin\debug\testviaticos.dll" id="477414b1-9ac6-06f2-392d-c549405cd3f3">
      <Execution id="bfd40350-75c0-4149-91d8-ed78e493c67b" />
      <TestMethod codeBase="C:/Repositorios/FernandoAssembla/SistemaWeb/TestViaticos/bin/Debug/TestViaticos.DLL" adapterTypeName="Microsoft.VisualStudio.TestTools.TestTypes.Unit.UnitTestAdapter, Microsoft.VisualStudio.QualityTools.Tips.UnitTest.Adapter, Version=10.0.0.0, Culture=neutral, PublicKeyToken=b03f5f7f11d50a3a" className="TestViaticos.TestOrganigrama, TestViaticos, Version=1.0.0.0, Culture=neutral, PublicKeyToken=null" name="cuando_se_solicita_la_lista_de_todas_las_áreas_superiores_de_un_área_debe_devolver_una_lista_vacía" />
    </UnitTest>
    <UnitTest name="deberia_crear_una_tabla_con_id" storage="c:\repositorios\fernandoassembla\sistemaweb\testviaticos\bin\debug\testviaticos.dll" id="e454c39b-e973-6bea-bc19-3dd352fe2860">
      <Execution id="5e03f8ef-3cad-4edc-951b-8d35f824f1ef" />
      <TestMethod codeBase="C:/Repositorios/FernandoAssembla/SistemaWeb/TestViaticos/bin/Debug/TestViaticos.DLL" adapterTypeName="Microsoft.VisualStudio.TestTools.TestTypes.Unit.UnitTestAdapter, Microsoft.VisualStudio.QualityTools.Tips.UnitTest.Adapter, Version=10.0.0.0, Culture=neutral, PublicKeyToken=b03f5f7f11d50a3a" className="TestViaticos.TestTablasFake, TestViaticos, Version=1.0.0.0, Culture=neutral, PublicKeyToken=null" name="deberia_crear_una_tabla_con_id" />
    </UnitTest>
    <UnitTest name="al_solicitarle_las_areas_inferiores_al_area_de_Marta_debe_traer_solo_la_de_Faby" storage="c:\repositorios\fernandoassembla\sistemaweb\testviaticos\bin\debug\testviaticos.dll" id="44b05242-b475-4635-6cec-78ec052b2688">
      <Execution id="85f0d9ac-1c31-4b9f-993b-f1e64481c27e" />
      <TestMethod codeBase="C:/Repositorios/FernandoAssembla/SistemaWeb/TestViaticos/bin/Debug/TestViaticos.DLL" adapterTypeName="Microsoft.VisualStudio.TestTools.TestTypes.Unit.UnitTestAdapter, Microsoft.VisualStudio.QualityTools.Tips.UnitTest.Adapter, Version=10.0.0.0, Culture=neutral, PublicKeyToken=b03f5f7f11d50a3a" className="TestViaticos.TestOrganigrama, TestViaticos, Version=1.0.0.0, Culture=neutral, PublicKeyToken=null" name="al_solicitarle_las_areas_inferiores_al_area_de_Marta_debe_traer_solo_la_de_Faby" />
    </UnitTest>
    <UnitTest name="al_buscar_por_reponsable_de_area_a_Novoa_deberia_traerme_el_area_cuyo_apellido_de_responsable_es_Novoa" storage="c:\repositorios\fernandoassembla\sistemaweb\testviaticos\bin\debug\testviaticos.dll" id="e599cad1-eda4-094c-45c1-605d2f0e5702">
      <Execution id="8931aec2-eeb1-42a3-a2da-081703728a53" />
      <TestMethod codeBase="C:/Repositorios/FernandoAssembla/SistemaWeb/TestViaticos/bin/Debug/TestViaticos.DLL" adapterTypeName="Microsoft.VisualStudio.TestTools.TestTypes.Unit.UnitTestAdapter, Microsoft.VisualStudio.QualityTools.Tips.UnitTest.Adapter, Version=10.0.0.0, Culture=neutral, PublicKeyToken=b03f5f7f11d50a3a" className="General.TestProtocolo, TestViaticos, Version=1.0.0.0, Culture=neutral, PublicKeyToken=null" name="al_buscar_por_reponsable_de_area_a_Novoa_deberia_traerme_el_area_cuyo_apellido_de_responsable_es_Novoa" />
    </UnitTest>
    <UnitTest name="dado_aaa999_debe_ser_aab000" storage="c:\repositorios\fernandoassembla\sistemaweb\testviaticos\bin\debug\testviaticos.dll" id="4bc081ab-bd87-c7e6-2e9a-ea9029e80e8b">
      <Execution id="279a8b01-3944-4925-b8eb-091000244f1c" />
      <TestMethod codeBase="C:/Repositorios/FernandoAssembla/SistemaWeb/TestViaticos/bin/Debug/TestViaticos.DLL" adapterTypeName="Microsoft.VisualStudio.TestTools.TestTypes.Unit.UnitTestAdapter, Microsoft.VisualStudio.QualityTools.Tips.UnitTest.Adapter, Version=10.0.0.0, Culture=neutral, PublicKeyToken=b03f5f7f11d50a3a" className="Tests.CodigoTareaTest, TestViaticos, Version=1.0.0.0, Culture=neutral, PublicKeyToken=null" name="dado_aaa999_debe_ser_aab000" />
    </UnitTest>
    <UnitTest name="se_puede_crear_un_organigrama_con_forma_de_arbol_de_dos_pisos" storage="c:\repositorios\fernandoassembla\sistemaweb\testviaticos\bin\debug\testviaticos.dll" id="7a945366-5dc8-bde8-17f1-4ebf2f832448">
      <Execution id="4096a0cb-0639-49d8-b743-e9a8c2eea1e2" />
      <TestMethod codeBase="C:/Repositorios/FernandoAssembla/SistemaWeb/TestViaticos/bin/Debug/TestViaticos.DLL" adapterTypeName="Microsoft.VisualStudio.TestTools.TestTypes.Unit.UnitTestAdapter, Microsoft.VisualStudio.QualityTools.Tips.UnitTest.Adapter, Version=10.0.0.0, Culture=neutral, PublicKeyToken=b03f5f7f11d50a3a" className="TestViaticos.TestOrganigrama, TestViaticos, Version=1.0.0.0, Culture=neutral, PublicKeyToken=null" name="se_puede_crear_un_organigrama_con_forma_de_arbol_de_dos_pisos" />
    </UnitTest>
    <UnitTest name="deberia_poder_validar_si_un_objeto_no_esta_en_una_coleccion" storage="c:\repositorios\fernandoassembla\sistemaweb\testviaticos\bin\debug\testviaticos.dll" id="757e1e4a-ca0e-7dc8-c1f0-7e6c91ba8ea0">
      <Execution id="852b0480-3281-48d5-8044-194eb4d769da" />
      <TestMethod codeBase="C:/Repositorios/FernandoAssembla/SistemaWeb/TestViaticos/bin/Debug/TestViaticos.DLL" adapterTypeName="Microsoft.VisualStudio.TestTools.TestTypes.Unit.UnitTestAdapter, Microsoft.VisualStudio.QualityTools.Tips.UnitTest.Adapter, Version=10.0.0.0, Culture=neutral, PublicKeyToken=b03f5f7f11d50a3a" className="TestViaticos.TestValidador, TestViaticos, Version=1.0.0.0, Culture=neutral, PublicKeyToken=null" name="deberia_poder_validar_si_un_objeto_no_esta_en_una_coleccion" />
    </UnitTest>
    <UnitTest name="dado_un_curso_que_se_cursa_lunes_y_jueves_cuando_le_pregunto_cuantos_dias_de_cursada_hay_en_la_primer_quincena_de_enero_me_dice_4" storage="c:\repositorios\fernandoassembla\sistemaweb\testviaticos\bin\debug\testviaticos.dll" id="53e1544f-a9d2-75aa-fac6-a61041be5fb7">
      <Execution id="a0cf32f7-6a5d-49d2-abe2-fc074213b076" />
      <TestMethod codeBase="C:/Repositorios/FernandoAssembla/SistemaWeb/TestViaticos/bin/Debug/TestViaticos.DLL" adapterTypeName="Microsoft.VisualStudio.TestTools.TestTypes.Unit.UnitTestAdapter, Microsoft.VisualStudio.QualityTools.Tips.UnitTest.Adapter, Version=10.0.0.0, Culture=neutral, PublicKeyToken=b03f5f7f11d50a3a" className="TestViaticos.TestCalendarioDeCurso, TestViaticos, Version=1.0.0.0, Culture=neutral, PublicKeyToken=null" name="dado_un_curso_que_se_cursa_lunes_y_jueves_cuando_le_pregunto_cuantos_dias_de_cursada_hay_en_la_primer_quincena_de_enero_me_dice_4" />
    </UnitTest>
    <UnitTest name="deberia_agregar_una_inasistencia_a_un_alumno_para_una_planilla_que_esta_en_un_curso" storage="c:\repositorios\fernandoassembla\sistemaweb\testviaticos\bin\debug\testviaticos.dll" id="fe21a7fe-170b-9452-5951-05d7fa59464e">
      <Execution id="69970a04-5151-4185-94f0-fdf5d624f334" />
      <TestMethod codeBase="C:/Repositorios/FernandoAssembla/SistemaWeb/TestViaticos/bin/Debug/TestViaticos.DLL" adapterTypeName="Microsoft.VisualStudio.TestTools.TestTypes.Unit.UnitTestAdapter, Microsoft.VisualStudio.QualityTools.Tips.UnitTest.Adapter, Version=10.0.0.0, Culture=neutral, PublicKeyToken=b03f5f7f11d50a3a" className="TestViaticos.TestPlanillaMensual, TestViaticos, Version=1.0.0.0, Culture=neutral, PublicKeyToken=null" name="deberia_agregar_una_inasistencia_a_un_alumno_para_una_planilla_que_esta_en_un_curso" />
    </UnitTest>
    <UnitTest name="deberia_poder_decirle_a_un_repositorio_que_use_una_conexion_que_no_devuelve_nada" storage="c:\repositorios\fernandoassembla\sistemaweb\testviaticos\bin\debug\testviaticos.dll" id="46d9bce1-2d0e-1aa8-e89e-b40f37783359">
      <Execution id="f6ce9940-f832-46d1-b4e6-7afab9f7dcbb" />
      <TestMethod codeBase="C:/Repositorios/FernandoAssembla/SistemaWeb/TestViaticos/bin/Debug/TestViaticos.DLL" adapterTypeName="Microsoft.VisualStudio.TestTools.TestTypes.Unit.UnitTestAdapter, Microsoft.VisualStudio.QualityTools.Tips.UnitTest.Adapter, Version=10.0.0.0, Culture=neutral, PublicKeyToken=b03f5f7f11d50a3a" className="TestViaticos.TestRepositorioOrganigramas, TestViaticos, Version=1.0.0.0, Culture=neutral, PublicKeyToken=null" name="deberia_poder_decirle_a_un_repositorio_que_use_una_conexion_que_no_devuelve_nada" />
    </UnitTest>
    <UnitTest name="deberia_poder_agregarle_cabeceras_de_columna_a_una_tabla" storage="c:\repositorios\fernandoassembla\sistemaweb\testviaticos\bin\debug\testviaticos.dll" id="27e6cdd1-0452-1cb1-16c4-7576bb6d0538">
      <Execution id="46493f41-6768-48ea-ba54-c40cc74e5363" />
      <TestMethod codeBase="C:/Repositorios/FernandoAssembla/SistemaWeb/TestViaticos/bin/Debug/TestViaticos.DLL" adapterTypeName="Microsoft.VisualStudio.TestTools.TestTypes.Unit.UnitTestAdapter, Microsoft.VisualStudio.QualityTools.Tips.UnitTest.Adapter, Version=10.0.0.0, Culture=neutral, PublicKeyToken=b03f5f7f11d50a3a" className="WebRhUITestNew.TestRenderizadorDeTablas, TestViaticos, Version=1.0.0.0, Culture=neutral, PublicKeyToken=null" name="deberia_poder_agregarle_cabeceras_de_columna_a_una_tabla" />
    </UnitTest>
    <UnitTest name="no_deberia_traer_inasistencias_de_un_alumno_que_no_falto" storage="c:\repositorios\fernandoassembla\sistemaweb\testviaticos\bin\debug\testviaticos.dll" id="94211d25-4f01-6a4f-21c4-290dd165eb14">
      <Execution id="8f70e9dd-a90d-4bd1-abe4-18918304fdeb" />
      <TestMethod codeBase="C:/Repositorios/FernandoAssembla/SistemaWeb/TestViaticos/bin/Debug/TestViaticos.DLL" adapterTypeName="Microsoft.VisualStudio.TestTools.TestTypes.Unit.UnitTestAdapter, Microsoft.VisualStudio.QualityTools.Tips.UnitTest.Adapter, Version=10.0.0.0, Culture=neutral, PublicKeyToken=b03f5f7f11d50a3a" className="TestViaticos.TestPlanillaMensual, TestViaticos, Version=1.0.0.0, Culture=neutral, PublicKeyToken=null" name="no_deberia_traer_inasistencias_de_un_alumno_que_no_falto" />
    </UnitTest>
    <UnitTest name="dada_un_area__con_3_asistentes_deberia_obtener_en_una_unica_area_unico_registro_y_los_3_asistentes_incluido_en_el_area" storage="c:\repositorios\fernandoassembla\sistemaweb\testviaticos\bin\debug\testviaticos.dll" id="03a6a885-b427-a1c0-9f18-eab8c39d83dc">
      <Execution id="c9a39ba9-96f7-42b9-a568-292510edb6bc" />
      <TestMethod codeBase="C:/Repositorios/FernandoAssembla/SistemaWeb/TestViaticos/bin/Debug/TestViaticos.DLL" adapterTypeName="Microsoft.VisualStudio.TestTools.TestTypes.Unit.UnitTestAdapter, Microsoft.VisualStudio.QualityTools.Tips.UnitTest.Adapter, Version=10.0.0.0, Culture=neutral, PublicKeyToken=b03f5f7f11d50a3a" className="General.TestUsuarios, TestViaticos, Version=1.0.0.0, Culture=neutral, PublicKeyToken=null" name="dada_un_area__con_3_asistentes_deberia_obtener_en_una_unica_area_unico_registro_y_los_3_asistentes_incluido_en_el_area" />
    </UnitTest>
    <UnitTest name="deberia_poder_validar_si_un_objeto_es_nulo" storage="c:\repositorios\fernandoassembla\sistemaweb\testviaticos\bin\debug\testviaticos.dll" id="2ddded08-79a3-ad3a-b587-dfc68dd5b5f5">
      <Execution id="dc98f7b6-2710-47f2-aaae-1bf81f615064" />
      <TestMethod codeBase="C:/Repositorios/FernandoAssembla/SistemaWeb/TestViaticos/bin/Debug/TestViaticos.DLL" adapterTypeName="Microsoft.VisualStudio.TestTools.TestTypes.Unit.UnitTestAdapter, Microsoft.VisualStudio.QualityTools.Tips.UnitTest.Adapter, Version=10.0.0.0, Culture=neutral, PublicKeyToken=b03f5f7f11d50a3a" className="TestViaticos.TestValidador, TestViaticos, Version=1.0.0.0, Culture=neutral, PublicKeyToken=null" name="deberia_poder_validar_si_un_objeto_es_nulo" />
    </UnitTest>
    <UnitTest name="no_deberia_cargar_una_inasistencia_a_un_alumno_que_no_esta_en_un_curso" storage="c:\repositorios\fernandoassembla\sistemaweb\testviaticos\bin\debug\testviaticos.dll" id="78a9f8b3-1879-e741-9ade-1dee019c141b">
      <Execution id="52ad6723-c8ea-4bad-97f9-1d4cda6407f8" />
      <TestMethod codeBase="C:/Repositorios/FernandoAssembla/SistemaWeb/TestViaticos/bin/Debug/TestViaticos.DLL" adapterTypeName="Microsoft.VisualStudio.TestTools.TestTypes.Unit.UnitTestAdapter, Microsoft.VisualStudio.QualityTools.Tips.UnitTest.Adapter, Version=10.0.0.0, Culture=neutral, PublicKeyToken=b03f5f7f11d50a3a" className="TestViaticos.TestPlanillaMensual, TestViaticos, Version=1.0.0.0, Culture=neutral, PublicKeyToken=null" name="no_deberia_cargar_una_inasistencia_a_un_alumno_que_no_esta_en_un_curso" />
    </UnitTest>
    <UnitTest name="deberia_traer_viaticos_que_esten_de_la_areas_939_54_16_de_la_provincia_CORDOBA_SALTA_perido_011012_al_261012" storage="c:\repositorios\fernandoassembla\sistemaweb\testviaticos\bin\debug\testviaticos.dll" id="28a4ad86-b0f5-734b-2ffb-1771c0cae12f">
      <Execution id="2eafb29b-9ae0-49f7-ac75-a2ba305a8f5e" />
      <TestMethod codeBase="C:/Repositorios/FernandoAssembla/SistemaWeb/TestViaticos/bin/Debug/TestViaticos.DLL" adapterTypeName="Microsoft.VisualStudio.TestTools.TestTypes.Unit.UnitTestAdapter, Microsoft.VisualStudio.QualityTools.Tips.UnitTest.Adapter, Version=10.0.0.0, Culture=neutral, PublicKeyToken=b03f5f7f11d50a3a" className="TestViaticos.TestConsultas, TestViaticos, Version=1.0.0.0, Culture=neutral, PublicKeyToken=null" name="deberia_traer_viaticos_que_esten_de_la_areas_939_54_16_de_la_provincia_CORDOBA_SALTA_perido_011012_al_261012" />
    </UnitTest>
    <UnitTest name="deberia_poder_guardar_una_transicion_nueva" storage="c:\repositorios\fernandoassembla\sistemaweb\testviaticos\bin\debug\testviaticos.dll" id="ddde0ed2-12a5-9bf8-2fdd-b32f11508a59">
      <Execution id="bf73986d-3016-4b8c-80d7-5d8b470ce801" />
      <TestMethod codeBase="C:/Repositorios/FernandoAssembla/SistemaWeb/TestViaticos/bin/Debug/TestViaticos.DLL" adapterTypeName="Microsoft.VisualStudio.TestTools.TestTypes.Unit.UnitTestAdapter, Microsoft.VisualStudio.QualityTools.Tips.UnitTest.Adapter, Version=10.0.0.0, Culture=neutral, PublicKeyToken=b03f5f7f11d50a3a" className="TestViaticos.TestMensajeria, TestViaticos, Version=1.0.0.0, Culture=neutral, PublicKeyToken=null" name="deberia_poder_guardar_una_transicion_nueva" />
    </UnitTest>
    <UnitTest name="deberia_traer_4_areas_con_los_datos_de_contacto_de_la_mismas" storage="c:\repositorios\fernandoassembla\sistemaweb\testviaticos\bin\debug\testviaticos.dll" id="33728143-431e-2f80-b4cd-e190171f9673">
      <Execution id="88fe07c5-2491-4ded-b244-ef84feb1f4ff" />
      <TestMethod codeBase="C:/Repositorios/FernandoAssembla/SistemaWeb/TestViaticos/bin/Debug/TestViaticos.DLL" adapterTypeName="Microsoft.VisualStudio.TestTools.TestTypes.Unit.UnitTestAdapter, Microsoft.VisualStudio.QualityTools.Tips.UnitTest.Adapter, Version=10.0.0.0, Culture=neutral, PublicKeyToken=b03f5f7f11d50a3a" className="General.TestUsuarios, TestViaticos, Version=1.0.0.0, Culture=neutral, PublicKeyToken=null" name="deberia_traer_4_areas_con_los_datos_de_contacto_de_la_mismas" />
    </UnitTest>
    <UnitTest name="al_buscar_en_una_lista_de_áreas_un_email_devuelve_dos_emails__uno_de_asistente_y_otro_de_area__que_contienen_el_texto_buscado" storage="c:\repositorios\fernandoassembla\sistemaweb\testviaticos\bin\debug\testviaticos.dll" id="64afcefc-8af6-fc70-4ea7-766fc65f6c46">
      <Execution id="29af233b-413c-4832-89cf-0efd5aae98dc" />
      <TestMethod codeBase="C:/Repositorios/FernandoAssembla/SistemaWeb/TestViaticos/bin/Debug/TestViaticos.DLL" adapterTypeName="Microsoft.VisualStudio.TestTools.TestTypes.Unit.UnitTestAdapter, Microsoft.VisualStudio.QualityTools.Tips.UnitTest.Adapter, Version=10.0.0.0, Culture=neutral, PublicKeyToken=b03f5f7f11d50a3a" className="General.TestProtocolo, TestViaticos, Version=1.0.0.0, Culture=neutral, PublicKeyToken=null" name="al_buscar_en_una_lista_de_áreas_un_email_devuelve_dos_emails__uno_de_asistente_y_otro_de_area__que_contienen_el_texto_buscado" />
    </UnitTest>
    <UnitTest name="deberia_poder_tener_un_null_como_segundo_valor_de_una_columna" storage="c:\repositorios\fernandoassembla\sistemaweb\testviaticos\bin\debug\testviaticos.dll" id="c8e9fa12-63fb-548e-6319-248eaeb1ba50">
      <Execution id="a1c145ed-5287-46e4-b8d8-88165119f7a9" />
      <TestMethod codeBase="C:/Repositorios/FernandoAssembla/SistemaWeb/TestViaticos/bin/Debug/TestViaticos.DLL" adapterTypeName="Microsoft.VisualStudio.TestTools.TestTypes.Unit.UnitTestAdapter, Microsoft.VisualStudio.QualityTools.Tips.UnitTest.Adapter, Version=10.0.0.0, Culture=neutral, PublicKeyToken=b03f5f7f11d50a3a" className="TestViaticos.TestTablasFake, TestViaticos, Version=1.0.0.0, Culture=neutral, PublicKeyToken=null" name="deberia_poder_tener_un_null_como_segundo_valor_de_una_columna" />
    </UnitTest>
    <UnitTest name="deberia_poder_validar_si_un_id_es_valido" storage="c:\repositorios\fernandoassembla\sistemaweb\testviaticos\bin\debug\testviaticos.dll" id="91497819-ba2a-f2e9-9418-b935f4653def">
      <Execution id="0b536053-ecd3-4a93-a470-c37a1b1cda0e" />
      <TestMethod codeBase="C:/Repositorios/FernandoAssembla/SistemaWeb/TestViaticos/bin/Debug/TestViaticos.DLL" adapterTypeName="Microsoft.VisualStudio.TestTools.TestTypes.Unit.UnitTestAdapter, Microsoft.VisualStudio.QualityTools.Tips.UnitTest.Adapter, Version=10.0.0.0, Culture=neutral, PublicKeyToken=b03f5f7f11d50a3a" className="TestViaticos.TestValidador, TestViaticos, Version=1.0.0.0, Culture=neutral, PublicKeyToken=null" name="deberia_poder_validar_si_un_id_es_valido" />
    </UnitTest>
    <UnitTest name="al_buscar_por_una_categoria_de_documento_debe_traer_todos_los_documentos_que_cumplen_con_ello" storage="c:\repositorios\fernandoassembla\sistemaweb\testviaticos\bin\debug\testviaticos.dll" id="5b690971-fd71-4f11-40a9-1c85ffb21c38">
      <Execution id="0a2cb50e-9823-4691-b36d-2aa06f666aef" />
      <TestMethod codeBase="C:/Repositorios/FernandoAssembla/SistemaWeb/TestViaticos/bin/Debug/TestViaticos.DLL" adapterTypeName="Microsoft.VisualStudio.TestTools.TestTypes.Unit.UnitTestAdapter, Microsoft.VisualStudio.QualityTools.Tips.UnitTest.Adapter, Version=10.0.0.0, Culture=neutral, PublicKeyToken=b03f5f7f11d50a3a" className="General.TestFiltroSiCoI, TestViaticos, Version=1.0.0.0, Culture=neutral, PublicKeyToken=null" name="al_buscar_por_una_categoria_de_documento_debe_traer_todos_los_documentos_que_cumplen_con_ello" />
    </UnitTest>
    <UnitTest name="deberia_poder_obtener_el_string_de_un_link_en_imagen_de_las_entidades_seleccionadas" storage="c:\repositorios\fernandoassembla\sistemaweb\testviaticos\bin\debug\testviaticos.dll" id="f01f9398-de8a-e114-4944-4c3877e413a9">
      <Execution id="6fd1b60e-8db0-43c4-92d9-b3f1c0446d82" />
      <TestMethod codeBase="C:/Repositorios/FernandoAssembla/SistemaWeb/TestViaticos/bin/Debug/TestViaticos.DLL" adapterTypeName="Microsoft.VisualStudio.TestTools.TestTypes.Unit.UnitTestAdapter, Microsoft.VisualStudio.QualityTools.Tips.UnitTest.Adapter, Version=10.0.0.0, Culture=neutral, PublicKeyToken=b03f5f7f11d50a3a" className="WebRhUITestNew.ControladorDeWebControlsTest, TestViaticos, Version=1.0.0.0, Culture=neutral, PublicKeyToken=null" name="deberia_poder_obtener_el_string_de_un_link_en_imagen_de_las_entidades_seleccionadas" />
    </UnitTest>
    <UnitTest name="usuario_mesa_entrada_deberia_tener_solo_acceso_a_documentos" storage="c:\repositorios\fernandoassembla\sistemaweb\testviaticos\bin\debug\testviaticos.dll" id="de307af2-1c44-a9c2-0624-80b438a3400b">
      <Execution id="786d0631-7246-4b41-b988-24b4f6f70295" />
      <TestMethod codeBase="C:/Repositorios/FernandoAssembla/SistemaWeb/TestViaticos/bin/Debug/TestViaticos.DLL" adapterTypeName="Microsoft.VisualStudio.TestTools.TestTypes.Unit.UnitTestAdapter, Microsoft.VisualStudio.QualityTools.Tips.UnitTest.Adapter, Version=10.0.0.0, Culture=neutral, PublicKeyToken=b03f5f7f11d50a3a" className="TestViaticos.TestRepositorioUsuarios, TestViaticos, Version=1.0.0.0, Culture=neutral, PublicKeyToken=null" name="usuario_mesa_entrada_deberia_tener_solo_acceso_a_documentos" />
    </UnitTest>
    <UnitTest name="deberia_poder_crear_un_organigrama_lineal_con_cuatro_areas" storage="c:\repositorios\fernandoassembla\sistemaweb\testviaticos\bin\debug\testviaticos.dll" id="06dca5fe-5ce6-35f4-b6c7-96dea566a67f">
      <Execution id="212bc026-5e71-4269-84cc-63b601aa8a1a" />
      <TestMethod codeBase="C:/Repositorios/FernandoAssembla/SistemaWeb/TestViaticos/bin/Debug/TestViaticos.DLL" adapterTypeName="Microsoft.VisualStudio.TestTools.TestTypes.Unit.UnitTestAdapter, Microsoft.VisualStudio.QualityTools.Tips.UnitTest.Adapter, Version=10.0.0.0, Culture=neutral, PublicKeyToken=b03f5f7f11d50a3a" className="TestViaticos.TestOrganigrama, TestViaticos, Version=1.0.0.0, Culture=neutral, PublicKeyToken=null" name="deberia_poder_crear_un_organigrama_lineal_con_cuatro_areas" />
    </UnitTest>
    <UnitTest name="fabian_deberia_tener_un_area_con_solo_un_asistente" storage="c:\repositorios\fernandoassembla\sistemaweb\testviaticos\bin\debug\testviaticos.dll" id="4a850093-e479-3127-1dc5-d67d3a9e4d1b">
      <Execution id="27bb6263-5b97-418e-a020-4030affc22da" />
      <TestMethod codeBase="C:/Repositorios/FernandoAssembla/SistemaWeb/TestViaticos/bin/Debug/TestViaticos.DLL" adapterTypeName="Microsoft.VisualStudio.TestTools.TestTypes.Unit.UnitTestAdapter, Microsoft.VisualStudio.QualityTools.Tips.UnitTest.Adapter, Version=10.0.0.0, Culture=neutral, PublicKeyToken=b03f5f7f11d50a3a" className="TestViaticos.TestRepositorioUsuarios, TestViaticos, Version=1.0.0.0, Culture=neutral, PublicKeyToken=null" name="fabian_deberia_tener_un_area_con_solo_un_asistente" />
    </UnitTest>
    <UnitTest name="deberia_traer_una_unica_area_con_los_datos_de_contacto_de_la_misma" storage="c:\repositorios\fernandoassembla\sistemaweb\testviaticos\bin\debug\testviaticos.dll" id="8e8c4b00-453c-ac9a-23f7-d441cdf71296">
      <Execution id="ac93091e-494c-4d93-b8e0-27092bd442f9" />
      <TestMethod codeBase="C:/Repositorios/FernandoAssembla/SistemaWeb/TestViaticos/bin/Debug/TestViaticos.DLL" adapterTypeName="Microsoft.VisualStudio.TestTools.TestTypes.Unit.UnitTestAdapter, Microsoft.VisualStudio.QualityTools.Tips.UnitTest.Adapter, Version=10.0.0.0, Culture=neutral, PublicKeyToken=b03f5f7f11d50a3a" className="General.TestUsuarios, TestViaticos, Version=1.0.0.0, Culture=neutral, PublicKeyToken=null" name="deberia_traer_una_unica_area_con_los_datos_de_contacto_de_la_misma" />
    </UnitTest>
    <UnitTest name="al_solicitarle_las_areas_inferiores_de_Fabi_no_debe_traer_ninguna" storage="c:\repositorios\fernandoassembla\sistemaweb\testviaticos\bin\debug\testviaticos.dll" id="bf3ea6c6-ab88-4696-72a1-f31917a72c6c">
      <Execution id="c60ae3fd-7126-4217-9642-9e102b35d4ba" />
      <TestMethod codeBase="C:/Repositorios/FernandoAssembla/SistemaWeb/TestViaticos/bin/Debug/TestViaticos.DLL" adapterTypeName="Microsoft.VisualStudio.TestTools.TestTypes.Unit.UnitTestAdapter, Microsoft.VisualStudio.QualityTools.Tips.UnitTest.Adapter, Version=10.0.0.0, Culture=neutral, PublicKeyToken=b03f5f7f11d50a3a" className="TestViaticos.TestOrganigrama, TestViaticos, Version=1.0.0.0, Culture=neutral, PublicKeyToken=null" name="al_solicitarle_las_areas_inferiores_de_Fabi_no_debe_traer_ninguna" />
    </UnitTest>
    <UnitTest name="Un_organigrama_deberia_poder_decirme_todas_las_areas_inferiores_a_un_area_dada_con_una_estructura_lineal" storage="c:\repositorios\fernandoassembla\sistemaweb\testviaticos\bin\debug\testviaticos.dll" id="043dc452-5b80-2a1c-5140-d90d565722bc">
      <Execution id="51e4e99a-b4cb-4337-921c-e21a9ef1762f" />
      <TestMethod codeBase="C:/Repositorios/FernandoAssembla/SistemaWeb/TestViaticos/bin/Debug/TestViaticos.DLL" adapterTypeName="Microsoft.VisualStudio.TestTools.TestTypes.Unit.UnitTestAdapter, Microsoft.VisualStudio.QualityTools.Tips.UnitTest.Adapter, Version=10.0.0.0, Culture=neutral, PublicKeyToken=b03f5f7f11d50a3a" className="TestViaticos.TestOrganigrama, TestViaticos, Version=1.0.0.0, Culture=neutral, PublicKeyToken=null" name="Un_organigrama_deberia_poder_decirme_todas_las_areas_inferiores_a_un_area_dada_con_una_estructura_lineal" />
    </UnitTest>
    <UnitTest name="al_buscar_por_fecha_desde_y_fecha_hasta_debería_traer_todos_los_documentos_cuya_fecha_está_incluída_en_ese_rango" storage="c:\repositorios\fernandoassembla\sistemaweb\testviaticos\bin\debug\testviaticos.dll" id="8c631ab0-9081-f239-8e5b-8f0f7f274cb2">
      <Execution id="03e84b48-380d-4a2f-829c-0d539dca7773" />
      <TestMethod codeBase="C:/Repositorios/FernandoAssembla/SistemaWeb/TestViaticos/bin/Debug/TestViaticos.DLL" adapterTypeName="Microsoft.VisualStudio.TestTools.TestTypes.Unit.UnitTestAdapter, Microsoft.VisualStudio.QualityTools.Tips.UnitTest.Adapter, Version=10.0.0.0, Culture=neutral, PublicKeyToken=b03f5f7f11d50a3a" className="General.TestFiltroSiCoI, TestViaticos, Version=1.0.0.0, Culture=neutral, PublicKeyToken=null" name="al_buscar_por_fecha_desde_y_fecha_hasta_debería_traer_todos_los_documentos_cuya_fecha_está_incluída_en_ese_rango" />
    </UnitTest>
    <UnitTest name="deberia_crear_una_tabla_con_id_y_descripcion" storage="c:\repositorios\fernandoassembla\sistemaweb\testviaticos\bin\debug\testviaticos.dll" id="71dbce06-b24d-82d9-d3a9-b8664de5dbbb">
      <Execution id="82533fed-ea7f-4b23-8de7-407823bf5bf8" />
      <TestMethod codeBase="C:/Repositorios/FernandoAssembla/SistemaWeb/TestViaticos/bin/Debug/TestViaticos.DLL" adapterTypeName="Microsoft.VisualStudio.TestTools.TestTypes.Unit.UnitTestAdapter, Microsoft.VisualStudio.QualityTools.Tips.UnitTest.Adapter, Version=10.0.0.0, Culture=neutral, PublicKeyToken=b03f5f7f11d50a3a" className="TestViaticos.TestTablasFake, TestViaticos, Version=1.0.0.0, Culture=neutral, PublicKeyToken=null" name="deberia_crear_una_tabla_con_id_y_descripcion" />
    </UnitTest>
    <UnitTest name="no_se_debe_permitir_crear_un_organigrama_donde_tenga_mas_de_un_area_superior_final" storage="c:\repositorios\fernandoassembla\sistemaweb\testviaticos\bin\debug\testviaticos.dll" id="02698425-13df-8609-0cad-f65978180f81">
      <Execution id="db448a82-02c8-42ca-ade4-1e19aeb29261" />
      <TestMethod codeBase="C:/Repositorios/FernandoAssembla/SistemaWeb/TestViaticos/bin/Debug/TestViaticos.DLL" adapterTypeName="Microsoft.VisualStudio.TestTools.TestTypes.Unit.UnitTestAdapter, Microsoft.VisualStudio.QualityTools.Tips.UnitTest.Adapter, Version=10.0.0.0, Culture=neutral, PublicKeyToken=b03f5f7f11d50a3a" className="TestViaticos.TestOrganigrama, TestViaticos, Version=1.0.0.0, Culture=neutral, PublicKeyToken=null" name="no_se_debe_permitir_crear_un_organigrama_donde_tenga_mas_de_un_area_superior_final" />
    </UnitTest>
    <UnitTest name="deberia_poder_obtener_un_curso_del_repositorio_de_cursos" storage="c:\repositorios\fernandoassembla\sistemaweb\testviaticos\bin\debug\testviaticos.dll" id="c564bf77-b387-e233-53e7-c5c85a463602">
      <Execution id="b0af79e8-a414-49b9-8fa3-6f8c97b32f20" />
      <TestMethod codeBase="C:/Repositorios/FernandoAssembla/SistemaWeb/TestViaticos/bin/Debug/TestViaticos.DLL" adapterTypeName="Microsoft.VisualStudio.TestTools.TestTypes.Unit.UnitTestAdapter, Microsoft.VisualStudio.QualityTools.Tips.UnitTest.Adapter, Version=10.0.0.0, Culture=neutral, PublicKeyToken=b03f5f7f11d50a3a" className="TestViaticos.TestRepositorioCursos, TestViaticos, Version=1.0.0.0, Culture=neutral, PublicKeyToken=null" name="deberia_poder_obtener_un_curso_del_repositorio_de_cursos" />
    </UnitTest>
    <UnitTest name="deberia_poder_validar_si_un_objeto_esta_en_una_coleccion" storage="c:\repositorios\fernandoassembla\sistemaweb\testviaticos\bin\debug\testviaticos.dll" id="6e2099d5-ff03-21ed-7c09-0bc58519434c">
      <Execution id="98c68283-0a34-4f18-8394-3665b7717fd8" />
      <TestMethod codeBase="C:/Repositorios/FernandoAssembla/SistemaWeb/TestViaticos/bin/Debug/TestViaticos.DLL" adapterTypeName="Microsoft.VisualStudio.TestTools.TestTypes.Unit.UnitTestAdapter, Microsoft.VisualStudio.QualityTools.Tips.UnitTest.Adapter, Version=10.0.0.0, Culture=neutral, PublicKeyToken=b03f5f7f11d50a3a" className="TestViaticos.TestValidador, TestViaticos, Version=1.0.0.0, Culture=neutral, PublicKeyToken=null" name="deberia_poder_validar_si_un_objeto_esta_en_una_coleccion" />
    </UnitTest>
    <UnitTest name="al_buscar_por_un_numero_de_ticket__de_documento_o_parte_de_él_debe_traer_todos_los_documentos_que_cumplen_con_ello" storage="c:\repositorios\fernandoassembla\sistemaweb\testviaticos\bin\debug\testviaticos.dll" id="88eff91e-3ca2-b202-c4d3-20146aaa990f">
      <Execution id="8d71bd49-51ea-4d92-a933-9f8c9a3c123c" />
      <TestMethod codeBase="C:/Repositorios/FernandoAssembla/SistemaWeb/TestViaticos/bin/Debug/TestViaticos.DLL" adapterTypeName="Microsoft.VisualStudio.TestTools.TestTypes.Unit.UnitTestAdapter, Microsoft.VisualStudio.QualityTools.Tips.UnitTest.Adapter, Version=10.0.0.0, Culture=neutral, PublicKeyToken=b03f5f7f11d50a3a" className="General.TestFiltroSiCoI, TestViaticos, Version=1.0.0.0, Culture=neutral, PublicKeyToken=null" name="al_buscar_por_un_numero_de_ticket__de_documento_o_parte_de_él_debe_traer_todos_los_documentos_que_cumplen_con_ello" />
    </UnitTest>
    <UnitTest name="deberia_poder_obtener_todos_los_datos_del_area_y_ver_que_estan_completos" storage="c:\repositorios\fernandoassembla\sistemaweb\testviaticos\bin\debug\testviaticos.dll" id="a44cf039-3a08-31a6-19c4-66a5660ef220">
      <Execution id="3e5fda14-4686-40ff-96da-22e834130351" />
      <TestMethod codeBase="C:/Repositorios/FernandoAssembla/SistemaWeb/TestViaticos/bin/Debug/TestViaticos.DLL" adapterTypeName="Microsoft.VisualStudio.TestTools.TestTypes.Unit.UnitTestAdapter, Microsoft.VisualStudio.QualityTools.Tips.UnitTest.Adapter, Version=10.0.0.0, Culture=neutral, PublicKeyToken=b03f5f7f11d50a3a" className="TestViaticos.TestRepositorioAreas, TestViaticos, Version=1.0.0.0, Culture=neutral, PublicKeyToken=null" name="deberia_poder_obtener_todos_los_datos_del_area_y_ver_que_estan_completos" />
    </UnitTest>
    <UnitTest name="deberia_crear_una_tabla_con_nombre_y_un_valor_Juan" storage="c:\repositorios\fernandoassembla\sistemaweb\testviaticos\bin\debug\testviaticos.dll" id="6325cb50-8252-7333-a10e-129eb61d4a7d">
      <Execution id="32120011-c438-455c-a5d3-0c4cba465065" />
      <TestMethod codeBase="C:/Repositorios/FernandoAssembla/SistemaWeb/TestViaticos/bin/Debug/TestViaticos.DLL" adapterTypeName="Microsoft.VisualStudio.TestTools.TestTypes.Unit.UnitTestAdapter, Microsoft.VisualStudio.QualityTools.Tips.UnitTest.Adapter, Version=10.0.0.0, Culture=neutral, PublicKeyToken=b03f5f7f11d50a3a" className="TestViaticos.TestTablasFake, TestViaticos, Version=1.0.0.0, Culture=neutral, PublicKeyToken=null" name="deberia_crear_una_tabla_con_nombre_y_un_valor_Juan" />
    </UnitTest>
    <UnitTest name="deberia_poder_tener_los_checkboxes_seleccionados_de_un_request" storage="c:\repositorios\fernandoassembla\sistemaweb\testviaticos\bin\debug\testviaticos.dll" id="2a085327-6b89-00de-3f93-60ecccb235b6">
      <Execution id="6081d454-f27e-476b-a253-06a66dfda3b5" />
      <TestMethod codeBase="C:/Repositorios/FernandoAssembla/SistemaWeb/TestViaticos/bin/Debug/TestViaticos.DLL" adapterTypeName="Microsoft.VisualStudio.TestTools.TestTypes.Unit.UnitTestAdapter, Microsoft.VisualStudio.QualityTools.Tips.UnitTest.Adapter, Version=10.0.0.0, Culture=neutral, PublicKeyToken=b03f5f7f11d50a3a" className="WebRhUITestNew.ControladorDeWebControlsTest, TestViaticos, Version=1.0.0.0, Culture=neutral, PublicKeyToken=null" name="deberia_poder_tener_los_checkboxes_seleccionados_de_un_request" />
    </UnitTest>
    <UnitTest name="no_deberia_poder_tener_un_documento_sin_categoria" storage="c:\repositorios\fernandoassembla\sistemaweb\testviaticos\bin\debug\testviaticos.dll" id="751e279c-34dc-9434-036d-cf7c6e4fd783">
      <Execution id="34537cca-b9fa-4c42-a510-bb42ec2c11cc" />
      <TestMethod codeBase="C:/Repositorios/FernandoAssembla/SistemaWeb/TestViaticos/bin/Debug/TestViaticos.DLL" adapterTypeName="Microsoft.VisualStudio.TestTools.TestTypes.Unit.UnitTestAdapter, Microsoft.VisualStudio.QualityTools.Tips.UnitTest.Adapter, Version=10.0.0.0, Culture=neutral, PublicKeyToken=b03f5f7f11d50a3a" className="TestViaticos.TestDocumentos, TestViaticos, Version=1.0.0.0, Culture=neutral, PublicKeyToken=null" name="no_deberia_poder_tener_un_documento_sin_categoria" />
    </UnitTest>
    <UnitTest name="deberia_poder_obtener_todos_los_tipos_de_documento" storage="c:\repositorios\fernandoassembla\sistemaweb\testviaticos\bin\debug\testviaticos.dll" id="c966b980-8b4f-c10a-2879-8a06a8c7add4">
      <Execution id="7ceaf583-1207-4673-ae6d-5cd7a30c19bf" />
      <TestMethod codeBase="C:/Repositorios/FernandoAssembla/SistemaWeb/TestViaticos/bin/Debug/TestViaticos.DLL" adapterTypeName="Microsoft.VisualStudio.TestTools.TestTypes.Unit.UnitTestAdapter, Microsoft.VisualStudio.QualityTools.Tips.UnitTest.Adapter, Version=10.0.0.0, Culture=neutral, PublicKeyToken=b03f5f7f11d50a3a" className="TestViaticos.TestRepositorioDocumentos, TestViaticos, Version=1.0.0.0, Culture=neutral, PublicKeyToken=null" name="deberia_poder_obtener_todos_los_tipos_de_documento" />
    </UnitTest>
    <UnitTest name="al_buscar_en_una_lista_de_áreas_un_fax_devuelve_todos_las_áreas_cuyo_fax_de_asistente_o_responsable_o_area_contiene_el_texto_buscado" storage="c:\repositorios\fernandoassembla\sistemaweb\testviaticos\bin\debug\testviaticos.dll" id="3c877ef7-ef07-0820-9e58-ae76fdaedfb0">
      <Execution id="366141bc-3f42-45ec-95ab-c92de99e5668" />
      <TestMethod codeBase="C:/Repositorios/FernandoAssembla/SistemaWeb/TestViaticos/bin/Debug/TestViaticos.DLL" adapterTypeName="Microsoft.VisualStudio.TestTools.TestTypes.Unit.UnitTestAdapter, Microsoft.VisualStudio.QualityTools.Tips.UnitTest.Adapter, Version=10.0.0.0, Culture=neutral, PublicKeyToken=b03f5f7f11d50a3a" className="General.TestProtocolo, TestViaticos, Version=1.0.0.0, Culture=neutral, PublicKeyToken=null" name="al_buscar_en_una_lista_de_áreas_un_fax_devuelve_todos_las_áreas_cuyo_fax_de_asistente_o_responsable_o_area_contiene_el_texto_buscado" />
    </UnitTest>
    <UnitTest name="deberia_poder_obtener_un_viatico_sin_estadias_pasajes_ni_transiciones" storage="c:\repositorios\fernandoassembla\sistemaweb\testviaticos\bin\debug\testviaticos.dll" id="410ae35c-c491-52ff-8ca7-16593197aa91">
      <Execution id="9ccbca9f-d1c3-4df9-8d32-652584f45fcf" />
      <TestMethod codeBase="C:/Repositorios/FernandoAssembla/SistemaWeb/TestViaticos/bin/Debug/TestViaticos.DLL" adapterTypeName="Microsoft.VisualStudio.TestTools.TestTypes.Unit.UnitTestAdapter, Microsoft.VisualStudio.QualityTools.Tips.UnitTest.Adapter, Version=10.0.0.0, Culture=neutral, PublicKeyToken=b03f5f7f11d50a3a" className="TestViaticos.TestRepositorioDeViaticos, TestViaticos, Version=1.0.0.0, Culture=neutral, PublicKeyToken=null" name="deberia_poder_obtener_un_viatico_sin_estadias_pasajes_ni_transiciones" />
    </UnitTest>
    <UnitTest name="deberia_crear_una_tabla_con_id_y_un_valor_1" storage="c:\repositorios\fernandoassembla\sistemaweb\testviaticos\bin\debug\testviaticos.dll" id="a91c3d07-7c7d-1fe6-99ad-80e4a1548474">
      <Execution id="3827e041-ea28-42e5-a6b8-c42a5153c4fc" />
      <TestMethod codeBase="C:/Repositorios/FernandoAssembla/SistemaWeb/TestViaticos/bin/Debug/TestViaticos.DLL" adapterTypeName="Microsoft.VisualStudio.TestTools.TestTypes.Unit.UnitTestAdapter, Microsoft.VisualStudio.QualityTools.Tips.UnitTest.Adapter, Version=10.0.0.0, Culture=neutral, PublicKeyToken=b03f5f7f11d50a3a" className="TestViaticos.TestTablasFake, TestViaticos, Version=1.0.0.0, Culture=neutral, PublicKeyToken=null" name="deberia_crear_una_tabla_con_id_y_un_valor_1" />
    </UnitTest>
    <UnitTest name="dado_a9_quiero_b0" storage="c:\repositorios\fernandoassembla\sistemaweb\testviaticos\bin\debug\testviaticos.dll" id="e51e2c6f-d445-6901-d7cc-9c752d9465ed">
      <Execution id="39953dd3-cbaa-4910-9aeb-35d37454f19c" />
      <TestMethod codeBase="C:/Repositorios/FernandoAssembla/SistemaWeb/TestViaticos/bin/Debug/TestViaticos.DLL" adapterTypeName="Microsoft.VisualStudio.TestTools.TestTypes.Unit.UnitTestAdapter, Microsoft.VisualStudio.QualityTools.Tips.UnitTest.Adapter, Version=10.0.0.0, Culture=neutral, PublicKeyToken=b03f5f7f11d50a3a" className="Tests.CodigoTareaTest, TestViaticos, Version=1.0.0.0, Culture=neutral, PublicKeyToken=null" name="dado_a9_quiero_b0" />
    </UnitTest>
    <UnitTest name="si_un_area_no_tiene_alias_deberia_devolver_el_nombre_completo_sin_alias" storage="c:\repositorios\fernandoassembla\sistemaweb\testviaticos\bin\debug\testviaticos.dll" id="72c59001-deaf-0f88-ce47-97c9b2e78292">
      <Execution id="8ac1fe10-342b-4d83-96bc-47c99534af19" />
      <TestMethod codeBase="C:/Repositorios/FernandoAssembla/SistemaWeb/TestViaticos/bin/Debug/TestViaticos.DLL" adapterTypeName="Microsoft.VisualStudio.TestTools.TestTypes.Unit.UnitTestAdapter, Microsoft.VisualStudio.QualityTools.Tips.UnitTest.Adapter, Version=10.0.0.0, Culture=neutral, PublicKeyToken=b03f5f7f11d50a3a" className="TestViaticos.TestRepositorioAreas, TestViaticos, Version=1.0.0.0, Culture=neutral, PublicKeyToken=null" name="si_un_area_no_tiene_alias_deberia_devolver_el_nombre_completo_sin_alias" />
    </UnitTest>
    <UnitTest name="Un_organigrama_deberia_poder_decirme_todas_las_areas_que_posee" storage="c:\repositorios\fernandoassembla\sistemaweb\testviaticos\bin\debug\testviaticos.dll" id="bb2112d4-68ef-15b6-48ec-73b20e57caa9">
      <Execution id="c86ba084-3d02-45b9-a7bb-46898ff29f82" />
      <TestMethod codeBase="C:/Repositorios/FernandoAssembla/SistemaWeb/TestViaticos/bin/Debug/TestViaticos.DLL" adapterTypeName="Microsoft.VisualStudio.TestTools.TestTypes.Unit.UnitTestAdapter, Microsoft.VisualStudio.QualityTools.Tips.UnitTest.Adapter, Version=10.0.0.0, Culture=neutral, PublicKeyToken=b03f5f7f11d50a3a" className="TestViaticos.TestOrganigrama, TestViaticos, Version=1.0.0.0, Culture=neutral, PublicKeyToken=null" name="Un_organigrama_deberia_poder_decirme_todas_las_areas_que_posee" />
    </UnitTest>
    <UnitTest name="deberia_poder_obtener_los_ids_de_las_entidades_seleccionadas" storage="c:\repositorios\fernandoassembla\sistemaweb\testviaticos\bin\debug\testviaticos.dll" id="1b646755-e25c-9dea-839f-b5f817062984">
      <Execution id="c28ebb84-780b-4204-b32d-f686a7952184" />
      <TestMethod codeBase="C:/Repositorios/FernandoAssembla/SistemaWeb/TestViaticos/bin/Debug/TestViaticos.DLL" adapterTypeName="Microsoft.VisualStudio.TestTools.TestTypes.Unit.UnitTestAdapter, Microsoft.VisualStudio.QualityTools.Tips.UnitTest.Adapter, Version=10.0.0.0, Culture=neutral, PublicKeyToken=b03f5f7f11d50a3a" className="WebRhUITestNew.ControladorDeWebControlsTest, TestViaticos, Version=1.0.0.0, Culture=neutral, PublicKeyToken=null" name="deberia_poder_obtener_los_ids_de_las_entidades_seleccionadas" />
    </UnitTest>
    <UnitTest name="dado_un_area_quiero_saber_direccion_telefono_y_mail_del_area" storage="c:\repositorios\fernandoassembla\sistemaweb\testviaticos\bin\debug\testviaticos.dll" id="5d6cb36d-d345-b7c7-27f1-f7052ce8d166">
      <Execution id="5d2f64b2-5042-4814-9f92-ff874b7ee038" />
      <TestMethod codeBase="C:/Repositorios/FernandoAssembla/SistemaWeb/TestViaticos/bin/Debug/TestViaticos.DLL" adapterTypeName="Microsoft.VisualStudio.TestTools.TestTypes.Unit.UnitTestAdapter, Microsoft.VisualStudio.QualityTools.Tips.UnitTest.Adapter, Version=10.0.0.0, Culture=neutral, PublicKeyToken=b03f5f7f11d50a3a" className="General.TestUsuarios, TestViaticos, Version=1.0.0.0, Culture=neutral, PublicKeyToken=null" name="dado_un_area_quiero_saber_direccion_telefono_y_mail_del_area" />
    </UnitTest>
    <UnitTest name="no_deberia_poder_tener_un_documento_sin_tipo" storage="c:\repositorios\fernandoassembla\sistemaweb\testviaticos\bin\debug\testviaticos.dll" id="cc560ad4-66d2-6e1b-fa1e-c1f8f0f47258">
      <Execution id="536abe33-56b4-4118-b7f1-4793b762ed2b" />
      <TestMethod codeBase="C:/Repositorios/FernandoAssembla/SistemaWeb/TestViaticos/bin/Debug/TestViaticos.DLL" adapterTypeName="Microsoft.VisualStudio.TestTools.TestTypes.Unit.UnitTestAdapter, Microsoft.VisualStudio.QualityTools.Tips.UnitTest.Adapter, Version=10.0.0.0, Culture=neutral, PublicKeyToken=b03f5f7f11d50a3a" className="TestViaticos.TestDocumentos, TestViaticos, Version=1.0.0.0, Culture=neutral, PublicKeyToken=null" name="no_deberia_poder_tener_un_documento_sin_tipo" />
    </UnitTest>
    <UnitTest name="deberia_traer_viaticos_que_esten_pendientes_del_area_939_y__perido_011012_al_261012" storage="c:\repositorios\fernandoassembla\sistemaweb\testviaticos\bin\debug\testviaticos.dll" id="59ff1f84-feae-06d2-b4cb-39b785e26703">
      <Execution id="59828f30-ea6c-4e29-8649-872b717903e5" />
      <TestMethod codeBase="C:/Repositorios/FernandoAssembla/SistemaWeb/TestViaticos/bin/Debug/TestViaticos.DLL" adapterTypeName="Microsoft.VisualStudio.TestTools.TestTypes.Unit.UnitTestAdapter, Microsoft.VisualStudio.QualityTools.Tips.UnitTest.Adapter, Version=10.0.0.0, Culture=neutral, PublicKeyToken=b03f5f7f11d50a3a" className="TestViaticos.TestConsultas, TestViaticos, Version=1.0.0.0, Culture=neutral, PublicKeyToken=null" name="deberia_traer_viaticos_que_esten_pendientes_del_area_939_y__perido_011012_al_261012" />
    </UnitTest>
    <UnitTest name="dado_un_curso_que_se_cursa_los_lunes_y_jueves_cuando_le_pregunto_cuantos_dias_de_cursada_hay_en_febrero_de_2013_me_dice_6_porque_dos_son_feriados" storage="c:\repositorios\fernandoassembla\sistemaweb\testviaticos\bin\debug\testviaticos.dll" id="7b7bd90a-9390-9d92-5600-532eb0a44a2a">
      <Execution id="a0f98e0e-c003-47d6-9850-01f4cfd07d7d" />
      <TestMethod codeBase="C:/Repositorios/FernandoAssembla/SistemaWeb/TestViaticos/bin/Debug/TestViaticos.DLL" adapterTypeName="Microsoft.VisualStudio.TestTools.TestTypes.Unit.UnitTestAdapter, Microsoft.VisualStudio.QualityTools.Tips.UnitTest.Adapter, Version=10.0.0.0, Culture=neutral, PublicKeyToken=b03f5f7f11d50a3a" className="TestViaticos.TestCalendarioDeCurso, TestViaticos, Version=1.0.0.0, Culture=neutral, PublicKeyToken=null" name="dado_un_curso_que_se_cursa_los_lunes_y_jueves_cuando_le_pregunto_cuantos_dias_de_cursada_hay_en_febrero_de_2013_me_dice_6_porque_dos_son_feriados" />
    </UnitTest>
    <UnitTest name="deberia_poder_agregar_un_row_desde_una_entidad_especificando_como_obtener_los_valores_a_partir_de_la_misma" storage="c:\repositorios\fernandoassembla\sistemaweb\testviaticos\bin\debug\testviaticos.dll" id="8d450b91-f2a6-e64d-c4a7-eee63e8851da">
      <Execution id="224217ce-6ffe-4739-b10b-91447330ff77" />
      <TestMethod codeBase="C:/Repositorios/FernandoAssembla/SistemaWeb/TestViaticos/bin/Debug/TestViaticos.DLL" adapterTypeName="Microsoft.VisualStudio.TestTools.TestTypes.Unit.UnitTestAdapter, Microsoft.VisualStudio.QualityTools.Tips.UnitTest.Adapter, Version=10.0.0.0, Culture=neutral, PublicKeyToken=b03f5f7f11d50a3a" className="WebRhUITestNew.TestRenderizadorDeTablas, TestViaticos, Version=1.0.0.0, Culture=neutral, PublicKeyToken=null" name="deberia_poder_agregar_un_row_desde_una_entidad_especificando_como_obtener_los_valores_a_partir_de_la_misma" />
    </UnitTest>
    <UnitTest name="al_buscar_en_una_lista_de_áreas_por_Asistentes_de_área_a_Ana_debe_traer_dos_areas_donde_existen_dos_personas_llamadas_Ana_que_son_secreatarias_en_cada_area" storage="c:\repositorios\fernandoassembla\sistemaweb\testviaticos\bin\debug\testviaticos.dll" id="25415686-6584-7e2c-956a-c8ad4a11141c">
      <Execution id="c7c53f70-b672-4f4a-8646-ddd4c72b2813" />
      <TestMethod codeBase="C:/Repositorios/FernandoAssembla/SistemaWeb/TestViaticos/bin/Debug/TestViaticos.DLL" adapterTypeName="Microsoft.VisualStudio.TestTools.TestTypes.Unit.UnitTestAdapter, Microsoft.VisualStudio.QualityTools.Tips.UnitTest.Adapter, Version=10.0.0.0, Culture=neutral, PublicKeyToken=b03f5f7f11d50a3a" className="General.TestProtocolo, TestViaticos, Version=1.0.0.0, Culture=neutral, PublicKeyToken=null" name="al_buscar_en_una_lista_de_áreas_por_Asistentes_de_área_a_Ana_debe_traer_dos_areas_donde_existen_dos_personas_llamadas_Ana_que_son_secreatarias_en_cada_area" />
    </UnitTest>
    <UnitTest name="deberia_mostrarme_una_unica_vez_la_secretaria_que_posee_el_area_cuando_los_datos_estan_repetidos" storage="c:\repositorios\fernandoassembla\sistemaweb\testviaticos\bin\debug\testviaticos.dll" id="82d93e8f-20e5-8c41-b9f1-1d42beccc7c0">
      <Execution id="f5511ab5-f6f1-46a8-b315-f5eb6f08c7ec" />
      <TestMethod codeBase="C:/Repositorios/FernandoAssembla/SistemaWeb/TestViaticos/bin/Debug/TestViaticos.DLL" adapterTypeName="Microsoft.VisualStudio.TestTools.TestTypes.Unit.UnitTestAdapter, Microsoft.VisualStudio.QualityTools.Tips.UnitTest.Adapter, Version=10.0.0.0, Culture=neutral, PublicKeyToken=b03f5f7f11d50a3a" className="General.TestUsuarios, TestViaticos, Version=1.0.0.0, Culture=neutral, PublicKeyToken=null" name="deberia_mostrarme_una_unica_vez_la_secretaria_que_posee_el_area_cuando_los_datos_estan_repetidos" />
    </UnitTest>
    <UnitTest name="al_buscar_en_una_lista_de_áreas_una_parte_de_telefono_devuelve_todos_las_áreas_cuyo_telefono_de_asistente_o_responsable_o_area_contiene_el_texto_buscado" storage="c:\repositorios\fernandoassembla\sistemaweb\testviaticos\bin\debug\testviaticos.dll" id="60d191e8-f802-0c16-9722-35844f243666">
      <Execution id="58902458-c971-48fe-a292-e71a068bb4d0" />
      <TestMethod codeBase="C:/Repositorios/FernandoAssembla/SistemaWeb/TestViaticos/bin/Debug/TestViaticos.DLL" adapterTypeName="Microsoft.VisualStudio.TestTools.TestTypes.Unit.UnitTestAdapter, Microsoft.VisualStudio.QualityTools.Tips.UnitTest.Adapter, Version=10.0.0.0, Culture=neutral, PublicKeyToken=b03f5f7f11d50a3a" className="General.TestProtocolo, TestViaticos, Version=1.0.0.0, Culture=neutral, PublicKeyToken=null" name="al_buscar_en_una_lista_de_áreas_una_parte_de_telefono_devuelve_todos_las_áreas_cuyo_telefono_de_asistente_o_responsable_o_area_contiene_el_texto_buscado" />
    </UnitTest>
    <UnitTest name="mensajeria_no_deberia_fallar_cuando_un_documento_no_tiene_trancisiones" storage="c:\repositorios\fernandoassembla\sistemaweb\testviaticos\bin\debug\testviaticos.dll" id="cecd7ff2-d148-29e8-850a-7574ad3e7580">
      <Execution id="802fe155-6b83-4c4d-83bc-49c433fb37f3" />
      <TestMethod codeBase="C:/Repositorios/FernandoAssembla/SistemaWeb/TestViaticos/bin/Debug/TestViaticos.DLL" adapterTypeName="Microsoft.VisualStudio.TestTools.TestTypes.Unit.UnitTestAdapter, Microsoft.VisualStudio.QualityTools.Tips.UnitTest.Adapter, Version=10.0.0.0, Culture=neutral, PublicKeyToken=b03f5f7f11d50a3a" className="TestViaticos.TestMensajeria, TestViaticos, Version=1.0.0.0, Culture=neutral, PublicKeyToken=null" name="mensajeria_no_deberia_fallar_cuando_un_documento_no_tiene_trancisiones" />
    </UnitTest>
    <UnitTest name="mensajeria_deberia_poder_generar_una_transicion_futura" storage="c:\repositorios\fernandoassembla\sistemaweb\testviaticos\bin\debug\testviaticos.dll" id="e1d67ae5-71d9-5872-41a1-7a2a4d910702">
      <Execution id="6cf01259-8c9a-416d-a0ec-c70beccbc3fa" />
      <TestMethod codeBase="C:/Repositorios/FernandoAssembla/SistemaWeb/TestViaticos/bin/Debug/TestViaticos.DLL" adapterTypeName="Microsoft.VisualStudio.TestTools.TestTypes.Unit.UnitTestAdapter, Microsoft.VisualStudio.QualityTools.Tips.UnitTest.Adapter, Version=10.0.0.0, Culture=neutral, PublicKeyToken=b03f5f7f11d50a3a" className="TestViaticos.TestMensajeria, TestViaticos, Version=1.0.0.0, Culture=neutral, PublicKeyToken=null" name="mensajeria_deberia_poder_generar_una_transicion_futura" />
    </UnitTest>
    <UnitTest name="al_buscar_por_una_palabra_del_comentario_del_documento_debe_traer_todos_los_documentos_que_cumplen_con_ello" storage="c:\repositorios\fernandoassembla\sistemaweb\testviaticos\bin\debug\testviaticos.dll" id="cd2ddf59-b1d1-4ffd-b77a-55d96a13b533">
      <Execution id="5f55ffd9-f939-44ab-acbd-fc288c9cbfa4" />
      <TestMethod codeBase="C:/Repositorios/FernandoAssembla/SistemaWeb/TestViaticos/bin/Debug/TestViaticos.DLL" adapterTypeName="Microsoft.VisualStudio.TestTools.TestTypes.Unit.UnitTestAdapter, Microsoft.VisualStudio.QualityTools.Tips.UnitTest.Adapter, Version=10.0.0.0, Culture=neutral, PublicKeyToken=b03f5f7f11d50a3a" className="General.TestFiltroSiCoI, TestViaticos, Version=1.0.0.0, Culture=neutral, PublicKeyToken=null" name="al_buscar_por_una_palabra_del_comentario_del_documento_debe_traer_todos_los_documentos_que_cumplen_con_ello" />
    </UnitTest>
    <UnitTest name="deberia_poder_obtener_todos_los_tipos_de_documento_con_su_sigla" storage="c:\repositorios\fernandoassembla\sistemaweb\testviaticos\bin\debug\testviaticos.dll" id="1f3c9d7b-63ee-b9a1-f8d0-46e85a0a6255">
      <Execution id="9ee8af87-e3cd-43b1-aa47-c74f1b6f2007" />
      <TestMethod codeBase="C:/Repositorios/FernandoAssembla/SistemaWeb/TestViaticos/bin/Debug/TestViaticos.DLL" adapterTypeName="Microsoft.VisualStudio.TestTools.TestTypes.Unit.UnitTestAdapter, Microsoft.VisualStudio.QualityTools.Tips.UnitTest.Adapter, Version=10.0.0.0, Culture=neutral, PublicKeyToken=b03f5f7f11d50a3a" className="TestViaticos.TestRepositorioDocumentos, TestViaticos, Version=1.0.0.0, Culture=neutral, PublicKeyToken=null" name="deberia_poder_obtener_todos_los_tipos_de_documento_con_su_sigla" />
    </UnitTest>
    <UnitTest name="deberia_traer_viaticos_de_BELEN_011012_261012" storage="c:\repositorios\fernandoassembla\sistemaweb\testviaticos\bin\debug\testviaticos.dll" id="c2c53443-9c7d-40b6-5a5a-6d158c6cf141">
      <Execution id="79d7c632-12f8-492b-b3d2-6bc63e8bdf63" />
      <TestMethod codeBase="C:/Repositorios/FernandoAssembla/SistemaWeb/TestViaticos/bin/Debug/TestViaticos.DLL" adapterTypeName="Microsoft.VisualStudio.TestTools.TestTypes.Unit.UnitTestAdapter, Microsoft.VisualStudio.QualityTools.Tips.UnitTest.Adapter, Version=10.0.0.0, Culture=neutral, PublicKeyToken=b03f5f7f11d50a3a" className="TestViaticos.TestConsultas, TestViaticos, Version=1.0.0.0, Culture=neutral, PublicKeyToken=null" name="deberia_traer_viaticos_de_BELEN_011012_261012" />
    </UnitTest>
    <UnitTest name="dado_un_curso_que_se_cursa_los_lunes_y_jueves_cuando_le_pregunto_cuantos_dias_de_cursada_hay_inlcuyendo_feriados_en_febrero_de_2013_me_dice_8_porque_dos_son_feriados" storage="c:\repositorios\fernandoassembla\sistemaweb\testviaticos\bin\debug\testviaticos.dll" id="98d79b4f-0fef-791a-b39b-89c03b95d3e3">
      <Execution id="8fd2ba83-9021-40f0-a94f-70cff4637eb9" />
      <TestMethod codeBase="C:/Repositorios/FernandoAssembla/SistemaWeb/TestViaticos/bin/Debug/TestViaticos.DLL" adapterTypeName="Microsoft.VisualStudio.TestTools.TestTypes.Unit.UnitTestAdapter, Microsoft.VisualStudio.QualityTools.Tips.UnitTest.Adapter, Version=10.0.0.0, Culture=neutral, PublicKeyToken=b03f5f7f11d50a3a" className="TestViaticos.TestCalendarioDeCurso, TestViaticos, Version=1.0.0.0, Culture=neutral, PublicKeyToken=null" name="dado_un_curso_que_se_cursa_los_lunes_y_jueves_cuando_le_pregunto_cuantos_dias_de_cursada_hay_inlcuyendo_feriados_en_febrero_de_2013_me_dice_8_porque_dos_son_feriados" />
    </UnitTest>
    <UnitTest name="no_deberia_poder_cargar_una_inasistencia_que_ya_fue_cargada" storage="c:\repositorios\fernandoassembla\sistemaweb\testviaticos\bin\debug\testviaticos.dll" id="8a58efc7-4718-9311-fb8b-2fde70b8e8da">
      <Execution id="6b37a39f-3deb-49c0-b29d-5bca07cf3e2a" />
      <TestMethod codeBase="C:/Repositorios/FernandoAssembla/SistemaWeb/TestViaticos/bin/Debug/TestViaticos.DLL" adapterTypeName="Microsoft.VisualStudio.TestTools.TestTypes.Unit.UnitTestAdapter, Microsoft.VisualStudio.QualityTools.Tips.UnitTest.Adapter, Version=10.0.0.0, Culture=neutral, PublicKeyToken=b03f5f7f11d50a3a" className="TestViaticos.TestPlanillaMensual, TestViaticos, Version=1.0.0.0, Culture=neutral, PublicKeyToken=null" name="no_deberia_poder_cargar_una_inasistencia_que_ya_fue_cargada" />
    </UnitTest>
    <UnitTest name="deberia_considerar_las_estadias_comenzadas_en_el_periodo" storage="c:\repositorios\fernandoassembla\sistemaweb\testviaticos\bin\debug\testviaticos.dll" id="e22ce867-04ec-cc74-8f00-0fdb0256cb9f">
      <Execution id="e23b7479-cd0d-472e-966f-d62da22bd6cd" />
      <TestMethod codeBase="C:/Repositorios/FernandoAssembla/SistemaWeb/TestViaticos/bin/Debug/TestViaticos.DLL" adapterTypeName="Microsoft.VisualStudio.TestTools.TestTypes.Unit.UnitTestAdapter, Microsoft.VisualStudio.QualityTools.Tips.UnitTest.Adapter, Version=10.0.0.0, Culture=neutral, PublicKeyToken=b03f5f7f11d50a3a" className="TestViaticos.TestConsultas, TestViaticos, Version=1.0.0.0, Culture=neutral, PublicKeyToken=null" name="deberia_considerar_las_estadias_comenzadas_en_el_periodo" />
    </UnitTest>
    <UnitTest name="al_buscar_por_reponsable_de_area_a_Fabian_deberia_traerme_el_area_cuyo_nombre_de_responsable_es_Fabian" storage="c:\repositorios\fernandoassembla\sistemaweb\testviaticos\bin\debug\testviaticos.dll" id="c09a892a-1cf8-8734-95e1-5859c143f708">
      <Execution id="cd6eab80-8f03-46f0-8fd4-05e0a04bdeb6" />
      <TestMethod codeBase="C:/Repositorios/FernandoAssembla/SistemaWeb/TestViaticos/bin/Debug/TestViaticos.DLL" adapterTypeName="Microsoft.VisualStudio.TestTools.TestTypes.Unit.UnitTestAdapter, Microsoft.VisualStudio.QualityTools.Tips.UnitTest.Adapter, Version=10.0.0.0, Culture=neutral, PublicKeyToken=b03f5f7f11d50a3a" className="General.TestProtocolo, TestViaticos, Version=1.0.0.0, Culture=neutral, PublicKeyToken=null" name="al_buscar_por_reponsable_de_area_a_Fabian_deberia_traerme_el_area_cuyo_nombre_de_responsable_es_Fabian" />
    </UnitTest>
    <UnitTest name="deberia_fallar_si_nada_indica_el_tipo_de_una_columna" storage="c:\repositorios\fernandoassembla\sistemaweb\testviaticos\bin\debug\testviaticos.dll" id="c5bc7be4-1c6a-1e48-0dbd-f119f73d764c">
      <Execution id="53562926-ab07-4ffe-bc99-e81db5fa6e23" />
      <TestMethod codeBase="C:/Repositorios/FernandoAssembla/SistemaWeb/TestViaticos/bin/Debug/TestViaticos.DLL" adapterTypeName="Microsoft.VisualStudio.TestTools.TestTypes.Unit.UnitTestAdapter, Microsoft.VisualStudio.QualityTools.Tips.UnitTest.Adapter, Version=10.0.0.0, Culture=neutral, PublicKeyToken=b03f5f7f11d50a3a" className="TestViaticos.TestTablasFake, TestViaticos, Version=1.0.0.0, Culture=neutral, PublicKeyToken=null" name="deberia_fallar_si_nada_indica_el_tipo_de_una_columna" />
    </UnitTest>
    <UnitTest name="no_se_puede_solicitar_el_área_superior_del_área_maxima_sino_que_debería_dar_una_excepción" storage="c:\repositorios\fernandoassembla\sistemaweb\testviaticos\bin\debug\testviaticos.dll" id="086213ff-7e23-a50c-0de2-c7f0fd67fbca">
      <Execution id="a108a069-e779-4edc-97d1-65138d358e1a" />
      <TestMethod codeBase="C:/Repositorios/FernandoAssembla/SistemaWeb/TestViaticos/bin/Debug/TestViaticos.DLL" adapterTypeName="Microsoft.VisualStudio.TestTools.TestTypes.Unit.UnitTestAdapter, Microsoft.VisualStudio.QualityTools.Tips.UnitTest.Adapter, Version=10.0.0.0, Culture=neutral, PublicKeyToken=b03f5f7f11d50a3a" className="TestViaticos.TestOrganigrama, TestViaticos, Version=1.0.0.0, Culture=neutral, PublicKeyToken=null" name="no_se_puede_solicitar_el_área_superior_del_área_maxima_sino_que_debería_dar_una_excepción" />
    </UnitTest>
    <UnitTest name="fabian_deberia_tener_acceso_a_viaticos_y_a_documentos" storage="c:\repositorios\fernandoassembla\sistemaweb\testviaticos\bin\debug\testviaticos.dll" id="abcb6bdb-8479-892d-4456-095226c976bc">
      <Execution id="35c647ee-4753-4c87-8681-5ed1cb849ed9" />
      <TestMethod codeBase="C:/Repositorios/FernandoAssembla/SistemaWeb/TestViaticos/bin/Debug/TestViaticos.DLL" adapterTypeName="Microsoft.VisualStudio.TestTools.TestTypes.Unit.UnitTestAdapter, Microsoft.VisualStudio.QualityTools.Tips.UnitTest.Adapter, Version=10.0.0.0, Culture=neutral, PublicKeyToken=b03f5f7f11d50a3a" className="TestViaticos.TestRepositorioUsuarios, TestViaticos, Version=1.0.0.0, Culture=neutral, PublicKeyToken=null" name="fabian_deberia_tener_acceso_a_viaticos_y_a_documentos" />
    </UnitTest>
    <UnitTest name="fabian_deberia_tener_solo_un_area_con_un_asistente" storage="c:\repositorios\fernandoassembla\sistemaweb\testviaticos\bin\debug\testviaticos.dll" id="2c561612-6ace-d4f5-3ea0-2b63589d272c">
      <Execution id="0e8745e8-3ad7-4c1f-a9dc-919ab640d215" />
      <TestMethod codeBase="C:/Repositorios/FernandoAssembla/SistemaWeb/TestViaticos/bin/Debug/TestViaticos.DLL" adapterTypeName="Microsoft.VisualStudio.TestTools.TestTypes.Unit.UnitTestAdapter, Microsoft.VisualStudio.QualityTools.Tips.UnitTest.Adapter, Version=10.0.0.0, Culture=neutral, PublicKeyToken=b03f5f7f11d50a3a" className="TestViaticos.TestRepositorioUsuarios, TestViaticos, Version=1.0.0.0, Culture=neutral, PublicKeyToken=null" name="fabian_deberia_tener_solo_un_area_con_un_asistente" />
    </UnitTest>
    <UnitTest name="no_deberia_poder_guardarse_un_documento_sin_tipo" storage="c:\repositorios\fernandoassembla\sistemaweb\testviaticos\bin\debug\testviaticos.dll" id="f1f50432-1bf0-de96-51bb-b6443df4774c">
      <Execution id="a3ab58ad-944a-47c1-ae47-64eb42a1a270" />
      <TestMethod codeBase="C:/Repositorios/FernandoAssembla/SistemaWeb/TestViaticos/bin/Debug/TestViaticos.DLL" adapterTypeName="Microsoft.VisualStudio.TestTools.TestTypes.Unit.UnitTestAdapter, Microsoft.VisualStudio.QualityTools.Tips.UnitTest.Adapter, Version=10.0.0.0, Culture=neutral, PublicKeyToken=b03f5f7f11d50a3a" className="TestViaticos.TestRepositorioDocumentos, TestViaticos, Version=1.0.0.0, Culture=neutral, PublicKeyToken=null" name="no_deberia_poder_guardarse_un_documento_sin_tipo" />
    </UnitTest>
    <UnitTest name="fabian_deberia_tener_solo_acceso_a_viaticos" storage="c:\repositorios\fernandoassembla\sistemaweb\testviaticos\bin\debug\testviaticos.dll" id="2eba2d30-d0c9-d10d-cb9f-e198704cb8fa">
      <Execution id="0a8d8292-4ee6-4c36-a13f-c8da7eedb1e9" />
      <TestMethod codeBase="C:/Repositorios/FernandoAssembla/SistemaWeb/TestViaticos/bin/Debug/TestViaticos.DLL" adapterTypeName="Microsoft.VisualStudio.TestTools.TestTypes.Unit.UnitTestAdapter, Microsoft.VisualStudio.QualityTools.Tips.UnitTest.Adapter, Version=10.0.0.0, Culture=neutral, PublicKeyToken=b03f5f7f11d50a3a" className="TestViaticos.TestRepositorioUsuarios, TestViaticos, Version=1.0.0.0, Culture=neutral, PublicKeyToken=null" name="fabian_deberia_tener_solo_acceso_a_viaticos" />
    </UnitTest>
    <UnitTest name="deberia_traer_viaticos_de_la_provincia_SALTA_y_CORDOBA_en_el_periodo_011012_261012" storage="c:\repositorios\fernandoassembla\sistemaweb\testviaticos\bin\debug\testviaticos.dll" id="999cd32d-d69f-3834-8d48-f15d37fd5243">
      <Execution id="3ec364a9-d231-47ef-9db6-e5290ca6920b" />
      <TestMethod codeBase="C:/Repositorios/FernandoAssembla/SistemaWeb/TestViaticos/bin/Debug/TestViaticos.DLL" adapterTypeName="Microsoft.VisualStudio.TestTools.TestTypes.Unit.UnitTestAdapter, Microsoft.VisualStudio.QualityTools.Tips.UnitTest.Adapter, Version=10.0.0.0, Culture=neutral, PublicKeyToken=b03f5f7f11d50a3a" className="TestViaticos.TestConsultas, TestViaticos, Version=1.0.0.0, Culture=neutral, PublicKeyToken=null" name="deberia_traer_viaticos_de_la_provincia_SALTA_y_CORDOBA_en_el_periodo_011012_261012" />
    </UnitTest>
    <UnitTest name="deberia_poder_tener_un_null_como_primer_valor_de_una_columna" storage="c:\repositorios\fernandoassembla\sistemaweb\testviaticos\bin\debug\testviaticos.dll" id="37d066c6-a6d7-b11a-9516-f3f197d5e44d">
      <Execution id="ed63a232-42be-4bcc-adc3-d2a5e7c08940" />
      <TestMethod codeBase="C:/Repositorios/FernandoAssembla/SistemaWeb/TestViaticos/bin/Debug/TestViaticos.DLL" adapterTypeName="Microsoft.VisualStudio.TestTools.TestTypes.Unit.UnitTestAdapter, Microsoft.VisualStudio.QualityTools.Tips.UnitTest.Adapter, Version=10.0.0.0, Culture=neutral, PublicKeyToken=b03f5f7f11d50a3a" className="TestViaticos.TestTablasFake, TestViaticos, Version=1.0.0.0, Culture=neutral, PublicKeyToken=null" name="deberia_poder_tener_un_null_como_primer_valor_de_una_columna" />
    </UnitTest>
    <UnitTest name="al_buscar_por_el_area_del_usuario_logueado_debe_traer_todos_los_documentos_que_aun_son_responsabilidad_de_dicha_area" storage="c:\repositorios\fernandoassembla\sistemaweb\testviaticos\bin\debug\testviaticos.dll" id="a783754e-a02b-a257-f4ac-f48395928085">
      <Execution id="2a9b39e9-b97c-4f6a-b244-ea5b1f09ccd8" />
      <TestMethod codeBase="C:/Repositorios/FernandoAssembla/SistemaWeb/TestViaticos/bin/Debug/TestViaticos.DLL" adapterTypeName="Microsoft.VisualStudio.TestTools.TestTypes.Unit.UnitTestAdapter, Microsoft.VisualStudio.QualityTools.Tips.UnitTest.Adapter, Version=10.0.0.0, Culture=neutral, PublicKeyToken=b03f5f7f11d50a3a" className="General.TestFiltroSiCoI, TestViaticos, Version=1.0.0.0, Culture=neutral, PublicKeyToken=null" name="al_buscar_por_el_area_del_usuario_logueado_debe_traer_todos_los_documentos_que_aun_son_responsabilidad_de_dicha_area" />
    </UnitTest>
    <UnitTest name="no_deberia_permitir_pasarse_de_z" storage="c:\repositorios\fernandoassembla\sistemaweb\testviaticos\bin\debug\testviaticos.dll" id="6a69abda-dfaa-a679-b661-02cd5293c0bd">
      <Execution id="a52b8227-faba-405c-b90d-7f4340a1fbbe" />
      <TestMethod codeBase="C:/Repositorios/FernandoAssembla/SistemaWeb/TestViaticos/bin/Debug/TestViaticos.DLL" adapterTypeName="Microsoft.VisualStudio.TestTools.TestTypes.Unit.UnitTestAdapter, Microsoft.VisualStudio.QualityTools.Tips.UnitTest.Adapter, Version=10.0.0.0, Culture=neutral, PublicKeyToken=b03f5f7f11d50a3a" className="Tests.CodigoTareaTest, TestViaticos, Version=1.0.0.0, Culture=neutral, PublicKeyToken=null" name="no_deberia_permitir_pasarse_de_z" />
    </UnitTest>
    <UnitTest name="al_buscar_por_un_tipo_de_documento_debe_traer_todos_los_documentos_que_cumplen_con_ello" storage="c:\repositorios\fernandoassembla\sistemaweb\testviaticos\bin\debug\testviaticos.dll" id="fc3e1a26-3625-7f18-819c-6724010eb1dd">
      <Execution id="1e7f27b9-0b48-4cc8-908a-be05e186dc0d" />
      <TestMethod codeBase="C:/Repositorios/FernandoAssembla/SistemaWeb/TestViaticos/bin/Debug/TestViaticos.DLL" adapterTypeName="Microsoft.VisualStudio.TestTools.TestTypes.Unit.UnitTestAdapter, Microsoft.VisualStudio.QualityTools.Tips.UnitTest.Adapter, Version=10.0.0.0, Culture=neutral, PublicKeyToken=b03f5f7f11d50a3a" className="General.TestFiltroSiCoI, TestViaticos, Version=1.0.0.0, Culture=neutral, PublicKeyToken=null" name="al_buscar_por_un_tipo_de_documento_debe_traer_todos_los_documentos_que_cumplen_con_ello" />
    </UnitTest>
    <UnitTest name="al_buscar_en_una_lista_de_áreas_una_dirección_devuelve_todos_las_áreas_cuyo_domicilio_contiene_el_texto_buscado" storage="c:\repositorios\fernandoassembla\sistemaweb\testviaticos\bin\debug\testviaticos.dll" id="696fca9c-b0b6-7ef6-000f-fc7546a49832">
      <Execution id="ec6c0b76-04b1-4f57-8c2a-93820d7ee57a" />
      <TestMethod codeBase="C:/Repositorios/FernandoAssembla/SistemaWeb/TestViaticos/bin/Debug/TestViaticos.DLL" adapterTypeName="Microsoft.VisualStudio.TestTools.TestTypes.Unit.UnitTestAdapter, Microsoft.VisualStudio.QualityTools.Tips.UnitTest.Adapter, Version=10.0.0.0, Culture=neutral, PublicKeyToken=b03f5f7f11d50a3a" className="General.TestProtocolo, TestViaticos, Version=1.0.0.0, Culture=neutral, PublicKeyToken=null" name="al_buscar_en_una_lista_de_áreas_una_dirección_devuelve_todos_las_áreas_cuyo_domicilio_contiene_el_texto_buscado" />
    </UnitTest>
    <UnitTest name="se_le_deberia_poder_pedir_a_un_area_su_nombre_completo_con_el_alias" storage="c:\repositorios\fernandoassembla\sistemaweb\testviaticos\bin\debug\testviaticos.dll" id="2665ec77-f2c4-3c27-e75d-93d1cb83ce92">
      <Execution id="5e06ec7e-3753-4850-bd3e-4660e893ab24" />
      <TestMethod codeBase="C:/Repositorios/FernandoAssembla/SistemaWeb/TestViaticos/bin/Debug/TestViaticos.DLL" adapterTypeName="Microsoft.VisualStudio.TestTools.TestTypes.Unit.UnitTestAdapter, Microsoft.VisualStudio.QualityTools.Tips.UnitTest.Adapter, Version=10.0.0.0, Culture=neutral, PublicKeyToken=b03f5f7f11d50a3a" className="TestViaticos.TestRepositorioAreas, TestViaticos, Version=1.0.0.0, Culture=neutral, PublicKeyToken=null" name="se_le_deberia_poder_pedir_a_un_area_su_nombre_completo_con_el_alias" />
    </UnitTest>
  </TestDefinitions>
  <TestLists>
    <TestList name="Resultados que no están en la lista" id="8c84fa94-04c1-424b-9868-57a2d4851a1d" />
    <TestList name="Todos los resultados cargados" id="19431567-8539-422a-85d7-44ee4e166bda" />
  </TestLists>
  <TestEntries>
    <TestEntry testId="02698425-13df-8609-0cad-f65978180f81" executionId="db448a82-02c8-42ca-ade4-1e19aeb29261" testListId="8c84fa94-04c1-424b-9868-57a2d4851a1d" />
    <TestEntry testId="03a6a885-b427-a1c0-9f18-eab8c39d83dc" executionId="c9a39ba9-96f7-42b9-a568-292510edb6bc" testListId="8c84fa94-04c1-424b-9868-57a2d4851a1d" />
    <TestEntry testId="043dc452-5b80-2a1c-5140-d90d565722bc" executionId="51e4e99a-b4cb-4337-921c-e21a9ef1762f" testListId="8c84fa94-04c1-424b-9868-57a2d4851a1d" />
    <TestEntry testId="06dca5fe-5ce6-35f4-b6c7-96dea566a67f" executionId="212bc026-5e71-4269-84cc-63b601aa8a1a" testListId="8c84fa94-04c1-424b-9868-57a2d4851a1d" />
    <TestEntry testId="07c6ae9a-6a82-fa4b-680a-96e32253ef51" executionId="4103726c-e339-4a18-98fa-8138d4f08639" testListId="8c84fa94-04c1-424b-9868-57a2d4851a1d" />
    <TestEntry testId="086213ff-7e23-a50c-0de2-c7f0fd67fbca" executionId="a108a069-e779-4edc-97d1-65138d358e1a" testListId="8c84fa94-04c1-424b-9868-57a2d4851a1d" />
    <TestEntry testId="18a1cd9e-1ae4-3656-14a0-ac543707a055" executionId="f31ab613-ac7c-4884-ac6c-9ab628e5fb40" testListId="8c84fa94-04c1-424b-9868-57a2d4851a1d" />
    <TestEntry testId="1b646755-e25c-9dea-839f-b5f817062984" executionId="c28ebb84-780b-4204-b32d-f686a7952184" testListId="8c84fa94-04c1-424b-9868-57a2d4851a1d" />
    <TestEntry testId="1bbef477-4f31-cfec-a6a8-6e1b0892c5f9" executionId="6d0c7628-5475-4f76-9ed9-0e2a3821847b" testListId="8c84fa94-04c1-424b-9868-57a2d4851a1d" />
    <TestEntry testId="1f3c9d7b-63ee-b9a1-f8d0-46e85a0a6255" executionId="9ee8af87-e3cd-43b1-aa47-c74f1b6f2007" testListId="8c84fa94-04c1-424b-9868-57a2d4851a1d" />
    <TestEntry testId="219a2093-b6f2-f229-ae69-0108da5c2d8d" executionId="6b63e866-747c-4c2b-87a1-0cc6fa2d76dc" testListId="8c84fa94-04c1-424b-9868-57a2d4851a1d" />
    <TestEntry testId="225e3e53-1987-0065-f209-06ded52d42cd" executionId="e06621d7-f746-49ac-a96f-1d8a0a2b1bec" testListId="8c84fa94-04c1-424b-9868-57a2d4851a1d" />
    <TestEntry testId="22fef842-2be2-549e-28ca-decc4b2f83c4" executionId="8dfd8d12-eec3-4e5e-99c3-ac1841667d04" testListId="8c84fa94-04c1-424b-9868-57a2d4851a1d" />
    <TestEntry testId="25415686-6584-7e2c-956a-c8ad4a11141c" executionId="c7c53f70-b672-4f4a-8646-ddd4c72b2813" testListId="8c84fa94-04c1-424b-9868-57a2d4851a1d" />
    <TestEntry testId="2665ec77-f2c4-3c27-e75d-93d1cb83ce92" executionId="5e06ec7e-3753-4850-bd3e-4660e893ab24" testListId="8c84fa94-04c1-424b-9868-57a2d4851a1d" />
    <TestEntry testId="27563a31-6c9c-c1b2-7c6f-cfbc88311e88" executionId="8d1c80fe-48bb-4c1e-8239-50469dc4fefc" testListId="8c84fa94-04c1-424b-9868-57a2d4851a1d" />
    <TestEntry testId="27e6cdd1-0452-1cb1-16c4-7576bb6d0538" executionId="46493f41-6768-48ea-ba54-c40cc74e5363" testListId="8c84fa94-04c1-424b-9868-57a2d4851a1d" />
    <TestEntry testId="28a4ad86-b0f5-734b-2ffb-1771c0cae12f" executionId="2eafb29b-9ae0-49f7-ac75-a2ba305a8f5e" testListId="8c84fa94-04c1-424b-9868-57a2d4851a1d" />
    <TestEntry testId="28e44ed2-999e-ae33-8ffa-098a92182010" executionId="e7e74c56-74ba-45ad-b696-a1673857dc56" testListId="8c84fa94-04c1-424b-9868-57a2d4851a1d" />
    <TestEntry testId="2a085327-6b89-00de-3f93-60ecccb235b6" executionId="6081d454-f27e-476b-a253-06a66dfda3b5" testListId="8c84fa94-04c1-424b-9868-57a2d4851a1d" />
    <TestEntry testId="2ba1906f-7dc1-cbb6-5d44-2eaa074ee001" executionId="bc2c8213-c26e-4153-a689-53053a9f66f6" testListId="8c84fa94-04c1-424b-9868-57a2d4851a1d" />
    <TestEntry testId="2c561612-6ace-d4f5-3ea0-2b63589d272c" executionId="0e8745e8-3ad7-4c1f-a9dc-919ab640d215" testListId="8c84fa94-04c1-424b-9868-57a2d4851a1d" />
    <TestEntry testId="2d0a6e94-8989-8cc3-e286-44dd8a2f688e" executionId="a7eba9bc-5abc-4efd-8f5b-be4376b04aa1" testListId="8c84fa94-04c1-424b-9868-57a2d4851a1d" />
    <TestEntry testId="2ddded08-79a3-ad3a-b587-dfc68dd5b5f5" executionId="dc98f7b6-2710-47f2-aaae-1bf81f615064" testListId="8c84fa94-04c1-424b-9868-57a2d4851a1d" />
    <TestEntry testId="2eba2d30-d0c9-d10d-cb9f-e198704cb8fa" executionId="0a8d8292-4ee6-4c36-a13f-c8da7eedb1e9" testListId="8c84fa94-04c1-424b-9868-57a2d4851a1d" />
    <TestEntry testId="33728143-431e-2f80-b4cd-e190171f9673" executionId="88fe07c5-2491-4ded-b244-ef84feb1f4ff" testListId="8c84fa94-04c1-424b-9868-57a2d4851a1d" />
    <TestEntry testId="363f19a2-0f65-4da3-ffe2-9ae3bd940a9f" executionId="63ca4e56-6b62-4eff-9716-66dc1226655b" testListId="8c84fa94-04c1-424b-9868-57a2d4851a1d" />
    <TestEntry testId="3667ca38-1ee0-0f59-2de9-55990d91ad13" executionId="5f2f7474-315b-45fe-9e90-d76f69d99793" testListId="8c84fa94-04c1-424b-9868-57a2d4851a1d" />
    <TestEntry testId="37d066c6-a6d7-b11a-9516-f3f197d5e44d" executionId="ed63a232-42be-4bcc-adc3-d2a5e7c08940" testListId="8c84fa94-04c1-424b-9868-57a2d4851a1d" />
    <TestEntry testId="38a50315-78cc-f677-cc67-a33e14f1587e" executionId="27fd9285-d048-4bec-9063-ad443538f9b3" testListId="8c84fa94-04c1-424b-9868-57a2d4851a1d" />
    <TestEntry testId="39ba617e-74b7-ac1c-65b2-4df024e2d4e4" executionId="cf3a84eb-43db-4d60-aa74-6f0988965435" testListId="8c84fa94-04c1-424b-9868-57a2d4851a1d" />
    <TestEntry testId="3c877ef7-ef07-0820-9e58-ae76fdaedfb0" executionId="366141bc-3f42-45ec-95ab-c92de99e5668" testListId="8c84fa94-04c1-424b-9868-57a2d4851a1d" />
    <TestEntry testId="410ae35c-c491-52ff-8ca7-16593197aa91" executionId="9ccbca9f-d1c3-4df9-8d32-652584f45fcf" testListId="8c84fa94-04c1-424b-9868-57a2d4851a1d" />
    <TestEntry testId="42e7e5a9-27d6-1424-520a-64446a479ac2" executionId="b85ae394-5d5a-40cb-8feb-d729be93f94b" testListId="8c84fa94-04c1-424b-9868-57a2d4851a1d" />
    <TestEntry testId="43bddf17-fba3-4d54-a157-cfcf7797ee39" executionId="77bd2fc3-e1f9-47fe-90b7-5ee6265b43a1" testListId="8c84fa94-04c1-424b-9868-57a2d4851a1d" />
    <TestEntry testId="43da4eae-d92c-9ac3-0f26-5e5600a67e90" executionId="fde4a53a-99a0-41a9-b222-bee03a522752" testListId="8c84fa94-04c1-424b-9868-57a2d4851a1d" />
    <TestEntry testId="44b05242-b475-4635-6cec-78ec052b2688" executionId="85f0d9ac-1c31-4b9f-993b-f1e64481c27e" testListId="8c84fa94-04c1-424b-9868-57a2d4851a1d" />
    <TestEntry testId="46d9bce1-2d0e-1aa8-e89e-b40f37783359" executionId="f6ce9940-f832-46d1-b4e6-7afab9f7dcbb" testListId="8c84fa94-04c1-424b-9868-57a2d4851a1d" />
    <TestEntry testId="477414b1-9ac6-06f2-392d-c549405cd3f3" executionId="bfd40350-75c0-4149-91d8-ed78e493c67b" testListId="8c84fa94-04c1-424b-9868-57a2d4851a1d" />
    <TestEntry testId="4793d588-4a8f-7915-87f2-c97c11507ad4" executionId="da014461-d2ad-4e38-8c3e-751a33b69bb6" testListId="8c84fa94-04c1-424b-9868-57a2d4851a1d" />
    <TestEntry testId="4a850093-e479-3127-1dc5-d67d3a9e4d1b" executionId="27bb6263-5b97-418e-a020-4030affc22da" testListId="8c84fa94-04c1-424b-9868-57a2d4851a1d" />
    <TestEntry testId="4bc081ab-bd87-c7e6-2e9a-ea9029e80e8b" executionId="279a8b01-3944-4925-b8eb-091000244f1c" testListId="8c84fa94-04c1-424b-9868-57a2d4851a1d" />
    <TestEntry testId="5188b3d7-a77a-3054-7bc5-b06591dc325c" executionId="a5e84a9b-fa70-4a9a-b8e3-062f524c22a2" testListId="8c84fa94-04c1-424b-9868-57a2d4851a1d" />
    <TestEntry testId="53e1544f-a9d2-75aa-fac6-a61041be5fb7" executionId="a0cf32f7-6a5d-49d2-abe2-fc074213b076" testListId="8c84fa94-04c1-424b-9868-57a2d4851a1d" />
    <TestEntry testId="57d98f0d-6038-69c7-9b96-75f22dd0e9dd" executionId="07ffcdce-8f34-4e7e-8bec-9dce994dd8b2" testListId="8c84fa94-04c1-424b-9868-57a2d4851a1d" />
    <TestEntry testId="59ff1f84-feae-06d2-b4cb-39b785e26703" executionId="59828f30-ea6c-4e29-8649-872b717903e5" testListId="8c84fa94-04c1-424b-9868-57a2d4851a1d" />
    <TestEntry testId="5b690971-fd71-4f11-40a9-1c85ffb21c38" executionId="0a2cb50e-9823-4691-b36d-2aa06f666aef" testListId="8c84fa94-04c1-424b-9868-57a2d4851a1d" />
    <TestEntry testId="5d6cb36d-d345-b7c7-27f1-f7052ce8d166" executionId="5d2f64b2-5042-4814-9f92-ff874b7ee038" testListId="8c84fa94-04c1-424b-9868-57a2d4851a1d" />
    <TestEntry testId="60936b2d-9f38-488c-d3bd-319a17b5f6ba" executionId="0c8cd361-ee11-44a8-bd82-b763d5d73dc2" testListId="8c84fa94-04c1-424b-9868-57a2d4851a1d" />
    <TestEntry testId="60d191e8-f802-0c16-9722-35844f243666" executionId="58902458-c971-48fe-a292-e71a068bb4d0" testListId="8c84fa94-04c1-424b-9868-57a2d4851a1d" />
    <TestEntry testId="6325cb50-8252-7333-a10e-129eb61d4a7d" executionId="32120011-c438-455c-a5d3-0c4cba465065" testListId="8c84fa94-04c1-424b-9868-57a2d4851a1d" />
    <TestEntry testId="64afcefc-8af6-fc70-4ea7-766fc65f6c46" executionId="29af233b-413c-4832-89cf-0efd5aae98dc" testListId="8c84fa94-04c1-424b-9868-57a2d4851a1d" />
    <TestEntry testId="6892221f-5432-520c-a667-6f10f84f4898" executionId="74c0cbc5-81a4-4f6f-a019-57af79cef71e" testListId="8c84fa94-04c1-424b-9868-57a2d4851a1d" />
    <TestEntry testId="68c724fc-1912-d9ac-d786-b1e6bb6c0994" executionId="031dc014-7da2-486c-9528-fcf0398c7270" testListId="8c84fa94-04c1-424b-9868-57a2d4851a1d" />
    <TestEntry testId="696fca9c-b0b6-7ef6-000f-fc7546a49832" executionId="ec6c0b76-04b1-4f57-8c2a-93820d7ee57a" testListId="8c84fa94-04c1-424b-9868-57a2d4851a1d" />
    <TestEntry testId="6a69abda-dfaa-a679-b661-02cd5293c0bd" executionId="a52b8227-faba-405c-b90d-7f4340a1fbbe" testListId="8c84fa94-04c1-424b-9868-57a2d4851a1d" />
    <TestEntry testId="6e2099d5-ff03-21ed-7c09-0bc58519434c" executionId="98c68283-0a34-4f18-8394-3665b7717fd8" testListId="8c84fa94-04c1-424b-9868-57a2d4851a1d" />
    <TestEntry testId="6f525a40-dadd-7cc4-eb37-95f1d91a14c9" executionId="ae02a6e1-982b-4d6b-a368-ed28d95c7120" testListId="8c84fa94-04c1-424b-9868-57a2d4851a1d" />
    <TestEntry testId="71dbce06-b24d-82d9-d3a9-b8664de5dbbb" executionId="82533fed-ea7f-4b23-8de7-407823bf5bf8" testListId="8c84fa94-04c1-424b-9868-57a2d4851a1d" />
    <TestEntry testId="72c59001-deaf-0f88-ce47-97c9b2e78292" executionId="8ac1fe10-342b-4d83-96bc-47c99534af19" testListId="8c84fa94-04c1-424b-9868-57a2d4851a1d" />
    <TestEntry testId="73696332-8582-b3f8-3487-a0e8978d60e1" executionId="219f0e72-f4b7-4bd8-bb05-54c8c6b89acd" testListId="8c84fa94-04c1-424b-9868-57a2d4851a1d" />
    <TestEntry testId="74b1b58c-e814-5670-35a0-d1446a9967fd" executionId="b7e7b942-abd2-49c8-8c9d-6e8a62012689" testListId="8c84fa94-04c1-424b-9868-57a2d4851a1d" />
    <TestEntry testId="751e279c-34dc-9434-036d-cf7c6e4fd783" executionId="34537cca-b9fa-4c42-a510-bb42ec2c11cc" testListId="8c84fa94-04c1-424b-9868-57a2d4851a1d" />
    <TestEntry testId="757e1e4a-ca0e-7dc8-c1f0-7e6c91ba8ea0" executionId="852b0480-3281-48d5-8044-194eb4d769da" testListId="8c84fa94-04c1-424b-9868-57a2d4851a1d" />
    <TestEntry testId="76c47d34-63a4-0479-90e7-a8d089e0dd93" executionId="69b46cc5-e418-4ad8-a3dc-10317e91e099" testListId="8c84fa94-04c1-424b-9868-57a2d4851a1d" />
    <TestEntry testId="77c82c9f-520d-04a5-8c33-19a0d6332eaa" executionId="2cfd31e4-5eed-4cdf-acfd-613fa17c8886" testListId="8c84fa94-04c1-424b-9868-57a2d4851a1d" />
    <TestEntry testId="78a9f8b3-1879-e741-9ade-1dee019c141b" executionId="52ad6723-c8ea-4bad-97f9-1d4cda6407f8" testListId="8c84fa94-04c1-424b-9868-57a2d4851a1d" />
    <TestEntry testId="79a63e0f-ba0e-a5dc-0d5c-dc38d27e7aa1" executionId="3d105e92-1202-412d-9c2e-bbafd853ca76" testListId="8c84fa94-04c1-424b-9868-57a2d4851a1d" />
    <TestEntry testId="7a945366-5dc8-bde8-17f1-4ebf2f832448" executionId="4096a0cb-0639-49d8-b743-e9a8c2eea1e2" testListId="8c84fa94-04c1-424b-9868-57a2d4851a1d" />
    <TestEntry testId="7b7bd90a-9390-9d92-5600-532eb0a44a2a" executionId="a0f98e0e-c003-47d6-9850-01f4cfd07d7d" testListId="8c84fa94-04c1-424b-9868-57a2d4851a1d" />
    <TestEntry testId="82c21a02-0eaa-b33b-6618-e225964dbef2" executionId="e16dfe6e-49c7-415b-8db9-39380b68f4ff" testListId="8c84fa94-04c1-424b-9868-57a2d4851a1d" />
    <TestEntry testId="82d93e8f-20e5-8c41-b9f1-1d42beccc7c0" executionId="f5511ab5-f6f1-46a8-b315-f5eb6f08c7ec" testListId="8c84fa94-04c1-424b-9868-57a2d4851a1d" />
    <TestEntry testId="8464698d-61d5-d408-819d-53311ef832f8" executionId="55dac9aa-43de-44c2-913b-5030a5104a8a" testListId="8c84fa94-04c1-424b-9868-57a2d4851a1d" />
    <TestEntry testId="88eff91e-3ca2-b202-c4d3-20146aaa990f" executionId="8d71bd49-51ea-4d92-a933-9f8c9a3c123c" testListId="8c84fa94-04c1-424b-9868-57a2d4851a1d" />
    <TestEntry testId="8a58efc7-4718-9311-fb8b-2fde70b8e8da" executionId="6b37a39f-3deb-49c0-b29d-5bca07cf3e2a" testListId="8c84fa94-04c1-424b-9868-57a2d4851a1d" />
    <TestEntry testId="8c631ab0-9081-f239-8e5b-8f0f7f274cb2" executionId="03e84b48-380d-4a2f-829c-0d539dca7773" testListId="8c84fa94-04c1-424b-9868-57a2d4851a1d" />
    <TestEntry testId="8d450b91-f2a6-e64d-c4a7-eee63e8851da" executionId="224217ce-6ffe-4739-b10b-91447330ff77" testListId="8c84fa94-04c1-424b-9868-57a2d4851a1d" />
    <TestEntry testId="8e8c4b00-453c-ac9a-23f7-d441cdf71296" executionId="ac93091e-494c-4d93-b8e0-27092bd442f9" testListId="8c84fa94-04c1-424b-9868-57a2d4851a1d" />
    <TestEntry testId="8f23a447-15d5-92c8-a4fb-7722c21b1c07" executionId="e42f09be-71c0-442d-ae8e-37a9ccae982f" testListId="8c84fa94-04c1-424b-9868-57a2d4851a1d" />
    <TestEntry testId="91497819-ba2a-f2e9-9418-b935f4653def" executionId="0b536053-ecd3-4a93-a470-c37a1b1cda0e" testListId="8c84fa94-04c1-424b-9868-57a2d4851a1d" />
    <TestEntry testId="94211d25-4f01-6a4f-21c4-290dd165eb14" executionId="8f70e9dd-a90d-4bd1-abe4-18918304fdeb" testListId="8c84fa94-04c1-424b-9868-57a2d4851a1d" />
    <TestEntry testId="96fb1f26-cf56-3c03-ade6-884985acd8d7" executionId="389429e2-d6c9-4fac-aa38-1c8a1006f884" testListId="8c84fa94-04c1-424b-9868-57a2d4851a1d" />
    <TestEntry testId="98d79b4f-0fef-791a-b39b-89c03b95d3e3" executionId="8fd2ba83-9021-40f0-a94f-70cff4637eb9" testListId="8c84fa94-04c1-424b-9868-57a2d4851a1d" />
    <TestEntry testId="999cd32d-d69f-3834-8d48-f15d37fd5243" executionId="3ec364a9-d231-47ef-9db6-e5290ca6920b" testListId="8c84fa94-04c1-424b-9868-57a2d4851a1d" />
    <TestEntry testId="a44cf039-3a08-31a6-19c4-66a5660ef220" executionId="3e5fda14-4686-40ff-96da-22e834130351" testListId="8c84fa94-04c1-424b-9868-57a2d4851a1d" />
    <TestEntry testId="a783754e-a02b-a257-f4ac-f48395928085" executionId="2a9b39e9-b97c-4f6a-b244-ea5b1f09ccd8" testListId="8c84fa94-04c1-424b-9868-57a2d4851a1d" />
    <TestEntry testId="a8bf43a7-c593-21c5-b353-6a677fedb6e1" executionId="70eec514-7d3c-4fe8-b7c7-a36fb6401459" testListId="8c84fa94-04c1-424b-9868-57a2d4851a1d" />
    <TestEntry testId="a91c3d07-7c7d-1fe6-99ad-80e4a1548474" executionId="3827e041-ea28-42e5-a6b8-c42a5153c4fc" testListId="8c84fa94-04c1-424b-9868-57a2d4851a1d" />
    <TestEntry testId="abcb6bdb-8479-892d-4456-095226c976bc" executionId="35c647ee-4753-4c87-8681-5ed1cb849ed9" testListId="8c84fa94-04c1-424b-9868-57a2d4851a1d" />
    <TestEntry testId="b0dad42f-cacf-b7c8-3bc2-1641e13c9caa" executionId="af47b316-f4fc-4bfc-b4ae-825b98d22fc0" testListId="8c84fa94-04c1-424b-9868-57a2d4851a1d" />
    <TestEntry testId="b8bd6fa3-7b0e-dbc4-d1ea-17a66d88e614" executionId="5a6121ea-5040-4a46-a26c-9243d63981d9" testListId="8c84fa94-04c1-424b-9868-57a2d4851a1d" />
    <TestEntry testId="bb2112d4-68ef-15b6-48ec-73b20e57caa9" executionId="c86ba084-3d02-45b9-a7bb-46898ff29f82" testListId="8c84fa94-04c1-424b-9868-57a2d4851a1d" />
    <TestEntry testId="bb2f1794-72bc-c3ce-3c94-a7e6c21d4812" executionId="9685fe3f-85e4-422d-a037-90b8e1115270" testListId="8c84fa94-04c1-424b-9868-57a2d4851a1d" />
    <TestEntry testId="bb759e7e-2161-1c79-ee60-b7766df2bd3f" executionId="3996cfd3-bc00-409d-9658-efd9db5f5575" testListId="8c84fa94-04c1-424b-9868-57a2d4851a1d" />
    <TestEntry testId="bbbb69a9-ef38-b5dc-de66-8e150133f998" executionId="a145e353-454d-40e8-98ae-73b5675eaacb" testListId="8c84fa94-04c1-424b-9868-57a2d4851a1d" />
    <TestEntry testId="bf34bac0-1211-e38d-1273-9a3107460eaa" executionId="37038ac1-c149-4f83-b023-50cef0d520a0" testListId="8c84fa94-04c1-424b-9868-57a2d4851a1d" />
    <TestEntry testId="bf3ea6c6-ab88-4696-72a1-f31917a72c6c" executionId="c60ae3fd-7126-4217-9642-9e102b35d4ba" testListId="8c84fa94-04c1-424b-9868-57a2d4851a1d" />
    <TestEntry testId="c09a892a-1cf8-8734-95e1-5859c143f708" executionId="cd6eab80-8f03-46f0-8fd4-05e0a04bdeb6" testListId="8c84fa94-04c1-424b-9868-57a2d4851a1d" />
    <TestEntry testId="c2c53443-9c7d-40b6-5a5a-6d158c6cf141" executionId="79d7c632-12f8-492b-b3d2-6bc63e8bdf63" testListId="8c84fa94-04c1-424b-9868-57a2d4851a1d" />
    <TestEntry testId="c40af560-ccd4-15d1-681a-d268a1e88a1c" executionId="33857734-a6ac-41de-952f-4cdac48c630d" testListId="8c84fa94-04c1-424b-9868-57a2d4851a1d" />
    <TestEntry testId="c564bf77-b387-e233-53e7-c5c85a463602" executionId="b0af79e8-a414-49b9-8fa3-6f8c97b32f20" testListId="8c84fa94-04c1-424b-9868-57a2d4851a1d" />
    <TestEntry testId="c5bc7be4-1c6a-1e48-0dbd-f119f73d764c" executionId="53562926-ab07-4ffe-bc99-e81db5fa6e23" testListId="8c84fa94-04c1-424b-9868-57a2d4851a1d" />
    <TestEntry testId="c5cbe3b9-5203-897f-6c97-10b52d6a9698" executionId="a5b693b3-bd10-4c9b-8dba-dcddbe669b92" testListId="8c84fa94-04c1-424b-9868-57a2d4851a1d" />
    <TestEntry testId="c6c229fe-82f0-9917-4112-b9f4fc6d4ce9" executionId="36b2120c-e0d2-4107-a91c-18f58e58384e" testListId="8c84fa94-04c1-424b-9868-57a2d4851a1d" />
    <TestEntry testId="c8e9fa12-63fb-548e-6319-248eaeb1ba50" executionId="a1c145ed-5287-46e4-b8d8-88165119f7a9" testListId="8c84fa94-04c1-424b-9868-57a2d4851a1d" />
    <TestEntry testId="c966b980-8b4f-c10a-2879-8a06a8c7add4" executionId="7ceaf583-1207-4673-ae6d-5cd7a30c19bf" testListId="8c84fa94-04c1-424b-9868-57a2d4851a1d" />
    <TestEntry testId="cc560ad4-66d2-6e1b-fa1e-c1f8f0f47258" executionId="536abe33-56b4-4118-b7f1-4793b762ed2b" testListId="8c84fa94-04c1-424b-9868-57a2d4851a1d" />
    <TestEntry testId="cd0a2e1f-d61d-9cba-b24e-96406e906f5d" executionId="22698b60-b069-4d76-bca4-1dd387086c76" testListId="8c84fa94-04c1-424b-9868-57a2d4851a1d" />
    <TestEntry testId="cd2ddf59-b1d1-4ffd-b77a-55d96a13b533" executionId="5f55ffd9-f939-44ab-acbd-fc288c9cbfa4" testListId="8c84fa94-04c1-424b-9868-57a2d4851a1d" />
    <TestEntry testId="cecd7ff2-d148-29e8-850a-7574ad3e7580" executionId="802fe155-6b83-4c4d-83bc-49c433fb37f3" testListId="8c84fa94-04c1-424b-9868-57a2d4851a1d" />
    <TestEntry testId="cff26abc-fddb-ef75-0bf4-49cf50880ca7" executionId="d737971e-84f1-4d5f-bb12-90e37cf8f8f2" testListId="8c84fa94-04c1-424b-9868-57a2d4851a1d" />
    <TestEntry testId="d3eb6b18-b89c-308d-2472-f70947e6c57b" executionId="872c957c-53de-4591-bfe5-504df74fa01f" testListId="8c84fa94-04c1-424b-9868-57a2d4851a1d" />
    <TestEntry testId="d4034162-71c0-cb22-9a98-76a42e56e55e" executionId="3632432b-5baa-4a2e-bfc6-90ef2adf8814" testListId="8c84fa94-04c1-424b-9868-57a2d4851a1d" />
    <TestEntry testId="d5acc190-8ff6-3621-55ca-bde560b60f80" executionId="4ab47854-5a61-4f35-909d-25bc8e2bd4f9" testListId="8c84fa94-04c1-424b-9868-57a2d4851a1d" />
    <TestEntry testId="d7dcf4df-b012-3cb2-f383-e4a465f466d1" executionId="28248d87-a692-46e7-8fd0-beb34b0c095f" testListId="8c84fa94-04c1-424b-9868-57a2d4851a1d" />
    <TestEntry testId="ddde0ed2-12a5-9bf8-2fdd-b32f11508a59" executionId="bf73986d-3016-4b8c-80d7-5d8b470ce801" testListId="8c84fa94-04c1-424b-9868-57a2d4851a1d" />
    <TestEntry testId="de307af2-1c44-a9c2-0624-80b438a3400b" executionId="786d0631-7246-4b41-b988-24b4f6f70295" testListId="8c84fa94-04c1-424b-9868-57a2d4851a1d" />
    <TestEntry testId="dfede4a0-4add-37a3-8cce-099c64499527" executionId="bc7f39bc-7b79-4a89-93d3-0e7db1636a6a" testListId="8c84fa94-04c1-424b-9868-57a2d4851a1d" />
    <TestEntry testId="e1d67ae5-71d9-5872-41a1-7a2a4d910702" executionId="6cf01259-8c9a-416d-a0ec-c70beccbc3fa" testListId="8c84fa94-04c1-424b-9868-57a2d4851a1d" />
    <TestEntry testId="e22ce867-04ec-cc74-8f00-0fdb0256cb9f" executionId="e23b7479-cd0d-472e-966f-d62da22bd6cd" testListId="8c84fa94-04c1-424b-9868-57a2d4851a1d" />
    <TestEntry testId="e454c39b-e973-6bea-bc19-3dd352fe2860" executionId="5e03f8ef-3cad-4edc-951b-8d35f824f1ef" testListId="8c84fa94-04c1-424b-9868-57a2d4851a1d" />
    <TestEntry testId="e4a0643c-ded2-0a34-7284-5a78ff072139" executionId="cfa3faa2-d906-4072-9e9c-de1831c0d9d4" testListId="8c84fa94-04c1-424b-9868-57a2d4851a1d" />
    <TestEntry testId="e51e2c6f-d445-6901-d7cc-9c752d9465ed" executionId="39953dd3-cbaa-4910-9aeb-35d37454f19c" testListId="8c84fa94-04c1-424b-9868-57a2d4851a1d" />
    <TestEntry testId="e599cad1-eda4-094c-45c1-605d2f0e5702" executionId="8931aec2-eeb1-42a3-a2da-081703728a53" testListId="8c84fa94-04c1-424b-9868-57a2d4851a1d" />
    <TestEntry testId="e6bad939-5185-804d-09f5-03d6b8675f35" executionId="5ad31722-3bca-487b-8882-e1f2f76038e7" testListId="8c84fa94-04c1-424b-9868-57a2d4851a1d" />
    <TestEntry testId="e9aa986f-7293-c98f-9d6b-6050f52118de" executionId="f62eb114-108b-48f7-871e-153359480476" testListId="8c84fa94-04c1-424b-9868-57a2d4851a1d" />
    <TestEntry testId="eaffb742-992c-e34c-dbe5-be3438e36b95" executionId="1ee0a9d3-aa40-435a-abc2-c5240df10d62" testListId="8c84fa94-04c1-424b-9868-57a2d4851a1d" />
    <TestEntry testId="f01f9398-de8a-e114-4944-4c3877e413a9" executionId="6fd1b60e-8db0-43c4-92d9-b3f1c0446d82" testListId="8c84fa94-04c1-424b-9868-57a2d4851a1d" />
    <TestEntry testId="f1f50432-1bf0-de96-51bb-b6443df4774c" executionId="a3ab58ad-944a-47c1-ae47-64eb42a1a270" testListId="8c84fa94-04c1-424b-9868-57a2d4851a1d" />
    <TestEntry testId="fc3e1a26-3625-7f18-819c-6724010eb1dd" executionId="1e7f27b9-0b48-4cc8-908a-be05e186dc0d" testListId="8c84fa94-04c1-424b-9868-57a2d4851a1d" />
    <TestEntry testId="fe21a7fe-170b-9452-5951-05d7fa59464e" executionId="69970a04-5151-4185-94f0-fdf5d624f334" testListId="8c84fa94-04c1-424b-9868-57a2d4851a1d" />
    <TestEntry testId="ff5ca805-f71b-e477-63b1-db8e8b29d28e" executionId="c589533b-2d6e-4032-8e21-bbe53d9c4e4d" testListId="8c84fa94-04c1-424b-9868-57a2d4851a1d" />
  </TestEntries>
  <Results>
    <UnitTestResult executionId="db448a82-02c8-42ca-ade4-1e19aeb29261" testId="02698425-13df-8609-0cad-f65978180f81" testName="no_se_debe_permitir_crear_un_organigrama_donde_tenga_mas_de_un_area_superior_final" computerName="MDS-RH-0002" duration="00:00:00.0211270" startTime="2013-01-29T17:56:02.8653210-03:00" endTime="2013-01-29T17:56:03.1933538-03:00" testType="13cdc9d9-ddb5-4fa4-a97d-d965ccfc6d4b" outcome="Passed" testListId="8c84fa94-04c1-424b-9868-57a2d4851a1d" relativeResultsDirectory="db448a82-02c8-42ca-ade4-1e19aeb29261">
    </UnitTestResult>
    <UnitTestResult executionId="c9a39ba9-96f7-42b9-a568-292510edb6bc" testId="03a6a885-b427-a1c0-9f18-eab8c39d83dc" testName="dada_un_area__con_3_asistentes_deberia_obtener_en_una_unica_area_unico_registro_y_los_3_asistentes_incluido_en_el_area" computerName="MDS-RH-0002" duration="00:00:00.0440287" startTime="2013-01-29T17:56:03.1943539-03:00" endTime="2013-01-29T17:56:03.2413586-03:00" testType="13cdc9d9-ddb5-4fa4-a97d-d965ccfc6d4b" outcome="Passed" testListId="8c84fa94-04c1-424b-9868-57a2d4851a1d" relativeResultsDirectory="c9a39ba9-96f7-42b9-a568-292510edb6bc">
    </UnitTestResult>
    <UnitTestResult executionId="51e4e99a-b4cb-4337-921c-e21a9ef1762f" testId="043dc452-5b80-2a1c-5140-d90d565722bc" testName="Un_organigrama_deberia_poder_decirme_todas_las_areas_inferiores_a_un_area_dada_con_una_estructura_lineal" computerName="MDS-RH-0002" duration="00:00:00.0020349" startTime="2013-01-29T17:56:03.2433588-03:00" endTime="2013-01-29T17:56:03.2483593-03:00" testType="13cdc9d9-ddb5-4fa4-a97d-d965ccfc6d4b" outcome="Passed" testListId="8c84fa94-04c1-424b-9868-57a2d4851a1d" relativeResultsDirectory="51e4e99a-b4cb-4337-921c-e21a9ef1762f">
    </UnitTestResult>
    <UnitTestResult executionId="212bc026-5e71-4269-84cc-63b601aa8a1a" testId="06dca5fe-5ce6-35f4-b6c7-96dea566a67f" testName="deberia_poder_crear_un_organigrama_lineal_con_cuatro_areas" computerName="MDS-RH-0002" duration="00:00:00.0004735" startTime="2013-01-29T17:56:03.2493594-03:00" endTime="2013-01-29T17:56:03.2533598-03:00" testType="13cdc9d9-ddb5-4fa4-a97d-d965ccfc6d4b" outcome="Passed" testListId="8c84fa94-04c1-424b-9868-57a2d4851a1d" relativeResultsDirectory="212bc026-5e71-4269-84cc-63b601aa8a1a">
    </UnitTestResult>
    <UnitTestResult executionId="4103726c-e339-4a18-98fa-8138d4f08639" testId="07c6ae9a-6a82-fa4b-680a-96e32253ef51" testName="deberia_poder_conocer_los_dias_de_cursada_de_un_curso_para_un_mes" computerName="MDS-RH-0002" duration="00:00:00.0060469" startTime="2013-01-29T17:56:03.2543599-03:00" endTime="2013-01-29T17:56:03.2653610-03:00" testType="13cdc9d9-ddb5-4fa4-a97d-d965ccfc6d4b" outcome="Passed" testListId="8c84fa94-04c1-424b-9868-57a2d4851a1d" relativeResultsDirectory="4103726c-e339-4a18-98fa-8138d4f08639">
    </UnitTestResult>
    <UnitTestResult executionId="a108a069-e779-4edc-97d1-65138d358e1a" testId="086213ff-7e23-a50c-0de2-c7f0fd67fbca" testName="no_se_puede_solicitar_el_área_superior_del_área_maxima_sino_que_debería_dar_una_excepción" computerName="MDS-RH-0002" duration="00:00:00.0005612" startTime="2013-01-29T17:56:03.2663611-03:00" endTime="2013-01-29T17:56:03.2693614-03:00" testType="13cdc9d9-ddb5-4fa4-a97d-d965ccfc6d4b" outcome="Passed" testListId="8c84fa94-04c1-424b-9868-57a2d4851a1d" relativeResultsDirectory="a108a069-e779-4edc-97d1-65138d358e1a">
    </UnitTestResult>
    <UnitTestResult executionId="f31ab613-ac7c-4884-ac6c-9ab628e5fb40" testId="18a1cd9e-1ae4-3656-14a0-ac543707a055" testName="deberia_devolver_la_zona_Metro_con_dos_provincias_diferentes" computerName="MDS-RH-0002" duration="00:00:00.0061836" startTime="2013-01-29T17:56:03.2713616-03:00" endTime="2013-01-29T17:56:03.2803625-03:00" testType="13cdc9d9-ddb5-4fa4-a97d-d965ccfc6d4b" outcome="Passed" testListId="8c84fa94-04c1-424b-9868-57a2d4851a1d" relativeResultsDirectory="f31ab613-ac7c-4884-ac6c-9ab628e5fb40">
    </UnitTestResult>
    <UnitTestResult executionId="c28ebb84-780b-4204-b32d-f686a7952184" testId="1b646755-e25c-9dea-839f-b5f817062984" testName="deberia_poder_obtener_los_ids_de_las_entidades_seleccionadas" computerName="MDS-RH-0002" duration="00:00:00.0024922" startTime="2013-01-29T17:56:03.2813626-03:00" endTime="2013-01-29T17:56:03.2873632-03:00" testType="13cdc9d9-ddb5-4fa4-a97d-d965ccfc6d4b" outcome="Passed" testListId="8c84fa94-04c1-424b-9868-57a2d4851a1d" relativeResultsDirectory="c28ebb84-780b-4204-b32d-f686a7952184">
    </UnitTestResult>
    <UnitTestResult executionId="6d0c7628-5475-4f76-9ed9-0e2a3821847b" testId="1bbef477-4f31-cfec-a6a8-6e1b0892c5f9" testName="deberia_devolver_region_METRO_con_BuenosAires_con_una_localidad" computerName="MDS-RH-0002" duration="00:00:00.0022223" startTime="2013-01-29T17:56:03.2893634-03:00" endTime="2013-01-29T17:56:03.2943639-03:00" testType="13cdc9d9-ddb5-4fa4-a97d-d965ccfc6d4b" outcome="Passed" testListId="8c84fa94-04c1-424b-9868-57a2d4851a1d" relativeResultsDirectory="6d0c7628-5475-4f76-9ed9-0e2a3821847b">
    </UnitTestResult>
    <UnitTestResult executionId="9ee8af87-e3cd-43b1-aa47-c74f1b6f2007" testId="1f3c9d7b-63ee-b9a1-f8d0-46e85a0a6255" testName="deberia_poder_obtener_todos_los_tipos_de_documento_con_su_sigla" computerName="MDS-RH-0002" duration="00:00:00.0037110" startTime="2013-01-29T17:56:03.2953640-03:00" endTime="2013-01-29T17:56:03.3023647-03:00" testType="13cdc9d9-ddb5-4fa4-a97d-d965ccfc6d4b" outcome="Passed" testListId="8c84fa94-04c1-424b-9868-57a2d4851a1d" relativeResultsDirectory="9ee8af87-e3cd-43b1-aa47-c74f1b6f2007">
    </UnitTestResult>
    <UnitTestResult executionId="6b63e866-747c-4c2b-87a1-0cc6fa2d76dc" testId="219a2093-b6f2-f229-ae69-0108da5c2d8d" testName="no_deberia_poder_guardarse_un_documento_sin_categoria" computerName="MDS-RH-0002" duration="00:00:00.0062721" startTime="2013-01-29T17:56:03.3033648-03:00" endTime="2013-01-29T17:56:03.3133658-03:00" testType="13cdc9d9-ddb5-4fa4-a97d-d965ccfc6d4b" outcome="Passed" testListId="8c84fa94-04c1-424b-9868-57a2d4851a1d" relativeResultsDirectory="6b63e866-747c-4c2b-87a1-0cc6fa2d76dc">
    </UnitTestResult>
    <UnitTestResult executionId="e06621d7-f746-49ac-a96f-1d8a0a2b1bec" testId="225e3e53-1987-0065-f209-06ded52d42cd" testName="al_solicitarle_todas_las_areas_inferiores_de_marta_deberia_traerme_faby_yfabyB" computerName="MDS-RH-0002" duration="00:00:00.0003791" startTime="2013-01-29T17:56:03.3143659-03:00" endTime="2013-01-29T17:56:03.3173662-03:00" testType="13cdc9d9-ddb5-4fa4-a97d-d965ccfc6d4b" outcome="Passed" testListId="8c84fa94-04c1-424b-9868-57a2d4851a1d" relativeResultsDirectory="e06621d7-f746-49ac-a96f-1d8a0a2b1bec">
    </UnitTestResult>
    <UnitTestResult executionId="8dfd8d12-eec3-4e5e-99c3-ac1841667d04" testId="22fef842-2be2-549e-28ca-decc4b2f83c4" testName="no_se_debe_permitir_crear_un_organigrama_donde_las_areas_y_las_dependencias_son_vacias" computerName="MDS-RH-0002" duration="00:00:00.0003780" startTime="2013-01-29T17:56:03.3193664-03:00" endTime="2013-01-29T17:56:03.3223667-03:00" testType="13cdc9d9-ddb5-4fa4-a97d-d965ccfc6d4b" outcome="Passed" testListId="8c84fa94-04c1-424b-9868-57a2d4851a1d" relativeResultsDirectory="8dfd8d12-eec3-4e5e-99c3-ac1841667d04">
    </UnitTestResult>
    <UnitTestResult executionId="c7c53f70-b672-4f4a-8646-ddd4c72b2813" testId="25415686-6584-7e2c-956a-c8ad4a11141c" testName="al_buscar_en_una_lista_de_áreas_por_Asistentes_de_área_a_Ana_debe_traer_dos_areas_donde_existen_dos_personas_llamadas_Ana_que_son_secreatarias_en_cada_area" computerName="MDS-RH-0002" duration="00:00:00.0045225" startTime="2013-01-29T17:56:03.3233668-03:00" endTime="2013-01-29T17:56:03.3303675-03:00" testType="13cdc9d9-ddb5-4fa4-a97d-d965ccfc6d4b" outcome="Passed" testListId="8c84fa94-04c1-424b-9868-57a2d4851a1d" relativeResultsDirectory="c7c53f70-b672-4f4a-8646-ddd4c72b2813">
    </UnitTestResult>
    <UnitTestResult executionId="5e06ec7e-3753-4850-bd3e-4660e893ab24" testId="2665ec77-f2c4-3c27-e75d-93d1cb83ce92" testName="se_le_deberia_poder_pedir_a_un_area_su_nombre_completo_con_el_alias" computerName="MDS-RH-0002" duration="00:00:00.0031905" startTime="2013-01-29T17:56:03.3323677-03:00" endTime="2013-01-29T17:56:03.3383683-03:00" testType="13cdc9d9-ddb5-4fa4-a97d-d965ccfc6d4b" outcome="Passed" testListId="8c84fa94-04c1-424b-9868-57a2d4851a1d" relativeResultsDirectory="5e06ec7e-3753-4850-bd3e-4660e893ab24">
    </UnitTestResult>
    <UnitTestResult executionId="8d1c80fe-48bb-4c1e-8239-50469dc4fefc" testId="27563a31-6c9c-c1b2-7c6f-cfbc88311e88" testName="dado_a_quiero_b" computerName="MDS-RH-0002" duration="00:00:00.0013677" startTime="2013-01-29T17:56:03.3403685-03:00" endTime="2013-01-29T17:56:03.3443689-03:00" testType="13cdc9d9-ddb5-4fa4-a97d-d965ccfc6d4b" outcome="Passed" testListId="8c84fa94-04c1-424b-9868-57a2d4851a1d" relativeResultsDirectory="8d1c80fe-48bb-4c1e-8239-50469dc4fefc">
    </UnitTestResult>
    <UnitTestResult executionId="46493f41-6768-48ea-ba54-c40cc74e5363" testId="27e6cdd1-0452-1cb1-16c4-7576bb6d0538" testName="deberia_poder_agregarle_cabeceras_de_columna_a_una_tabla" computerName="MDS-RH-0002" duration="00:00:00.0015132" startTime="2013-01-29T17:56:03.3453690-03:00" endTime="2013-01-29T17:56:03.3493694-03:00" testType="13cdc9d9-ddb5-4fa4-a97d-d965ccfc6d4b" outcome="Passed" testListId="8c84fa94-04c1-424b-9868-57a2d4851a1d" relativeResultsDirectory="46493f41-6768-48ea-ba54-c40cc74e5363">
    </UnitTestResult>
    <UnitTestResult executionId="2eafb29b-9ae0-49f7-ac75-a2ba305a8f5e" testId="28a4ad86-b0f5-734b-2ffb-1771c0cae12f" testName="deberia_traer_viaticos_que_esten_de_la_areas_939_54_16_de_la_provincia_CORDOBA_SALTA_perido_011012_al_261012" computerName="MDS-RH-0002" duration="00:00:00.0105671" startTime="2013-01-29T17:56:03.3513696-03:00" endTime="2013-01-29T17:56:03.3643709-03:00" testType="13cdc9d9-ddb5-4fa4-a97d-d965ccfc6d4b" outcome="Passed" testListId="8c84fa94-04c1-424b-9868-57a2d4851a1d" relativeResultsDirectory="2eafb29b-9ae0-49f7-ac75-a2ba305a8f5e">
    </UnitTestResult>
    <UnitTestResult executionId="e7e74c56-74ba-45ad-b696-a1673857dc56" testId="28e44ed2-999e-ae33-8ffa-098a92182010" testName="al_buscar_por_nombre_de_numero_de_documento_y_fechas_desde_y_hasta_y_extractor_de_un_documento_debe_traer_todos_los_documentos_que_cumplen_con_ello" computerName="MDS-RH-0002" duration="00:00:00.0037256" startTime="2013-01-29T17:56:03.3653710-03:00" endTime="2013-01-29T17:56:03.3743719-03:00" testType="13cdc9d9-ddb5-4fa4-a97d-d965ccfc6d4b" outcome="Passed" testListId="8c84fa94-04c1-424b-9868-57a2d4851a1d" relativeResultsDirectory="e7e74c56-74ba-45ad-b696-a1673857dc56">
    </UnitTestResult>
    <UnitTestResult executionId="6081d454-f27e-476b-a253-06a66dfda3b5" testId="2a085327-6b89-00de-3f93-60ecccb235b6" testName="deberia_poder_tener_los_checkboxes_seleccionados_de_un_request" computerName="MDS-RH-0002" duration="00:00:00.0003726" startTime="2013-01-29T17:56:03.3763721-03:00" endTime="2013-01-29T17:56:03.3793724-03:00" testType="13cdc9d9-ddb5-4fa4-a97d-d965ccfc6d4b" outcome="Passed" testListId="8c84fa94-04c1-424b-9868-57a2d4851a1d" relativeResultsDirectory="6081d454-f27e-476b-a253-06a66dfda3b5">
    </UnitTestResult>
    <UnitTestResult executionId="bc2c8213-c26e-4153-a689-53053a9f66f6" testId="2ba1906f-7dc1-cbb6-5d44-2eaa074ee001" testName="deberia_traer_las_personas_que_mas_solicitaron_viaticos_en_011012_261012" computerName="MDS-RH-0002" duration="00:00:00.0046530" startTime="2013-01-29T17:56:03.3813726-03:00" endTime="2013-01-29T17:56:03.3883733-03:00" testType="13cdc9d9-ddb5-4fa4-a97d-d965ccfc6d4b" outcome="Passed" testListId="8c84fa94-04c1-424b-9868-57a2d4851a1d" relativeResultsDirectory="bc2c8213-c26e-4153-a689-53053a9f66f6">
    </UnitTestResult>
    <UnitTestResult executionId="0e8745e8-3ad7-4c1f-a9dc-919ab640d215" testId="2c561612-6ace-d4f5-3ea0-2b63589d272c" testName="fabian_deberia_tener_solo_un_area_con_un_asistente" computerName="MDS-RH-0002" duration="00:00:00.0094815" startTime="2013-01-29T17:56:03.3893734-03:00" endTime="2013-01-29T17:56:03.4023747-03:00" testType="13cdc9d9-ddb5-4fa4-a97d-d965ccfc6d4b" outcome="Passed" testListId="8c84fa94-04c1-424b-9868-57a2d4851a1d" relativeResultsDirectory="0e8745e8-3ad7-4c1f-a9dc-919ab640d215">
    </UnitTestResult>
    <UnitTestResult executionId="a7eba9bc-5abc-4efd-8f5b-be4376b04aa1" testId="2d0a6e94-8989-8cc3-e286-44dd8a2f688e" testName="deberia_poder_crear_un_checkbox_con_id_segun_la_entidad" computerName="MDS-RH-0002" duration="00:00:00.0004149" startTime="2013-01-29T17:56:03.4043749-03:00" endTime="2013-01-29T17:56:03.4073752-03:00" testType="13cdc9d9-ddb5-4fa4-a97d-d965ccfc6d4b" outcome="Passed" testListId="8c84fa94-04c1-424b-9868-57a2d4851a1d" relativeResultsDirectory="a7eba9bc-5abc-4efd-8f5b-be4376b04aa1">
    </UnitTestResult>
    <UnitTestResult executionId="dc98f7b6-2710-47f2-aaae-1bf81f615064" testId="2ddded08-79a3-ad3a-b587-dfc68dd5b5f5" testName="deberia_poder_validar_si_un_objeto_es_nulo" computerName="MDS-RH-0002" duration="00:00:00.0005658" startTime="2013-01-29T17:56:03.4103755-03:00" endTime="2013-01-29T17:56:03.4133758-03:00" testType="13cdc9d9-ddb5-4fa4-a97d-d965ccfc6d4b" outcome="Passed" testListId="8c84fa94-04c1-424b-9868-57a2d4851a1d" relativeResultsDirectory="dc98f7b6-2710-47f2-aaae-1bf81f615064">
    </UnitTestResult>
    <UnitTestResult executionId="0a8d8292-4ee6-4c36-a13f-c8da7eedb1e9" testId="2eba2d30-d0c9-d10d-cb9f-e198704cb8fa" testName="fabian_deberia_tener_solo_acceso_a_viaticos" computerName="MDS-RH-0002" duration="00:00:00.0060200" startTime="2013-01-29T17:56:03.4153760-03:00" endTime="2013-01-29T17:56:03.4243769-03:00" testType="13cdc9d9-ddb5-4fa4-a97d-d965ccfc6d4b" outcome="Passed" testListId="8c84fa94-04c1-424b-9868-57a2d4851a1d" relativeResultsDirectory="0a8d8292-4ee6-4c36-a13f-c8da7eedb1e9">
    </UnitTestResult>
    <UnitTestResult executionId="88fe07c5-2491-4ded-b244-ef84feb1f4ff" testId="33728143-431e-2f80-b4cd-e190171f9673" testName="deberia_traer_4_areas_con_los_datos_de_contacto_de_la_mismas" computerName="MDS-RH-0002" duration="00:00:00.0197019" startTime="2013-01-29T17:56:03.4253770-03:00" endTime="2013-01-29T17:56:03.4473792-03:00" testType="13cdc9d9-ddb5-4fa4-a97d-d965ccfc6d4b" outcome="Passed" testListId="8c84fa94-04c1-424b-9868-57a2d4851a1d" relativeResultsDirectory="88fe07c5-2491-4ded-b244-ef84feb1f4ff">
    </UnitTestResult>
    <UnitTestResult executionId="63ca4e56-6b62-4eff-9716-66dc1226655b" testId="363f19a2-0f65-4da3-ffe2-9ae3bd940a9f" testName="deberia_crear_una_tabla_con_id_y_un_valor_99" computerName="MDS-RH-0002" duration="00:00:00.0005970" startTime="2013-01-29T17:56:03.4493794-03:00" endTime="2013-01-29T17:56:03.4523797-03:00" testType="13cdc9d9-ddb5-4fa4-a97d-d965ccfc6d4b" outcome="Passed" testListId="8c84fa94-04c1-424b-9868-57a2d4851a1d" relativeResultsDirectory="63ca4e56-6b62-4eff-9716-66dc1226655b">
    </UnitTestResult>
    <UnitTestResult executionId="5f2f7474-315b-45fe-9e90-d76f69d99793" testId="3667ca38-1ee0-0f59-2de9-55990d91ad13" testName="deberia_traer_inasistencias_de_un_alumno_para_un_mes" computerName="MDS-RH-0002" duration="00:00:00.0024841" startTime="2013-01-29T17:56:03.4543799-03:00" endTime="2013-01-29T17:56:03.4593804-03:00" testType="13cdc9d9-ddb5-4fa4-a97d-d965ccfc6d4b" outcome="Passed" testListId="8c84fa94-04c1-424b-9868-57a2d4851a1d" relativeResultsDirectory="5f2f7474-315b-45fe-9e90-d76f69d99793">
    </UnitTestResult>
    <UnitTestResult executionId="ed63a232-42be-4bcc-adc3-d2a5e7c08940" testId="37d066c6-a6d7-b11a-9516-f3f197d5e44d" testName="deberia_poder_tener_un_null_como_primer_valor_de_una_columna" computerName="MDS-RH-0002" duration="00:00:00.0018189" startTime="2013-01-29T17:56:03.4603805-03:00" endTime="2013-01-29T17:56:03.4653810-03:00" testType="13cdc9d9-ddb5-4fa4-a97d-d965ccfc6d4b" outcome="Passed" testListId="8c84fa94-04c1-424b-9868-57a2d4851a1d" relativeResultsDirectory="ed63a232-42be-4bcc-adc3-d2a5e7c08940">
    </UnitTestResult>
    <UnitTestResult executionId="27fd9285-d048-4bec-9063-ad443538f9b3" testId="38a50315-78cc-f677-cc67-a33e14f1587e" testName="deberia_poder_obtener_todos_los_documentos" computerName="MDS-RH-0002" duration="00:00:00.0104208" startTime="2013-01-29T17:56:03.4673812-03:00" endTime="2013-01-29T17:56:03.4803825-03:00" testType="13cdc9d9-ddb5-4fa4-a97d-d965ccfc6d4b" outcome="Passed" testListId="8c84fa94-04c1-424b-9868-57a2d4851a1d" relativeResultsDirectory="27fd9285-d048-4bec-9063-ad443538f9b3">
    </UnitTestResult>
    <UnitTestResult executionId="cf3a84eb-43db-4d60-aa74-6f0988965435" testId="39ba617e-74b7-ac1c-65b2-4df024e2d4e4" testName="al_buscar_en_una_lista_de_áreas_por_Asistentes_de_área_a_María_debe_traer_el_area_de_RRHH_donde_María_es_secretaria" computerName="MDS-RH-0002" duration="00:00:00.0007464" startTime="2013-01-29T17:56:03.4823827-03:00" endTime="2013-01-29T17:56:03.4853830-03:00" testType="13cdc9d9-ddb5-4fa4-a97d-d965ccfc6d4b" outcome="Passed" testListId="8c84fa94-04c1-424b-9868-57a2d4851a1d" relativeResultsDirectory="cf3a84eb-43db-4d60-aa74-6f0988965435">
    </UnitTestResult>
    <UnitTestResult executionId="366141bc-3f42-45ec-95ab-c92de99e5668" testId="3c877ef7-ef07-0820-9e58-ae76fdaedfb0" testName="al_buscar_en_una_lista_de_áreas_un_fax_devuelve_todos_las_áreas_cuyo_fax_de_asistente_o_responsable_o_area_contiene_el_texto_buscado" computerName="MDS-RH-0002" duration="00:00:00.0015895" startTime="2013-01-29T17:56:03.4863831-03:00" endTime="2013-01-29T17:56:03.4913836-03:00" testType="13cdc9d9-ddb5-4fa4-a97d-d965ccfc6d4b" outcome="Passed" testListId="8c84fa94-04c1-424b-9868-57a2d4851a1d" relativeResultsDirectory="366141bc-3f42-45ec-95ab-c92de99e5668">
    </UnitTestResult>
    <UnitTestResult executionId="9ccbca9f-d1c3-4df9-8d32-652584f45fcf" testId="410ae35c-c491-52ff-8ca7-16593197aa91" testName="deberia_poder_obtener_un_viatico_sin_estadias_pasajes_ni_transiciones" computerName="MDS-RH-0002" duration="00:00:00.0087255" startTime="2013-01-29T17:56:03.4923837-03:00" endTime="2013-01-29T17:56:03.5053850-03:00" testType="13cdc9d9-ddb5-4fa4-a97d-d965ccfc6d4b" outcome="Passed" testListId="8c84fa94-04c1-424b-9868-57a2d4851a1d" relativeResultsDirectory="9ccbca9f-d1c3-4df9-8d32-652584f45fcf">
    </UnitTestResult>
    <UnitTestResult executionId="b85ae394-5d5a-40cb-8feb-d729be93f94b" testId="42e7e5a9-27d6-1424-520a-64446a479ac2" testName="deberia_poder_actuailzar_un_documento" computerName="MDS-RH-0002" duration="00:00:00.0059826" startTime="2013-01-29T17:56:03.5063851-03:00" endTime="2013-01-29T17:56:03.5173862-03:00" testType="13cdc9d9-ddb5-4fa4-a97d-d965ccfc6d4b" outcome="Passed" testListId="8c84fa94-04c1-424b-9868-57a2d4851a1d" relativeResultsDirectory="b85ae394-5d5a-40cb-8feb-d729be93f94b">
    </UnitTestResult>
    <UnitTestResult executionId="77bd2fc3-e1f9-47fe-90b7-5ee6265b43a1" testId="43bddf17-fba3-4d54-a157-cfcf7797ee39" testName="al_buscar_en_una_lista_de_áreas_un_email_devuelve_todos_las_áreas_cuyo_email_de_asistente_o_responsable_o_area_contiene_el_texto_buscado" computerName="MDS-RH-0002" duration="00:00:00.0015236" startTime="2013-01-29T17:56:03.5203865-03:00" endTime="2013-01-29T17:56:03.5243869-03:00" testType="13cdc9d9-ddb5-4fa4-a97d-d965ccfc6d4b" outcome="Passed" testListId="8c84fa94-04c1-424b-9868-57a2d4851a1d" relativeResultsDirectory="77bd2fc3-e1f9-47fe-90b7-5ee6265b43a1">
    </UnitTestResult>
    <UnitTestResult executionId="fde4a53a-99a0-41a9-b222-bee03a522752" testId="43da4eae-d92c-9ac3-0f26-5e5600a67e90" testName="el_circuito_deberia_por_default_subir_por_el_organigrama_a_menos_que_haya_una_excepcion" computerName="MDS-RH-0002" duration="00:00:00.0016845" startTime="2013-01-29T17:56:03.5263871-03:00" endTime="2013-01-29T17:56:03.5303875-03:00" testType="13cdc9d9-ddb5-4fa4-a97d-d965ccfc6d4b" outcome="Passed" testListId="8c84fa94-04c1-424b-9868-57a2d4851a1d" relativeResultsDirectory="fde4a53a-99a0-41a9-b222-bee03a522752">
    </UnitTestResult>
    <UnitTestResult executionId="85f0d9ac-1c31-4b9f-993b-f1e64481c27e" testId="44b05242-b475-4635-6cec-78ec052b2688" testName="al_solicitarle_las_areas_inferiores_al_area_de_Marta_debe_traer_solo_la_de_Faby" computerName="MDS-RH-0002" duration="00:00:00.0002987" startTime="2013-01-29T17:56:03.5323877-03:00" endTime="2013-01-29T17:56:03.5353880-03:00" testType="13cdc9d9-ddb5-4fa4-a97d-d965ccfc6d4b" outcome="Passed" testListId="8c84fa94-04c1-424b-9868-57a2d4851a1d" relativeResultsDirectory="85f0d9ac-1c31-4b9f-993b-f1e64481c27e">
    </UnitTestResult>
    <UnitTestResult executionId="f6ce9940-f832-46d1-b4e6-7afab9f7dcbb" testId="46d9bce1-2d0e-1aa8-e89e-b40f37783359" testName="deberia_poder_decirle_a_un_repositorio_que_use_una_conexion_que_no_devuelve_nada" computerName="MDS-RH-0002" duration="00:00:00.0032648" startTime="2013-01-29T17:56:03.5363881-03:00" endTime="2013-01-29T17:56:03.5423887-03:00" testType="13cdc9d9-ddb5-4fa4-a97d-d965ccfc6d4b" outcome="Passed" testListId="8c84fa94-04c1-424b-9868-57a2d4851a1d" relativeResultsDirectory="f6ce9940-f832-46d1-b4e6-7afab9f7dcbb">
    </UnitTestResult>
    <UnitTestResult executionId="bfd40350-75c0-4149-91d8-ed78e493c67b" testId="477414b1-9ac6-06f2-392d-c549405cd3f3" testName="cuando_se_solicita_la_lista_de_todas_las_áreas_superiores_de_un_área_debe_devolver_una_lista_vacía" computerName="MDS-RH-0002" duration="00:00:00.0004573" startTime="2013-01-29T17:56:03.5443889-03:00" endTime="2013-01-29T17:56:03.5473892-03:00" testType="13cdc9d9-ddb5-4fa4-a97d-d965ccfc6d4b" outcome="Passed" testListId="8c84fa94-04c1-424b-9868-57a2d4851a1d" relativeResultsDirectory="bfd40350-75c0-4149-91d8-ed78e493c67b">
    </UnitTestResult>
    <UnitTestResult executionId="da014461-d2ad-4e38-8c3e-751a33b69bb6" testId="4793d588-4a8f-7915-87f2-c97c11507ad4" testName="deberia_devolver_una_fecha" computerName="MDS-RH-0002" duration="00:00:00.0012291" startTime="2013-01-29T17:56:03.5493894-03:00" endTime="2013-01-29T17:56:03.5533898-03:00" testType="13cdc9d9-ddb5-4fa4-a97d-d965ccfc6d4b" outcome="Passed" testListId="8c84fa94-04c1-424b-9868-57a2d4851a1d" relativeResultsDirectory="da014461-d2ad-4e38-8c3e-751a33b69bb6">
    </UnitTestResult>
    <UnitTestResult executionId="27bb6263-5b97-418e-a020-4030affc22da" testId="4a850093-e479-3127-1dc5-d67d3a9e4d1b" testName="fabian_deberia_tener_un_area_con_solo_un_asistente" computerName="MDS-RH-0002" duration="00:00:00.0084972" startTime="2013-01-29T17:56:03.5543899-03:00" endTime="2013-01-29T17:56:03.5653910-03:00" testType="13cdc9d9-ddb5-4fa4-a97d-d965ccfc6d4b" outcome="Passed" testListId="8c84fa94-04c1-424b-9868-57a2d4851a1d" relativeResultsDirectory="27bb6263-5b97-418e-a020-4030affc22da">
    </UnitTestResult>
    <UnitTestResult executionId="279a8b01-3944-4925-b8eb-091000244f1c" testId="4bc081ab-bd87-c7e6-2e9a-ea9029e80e8b" testName="dado_aaa999_debe_ser_aab000" computerName="MDS-RH-0002" duration="00:00:00.0002544" startTime="2013-01-29T17:56:03.5673912-03:00" endTime="2013-01-29T17:56:03.5703915-03:00" testType="13cdc9d9-ddb5-4fa4-a97d-d965ccfc6d4b" outcome="Passed" testListId="8c84fa94-04c1-424b-9868-57a2d4851a1d" relativeResultsDirectory="279a8b01-3944-4925-b8eb-091000244f1c">
    </UnitTestResult>
    <UnitTestResult executionId="a5e84a9b-fa70-4a9a-b8e3-062f524c22a2" testId="5188b3d7-a77a-3054-7bc5-b06591dc325c" testName="al_preguntarle_en_que_area_esta_un_documeto_deberia_decirme_" computerName="MDS-RH-0002" duration="00:00:00.0042307" startTime="2013-01-29T17:56:03.5723917-03:00" endTime="2013-01-29T17:56:03.5793924-03:00" testType="13cdc9d9-ddb5-4fa4-a97d-d965ccfc6d4b" outcome="Passed" testListId="8c84fa94-04c1-424b-9868-57a2d4851a1d" relativeResultsDirectory="a5e84a9b-fa70-4a9a-b8e3-062f524c22a2">
    </UnitTestResult>
    <UnitTestResult executionId="a0cf32f7-6a5d-49d2-abe2-fc074213b076" testId="53e1544f-a9d2-75aa-fac6-a61041be5fb7" testName="dado_un_curso_que_se_cursa_lunes_y_jueves_cuando_le_pregunto_cuantos_dias_de_cursada_hay_en_la_primer_quincena_de_enero_me_dice_4" computerName="MDS-RH-0002" duration="00:00:00.0013912" startTime="2013-01-29T17:56:03.5813926-03:00" endTime="2013-01-29T17:56:03.5863931-03:00" testType="13cdc9d9-ddb5-4fa4-a97d-d965ccfc6d4b" outcome="Passed" testListId="8c84fa94-04c1-424b-9868-57a2d4851a1d" relativeResultsDirectory="a0cf32f7-6a5d-49d2-abe2-fc074213b076">
    </UnitTestResult>
    <UnitTestResult executionId="07ffcdce-8f34-4e7e-8bec-9dce994dd8b2" testId="57d98f0d-6038-69c7-9b96-75f22dd0e9dd" testName="deberia_traer_4_viaticos" computerName="MDS-RH-0002" duration="00:00:00.0596627" startTime="2013-01-29T17:56:03.5873932-03:00" endTime="2013-01-29T17:56:03.6503995-03:00" testType="13cdc9d9-ddb5-4fa4-a97d-d965ccfc6d4b" outcome="Passed" testListId="8c84fa94-04c1-424b-9868-57a2d4851a1d" relativeResultsDirectory="07ffcdce-8f34-4e7e-8bec-9dce994dd8b2">
    </UnitTestResult>
    <UnitTestResult executionId="59828f30-ea6c-4e29-8649-872b717903e5" testId="59ff1f84-feae-06d2-b4cb-39b785e26703" testName="deberia_traer_viaticos_que_esten_pendientes_del_area_939_y__perido_011012_al_261012" computerName="MDS-RH-0002" duration="00:00:00.0032240" startTime="2013-01-29T17:56:03.6513996-03:00" endTime="2013-01-29T17:56:03.6574002-03:00" testType="13cdc9d9-ddb5-4fa4-a97d-d965ccfc6d4b" outcome="Passed" testListId="8c84fa94-04c1-424b-9868-57a2d4851a1d" relativeResultsDirectory="59828f30-ea6c-4e29-8649-872b717903e5">
    </UnitTestResult>
    <UnitTestResult executionId="0a2cb50e-9823-4691-b36d-2aa06f666aef" testId="5b690971-fd71-4f11-40a9-1c85ffb21c38" testName="al_buscar_por_una_categoria_de_documento_debe_traer_todos_los_documentos_que_cumplen_con_ello" computerName="MDS-RH-0002" duration="00:00:00.0009146" startTime="2013-01-29T17:56:03.6594004-03:00" endTime="2013-01-29T17:56:03.6634008-03:00" testType="13cdc9d9-ddb5-4fa4-a97d-d965ccfc6d4b" outcome="Passed" testListId="8c84fa94-04c1-424b-9868-57a2d4851a1d" relativeResultsDirectory="0a2cb50e-9823-4691-b36d-2aa06f666aef">
    </UnitTestResult>
    <UnitTestResult executionId="5d2f64b2-5042-4814-9f92-ff874b7ee038" testId="5d6cb36d-d345-b7c7-27f1-f7052ce8d166" testName="dado_un_area_quiero_saber_direccion_telefono_y_mail_del_area" computerName="MDS-RH-0002" duration="00:00:00.0007437" startTime="2013-01-29T17:56:03.6644009-03:00" endTime="2013-01-29T17:56:03.6684013-03:00" testType="13cdc9d9-ddb5-4fa4-a97d-d965ccfc6d4b" outcome="Passed" testListId="8c84fa94-04c1-424b-9868-57a2d4851a1d" relativeResultsDirectory="5d2f64b2-5042-4814-9f92-ff874b7ee038">
    </UnitTestResult>
    <UnitTestResult executionId="0c8cd361-ee11-44a8-bd82-b763d5d73dc2" testId="60936b2d-9f38-488c-d3bd-319a17b5f6ba" testName="deberia_devolver_la_zona_Metro_con_una_localidad_y_la_zona_Patagonia_con_una_localidad" computerName="MDS-RH-0002" duration="00:00:00.0036147" startTime="2013-01-29T17:56:03.6694014-03:00" endTime="2013-01-29T17:56:03.6774022-03:00" testType="13cdc9d9-ddb5-4fa4-a97d-d965ccfc6d4b" outcome="Passed" testListId="8c84fa94-04c1-424b-9868-57a2d4851a1d" relativeResultsDirectory="0c8cd361-ee11-44a8-bd82-b763d5d73dc2">
    </UnitTestResult>
    <UnitTestResult executionId="58902458-c971-48fe-a292-e71a068bb4d0" testId="60d191e8-f802-0c16-9722-35844f243666" testName="al_buscar_en_una_lista_de_áreas_una_parte_de_telefono_devuelve_todos_las_áreas_cuyo_telefono_de_asistente_o_responsable_o_area_contiene_el_texto_buscado" computerName="MDS-RH-0002" duration="00:00:00.0015956" startTime="2013-01-29T17:56:03.6794024-03:00" endTime="2013-01-29T17:56:03.6834028-03:00" testType="13cdc9d9-ddb5-4fa4-a97d-d965ccfc6d4b" outcome="Passed" testListId="8c84fa94-04c1-424b-9868-57a2d4851a1d" relativeResultsDirectory="58902458-c971-48fe-a292-e71a068bb4d0">
    </UnitTestResult>
    <UnitTestResult executionId="32120011-c438-455c-a5d3-0c4cba465065" testId="6325cb50-8252-7333-a10e-129eb61d4a7d" testName="deberia_crear_una_tabla_con_nombre_y_un_valor_Juan" computerName="MDS-RH-0002" duration="00:00:00.0009531" startTime="2013-01-29T17:56:03.6854030-03:00" endTime="2013-01-29T17:56:03.6894034-03:00" testType="13cdc9d9-ddb5-4fa4-a97d-d965ccfc6d4b" outcome="Passed" testListId="8c84fa94-04c1-424b-9868-57a2d4851a1d" relativeResultsDirectory="32120011-c438-455c-a5d3-0c4cba465065">
    </UnitTestResult>
    <UnitTestResult executionId="29af233b-413c-4832-89cf-0efd5aae98dc" testId="64afcefc-8af6-fc70-4ea7-766fc65f6c46" testName="al_buscar_en_una_lista_de_áreas_un_email_devuelve_dos_emails__uno_de_asistente_y_otro_de_area__que_contienen_el_texto_buscado" computerName="MDS-RH-0002" duration="00:00:00.0007364" startTime="2013-01-29T17:56:03.6904035-03:00" endTime="2013-01-29T17:56:03.6934038-03:00" testType="13cdc9d9-ddb5-4fa4-a97d-d965ccfc6d4b" outcome="Passed" testListId="8c84fa94-04c1-424b-9868-57a2d4851a1d" relativeResultsDirectory="29af233b-413c-4832-89cf-0efd5aae98dc">
    </UnitTestResult>
    <UnitTestResult executionId="74c0cbc5-81a4-4f6f-a019-57af79cef71e" testId="6892221f-5432-520c-a667-6f10f84f4898" testName="dado_un_area_quiero_obtener_todos_los_asistentes_y_sus_datos_de_contacto" computerName="MDS-RH-0002" duration="00:00:00.0010290" startTime="2013-01-29T17:56:03.6954040-03:00" endTime="2013-01-29T17:56:03.6994044-03:00" testType="13cdc9d9-ddb5-4fa4-a97d-d965ccfc6d4b" outcome="Passed" testListId="8c84fa94-04c1-424b-9868-57a2d4851a1d" relativeResultsDirectory="74c0cbc5-81a4-4f6f-a019-57af79cef71e">
    </UnitTestResult>
    <UnitTestResult executionId="031dc014-7da2-486c-9528-fcf0398c7270" testId="68c724fc-1912-d9ac-d786-b1e6bb6c0994" testName="Un_organigrama_deberia_poder_decirme_todas_las_areas_inferiores_inmediatas_a_un_area_dada_con_muchas_areas" computerName="MDS-RH-0002" duration="00:00:00.0003172" startTime="2013-01-29T17:56:03.7004045-03:00" endTime="2013-01-29T17:56:03.7044049-03:00" testType="13cdc9d9-ddb5-4fa4-a97d-d965ccfc6d4b" outcome="Passed" testListId="8c84fa94-04c1-424b-9868-57a2d4851a1d" relativeResultsDirectory="031dc014-7da2-486c-9528-fcf0398c7270">
    </UnitTestResult>
    <UnitTestResult executionId="ec6c0b76-04b1-4f57-8c2a-93820d7ee57a" testId="696fca9c-b0b6-7ef6-000f-fc7546a49832" testName="al_buscar_en_una_lista_de_áreas_una_dirección_devuelve_todos_las_áreas_cuyo_domicilio_contiene_el_texto_buscado" computerName="MDS-RH-0002" duration="00:00:00.0006297" startTime="2013-01-29T17:56:03.7054050-03:00" endTime="2013-01-29T17:56:03.7104055-03:00" testType="13cdc9d9-ddb5-4fa4-a97d-d965ccfc6d4b" outcome="Passed" testListId="8c84fa94-04c1-424b-9868-57a2d4851a1d" relativeResultsDirectory="ec6c0b76-04b1-4f57-8c2a-93820d7ee57a">
    </UnitTestResult>
    <UnitTestResult executionId="a52b8227-faba-405c-b90d-7f4340a1fbbe" testId="6a69abda-dfaa-a679-b661-02cd5293c0bd" testName="no_deberia_permitir_pasarse_de_z" computerName="MDS-RH-0002" duration="00:00:00.0006063" startTime="2013-01-29T17:56:03.7124057-03:00" endTime="2013-01-29T17:56:03.7164061-03:00" testType="13cdc9d9-ddb5-4fa4-a97d-d965ccfc6d4b" outcome="Passed" testListId="8c84fa94-04c1-424b-9868-57a2d4851a1d" relativeResultsDirectory="a52b8227-faba-405c-b90d-7f4340a1fbbe">
    </UnitTestResult>
    <UnitTestResult executionId="98c68283-0a34-4f18-8394-3665b7717fd8" testId="6e2099d5-ff03-21ed-7c09-0bc58519434c" testName="deberia_poder_validar_si_un_objeto_esta_en_una_coleccion" computerName="MDS-RH-0002" duration="00:00:00.0003915" startTime="2013-01-29T17:56:03.7174062-03:00" endTime="2013-01-29T17:56:03.7214066-03:00" testType="13cdc9d9-ddb5-4fa4-a97d-d965ccfc6d4b" outcome="Passed" testListId="8c84fa94-04c1-424b-9868-57a2d4851a1d" relativeResultsDirectory="98c68283-0a34-4f18-8394-3665b7717fd8">
    </UnitTestResult>
    <UnitTestResult executionId="ae02a6e1-982b-4d6b-a368-ed28d95c7120" testId="6f525a40-dadd-7cc4-eb37-95f1d91a14c9" testName="deberia_agregar_una_asistencia_a_un_alumno_para_una_planilla_que_esta_en_un_curso" computerName="MDS-RH-0002" duration="00:00:00.0014366" startTime="2013-01-29T17:56:03.7234068-03:00" endTime="2013-01-29T17:56:03.7294074-03:00" testType="13cdc9d9-ddb5-4fa4-a97d-d965ccfc6d4b" outcome="Passed" testListId="8c84fa94-04c1-424b-9868-57a2d4851a1d" relativeResultsDirectory="ae02a6e1-982b-4d6b-a368-ed28d95c7120">
    </UnitTestResult>
    <UnitTestResult executionId="82533fed-ea7f-4b23-8de7-407823bf5bf8" testId="71dbce06-b24d-82d9-d3a9-b8664de5dbbb" testName="deberia_crear_una_tabla_con_id_y_descripcion" computerName="MDS-RH-0002" duration="00:00:00.0005212" startTime="2013-01-29T17:56:03.7314076-03:00" endTime="2013-01-29T17:56:03.7344079-03:00" testType="13cdc9d9-ddb5-4fa4-a97d-d965ccfc6d4b" outcome="Passed" testListId="8c84fa94-04c1-424b-9868-57a2d4851a1d" relativeResultsDirectory="82533fed-ea7f-4b23-8de7-407823bf5bf8">
    </UnitTestResult>
    <UnitTestResult executionId="8ac1fe10-342b-4d83-96bc-47c99534af19" testId="72c59001-deaf-0f88-ce47-97c9b2e78292" testName="si_un_area_no_tiene_alias_deberia_devolver_el_nombre_completo_sin_alias" computerName="MDS-RH-0002" duration="00:00:00.0002548" startTime="2013-01-29T17:56:03.7364081-03:00" endTime="2013-01-29T17:56:03.7404085-03:00" testType="13cdc9d9-ddb5-4fa4-a97d-d965ccfc6d4b" outcome="Passed" testListId="8c84fa94-04c1-424b-9868-57a2d4851a1d" relativeResultsDirectory="8ac1fe10-342b-4d83-96bc-47c99534af19">
    </UnitTestResult>
    <UnitTestResult executionId="219f0e72-f4b7-4bd8-bb05-54c8c6b89acd" testId="73696332-8582-b3f8-3487-a0e8978d60e1" testName="deberia_devolver_los_saltos_por_excepcion" computerName="MDS-RH-0002" duration="00:00:00.0041510" startTime="2013-01-29T17:56:03.7414086-03:00" endTime="2013-01-29T17:56:03.7484093-03:00" testType="13cdc9d9-ddb5-4fa4-a97d-d965ccfc6d4b" outcome="Passed" testListId="8c84fa94-04c1-424b-9868-57a2d4851a1d" relativeResultsDirectory="219f0e72-f4b7-4bd8-bb05-54c8c6b89acd">
    </UnitTestResult>
    <UnitTestResult executionId="b7e7b942-abd2-49c8-8c9d-6e8a62012689" testId="74b1b58c-e814-5670-35a0-d1446a9967fd" testName="no_se_debe_permitir_crear_un_organigrama_donde_un_hijo_tenga_dos_areas_padres" computerName="MDS-RH-0002" duration="00:00:00.0004038" startTime="2013-01-29T17:56:03.7504095-03:00" endTime="2013-01-29T17:56:03.7534098-03:00" testType="13cdc9d9-ddb5-4fa4-a97d-d965ccfc6d4b" outcome="Passed" testListId="8c84fa94-04c1-424b-9868-57a2d4851a1d" relativeResultsDirectory="b7e7b942-abd2-49c8-8c9d-6e8a62012689">
    </UnitTestResult>
    <UnitTestResult executionId="34537cca-b9fa-4c42-a510-bb42ec2c11cc" testId="751e279c-34dc-9434-036d-cf7c6e4fd783" testName="no_deberia_poder_tener_un_documento_sin_categoria" computerName="MDS-RH-0002" duration="00:00:00.0004854" startTime="2013-01-29T17:56:03.7554100-03:00" endTime="2013-01-29T17:56:03.7584103-03:00" testType="13cdc9d9-ddb5-4fa4-a97d-d965ccfc6d4b" outcome="Passed" testListId="8c84fa94-04c1-424b-9868-57a2d4851a1d" relativeResultsDirectory="34537cca-b9fa-4c42-a510-bb42ec2c11cc">
    </UnitTestResult>
    <UnitTestResult executionId="852b0480-3281-48d5-8044-194eb4d769da" testId="757e1e4a-ca0e-7dc8-c1f0-7e6c91ba8ea0" testName="deberia_poder_validar_si_un_objeto_no_esta_en_una_coleccion" computerName="MDS-RH-0002" duration="00:00:00.0003826" startTime="2013-01-29T17:56:03.7594104-03:00" endTime="2013-01-29T17:56:03.7624107-03:00" testType="13cdc9d9-ddb5-4fa4-a97d-d965ccfc6d4b" outcome="Passed" testListId="8c84fa94-04c1-424b-9868-57a2d4851a1d" relativeResultsDirectory="852b0480-3281-48d5-8044-194eb4d769da">
    </UnitTestResult>
    <UnitTestResult executionId="69b46cc5-e418-4ad8-a3dc-10317e91e099" testId="76c47d34-63a4-0479-90e7-a8d089e0dd93" testName="el_repositorio_deberia_crear_una_mensajeria_con_sus_transiciones" computerName="MDS-RH-0002" duration="00:00:00.0094515" startTime="2013-01-29T17:56:03.7644109-03:00" endTime="2013-01-29T17:56:03.7764121-03:00" testType="13cdc9d9-ddb5-4fa4-a97d-d965ccfc6d4b" outcome="Passed" testListId="8c84fa94-04c1-424b-9868-57a2d4851a1d" relativeResultsDirectory="69b46cc5-e418-4ad8-a3dc-10317e91e099">
    </UnitTestResult>
    <UnitTestResult executionId="2cfd31e4-5eed-4cdf-acfd-613fa17c8886" testId="77c82c9f-520d-04a5-8c33-19a0d6332eaa" testName="el_circuito_deberia_por_default_subir_por_el_organigrama" computerName="MDS-RH-0002" duration="00:00:00.0003541" startTime="2013-01-29T17:56:03.7774122-03:00" endTime="2013-01-29T17:56:03.7814126-03:00" testType="13cdc9d9-ddb5-4fa4-a97d-d965ccfc6d4b" outcome="Passed" testListId="8c84fa94-04c1-424b-9868-57a2d4851a1d" relativeResultsDirectory="2cfd31e4-5eed-4cdf-acfd-613fa17c8886">
    </UnitTestResult>
    <UnitTestResult executionId="52ad6723-c8ea-4bad-97f9-1d4cda6407f8" testId="78a9f8b3-1879-e741-9ade-1dee019c141b" testName="no_deberia_cargar_una_inasistencia_a_un_alumno_que_no_esta_en_un_curso" computerName="MDS-RH-0002" duration="00:00:00.0007341" startTime="2013-01-29T17:56:03.7824127-03:00" endTime="2013-01-29T17:56:03.7864131-03:00" testType="13cdc9d9-ddb5-4fa4-a97d-d965ccfc6d4b" outcome="Passed" testListId="8c84fa94-04c1-424b-9868-57a2d4851a1d" relativeResultsDirectory="52ad6723-c8ea-4bad-97f9-1d4cda6407f8">
    </UnitTestResult>
    <UnitTestResult executionId="3d105e92-1202-412d-9c2e-bbafd853ca76" testId="79a63e0f-ba0e-a5dc-0d5c-dc38d27e7aa1" testName="al_buscar_por_nombre_de_area_la_palabra_RRHH_deberia_traerme_el_area_cuyo_nombre_es_RRHH" computerName="MDS-RH-0002" duration="00:00:00.0006170" startTime="2013-01-29T17:56:03.7874132-03:00" endTime="2013-01-29T17:56:03.7914136-03:00" testType="13cdc9d9-ddb5-4fa4-a97d-d965ccfc6d4b" outcome="Passed" testListId="8c84fa94-04c1-424b-9868-57a2d4851a1d" relativeResultsDirectory="3d105e92-1202-412d-9c2e-bbafd853ca76">
    </UnitTestResult>
    <UnitTestResult executionId="4096a0cb-0639-49d8-b743-e9a8c2eea1e2" testId="7a945366-5dc8-bde8-17f1-4ebf2f832448" testName="se_puede_crear_un_organigrama_con_forma_de_arbol_de_dos_pisos" computerName="MDS-RH-0002" duration="00:00:00.0006929" startTime="2013-01-29T17:56:03.7924137-03:00" endTime="2013-01-29T17:56:03.7954140-03:00" testType="13cdc9d9-ddb5-4fa4-a97d-d965ccfc6d4b" outcome="Passed" testListId="8c84fa94-04c1-424b-9868-57a2d4851a1d" relativeResultsDirectory="4096a0cb-0639-49d8-b743-e9a8c2eea1e2">
    </UnitTestResult>
    <UnitTestResult executionId="a0f98e0e-c003-47d6-9850-01f4cfd07d7d" testId="7b7bd90a-9390-9d92-5600-532eb0a44a2a" testName="dado_un_curso_que_se_cursa_los_lunes_y_jueves_cuando_le_pregunto_cuantos_dias_de_cursada_hay_en_febrero_de_2013_me_dice_6_porque_dos_son_feriados" computerName="MDS-RH-0002" duration="00:00:00.0005801" startTime="2013-01-29T17:56:03.7974142-03:00" endTime="2013-01-29T17:56:03.8004145-03:00" testType="13cdc9d9-ddb5-4fa4-a97d-d965ccfc6d4b" outcome="Passed" testListId="8c84fa94-04c1-424b-9868-57a2d4851a1d" relativeResultsDirectory="a0f98e0e-c003-47d6-9850-01f4cfd07d7d">
    </UnitTestResult>
    <UnitTestResult executionId="e16dfe6e-49c7-415b-8db9-39380b68f4ff" testId="82c21a02-0eaa-b33b-6618-e225964dbef2" testName="deberia_poder_validar_si_un_objeto_no_es_nulo" computerName="MDS-RH-0002" duration="00:00:00.0002240" startTime="2013-01-29T17:56:03.8024147-03:00" endTime="2013-01-29T17:56:03.8044149-03:00" testType="13cdc9d9-ddb5-4fa4-a97d-d965ccfc6d4b" outcome="Passed" testListId="8c84fa94-04c1-424b-9868-57a2d4851a1d" relativeResultsDirectory="e16dfe6e-49c7-415b-8db9-39380b68f4ff">
    </UnitTestResult>
    <UnitTestResult executionId="f5511ab5-f6f1-46a8-b315-f5eb6f08c7ec" testId="82d93e8f-20e5-8c41-b9f1-1d42beccc7c0" testName="deberia_mostrarme_una_unica_vez_la_secretaria_que_posee_el_area_cuando_los_datos_estan_repetidos" computerName="MDS-RH-0002" duration="00:00:00.0084087" startTime="2013-01-29T17:56:03.8064151-03:00" endTime="2013-01-29T17:56:03.8174162-03:00" testType="13cdc9d9-ddb5-4fa4-a97d-d965ccfc6d4b" outcome="Passed" testListId="8c84fa94-04c1-424b-9868-57a2d4851a1d" relativeResultsDirectory="f5511ab5-f6f1-46a8-b315-f5eb6f08c7ec">
    </UnitTestResult>
    <UnitTestResult executionId="55dac9aa-43de-44c2-913b-5030a5104a8a" testId="8464698d-61d5-d408-819d-53311ef832f8" testName="Un_organigrama_deberia_poder_decirme_todas_las_areas_que_son_superiores_a_un_area_dada" computerName="MDS-RH-0002" duration="00:00:00.0003129" startTime="2013-01-29T17:56:03.8194164-03:00" endTime="2013-01-29T17:56:03.8224167-03:00" testType="13cdc9d9-ddb5-4fa4-a97d-d965ccfc6d4b" outcome="Passed" testListId="8c84fa94-04c1-424b-9868-57a2d4851a1d" relativeResultsDirectory="55dac9aa-43de-44c2-913b-5030a5104a8a">
    </UnitTestResult>
    <UnitTestResult executionId="8d71bd49-51ea-4d92-a933-9f8c9a3c123c" testId="88eff91e-3ca2-b202-c4d3-20146aaa990f" testName="al_buscar_por_un_numero_de_ticket__de_documento_o_parte_de_él_debe_traer_todos_los_documentos_que_cumplen_con_ello" computerName="MDS-RH-0002" duration="00:00:00.0007884" startTime="2013-01-29T17:56:03.8234168-03:00" endTime="2013-01-29T17:56:03.8274172-03:00" testType="13cdc9d9-ddb5-4fa4-a97d-d965ccfc6d4b" outcome="Passed" testListId="8c84fa94-04c1-424b-9868-57a2d4851a1d" relativeResultsDirectory="8d71bd49-51ea-4d92-a933-9f8c9a3c123c">
    </UnitTestResult>
    <UnitTestResult executionId="6b37a39f-3deb-49c0-b29d-5bca07cf3e2a" testId="8a58efc7-4718-9311-fb8b-2fde70b8e8da" testName="no_deberia_poder_cargar_una_inasistencia_que_ya_fue_cargada" computerName="MDS-RH-0002" duration="00:00:00.0001366" startTime="2013-01-29T17:56:03.8284173-03:00" endTime="2013-01-29T17:56:03.8324177-03:00" testType="13cdc9d9-ddb5-4fa4-a97d-d965ccfc6d4b" outcome="Passed" testListId="8c84fa94-04c1-424b-9868-57a2d4851a1d" relativeResultsDirectory="6b37a39f-3deb-49c0-b29d-5bca07cf3e2a">
    </UnitTestResult>
    <UnitTestResult executionId="03e84b48-380d-4a2f-829c-0d539dca7773" testId="8c631ab0-9081-f239-8e5b-8f0f7f274cb2" testName="al_buscar_por_fecha_desde_y_fecha_hasta_debería_traer_todos_los_documentos_cuya_fecha_está_incluída_en_ese_rango" computerName="MDS-RH-0002" duration="00:00:00.0006948" startTime="2013-01-29T17:56:03.8334178-03:00" endTime="2013-01-29T17:56:03.8364181-03:00" testType="13cdc9d9-ddb5-4fa4-a97d-d965ccfc6d4b" outcome="Passed" testListId="8c84fa94-04c1-424b-9868-57a2d4851a1d" relativeResultsDirectory="03e84b48-380d-4a2f-829c-0d539dca7773">
    </UnitTestResult>
    <UnitTestResult executionId="224217ce-6ffe-4739-b10b-91447330ff77" testId="8d450b91-f2a6-e64d-c4a7-eee63e8851da" testName="deberia_poder_agregar_un_row_desde_una_entidad_especificando_como_obtener_los_valores_a_partir_de_la_misma" computerName="MDS-RH-0002" duration="00:00:00.0014524" startTime="2013-01-29T17:56:03.8384183-03:00" endTime="2013-01-29T17:56:03.8424187-03:00" testType="13cdc9d9-ddb5-4fa4-a97d-d965ccfc6d4b" outcome="Passed" testListId="8c84fa94-04c1-424b-9868-57a2d4851a1d" relativeResultsDirectory="224217ce-6ffe-4739-b10b-91447330ff77">
    </UnitTestResult>
    <UnitTestResult executionId="ac93091e-494c-4d93-b8e0-27092bd442f9" testId="8e8c4b00-453c-ac9a-23f7-d441cdf71296" testName="deberia_traer_una_unica_area_con_los_datos_de_contacto_de_la_misma" computerName="MDS-RH-0002" duration="00:00:00.0064269" startTime="2013-01-29T17:56:03.8444189-03:00" endTime="2013-01-29T17:56:03.8544199-03:00" testType="13cdc9d9-ddb5-4fa4-a97d-d965ccfc6d4b" outcome="Passed" testListId="8c84fa94-04c1-424b-9868-57a2d4851a1d" relativeResultsDirectory="ac93091e-494c-4d93-b8e0-27092bd442f9">
    </UnitTestResult>
    <UnitTestResult executionId="e42f09be-71c0-442d-ae8e-37a9ccae982f" testId="8f23a447-15d5-92c8-a4fb-7722c21b1c07" testName="deberia_poder_decirle_a_un_repositorio_que_use_una_conexion_que_devuelve_un_organigrama_simple" computerName="MDS-RH-0002" duration="00:00:00.0053867" startTime="2013-01-29T17:56:03.8554200-03:00" endTime="2013-01-29T17:56:03.8634208-03:00" testType="13cdc9d9-ddb5-4fa4-a97d-d965ccfc6d4b" outcome="Passed" testListId="8c84fa94-04c1-424b-9868-57a2d4851a1d" relativeResultsDirectory="e42f09be-71c0-442d-ae8e-37a9ccae982f">
    </UnitTestResult>
    <UnitTestResult executionId="0b536053-ecd3-4a93-a470-c37a1b1cda0e" testId="91497819-ba2a-f2e9-9418-b935f4653def" testName="deberia_poder_validar_si_un_id_es_valido" computerName="MDS-RH-0002" duration="00:00:00.0002005" startTime="2013-01-29T17:56:03.8654210-03:00" endTime="2013-01-29T17:56:03.8684213-03:00" testType="13cdc9d9-ddb5-4fa4-a97d-d965ccfc6d4b" outcome="Passed" testListId="8c84fa94-04c1-424b-9868-57a2d4851a1d" relativeResultsDirectory="0b536053-ecd3-4a93-a470-c37a1b1cda0e">
    </UnitTestResult>
    <UnitTestResult executionId="8f70e9dd-a90d-4bd1-abe4-18918304fdeb" testId="94211d25-4f01-6a4f-21c4-290dd165eb14" testName="no_deberia_traer_inasistencias_de_un_alumno_que_no_falto" computerName="MDS-RH-0002" duration="00:00:00.0005820" startTime="2013-01-29T17:56:03.8694214-03:00" endTime="2013-01-29T17:56:03.8724217-03:00" testType="13cdc9d9-ddb5-4fa4-a97d-d965ccfc6d4b" outcome="Passed" testListId="8c84fa94-04c1-424b-9868-57a2d4851a1d" relativeResultsDirectory="8f70e9dd-a90d-4bd1-abe4-18918304fdeb">
    </UnitTestResult>
    <UnitTestResult executionId="389429e2-d6c9-4fac-aa38-1c8a1006f884" testId="96fb1f26-cf56-3c03-ade6-884985acd8d7" testName="deberia_poder_validar_si_un_id_no_es_valido" computerName="MDS-RH-0002" duration="00:00:00.0003206" startTime="2013-01-29T17:56:03.8744219-03:00" endTime="2013-01-29T17:56:03.8774222-03:00" testType="13cdc9d9-ddb5-4fa4-a97d-d965ccfc6d4b" outcome="Passed" testListId="8c84fa94-04c1-424b-9868-57a2d4851a1d" relativeResultsDirectory="389429e2-d6c9-4fac-aa38-1c8a1006f884">
    </UnitTestResult>
    <UnitTestResult executionId="8fd2ba83-9021-40f0-a94f-70cff4637eb9" testId="98d79b4f-0fef-791a-b39b-89c03b95d3e3" testName="dado_un_curso_que_se_cursa_los_lunes_y_jueves_cuando_le_pregunto_cuantos_dias_de_cursada_hay_inlcuyendo_feriados_en_febrero_de_2013_me_dice_8_porque_dos_son_feriados" computerName="MDS-RH-0002" duration="00:00:00.0020834" startTime="2013-01-29T17:56:03.8784223-03:00" endTime="2013-01-29T17:56:03.8834228-03:00" testType="13cdc9d9-ddb5-4fa4-a97d-d965ccfc6d4b" outcome="Passed" testListId="8c84fa94-04c1-424b-9868-57a2d4851a1d" relativeResultsDirectory="8fd2ba83-9021-40f0-a94f-70cff4637eb9">
    </UnitTestResult>
    <UnitTestResult executionId="3ec364a9-d231-47ef-9db6-e5290ca6920b" testId="999cd32d-d69f-3834-8d48-f15d37fd5243" testName="deberia_traer_viaticos_de_la_provincia_SALTA_y_CORDOBA_en_el_periodo_011012_261012" computerName="MDS-RH-0002" duration="00:00:00.0031420" startTime="2013-01-29T17:56:03.8854230-03:00" endTime="2013-01-29T17:56:03.8904235-03:00" testType="13cdc9d9-ddb5-4fa4-a97d-d965ccfc6d4b" outcome="Passed" testListId="8c84fa94-04c1-424b-9868-57a2d4851a1d" relativeResultsDirectory="3ec364a9-d231-47ef-9db6-e5290ca6920b">
    </UnitTestResult>
    <UnitTestResult executionId="3e5fda14-4686-40ff-96da-22e834130351" testId="a44cf039-3a08-31a6-19c4-66a5660ef220" testName="deberia_poder_obtener_todos_los_datos_del_area_y_ver_que_estan_completos" computerName="MDS-RH-0002" duration="00:00:00.0112343" startTime="2013-01-29T17:56:03.8924237-03:00" endTime="2013-01-29T17:56:03.9064251-03:00" testType="13cdc9d9-ddb5-4fa4-a97d-d965ccfc6d4b" outcome="Passed" testListId="8c84fa94-04c1-424b-9868-57a2d4851a1d" relativeResultsDirectory="3e5fda14-4686-40ff-96da-22e834130351">
    </UnitTestResult>
    <UnitTestResult executionId="2a9b39e9-b97c-4f6a-b244-ea5b1f09ccd8" testId="a783754e-a02b-a257-f4ac-f48395928085" testName="al_buscar_por_el_area_del_usuario_logueado_debe_traer_todos_los_documentos_que_aun_son_responsabilidad_de_dicha_area" computerName="MDS-RH-0002" duration="00:00:00.0003268" startTime="2013-01-29T17:56:03.9074252-03:00" endTime="2013-01-29T17:56:03.9104255-03:00" testType="13cdc9d9-ddb5-4fa4-a97d-d965ccfc6d4b" outcome="Passed" testListId="8c84fa94-04c1-424b-9868-57a2d4851a1d" relativeResultsDirectory="2a9b39e9-b97c-4f6a-b244-ea5b1f09ccd8">
    </UnitTestResult>
    <UnitTestResult executionId="70eec514-7d3c-4fe8-b7c7-a36fb6401459" testId="a8bf43a7-c593-21c5-b353-6a677fedb6e1" testName="dado_un_area_quiero_saber_nombre_telefono_y_mail_de_responsable" computerName="MDS-RH-0002" duration="00:00:00.0004373" startTime="2013-01-29T17:56:03.9124257-03:00" endTime="2013-01-29T17:56:03.9154260-03:00" testType="13cdc9d9-ddb5-4fa4-a97d-d965ccfc6d4b" outcome="Passed" testListId="8c84fa94-04c1-424b-9868-57a2d4851a1d" relativeResultsDirectory="70eec514-7d3c-4fe8-b7c7-a36fb6401459">
    </UnitTestResult>
    <UnitTestResult executionId="3827e041-ea28-42e5-a6b8-c42a5153c4fc" testId="a91c3d07-7c7d-1fe6-99ad-80e4a1548474" testName="deberia_crear_una_tabla_con_id_y_un_valor_1" computerName="MDS-RH-0002" duration="00:00:00.0004423" startTime="2013-01-29T17:56:03.9164261-03:00" endTime="2013-01-29T17:56:03.9194264-03:00" testType="13cdc9d9-ddb5-4fa4-a97d-d965ccfc6d4b" outcome="Passed" testListId="8c84fa94-04c1-424b-9868-57a2d4851a1d" relativeResultsDirectory="3827e041-ea28-42e5-a6b8-c42a5153c4fc">
    </UnitTestResult>
    <UnitTestResult executionId="35c647ee-4753-4c87-8681-5ed1cb849ed9" testId="abcb6bdb-8479-892d-4456-095226c976bc" testName="fabian_deberia_tener_acceso_a_viaticos_y_a_documentos" computerName="MDS-RH-0002" duration="00:00:00.0085526" startTime="2013-01-29T17:56:03.9214266-03:00" endTime="2013-01-29T17:56:03.9324277-03:00" testType="13cdc9d9-ddb5-4fa4-a97d-d965ccfc6d4b" outcome="Passed" testListId="8c84fa94-04c1-424b-9868-57a2d4851a1d" relativeResultsDirectory="35c647ee-4753-4c87-8681-5ed1cb849ed9">
    </UnitTestResult>
    <UnitTestResult executionId="af47b316-f4fc-4bfc-b4ae-825b98d22fc0" testId="b0dad42f-cacf-b7c8-3bc2-1641e13c9caa" testName="deberia_devolver_region_METRO_con_BuenosAires_con_una_localidad_con_id_4" computerName="MDS-RH-0002" duration="00:00:00.0019505" startTime="2013-01-29T17:56:03.9344279-03:00" endTime="2013-01-29T17:56:03.9394284-03:00" testType="13cdc9d9-ddb5-4fa4-a97d-d965ccfc6d4b" outcome="Passed" testListId="8c84fa94-04c1-424b-9868-57a2d4851a1d" relativeResultsDirectory="af47b316-f4fc-4bfc-b4ae-825b98d22fc0">
    </UnitTestResult>
    <UnitTestResult executionId="5a6121ea-5040-4a46-a26c-9243d63981d9" testId="b8bd6fa3-7b0e-dbc4-d1ea-17a66d88e614" testName="mensajeria_deberia_enviar_documento" computerName="MDS-RH-0002" duration="00:00:00.0006136" startTime="2013-01-29T17:56:03.9414286-03:00" endTime="2013-01-29T17:56:03.9444289-03:00" testType="13cdc9d9-ddb5-4fa4-a97d-d965ccfc6d4b" outcome="Passed" testListId="8c84fa94-04c1-424b-9868-57a2d4851a1d" relativeResultsDirectory="5a6121ea-5040-4a46-a26c-9243d63981d9">
    </UnitTestResult>
    <UnitTestResult executionId="c86ba084-3d02-45b9-a7bb-46898ff29f82" testId="bb2112d4-68ef-15b6-48ec-73b20e57caa9" testName="Un_organigrama_deberia_poder_decirme_todas_las_areas_que_posee" computerName="MDS-RH-0002" duration="00:00:00.0002598" startTime="2013-01-29T17:56:03.9464291-03:00" endTime="2013-01-29T17:56:03.9484293-03:00" testType="13cdc9d9-ddb5-4fa4-a97d-d965ccfc6d4b" outcome="Passed" testListId="8c84fa94-04c1-424b-9868-57a2d4851a1d" relativeResultsDirectory="c86ba084-3d02-45b9-a7bb-46898ff29f82">
    </UnitTestResult>
    <UnitTestResult executionId="9685fe3f-85e4-422d-a037-90b8e1115270" testId="bb2f1794-72bc-c3ce-3c94-a7e6c21d4812" testName="deberia_poder_obtener_los_alumnos_de_un_curso" computerName="MDS-RH-0002" duration="00:00:00.0013981" startTime="2013-01-29T17:56:03.9504295-03:00" endTime="2013-01-29T17:56:03.9544299-03:00" testType="13cdc9d9-ddb5-4fa4-a97d-d965ccfc6d4b" outcome="Passed" testListId="8c84fa94-04c1-424b-9868-57a2d4851a1d" relativeResultsDirectory="9685fe3f-85e4-422d-a037-90b8e1115270">
    </UnitTestResult>
    <UnitTestResult executionId="3996cfd3-bc00-409d-9658-efd9db5f5575" testId="bb759e7e-2161-1c79-ee60-b7766df2bd3f" testName="Un_organigrama_deberia_poder_decirme_todas_las_areas_inferiores_inmediatas_a_un_area_dada" computerName="MDS-RH-0002" duration="00:00:00.0002436" startTime="2013-01-29T17:56:03.9564301-03:00" endTime="2013-01-29T17:56:03.9594304-03:00" testType="13cdc9d9-ddb5-4fa4-a97d-d965ccfc6d4b" outcome="Passed" testListId="8c84fa94-04c1-424b-9868-57a2d4851a1d" relativeResultsDirectory="3996cfd3-bc00-409d-9658-efd9db5f5575">
    </UnitTestResult>
    <UnitTestResult executionId="a145e353-454d-40e8-98ae-73b5675eaacb" testId="bbbb69a9-ef38-b5dc-de66-8e150133f998" testName="no_deberia_poder_cargar_una_inasistencia_si_el_dia_no_era_cursable" computerName="MDS-RH-0002" duration="00:00:00.0005004" startTime="2013-01-29T17:56:03.9614306-03:00" endTime="2013-01-29T17:56:03.9644309-03:00" testType="13cdc9d9-ddb5-4fa4-a97d-d965ccfc6d4b" outcome="Passed" testListId="8c84fa94-04c1-424b-9868-57a2d4851a1d" relativeResultsDirectory="a145e353-454d-40e8-98ae-73b5675eaacb">
    </UnitTestResult>
    <UnitTestResult executionId="37038ac1-c149-4f83-b023-50cef0d520a0" testId="bf34bac0-1211-e38d-1273-9a3107460eaa" testName="dado_aazz_debe_ser_abaa" computerName="MDS-RH-0002" duration="00:00:00.0002021" startTime="2013-01-29T17:56:03.9664311-03:00" endTime="2013-01-29T17:56:03.9684313-03:00" testType="13cdc9d9-ddb5-4fa4-a97d-d965ccfc6d4b" outcome="Passed" testListId="8c84fa94-04c1-424b-9868-57a2d4851a1d" relativeResultsDirectory="37038ac1-c149-4f83-b023-50cef0d520a0">
    </UnitTestResult>
    <UnitTestResult executionId="c60ae3fd-7126-4217-9642-9e102b35d4ba" testId="bf3ea6c6-ab88-4696-72a1-f31917a72c6c" testName="al_solicitarle_las_areas_inferiores_de_Fabi_no_debe_traer_ninguna" computerName="MDS-RH-0002" duration="00:00:00.0002344" startTime="2013-01-29T17:56:03.9704315-03:00" endTime="2013-01-29T17:56:03.9734318-03:00" testType="13cdc9d9-ddb5-4fa4-a97d-d965ccfc6d4b" outcome="Passed" testListId="8c84fa94-04c1-424b-9868-57a2d4851a1d" relativeResultsDirectory="c60ae3fd-7126-4217-9642-9e102b35d4ba">
    </UnitTestResult>
    <UnitTestResult executionId="cd6eab80-8f03-46f0-8fd4-05e0a04bdeb6" testId="c09a892a-1cf8-8734-95e1-5859c143f708" testName="al_buscar_por_reponsable_de_area_a_Fabian_deberia_traerme_el_area_cuyo_nombre_de_responsable_es_Fabian" computerName="MDS-RH-0002" duration="00:00:00.0006998" startTime="2013-01-29T17:56:03.9754320-03:00" endTime="2013-01-29T17:56:03.9784323-03:00" testType="13cdc9d9-ddb5-4fa4-a97d-d965ccfc6d4b" outcome="Passed" testListId="8c84fa94-04c1-424b-9868-57a2d4851a1d" relativeResultsDirectory="cd6eab80-8f03-46f0-8fd4-05e0a04bdeb6">
    </UnitTestResult>
    <UnitTestResult executionId="79d7c632-12f8-492b-b3d2-6bc63e8bdf63" testId="c2c53443-9c7d-40b6-5a5a-6d158c6cf141" testName="deberia_traer_viaticos_de_BELEN_011012_261012" computerName="MDS-RH-0002" duration="00:00:00.0023817" startTime="2013-01-29T17:56:03.9804325-03:00" endTime="2013-01-29T17:56:03.9854330-03:00" testType="13cdc9d9-ddb5-4fa4-a97d-d965ccfc6d4b" outcome="Passed" testListId="8c84fa94-04c1-424b-9868-57a2d4851a1d" relativeResultsDirectory="79d7c632-12f8-492b-b3d2-6bc63e8bdf63">
    </UnitTestResult>
    <UnitTestResult executionId="33857734-a6ac-41de-952f-4cdac48c630d" testId="c40af560-ccd4-15d1-681a-d268a1e88a1c" testName="no_deberia_permitir_pasarse_de_9" computerName="MDS-RH-0002" duration="00:00:00.0005119" startTime="2013-01-29T17:56:03.9874332-03:00" endTime="2013-01-29T17:56:03.9904335-03:00" testType="13cdc9d9-ddb5-4fa4-a97d-d965ccfc6d4b" outcome="Passed" testListId="8c84fa94-04c1-424b-9868-57a2d4851a1d" relativeResultsDirectory="33857734-a6ac-41de-952f-4cdac48c630d">
    </UnitTestResult>
    <UnitTestResult executionId="b0af79e8-a414-49b9-8fa3-6f8c97b32f20" testId="c564bf77-b387-e233-53e7-c5c85a463602" testName="deberia_poder_obtener_un_curso_del_repositorio_de_cursos" computerName="MDS-RH-0002" duration="00:00:00.0008446" startTime="2013-01-29T17:56:03.9914336-03:00" endTime="2013-01-29T17:56:03.9954340-03:00" testType="13cdc9d9-ddb5-4fa4-a97d-d965ccfc6d4b" outcome="Passed" testListId="8c84fa94-04c1-424b-9868-57a2d4851a1d" relativeResultsDirectory="b0af79e8-a414-49b9-8fa3-6f8c97b32f20">
    </UnitTestResult>
    <UnitTestResult executionId="53562926-ab07-4ffe-bc99-e81db5fa6e23" testId="c5bc7be4-1c6a-1e48-0dbd-f119f73d764c" testName="deberia_fallar_si_nada_indica_el_tipo_de_una_columna" computerName="MDS-RH-0002" duration="00:00:00.0005123" startTime="2013-01-29T17:56:03.9964341-03:00" endTime="2013-01-29T17:56:04.0004345-03:00" testType="13cdc9d9-ddb5-4fa4-a97d-d965ccfc6d4b" outcome="Passed" testListId="8c84fa94-04c1-424b-9868-57a2d4851a1d" relativeResultsDirectory="53562926-ab07-4ffe-bc99-e81db5fa6e23">
    </UnitTestResult>
    <UnitTestResult executionId="a5b693b3-bd10-4c9b-8dba-dcddbe669b92" testId="c5cbe3b9-5203-897f-6c97-10b52d6a9698" testName="dado_b_quiero_c" computerName="MDS-RH-0002" duration="00:00:00.0002001" startTime="2013-01-29T17:56:04.0014346-03:00" endTime="2013-01-29T17:56:04.0054350-03:00" testType="13cdc9d9-ddb5-4fa4-a97d-d965ccfc6d4b" outcome="Passed" testListId="8c84fa94-04c1-424b-9868-57a2d4851a1d" relativeResultsDirectory="a5b693b3-bd10-4c9b-8dba-dcddbe669b92">
    </UnitTestResult>
    <UnitTestResult executionId="36b2120c-e0d2-4107-a91c-18f58e58384e" testId="c6c229fe-82f0-9917-4112-b9f4fc6d4ce9" testName="no_deberia_permitir_pasarse_de_zzz999" computerName="MDS-RH-0002" duration="00:00:00.0005154" startTime="2013-01-29T17:56:04.0064351-03:00" endTime="2013-01-29T17:56:04.0104355-03:00" testType="13cdc9d9-ddb5-4fa4-a97d-d965ccfc6d4b" outcome="Passed" testListId="8c84fa94-04c1-424b-9868-57a2d4851a1d" relativeResultsDirectory="36b2120c-e0d2-4107-a91c-18f58e58384e">
    </UnitTestResult>
    <UnitTestResult executionId="a1c145ed-5287-46e4-b8d8-88165119f7a9" testId="c8e9fa12-63fb-548e-6319-248eaeb1ba50" testName="deberia_poder_tener_un_null_como_segundo_valor_de_una_columna" computerName="MDS-RH-0002" duration="00:00:00.0019925" startTime="2013-01-29T17:56:04.0114356-03:00" endTime="2013-01-29T17:56:04.0164361-03:00" testType="13cdc9d9-ddb5-4fa4-a97d-d965ccfc6d4b" outcome="Passed" testListId="8c84fa94-04c1-424b-9868-57a2d4851a1d" relativeResultsDirectory="a1c145ed-5287-46e4-b8d8-88165119f7a9">
    </UnitTestResult>
    <UnitTestResult executionId="7ceaf583-1207-4673-ae6d-5cd7a30c19bf" testId="c966b980-8b4f-c10a-2879-8a06a8c7add4" testName="deberia_poder_obtener_todos_los_tipos_de_documento" computerName="MDS-RH-0002" duration="00:00:00.0018674" startTime="2013-01-29T17:56:04.0184363-03:00" endTime="2013-01-29T17:56:04.0224367-03:00" testType="13cdc9d9-ddb5-4fa4-a97d-d965ccfc6d4b" outcome="Passed" testListId="8c84fa94-04c1-424b-9868-57a2d4851a1d" relativeResultsDirectory="7ceaf583-1207-4673-ae6d-5cd7a30c19bf">
    </UnitTestResult>
    <UnitTestResult executionId="536abe33-56b4-4118-b7f1-4793b762ed2b" testId="cc560ad4-66d2-6e1b-fa1e-c1f8f0f47258" testName="no_deberia_poder_tener_un_documento_sin_tipo" computerName="MDS-RH-0002" duration="00:00:00.0003922" startTime="2013-01-29T17:56:04.0244369-03:00" endTime="2013-01-29T17:56:04.0274372-03:00" testType="13cdc9d9-ddb5-4fa4-a97d-d965ccfc6d4b" outcome="Passed" testListId="8c84fa94-04c1-424b-9868-57a2d4851a1d" relativeResultsDirectory="536abe33-56b4-4118-b7f1-4793b762ed2b">
    </UnitTestResult>
    <UnitTestResult executionId="22698b60-b069-4d76-bca4-1dd387086c76" testId="cd0a2e1f-d61d-9cba-b24e-96406e906f5d" testName="TestGetZonas" computerName="MDS-RH-0002" duration="00:00:00.0001216" startTime="2013-01-29T17:56:04.0284373-03:00" endTime="2013-01-29T17:56:04.0314376-03:00" testType="13cdc9d9-ddb5-4fa4-a97d-d965ccfc6d4b" outcome="Passed" testListId="8c84fa94-04c1-424b-9868-57a2d4851a1d" relativeResultsDirectory="22698b60-b069-4d76-bca4-1dd387086c76">
    </UnitTestResult>
    <UnitTestResult executionId="5f55ffd9-f939-44ab-acbd-fc288c9cbfa4" testId="cd2ddf59-b1d1-4ffd-b77a-55d96a13b533" testName="al_buscar_por_una_palabra_del_comentario_del_documento_debe_traer_todos_los_documentos_que_cumplen_con_ello" computerName="MDS-RH-0002" duration="00:00:00.0007583" startTime="2013-01-29T17:56:04.0334378-03:00" endTime="2013-01-29T17:56:04.0364381-03:00" testType="13cdc9d9-ddb5-4fa4-a97d-d965ccfc6d4b" outcome="Passed" testListId="8c84fa94-04c1-424b-9868-57a2d4851a1d" relativeResultsDirectory="5f55ffd9-f939-44ab-acbd-fc288c9cbfa4">
    </UnitTestResult>
    <UnitTestResult executionId="802fe155-6b83-4c4d-83bc-49c433fb37f3" testId="cecd7ff2-d148-29e8-850a-7574ad3e7580" testName="mensajeria_no_deberia_fallar_cuando_un_documento_no_tiene_trancisiones" computerName="MDS-RH-0002" duration="00:00:00.0008361" startTime="2013-01-29T17:56:04.0384383-03:00" endTime="2013-01-29T17:56:04.0424387-03:00" testType="13cdc9d9-ddb5-4fa4-a97d-d965ccfc6d4b" outcome="Passed" testListId="8c84fa94-04c1-424b-9868-57a2d4851a1d" relativeResultsDirectory="802fe155-6b83-4c4d-83bc-49c433fb37f3">
    </UnitTestResult>
    <UnitTestResult executionId="d737971e-84f1-4d5f-bb12-90e37cf8f8f2" testId="cff26abc-fddb-ef75-0bf4-49cf50880ca7" testName="al_buscar_por_una_palabra_del_extracto_del_documento_debe_traer_todos_los_documentos_que_cumplen_con_ello" computerName="MDS-RH-0002" duration="00:00:00.0006009" startTime="2013-01-29T17:56:04.0444389-03:00" endTime="2013-01-29T17:56:04.0474392-03:00" testType="13cdc9d9-ddb5-4fa4-a97d-d965ccfc6d4b" outcome="Passed" testListId="8c84fa94-04c1-424b-9868-57a2d4851a1d" relativeResultsDirectory="d737971e-84f1-4d5f-bb12-90e37cf8f8f2">
    </UnitTestResult>
    <UnitTestResult executionId="872c957c-53de-4591-bfe5-504df74fa01f" testId="d3eb6b18-b89c-308d-2472-f70947e6c57b" testName="deberia_devolver_Buenos_Aires_con_dos_localidades" computerName="MDS-RH-0002" duration="00:00:00.0026951" startTime="2013-01-29T17:56:04.0494394-03:00" endTime="2013-01-29T17:56:04.0554400-03:00" testType="13cdc9d9-ddb5-4fa4-a97d-d965ccfc6d4b" outcome="Passed" testListId="8c84fa94-04c1-424b-9868-57a2d4851a1d" relativeResultsDirectory="872c957c-53de-4591-bfe5-504df74fa01f">
    </UnitTestResult>
    <UnitTestResult executionId="3632432b-5baa-4a2e-bfc6-90ef2adf8814" testId="d4034162-71c0-cb22-9a98-76a42e56e55e" testName="deberia_poder_obtener_el_string_de_un_chekbox" computerName="MDS-RH-0002" duration="00:00:00.0003961" startTime="2013-01-29T17:56:04.0564401-03:00" endTime="2013-01-29T17:56:04.0604405-03:00" testType="13cdc9d9-ddb5-4fa4-a97d-d965ccfc6d4b" outcome="Passed" testListId="8c84fa94-04c1-424b-9868-57a2d4851a1d" relativeResultsDirectory="3632432b-5baa-4a2e-bfc6-90ef2adf8814">
    </UnitTestResult>
    <UnitTestResult executionId="4ab47854-5a61-4f35-909d-25bc8e2bd4f9" testId="d5acc190-8ff6-3621-55ca-bde560b60f80" testName="Un_organigrama_deberia_poder_decirme_cual_es_el_area_superior_de_un_area_dada" computerName="MDS-RH-0002" duration="00:00:00.0002344" startTime="2013-01-29T17:56:04.0614406-03:00" endTime="2013-01-29T17:56:04.0644409-03:00" testType="13cdc9d9-ddb5-4fa4-a97d-d965ccfc6d4b" outcome="Passed" testListId="8c84fa94-04c1-424b-9868-57a2d4851a1d" relativeResultsDirectory="4ab47854-5a61-4f35-909d-25bc8e2bd4f9">
    </UnitTestResult>
    <UnitTestResult executionId="28248d87-a692-46e7-8fd0-beb34b0c095f" testId="d7dcf4df-b012-3cb2-f383-e4a465f466d1" testName="deberia_poder_insertar_un_documento_en_la_base_con_numero_de_ticket" computerName="MDS-RH-0002" duration="00:00:00.0012776" startTime="2013-01-29T17:56:04.0664411-03:00" endTime="2013-01-29T17:56:04.0704415-03:00" testType="13cdc9d9-ddb5-4fa4-a97d-d965ccfc6d4b" outcome="Passed" testListId="8c84fa94-04c1-424b-9868-57a2d4851a1d" relativeResultsDirectory="28248d87-a692-46e7-8fd0-beb34b0c095f">
    </UnitTestResult>
    <UnitTestResult executionId="bf73986d-3016-4b8c-80d7-5d8b470ce801" testId="ddde0ed2-12a5-9bf8-2fdd-b32f11508a59" testName="deberia_poder_guardar_una_transicion_nueva" computerName="MDS-RH-0002" duration="00:00:00.0009612" startTime="2013-01-29T17:56:04.0714416-03:00" endTime="2013-01-29T17:56:04.0754420-03:00" testType="13cdc9d9-ddb5-4fa4-a97d-d965ccfc6d4b" outcome="Passed" testListId="8c84fa94-04c1-424b-9868-57a2d4851a1d" relativeResultsDirectory="bf73986d-3016-4b8c-80d7-5d8b470ce801">
    </UnitTestResult>
    <UnitTestResult executionId="786d0631-7246-4b41-b988-24b4f6f70295" testId="de307af2-1c44-a9c2-0624-80b438a3400b" testName="usuario_mesa_entrada_deberia_tener_solo_acceso_a_documentos" computerName="MDS-RH-0002" duration="00:00:00.0059110" startTime="2013-01-29T17:56:04.0764421-03:00" endTime="2013-01-29T17:56:04.0854430-03:00" testType="13cdc9d9-ddb5-4fa4-a97d-d965ccfc6d4b" outcome="Passed" testListId="8c84fa94-04c1-424b-9868-57a2d4851a1d" relativeResultsDirectory="786d0631-7246-4b41-b988-24b4f6f70295">
    </UnitTestResult>
    <UnitTestResult executionId="bc7f39bc-7b79-4a89-93d3-0e7db1636a6a" testId="dfede4a0-4add-37a3-8cce-099c64499527" testName="dado_1_quiero_2" computerName="MDS-RH-0002" duration="00:00:00.0002017" startTime="2013-01-29T17:56:04.0874432-03:00" endTime="2013-01-29T17:56:04.0904435-03:00" testType="13cdc9d9-ddb5-4fa4-a97d-d965ccfc6d4b" outcome="Passed" testListId="8c84fa94-04c1-424b-9868-57a2d4851a1d" relativeResultsDirectory="bc7f39bc-7b79-4a89-93d3-0e7db1636a6a">
    </UnitTestResult>
    <UnitTestResult executionId="6cf01259-8c9a-416d-a0ec-c70beccbc3fa" testId="e1d67ae5-71d9-5872-41a1-7a2a4d910702" testName="mensajeria_deberia_poder_generar_una_transicion_futura" computerName="MDS-RH-0002" duration="00:00:00.0005474" startTime="2013-01-29T17:56:04.0914436-03:00" endTime="2013-01-29T17:56:04.0954440-03:00" testType="13cdc9d9-ddb5-4fa4-a97d-d965ccfc6d4b" outcome="Passed" testListId="8c84fa94-04c1-424b-9868-57a2d4851a1d" relativeResultsDirectory="6cf01259-8c9a-416d-a0ec-c70beccbc3fa">
    </UnitTestResult>
    <UnitTestResult executionId="e23b7479-cd0d-472e-966f-d62da22bd6cd" testId="e22ce867-04ec-cc74-8f00-0fdb0256cb9f" testName="deberia_considerar_las_estadias_comenzadas_en_el_periodo" computerName="MDS-RH-0002" duration="00:00:00.0009358" startTime="2013-01-29T17:56:04.0974442-03:00" endTime="2013-01-29T17:56:04.1004445-03:00" testType="13cdc9d9-ddb5-4fa4-a97d-d965ccfc6d4b" outcome="Passed" testListId="8c84fa94-04c1-424b-9868-57a2d4851a1d" relativeResultsDirectory="e23b7479-cd0d-472e-966f-d62da22bd6cd">
    </UnitTestResult>
    <UnitTestResult executionId="5e03f8ef-3cad-4edc-951b-8d35f824f1ef" testId="e454c39b-e973-6bea-bc19-3dd352fe2860" testName="deberia_crear_una_tabla_con_id" computerName="MDS-RH-0002" duration="00:00:00.0004631" startTime="2013-01-29T17:56:04.1024447-03:00" endTime="2013-01-29T17:56:04.1054450-03:00" testType="13cdc9d9-ddb5-4fa4-a97d-d965ccfc6d4b" outcome="Passed" testListId="8c84fa94-04c1-424b-9868-57a2d4851a1d" relativeResultsDirectory="5e03f8ef-3cad-4edc-951b-8d35f824f1ef">
    </UnitTestResult>
    <UnitTestResult executionId="cfa3faa2-d906-4072-9e9c-de1831c0d9d4" testId="e4a0643c-ded2-0a34-7284-5a78ff072139" testName="deberia_poder_guardar_un_nuevo_viatico_en_el_repositorio_de_viaticos_y_que_se_le_asigne_un_id" computerName="MDS-RH-0002" duration="00:00:00.0059141" startTime="2013-01-29T17:56:04.1074452-03:00" endTime="2013-01-29T17:56:04.1154460-03:00" testType="13cdc9d9-ddb5-4fa4-a97d-d965ccfc6d4b" outcome="Passed" testListId="8c84fa94-04c1-424b-9868-57a2d4851a1d" relativeResultsDirectory="cfa3faa2-d906-4072-9e9c-de1831c0d9d4">
    </UnitTestResult>
    <UnitTestResult executionId="39953dd3-cbaa-4910-9aeb-35d37454f19c" testId="e51e2c6f-d445-6901-d7cc-9c752d9465ed" testName="dado_a9_quiero_b0" computerName="MDS-RH-0002" duration="00:00:00.0002067" startTime="2013-01-29T17:56:04.1174462-03:00" endTime="2013-01-29T17:56:04.1204465-03:00" testType="13cdc9d9-ddb5-4fa4-a97d-d965ccfc6d4b" outcome="Passed" testListId="8c84fa94-04c1-424b-9868-57a2d4851a1d" relativeResultsDirectory="39953dd3-cbaa-4910-9aeb-35d37454f19c">
    </UnitTestResult>
    <UnitTestResult executionId="8931aec2-eeb1-42a3-a2da-081703728a53" testId="e599cad1-eda4-094c-45c1-605d2f0e5702" testName="al_buscar_por_reponsable_de_area_a_Novoa_deberia_traerme_el_area_cuyo_apellido_de_responsable_es_Novoa" computerName="MDS-RH-0002" duration="00:00:00.0005693" startTime="2013-01-29T17:56:04.1214466-03:00" endTime="2013-01-29T17:56:04.1244469-03:00" testType="13cdc9d9-ddb5-4fa4-a97d-d965ccfc6d4b" outcome="Passed" testListId="8c84fa94-04c1-424b-9868-57a2d4851a1d" relativeResultsDirectory="8931aec2-eeb1-42a3-a2da-081703728a53">
    </UnitTestResult>
    <UnitTestResult executionId="5ad31722-3bca-487b-8882-e1f2f76038e7" testId="e6bad939-5185-804d-09f5-03d6b8675f35" testName="dado_un_curso_que_se_cursa_todos_los_jueves_cuando_le_pregunto_por_las_fechas_en_que_hay_que_asistir_durante_enero_de_2013_debe_contestar_5" computerName="MDS-RH-0002" duration="00:00:00.0011036" startTime="2013-01-29T17:56:04.1264471-03:00" endTime="2013-01-29T17:56:04.1304475-03:00" testType="13cdc9d9-ddb5-4fa4-a97d-d965ccfc6d4b" outcome="Passed" testListId="8c84fa94-04c1-424b-9868-57a2d4851a1d" relativeResultsDirectory="5ad31722-3bca-487b-8882-e1f2f76038e7">
    </UnitTestResult>
    <UnitTestResult executionId="f62eb114-108b-48f7-871e-153359480476" testId="e9aa986f-7293-c98f-9d6b-6050f52118de" testName="dado_az_quiero_ba" computerName="MDS-RH-0002" duration="00:00:00.0002240" startTime="2013-01-29T17:56:04.1314476-03:00" endTime="2013-01-29T17:56:04.1344479-03:00" testType="13cdc9d9-ddb5-4fa4-a97d-d965ccfc6d4b" outcome="Passed" testListId="8c84fa94-04c1-424b-9868-57a2d4851a1d" relativeResultsDirectory="f62eb114-108b-48f7-871e-153359480476">
    </UnitTestResult>
    <UnitTestResult executionId="1ee0a9d3-aa40-435a-abc2-c5240df10d62" testId="eaffb742-992c-e34c-dbe5-be3438e36b95" testName="al_buscar_por_reponsable_de_area_a_Miranda_debe_traer_dos_areas_una_con_responsable_cuyo_nombre_es_Miranda_y_otra_area_cuyo_apellido_de_responsable_es_también_Miranda" computerName="MDS-RH-0002" duration="00:00:00.0005624" startTime="2013-01-29T17:56:04.1364481-03:00" endTime="2013-01-29T17:56:04.1404485-03:00" testType="13cdc9d9-ddb5-4fa4-a97d-d965ccfc6d4b" outcome="Passed" testListId="8c84fa94-04c1-424b-9868-57a2d4851a1d" relativeResultsDirectory="1ee0a9d3-aa40-435a-abc2-c5240df10d62">
    </UnitTestResult>
    <UnitTestResult executionId="6fd1b60e-8db0-43c4-92d9-b3f1c0446d82" testId="f01f9398-de8a-e114-4944-4c3877e413a9" testName="deberia_poder_obtener_el_string_de_un_link_en_imagen_de_las_entidades_seleccionadas" computerName="MDS-RH-0002" duration="00:00:00.0004557" startTime="2013-01-29T17:56:04.1414486-03:00" endTime="2013-01-29T17:56:04.1454490-03:00" testType="13cdc9d9-ddb5-4fa4-a97d-d965ccfc6d4b" outcome="Passed" testListId="8c84fa94-04c1-424b-9868-57a2d4851a1d" relativeResultsDirectory="6fd1b60e-8db0-43c4-92d9-b3f1c0446d82">
    </UnitTestResult>
    <UnitTestResult executionId="a3ab58ad-944a-47c1-ae47-64eb42a1a270" testId="f1f50432-1bf0-de96-51bb-b6443df4774c" testName="no_deberia_poder_guardarse_un_documento_sin_tipo" computerName="MDS-RH-0002" duration="00:00:00.0005462" startTime="2013-01-29T17:56:04.1464491-03:00" endTime="2013-01-29T17:56:04.1494494-03:00" testType="13cdc9d9-ddb5-4fa4-a97d-d965ccfc6d4b" outcome="Passed" testListId="8c84fa94-04c1-424b-9868-57a2d4851a1d" relativeResultsDirectory="a3ab58ad-944a-47c1-ae47-64eb42a1a270">
    </UnitTestResult>
    <UnitTestResult executionId="1e7f27b9-0b48-4cc8-908a-be05e186dc0d" testId="fc3e1a26-3625-7f18-819c-6724010eb1dd" testName="al_buscar_por_un_tipo_de_documento_debe_traer_todos_los_documentos_que_cumplen_con_ello" computerName="MDS-RH-0002" duration="00:00:00.0007895" startTime="2013-01-29T17:56:04.1514496-03:00" endTime="2013-01-29T17:56:04.1544499-03:00" testType="13cdc9d9-ddb5-4fa4-a97d-d965ccfc6d4b" outcome="Passed" testListId="8c84fa94-04c1-424b-9868-57a2d4851a1d" relativeResultsDirectory="1e7f27b9-0b48-4cc8-908a-be05e186dc0d">
    </UnitTestResult>
    <UnitTestResult executionId="69970a04-5151-4185-94f0-fdf5d624f334" testId="fe21a7fe-170b-9452-5951-05d7fa59464e" testName="deberia_agregar_una_inasistencia_a_un_alumno_para_una_planilla_que_esta_en_un_curso" computerName="MDS-RH-0002" duration="00:00:00.0003868" startTime="2013-01-29T17:56:04.1564501-03:00" endTime="2013-01-29T17:56:04.1594504-03:00" testType="13cdc9d9-ddb5-4fa4-a97d-d965ccfc6d4b" outcome="Passed" testListId="8c84fa94-04c1-424b-9868-57a2d4851a1d" relativeResultsDirectory="69970a04-5151-4185-94f0-fdf5d624f334">
    </UnitTestResult>
    <UnitTestResult executionId="c589533b-2d6e-4032-8e21-bbe53d9c4e4d" testId="ff5ca805-f71b-e477-63b1-db8e8b29d28e" testName="deberia_poder_generar_una_planilla_para_un_curso_y_mes" computerName="MDS-RH-0002" duration="00:00:00.0002159" startTime="2013-01-29T17:56:04.1604505-03:00" endTime="2013-01-29T17:56:04.1634508-03:00" testType="13cdc9d9-ddb5-4fa4-a97d-d965ccfc6d4b" outcome="Passed" testListId="8c84fa94-04c1-424b-9868-57a2d4851a1d" relativeResultsDirectory="c589533b-2d6e-4032-8e21-bbe53d9c4e4d">
    </UnitTestResult>
  </Results>
</TestRun>