<?xml version="1.0" encoding="UTF-8"?>
<TestRun id="c5c55da9-d3a5-4fba-89d0-abea84f4c817" name="ACALCAGNO@MDS-RH-0002 2013-03-06 20:10:52" runUser="SDS_DOMAIN_1\ACALCAGNO" xmlns="http://microsoft.com/schemas/VisualStudio/TeamTest/2010">
  <TestSettings name="Local" id="df296806-de48-495c-9280-032423d672d5">
    <Description>Esta es la configuración de pruebas predeterminada para una ejecución de pruebas local.</Description>
    <Deployment userDeploymentRoot="C:\Repositorios\FernandoAssembla\SistemaWeb\WebAsistencia\TestResults" useDefaultDeploymentRoot="false" runDeploymentRoot="ACALCAGNO_MDS-RH-0002 2013-03-06 20_10_52">
      <DeploymentItem filename="C:\Repositorios\FernandoAssembla\SistemaWeb\SharedLibs\NDbUnit.SqlClient.dll" />
      <DeploymentItem filename="C:\Repositorios\FernandoAssembla\SistemaWeb\SharedLibs\Newtonsoft.Json.dll" />
      <DeploymentItem filename="C:\Repositorios\FernandoAssembla\SistemaWeb\SharedLibs\NMock2.Test.dll" />
      <DeploymentItem filename="C:\Repositorios\FernandoAssembla\SistemaWeb\SharedLibs\NMock2.dll" />
      <DeploymentItem filename="C:\Repositorios\FernandoAssembla\SistemaWeb\SharedLibs\NDbUnit.Core.dll" />
      <DeploymentItem filename="C:\Repositorios\FernandoAssembla\SistemaWeb\WebAsistencia\WebRhUI\bin\Debug\WebRhUI.dll" />
      <DeploymentItem filename="C:\Repositorios\FernandoAssembla\SistemaWeb\ProyectoNet\General\bin\Debug\General.dll" />
    </Deployment>
    <Execution>
      <TestTypeSpecific>
        <UnitTestRunConfig testTypeId="13cdc9d9-ddb5-4fa4-a97d-d965ccfc6d4b">
          <AssemblyResolution>
            <TestDirectory useLoadContext="true" />
          </AssemblyResolution>
        </UnitTestRunConfig>
        <WebTestRunConfiguration testTypeId="4e7599fa-5ecb-43e9-a887-cd63cf72d207">
          <Browser name="Internet Explorer 7.0">
            <Headers>
              <Header name="User-Agent" value="Mozilla/4.0 (compatible; MSIE 7.0; Windows NT 5.1)" />
              <Header name="Accept" value="*/*" />
              <Header name="Accept-Language" value="{{$IEAcceptLanguage}}" />
              <Header name="Accept-Encoding" value="GZIP" />
            </Headers>
          </Browser>
        </WebTestRunConfiguration>
      </TestTypeSpecific>
      <AgentRule name="LocalMachineDefaultRole">
      </AgentRule>
    </Execution>
  </TestSettings>
  <Times creation="2013-03-06T20:10:52.2748667-03:00" queuing="2013-03-06T20:10:52.5718837-03:00" start="2013-03-06T20:10:52.5818843-03:00" finish="2013-03-06T20:10:53.0169092-03:00" />
  <ResultSummary outcome="Failed">
    <Counters total="7" executed="7" passed="1" error="0" failed="6" timeout="0" aborted="0" inconclusive="0" passedButRunAborted="0" notRunnable="0" notExecuted="0" disconnected="0" warning="0" completed="0" inProgress="0" pending="0" />
  </ResultSummary>
  <TestDefinitions>
    <UnitTest name="deberia_traer_viaticos_de_la_provincia_SALTA_y_CORDOBA_en_el_periodo_011012_261012" storage="c:\repositorios\fernandoassembla\sistemaweb\testviaticos\bin\debug\testviaticos.dll" id="999cd32d-d69f-3834-8d48-f15d37fd5243">
      <Execution id="cba27b8f-e229-42db-98cd-47a8bd9937d4" />
      <TestMethod codeBase="C:/Repositorios/FernandoAssembla/SistemaWeb/TestViaticos/bin/Debug/TestViaticos.DLL" adapterTypeName="Microsoft.VisualStudio.TestTools.TestTypes.Unit.UnitTestAdapter, Microsoft.VisualStudio.QualityTools.Tips.UnitTest.Adapter, Version=10.0.0.0, Culture=neutral, PublicKeyToken=b03f5f7f11d50a3a" className="TestViaticos.TestConsultas, TestViaticos, Version=1.0.0.0, Culture=neutral, PublicKeyToken=null" name="deberia_traer_viaticos_de_la_provincia_SALTA_y_CORDOBA_en_el_periodo_011012_261012" />
    </UnitTest>
    <UnitTest name="mensajeria_deberia_poder_generar_una_transicion_futura" storage="c:\repositorios\fernandoassembla\sistemaweb\testviaticos\bin\debug\testviaticos.dll" id="e1d67ae5-71d9-5872-41a1-7a2a4d910702">
      <Execution id="66cc7f9d-03db-4ad6-8dc2-8d137c8fe379" />
      <TestMethod codeBase="C:/Repositorios/FernandoAssembla/SistemaWeb/TestViaticos/bin/Debug/TestViaticos.DLL" adapterTypeName="Microsoft.VisualStudio.TestTools.TestTypes.Unit.UnitTestAdapter, Microsoft.VisualStudio.QualityTools.Tips.UnitTest.Adapter, Version=10.0.0.0, Culture=neutral, PublicKeyToken=b03f5f7f11d50a3a" className="TestViaticos.TestMensajeria, TestViaticos, Version=1.0.0.0, Culture=neutral, PublicKeyToken=null" name="mensajeria_deberia_poder_generar_una_transicion_futura" />
    </UnitTest>
    <UnitTest name="deberia_traer_inasistencias_de_un_alumno_para_un_mes" storage="c:\repositorios\fernandoassembla\sistemaweb\testviaticos\bin\debug\testviaticos.dll" id="3667ca38-1ee0-0f59-2de9-55990d91ad13">
      <Execution id="637505d2-ae10-4246-be4c-43d592476dd7" />
      <TestMethod codeBase="C:/Repositorios/FernandoAssembla/SistemaWeb/TestViaticos/bin/Debug/TestViaticos.DLL" adapterTypeName="Microsoft.VisualStudio.TestTools.TestTypes.Unit.UnitTestAdapter, Microsoft.VisualStudio.QualityTools.Tips.UnitTest.Adapter, Version=10.0.0.0, Culture=neutral, PublicKeyToken=b03f5f7f11d50a3a" className="TestViaticos.TestPlanillaMensual, TestViaticos, Version=1.0.0.0, Culture=neutral, PublicKeyToken=null" name="deberia_traer_inasistencias_de_un_alumno_para_un_mes" />
    </UnitTest>
    <UnitTest name="deberia_poder_quitar_alumnos" storage="c:\repositorios\fernandoassembla\sistemaweb\testviaticos\bin\debug\testviaticos.dll" id="f86c4657-4e4d-11f0-63ee-95d2154ef49d">
      <Execution id="a8674d7d-ab51-4419-95e0-1b0f133c5dd2" />
      <TestMethod codeBase="C:/Repositorios/FernandoAssembla/SistemaWeb/TestViaticos/bin/Debug/TestViaticos.DLL" adapterTypeName="Microsoft.VisualStudio.TestTools.TestTypes.Unit.UnitTestAdapter, Microsoft.VisualStudio.QualityTools.Tips.UnitTest.Adapter, Version=10.0.0.0, Culture=neutral, PublicKeyToken=b03f5f7f11d50a3a" className="TestViaticos.TestAlumnos, TestViaticos, Version=1.0.0.0, Culture=neutral, PublicKeyToken=null" name="deberia_poder_quitar_alumnos" />
    </UnitTest>
    <UnitTest name="deberia_poder_agregar_alumnos" storage="c:\repositorios\fernandoassembla\sistemaweb\testviaticos\bin\debug\testviaticos.dll" id="c2ebf66d-ae9e-9e71-55e6-fa4f57f3dcd0">
      <Execution id="3fc70d3d-e15b-4e40-8dfe-6bce49d8c1d1" />
      <TestMethod codeBase="C:/Repositorios/FernandoAssembla/SistemaWeb/TestViaticos/bin/Debug/TestViaticos.DLL" adapterTypeName="Microsoft.VisualStudio.TestTools.TestTypes.Unit.UnitTestAdapter, Microsoft.VisualStudio.QualityTools.Tips.UnitTest.Adapter, Version=10.0.0.0, Culture=neutral, PublicKeyToken=b03f5f7f11d50a3a" className="TestViaticos.TestAlumnos, TestViaticos, Version=1.0.0.0, Culture=neutral, PublicKeyToken=null" name="deberia_poder_agregar_alumnos" />
    </UnitTest>
    <UnitTest name="deberia_agregar_una_inasistencia_a_un_alumno_para_una_planilla_que_esta_en_un_curso" storage="c:\repositorios\fernandoassembla\sistemaweb\testviaticos\bin\debug\testviaticos.dll" id="fe21a7fe-170b-9452-5951-05d7fa59464e">
      <Execution id="d21a15ee-f2c7-49ea-9c3a-a2a60ba0d658" />
      <TestMethod codeBase="C:/Repositorios/FernandoAssembla/SistemaWeb/TestViaticos/bin/Debug/TestViaticos.DLL" adapterTypeName="Microsoft.VisualStudio.TestTools.TestTypes.Unit.UnitTestAdapter, Microsoft.VisualStudio.QualityTools.Tips.UnitTest.Adapter, Version=10.0.0.0, Culture=neutral, PublicKeyToken=b03f5f7f11d50a3a" className="TestViaticos.TestPlanillaMensual, TestViaticos, Version=1.0.0.0, Culture=neutral, PublicKeyToken=null" name="deberia_agregar_una_inasistencia_a_un_alumno_para_una_planilla_que_esta_en_un_curso" />
    </UnitTest>
    <UnitTest name="deberia_agregar_una_asistencia_a_un_alumno_para_una_planilla_que_esta_en_un_curso" storage="c:\repositorios\fernandoassembla\sistemaweb\testviaticos\bin\debug\testviaticos.dll" id="6f525a40-dadd-7cc4-eb37-95f1d91a14c9">
      <Execution id="12cd61d5-fd1f-4914-9c72-8aa2fb896dcd" />
      <TestMethod codeBase="C:/Repositorios/FernandoAssembla/SistemaWeb/TestViaticos/bin/Debug/TestViaticos.DLL" adapterTypeName="Microsoft.VisualStudio.TestTools.TestTypes.Unit.UnitTestAdapter, Microsoft.VisualStudio.QualityTools.Tips.UnitTest.Adapter, Version=10.0.0.0, Culture=neutral, PublicKeyToken=b03f5f7f11d50a3a" className="TestViaticos.TestPlanillaMensual, TestViaticos, Version=1.0.0.0, Culture=neutral, PublicKeyToken=null" name="deberia_agregar_una_asistencia_a_un_alumno_para_una_planilla_que_esta_en_un_curso" />
    </UnitTest>
  </TestDefinitions>
  <TestLists>
    <TestList name="Resultados que no están en la lista" id="8c84fa94-04c1-424b-9868-57a2d4851a1d" />
    <TestList name="Todos los resultados cargados" id="19431567-8539-422a-85d7-44ee4e166bda" />
  </TestLists>
  <TestEntries>
    <TestEntry testId="c2ebf66d-ae9e-9e71-55e6-fa4f57f3dcd0" executionId="3fc70d3d-e15b-4e40-8dfe-6bce49d8c1d1" testListId="8c84fa94-04c1-424b-9868-57a2d4851a1d" />
    <TestEntry testId="3667ca38-1ee0-0f59-2de9-55990d91ad13" executionId="637505d2-ae10-4246-be4c-43d592476dd7" testListId="8c84fa94-04c1-424b-9868-57a2d4851a1d" />
    <TestEntry testId="f86c4657-4e4d-11f0-63ee-95d2154ef49d" executionId="a8674d7d-ab51-4419-95e0-1b0f133c5dd2" testListId="8c84fa94-04c1-424b-9868-57a2d4851a1d" />
    <TestEntry testId="999cd32d-d69f-3834-8d48-f15d37fd5243" executionId="cba27b8f-e229-42db-98cd-47a8bd9937d4" testListId="8c84fa94-04c1-424b-9868-57a2d4851a1d" />
    <TestEntry testId="6f525a40-dadd-7cc4-eb37-95f1d91a14c9" executionId="12cd61d5-fd1f-4914-9c72-8aa2fb896dcd" testListId="8c84fa94-04c1-424b-9868-57a2d4851a1d" />
    <TestEntry testId="e1d67ae5-71d9-5872-41a1-7a2a4d910702" executionId="66cc7f9d-03db-4ad6-8dc2-8d137c8fe379" testListId="8c84fa94-04c1-424b-9868-57a2d4851a1d" />
    <TestEntry testId="fe21a7fe-170b-9452-5951-05d7fa59464e" executionId="d21a15ee-f2c7-49ea-9c3a-a2a60ba0d658" testListId="8c84fa94-04c1-424b-9868-57a2d4851a1d" />
  </TestEntries>
  <Results>
    <UnitTestResult executionId="3fc70d3d-e15b-4e40-8dfe-6bce49d8c1d1" testId="c2ebf66d-ae9e-9e71-55e6-fa4f57f3dcd0" testName="deberia_poder_agregar_alumnos" computerName="MDS-RH-0002" duration="00:00:00.0533634" startTime="2013-03-06T20:10:52.5858845-03:00" endTime="2013-03-06T20:10:52.9199036-03:00" testType="13cdc9d9-ddb5-4fa4-a97d-d965ccfc6d4b" outcome="Failed" testListId="8c84fa94-04c1-424b-9868-57a2d4851a1d" relativeResultsDirectory="3fc70d3d-e15b-4e40-8dfe-6bce49d8c1d1">
      <Output>
        <ErrorInfo>
          <Message>El método de prueba TestViaticos.TestAlumnos.deberia_poder_agregar_alumnos produjo la excepción: 
NMock2.Internal.ExpectationException: unexpected invocation of conexionBD.EjecutarSinResultado("SACC_ActualizarAlumno", &lt;System.Collections.Generic.Dictionary`2[System.String,System.Object]&gt;)
Expected:
</Message>
          <StackTrace>    en NMock2.Mockery.FailUnexpectedInvocation(Invocation invocation)
   en NMock2.Mockery.Dispatch(Invocation invocation)
   en NMock2.Internal.MockObject.Invoke(Invocation invocation)
   en NMock2.Monitoring.Invoker.Invoke(Invocation invocation)
   en NMock2.Monitoring.ProxiedObjectIdentity.Invoke(Invocation invocation)
   en NMock2.Monitoring.ProxyInvokableAdapter.Invoke(IMessage msg)
   en System.Runtime.Remoting.Proxies.RealProxy.PrivateInvoke(MessageData&amp; msgData, Int32 type)
   en General.Repositorios.IConexionBD.EjecutarSinResultado(String nombreProcedimiento, Dictionary`2 parametros)
   en General.Repositorios.RepositorioDeAlumnos.GuardarAlumno(Alumno un_alumno, Usuario usuario) en C:\Repositorios\FernandoAssembla\SistemaWeb\ProyectoNet\General\Repositorios\RepositoriosSACC\RepositorioDeAlumnos.cs:línea 79
   en TestViaticos.TestAlumnos.deberia_poder_agregar_alumnos() en C:\Repositorios\FernandoAssembla\SistemaWeb\TestViaticos\TestSACC\TestAlumnos.cs:línea 28
</StackTrace>
        </ErrorInfo>
      </Output>
    </UnitTestResult>
    <UnitTestResult executionId="637505d2-ae10-4246-be4c-43d592476dd7" testId="3667ca38-1ee0-0f59-2de9-55990d91ad13" testName="deberia_traer_inasistencias_de_un_alumno_para_un_mes" computerName="MDS-RH-0002" duration="00:00:00.0145348" startTime="2013-03-06T20:10:52.9219037-03:00" endTime="2013-03-06T20:10:52.9389047-03:00" testType="13cdc9d9-ddb5-4fa4-a97d-d965ccfc6d4b" outcome="Failed" testListId="8c84fa94-04c1-424b-9868-57a2d4851a1d" relativeResultsDirectory="637505d2-ae10-4246-be4c-43d592476dd7">
      <Output>
        <ErrorInfo>
          <Message>Error de Assert.AreEqual. Se esperaba &lt;1&gt;, pero es &lt;0&gt;. </Message>
          <StackTrace>   en TestViaticos.TestPlanillaMensual.deberia_traer_inasistencias_de_un_alumno_para_un_mes() en C:\Repositorios\FernandoAssembla\SistemaWeb\TestViaticos\TestSACC\TestPlanillaMensual.cs:línea 103
</StackTrace>
        </ErrorInfo>
      </Output>
    </UnitTestResult>
    <UnitTestResult executionId="a8674d7d-ab51-4419-95e0-1b0f133c5dd2" testId="f86c4657-4e4d-11f0-63ee-95d2154ef49d" testName="deberia_poder_quitar_alumnos" computerName="MDS-RH-0002" duration="00:00:00.0026103" startTime="2013-03-06T20:10:52.9409048-03:00" endTime="2013-03-06T20:10:52.9469052-03:00" testType="13cdc9d9-ddb5-4fa4-a97d-d965ccfc6d4b" outcome="Failed" testListId="8c84fa94-04c1-424b-9868-57a2d4851a1d" relativeResultsDirectory="a8674d7d-ab51-4419-95e0-1b0f133c5dd2">
      <Output>
        <ErrorInfo>
          <Message>El método de prueba TestViaticos.TestAlumnos.deberia_poder_quitar_alumnos produjo la excepción: 
NMock2.Internal.ExpectationException: unexpected invocation of conexionBD.EjecutarSinResultado("dbo.SACC_DesinscribirAlumno", &lt;System.Collections.Generic.Dictionary`2[System.String,System.Object]&gt;)
Expected:
</Message>
          <StackTrace>    en NMock2.Mockery.FailUnexpectedInvocation(Invocation invocation)
   en NMock2.Mockery.Dispatch(Invocation invocation)
   en NMock2.Internal.MockObject.Invoke(Invocation invocation)
   en NMock2.Monitoring.Invoker.Invoke(Invocation invocation)
   en NMock2.Monitoring.ProxiedObjectIdentity.Invoke(Invocation invocation)
   en NMock2.Monitoring.ProxyInvokableAdapter.Invoke(IMessage msg)
   en System.Runtime.Remoting.Proxies.RealProxy.PrivateInvoke(MessageData&amp; msgData, Int32 type)
   en General.Repositorios.IConexionBD.EjecutarSinResultado(String nombreProcedimiento, Dictionary`2 parametros)
   en General.Repositorios.RepositorioDeAlumnos.QuitarAlumno(Int32 id, Usuario usuario) en C:\Repositorios\FernandoAssembla\SistemaWeb\ProyectoNet\General\Repositorios\RepositoriosSACC\RepositorioDeAlumnos.cs:línea 130
   en TestViaticos.TestAlumnos.deberia_poder_quitar_alumnos() en C:\Repositorios\FernandoAssembla\SistemaWeb\TestViaticos\TestSACC\TestAlumnos.cs:línea 41
</StackTrace>
        </ErrorInfo>
      </Output>
    </UnitTestResult>
    <UnitTestResult executionId="cba27b8f-e229-42db-98cd-47a8bd9937d4" testId="999cd32d-d69f-3834-8d48-f15d37fd5243" testName="deberia_traer_viaticos_de_la_provincia_SALTA_y_CORDOBA_en_el_periodo_011012_261012" computerName="MDS-RH-0002" duration="00:00:00.0122408" startTime="2013-03-06T20:10:52.9489053-03:00" endTime="2013-03-06T20:10:52.9639061-03:00" testType="13cdc9d9-ddb5-4fa4-a97d-d965ccfc6d4b" outcome="Failed" testListId="8c84fa94-04c1-424b-9868-57a2d4851a1d" relativeResultsDirectory="cba27b8f-e229-42db-98cd-47a8bd9937d4">
      <Output>
        <ErrorInfo>
          <Message>Error de Assert.AreEqual. Se esperaba &lt;2&gt;, pero es &lt;1&gt;. </Message>
          <StackTrace>   en TestViaticos.TestConsultas.deberia_traer_viaticos_de_la_provincia_SALTA_y_CORDOBA_en_el_periodo_011012_261012() en C:\Repositorios\FernandoAssembla\SistemaWeb\TestViaticos\TestConsultas.cs:línea 45
</StackTrace>
        </ErrorInfo>
      </Output>
    </UnitTestResult>
    <UnitTestResult executionId="12cd61d5-fd1f-4914-9c72-8aa2fb896dcd" testId="6f525a40-dadd-7cc4-eb37-95f1d91a14c9" testName="deberia_agregar_una_asistencia_a_un_alumno_para_una_planilla_que_esta_en_un_curso" computerName="MDS-RH-0002" duration="00:00:00.0027867" startTime="2013-03-06T20:10:52.9659062-03:00" endTime="2013-03-06T20:10:52.9709065-03:00" testType="13cdc9d9-ddb5-4fa4-a97d-d965ccfc6d4b" outcome="Failed" testListId="8c84fa94-04c1-424b-9868-57a2d4851a1d" relativeResultsDirectory="12cd61d5-fd1f-4914-9c72-8aa2fb896dcd">
      <Output>
        <ErrorInfo>
          <Message>Error de Assert.AreEqual. Se esperaba &lt;1&gt;, pero es &lt;0&gt;. </Message>
          <StackTrace>   en TestViaticos.TestPlanillaMensual.deberia_agregar_una_asistencia_a_un_alumno_para_una_planilla_que_esta_en_un_curso() en C:\Repositorios\FernandoAssembla\SistemaWeb\TestViaticos\TestSACC\TestPlanillaMensual.cs:línea 136
</StackTrace>
        </ErrorInfo>
      </Output>
    </UnitTestResult>
    <UnitTestResult executionId="66cc7f9d-03db-4ad6-8dc2-8d137c8fe379" testId="e1d67ae5-71d9-5872-41a1-7a2a4d910702" testName="mensajeria_deberia_poder_generar_una_transicion_futura" computerName="MDS-RH-0002" duration="00:00:00.0072206" startTime="2013-03-06T20:10:52.9729066-03:00" endTime="2013-03-06T20:10:52.9829072-03:00" testType="13cdc9d9-ddb5-4fa4-a97d-d965ccfc6d4b" outcome="Passed" testListId="8c84fa94-04c1-424b-9868-57a2d4851a1d" relativeResultsDirectory="66cc7f9d-03db-4ad6-8dc2-8d137c8fe379">
    </UnitTestResult>
    <UnitTestResult executionId="d21a15ee-f2c7-49ea-9c3a-a2a60ba0d658" testId="fe21a7fe-170b-9452-5951-05d7fa59464e" testName="deberia_agregar_una_inasistencia_a_un_alumno_para_una_planilla_que_esta_en_un_curso" computerName="MDS-RH-0002" duration="00:00:00.0016133" startTime="2013-03-06T20:10:52.9849073-03:00" endTime="2013-03-06T20:10:52.9889076-03:00" testType="13cdc9d9-ddb5-4fa4-a97d-d965ccfc6d4b" outcome="Failed" testListId="8c84fa94-04c1-424b-9868-57a2d4851a1d" relativeResultsDirectory="d21a15ee-f2c7-49ea-9c3a-a2a60ba0d658">
      <Output>
        <ErrorInfo>
          <Message>Error de Assert.AreEqual. Se esperaba &lt;1&gt;, pero es &lt;0&gt;. </Message>
          <StackTrace>   en TestViaticos.TestPlanillaMensual.deberia_agregar_una_inasistencia_a_un_alumno_para_una_planilla_que_esta_en_un_curso() en C:\Repositorios\FernandoAssembla\SistemaWeb\TestViaticos\TestSACC\TestPlanillaMensual.cs:línea 63
</StackTrace>
        </ErrorInfo>
      </Output>
    </UnitTestResult>
  </Results>
</TestRun>