<?xml version="1.0" encoding="UTF-8"?>
<TestRun id="291461f9-60dc-43a2-9a6c-22ac058404b8" name="ACALCAGNO@MDS-RH-0002 2013-02-07 21:43:40" runUser="SDS_DOMAIN_1\ACALCAGNO" xmlns="http://microsoft.com/schemas/VisualStudio/TeamTest/2010">
  <TestSettings name="Local" id="df296806-de48-495c-9280-032423d672d5">
    <Description>Esta es la configuración de pruebas predeterminada para una ejecución de pruebas local.</Description>
    <Deployment runDeploymentRoot="ACALCAGNO_MDS-RH-0002 2013-02-07 21_43_40">
      <DeploymentItem filename="C:\Repositorios\FernandoAssembla\SistemaWeb\SharedLibs\NDbUnit.SqlClient.dll" />
      <DeploymentItem filename="C:\Repositorios\FernandoAssembla\SistemaWeb\SharedLibs\Newtonsoft.Json.dll" />
      <DeploymentItem filename="C:\Repositorios\FernandoAssembla\SistemaWeb\SharedLibs\NMock2.Test.dll" />
      <DeploymentItem filename="C:\Repositorios\FernandoAssembla\SistemaWeb\SharedLibs\NMock2.dll" />
      <DeploymentItem filename="C:\Repositorios\FernandoAssembla\SistemaWeb\SharedLibs\NDbUnit.Core.dll" />
      <DeploymentItem filename="C:\Repositorios\FernandoAssembla\SistemaWeb\WebAsistencia\WebRhUI\bin\Debug\WebRhUI.dll" />
      <DeploymentItem filename="C:\Repositorios\FernandoAssembla\SistemaWeb\ProyectoNet\General\bin\Debug\General.dll" />
    </Deployment>
    <Execution>
      <TestTypeSpecific>
        <UnitTestRunConfig testTypeId="13cdc9d9-ddb5-4fa4-a97d-d965ccfc6d4b">
          <AssemblyResolution>
            <TestDirectory useLoadContext="true" />
          </AssemblyResolution>
        </UnitTestRunConfig>
        <WebTestRunConfiguration testTypeId="4e7599fa-5ecb-43e9-a887-cd63cf72d207">
          <Browser name="Internet Explorer 7.0">
            <Headers>
              <Header name="User-Agent" value="Mozilla/4.0 (compatible; MSIE 7.0; Windows NT 5.1)" />
              <Header name="Accept" value="*/*" />
              <Header name="Accept-Language" value="{{$IEAcceptLanguage}}" />
              <Header name="Accept-Encoding" value="GZIP" />
            </Headers>
          </Browser>
        </WebTestRunConfiguration>
      </TestTypeSpecific>
      <AgentRule name="LocalMachineDefaultRole">
      </AgentRule>
    </Execution>
  </TestSettings>
  <Times creation="2013-02-07T21:43:40.3107476-03:00" queuing="2013-02-07T21:43:43.7590924-03:00" start="2013-02-07T21:43:43.8671032-03:00" finish="2013-02-07T21:43:46.1963361-03:00" />
  <ResultSummary outcome="Failed">
    <Counters total="137" executed="137" passed="134" error="0" failed="3" timeout="0" aborted="0" inconclusive="0" passedButRunAborted="0" notRunnable="0" notExecuted="0" disconnected="0" warning="0" completed="0" inProgress="0" pending="0" />
  </ResultSummary>
  <TestDefinitions>
    <UnitTest name="deberia_poder_insertar_un_documento_en_la_base_con_numero_de_ticket" storage="c:\repositorios\fernandoassembla\sistemaweb\testviaticos\bin\debug\testviaticos.dll" id="d7dcf4df-b012-3cb2-f383-e4a465f466d1">
      <Execution id="1e8daa60-4d68-43a5-97e8-7e8d6d747251" />
      <TestMethod codeBase="C:/Repositorios/FernandoAssembla/SistemaWeb/TestViaticos/bin/Debug/TestViaticos.DLL" adapterTypeName="Microsoft.VisualStudio.TestTools.TestTypes.Unit.UnitTestAdapter, Microsoft.VisualStudio.QualityTools.Tips.UnitTest.Adapter, Version=10.0.0.0, Culture=neutral, PublicKeyToken=b03f5f7f11d50a3a" className="TestViaticos.TestRepositorioDocumentos, TestViaticos, Version=1.0.0.0, Culture=neutral, PublicKeyToken=null" name="deberia_poder_insertar_un_documento_en_la_base_con_numero_de_ticket" />
    </UnitTest>
    <UnitTest name="deberia_poder_obtener_los_alumnos_de_un_curso" storage="c:\repositorios\fernandoassembla\sistemaweb\testviaticos\bin\debug\testviaticos.dll" id="bb2f1794-72bc-c3ce-3c94-a7e6c21d4812">
      <Execution id="2d11482f-8d56-48d4-9a83-3c9514b4be08" />
      <TestMethod codeBase="C:/Repositorios/FernandoAssembla/SistemaWeb/TestViaticos/bin/Debug/TestViaticos.DLL" adapterTypeName="Microsoft.VisualStudio.TestTools.TestTypes.Unit.UnitTestAdapter, Microsoft.VisualStudio.QualityTools.Tips.UnitTest.Adapter, Version=10.0.0.0, Culture=neutral, PublicKeyToken=b03f5f7f11d50a3a" className="TestViaticos.TestRepositorioCursos, TestViaticos, Version=1.0.0.0, Culture=neutral, PublicKeyToken=null" name="deberia_poder_obtener_los_alumnos_de_un_curso" />
    </UnitTest>
    <UnitTest name="al_buscar_por_nombre_de_area_la_palabra_RRHH_deberia_traerme_el_area_cuyo_nombre_es_RRHH" storage="c:\repositorios\fernandoassembla\sistemaweb\testviaticos\bin\debug\testviaticos.dll" id="79a63e0f-ba0e-a5dc-0d5c-dc38d27e7aa1">
      <Execution id="d96b45e9-556c-4c35-8e7b-5900dfee4f1a" />
      <TestMethod codeBase="C:/Repositorios/FernandoAssembla/SistemaWeb/TestViaticos/bin/Debug/TestViaticos.DLL" adapterTypeName="Microsoft.VisualStudio.TestTools.TestTypes.Unit.UnitTestAdapter, Microsoft.VisualStudio.QualityTools.Tips.UnitTest.Adapter, Version=10.0.0.0, Culture=neutral, PublicKeyToken=b03f5f7f11d50a3a" className="General.TestProtocolo, TestViaticos, Version=1.0.0.0, Culture=neutral, PublicKeyToken=null" name="al_buscar_por_nombre_de_area_la_palabra_RRHH_deberia_traerme_el_area_cuyo_nombre_es_RRHH" />
    </UnitTest>
    <UnitTest name="dado_b_quiero_c" storage="c:\repositorios\fernandoassembla\sistemaweb\testviaticos\bin\debug\testviaticos.dll" id="c5cbe3b9-5203-897f-6c97-10b52d6a9698">
      <Execution id="da9f98ab-5e65-4237-81f8-d1ff5cb1b6c4" />
      <TestMethod codeBase="C:/Repositorios/FernandoAssembla/SistemaWeb/TestViaticos/bin/Debug/TestViaticos.DLL" adapterTypeName="Microsoft.VisualStudio.TestTools.TestTypes.Unit.UnitTestAdapter, Microsoft.VisualStudio.QualityTools.Tips.UnitTest.Adapter, Version=10.0.0.0, Culture=neutral, PublicKeyToken=b03f5f7f11d50a3a" className="Tests.CodigoTareaTest, TestViaticos, Version=1.0.0.0, Culture=neutral, PublicKeyToken=null" name="dado_b_quiero_c" />
    </UnitTest>
    <UnitTest name="deberia_poder_validar_si_un_objeto_no_es_nulo" storage="c:\repositorios\fernandoassembla\sistemaweb\testviaticos\bin\debug\testviaticos.dll" id="82c21a02-0eaa-b33b-6618-e225964dbef2">
      <Execution id="503e7b76-be8d-482e-9031-2ddd95487802" />
      <TestMethod codeBase="C:/Repositorios/FernandoAssembla/SistemaWeb/TestViaticos/bin/Debug/TestViaticos.DLL" adapterTypeName="Microsoft.VisualStudio.TestTools.TestTypes.Unit.UnitTestAdapter, Microsoft.VisualStudio.QualityTools.Tips.UnitTest.Adapter, Version=10.0.0.0, Culture=neutral, PublicKeyToken=b03f5f7f11d50a3a" className="TestViaticos.TestValidador, TestViaticos, Version=1.0.0.0, Culture=neutral, PublicKeyToken=null" name="deberia_poder_validar_si_un_objeto_no_es_nulo" />
    </UnitTest>
    <UnitTest name="deberia_poder_actuailzar_un_documento" storage="c:\repositorios\fernandoassembla\sistemaweb\testviaticos\bin\debug\testviaticos.dll" id="42e7e5a9-27d6-1424-520a-64446a479ac2">
      <Execution id="442e2003-a3aa-4a78-bfa0-415755d4e411" />
      <TestMethod codeBase="C:/Repositorios/FernandoAssembla/SistemaWeb/TestViaticos/bin/Debug/TestViaticos.DLL" adapterTypeName="Microsoft.VisualStudio.TestTools.TestTypes.Unit.UnitTestAdapter, Microsoft.VisualStudio.QualityTools.Tips.UnitTest.Adapter, Version=10.0.0.0, Culture=neutral, PublicKeyToken=b03f5f7f11d50a3a" className="TestViaticos.TestRepositorioDocumentos, TestViaticos, Version=1.0.0.0, Culture=neutral, PublicKeyToken=null" name="deberia_poder_actuailzar_un_documento" />
    </UnitTest>
    <UnitTest name="deberia_traer_4_viaticos" storage="c:\repositorios\fernandoassembla\sistemaweb\testviaticos\bin\debug\testviaticos.dll" id="57d98f0d-6038-69c7-9b96-75f22dd0e9dd">
      <Execution id="daf08f08-895c-4a1d-acd1-6225cb5d00b5" />
      <TestMethod codeBase="C:/Repositorios/FernandoAssembla/SistemaWeb/TestViaticos/bin/Debug/TestViaticos.DLL" adapterTypeName="Microsoft.VisualStudio.TestTools.TestTypes.Unit.UnitTestAdapter, Microsoft.VisualStudio.QualityTools.Tips.UnitTest.Adapter, Version=10.0.0.0, Culture=neutral, PublicKeyToken=b03f5f7f11d50a3a" className="TestViaticos.TestRepositorioDeViaticos, TestViaticos, Version=1.0.0.0, Culture=neutral, PublicKeyToken=null" name="deberia_traer_4_viaticos" />
    </UnitTest>
    <UnitTest name="dado_aazz_debe_ser_abaa" storage="c:\repositorios\fernandoassembla\sistemaweb\testviaticos\bin\debug\testviaticos.dll" id="bf34bac0-1211-e38d-1273-9a3107460eaa">
      <Execution id="e71dd740-7a77-42ac-9a0f-55e7bf3ea8c6" />
      <TestMethod codeBase="C:/Repositorios/FernandoAssembla/SistemaWeb/TestViaticos/bin/Debug/TestViaticos.DLL" adapterTypeName="Microsoft.VisualStudio.TestTools.TestTypes.Unit.UnitTestAdapter, Microsoft.VisualStudio.QualityTools.Tips.UnitTest.Adapter, Version=10.0.0.0, Culture=neutral, PublicKeyToken=b03f5f7f11d50a3a" className="Tests.CodigoTareaTest, TestViaticos, Version=1.0.0.0, Culture=neutral, PublicKeyToken=null" name="dado_aazz_debe_ser_abaa" />
    </UnitTest>
    <UnitTest name="deberia_poder_conocer_los_dias_de_cursada_de_un_curso_para_un_mes" storage="c:\repositorios\fernandoassembla\sistemaweb\testviaticos\bin\debug\testviaticos.dll" id="07c6ae9a-6a82-fa4b-680a-96e32253ef51">
      <Execution id="71bf4319-97cf-4123-b536-fd2add176555" />
      <TestMethod codeBase="C:/Repositorios/FernandoAssembla/SistemaWeb/TestViaticos/bin/Debug/TestViaticos.DLL" adapterTypeName="Microsoft.VisualStudio.TestTools.TestTypes.Unit.UnitTestAdapter, Microsoft.VisualStudio.QualityTools.Tips.UnitTest.Adapter, Version=10.0.0.0, Culture=neutral, PublicKeyToken=b03f5f7f11d50a3a" className="TestViaticos.TestPlanillaMensual, TestViaticos, Version=1.0.0.0, Culture=neutral, PublicKeyToken=null" name="deberia_poder_conocer_los_dias_de_cursada_de_un_curso_para_un_mes" />
    </UnitTest>
    <UnitTest name="deberia_poder_agregar_alumnos_a_un_curso" storage="c:\repositorios\fernandoassembla\sistemaweb\testviaticos\bin\debug\testviaticos.dll" id="182de057-0bb2-6910-8abd-59fd672a3af3">
      <Execution id="ded4e742-7621-47e7-9fff-fcb2eae14605" />
      <TestMethod codeBase="C:/Repositorios/FernandoAssembla/SistemaWeb/TestViaticos/bin/Debug/TestViaticos.DLL" adapterTypeName="Microsoft.VisualStudio.TestTools.TestTypes.Unit.UnitTestAdapter, Microsoft.VisualStudio.QualityTools.Tips.UnitTest.Adapter, Version=10.0.0.0, Culture=neutral, PublicKeyToken=b03f5f7f11d50a3a" className="TestViaticos.TestRepositorioCursos, TestViaticos, Version=1.0.0.0, Culture=neutral, PublicKeyToken=null" name="deberia_poder_agregar_alumnos_a_un_curso" />
    </UnitTest>
    <UnitTest name="deberia_crear_una_tabla_con_id_y_un_valor_99" storage="c:\repositorios\fernandoassembla\sistemaweb\testviaticos\bin\debug\testviaticos.dll" id="363f19a2-0f65-4da3-ffe2-9ae3bd940a9f">
      <Execution id="06aec929-e67d-4837-a7af-a0b5dde053a6" />
      <TestMethod codeBase="C:/Repositorios/FernandoAssembla/SistemaWeb/TestViaticos/bin/Debug/TestViaticos.DLL" adapterTypeName="Microsoft.VisualStudio.TestTools.TestTypes.Unit.UnitTestAdapter, Microsoft.VisualStudio.QualityTools.Tips.UnitTest.Adapter, Version=10.0.0.0, Culture=neutral, PublicKeyToken=b03f5f7f11d50a3a" className="TestViaticos.TestTablasFake, TestViaticos, Version=1.0.0.0, Culture=neutral, PublicKeyToken=null" name="deberia_crear_una_tabla_con_id_y_un_valor_99" />
    </UnitTest>
    <UnitTest name="dado_un_curso_que_se_cursa_todos_los_jueves_cuando_le_pregunto_por_las_fechas_en_que_hay_que_asistir_durante_enero_de_2013_debe_contestar_5" storage="c:\repositorios\fernandoassembla\sistemaweb\testviaticos\bin\debug\testviaticos.dll" id="e6bad939-5185-804d-09f5-03d6b8675f35">
      <Execution id="1d6861cd-b1c9-4be1-8b05-f732fc8d08d1" />
      <TestMethod codeBase="C:/Repositorios/FernandoAssembla/SistemaWeb/TestViaticos/bin/Debug/TestViaticos.DLL" adapterTypeName="Microsoft.VisualStudio.TestTools.TestTypes.Unit.UnitTestAdapter, Microsoft.VisualStudio.QualityTools.Tips.UnitTest.Adapter, Version=10.0.0.0, Culture=neutral, PublicKeyToken=b03f5f7f11d50a3a" className="TestViaticos.TestCalendarioDeCurso, TestViaticos, Version=1.0.0.0, Culture=neutral, PublicKeyToken=null" name="dado_un_curso_que_se_cursa_todos_los_jueves_cuando_le_pregunto_por_las_fechas_en_que_hay_que_asistir_durante_enero_de_2013_debe_contestar_5" />
    </UnitTest>
    <UnitTest name="un_deserializador_de_filtros_deberia_poder_desserializar_un_filtro_de_documentos_por_numero_de_ticket" storage="c:\repositorios\fernandoassembla\sistemaweb\testviaticos\bin\debug\testviaticos.dll" id="002cf2ca-edf2-8bcf-43d5-0c3f0f84c4f5">
      <Execution id="aefb6d9c-64f6-4e63-882e-722142b3c21a" />
      <TestMethod codeBase="C:/Repositorios/FernandoAssembla/SistemaWeb/TestViaticos/bin/Debug/TestViaticos.DLL" adapterTypeName="Microsoft.VisualStudio.TestTools.TestTypes.Unit.UnitTestAdapter, Microsoft.VisualStudio.QualityTools.Tips.UnitTest.Adapter, Version=10.0.0.0, Culture=neutral, PublicKeyToken=b03f5f7f11d50a3a" className="General.TestFiltroSiCoI, TestViaticos, Version=1.0.0.0, Culture=neutral, PublicKeyToken=null" name="un_deserializador_de_filtros_deberia_poder_desserializar_un_filtro_de_documentos_por_numero_de_ticket" />
    </UnitTest>
    <UnitTest name="deberia_traer_viaticos_que_esten_de_la_areas_939_54_16_de_la_provincia_CORDOBA_SALTA_perido_011012_al_261012" storage="c:\repositorios\fernandoassembla\sistemaweb\testviaticos\bin\debug\testviaticos.dll" id="28a4ad86-b0f5-734b-2ffb-1771c0cae12f">
      <Execution id="6364e033-7b23-4303-80e9-53a3661dd961" />
      <TestMethod codeBase="C:/Repositorios/FernandoAssembla/SistemaWeb/TestViaticos/bin/Debug/TestViaticos.DLL" adapterTypeName="Microsoft.VisualStudio.TestTools.TestTypes.Unit.UnitTestAdapter, Microsoft.VisualStudio.QualityTools.Tips.UnitTest.Adapter, Version=10.0.0.0, Culture=neutral, PublicKeyToken=b03f5f7f11d50a3a" className="TestViaticos.TestConsultas, TestViaticos, Version=1.0.0.0, Culture=neutral, PublicKeyToken=null" name="deberia_traer_viaticos_que_esten_de_la_areas_939_54_16_de_la_provincia_CORDOBA_SALTA_perido_011012_al_261012" />
    </UnitTest>
    <UnitTest name="deberia_devolver_region_METRO_con_BuenosAires_con_una_localidad" storage="c:\repositorios\fernandoassembla\sistemaweb\testviaticos\bin\debug\testviaticos.dll" id="1bbef477-4f31-cfec-a6a8-6e1b0892c5f9">
      <Execution id="30c4ed81-bc1e-4ff1-8313-e6b4f82ce1c1" />
      <TestMethod codeBase="C:/Repositorios/FernandoAssembla/SistemaWeb/TestViaticos/bin/Debug/TestViaticos.DLL" adapterTypeName="Microsoft.VisualStudio.TestTools.TestTypes.Unit.UnitTestAdapter, Microsoft.VisualStudio.QualityTools.Tips.UnitTest.Adapter, Version=10.0.0.0, Culture=neutral, PublicKeyToken=b03f5f7f11d50a3a" className="TestViaticos.TestRepositorioZonas, TestViaticos, Version=1.0.0.0, Culture=neutral, PublicKeyToken=null" name="deberia_devolver_region_METRO_con_BuenosAires_con_una_localidad" />
    </UnitTest>
    <UnitTest name="el_repositorio_deberia_crear_una_mensajeria_con_sus_transiciones" storage="c:\repositorios\fernandoassembla\sistemaweb\testviaticos\bin\debug\testviaticos.dll" id="76c47d34-63a4-0479-90e7-a8d089e0dd93">
      <Execution id="a48ed6fb-5b1f-4a3f-af3e-d024b4d21be9" />
      <TestMethod codeBase="C:/Repositorios/FernandoAssembla/SistemaWeb/TestViaticos/bin/Debug/TestViaticos.DLL" adapterTypeName="Microsoft.VisualStudio.TestTools.TestTypes.Unit.UnitTestAdapter, Microsoft.VisualStudio.QualityTools.Tips.UnitTest.Adapter, Version=10.0.0.0, Culture=neutral, PublicKeyToken=b03f5f7f11d50a3a" className="TestViaticos.TestMensajeria, TestViaticos, Version=1.0.0.0, Culture=neutral, PublicKeyToken=null" name="el_repositorio_deberia_crear_una_mensajeria_con_sus_transiciones" />
    </UnitTest>
    <UnitTest name="deberia_devolver_una_fecha" storage="c:\repositorios\fernandoassembla\sistemaweb\testviaticos\bin\debug\testviaticos.dll" id="4793d588-4a8f-7915-87f2-c97c11507ad4">
      <Execution id="bca70bff-743f-42c2-bd17-3959395d0eb7" />
      <TestMethod codeBase="C:/Repositorios/FernandoAssembla/SistemaWeb/TestViaticos/bin/Debug/TestViaticos.DLL" adapterTypeName="Microsoft.VisualStudio.TestTools.TestTypes.Unit.UnitTestAdapter, Microsoft.VisualStudio.QualityTools.Tips.UnitTest.Adapter, Version=10.0.0.0, Culture=neutral, PublicKeyToken=b03f5f7f11d50a3a" className="TestViaticos.TestTablasFake, TestViaticos, Version=1.0.0.0, Culture=neutral, PublicKeyToken=null" name="deberia_devolver_una_fecha" />
    </UnitTest>
    <UnitTest name="deberia_fallar_si_nada_indica_el_tipo_de_una_columna" storage="c:\repositorios\fernandoassembla\sistemaweb\testviaticos\bin\debug\testviaticos.dll" id="c5bc7be4-1c6a-1e48-0dbd-f119f73d764c">
      <Execution id="5ab16238-2edc-4c4f-9169-78cf4f7d76f8" />
      <TestMethod codeBase="C:/Repositorios/FernandoAssembla/SistemaWeb/TestViaticos/bin/Debug/TestViaticos.DLL" adapterTypeName="Microsoft.VisualStudio.TestTools.TestTypes.Unit.UnitTestAdapter, Microsoft.VisualStudio.QualityTools.Tips.UnitTest.Adapter, Version=10.0.0.0, Culture=neutral, PublicKeyToken=b03f5f7f11d50a3a" className="TestViaticos.TestTablasFake, TestViaticos, Version=1.0.0.0, Culture=neutral, PublicKeyToken=null" name="deberia_fallar_si_nada_indica_el_tipo_de_una_columna" />
    </UnitTest>
    <UnitTest name="al_buscar_en_una_lista_de_áreas_un_email_devuelve_todos_las_áreas_cuyo_email_de_asistente_o_responsable_o_area_contiene_el_texto_buscado" storage="c:\repositorios\fernandoassembla\sistemaweb\testviaticos\bin\debug\testviaticos.dll" id="43bddf17-fba3-4d54-a157-cfcf7797ee39">
      <Execution id="dfa56487-489b-4387-ba36-f330cc0c5652" />
      <TestMethod codeBase="C:/Repositorios/FernandoAssembla/SistemaWeb/TestViaticos/bin/Debug/TestViaticos.DLL" adapterTypeName="Microsoft.VisualStudio.TestTools.TestTypes.Unit.UnitTestAdapter, Microsoft.VisualStudio.QualityTools.Tips.UnitTest.Adapter, Version=10.0.0.0, Culture=neutral, PublicKeyToken=b03f5f7f11d50a3a" className="General.TestProtocolo, TestViaticos, Version=1.0.0.0, Culture=neutral, PublicKeyToken=null" name="al_buscar_en_una_lista_de_áreas_un_email_devuelve_todos_las_áreas_cuyo_email_de_asistente_o_responsable_o_area_contiene_el_texto_buscado" />
    </UnitTest>
    <UnitTest name="el_circuito_deberia_por_default_subir_por_el_organigrama_a_menos_que_haya_una_excepcion" storage="c:\repositorios\fernandoassembla\sistemaweb\testviaticos\bin\debug\testviaticos.dll" id="43da4eae-d92c-9ac3-0f26-5e5600a67e90">
      <Execution id="6c4bd0af-c35f-46f0-9ea6-20a0944e48e7" />
      <TestMethod codeBase="C:/Repositorios/FernandoAssembla/SistemaWeb/TestViaticos/bin/Debug/TestViaticos.DLL" adapterTypeName="Microsoft.VisualStudio.TestTools.TestTypes.Unit.UnitTestAdapter, Microsoft.VisualStudio.QualityTools.Tips.UnitTest.Adapter, Version=10.0.0.0, Culture=neutral, PublicKeyToken=b03f5f7f11d50a3a" className="TestViaticos.TestCircuitoDeViatico, TestViaticos, Version=1.0.0.0, Culture=neutral, PublicKeyToken=null" name="el_circuito_deberia_por_default_subir_por_el_organigrama_a_menos_que_haya_una_excepcion" />
    </UnitTest>
    <UnitTest name="al_buscar_por_reponsable_de_area_a_Miranda_debe_traer_dos_areas_una_con_responsable_cuyo_nombre_es_Miranda_y_otra_area_cuyo_apellido_de_responsable_es_también_Miranda" storage="c:\repositorios\fernandoassembla\sistemaweb\testviaticos\bin\debug\testviaticos.dll" id="eaffb742-992c-e34c-dbe5-be3438e36b95">
      <Execution id="690adacf-aeb0-4b86-a236-f5646fe0a44a" />
      <TestMethod codeBase="C:/Repositorios/FernandoAssembla/SistemaWeb/TestViaticos/bin/Debug/TestViaticos.DLL" adapterTypeName="Microsoft.VisualStudio.TestTools.TestTypes.Unit.UnitTestAdapter, Microsoft.VisualStudio.QualityTools.Tips.UnitTest.Adapter, Version=10.0.0.0, Culture=neutral, PublicKeyToken=b03f5f7f11d50a3a" className="General.TestProtocolo, TestViaticos, Version=1.0.0.0, Culture=neutral, PublicKeyToken=null" name="al_buscar_por_reponsable_de_area_a_Miranda_debe_traer_dos_areas_una_con_responsable_cuyo_nombre_es_Miranda_y_otra_area_cuyo_apellido_de_responsable_es_también_Miranda" />
    </UnitTest>
    <UnitTest name="no_deberia_poder_cargar_una_inasistencia_si_el_dia_no_era_cursable" storage="c:\repositorios\fernandoassembla\sistemaweb\testviaticos\bin\debug\testviaticos.dll" id="bbbb69a9-ef38-b5dc-de66-8e150133f998">
      <Execution id="1d09e282-336c-4fa6-8d6b-22f92e00a00c" />
      <TestMethod codeBase="C:/Repositorios/FernandoAssembla/SistemaWeb/TestViaticos/bin/Debug/TestViaticos.DLL" adapterTypeName="Microsoft.VisualStudio.TestTools.TestTypes.Unit.UnitTestAdapter, Microsoft.VisualStudio.QualityTools.Tips.UnitTest.Adapter, Version=10.0.0.0, Culture=neutral, PublicKeyToken=b03f5f7f11d50a3a" className="TestViaticos.TestPlanillaMensual, TestViaticos, Version=1.0.0.0, Culture=neutral, PublicKeyToken=null" name="no_deberia_poder_cargar_una_inasistencia_si_el_dia_no_era_cursable" />
    </UnitTest>
    <UnitTest name="al_preguntarle_en_que_area_esta_un_documeto_deberia_decirme_" storage="c:\repositorios\fernandoassembla\sistemaweb\testviaticos\bin\debug\testviaticos.dll" id="5188b3d7-a77a-3054-7bc5-b06591dc325c">
      <Execution id="9e956743-aa76-4ae1-8a25-dca8b300d292" />
      <TestMethod codeBase="C:/Repositorios/FernandoAssembla/SistemaWeb/TestViaticos/bin/Debug/TestViaticos.DLL" adapterTypeName="Microsoft.VisualStudio.TestTools.TestTypes.Unit.UnitTestAdapter, Microsoft.VisualStudio.QualityTools.Tips.UnitTest.Adapter, Version=10.0.0.0, Culture=neutral, PublicKeyToken=b03f5f7f11d50a3a" className="TestViaticos.TestMensajeria, TestViaticos, Version=1.0.0.0, Culture=neutral, PublicKeyToken=null" name="al_preguntarle_en_que_area_esta_un_documeto_deberia_decirme_" />
    </UnitTest>
    <UnitTest name="no_deberia_permitir_pasarse_de_zzz999" storage="c:\repositorios\fernandoassembla\sistemaweb\testviaticos\bin\debug\testviaticos.dll" id="c6c229fe-82f0-9917-4112-b9f4fc6d4ce9">
      <Execution id="e7324fee-92a0-4f58-9d37-3c514399bac1" />
      <TestMethod codeBase="C:/Repositorios/FernandoAssembla/SistemaWeb/TestViaticos/bin/Debug/TestViaticos.DLL" adapterTypeName="Microsoft.VisualStudio.TestTools.TestTypes.Unit.UnitTestAdapter, Microsoft.VisualStudio.QualityTools.Tips.UnitTest.Adapter, Version=10.0.0.0, Culture=neutral, PublicKeyToken=b03f5f7f11d50a3a" className="Tests.CodigoTareaTest, TestViaticos, Version=1.0.0.0, Culture=neutral, PublicKeyToken=null" name="no_deberia_permitir_pasarse_de_zzz999" />
    </UnitTest>
    <UnitTest name="deberia_devolver_los_saltos_por_excepcion" storage="c:\repositorios\fernandoassembla\sistemaweb\testviaticos\bin\debug\testviaticos.dll" id="73696332-8582-b3f8-3487-a0e8978d60e1">
      <Execution id="4eb9227c-6c7f-45ef-b73c-293dbb3a858e" />
      <TestMethod codeBase="C:/Repositorios/FernandoAssembla/SistemaWeb/TestViaticos/bin/Debug/TestViaticos.DLL" adapterTypeName="Microsoft.VisualStudio.TestTools.TestTypes.Unit.UnitTestAdapter, Microsoft.VisualStudio.QualityTools.Tips.UnitTest.Adapter, Version=10.0.0.0, Culture=neutral, PublicKeyToken=b03f5f7f11d50a3a" className="TestViaticos.TestRepositorioOrganigramas, TestViaticos, Version=1.0.0.0, Culture=neutral, PublicKeyToken=null" name="deberia_devolver_los_saltos_por_excepcion" />
    </UnitTest>
    <UnitTest name="deberia_poder_validar_si_un_id_no_es_valido" storage="c:\repositorios\fernandoassembla\sistemaweb\testviaticos\bin\debug\testviaticos.dll" id="96fb1f26-cf56-3c03-ade6-884985acd8d7">
      <Execution id="8136ec47-f49a-43f5-8436-4677f7b2a7bc" />
      <TestMethod codeBase="C:/Repositorios/FernandoAssembla/SistemaWeb/TestViaticos/bin/Debug/TestViaticos.DLL" adapterTypeName="Microsoft.VisualStudio.TestTools.TestTypes.Unit.UnitTestAdapter, Microsoft.VisualStudio.QualityTools.Tips.UnitTest.Adapter, Version=10.0.0.0, Culture=neutral, PublicKeyToken=b03f5f7f11d50a3a" className="TestViaticos.TestValidador, TestViaticos, Version=1.0.0.0, Culture=neutral, PublicKeyToken=null" name="deberia_poder_validar_si_un_id_no_es_valido" />
    </UnitTest>
    <UnitTest name="mensajeria_deberia_enviar_documento" storage="c:\repositorios\fernandoassembla\sistemaweb\testviaticos\bin\debug\testviaticos.dll" id="b8bd6fa3-7b0e-dbc4-d1ea-17a66d88e614">
      <Execution id="f38ed19a-27bc-42ab-ae6e-867eafa01dba" />
      <TestMethod codeBase="C:/Repositorios/FernandoAssembla/SistemaWeb/TestViaticos/bin/Debug/TestViaticos.DLL" adapterTypeName="Microsoft.VisualStudio.TestTools.TestTypes.Unit.UnitTestAdapter, Microsoft.VisualStudio.QualityTools.Tips.UnitTest.Adapter, Version=10.0.0.0, Culture=neutral, PublicKeyToken=b03f5f7f11d50a3a" className="TestViaticos.TestMensajeria, TestViaticos, Version=1.0.0.0, Culture=neutral, PublicKeyToken=null" name="mensajeria_deberia_enviar_documento" />
    </UnitTest>
    <UnitTest name="deberia_poder_decirle_a_un_repositorio_que_use_una_conexion_que_devuelve_un_organigrama_simple" storage="c:\repositorios\fernandoassembla\sistemaweb\testviaticos\bin\debug\testviaticos.dll" id="8f23a447-15d5-92c8-a4fb-7722c21b1c07">
      <Execution id="3e21aca1-d037-4f60-a932-7f62a17990e8" />
      <TestMethod codeBase="C:/Repositorios/FernandoAssembla/SistemaWeb/TestViaticos/bin/Debug/TestViaticos.DLL" adapterTypeName="Microsoft.VisualStudio.TestTools.TestTypes.Unit.UnitTestAdapter, Microsoft.VisualStudio.QualityTools.Tips.UnitTest.Adapter, Version=10.0.0.0, Culture=neutral, PublicKeyToken=b03f5f7f11d50a3a" className="TestViaticos.TestRepositorioOrganigramas, TestViaticos, Version=1.0.0.0, Culture=neutral, PublicKeyToken=null" name="deberia_poder_decirle_a_un_repositorio_que_use_una_conexion_que_devuelve_un_organigrama_simple" />
    </UnitTest>
    <UnitTest name="al_buscar_en_una_lista_de_áreas_por_Asistentes_de_área_a_María_debe_traer_el_area_de_RRHH_donde_María_es_secretaria" storage="c:\repositorios\fernandoassembla\sistemaweb\testviaticos\bin\debug\testviaticos.dll" id="39ba617e-74b7-ac1c-65b2-4df024e2d4e4">
      <Execution id="2e9230f9-f508-4dd6-92b0-9226216f9a7e" />
      <TestMethod codeBase="C:/Repositorios/FernandoAssembla/SistemaWeb/TestViaticos/bin/Debug/TestViaticos.DLL" adapterTypeName="Microsoft.VisualStudio.TestTools.TestTypes.Unit.UnitTestAdapter, Microsoft.VisualStudio.QualityTools.Tips.UnitTest.Adapter, Version=10.0.0.0, Culture=neutral, PublicKeyToken=b03f5f7f11d50a3a" className="General.TestProtocolo, TestViaticos, Version=1.0.0.0, Culture=neutral, PublicKeyToken=null" name="al_buscar_en_una_lista_de_áreas_por_Asistentes_de_área_a_María_debe_traer_el_area_de_RRHH_donde_María_es_secretaria" />
    </UnitTest>
    <UnitTest name="deberia_devolver_la_zona_Metro_con_una_localidad_y_la_zona_Patagonia_con_una_localidad" storage="c:\repositorios\fernandoassembla\sistemaweb\testviaticos\bin\debug\testviaticos.dll" id="60936b2d-9f38-488c-d3bd-319a17b5f6ba">
      <Execution id="afa605c5-c774-43da-83e9-938e55f053f6" />
      <TestMethod codeBase="C:/Repositorios/FernandoAssembla/SistemaWeb/TestViaticos/bin/Debug/TestViaticos.DLL" adapterTypeName="Microsoft.VisualStudio.TestTools.TestTypes.Unit.UnitTestAdapter, Microsoft.VisualStudio.QualityTools.Tips.UnitTest.Adapter, Version=10.0.0.0, Culture=neutral, PublicKeyToken=b03f5f7f11d50a3a" className="TestViaticos.TestRepositorioZonas, TestViaticos, Version=1.0.0.0, Culture=neutral, PublicKeyToken=null" name="deberia_devolver_la_zona_Metro_con_una_localidad_y_la_zona_Patagonia_con_una_localidad" />
    </UnitTest>
    <UnitTest name="no_se_debe_permitir_crear_un_organigrama_donde_las_areas_y_las_dependencias_son_vacias" storage="c:\repositorios\fernandoassembla\sistemaweb\testviaticos\bin\debug\testviaticos.dll" id="22fef842-2be2-549e-28ca-decc4b2f83c4">
      <Execution id="e304be99-ff82-4c1b-9176-bd9f70d1fe8d" />
      <TestMethod codeBase="C:/Repositorios/FernandoAssembla/SistemaWeb/TestViaticos/bin/Debug/TestViaticos.DLL" adapterTypeName="Microsoft.VisualStudio.TestTools.TestTypes.Unit.UnitTestAdapter, Microsoft.VisualStudio.QualityTools.Tips.UnitTest.Adapter, Version=10.0.0.0, Culture=neutral, PublicKeyToken=b03f5f7f11d50a3a" className="TestViaticos.TestOrganigrama, TestViaticos, Version=1.0.0.0, Culture=neutral, PublicKeyToken=null" name="no_se_debe_permitir_crear_un_organigrama_donde_las_areas_y_las_dependencias_son_vacias" />
    </UnitTest>
    <UnitTest name="al_solicitarle_todas_las_areas_inferiores_de_marta_deberia_traerme_faby_yfabyB" storage="c:\repositorios\fernandoassembla\sistemaweb\testviaticos\bin\debug\testviaticos.dll" id="225e3e53-1987-0065-f209-06ded52d42cd">
      <Execution id="d07d9248-3703-42e1-8373-90d0d59eb6e2" />
      <TestMethod codeBase="C:/Repositorios/FernandoAssembla/SistemaWeb/TestViaticos/bin/Debug/TestViaticos.DLL" adapterTypeName="Microsoft.VisualStudio.TestTools.TestTypes.Unit.UnitTestAdapter, Microsoft.VisualStudio.QualityTools.Tips.UnitTest.Adapter, Version=10.0.0.0, Culture=neutral, PublicKeyToken=b03f5f7f11d50a3a" className="TestViaticos.TestOrganigrama, TestViaticos, Version=1.0.0.0, Culture=neutral, PublicKeyToken=null" name="al_solicitarle_todas_las_areas_inferiores_de_marta_deberia_traerme_faby_yfabyB" />
    </UnitTest>
    <UnitTest name="TestGetZonas" storage="c:\repositorios\fernandoassembla\sistemaweb\testviaticos\bin\debug\testviaticos.dll" id="cd0a2e1f-d61d-9cba-b24e-96406e906f5d">
      <Execution id="5a6b2842-e83e-4b48-b5bb-15c0f1c4a934" />
      <TestMethod codeBase="C:/Repositorios/FernandoAssembla/SistemaWeb/TestViaticos/bin/Debug/TestViaticos.DLL" adapterTypeName="Microsoft.VisualStudio.TestTools.TestTypes.Unit.UnitTestAdapter, Microsoft.VisualStudio.QualityTools.Tips.UnitTest.Adapter, Version=10.0.0.0, Culture=neutral, PublicKeyToken=b03f5f7f11d50a3a" className="TestViaticos.TestRepositorioZonas, TestViaticos, Version=1.0.0.0, Culture=neutral, PublicKeyToken=null" name="TestGetZonas" />
    </UnitTest>
    <UnitTest name="deberia_poder_crear_un_checkbox_con_id_segun_la_entidad" storage="c:\repositorios\fernandoassembla\sistemaweb\testviaticos\bin\debug\testviaticos.dll" id="2d0a6e94-8989-8cc3-e286-44dd8a2f688e">
      <Execution id="18ffdfde-d74c-4a62-b426-7f7aa0bf90ea" />
      <TestMethod codeBase="C:/Repositorios/FernandoAssembla/SistemaWeb/TestViaticos/bin/Debug/TestViaticos.DLL" adapterTypeName="Microsoft.VisualStudio.TestTools.TestTypes.Unit.UnitTestAdapter, Microsoft.VisualStudio.QualityTools.Tips.UnitTest.Adapter, Version=10.0.0.0, Culture=neutral, PublicKeyToken=b03f5f7f11d50a3a" className="WebRhUITestNew.ControladorDeWebControlsTest, TestViaticos, Version=1.0.0.0, Culture=neutral, PublicKeyToken=null" name="deberia_poder_crear_un_checkbox_con_id_segun_la_entidad" />
    </UnitTest>
    <UnitTest name="no_deberia_poder_guardarse_un_documento_sin_tipo" storage="c:\repositorios\fernandoassembla\sistemaweb\testviaticos\bin\debug\testviaticos.dll" id="f1f50432-1bf0-de96-51bb-b6443df4774c">
      <Execution id="79d6c831-a397-4296-9f69-1f782fe4474c" />
      <TestMethod codeBase="C:/Repositorios/FernandoAssembla/SistemaWeb/TestViaticos/bin/Debug/TestViaticos.DLL" adapterTypeName="Microsoft.VisualStudio.TestTools.TestTypes.Unit.UnitTestAdapter, Microsoft.VisualStudio.QualityTools.Tips.UnitTest.Adapter, Version=10.0.0.0, Culture=neutral, PublicKeyToken=b03f5f7f11d50a3a" className="TestViaticos.TestRepositorioDocumentos, TestViaticos, Version=1.0.0.0, Culture=neutral, PublicKeyToken=null" name="no_deberia_poder_guardarse_un_documento_sin_tipo" />
    </UnitTest>
    <UnitTest name="deberia_devolver_la_zona_Metro_con_dos_provincias_diferentes" storage="c:\repositorios\fernandoassembla\sistemaweb\testviaticos\bin\debug\testviaticos.dll" id="18a1cd9e-1ae4-3656-14a0-ac543707a055">
      <Execution id="d7b144b4-558b-4d49-ae40-8b5734fd41c3" />
      <TestMethod codeBase="C:/Repositorios/FernandoAssembla/SistemaWeb/TestViaticos/bin/Debug/TestViaticos.DLL" adapterTypeName="Microsoft.VisualStudio.TestTools.TestTypes.Unit.UnitTestAdapter, Microsoft.VisualStudio.QualityTools.Tips.UnitTest.Adapter, Version=10.0.0.0, Culture=neutral, PublicKeyToken=b03f5f7f11d50a3a" className="TestViaticos.TestRepositorioZonas, TestViaticos, Version=1.0.0.0, Culture=neutral, PublicKeyToken=null" name="deberia_devolver_la_zona_Metro_con_dos_provincias_diferentes" />
    </UnitTest>
    <UnitTest name="deberia_poder_obtener_el_string_de_un_chekbox" storage="c:\repositorios\fernandoassembla\sistemaweb\testviaticos\bin\debug\testviaticos.dll" id="d4034162-71c0-cb22-9a98-76a42e56e55e">
      <Execution id="a14ec00f-ba9f-4467-b85d-41eac1d0ae04" />
      <TestMethod codeBase="C:/Repositorios/FernandoAssembla/SistemaWeb/TestViaticos/bin/Debug/TestViaticos.DLL" adapterTypeName="Microsoft.VisualStudio.TestTools.TestTypes.Unit.UnitTestAdapter, Microsoft.VisualStudio.QualityTools.Tips.UnitTest.Adapter, Version=10.0.0.0, Culture=neutral, PublicKeyToken=b03f5f7f11d50a3a" className="WebRhUITestNew.ControladorDeWebControlsTest, TestViaticos, Version=1.0.0.0, Culture=neutral, PublicKeyToken=null" name="deberia_poder_obtener_el_string_de_un_chekbox" />
    </UnitTest>
    <UnitTest name="dado_a_quiero_b" storage="c:\repositorios\fernandoassembla\sistemaweb\testviaticos\bin\debug\testviaticos.dll" id="27563a31-6c9c-c1b2-7c6f-cfbc88311e88">
      <Execution id="b66d9406-39d0-4269-a9c7-d844c9c52605" />
      <TestMethod codeBase="C:/Repositorios/FernandoAssembla/SistemaWeb/TestViaticos/bin/Debug/TestViaticos.DLL" adapterTypeName="Microsoft.VisualStudio.TestTools.TestTypes.Unit.UnitTestAdapter, Microsoft.VisualStudio.QualityTools.Tips.UnitTest.Adapter, Version=10.0.0.0, Culture=neutral, PublicKeyToken=b03f5f7f11d50a3a" className="Tests.CodigoTareaTest, TestViaticos, Version=1.0.0.0, Culture=neutral, PublicKeyToken=null" name="dado_a_quiero_b" />
    </UnitTest>
    <UnitTest name="dado_az_quiero_ba" storage="c:\repositorios\fernandoassembla\sistemaweb\testviaticos\bin\debug\testviaticos.dll" id="e9aa986f-7293-c98f-9d6b-6050f52118de">
      <Execution id="c37ef8ef-354a-4998-9a14-bf92c852914e" />
      <TestMethod codeBase="C:/Repositorios/FernandoAssembla/SistemaWeb/TestViaticos/bin/Debug/TestViaticos.DLL" adapterTypeName="Microsoft.VisualStudio.TestTools.TestTypes.Unit.UnitTestAdapter, Microsoft.VisualStudio.QualityTools.Tips.UnitTest.Adapter, Version=10.0.0.0, Culture=neutral, PublicKeyToken=b03f5f7f11d50a3a" className="Tests.CodigoTareaTest, TestViaticos, Version=1.0.0.0, Culture=neutral, PublicKeyToken=null" name="dado_az_quiero_ba" />
    </UnitTest>
    <UnitTest name="dado_un_area_quiero_obtener_todos_los_asistentes_y_sus_datos_de_contacto" storage="c:\repositorios\fernandoassembla\sistemaweb\testviaticos\bin\debug\testviaticos.dll" id="6892221f-5432-520c-a667-6f10f84f4898">
      <Execution id="198eeeac-4173-41e6-89e5-2988c12d7410" />
      <TestMethod codeBase="C:/Repositorios/FernandoAssembla/SistemaWeb/TestViaticos/bin/Debug/TestViaticos.DLL" adapterTypeName="Microsoft.VisualStudio.TestTools.TestTypes.Unit.UnitTestAdapter, Microsoft.VisualStudio.QualityTools.Tips.UnitTest.Adapter, Version=10.0.0.0, Culture=neutral, PublicKeyToken=b03f5f7f11d50a3a" className="General.TestUsuarios, TestViaticos, Version=1.0.0.0, Culture=neutral, PublicKeyToken=null" name="dado_un_area_quiero_obtener_todos_los_asistentes_y_sus_datos_de_contacto" />
    </UnitTest>
    <UnitTest name="el_circuito_deberia_por_default_subir_por_el_organigrama" storage="c:\repositorios\fernandoassembla\sistemaweb\testviaticos\bin\debug\testviaticos.dll" id="77c82c9f-520d-04a5-8c33-19a0d6332eaa">
      <Execution id="9276211a-4e94-4e96-8a2c-db9790c8df98" />
      <TestMethod codeBase="C:/Repositorios/FernandoAssembla/SistemaWeb/TestViaticos/bin/Debug/TestViaticos.DLL" adapterTypeName="Microsoft.VisualStudio.TestTools.TestTypes.Unit.UnitTestAdapter, Microsoft.VisualStudio.QualityTools.Tips.UnitTest.Adapter, Version=10.0.0.0, Culture=neutral, PublicKeyToken=b03f5f7f11d50a3a" className="TestViaticos.TestCircuitoDeViatico, TestViaticos, Version=1.0.0.0, Culture=neutral, PublicKeyToken=null" name="el_circuito_deberia_por_default_subir_por_el_organigrama" />
    </UnitTest>
    <UnitTest name="no_deberia_permitir_pasarse_de_9" storage="c:\repositorios\fernandoassembla\sistemaweb\testviaticos\bin\debug\testviaticos.dll" id="c40af560-ccd4-15d1-681a-d268a1e88a1c">
      <Execution id="e3bd8f7f-bf87-43f5-a942-2f9df680a63b" />
      <TestMethod codeBase="C:/Repositorios/FernandoAssembla/SistemaWeb/TestViaticos/bin/Debug/TestViaticos.DLL" adapterTypeName="Microsoft.VisualStudio.TestTools.TestTypes.Unit.UnitTestAdapter, Microsoft.VisualStudio.QualityTools.Tips.UnitTest.Adapter, Version=10.0.0.0, Culture=neutral, PublicKeyToken=b03f5f7f11d50a3a" className="Tests.CodigoTareaTest, TestViaticos, Version=1.0.0.0, Culture=neutral, PublicKeyToken=null" name="no_deberia_permitir_pasarse_de_9" />
    </UnitTest>
    <UnitTest name="deberia_devolver_region_METRO_con_BuenosAires_con_una_localidad_con_id_4" storage="c:\repositorios\fernandoassembla\sistemaweb\testviaticos\bin\debug\testviaticos.dll" id="b0dad42f-cacf-b7c8-3bc2-1641e13c9caa">
      <Execution id="8a51daa1-8178-4f76-a4b0-c05377672883" />
      <TestMethod codeBase="C:/Repositorios/FernandoAssembla/SistemaWeb/TestViaticos/bin/Debug/TestViaticos.DLL" adapterTypeName="Microsoft.VisualStudio.TestTools.TestTypes.Unit.UnitTestAdapter, Microsoft.VisualStudio.QualityTools.Tips.UnitTest.Adapter, Version=10.0.0.0, Culture=neutral, PublicKeyToken=b03f5f7f11d50a3a" className="TestViaticos.TestRepositorioZonas, TestViaticos, Version=1.0.0.0, Culture=neutral, PublicKeyToken=null" name="deberia_devolver_region_METRO_con_BuenosAires_con_una_localidad_con_id_4" />
    </UnitTest>
    <UnitTest name="deberia_poder_generar_una_planilla_para_un_curso_y_mes" storage="c:\repositorios\fernandoassembla\sistemaweb\testviaticos\bin\debug\testviaticos.dll" id="ff5ca805-f71b-e477-63b1-db8e8b29d28e">
      <Execution id="fa60e9c8-e184-40ad-aa35-09ceb7dfe391" />
      <TestMethod codeBase="C:/Repositorios/FernandoAssembla/SistemaWeb/TestViaticos/bin/Debug/TestViaticos.DLL" adapterTypeName="Microsoft.VisualStudio.TestTools.TestTypes.Unit.UnitTestAdapter, Microsoft.VisualStudio.QualityTools.Tips.UnitTest.Adapter, Version=10.0.0.0, Culture=neutral, PublicKeyToken=b03f5f7f11d50a3a" className="TestViaticos.TestPlanillaMensual, TestViaticos, Version=1.0.0.0, Culture=neutral, PublicKeyToken=null" name="deberia_poder_generar_una_planilla_para_un_curso_y_mes" />
    </UnitTest>
    <UnitTest name="deberia_traer_inasistencias_de_un_alumno_para_un_mes" storage="c:\repositorios\fernandoassembla\sistemaweb\testviaticos\bin\debug\testviaticos.dll" id="3667ca38-1ee0-0f59-2de9-55990d91ad13">
      <Execution id="6318baf1-948e-4b8d-b4b1-990cea9f2a54" />
      <TestMethod codeBase="C:/Repositorios/FernandoAssembla/SistemaWeb/TestViaticos/bin/Debug/TestViaticos.DLL" adapterTypeName="Microsoft.VisualStudio.TestTools.TestTypes.Unit.UnitTestAdapter, Microsoft.VisualStudio.QualityTools.Tips.UnitTest.Adapter, Version=10.0.0.0, Culture=neutral, PublicKeyToken=b03f5f7f11d50a3a" className="TestViaticos.TestPlanillaMensual, TestViaticos, Version=1.0.0.0, Culture=neutral, PublicKeyToken=null" name="deberia_traer_inasistencias_de_un_alumno_para_un_mes" />
    </UnitTest>
    <UnitTest name="dado_un_area_quiero_saber_nombre_telefono_y_mail_de_responsable" storage="c:\repositorios\fernandoassembla\sistemaweb\testviaticos\bin\debug\testviaticos.dll" id="a8bf43a7-c593-21c5-b353-6a677fedb6e1">
      <Execution id="83726e2a-fdf3-4d24-b4e9-2feb0e65e3f9" />
      <TestMethod codeBase="C:/Repositorios/FernandoAssembla/SistemaWeb/TestViaticos/bin/Debug/TestViaticos.DLL" adapterTypeName="Microsoft.VisualStudio.TestTools.TestTypes.Unit.UnitTestAdapter, Microsoft.VisualStudio.QualityTools.Tips.UnitTest.Adapter, Version=10.0.0.0, Culture=neutral, PublicKeyToken=b03f5f7f11d50a3a" className="General.TestUsuarios, TestViaticos, Version=1.0.0.0, Culture=neutral, PublicKeyToken=null" name="dado_un_area_quiero_saber_nombre_telefono_y_mail_de_responsable" />
    </UnitTest>
    <UnitTest name="deberia_agregar_una_asistencia_a_un_alumno_para_una_planilla_que_esta_en_un_curso" storage="c:\repositorios\fernandoassembla\sistemaweb\testviaticos\bin\debug\testviaticos.dll" id="6f525a40-dadd-7cc4-eb37-95f1d91a14c9">
      <Execution id="458cab79-9168-4c1b-a841-925f5ffcf075" />
      <TestMethod codeBase="C:/Repositorios/FernandoAssembla/SistemaWeb/TestViaticos/bin/Debug/TestViaticos.DLL" adapterTypeName="Microsoft.VisualStudio.TestTools.TestTypes.Unit.UnitTestAdapter, Microsoft.VisualStudio.QualityTools.Tips.UnitTest.Adapter, Version=10.0.0.0, Culture=neutral, PublicKeyToken=b03f5f7f11d50a3a" className="TestViaticos.TestPlanillaMensual, TestViaticos, Version=1.0.0.0, Culture=neutral, PublicKeyToken=null" name="deberia_agregar_una_asistencia_a_un_alumno_para_una_planilla_que_esta_en_un_curso" />
    </UnitTest>
    <UnitTest name="deberia_poder_obtener_todos_los_documentos" storage="c:\repositorios\fernandoassembla\sistemaweb\testviaticos\bin\debug\testviaticos.dll" id="38a50315-78cc-f677-cc67-a33e14f1587e">
      <Execution id="c8619cae-f826-40eb-b8e4-bd2a11093123" />
      <TestMethod codeBase="C:/Repositorios/FernandoAssembla/SistemaWeb/TestViaticos/bin/Debug/TestViaticos.DLL" adapterTypeName="Microsoft.VisualStudio.TestTools.TestTypes.Unit.UnitTestAdapter, Microsoft.VisualStudio.QualityTools.Tips.UnitTest.Adapter, Version=10.0.0.0, Culture=neutral, PublicKeyToken=b03f5f7f11d50a3a" className="TestViaticos.TestRepositorioDocumentos, TestViaticos, Version=1.0.0.0, Culture=neutral, PublicKeyToken=null" name="deberia_poder_obtener_todos_los_documentos" />
    </UnitTest>
    <UnitTest name="deberia_traer_las_personas_que_mas_solicitaron_viaticos_en_011012_261012" storage="c:\repositorios\fernandoassembla\sistemaweb\testviaticos\bin\debug\testviaticos.dll" id="2ba1906f-7dc1-cbb6-5d44-2eaa074ee001">
      <Execution id="9719f363-a81d-41b3-b851-fdcdd3cf9533" />
      <TestMethod codeBase="C:/Repositorios/FernandoAssembla/SistemaWeb/TestViaticos/bin/Debug/TestViaticos.DLL" adapterTypeName="Microsoft.VisualStudio.TestTools.TestTypes.Unit.UnitTestAdapter, Microsoft.VisualStudio.QualityTools.Tips.UnitTest.Adapter, Version=10.0.0.0, Culture=neutral, PublicKeyToken=b03f5f7f11d50a3a" className="TestViaticos.TestConsultas, TestViaticos, Version=1.0.0.0, Culture=neutral, PublicKeyToken=null" name="deberia_traer_las_personas_que_mas_solicitaron_viaticos_en_011012_261012" />
    </UnitTest>
    <UnitTest name="Un_organigrama_deberia_poder_decirme_cual_es_el_area_superior_de_un_area_dada" storage="c:\repositorios\fernandoassembla\sistemaweb\testviaticos\bin\debug\testviaticos.dll" id="d5acc190-8ff6-3621-55ca-bde560b60f80">
      <Execution id="0f9e5a7e-49ce-49cb-b9f7-58abd9477a48" />
      <TestMethod codeBase="C:/Repositorios/FernandoAssembla/SistemaWeb/TestViaticos/bin/Debug/TestViaticos.DLL" adapterTypeName="Microsoft.VisualStudio.TestTools.TestTypes.Unit.UnitTestAdapter, Microsoft.VisualStudio.QualityTools.Tips.UnitTest.Adapter, Version=10.0.0.0, Culture=neutral, PublicKeyToken=b03f5f7f11d50a3a" className="TestViaticos.TestOrganigrama, TestViaticos, Version=1.0.0.0, Culture=neutral, PublicKeyToken=null" name="Un_organigrama_deberia_poder_decirme_cual_es_el_area_superior_de_un_area_dada" />
    </UnitTest>
    <UnitTest name="Un_organigrama_deberia_poder_decirme_todas_las_areas_que_son_superiores_a_un_area_dada" storage="c:\repositorios\fernandoassembla\sistemaweb\testviaticos\bin\debug\testviaticos.dll" id="8464698d-61d5-d408-819d-53311ef832f8">
      <Execution id="bfb0eb89-4d0e-40ca-9f4e-3388b19b826f" />
      <TestMethod codeBase="C:/Repositorios/FernandoAssembla/SistemaWeb/TestViaticos/bin/Debug/TestViaticos.DLL" adapterTypeName="Microsoft.VisualStudio.TestTools.TestTypes.Unit.UnitTestAdapter, Microsoft.VisualStudio.QualityTools.Tips.UnitTest.Adapter, Version=10.0.0.0, Culture=neutral, PublicKeyToken=b03f5f7f11d50a3a" className="TestViaticos.TestOrganigrama, TestViaticos, Version=1.0.0.0, Culture=neutral, PublicKeyToken=null" name="Un_organigrama_deberia_poder_decirme_todas_las_areas_que_son_superiores_a_un_area_dada" />
    </UnitTest>
    <UnitTest name="Un_organigrama_deberia_poder_decirme_todas_las_areas_inferiores_inmediatas_a_un_area_dada" storage="c:\repositorios\fernandoassembla\sistemaweb\testviaticos\bin\debug\testviaticos.dll" id="bb759e7e-2161-1c79-ee60-b7766df2bd3f">
      <Execution id="0cd32d8d-270e-4a02-8295-cd94d40b97eb" />
      <TestMethod codeBase="C:/Repositorios/FernandoAssembla/SistemaWeb/TestViaticos/bin/Debug/TestViaticos.DLL" adapterTypeName="Microsoft.VisualStudio.TestTools.TestTypes.Unit.UnitTestAdapter, Microsoft.VisualStudio.QualityTools.Tips.UnitTest.Adapter, Version=10.0.0.0, Culture=neutral, PublicKeyToken=b03f5f7f11d50a3a" className="TestViaticos.TestOrganigrama, TestViaticos, Version=1.0.0.0, Culture=neutral, PublicKeyToken=null" name="Un_organigrama_deberia_poder_decirme_todas_las_areas_inferiores_inmediatas_a_un_area_dada" />
    </UnitTest>
    <UnitTest name="Un_organigrama_deberia_poder_decirme_todas_las_areas_inferiores_inmediatas_a_un_area_dada_con_muchas_areas" storage="c:\repositorios\fernandoassembla\sistemaweb\testviaticos\bin\debug\testviaticos.dll" id="68c724fc-1912-d9ac-d786-b1e6bb6c0994">
      <Execution id="f17f9633-99bf-4a5a-87c4-36504e0b6e2d" />
      <TestMethod codeBase="C:/Repositorios/FernandoAssembla/SistemaWeb/TestViaticos/bin/Debug/TestViaticos.DLL" adapterTypeName="Microsoft.VisualStudio.TestTools.TestTypes.Unit.UnitTestAdapter, Microsoft.VisualStudio.QualityTools.Tips.UnitTest.Adapter, Version=10.0.0.0, Culture=neutral, PublicKeyToken=b03f5f7f11d50a3a" className="TestViaticos.TestOrganigrama, TestViaticos, Version=1.0.0.0, Culture=neutral, PublicKeyToken=null" name="Un_organigrama_deberia_poder_decirme_todas_las_areas_inferiores_inmediatas_a_un_area_dada_con_muchas_areas" />
    </UnitTest>
    <UnitTest name="deberia_devolver_Buenos_Aires_con_dos_localidades" storage="c:\repositorios\fernandoassembla\sistemaweb\testviaticos\bin\debug\testviaticos.dll" id="d3eb6b18-b89c-308d-2472-f70947e6c57b">
      <Execution id="4e5ecdc1-38a2-4530-a181-4f5f5a83a206" />
      <TestMethod codeBase="C:/Repositorios/FernandoAssembla/SistemaWeb/TestViaticos/bin/Debug/TestViaticos.DLL" adapterTypeName="Microsoft.VisualStudio.TestTools.TestTypes.Unit.UnitTestAdapter, Microsoft.VisualStudio.QualityTools.Tips.UnitTest.Adapter, Version=10.0.0.0, Culture=neutral, PublicKeyToken=b03f5f7f11d50a3a" className="TestViaticos.TestRepositorioZonas, TestViaticos, Version=1.0.0.0, Culture=neutral, PublicKeyToken=null" name="deberia_devolver_Buenos_Aires_con_dos_localidades" />
    </UnitTest>
    <UnitTest name="no_se_debe_permitir_crear_un_organigrama_donde_un_hijo_tenga_dos_areas_padres" storage="c:\repositorios\fernandoassembla\sistemaweb\testviaticos\bin\debug\testviaticos.dll" id="74b1b58c-e814-5670-35a0-d1446a9967fd">
      <Execution id="6bb9ad64-09d1-4478-947e-7b09efe842db" />
      <TestMethod codeBase="C:/Repositorios/FernandoAssembla/SistemaWeb/TestViaticos/bin/Debug/TestViaticos.DLL" adapterTypeName="Microsoft.VisualStudio.TestTools.TestTypes.Unit.UnitTestAdapter, Microsoft.VisualStudio.QualityTools.Tips.UnitTest.Adapter, Version=10.0.0.0, Culture=neutral, PublicKeyToken=b03f5f7f11d50a3a" className="TestViaticos.TestOrganigrama, TestViaticos, Version=1.0.0.0, Culture=neutral, PublicKeyToken=null" name="no_se_debe_permitir_crear_un_organigrama_donde_un_hijo_tenga_dos_areas_padres" />
    </UnitTest>
    <UnitTest name="no_deberia_poder_guardarse_un_documento_sin_categoria" storage="c:\repositorios\fernandoassembla\sistemaweb\testviaticos\bin\debug\testviaticos.dll" id="219a2093-b6f2-f229-ae69-0108da5c2d8d">
      <Execution id="a377f059-89a3-46fa-85ac-193b197b6ae1" />
      <TestMethod codeBase="C:/Repositorios/FernandoAssembla/SistemaWeb/TestViaticos/bin/Debug/TestViaticos.DLL" adapterTypeName="Microsoft.VisualStudio.TestTools.TestTypes.Unit.UnitTestAdapter, Microsoft.VisualStudio.QualityTools.Tips.UnitTest.Adapter, Version=10.0.0.0, Culture=neutral, PublicKeyToken=b03f5f7f11d50a3a" className="TestViaticos.TestRepositorioDocumentos, TestViaticos, Version=1.0.0.0, Culture=neutral, PublicKeyToken=null" name="no_deberia_poder_guardarse_un_documento_sin_categoria" />
    </UnitTest>
    <UnitTest name="cuando_se_solicita_la_lista_de_todas_las_áreas_superiores_de_un_área_debe_devolver_una_lista_vacía" storage="c:\repositorios\fernandoassembla\sistemaweb\testviaticos\bin\debug\testviaticos.dll" id="477414b1-9ac6-06f2-392d-c549405cd3f3">
      <Execution id="d1e61d9d-5524-45ba-9b99-d153fdc3c201" />
      <TestMethod codeBase="C:/Repositorios/FernandoAssembla/SistemaWeb/TestViaticos/bin/Debug/TestViaticos.DLL" adapterTypeName="Microsoft.VisualStudio.TestTools.TestTypes.Unit.UnitTestAdapter, Microsoft.VisualStudio.QualityTools.Tips.UnitTest.Adapter, Version=10.0.0.0, Culture=neutral, PublicKeyToken=b03f5f7f11d50a3a" className="TestViaticos.TestOrganigrama, TestViaticos, Version=1.0.0.0, Culture=neutral, PublicKeyToken=null" name="cuando_se_solicita_la_lista_de_todas_las_áreas_superiores_de_un_área_debe_devolver_una_lista_vacía" />
    </UnitTest>
    <UnitTest name="deberia_crear_una_tabla_con_id" storage="c:\repositorios\fernandoassembla\sistemaweb\testviaticos\bin\debug\testviaticos.dll" id="e454c39b-e973-6bea-bc19-3dd352fe2860">
      <Execution id="9ecd500c-1638-48b6-a12c-fd025616fbf3" />
      <TestMethod codeBase="C:/Repositorios/FernandoAssembla/SistemaWeb/TestViaticos/bin/Debug/TestViaticos.DLL" adapterTypeName="Microsoft.VisualStudio.TestTools.TestTypes.Unit.UnitTestAdapter, Microsoft.VisualStudio.QualityTools.Tips.UnitTest.Adapter, Version=10.0.0.0, Culture=neutral, PublicKeyToken=b03f5f7f11d50a3a" className="TestViaticos.TestTablasFake, TestViaticos, Version=1.0.0.0, Culture=neutral, PublicKeyToken=null" name="deberia_crear_una_tabla_con_id" />
    </UnitTest>
    <UnitTest name="al_solicitarle_las_areas_inferiores_al_area_de_Marta_debe_traer_solo_la_de_Faby" storage="c:\repositorios\fernandoassembla\sistemaweb\testviaticos\bin\debug\testviaticos.dll" id="44b05242-b475-4635-6cec-78ec052b2688">
      <Execution id="bf84cbd6-e1b0-4bdf-8fe6-221f14704ec7" />
      <TestMethod codeBase="C:/Repositorios/FernandoAssembla/SistemaWeb/TestViaticos/bin/Debug/TestViaticos.DLL" adapterTypeName="Microsoft.VisualStudio.TestTools.TestTypes.Unit.UnitTestAdapter, Microsoft.VisualStudio.QualityTools.Tips.UnitTest.Adapter, Version=10.0.0.0, Culture=neutral, PublicKeyToken=b03f5f7f11d50a3a" className="TestViaticos.TestOrganigrama, TestViaticos, Version=1.0.0.0, Culture=neutral, PublicKeyToken=null" name="al_solicitarle_las_areas_inferiores_al_area_de_Marta_debe_traer_solo_la_de_Faby" />
    </UnitTest>
    <UnitTest name="al_buscar_por_reponsable_de_area_a_Novoa_deberia_traerme_el_area_cuyo_apellido_de_responsable_es_Novoa" storage="c:\repositorios\fernandoassembla\sistemaweb\testviaticos\bin\debug\testviaticos.dll" id="e599cad1-eda4-094c-45c1-605d2f0e5702">
      <Execution id="214ef273-0df0-4742-bcd3-999df0986c1e" />
      <TestMethod codeBase="C:/Repositorios/FernandoAssembla/SistemaWeb/TestViaticos/bin/Debug/TestViaticos.DLL" adapterTypeName="Microsoft.VisualStudio.TestTools.TestTypes.Unit.UnitTestAdapter, Microsoft.VisualStudio.QualityTools.Tips.UnitTest.Adapter, Version=10.0.0.0, Culture=neutral, PublicKeyToken=b03f5f7f11d50a3a" className="General.TestProtocolo, TestViaticos, Version=1.0.0.0, Culture=neutral, PublicKeyToken=null" name="al_buscar_por_reponsable_de_area_a_Novoa_deberia_traerme_el_area_cuyo_apellido_de_responsable_es_Novoa" />
    </UnitTest>
    <UnitTest name="dado_aaa999_debe_ser_aab000" storage="c:\repositorios\fernandoassembla\sistemaweb\testviaticos\bin\debug\testviaticos.dll" id="4bc081ab-bd87-c7e6-2e9a-ea9029e80e8b">
      <Execution id="86e712ba-d8c1-41a8-a328-b71ed5a67a57" />
      <TestMethod codeBase="C:/Repositorios/FernandoAssembla/SistemaWeb/TestViaticos/bin/Debug/TestViaticos.DLL" adapterTypeName="Microsoft.VisualStudio.TestTools.TestTypes.Unit.UnitTestAdapter, Microsoft.VisualStudio.QualityTools.Tips.UnitTest.Adapter, Version=10.0.0.0, Culture=neutral, PublicKeyToken=b03f5f7f11d50a3a" className="Tests.CodigoTareaTest, TestViaticos, Version=1.0.0.0, Culture=neutral, PublicKeyToken=null" name="dado_aaa999_debe_ser_aab000" />
    </UnitTest>
    <UnitTest name="se_puede_crear_un_organigrama_con_forma_de_arbol_de_dos_pisos" storage="c:\repositorios\fernandoassembla\sistemaweb\testviaticos\bin\debug\testviaticos.dll" id="7a945366-5dc8-bde8-17f1-4ebf2f832448">
      <Execution id="7318f269-4bfb-45c4-b4a2-5046fab4f0ce" />
      <TestMethod codeBase="C:/Repositorios/FernandoAssembla/SistemaWeb/TestViaticos/bin/Debug/TestViaticos.DLL" adapterTypeName="Microsoft.VisualStudio.TestTools.TestTypes.Unit.UnitTestAdapter, Microsoft.VisualStudio.QualityTools.Tips.UnitTest.Adapter, Version=10.0.0.0, Culture=neutral, PublicKeyToken=b03f5f7f11d50a3a" className="TestViaticos.TestOrganigrama, TestViaticos, Version=1.0.0.0, Culture=neutral, PublicKeyToken=null" name="se_puede_crear_un_organigrama_con_forma_de_arbol_de_dos_pisos" />
    </UnitTest>
    <UnitTest name="deberia_poder_validar_si_un_objeto_no_esta_en_una_coleccion" storage="c:\repositorios\fernandoassembla\sistemaweb\testviaticos\bin\debug\testviaticos.dll" id="757e1e4a-ca0e-7dc8-c1f0-7e6c91ba8ea0">
      <Execution id="2062bce0-3352-4486-867b-27b035c2c844" />
      <TestMethod codeBase="C:/Repositorios/FernandoAssembla/SistemaWeb/TestViaticos/bin/Debug/TestViaticos.DLL" adapterTypeName="Microsoft.VisualStudio.TestTools.TestTypes.Unit.UnitTestAdapter, Microsoft.VisualStudio.QualityTools.Tips.UnitTest.Adapter, Version=10.0.0.0, Culture=neutral, PublicKeyToken=b03f5f7f11d50a3a" className="TestViaticos.TestValidador, TestViaticos, Version=1.0.0.0, Culture=neutral, PublicKeyToken=null" name="deberia_poder_validar_si_un_objeto_no_esta_en_una_coleccion" />
    </UnitTest>
    <UnitTest name="dado_un_curso_que_se_cursa_lunes_y_jueves_cuando_le_pregunto_cuantos_dias_de_cursada_hay_en_la_primer_quincena_de_enero_me_dice_4" storage="c:\repositorios\fernandoassembla\sistemaweb\testviaticos\bin\debug\testviaticos.dll" id="53e1544f-a9d2-75aa-fac6-a61041be5fb7">
      <Execution id="9fc3fdcb-05ed-46ab-9a6a-f964c8b25382" />
      <TestMethod codeBase="C:/Repositorios/FernandoAssembla/SistemaWeb/TestViaticos/bin/Debug/TestViaticos.DLL" adapterTypeName="Microsoft.VisualStudio.TestTools.TestTypes.Unit.UnitTestAdapter, Microsoft.VisualStudio.QualityTools.Tips.UnitTest.Adapter, Version=10.0.0.0, Culture=neutral, PublicKeyToken=b03f5f7f11d50a3a" className="TestViaticos.TestCalendarioDeCurso, TestViaticos, Version=1.0.0.0, Culture=neutral, PublicKeyToken=null" name="dado_un_curso_que_se_cursa_lunes_y_jueves_cuando_le_pregunto_cuantos_dias_de_cursada_hay_en_la_primer_quincena_de_enero_me_dice_4" />
    </UnitTest>
    <UnitTest name="deberia_agregar_una_inasistencia_a_un_alumno_para_una_planilla_que_esta_en_un_curso" storage="c:\repositorios\fernandoassembla\sistemaweb\testviaticos\bin\debug\testviaticos.dll" id="fe21a7fe-170b-9452-5951-05d7fa59464e">
      <Execution id="0bfb6184-f850-4af4-a6f9-aa6841a7843e" />
      <TestMethod codeBase="C:/Repositorios/FernandoAssembla/SistemaWeb/TestViaticos/bin/Debug/TestViaticos.DLL" adapterTypeName="Microsoft.VisualStudio.TestTools.TestTypes.Unit.UnitTestAdapter, Microsoft.VisualStudio.QualityTools.Tips.UnitTest.Adapter, Version=10.0.0.0, Culture=neutral, PublicKeyToken=b03f5f7f11d50a3a" className="TestViaticos.TestPlanillaMensual, TestViaticos, Version=1.0.0.0, Culture=neutral, PublicKeyToken=null" name="deberia_agregar_una_inasistencia_a_un_alumno_para_una_planilla_que_esta_en_un_curso" />
    </UnitTest>
    <UnitTest name="deberia_poder_decirle_a_un_repositorio_que_use_una_conexion_que_no_devuelve_nada" storage="c:\repositorios\fernandoassembla\sistemaweb\testviaticos\bin\debug\testviaticos.dll" id="46d9bce1-2d0e-1aa8-e89e-b40f37783359">
      <Execution id="e9ff1dec-580c-4935-8d77-dfe1d511c5d3" />
      <TestMethod codeBase="C:/Repositorios/FernandoAssembla/SistemaWeb/TestViaticos/bin/Debug/TestViaticos.DLL" adapterTypeName="Microsoft.VisualStudio.TestTools.TestTypes.Unit.UnitTestAdapter, Microsoft.VisualStudio.QualityTools.Tips.UnitTest.Adapter, Version=10.0.0.0, Culture=neutral, PublicKeyToken=b03f5f7f11d50a3a" className="TestViaticos.TestRepositorioOrganigramas, TestViaticos, Version=1.0.0.0, Culture=neutral, PublicKeyToken=null" name="deberia_poder_decirle_a_un_repositorio_que_use_una_conexion_que_no_devuelve_nada" />
    </UnitTest>
    <UnitTest name="deberia_poder_agregarle_cabeceras_de_columna_a_una_tabla" storage="c:\repositorios\fernandoassembla\sistemaweb\testviaticos\bin\debug\testviaticos.dll" id="27e6cdd1-0452-1cb1-16c4-7576bb6d0538">
      <Execution id="9478c3dc-66c7-462e-b9f3-0defa7ae66a8" />
      <TestMethod codeBase="C:/Repositorios/FernandoAssembla/SistemaWeb/TestViaticos/bin/Debug/TestViaticos.DLL" adapterTypeName="Microsoft.VisualStudio.TestTools.TestTypes.Unit.UnitTestAdapter, Microsoft.VisualStudio.QualityTools.Tips.UnitTest.Adapter, Version=10.0.0.0, Culture=neutral, PublicKeyToken=b03f5f7f11d50a3a" className="WebRhUITestNew.TestRenderizadorDeTablas, TestViaticos, Version=1.0.0.0, Culture=neutral, PublicKeyToken=null" name="deberia_poder_agregarle_cabeceras_de_columna_a_una_tabla" />
    </UnitTest>
    <UnitTest name="no_deberia_traer_inasistencias_de_un_alumno_que_no_falto" storage="c:\repositorios\fernandoassembla\sistemaweb\testviaticos\bin\debug\testviaticos.dll" id="94211d25-4f01-6a4f-21c4-290dd165eb14">
      <Execution id="a5c8d754-f96d-494a-8612-e2f1029b6825" />
      <TestMethod codeBase="C:/Repositorios/FernandoAssembla/SistemaWeb/TestViaticos/bin/Debug/TestViaticos.DLL" adapterTypeName="Microsoft.VisualStudio.TestTools.TestTypes.Unit.UnitTestAdapter, Microsoft.VisualStudio.QualityTools.Tips.UnitTest.Adapter, Version=10.0.0.0, Culture=neutral, PublicKeyToken=b03f5f7f11d50a3a" className="TestViaticos.TestPlanillaMensual, TestViaticos, Version=1.0.0.0, Culture=neutral, PublicKeyToken=null" name="no_deberia_traer_inasistencias_de_un_alumno_que_no_falto" />
    </UnitTest>
    <UnitTest name="dada_un_area__con_3_asistentes_deberia_obtener_en_una_unica_area_unico_registro_y_los_3_asistentes_incluido_en_el_area" storage="c:\repositorios\fernandoassembla\sistemaweb\testviaticos\bin\debug\testviaticos.dll" id="03a6a885-b427-a1c0-9f18-eab8c39d83dc">
      <Execution id="c0aa3326-a64a-4ac4-a9de-036da3f5f7ac" />
      <TestMethod codeBase="C:/Repositorios/FernandoAssembla/SistemaWeb/TestViaticos/bin/Debug/TestViaticos.DLL" adapterTypeName="Microsoft.VisualStudio.TestTools.TestTypes.Unit.UnitTestAdapter, Microsoft.VisualStudio.QualityTools.Tips.UnitTest.Adapter, Version=10.0.0.0, Culture=neutral, PublicKeyToken=b03f5f7f11d50a3a" className="General.TestUsuarios, TestViaticos, Version=1.0.0.0, Culture=neutral, PublicKeyToken=null" name="dada_un_area__con_3_asistentes_deberia_obtener_en_una_unica_area_unico_registro_y_los_3_asistentes_incluido_en_el_area" />
    </UnitTest>
    <UnitTest name="deberia_poder_validar_si_un_objeto_es_nulo" storage="c:\repositorios\fernandoassembla\sistemaweb\testviaticos\bin\debug\testviaticos.dll" id="2ddded08-79a3-ad3a-b587-dfc68dd5b5f5">
      <Execution id="c202249a-8706-47e9-a64a-f1cb2a9d4d78" />
      <TestMethod codeBase="C:/Repositorios/FernandoAssembla/SistemaWeb/TestViaticos/bin/Debug/TestViaticos.DLL" adapterTypeName="Microsoft.VisualStudio.TestTools.TestTypes.Unit.UnitTestAdapter, Microsoft.VisualStudio.QualityTools.Tips.UnitTest.Adapter, Version=10.0.0.0, Culture=neutral, PublicKeyToken=b03f5f7f11d50a3a" className="TestViaticos.TestValidador, TestViaticos, Version=1.0.0.0, Culture=neutral, PublicKeyToken=null" name="deberia_poder_validar_si_un_objeto_es_nulo" />
    </UnitTest>
    <UnitTest name="no_deberia_cargar_una_inasistencia_a_un_alumno_que_no_esta_en_un_curso" storage="c:\repositorios\fernandoassembla\sistemaweb\testviaticos\bin\debug\testviaticos.dll" id="78a9f8b3-1879-e741-9ade-1dee019c141b">
      <Execution id="075c874b-2d39-485f-a378-860952afc97b" />
      <TestMethod codeBase="C:/Repositorios/FernandoAssembla/SistemaWeb/TestViaticos/bin/Debug/TestViaticos.DLL" adapterTypeName="Microsoft.VisualStudio.TestTools.TestTypes.Unit.UnitTestAdapter, Microsoft.VisualStudio.QualityTools.Tips.UnitTest.Adapter, Version=10.0.0.0, Culture=neutral, PublicKeyToken=b03f5f7f11d50a3a" className="TestViaticos.TestPlanillaMensual, TestViaticos, Version=1.0.0.0, Culture=neutral, PublicKeyToken=null" name="no_deberia_cargar_una_inasistencia_a_un_alumno_que_no_esta_en_un_curso" />
    </UnitTest>
    <UnitTest name="deberia_poder_guardar_una_transicion_nueva" storage="c:\repositorios\fernandoassembla\sistemaweb\testviaticos\bin\debug\testviaticos.dll" id="ddde0ed2-12a5-9bf8-2fdd-b32f11508a59">
      <Execution id="3aab84e8-6c13-42f7-80fc-287f807f7d14" />
      <TestMethod codeBase="C:/Repositorios/FernandoAssembla/SistemaWeb/TestViaticos/bin/Debug/TestViaticos.DLL" adapterTypeName="Microsoft.VisualStudio.TestTools.TestTypes.Unit.UnitTestAdapter, Microsoft.VisualStudio.QualityTools.Tips.UnitTest.Adapter, Version=10.0.0.0, Culture=neutral, PublicKeyToken=b03f5f7f11d50a3a" className="TestViaticos.TestMensajeria, TestViaticos, Version=1.0.0.0, Culture=neutral, PublicKeyToken=null" name="deberia_poder_guardar_una_transicion_nueva" />
    </UnitTest>
    <UnitTest name="deberia_traer_4_areas_con_los_datos_de_contacto_de_la_mismas" storage="c:\repositorios\fernandoassembla\sistemaweb\testviaticos\bin\debug\testviaticos.dll" id="33728143-431e-2f80-b4cd-e190171f9673">
      <Execution id="57d4be4f-8d7c-433a-b822-2c7a2a6d7378" />
      <TestMethod codeBase="C:/Repositorios/FernandoAssembla/SistemaWeb/TestViaticos/bin/Debug/TestViaticos.DLL" adapterTypeName="Microsoft.VisualStudio.TestTools.TestTypes.Unit.UnitTestAdapter, Microsoft.VisualStudio.QualityTools.Tips.UnitTest.Adapter, Version=10.0.0.0, Culture=neutral, PublicKeyToken=b03f5f7f11d50a3a" className="General.TestUsuarios, TestViaticos, Version=1.0.0.0, Culture=neutral, PublicKeyToken=null" name="deberia_traer_4_areas_con_los_datos_de_contacto_de_la_mismas" />
    </UnitTest>
    <UnitTest name="al_buscar_en_una_lista_de_áreas_un_email_devuelve_dos_emails__uno_de_asistente_y_otro_de_area__que_contienen_el_texto_buscado" storage="c:\repositorios\fernandoassembla\sistemaweb\testviaticos\bin\debug\testviaticos.dll" id="64afcefc-8af6-fc70-4ea7-766fc65f6c46">
      <Execution id="793f0c58-c9ff-426e-a2af-27a8ed9b80de" />
      <TestMethod codeBase="C:/Repositorios/FernandoAssembla/SistemaWeb/TestViaticos/bin/Debug/TestViaticos.DLL" adapterTypeName="Microsoft.VisualStudio.TestTools.TestTypes.Unit.UnitTestAdapter, Microsoft.VisualStudio.QualityTools.Tips.UnitTest.Adapter, Version=10.0.0.0, Culture=neutral, PublicKeyToken=b03f5f7f11d50a3a" className="General.TestProtocolo, TestViaticos, Version=1.0.0.0, Culture=neutral, PublicKeyToken=null" name="al_buscar_en_una_lista_de_áreas_un_email_devuelve_dos_emails__uno_de_asistente_y_otro_de_area__que_contienen_el_texto_buscado" />
    </UnitTest>
    <UnitTest name="al_buscar_por_una_palabra_del_extracto_del_documento_debe_traer_todos_los_documentos_que_cumplen_con_ello" storage="c:\repositorios\fernandoassembla\sistemaweb\testviaticos\bin\debug\testviaticos.dll" id="cff26abc-fddb-ef75-0bf4-49cf50880ca7">
      <Execution id="32a5fbc6-477d-4924-84b5-3941d29ed4bb" />
      <TestMethod codeBase="C:/Repositorios/FernandoAssembla/SistemaWeb/TestViaticos/bin/Debug/TestViaticos.DLL" adapterTypeName="Microsoft.VisualStudio.TestTools.TestTypes.Unit.UnitTestAdapter, Microsoft.VisualStudio.QualityTools.Tips.UnitTest.Adapter, Version=10.0.0.0, Culture=neutral, PublicKeyToken=b03f5f7f11d50a3a" className="General.TestFiltroSiCoI, TestViaticos, Version=1.0.0.0, Culture=neutral, PublicKeyToken=null" name="al_buscar_por_una_palabra_del_extracto_del_documento_debe_traer_todos_los_documentos_que_cumplen_con_ello" />
    </UnitTest>
    <UnitTest name="deberia_poder_validar_si_un_id_es_valido" storage="c:\repositorios\fernandoassembla\sistemaweb\testviaticos\bin\debug\testviaticos.dll" id="91497819-ba2a-f2e9-9418-b935f4653def">
      <Execution id="7be84817-1563-479f-88e7-96035fca3bb0" />
      <TestMethod codeBase="C:/Repositorios/FernandoAssembla/SistemaWeb/TestViaticos/bin/Debug/TestViaticos.DLL" adapterTypeName="Microsoft.VisualStudio.TestTools.TestTypes.Unit.UnitTestAdapter, Microsoft.VisualStudio.QualityTools.Tips.UnitTest.Adapter, Version=10.0.0.0, Culture=neutral, PublicKeyToken=b03f5f7f11d50a3a" className="TestViaticos.TestValidador, TestViaticos, Version=1.0.0.0, Culture=neutral, PublicKeyToken=null" name="deberia_poder_validar_si_un_id_es_valido" />
    </UnitTest>
    <UnitTest name="al_buscar_por_una_categoria_de_documento_debe_traer_todos_los_documentos_que_cumplen_con_ello" storage="c:\repositorios\fernandoassembla\sistemaweb\testviaticos\bin\debug\testviaticos.dll" id="5b690971-fd71-4f11-40a9-1c85ffb21c38">
      <Execution id="b69fdeea-5cf3-47d5-9eb3-8e0c57cae7f4" />
      <TestMethod codeBase="C:/Repositorios/FernandoAssembla/SistemaWeb/TestViaticos/bin/Debug/TestViaticos.DLL" adapterTypeName="Microsoft.VisualStudio.TestTools.TestTypes.Unit.UnitTestAdapter, Microsoft.VisualStudio.QualityTools.Tips.UnitTest.Adapter, Version=10.0.0.0, Culture=neutral, PublicKeyToken=b03f5f7f11d50a3a" className="General.TestFiltroSiCoI, TestViaticos, Version=1.0.0.0, Culture=neutral, PublicKeyToken=null" name="al_buscar_por_una_categoria_de_documento_debe_traer_todos_los_documentos_que_cumplen_con_ello" />
    </UnitTest>
    <UnitTest name="deberia_poder_obtener_el_string_de_un_link_en_imagen_de_las_entidades_seleccionadas" storage="c:\repositorios\fernandoassembla\sistemaweb\testviaticos\bin\debug\testviaticos.dll" id="f01f9398-de8a-e114-4944-4c3877e413a9">
      <Execution id="7b8669b1-f867-4296-9143-7011edd8c8ca" />
      <TestMethod codeBase="C:/Repositorios/FernandoAssembla/SistemaWeb/TestViaticos/bin/Debug/TestViaticos.DLL" adapterTypeName="Microsoft.VisualStudio.TestTools.TestTypes.Unit.UnitTestAdapter, Microsoft.VisualStudio.QualityTools.Tips.UnitTest.Adapter, Version=10.0.0.0, Culture=neutral, PublicKeyToken=b03f5f7f11d50a3a" className="WebRhUITestNew.ControladorDeWebControlsTest, TestViaticos, Version=1.0.0.0, Culture=neutral, PublicKeyToken=null" name="deberia_poder_obtener_el_string_de_un_link_en_imagen_de_las_entidades_seleccionadas" />
    </UnitTest>
    <UnitTest name="usuario_mesa_entrada_deberia_tener_solo_acceso_a_documentos" storage="c:\repositorios\fernandoassembla\sistemaweb\testviaticos\bin\debug\testviaticos.dll" id="de307af2-1c44-a9c2-0624-80b438a3400b">
      <Execution id="1606ceac-fc20-4b23-9fbc-e071a2b92ddb" />
      <TestMethod codeBase="C:/Repositorios/FernandoAssembla/SistemaWeb/TestViaticos/bin/Debug/TestViaticos.DLL" adapterTypeName="Microsoft.VisualStudio.TestTools.TestTypes.Unit.UnitTestAdapter, Microsoft.VisualStudio.QualityTools.Tips.UnitTest.Adapter, Version=10.0.0.0, Culture=neutral, PublicKeyToken=b03f5f7f11d50a3a" className="TestViaticos.TestRepositorioUsuarios, TestViaticos, Version=1.0.0.0, Culture=neutral, PublicKeyToken=null" name="usuario_mesa_entrada_deberia_tener_solo_acceso_a_documentos" />
    </UnitTest>
    <UnitTest name="dado_1_quiero_2" storage="c:\repositorios\fernandoassembla\sistemaweb\testviaticos\bin\debug\testviaticos.dll" id="dfede4a0-4add-37a3-8cce-099c64499527">
      <Execution id="88b1afec-ac2a-417e-a239-42f6c702be97" />
      <TestMethod codeBase="C:/Repositorios/FernandoAssembla/SistemaWeb/TestViaticos/bin/Debug/TestViaticos.DLL" adapterTypeName="Microsoft.VisualStudio.TestTools.TestTypes.Unit.UnitTestAdapter, Microsoft.VisualStudio.QualityTools.Tips.UnitTest.Adapter, Version=10.0.0.0, Culture=neutral, PublicKeyToken=b03f5f7f11d50a3a" className="Tests.CodigoTareaTest, TestViaticos, Version=1.0.0.0, Culture=neutral, PublicKeyToken=null" name="dado_1_quiero_2" />
    </UnitTest>
    <UnitTest name="deberia_poder_crear_un_organigrama_lineal_con_cuatro_areas" storage="c:\repositorios\fernandoassembla\sistemaweb\testviaticos\bin\debug\testviaticos.dll" id="06dca5fe-5ce6-35f4-b6c7-96dea566a67f">
      <Execution id="b02de394-28b3-4c37-becc-c123dedd17d1" />
      <TestMethod codeBase="C:/Repositorios/FernandoAssembla/SistemaWeb/TestViaticos/bin/Debug/TestViaticos.DLL" adapterTypeName="Microsoft.VisualStudio.TestTools.TestTypes.Unit.UnitTestAdapter, Microsoft.VisualStudio.QualityTools.Tips.UnitTest.Adapter, Version=10.0.0.0, Culture=neutral, PublicKeyToken=b03f5f7f11d50a3a" className="TestViaticos.TestOrganigrama, TestViaticos, Version=1.0.0.0, Culture=neutral, PublicKeyToken=null" name="deberia_poder_crear_un_organigrama_lineal_con_cuatro_areas" />
    </UnitTest>
    <UnitTest name="fabian_deberia_tener_un_area_con_solo_un_asistente" storage="c:\repositorios\fernandoassembla\sistemaweb\testviaticos\bin\debug\testviaticos.dll" id="4a850093-e479-3127-1dc5-d67d3a9e4d1b">
      <Execution id="24a678f7-bc3f-4c5c-93f1-b14e2a555975" />
      <TestMethod codeBase="C:/Repositorios/FernandoAssembla/SistemaWeb/TestViaticos/bin/Debug/TestViaticos.DLL" adapterTypeName="Microsoft.VisualStudio.TestTools.TestTypes.Unit.UnitTestAdapter, Microsoft.VisualStudio.QualityTools.Tips.UnitTest.Adapter, Version=10.0.0.0, Culture=neutral, PublicKeyToken=b03f5f7f11d50a3a" className="TestViaticos.TestRepositorioUsuarios, TestViaticos, Version=1.0.0.0, Culture=neutral, PublicKeyToken=null" name="fabian_deberia_tener_un_area_con_solo_un_asistente" />
    </UnitTest>
    <UnitTest name="deberia_traer_una_unica_area_con_los_datos_de_contacto_de_la_misma" storage="c:\repositorios\fernandoassembla\sistemaweb\testviaticos\bin\debug\testviaticos.dll" id="8e8c4b00-453c-ac9a-23f7-d441cdf71296">
      <Execution id="485fa3ad-d2f2-46c0-891d-6fa96a08928c" />
      <TestMethod codeBase="C:/Repositorios/FernandoAssembla/SistemaWeb/TestViaticos/bin/Debug/TestViaticos.DLL" adapterTypeName="Microsoft.VisualStudio.TestTools.TestTypes.Unit.UnitTestAdapter, Microsoft.VisualStudio.QualityTools.Tips.UnitTest.Adapter, Version=10.0.0.0, Culture=neutral, PublicKeyToken=b03f5f7f11d50a3a" className="General.TestUsuarios, TestViaticos, Version=1.0.0.0, Culture=neutral, PublicKeyToken=null" name="deberia_traer_una_unica_area_con_los_datos_de_contacto_de_la_misma" />
    </UnitTest>
    <UnitTest name="al_solicitarle_las_areas_inferiores_de_Fabi_no_debe_traer_ninguna" storage="c:\repositorios\fernandoassembla\sistemaweb\testviaticos\bin\debug\testviaticos.dll" id="bf3ea6c6-ab88-4696-72a1-f31917a72c6c">
      <Execution id="7d67a3f0-ec41-46c5-a226-76b544280aa8" />
      <TestMethod codeBase="C:/Repositorios/FernandoAssembla/SistemaWeb/TestViaticos/bin/Debug/TestViaticos.DLL" adapterTypeName="Microsoft.VisualStudio.TestTools.TestTypes.Unit.UnitTestAdapter, Microsoft.VisualStudio.QualityTools.Tips.UnitTest.Adapter, Version=10.0.0.0, Culture=neutral, PublicKeyToken=b03f5f7f11d50a3a" className="TestViaticos.TestOrganigrama, TestViaticos, Version=1.0.0.0, Culture=neutral, PublicKeyToken=null" name="al_solicitarle_las_areas_inferiores_de_Fabi_no_debe_traer_ninguna" />
    </UnitTest>
    <UnitTest name="deberia_poder_guardar_un_nuevo_viatico_en_el_repositorio_de_viaticos_y_que_se_le_asigne_un_id" storage="c:\repositorios\fernandoassembla\sistemaweb\testviaticos\bin\debug\testviaticos.dll" id="e4a0643c-ded2-0a34-7284-5a78ff072139">
      <Execution id="f4527510-cd61-4de7-a759-7d7a8834b3bf" />
      <TestMethod codeBase="C:/Repositorios/FernandoAssembla/SistemaWeb/TestViaticos/bin/Debug/TestViaticos.DLL" adapterTypeName="Microsoft.VisualStudio.TestTools.TestTypes.Unit.UnitTestAdapter, Microsoft.VisualStudio.QualityTools.Tips.UnitTest.Adapter, Version=10.0.0.0, Culture=neutral, PublicKeyToken=b03f5f7f11d50a3a" className="TestViaticos.TestRepositorioDeViaticos, TestViaticos, Version=1.0.0.0, Culture=neutral, PublicKeyToken=null" name="deberia_poder_guardar_un_nuevo_viatico_en_el_repositorio_de_viaticos_y_que_se_le_asigne_un_id" />
    </UnitTest>
    <UnitTest name="deberia_poder_quitar_alumnos" storage="c:\repositorios\fernandoassembla\sistemaweb\testviaticos\bin\debug\testviaticos.dll" id="f86c4657-4e4d-11f0-63ee-95d2154ef49d">
      <Execution id="7c90beaa-0fdc-4d62-9dbf-9739f0e7440b" />
      <TestMethod codeBase="C:/Repositorios/FernandoAssembla/SistemaWeb/TestViaticos/bin/Debug/TestViaticos.DLL" adapterTypeName="Microsoft.VisualStudio.TestTools.TestTypes.Unit.UnitTestAdapter, Microsoft.VisualStudio.QualityTools.Tips.UnitTest.Adapter, Version=10.0.0.0, Culture=neutral, PublicKeyToken=b03f5f7f11d50a3a" className="TestViaticos.TestAlumnos, TestViaticos, Version=1.0.0.0, Culture=neutral, PublicKeyToken=null" name="deberia_poder_quitar_alumnos" />
    </UnitTest>
    <UnitTest name="Un_organigrama_deberia_poder_decirme_todas_las_areas_inferiores_a_un_area_dada_con_una_estructura_lineal" storage="c:\repositorios\fernandoassembla\sistemaweb\testviaticos\bin\debug\testviaticos.dll" id="043dc452-5b80-2a1c-5140-d90d565722bc">
      <Execution id="3f2ce15d-caf5-48df-9bc8-e2d752703f24" />
      <TestMethod codeBase="C:/Repositorios/FernandoAssembla/SistemaWeb/TestViaticos/bin/Debug/TestViaticos.DLL" adapterTypeName="Microsoft.VisualStudio.TestTools.TestTypes.Unit.UnitTestAdapter, Microsoft.VisualStudio.QualityTools.Tips.UnitTest.Adapter, Version=10.0.0.0, Culture=neutral, PublicKeyToken=b03f5f7f11d50a3a" className="TestViaticos.TestOrganigrama, TestViaticos, Version=1.0.0.0, Culture=neutral, PublicKeyToken=null" name="Un_organigrama_deberia_poder_decirme_todas_las_areas_inferiores_a_un_area_dada_con_una_estructura_lineal" />
    </UnitTest>
    <UnitTest name="al_buscar_por_fecha_desde_y_fecha_hasta_debería_traer_todos_los_documentos_cuya_fecha_está_incluída_en_ese_rango" storage="c:\repositorios\fernandoassembla\sistemaweb\testviaticos\bin\debug\testviaticos.dll" id="8c631ab0-9081-f239-8e5b-8f0f7f274cb2">
      <Execution id="3a1656a3-cc9a-45a4-836a-098d6e713aa0" />
      <TestMethod codeBase="C:/Repositorios/FernandoAssembla/SistemaWeb/TestViaticos/bin/Debug/TestViaticos.DLL" adapterTypeName="Microsoft.VisualStudio.TestTools.TestTypes.Unit.UnitTestAdapter, Microsoft.VisualStudio.QualityTools.Tips.UnitTest.Adapter, Version=10.0.0.0, Culture=neutral, PublicKeyToken=b03f5f7f11d50a3a" className="General.TestFiltroSiCoI, TestViaticos, Version=1.0.0.0, Culture=neutral, PublicKeyToken=null" name="al_buscar_por_fecha_desde_y_fecha_hasta_debería_traer_todos_los_documentos_cuya_fecha_está_incluída_en_ese_rango" />
    </UnitTest>
    <UnitTest name="deberia_crear_una_tabla_con_id_y_descripcion" storage="c:\repositorios\fernandoassembla\sistemaweb\testviaticos\bin\debug\testviaticos.dll" id="71dbce06-b24d-82d9-d3a9-b8664de5dbbb">
      <Execution id="a1048ba5-b058-4452-a2b2-10a171b44428" />
      <TestMethod codeBase="C:/Repositorios/FernandoAssembla/SistemaWeb/TestViaticos/bin/Debug/TestViaticos.DLL" adapterTypeName="Microsoft.VisualStudio.TestTools.TestTypes.Unit.UnitTestAdapter, Microsoft.VisualStudio.QualityTools.Tips.UnitTest.Adapter, Version=10.0.0.0, Culture=neutral, PublicKeyToken=b03f5f7f11d50a3a" className="TestViaticos.TestTablasFake, TestViaticos, Version=1.0.0.0, Culture=neutral, PublicKeyToken=null" name="deberia_crear_una_tabla_con_id_y_descripcion" />
    </UnitTest>
    <UnitTest name="no_se_debe_permitir_crear_un_organigrama_donde_tenga_mas_de_un_area_superior_final" storage="c:\repositorios\fernandoassembla\sistemaweb\testviaticos\bin\debug\testviaticos.dll" id="02698425-13df-8609-0cad-f65978180f81">
      <Execution id="25deb4a3-8f95-45b8-bb92-1a1fad3ac29b" />
      <TestMethod codeBase="C:/Repositorios/FernandoAssembla/SistemaWeb/TestViaticos/bin/Debug/TestViaticos.DLL" adapterTypeName="Microsoft.VisualStudio.TestTools.TestTypes.Unit.UnitTestAdapter, Microsoft.VisualStudio.QualityTools.Tips.UnitTest.Adapter, Version=10.0.0.0, Culture=neutral, PublicKeyToken=b03f5f7f11d50a3a" className="TestViaticos.TestOrganigrama, TestViaticos, Version=1.0.0.0, Culture=neutral, PublicKeyToken=null" name="no_se_debe_permitir_crear_un_organigrama_donde_tenga_mas_de_un_area_superior_final" />
    </UnitTest>
    <UnitTest name="deberia_poder_obtener_un_curso_del_repositorio_de_cursos" storage="c:\repositorios\fernandoassembla\sistemaweb\testviaticos\bin\debug\testviaticos.dll" id="c564bf77-b387-e233-53e7-c5c85a463602">
      <Execution id="e1be6426-1e6a-49b6-baf0-e3029cc1d68d" />
      <TestMethod codeBase="C:/Repositorios/FernandoAssembla/SistemaWeb/TestViaticos/bin/Debug/TestViaticos.DLL" adapterTypeName="Microsoft.VisualStudio.TestTools.TestTypes.Unit.UnitTestAdapter, Microsoft.VisualStudio.QualityTools.Tips.UnitTest.Adapter, Version=10.0.0.0, Culture=neutral, PublicKeyToken=b03f5f7f11d50a3a" className="TestViaticos.TestRepositorioCursos, TestViaticos, Version=1.0.0.0, Culture=neutral, PublicKeyToken=null" name="deberia_poder_obtener_un_curso_del_repositorio_de_cursos" />
    </UnitTest>
    <UnitTest name="deberia_poder_validar_si_un_objeto_esta_en_una_coleccion" storage="c:\repositorios\fernandoassembla\sistemaweb\testviaticos\bin\debug\testviaticos.dll" id="6e2099d5-ff03-21ed-7c09-0bc58519434c">
      <Execution id="06f4c23a-b3c6-4ea7-a093-b1707c497b02" />
      <TestMethod codeBase="C:/Repositorios/FernandoAssembla/SistemaWeb/TestViaticos/bin/Debug/TestViaticos.DLL" adapterTypeName="Microsoft.VisualStudio.TestTools.TestTypes.Unit.UnitTestAdapter, Microsoft.VisualStudio.QualityTools.Tips.UnitTest.Adapter, Version=10.0.0.0, Culture=neutral, PublicKeyToken=b03f5f7f11d50a3a" className="TestViaticos.TestValidador, TestViaticos, Version=1.0.0.0, Culture=neutral, PublicKeyToken=null" name="deberia_poder_validar_si_un_objeto_esta_en_una_coleccion" />
    </UnitTest>
    <UnitTest name="al_buscar_por_un_numero_de_ticket__de_documento_o_parte_de_él_debe_traer_todos_los_documentos_que_cumplen_con_ello" storage="c:\repositorios\fernandoassembla\sistemaweb\testviaticos\bin\debug\testviaticos.dll" id="88eff91e-3ca2-b202-c4d3-20146aaa990f">
      <Execution id="f2a8e9d8-6c4c-4e52-bdcb-44afe574065e" />
      <TestMethod codeBase="C:/Repositorios/FernandoAssembla/SistemaWeb/TestViaticos/bin/Debug/TestViaticos.DLL" adapterTypeName="Microsoft.VisualStudio.TestTools.TestTypes.Unit.UnitTestAdapter, Microsoft.VisualStudio.QualityTools.Tips.UnitTest.Adapter, Version=10.0.0.0, Culture=neutral, PublicKeyToken=b03f5f7f11d50a3a" className="General.TestFiltroSiCoI, TestViaticos, Version=1.0.0.0, Culture=neutral, PublicKeyToken=null" name="al_buscar_por_un_numero_de_ticket__de_documento_o_parte_de_él_debe_traer_todos_los_documentos_que_cumplen_con_ello" />
    </UnitTest>
    <UnitTest name="deberia_poder_agregar_alumnos" storage="c:\repositorios\fernandoassembla\sistemaweb\testviaticos\bin\debug\testviaticos.dll" id="c2ebf66d-ae9e-9e71-55e6-fa4f57f3dcd0">
      <Execution id="11dd5788-80a2-4231-86c0-15221ff023b1" />
      <TestMethod codeBase="C:/Repositorios/FernandoAssembla/SistemaWeb/TestViaticos/bin/Debug/TestViaticos.DLL" adapterTypeName="Microsoft.VisualStudio.TestTools.TestTypes.Unit.UnitTestAdapter, Microsoft.VisualStudio.QualityTools.Tips.UnitTest.Adapter, Version=10.0.0.0, Culture=neutral, PublicKeyToken=b03f5f7f11d50a3a" className="TestViaticos.TestAlumnos, TestViaticos, Version=1.0.0.0, Culture=neutral, PublicKeyToken=null" name="deberia_poder_agregar_alumnos" />
    </UnitTest>
    <UnitTest name="deberia_poder_obtener_todos_los_datos_del_area_y_ver_que_estan_completos" storage="c:\repositorios\fernandoassembla\sistemaweb\testviaticos\bin\debug\testviaticos.dll" id="a44cf039-3a08-31a6-19c4-66a5660ef220">
      <Execution id="01c2dc80-2579-4987-acbe-59eb473dbf74" />
      <TestMethod codeBase="C:/Repositorios/FernandoAssembla/SistemaWeb/TestViaticos/bin/Debug/TestViaticos.DLL" adapterTypeName="Microsoft.VisualStudio.TestTools.TestTypes.Unit.UnitTestAdapter, Microsoft.VisualStudio.QualityTools.Tips.UnitTest.Adapter, Version=10.0.0.0, Culture=neutral, PublicKeyToken=b03f5f7f11d50a3a" className="TestViaticos.TestRepositorioAreas, TestViaticos, Version=1.0.0.0, Culture=neutral, PublicKeyToken=null" name="deberia_poder_obtener_todos_los_datos_del_area_y_ver_que_estan_completos" />
    </UnitTest>
    <UnitTest name="deberia_crear_una_tabla_con_nombre_y_un_valor_Juan" storage="c:\repositorios\fernandoassembla\sistemaweb\testviaticos\bin\debug\testviaticos.dll" id="6325cb50-8252-7333-a10e-129eb61d4a7d">
      <Execution id="5ffb9aa4-fd6b-40b1-9b0b-4512ceeac5cd" />
      <TestMethod codeBase="C:/Repositorios/FernandoAssembla/SistemaWeb/TestViaticos/bin/Debug/TestViaticos.DLL" adapterTypeName="Microsoft.VisualStudio.TestTools.TestTypes.Unit.UnitTestAdapter, Microsoft.VisualStudio.QualityTools.Tips.UnitTest.Adapter, Version=10.0.0.0, Culture=neutral, PublicKeyToken=b03f5f7f11d50a3a" className="TestViaticos.TestTablasFake, TestViaticos, Version=1.0.0.0, Culture=neutral, PublicKeyToken=null" name="deberia_crear_una_tabla_con_nombre_y_un_valor_Juan" />
    </UnitTest>
    <UnitTest name="deberia_poder_tener_los_checkboxes_seleccionados_de_un_request" storage="c:\repositorios\fernandoassembla\sistemaweb\testviaticos\bin\debug\testviaticos.dll" id="2a085327-6b89-00de-3f93-60ecccb235b6">
      <Execution id="059bf85a-a5d0-451d-8414-661e6db7321d" />
      <TestMethod codeBase="C:/Repositorios/FernandoAssembla/SistemaWeb/TestViaticos/bin/Debug/TestViaticos.DLL" adapterTypeName="Microsoft.VisualStudio.TestTools.TestTypes.Unit.UnitTestAdapter, Microsoft.VisualStudio.QualityTools.Tips.UnitTest.Adapter, Version=10.0.0.0, Culture=neutral, PublicKeyToken=b03f5f7f11d50a3a" className="WebRhUITestNew.ControladorDeWebControlsTest, TestViaticos, Version=1.0.0.0, Culture=neutral, PublicKeyToken=null" name="deberia_poder_tener_los_checkboxes_seleccionados_de_un_request" />
    </UnitTest>
    <UnitTest name="no_deberia_poder_tener_un_documento_sin_categoria" storage="c:\repositorios\fernandoassembla\sistemaweb\testviaticos\bin\debug\testviaticos.dll" id="751e279c-34dc-9434-036d-cf7c6e4fd783">
      <Execution id="26a95e52-7a5e-4fae-b9d9-0d1fac9412ba" />
      <TestMethod codeBase="C:/Repositorios/FernandoAssembla/SistemaWeb/TestViaticos/bin/Debug/TestViaticos.DLL" adapterTypeName="Microsoft.VisualStudio.TestTools.TestTypes.Unit.UnitTestAdapter, Microsoft.VisualStudio.QualityTools.Tips.UnitTest.Adapter, Version=10.0.0.0, Culture=neutral, PublicKeyToken=b03f5f7f11d50a3a" className="TestViaticos.TestDocumentos, TestViaticos, Version=1.0.0.0, Culture=neutral, PublicKeyToken=null" name="no_deberia_poder_tener_un_documento_sin_categoria" />
    </UnitTest>
    <UnitTest name="deberia_poder_obtener_todos_los_tipos_de_documento" storage="c:\repositorios\fernandoassembla\sistemaweb\testviaticos\bin\debug\testviaticos.dll" id="c966b980-8b4f-c10a-2879-8a06a8c7add4">
      <Execution id="680e98e1-7d55-4a2c-86e8-ac34d5433459" />
      <TestMethod codeBase="C:/Repositorios/FernandoAssembla/SistemaWeb/TestViaticos/bin/Debug/TestViaticos.DLL" adapterTypeName="Microsoft.VisualStudio.TestTools.TestTypes.Unit.UnitTestAdapter, Microsoft.VisualStudio.QualityTools.Tips.UnitTest.Adapter, Version=10.0.0.0, Culture=neutral, PublicKeyToken=b03f5f7f11d50a3a" className="TestViaticos.TestRepositorioDocumentos, TestViaticos, Version=1.0.0.0, Culture=neutral, PublicKeyToken=null" name="deberia_poder_obtener_todos_los_tipos_de_documento" />
    </UnitTest>
    <UnitTest name="al_buscar_en_una_lista_de_áreas_un_fax_devuelve_todos_las_áreas_cuyo_fax_de_asistente_o_responsable_o_area_contiene_el_texto_buscado" storage="c:\repositorios\fernandoassembla\sistemaweb\testviaticos\bin\debug\testviaticos.dll" id="3c877ef7-ef07-0820-9e58-ae76fdaedfb0">
      <Execution id="fa667560-d54e-4662-98a2-86e01fb5a1eb" />
      <TestMethod codeBase="C:/Repositorios/FernandoAssembla/SistemaWeb/TestViaticos/bin/Debug/TestViaticos.DLL" adapterTypeName="Microsoft.VisualStudio.TestTools.TestTypes.Unit.UnitTestAdapter, Microsoft.VisualStudio.QualityTools.Tips.UnitTest.Adapter, Version=10.0.0.0, Culture=neutral, PublicKeyToken=b03f5f7f11d50a3a" className="General.TestProtocolo, TestViaticos, Version=1.0.0.0, Culture=neutral, PublicKeyToken=null" name="al_buscar_en_una_lista_de_áreas_un_fax_devuelve_todos_las_áreas_cuyo_fax_de_asistente_o_responsable_o_area_contiene_el_texto_buscado" />
    </UnitTest>
    <UnitTest name="deberia_poder_obtener_un_viatico_sin_estadias_pasajes_ni_transiciones" storage="c:\repositorios\fernandoassembla\sistemaweb\testviaticos\bin\debug\testviaticos.dll" id="410ae35c-c491-52ff-8ca7-16593197aa91">
      <Execution id="2a2806b7-bdc8-454a-97bd-5d1ecd311971" />
      <TestMethod codeBase="C:/Repositorios/FernandoAssembla/SistemaWeb/TestViaticos/bin/Debug/TestViaticos.DLL" adapterTypeName="Microsoft.VisualStudio.TestTools.TestTypes.Unit.UnitTestAdapter, Microsoft.VisualStudio.QualityTools.Tips.UnitTest.Adapter, Version=10.0.0.0, Culture=neutral, PublicKeyToken=b03f5f7f11d50a3a" className="TestViaticos.TestRepositorioDeViaticos, TestViaticos, Version=1.0.0.0, Culture=neutral, PublicKeyToken=null" name="deberia_poder_obtener_un_viatico_sin_estadias_pasajes_ni_transiciones" />
    </UnitTest>
    <UnitTest name="deberia_crear_una_tabla_con_id_y_un_valor_1" storage="c:\repositorios\fernandoassembla\sistemaweb\testviaticos\bin\debug\testviaticos.dll" id="a91c3d07-7c7d-1fe6-99ad-80e4a1548474">
      <Execution id="e0ffbfad-9299-439a-91e3-00c1827d5051" />
      <TestMethod codeBase="C:/Repositorios/FernandoAssembla/SistemaWeb/TestViaticos/bin/Debug/TestViaticos.DLL" adapterTypeName="Microsoft.VisualStudio.TestTools.TestTypes.Unit.UnitTestAdapter, Microsoft.VisualStudio.QualityTools.Tips.UnitTest.Adapter, Version=10.0.0.0, Culture=neutral, PublicKeyToken=b03f5f7f11d50a3a" className="TestViaticos.TestTablasFake, TestViaticos, Version=1.0.0.0, Culture=neutral, PublicKeyToken=null" name="deberia_crear_una_tabla_con_id_y_un_valor_1" />
    </UnitTest>
    <UnitTest name="dado_a9_quiero_b0" storage="c:\repositorios\fernandoassembla\sistemaweb\testviaticos\bin\debug\testviaticos.dll" id="e51e2c6f-d445-6901-d7cc-9c752d9465ed">
      <Execution id="6b724d88-7152-4f1b-9bb6-40e50fa73f8e" />
      <TestMethod codeBase="C:/Repositorios/FernandoAssembla/SistemaWeb/TestViaticos/bin/Debug/TestViaticos.DLL" adapterTypeName="Microsoft.VisualStudio.TestTools.TestTypes.Unit.UnitTestAdapter, Microsoft.VisualStudio.QualityTools.Tips.UnitTest.Adapter, Version=10.0.0.0, Culture=neutral, PublicKeyToken=b03f5f7f11d50a3a" className="Tests.CodigoTareaTest, TestViaticos, Version=1.0.0.0, Culture=neutral, PublicKeyToken=null" name="dado_a9_quiero_b0" />
    </UnitTest>
    <UnitTest name="si_un_area_no_tiene_alias_deberia_devolver_el_nombre_completo_sin_alias" storage="c:\repositorios\fernandoassembla\sistemaweb\testviaticos\bin\debug\testviaticos.dll" id="72c59001-deaf-0f88-ce47-97c9b2e78292">
      <Execution id="377b59bb-e2b3-4379-a74c-009e8ed0ba88" />
      <TestMethod codeBase="C:/Repositorios/FernandoAssembla/SistemaWeb/TestViaticos/bin/Debug/TestViaticos.DLL" adapterTypeName="Microsoft.VisualStudio.TestTools.TestTypes.Unit.UnitTestAdapter, Microsoft.VisualStudio.QualityTools.Tips.UnitTest.Adapter, Version=10.0.0.0, Culture=neutral, PublicKeyToken=b03f5f7f11d50a3a" className="TestViaticos.TestRepositorioAreas, TestViaticos, Version=1.0.0.0, Culture=neutral, PublicKeyToken=null" name="si_un_area_no_tiene_alias_deberia_devolver_el_nombre_completo_sin_alias" />
    </UnitTest>
    <UnitTest name="el_filtro_por_numero_de_ticket_debe_ser_case_insensitive" storage="c:\repositorios\fernandoassembla\sistemaweb\testviaticos\bin\debug\testviaticos.dll" id="60b34790-3c9e-803c-efa2-bf0100cd18fd">
      <Execution id="3572dd12-f27a-45c6-b0ce-c66e5b1bb8db" />
      <TestMethod codeBase="C:/Repositorios/FernandoAssembla/SistemaWeb/TestViaticos/bin/Debug/TestViaticos.DLL" adapterTypeName="Microsoft.VisualStudio.TestTools.TestTypes.Unit.UnitTestAdapter, Microsoft.VisualStudio.QualityTools.Tips.UnitTest.Adapter, Version=10.0.0.0, Culture=neutral, PublicKeyToken=b03f5f7f11d50a3a" className="General.TestFiltroSiCoI, TestViaticos, Version=1.0.0.0, Culture=neutral, PublicKeyToken=null" name="el_filtro_por_numero_de_ticket_debe_ser_case_insensitive" />
    </UnitTest>
    <UnitTest name="deberia_poder_obtener_los_ids_de_las_entidades_seleccionadas" storage="c:\repositorios\fernandoassembla\sistemaweb\testviaticos\bin\debug\testviaticos.dll" id="1b646755-e25c-9dea-839f-b5f817062984">
      <Execution id="b33abef5-48ad-4333-8e89-5025b2057e90" />
      <TestMethod codeBase="C:/Repositorios/FernandoAssembla/SistemaWeb/TestViaticos/bin/Debug/TestViaticos.DLL" adapterTypeName="Microsoft.VisualStudio.TestTools.TestTypes.Unit.UnitTestAdapter, Microsoft.VisualStudio.QualityTools.Tips.UnitTest.Adapter, Version=10.0.0.0, Culture=neutral, PublicKeyToken=b03f5f7f11d50a3a" className="WebRhUITestNew.ControladorDeWebControlsTest, TestViaticos, Version=1.0.0.0, Culture=neutral, PublicKeyToken=null" name="deberia_poder_obtener_los_ids_de_las_entidades_seleccionadas" />
    </UnitTest>
    <UnitTest name="dado_un_area_quiero_saber_direccion_telefono_y_mail_del_area" storage="c:\repositorios\fernandoassembla\sistemaweb\testviaticos\bin\debug\testviaticos.dll" id="5d6cb36d-d345-b7c7-27f1-f7052ce8d166">
      <Execution id="242c9308-ba1e-4713-a524-1658930824a0" />
      <TestMethod codeBase="C:/Repositorios/FernandoAssembla/SistemaWeb/TestViaticos/bin/Debug/TestViaticos.DLL" adapterTypeName="Microsoft.VisualStudio.TestTools.TestTypes.Unit.UnitTestAdapter, Microsoft.VisualStudio.QualityTools.Tips.UnitTest.Adapter, Version=10.0.0.0, Culture=neutral, PublicKeyToken=b03f5f7f11d50a3a" className="General.TestUsuarios, TestViaticos, Version=1.0.0.0, Culture=neutral, PublicKeyToken=null" name="dado_un_area_quiero_saber_direccion_telefono_y_mail_del_area" />
    </UnitTest>
    <UnitTest name="no_deberia_poder_tener_un_documento_sin_tipo" storage="c:\repositorios\fernandoassembla\sistemaweb\testviaticos\bin\debug\testviaticos.dll" id="cc560ad4-66d2-6e1b-fa1e-c1f8f0f47258">
      <Execution id="d8e13c7c-0f35-45cc-b6b1-be8d5d813302" />
      <TestMethod codeBase="C:/Repositorios/FernandoAssembla/SistemaWeb/TestViaticos/bin/Debug/TestViaticos.DLL" adapterTypeName="Microsoft.VisualStudio.TestTools.TestTypes.Unit.UnitTestAdapter, Microsoft.VisualStudio.QualityTools.Tips.UnitTest.Adapter, Version=10.0.0.0, Culture=neutral, PublicKeyToken=b03f5f7f11d50a3a" className="TestViaticos.TestDocumentos, TestViaticos, Version=1.0.0.0, Culture=neutral, PublicKeyToken=null" name="no_deberia_poder_tener_un_documento_sin_tipo" />
    </UnitTest>
    <UnitTest name="deberia_traer_viaticos_que_esten_pendientes_del_area_939_y__perido_011012_al_261012" storage="c:\repositorios\fernandoassembla\sistemaweb\testviaticos\bin\debug\testviaticos.dll" id="59ff1f84-feae-06d2-b4cb-39b785e26703">
      <Execution id="456db6ab-eb07-421d-9079-f49608217d0b" />
      <TestMethod codeBase="C:/Repositorios/FernandoAssembla/SistemaWeb/TestViaticos/bin/Debug/TestViaticos.DLL" adapterTypeName="Microsoft.VisualStudio.TestTools.TestTypes.Unit.UnitTestAdapter, Microsoft.VisualStudio.QualityTools.Tips.UnitTest.Adapter, Version=10.0.0.0, Culture=neutral, PublicKeyToken=b03f5f7f11d50a3a" className="TestViaticos.TestConsultas, TestViaticos, Version=1.0.0.0, Culture=neutral, PublicKeyToken=null" name="deberia_traer_viaticos_que_esten_pendientes_del_area_939_y__perido_011012_al_261012" />
    </UnitTest>
    <UnitTest name="dado_un_curso_que_se_cursa_los_lunes_y_jueves_cuando_le_pregunto_cuantos_dias_de_cursada_hay_en_febrero_de_2013_me_dice_6_porque_dos_son_feriados" storage="c:\repositorios\fernandoassembla\sistemaweb\testviaticos\bin\debug\testviaticos.dll" id="7b7bd90a-9390-9d92-5600-532eb0a44a2a">
      <Execution id="a8376f21-9a20-46e3-b7c0-8e01c6fe7ba6" />
      <TestMethod codeBase="C:/Repositorios/FernandoAssembla/SistemaWeb/TestViaticos/bin/Debug/TestViaticos.DLL" adapterTypeName="Microsoft.VisualStudio.TestTools.TestTypes.Unit.UnitTestAdapter, Microsoft.VisualStudio.QualityTools.Tips.UnitTest.Adapter, Version=10.0.0.0, Culture=neutral, PublicKeyToken=b03f5f7f11d50a3a" className="TestViaticos.TestCalendarioDeCurso, TestViaticos, Version=1.0.0.0, Culture=neutral, PublicKeyToken=null" name="dado_un_curso_que_se_cursa_los_lunes_y_jueves_cuando_le_pregunto_cuantos_dias_de_cursada_hay_en_febrero_de_2013_me_dice_6_porque_dos_son_feriados" />
    </UnitTest>
    <UnitTest name="deberia_poder_agregar_un_row_desde_una_entidad_especificando_como_obtener_los_valores_a_partir_de_la_misma" storage="c:\repositorios\fernandoassembla\sistemaweb\testviaticos\bin\debug\testviaticos.dll" id="8d450b91-f2a6-e64d-c4a7-eee63e8851da">
      <Execution id="ec4ee170-c49d-4449-b967-7f5a4b68b1ce" />
      <TestMethod codeBase="C:/Repositorios/FernandoAssembla/SistemaWeb/TestViaticos/bin/Debug/TestViaticos.DLL" adapterTypeName="Microsoft.VisualStudio.TestTools.TestTypes.Unit.UnitTestAdapter, Microsoft.VisualStudio.QualityTools.Tips.UnitTest.Adapter, Version=10.0.0.0, Culture=neutral, PublicKeyToken=b03f5f7f11d50a3a" className="WebRhUITestNew.TestRenderizadorDeTablas, TestViaticos, Version=1.0.0.0, Culture=neutral, PublicKeyToken=null" name="deberia_poder_agregar_un_row_desde_una_entidad_especificando_como_obtener_los_valores_a_partir_de_la_misma" />
    </UnitTest>
    <UnitTest name="al_buscar_en_una_lista_de_áreas_por_Asistentes_de_área_a_Ana_debe_traer_dos_areas_donde_existen_dos_personas_llamadas_Ana_que_son_secreatarias_en_cada_area" storage="c:\repositorios\fernandoassembla\sistemaweb\testviaticos\bin\debug\testviaticos.dll" id="25415686-6584-7e2c-956a-c8ad4a11141c">
      <Execution id="edfa91c1-cfc3-455b-89db-d521e99f6c5a" />
      <TestMethod codeBase="C:/Repositorios/FernandoAssembla/SistemaWeb/TestViaticos/bin/Debug/TestViaticos.DLL" adapterTypeName="Microsoft.VisualStudio.TestTools.TestTypes.Unit.UnitTestAdapter, Microsoft.VisualStudio.QualityTools.Tips.UnitTest.Adapter, Version=10.0.0.0, Culture=neutral, PublicKeyToken=b03f5f7f11d50a3a" className="General.TestProtocolo, TestViaticos, Version=1.0.0.0, Culture=neutral, PublicKeyToken=null" name="al_buscar_en_una_lista_de_áreas_por_Asistentes_de_área_a_Ana_debe_traer_dos_areas_donde_existen_dos_personas_llamadas_Ana_que_son_secreatarias_en_cada_area" />
    </UnitTest>
    <UnitTest name="deberia_mostrarme_una_unica_vez_la_secretaria_que_posee_el_area_cuando_los_datos_estan_repetidos" storage="c:\repositorios\fernandoassembla\sistemaweb\testviaticos\bin\debug\testviaticos.dll" id="82d93e8f-20e5-8c41-b9f1-1d42beccc7c0">
      <Execution id="84f36092-529a-441c-9bc4-27f4e0f31323" />
      <TestMethod codeBase="C:/Repositorios/FernandoAssembla/SistemaWeb/TestViaticos/bin/Debug/TestViaticos.DLL" adapterTypeName="Microsoft.VisualStudio.TestTools.TestTypes.Unit.UnitTestAdapter, Microsoft.VisualStudio.QualityTools.Tips.UnitTest.Adapter, Version=10.0.0.0, Culture=neutral, PublicKeyToken=b03f5f7f11d50a3a" className="General.TestUsuarios, TestViaticos, Version=1.0.0.0, Culture=neutral, PublicKeyToken=null" name="deberia_mostrarme_una_unica_vez_la_secretaria_que_posee_el_area_cuando_los_datos_estan_repetidos" />
    </UnitTest>
    <UnitTest name="al_buscar_en_una_lista_de_áreas_una_parte_de_telefono_devuelve_todos_las_áreas_cuyo_telefono_de_asistente_o_responsable_o_area_contiene_el_texto_buscado" storage="c:\repositorios\fernandoassembla\sistemaweb\testviaticos\bin\debug\testviaticos.dll" id="60d191e8-f802-0c16-9722-35844f243666">
      <Execution id="4e0d9382-e18e-472a-ab03-28d41237872f" />
      <TestMethod codeBase="C:/Repositorios/FernandoAssembla/SistemaWeb/TestViaticos/bin/Debug/TestViaticos.DLL" adapterTypeName="Microsoft.VisualStudio.TestTools.TestTypes.Unit.UnitTestAdapter, Microsoft.VisualStudio.QualityTools.Tips.UnitTest.Adapter, Version=10.0.0.0, Culture=neutral, PublicKeyToken=b03f5f7f11d50a3a" className="General.TestProtocolo, TestViaticos, Version=1.0.0.0, Culture=neutral, PublicKeyToken=null" name="al_buscar_en_una_lista_de_áreas_una_parte_de_telefono_devuelve_todos_las_áreas_cuyo_telefono_de_asistente_o_responsable_o_area_contiene_el_texto_buscado" />
    </UnitTest>
    <UnitTest name="mensajeria_no_deberia_fallar_cuando_un_documento_no_tiene_trancisiones" storage="c:\repositorios\fernandoassembla\sistemaweb\testviaticos\bin\debug\testviaticos.dll" id="cecd7ff2-d148-29e8-850a-7574ad3e7580">
      <Execution id="1ce06515-327c-44c1-a9c6-d01c6116b427" />
      <TestMethod codeBase="C:/Repositorios/FernandoAssembla/SistemaWeb/TestViaticos/bin/Debug/TestViaticos.DLL" adapterTypeName="Microsoft.VisualStudio.TestTools.TestTypes.Unit.UnitTestAdapter, Microsoft.VisualStudio.QualityTools.Tips.UnitTest.Adapter, Version=10.0.0.0, Culture=neutral, PublicKeyToken=b03f5f7f11d50a3a" className="TestViaticos.TestMensajeria, TestViaticos, Version=1.0.0.0, Culture=neutral, PublicKeyToken=null" name="mensajeria_no_deberia_fallar_cuando_un_documento_no_tiene_trancisiones" />
    </UnitTest>
    <UnitTest name="mensajeria_deberia_poder_generar_una_transicion_futura" storage="c:\repositorios\fernandoassembla\sistemaweb\testviaticos\bin\debug\testviaticos.dll" id="e1d67ae5-71d9-5872-41a1-7a2a4d910702">
      <Execution id="8d2864f8-e0d3-48c7-a366-7b3cc7770faf" />
      <TestMethod codeBase="C:/Repositorios/FernandoAssembla/SistemaWeb/TestViaticos/bin/Debug/TestViaticos.DLL" adapterTypeName="Microsoft.VisualStudio.TestTools.TestTypes.Unit.UnitTestAdapter, Microsoft.VisualStudio.QualityTools.Tips.UnitTest.Adapter, Version=10.0.0.0, Culture=neutral, PublicKeyToken=b03f5f7f11d50a3a" className="TestViaticos.TestMensajeria, TestViaticos, Version=1.0.0.0, Culture=neutral, PublicKeyToken=null" name="mensajeria_deberia_poder_generar_una_transicion_futura" />
    </UnitTest>
    <UnitTest name="al_buscar_por_una_palabra_del_comentario_del_documento_debe_traer_todos_los_documentos_que_cumplen_con_ello" storage="c:\repositorios\fernandoassembla\sistemaweb\testviaticos\bin\debug\testviaticos.dll" id="cd2ddf59-b1d1-4ffd-b77a-55d96a13b533">
      <Execution id="0a2d6dc4-14af-494f-b2e5-5f1e4a2fa5b4" />
      <TestMethod codeBase="C:/Repositorios/FernandoAssembla/SistemaWeb/TestViaticos/bin/Debug/TestViaticos.DLL" adapterTypeName="Microsoft.VisualStudio.TestTools.TestTypes.Unit.UnitTestAdapter, Microsoft.VisualStudio.QualityTools.Tips.UnitTest.Adapter, Version=10.0.0.0, Culture=neutral, PublicKeyToken=b03f5f7f11d50a3a" className="General.TestFiltroSiCoI, TestViaticos, Version=1.0.0.0, Culture=neutral, PublicKeyToken=null" name="al_buscar_por_una_palabra_del_comentario_del_documento_debe_traer_todos_los_documentos_que_cumplen_con_ello" />
    </UnitTest>
    <UnitTest name="deberia_poder_obtener_todos_los_tipos_de_documento_con_su_sigla" storage="c:\repositorios\fernandoassembla\sistemaweb\testviaticos\bin\debug\testviaticos.dll" id="1f3c9d7b-63ee-b9a1-f8d0-46e85a0a6255">
      <Execution id="161e12c6-02bb-49e6-a474-eb43e660114e" />
      <TestMethod codeBase="C:/Repositorios/FernandoAssembla/SistemaWeb/TestViaticos/bin/Debug/TestViaticos.DLL" adapterTypeName="Microsoft.VisualStudio.TestTools.TestTypes.Unit.UnitTestAdapter, Microsoft.VisualStudio.QualityTools.Tips.UnitTest.Adapter, Version=10.0.0.0, Culture=neutral, PublicKeyToken=b03f5f7f11d50a3a" className="TestViaticos.TestRepositorioDocumentos, TestViaticos, Version=1.0.0.0, Culture=neutral, PublicKeyToken=null" name="deberia_poder_obtener_todos_los_tipos_de_documento_con_su_sigla" />
    </UnitTest>
    <UnitTest name="deberia_traer_viaticos_de_BELEN_011012_261012" storage="c:\repositorios\fernandoassembla\sistemaweb\testviaticos\bin\debug\testviaticos.dll" id="c2c53443-9c7d-40b6-5a5a-6d158c6cf141">
      <Execution id="34f07e46-a56e-4392-95fe-7c8ea9b7791a" />
      <TestMethod codeBase="C:/Repositorios/FernandoAssembla/SistemaWeb/TestViaticos/bin/Debug/TestViaticos.DLL" adapterTypeName="Microsoft.VisualStudio.TestTools.TestTypes.Unit.UnitTestAdapter, Microsoft.VisualStudio.QualityTools.Tips.UnitTest.Adapter, Version=10.0.0.0, Culture=neutral, PublicKeyToken=b03f5f7f11d50a3a" className="TestViaticos.TestConsultas, TestViaticos, Version=1.0.0.0, Culture=neutral, PublicKeyToken=null" name="deberia_traer_viaticos_de_BELEN_011012_261012" />
    </UnitTest>
    <UnitTest name="dado_un_curso_que_se_cursa_los_lunes_y_jueves_cuando_le_pregunto_cuantos_dias_de_cursada_hay_inlcuyendo_feriados_en_febrero_de_2013_me_dice_8_porque_dos_son_feriados" storage="c:\repositorios\fernandoassembla\sistemaweb\testviaticos\bin\debug\testviaticos.dll" id="98d79b4f-0fef-791a-b39b-89c03b95d3e3">
      <Execution id="78cea7e4-4544-489b-a6d1-d8eae2611e5d" />
      <TestMethod codeBase="C:/Repositorios/FernandoAssembla/SistemaWeb/TestViaticos/bin/Debug/TestViaticos.DLL" adapterTypeName="Microsoft.VisualStudio.TestTools.TestTypes.Unit.UnitTestAdapter, Microsoft.VisualStudio.QualityTools.Tips.UnitTest.Adapter, Version=10.0.0.0, Culture=neutral, PublicKeyToken=b03f5f7f11d50a3a" className="TestViaticos.TestCalendarioDeCurso, TestViaticos, Version=1.0.0.0, Culture=neutral, PublicKeyToken=null" name="dado_un_curso_que_se_cursa_los_lunes_y_jueves_cuando_le_pregunto_cuantos_dias_de_cursada_hay_inlcuyendo_feriados_en_febrero_de_2013_me_dice_8_porque_dos_son_feriados" />
    </UnitTest>
    <UnitTest name="deberia_poder_tener_un_null_como_segundo_valor_de_una_columna" storage="c:\repositorios\fernandoassembla\sistemaweb\testviaticos\bin\debug\testviaticos.dll" id="c8e9fa12-63fb-548e-6319-248eaeb1ba50">
      <Execution id="590401a6-a183-4f10-bd67-d1dd65405dff" />
      <TestMethod codeBase="C:/Repositorios/FernandoAssembla/SistemaWeb/TestViaticos/bin/Debug/TestViaticos.DLL" adapterTypeName="Microsoft.VisualStudio.TestTools.TestTypes.Unit.UnitTestAdapter, Microsoft.VisualStudio.QualityTools.Tips.UnitTest.Adapter, Version=10.0.0.0, Culture=neutral, PublicKeyToken=b03f5f7f11d50a3a" className="TestViaticos.TestTablasFake, TestViaticos, Version=1.0.0.0, Culture=neutral, PublicKeyToken=null" name="deberia_poder_tener_un_null_como_segundo_valor_de_una_columna" />
    </UnitTest>
    <UnitTest name="deberia_considerar_las_estadias_comenzadas_en_el_periodo" storage="c:\repositorios\fernandoassembla\sistemaweb\testviaticos\bin\debug\testviaticos.dll" id="e22ce867-04ec-cc74-8f00-0fdb0256cb9f">
      <Execution id="7e3b8c86-5a0a-44fc-acfa-8b00c67f132d" />
      <TestMethod codeBase="C:/Repositorios/FernandoAssembla/SistemaWeb/TestViaticos/bin/Debug/TestViaticos.DLL" adapterTypeName="Microsoft.VisualStudio.TestTools.TestTypes.Unit.UnitTestAdapter, Microsoft.VisualStudio.QualityTools.Tips.UnitTest.Adapter, Version=10.0.0.0, Culture=neutral, PublicKeyToken=b03f5f7f11d50a3a" className="TestViaticos.TestConsultas, TestViaticos, Version=1.0.0.0, Culture=neutral, PublicKeyToken=null" name="deberia_considerar_las_estadias_comenzadas_en_el_periodo" />
    </UnitTest>
    <UnitTest name="al_buscar_por_reponsable_de_area_a_Fabian_deberia_traerme_el_area_cuyo_nombre_de_responsable_es_Fabian" storage="c:\repositorios\fernandoassembla\sistemaweb\testviaticos\bin\debug\testviaticos.dll" id="c09a892a-1cf8-8734-95e1-5859c143f708">
      <Execution id="298c4c55-87b2-436c-8d43-f67e9f306c98" />
      <TestMethod codeBase="C:/Repositorios/FernandoAssembla/SistemaWeb/TestViaticos/bin/Debug/TestViaticos.DLL" adapterTypeName="Microsoft.VisualStudio.TestTools.TestTypes.Unit.UnitTestAdapter, Microsoft.VisualStudio.QualityTools.Tips.UnitTest.Adapter, Version=10.0.0.0, Culture=neutral, PublicKeyToken=b03f5f7f11d50a3a" className="General.TestProtocolo, TestViaticos, Version=1.0.0.0, Culture=neutral, PublicKeyToken=null" name="al_buscar_por_reponsable_de_area_a_Fabian_deberia_traerme_el_area_cuyo_nombre_de_responsable_es_Fabian" />
    </UnitTest>
    <UnitTest name="al_buscar_por_nombre_de_numero_de_documento_y_fechas_desde_y_hasta_y_extracto_de_un_documento_debe_traer_todos_los_documentos_que_cumplen_con_ello" storage="c:\repositorios\fernandoassembla\sistemaweb\testviaticos\bin\debug\testviaticos.dll" id="9f7c8e27-eadb-ceef-1191-65859b891fab">
      <Execution id="f3bc2295-8f25-428b-a5c3-7ebfd1cdfc76" />
      <TestMethod codeBase="C:/Repositorios/FernandoAssembla/SistemaWeb/TestViaticos/bin/Debug/TestViaticos.DLL" adapterTypeName="Microsoft.VisualStudio.TestTools.TestTypes.Unit.UnitTestAdapter, Microsoft.VisualStudio.QualityTools.Tips.UnitTest.Adapter, Version=10.0.0.0, Culture=neutral, PublicKeyToken=b03f5f7f11d50a3a" className="General.TestFiltroSiCoI, TestViaticos, Version=1.0.0.0, Culture=neutral, PublicKeyToken=null" name="al_buscar_por_nombre_de_numero_de_documento_y_fechas_desde_y_hasta_y_extracto_de_un_documento_debe_traer_todos_los_documentos_que_cumplen_con_ello" />
    </UnitTest>
    <UnitTest name="no_se_puede_solicitar_el_área_superior_del_área_maxima_sino_que_debería_dar_una_excepción" storage="c:\repositorios\fernandoassembla\sistemaweb\testviaticos\bin\debug\testviaticos.dll" id="086213ff-7e23-a50c-0de2-c7f0fd67fbca">
      <Execution id="d9b7814b-f77f-4aa1-b9e1-2236f157c233" />
      <TestMethod codeBase="C:/Repositorios/FernandoAssembla/SistemaWeb/TestViaticos/bin/Debug/TestViaticos.DLL" adapterTypeName="Microsoft.VisualStudio.TestTools.TestTypes.Unit.UnitTestAdapter, Microsoft.VisualStudio.QualityTools.Tips.UnitTest.Adapter, Version=10.0.0.0, Culture=neutral, PublicKeyToken=b03f5f7f11d50a3a" className="TestViaticos.TestOrganigrama, TestViaticos, Version=1.0.0.0, Culture=neutral, PublicKeyToken=null" name="no_se_puede_solicitar_el_área_superior_del_área_maxima_sino_que_debería_dar_una_excepción" />
    </UnitTest>
    <UnitTest name="fabian_deberia_tener_acceso_a_viaticos_y_a_documentos" storage="c:\repositorios\fernandoassembla\sistemaweb\testviaticos\bin\debug\testviaticos.dll" id="abcb6bdb-8479-892d-4456-095226c976bc">
      <Execution id="e5df5b9e-a2c5-4ec9-933c-50577cf134f0" />
      <TestMethod codeBase="C:/Repositorios/FernandoAssembla/SistemaWeb/TestViaticos/bin/Debug/TestViaticos.DLL" adapterTypeName="Microsoft.VisualStudio.TestTools.TestTypes.Unit.UnitTestAdapter, Microsoft.VisualStudio.QualityTools.Tips.UnitTest.Adapter, Version=10.0.0.0, Culture=neutral, PublicKeyToken=b03f5f7f11d50a3a" className="TestViaticos.TestRepositorioUsuarios, TestViaticos, Version=1.0.0.0, Culture=neutral, PublicKeyToken=null" name="fabian_deberia_tener_acceso_a_viaticos_y_a_documentos" />
    </UnitTest>
    <UnitTest name="fabian_deberia_tener_solo_un_area_con_un_asistente" storage="c:\repositorios\fernandoassembla\sistemaweb\testviaticos\bin\debug\testviaticos.dll" id="2c561612-6ace-d4f5-3ea0-2b63589d272c">
      <Execution id="17d744dd-70ad-488e-a666-398ec67d80e0" />
      <TestMethod codeBase="C:/Repositorios/FernandoAssembla/SistemaWeb/TestViaticos/bin/Debug/TestViaticos.DLL" adapterTypeName="Microsoft.VisualStudio.TestTools.TestTypes.Unit.UnitTestAdapter, Microsoft.VisualStudio.QualityTools.Tips.UnitTest.Adapter, Version=10.0.0.0, Culture=neutral, PublicKeyToken=b03f5f7f11d50a3a" className="TestViaticos.TestRepositorioUsuarios, TestViaticos, Version=1.0.0.0, Culture=neutral, PublicKeyToken=null" name="fabian_deberia_tener_solo_un_area_con_un_asistente" />
    </UnitTest>
    <UnitTest name="Un_organigrama_deberia_poder_decirme_todas_las_areas_que_posee" storage="c:\repositorios\fernandoassembla\sistemaweb\testviaticos\bin\debug\testviaticos.dll" id="bb2112d4-68ef-15b6-48ec-73b20e57caa9">
      <Execution id="054e74ce-f12f-43e0-ad2b-c7aab12f98e2" />
      <TestMethod codeBase="C:/Repositorios/FernandoAssembla/SistemaWeb/TestViaticos/bin/Debug/TestViaticos.DLL" adapterTypeName="Microsoft.VisualStudio.TestTools.TestTypes.Unit.UnitTestAdapter, Microsoft.VisualStudio.QualityTools.Tips.UnitTest.Adapter, Version=10.0.0.0, Culture=neutral, PublicKeyToken=b03f5f7f11d50a3a" className="TestViaticos.TestOrganigrama, TestViaticos, Version=1.0.0.0, Culture=neutral, PublicKeyToken=null" name="Un_organigrama_deberia_poder_decirme_todas_las_areas_que_posee" />
    </UnitTest>
    <UnitTest name="fabian_deberia_tener_solo_acceso_a_viaticos" storage="c:\repositorios\fernandoassembla\sistemaweb\testviaticos\bin\debug\testviaticos.dll" id="2eba2d30-d0c9-d10d-cb9f-e198704cb8fa">
      <Execution id="b5f6cba1-7074-465e-a07c-0aa2c6c9440b" />
      <TestMethod codeBase="C:/Repositorios/FernandoAssembla/SistemaWeb/TestViaticos/bin/Debug/TestViaticos.DLL" adapterTypeName="Microsoft.VisualStudio.TestTools.TestTypes.Unit.UnitTestAdapter, Microsoft.VisualStudio.QualityTools.Tips.UnitTest.Adapter, Version=10.0.0.0, Culture=neutral, PublicKeyToken=b03f5f7f11d50a3a" className="TestViaticos.TestRepositorioUsuarios, TestViaticos, Version=1.0.0.0, Culture=neutral, PublicKeyToken=null" name="fabian_deberia_tener_solo_acceso_a_viaticos" />
    </UnitTest>
    <UnitTest name="deberia_traer_viaticos_de_la_provincia_SALTA_y_CORDOBA_en_el_periodo_011012_261012" storage="c:\repositorios\fernandoassembla\sistemaweb\testviaticos\bin\debug\testviaticos.dll" id="999cd32d-d69f-3834-8d48-f15d37fd5243">
      <Execution id="92205b51-083c-4481-b82c-91a2f0bf37d4" />
      <TestMethod codeBase="C:/Repositorios/FernandoAssembla/SistemaWeb/TestViaticos/bin/Debug/TestViaticos.DLL" adapterTypeName="Microsoft.VisualStudio.TestTools.TestTypes.Unit.UnitTestAdapter, Microsoft.VisualStudio.QualityTools.Tips.UnitTest.Adapter, Version=10.0.0.0, Culture=neutral, PublicKeyToken=b03f5f7f11d50a3a" className="TestViaticos.TestConsultas, TestViaticos, Version=1.0.0.0, Culture=neutral, PublicKeyToken=null" name="deberia_traer_viaticos_de_la_provincia_SALTA_y_CORDOBA_en_el_periodo_011012_261012" />
    </UnitTest>
    <UnitTest name="deberia_poder_tener_un_null_como_primer_valor_de_una_columna" storage="c:\repositorios\fernandoassembla\sistemaweb\testviaticos\bin\debug\testviaticos.dll" id="37d066c6-a6d7-b11a-9516-f3f197d5e44d">
      <Execution id="40af5b12-806d-432c-8c15-55c046fa3c16" />
      <TestMethod codeBase="C:/Repositorios/FernandoAssembla/SistemaWeb/TestViaticos/bin/Debug/TestViaticos.DLL" adapterTypeName="Microsoft.VisualStudio.TestTools.TestTypes.Unit.UnitTestAdapter, Microsoft.VisualStudio.QualityTools.Tips.UnitTest.Adapter, Version=10.0.0.0, Culture=neutral, PublicKeyToken=b03f5f7f11d50a3a" className="TestViaticos.TestTablasFake, TestViaticos, Version=1.0.0.0, Culture=neutral, PublicKeyToken=null" name="deberia_poder_tener_un_null_como_primer_valor_de_una_columna" />
    </UnitTest>
    <UnitTest name="al_buscar_por_el_area_del_usuario_logueado_debe_traer_todos_los_documentos_que_aun_son_responsabilidad_de_dicha_area" storage="c:\repositorios\fernandoassembla\sistemaweb\testviaticos\bin\debug\testviaticos.dll" id="a783754e-a02b-a257-f4ac-f48395928085">
      <Execution id="edf8afc7-9f58-4ef1-90ca-e70789ee94ad" />
      <TestMethod codeBase="C:/Repositorios/FernandoAssembla/SistemaWeb/TestViaticos/bin/Debug/TestViaticos.DLL" adapterTypeName="Microsoft.VisualStudio.TestTools.TestTypes.Unit.UnitTestAdapter, Microsoft.VisualStudio.QualityTools.Tips.UnitTest.Adapter, Version=10.0.0.0, Culture=neutral, PublicKeyToken=b03f5f7f11d50a3a" className="General.TestFiltroSiCoI, TestViaticos, Version=1.0.0.0, Culture=neutral, PublicKeyToken=null" name="al_buscar_por_el_area_del_usuario_logueado_debe_traer_todos_los_documentos_que_aun_son_responsabilidad_de_dicha_area" />
    </UnitTest>
    <UnitTest name="no_deberia_permitir_pasarse_de_z" storage="c:\repositorios\fernandoassembla\sistemaweb\testviaticos\bin\debug\testviaticos.dll" id="6a69abda-dfaa-a679-b661-02cd5293c0bd">
      <Execution id="b752bc08-61d6-45c4-98ad-c043e45570d1" />
      <TestMethod codeBase="C:/Repositorios/FernandoAssembla/SistemaWeb/TestViaticos/bin/Debug/TestViaticos.DLL" adapterTypeName="Microsoft.VisualStudio.TestTools.TestTypes.Unit.UnitTestAdapter, Microsoft.VisualStudio.QualityTools.Tips.UnitTest.Adapter, Version=10.0.0.0, Culture=neutral, PublicKeyToken=b03f5f7f11d50a3a" className="Tests.CodigoTareaTest, TestViaticos, Version=1.0.0.0, Culture=neutral, PublicKeyToken=null" name="no_deberia_permitir_pasarse_de_z" />
    </UnitTest>
    <UnitTest name="al_transicionar_desde_otra_area_genera_2_transiciones" storage="c:\repositorios\fernandoassembla\sistemaweb\testviaticos\bin\debug\testviaticos.dll" id="f1682d17-f3d2-e7a6-602e-a5fe64b0b83a">
      <Execution id="48d50a18-61be-41a6-bcea-1dcaefc3a782" />
      <TestMethod codeBase="C:/Repositorios/FernandoAssembla/SistemaWeb/TestViaticos/bin/Debug/TestViaticos.DLL" adapterTypeName="Microsoft.VisualStudio.TestTools.TestTypes.Unit.UnitTestAdapter, Microsoft.VisualStudio.QualityTools.Tips.UnitTest.Adapter, Version=10.0.0.0, Culture=neutral, PublicKeyToken=b03f5f7f11d50a3a" className="TestViaticos.TestMensajeria, TestViaticos, Version=1.0.0.0, Culture=neutral, PublicKeyToken=null" name="al_transicionar_desde_otra_area_genera_2_transiciones" />
    </UnitTest>
    <UnitTest name="al_buscar_por_un_tipo_de_documento_debe_traer_todos_los_documentos_que_cumplen_con_ello" storage="c:\repositorios\fernandoassembla\sistemaweb\testviaticos\bin\debug\testviaticos.dll" id="fc3e1a26-3625-7f18-819c-6724010eb1dd">
      <Execution id="adaa4bfc-54b6-412b-9e2b-323edcbbadba" />
      <TestMethod codeBase="C:/Repositorios/FernandoAssembla/SistemaWeb/TestViaticos/bin/Debug/TestViaticos.DLL" adapterTypeName="Microsoft.VisualStudio.TestTools.TestTypes.Unit.UnitTestAdapter, Microsoft.VisualStudio.QualityTools.Tips.UnitTest.Adapter, Version=10.0.0.0, Culture=neutral, PublicKeyToken=b03f5f7f11d50a3a" className="General.TestFiltroSiCoI, TestViaticos, Version=1.0.0.0, Culture=neutral, PublicKeyToken=null" name="al_buscar_por_un_tipo_de_documento_debe_traer_todos_los_documentos_que_cumplen_con_ello" />
    </UnitTest>
    <UnitTest name="al_buscar_en_una_lista_de_áreas_una_dirección_devuelve_todos_las_áreas_cuyo_domicilio_contiene_el_texto_buscado" storage="c:\repositorios\fernandoassembla\sistemaweb\testviaticos\bin\debug\testviaticos.dll" id="696fca9c-b0b6-7ef6-000f-fc7546a49832">
      <Execution id="5ef63728-3f4a-4074-b717-48a69d2d47cd" />
      <TestMethod codeBase="C:/Repositorios/FernandoAssembla/SistemaWeb/TestViaticos/bin/Debug/TestViaticos.DLL" adapterTypeName="Microsoft.VisualStudio.TestTools.TestTypes.Unit.UnitTestAdapter, Microsoft.VisualStudio.QualityTools.Tips.UnitTest.Adapter, Version=10.0.0.0, Culture=neutral, PublicKeyToken=b03f5f7f11d50a3a" className="General.TestProtocolo, TestViaticos, Version=1.0.0.0, Culture=neutral, PublicKeyToken=null" name="al_buscar_en_una_lista_de_áreas_una_dirección_devuelve_todos_las_áreas_cuyo_domicilio_contiene_el_texto_buscado" />
    </UnitTest>
    <UnitTest name="se_le_deberia_poder_pedir_a_un_area_su_nombre_completo_con_el_alias" storage="c:\repositorios\fernandoassembla\sistemaweb\testviaticos\bin\debug\testviaticos.dll" id="2665ec77-f2c4-3c27-e75d-93d1cb83ce92">
      <Execution id="524bb559-f8a5-4ec9-8cf7-b9883169724d" />
      <TestMethod codeBase="C:/Repositorios/FernandoAssembla/SistemaWeb/TestViaticos/bin/Debug/TestViaticos.DLL" adapterTypeName="Microsoft.VisualStudio.TestTools.TestTypes.Unit.UnitTestAdapter, Microsoft.VisualStudio.QualityTools.Tips.UnitTest.Adapter, Version=10.0.0.0, Culture=neutral, PublicKeyToken=b03f5f7f11d50a3a" className="TestViaticos.TestRepositorioAreas, TestViaticos, Version=1.0.0.0, Culture=neutral, PublicKeyToken=null" name="se_le_deberia_poder_pedir_a_un_area_su_nombre_completo_con_el_alias" />
    </UnitTest>
  </TestDefinitions>
  <TestLists>
    <TestList name="Resultados que no están en la lista" id="8c84fa94-04c1-424b-9868-57a2d4851a1d" />
    <TestList name="Todos los resultados cargados" id="19431567-8539-422a-85d7-44ee4e166bda" />
  </TestLists>
  <TestEntries>
    <TestEntry testId="002cf2ca-edf2-8bcf-43d5-0c3f0f84c4f5" executionId="aefb6d9c-64f6-4e63-882e-722142b3c21a" testListId="8c84fa94-04c1-424b-9868-57a2d4851a1d" />
    <TestEntry testId="02698425-13df-8609-0cad-f65978180f81" executionId="25deb4a3-8f95-45b8-bb92-1a1fad3ac29b" testListId="8c84fa94-04c1-424b-9868-57a2d4851a1d" />
    <TestEntry testId="03a6a885-b427-a1c0-9f18-eab8c39d83dc" executionId="c0aa3326-a64a-4ac4-a9de-036da3f5f7ac" testListId="8c84fa94-04c1-424b-9868-57a2d4851a1d" />
    <TestEntry testId="043dc452-5b80-2a1c-5140-d90d565722bc" executionId="3f2ce15d-caf5-48df-9bc8-e2d752703f24" testListId="8c84fa94-04c1-424b-9868-57a2d4851a1d" />
    <TestEntry testId="06dca5fe-5ce6-35f4-b6c7-96dea566a67f" executionId="b02de394-28b3-4c37-becc-c123dedd17d1" testListId="8c84fa94-04c1-424b-9868-57a2d4851a1d" />
    <TestEntry testId="07c6ae9a-6a82-fa4b-680a-96e32253ef51" executionId="71bf4319-97cf-4123-b536-fd2add176555" testListId="8c84fa94-04c1-424b-9868-57a2d4851a1d" />
    <TestEntry testId="086213ff-7e23-a50c-0de2-c7f0fd67fbca" executionId="d9b7814b-f77f-4aa1-b9e1-2236f157c233" testListId="8c84fa94-04c1-424b-9868-57a2d4851a1d" />
    <TestEntry testId="182de057-0bb2-6910-8abd-59fd672a3af3" executionId="ded4e742-7621-47e7-9fff-fcb2eae14605" testListId="8c84fa94-04c1-424b-9868-57a2d4851a1d" />
    <TestEntry testId="18a1cd9e-1ae4-3656-14a0-ac543707a055" executionId="d7b144b4-558b-4d49-ae40-8b5734fd41c3" testListId="8c84fa94-04c1-424b-9868-57a2d4851a1d" />
    <TestEntry testId="1b646755-e25c-9dea-839f-b5f817062984" executionId="b33abef5-48ad-4333-8e89-5025b2057e90" testListId="8c84fa94-04c1-424b-9868-57a2d4851a1d" />
    <TestEntry testId="1bbef477-4f31-cfec-a6a8-6e1b0892c5f9" executionId="30c4ed81-bc1e-4ff1-8313-e6b4f82ce1c1" testListId="8c84fa94-04c1-424b-9868-57a2d4851a1d" />
    <TestEntry testId="1f3c9d7b-63ee-b9a1-f8d0-46e85a0a6255" executionId="161e12c6-02bb-49e6-a474-eb43e660114e" testListId="8c84fa94-04c1-424b-9868-57a2d4851a1d" />
    <TestEntry testId="219a2093-b6f2-f229-ae69-0108da5c2d8d" executionId="a377f059-89a3-46fa-85ac-193b197b6ae1" testListId="8c84fa94-04c1-424b-9868-57a2d4851a1d" />
    <TestEntry testId="225e3e53-1987-0065-f209-06ded52d42cd" executionId="d07d9248-3703-42e1-8373-90d0d59eb6e2" testListId="8c84fa94-04c1-424b-9868-57a2d4851a1d" />
    <TestEntry testId="22fef842-2be2-549e-28ca-decc4b2f83c4" executionId="e304be99-ff82-4c1b-9176-bd9f70d1fe8d" testListId="8c84fa94-04c1-424b-9868-57a2d4851a1d" />
    <TestEntry testId="25415686-6584-7e2c-956a-c8ad4a11141c" executionId="edfa91c1-cfc3-455b-89db-d521e99f6c5a" testListId="8c84fa94-04c1-424b-9868-57a2d4851a1d" />
    <TestEntry testId="2665ec77-f2c4-3c27-e75d-93d1cb83ce92" executionId="524bb559-f8a5-4ec9-8cf7-b9883169724d" testListId="8c84fa94-04c1-424b-9868-57a2d4851a1d" />
    <TestEntry testId="27563a31-6c9c-c1b2-7c6f-cfbc88311e88" executionId="b66d9406-39d0-4269-a9c7-d844c9c52605" testListId="8c84fa94-04c1-424b-9868-57a2d4851a1d" />
    <TestEntry testId="27e6cdd1-0452-1cb1-16c4-7576bb6d0538" executionId="9478c3dc-66c7-462e-b9f3-0defa7ae66a8" testListId="8c84fa94-04c1-424b-9868-57a2d4851a1d" />
    <TestEntry testId="28a4ad86-b0f5-734b-2ffb-1771c0cae12f" executionId="6364e033-7b23-4303-80e9-53a3661dd961" testListId="8c84fa94-04c1-424b-9868-57a2d4851a1d" />
    <TestEntry testId="2a085327-6b89-00de-3f93-60ecccb235b6" executionId="059bf85a-a5d0-451d-8414-661e6db7321d" testListId="8c84fa94-04c1-424b-9868-57a2d4851a1d" />
    <TestEntry testId="2ba1906f-7dc1-cbb6-5d44-2eaa074ee001" executionId="9719f363-a81d-41b3-b851-fdcdd3cf9533" testListId="8c84fa94-04c1-424b-9868-57a2d4851a1d" />
    <TestEntry testId="2c561612-6ace-d4f5-3ea0-2b63589d272c" executionId="17d744dd-70ad-488e-a666-398ec67d80e0" testListId="8c84fa94-04c1-424b-9868-57a2d4851a1d" />
    <TestEntry testId="2d0a6e94-8989-8cc3-e286-44dd8a2f688e" executionId="18ffdfde-d74c-4a62-b426-7f7aa0bf90ea" testListId="8c84fa94-04c1-424b-9868-57a2d4851a1d" />
    <TestEntry testId="2ddded08-79a3-ad3a-b587-dfc68dd5b5f5" executionId="c202249a-8706-47e9-a64a-f1cb2a9d4d78" testListId="8c84fa94-04c1-424b-9868-57a2d4851a1d" />
    <TestEntry testId="2eba2d30-d0c9-d10d-cb9f-e198704cb8fa" executionId="b5f6cba1-7074-465e-a07c-0aa2c6c9440b" testListId="8c84fa94-04c1-424b-9868-57a2d4851a1d" />
    <TestEntry testId="33728143-431e-2f80-b4cd-e190171f9673" executionId="57d4be4f-8d7c-433a-b822-2c7a2a6d7378" testListId="8c84fa94-04c1-424b-9868-57a2d4851a1d" />
    <TestEntry testId="363f19a2-0f65-4da3-ffe2-9ae3bd940a9f" executionId="06aec929-e67d-4837-a7af-a0b5dde053a6" testListId="8c84fa94-04c1-424b-9868-57a2d4851a1d" />
    <TestEntry testId="3667ca38-1ee0-0f59-2de9-55990d91ad13" executionId="6318baf1-948e-4b8d-b4b1-990cea9f2a54" testListId="8c84fa94-04c1-424b-9868-57a2d4851a1d" />
    <TestEntry testId="37d066c6-a6d7-b11a-9516-f3f197d5e44d" executionId="40af5b12-806d-432c-8c15-55c046fa3c16" testListId="8c84fa94-04c1-424b-9868-57a2d4851a1d" />
    <TestEntry testId="38a50315-78cc-f677-cc67-a33e14f1587e" executionId="c8619cae-f826-40eb-b8e4-bd2a11093123" testListId="8c84fa94-04c1-424b-9868-57a2d4851a1d" />
    <TestEntry testId="39ba617e-74b7-ac1c-65b2-4df024e2d4e4" executionId="2e9230f9-f508-4dd6-92b0-9226216f9a7e" testListId="8c84fa94-04c1-424b-9868-57a2d4851a1d" />
    <TestEntry testId="3c877ef7-ef07-0820-9e58-ae76fdaedfb0" executionId="fa667560-d54e-4662-98a2-86e01fb5a1eb" testListId="8c84fa94-04c1-424b-9868-57a2d4851a1d" />
    <TestEntry testId="410ae35c-c491-52ff-8ca7-16593197aa91" executionId="2a2806b7-bdc8-454a-97bd-5d1ecd311971" testListId="8c84fa94-04c1-424b-9868-57a2d4851a1d" />
    <TestEntry testId="42e7e5a9-27d6-1424-520a-64446a479ac2" executionId="442e2003-a3aa-4a78-bfa0-415755d4e411" testListId="8c84fa94-04c1-424b-9868-57a2d4851a1d" />
    <TestEntry testId="43bddf17-fba3-4d54-a157-cfcf7797ee39" executionId="dfa56487-489b-4387-ba36-f330cc0c5652" testListId="8c84fa94-04c1-424b-9868-57a2d4851a1d" />
    <TestEntry testId="43da4eae-d92c-9ac3-0f26-5e5600a67e90" executionId="6c4bd0af-c35f-46f0-9ea6-20a0944e48e7" testListId="8c84fa94-04c1-424b-9868-57a2d4851a1d" />
    <TestEntry testId="44b05242-b475-4635-6cec-78ec052b2688" executionId="bf84cbd6-e1b0-4bdf-8fe6-221f14704ec7" testListId="8c84fa94-04c1-424b-9868-57a2d4851a1d" />
    <TestEntry testId="46d9bce1-2d0e-1aa8-e89e-b40f37783359" executionId="e9ff1dec-580c-4935-8d77-dfe1d511c5d3" testListId="8c84fa94-04c1-424b-9868-57a2d4851a1d" />
    <TestEntry testId="477414b1-9ac6-06f2-392d-c549405cd3f3" executionId="d1e61d9d-5524-45ba-9b99-d153fdc3c201" testListId="8c84fa94-04c1-424b-9868-57a2d4851a1d" />
    <TestEntry testId="4793d588-4a8f-7915-87f2-c97c11507ad4" executionId="bca70bff-743f-42c2-bd17-3959395d0eb7" testListId="8c84fa94-04c1-424b-9868-57a2d4851a1d" />
    <TestEntry testId="4a850093-e479-3127-1dc5-d67d3a9e4d1b" executionId="24a678f7-bc3f-4c5c-93f1-b14e2a555975" testListId="8c84fa94-04c1-424b-9868-57a2d4851a1d" />
    <TestEntry testId="4bc081ab-bd87-c7e6-2e9a-ea9029e80e8b" executionId="86e712ba-d8c1-41a8-a328-b71ed5a67a57" testListId="8c84fa94-04c1-424b-9868-57a2d4851a1d" />
    <TestEntry testId="5188b3d7-a77a-3054-7bc5-b06591dc325c" executionId="9e956743-aa76-4ae1-8a25-dca8b300d292" testListId="8c84fa94-04c1-424b-9868-57a2d4851a1d" />
    <TestEntry testId="53e1544f-a9d2-75aa-fac6-a61041be5fb7" executionId="9fc3fdcb-05ed-46ab-9a6a-f964c8b25382" testListId="8c84fa94-04c1-424b-9868-57a2d4851a1d" />
    <TestEntry testId="57d98f0d-6038-69c7-9b96-75f22dd0e9dd" executionId="daf08f08-895c-4a1d-acd1-6225cb5d00b5" testListId="8c84fa94-04c1-424b-9868-57a2d4851a1d" />
    <TestEntry testId="59ff1f84-feae-06d2-b4cb-39b785e26703" executionId="456db6ab-eb07-421d-9079-f49608217d0b" testListId="8c84fa94-04c1-424b-9868-57a2d4851a1d" />
    <TestEntry testId="5b690971-fd71-4f11-40a9-1c85ffb21c38" executionId="b69fdeea-5cf3-47d5-9eb3-8e0c57cae7f4" testListId="8c84fa94-04c1-424b-9868-57a2d4851a1d" />
    <TestEntry testId="5d6cb36d-d345-b7c7-27f1-f7052ce8d166" executionId="242c9308-ba1e-4713-a524-1658930824a0" testListId="8c84fa94-04c1-424b-9868-57a2d4851a1d" />
    <TestEntry testId="60936b2d-9f38-488c-d3bd-319a17b5f6ba" executionId="afa605c5-c774-43da-83e9-938e55f053f6" testListId="8c84fa94-04c1-424b-9868-57a2d4851a1d" />
    <TestEntry testId="60b34790-3c9e-803c-efa2-bf0100cd18fd" executionId="3572dd12-f27a-45c6-b0ce-c66e5b1bb8db" testListId="8c84fa94-04c1-424b-9868-57a2d4851a1d" />
    <TestEntry testId="60d191e8-f802-0c16-9722-35844f243666" executionId="4e0d9382-e18e-472a-ab03-28d41237872f" testListId="8c84fa94-04c1-424b-9868-57a2d4851a1d" />
    <TestEntry testId="6325cb50-8252-7333-a10e-129eb61d4a7d" executionId="5ffb9aa4-fd6b-40b1-9b0b-4512ceeac5cd" testListId="8c84fa94-04c1-424b-9868-57a2d4851a1d" />
    <TestEntry testId="64afcefc-8af6-fc70-4ea7-766fc65f6c46" executionId="793f0c58-c9ff-426e-a2af-27a8ed9b80de" testListId="8c84fa94-04c1-424b-9868-57a2d4851a1d" />
    <TestEntry testId="6892221f-5432-520c-a667-6f10f84f4898" executionId="198eeeac-4173-41e6-89e5-2988c12d7410" testListId="8c84fa94-04c1-424b-9868-57a2d4851a1d" />
    <TestEntry testId="68c724fc-1912-d9ac-d786-b1e6bb6c0994" executionId="f17f9633-99bf-4a5a-87c4-36504e0b6e2d" testListId="8c84fa94-04c1-424b-9868-57a2d4851a1d" />
    <TestEntry testId="696fca9c-b0b6-7ef6-000f-fc7546a49832" executionId="5ef63728-3f4a-4074-b717-48a69d2d47cd" testListId="8c84fa94-04c1-424b-9868-57a2d4851a1d" />
    <TestEntry testId="6a69abda-dfaa-a679-b661-02cd5293c0bd" executionId="b752bc08-61d6-45c4-98ad-c043e45570d1" testListId="8c84fa94-04c1-424b-9868-57a2d4851a1d" />
    <TestEntry testId="6e2099d5-ff03-21ed-7c09-0bc58519434c" executionId="06f4c23a-b3c6-4ea7-a093-b1707c497b02" testListId="8c84fa94-04c1-424b-9868-57a2d4851a1d" />
    <TestEntry testId="6f525a40-dadd-7cc4-eb37-95f1d91a14c9" executionId="458cab79-9168-4c1b-a841-925f5ffcf075" testListId="8c84fa94-04c1-424b-9868-57a2d4851a1d" />
    <TestEntry testId="71dbce06-b24d-82d9-d3a9-b8664de5dbbb" executionId="a1048ba5-b058-4452-a2b2-10a171b44428" testListId="8c84fa94-04c1-424b-9868-57a2d4851a1d" />
    <TestEntry testId="72c59001-deaf-0f88-ce47-97c9b2e78292" executionId="377b59bb-e2b3-4379-a74c-009e8ed0ba88" testListId="8c84fa94-04c1-424b-9868-57a2d4851a1d" />
    <TestEntry testId="73696332-8582-b3f8-3487-a0e8978d60e1" executionId="4eb9227c-6c7f-45ef-b73c-293dbb3a858e" testListId="8c84fa94-04c1-424b-9868-57a2d4851a1d" />
    <TestEntry testId="74b1b58c-e814-5670-35a0-d1446a9967fd" executionId="6bb9ad64-09d1-4478-947e-7b09efe842db" testListId="8c84fa94-04c1-424b-9868-57a2d4851a1d" />
    <TestEntry testId="751e279c-34dc-9434-036d-cf7c6e4fd783" executionId="26a95e52-7a5e-4fae-b9d9-0d1fac9412ba" testListId="8c84fa94-04c1-424b-9868-57a2d4851a1d" />
    <TestEntry testId="757e1e4a-ca0e-7dc8-c1f0-7e6c91ba8ea0" executionId="2062bce0-3352-4486-867b-27b035c2c844" testListId="8c84fa94-04c1-424b-9868-57a2d4851a1d" />
    <TestEntry testId="76c47d34-63a4-0479-90e7-a8d089e0dd93" executionId="a48ed6fb-5b1f-4a3f-af3e-d024b4d21be9" testListId="8c84fa94-04c1-424b-9868-57a2d4851a1d" />
    <TestEntry testId="77c82c9f-520d-04a5-8c33-19a0d6332eaa" executionId="9276211a-4e94-4e96-8a2c-db9790c8df98" testListId="8c84fa94-04c1-424b-9868-57a2d4851a1d" />
    <TestEntry testId="78a9f8b3-1879-e741-9ade-1dee019c141b" executionId="075c874b-2d39-485f-a378-860952afc97b" testListId="8c84fa94-04c1-424b-9868-57a2d4851a1d" />
    <TestEntry testId="79a63e0f-ba0e-a5dc-0d5c-dc38d27e7aa1" executionId="d96b45e9-556c-4c35-8e7b-5900dfee4f1a" testListId="8c84fa94-04c1-424b-9868-57a2d4851a1d" />
    <TestEntry testId="7a945366-5dc8-bde8-17f1-4ebf2f832448" executionId="7318f269-4bfb-45c4-b4a2-5046fab4f0ce" testListId="8c84fa94-04c1-424b-9868-57a2d4851a1d" />
    <TestEntry testId="7b7bd90a-9390-9d92-5600-532eb0a44a2a" executionId="a8376f21-9a20-46e3-b7c0-8e01c6fe7ba6" testListId="8c84fa94-04c1-424b-9868-57a2d4851a1d" />
    <TestEntry testId="82c21a02-0eaa-b33b-6618-e225964dbef2" executionId="503e7b76-be8d-482e-9031-2ddd95487802" testListId="8c84fa94-04c1-424b-9868-57a2d4851a1d" />
    <TestEntry testId="82d93e8f-20e5-8c41-b9f1-1d42beccc7c0" executionId="84f36092-529a-441c-9bc4-27f4e0f31323" testListId="8c84fa94-04c1-424b-9868-57a2d4851a1d" />
    <TestEntry testId="8464698d-61d5-d408-819d-53311ef832f8" executionId="bfb0eb89-4d0e-40ca-9f4e-3388b19b826f" testListId="8c84fa94-04c1-424b-9868-57a2d4851a1d" />
    <TestEntry testId="88eff91e-3ca2-b202-c4d3-20146aaa990f" executionId="f2a8e9d8-6c4c-4e52-bdcb-44afe574065e" testListId="8c84fa94-04c1-424b-9868-57a2d4851a1d" />
    <TestEntry testId="8c631ab0-9081-f239-8e5b-8f0f7f274cb2" executionId="3a1656a3-cc9a-45a4-836a-098d6e713aa0" testListId="8c84fa94-04c1-424b-9868-57a2d4851a1d" />
    <TestEntry testId="8d450b91-f2a6-e64d-c4a7-eee63e8851da" executionId="ec4ee170-c49d-4449-b967-7f5a4b68b1ce" testListId="8c84fa94-04c1-424b-9868-57a2d4851a1d" />
    <TestEntry testId="8e8c4b00-453c-ac9a-23f7-d441cdf71296" executionId="485fa3ad-d2f2-46c0-891d-6fa96a08928c" testListId="8c84fa94-04c1-424b-9868-57a2d4851a1d" />
    <TestEntry testId="8f23a447-15d5-92c8-a4fb-7722c21b1c07" executionId="3e21aca1-d037-4f60-a932-7f62a17990e8" testListId="8c84fa94-04c1-424b-9868-57a2d4851a1d" />
    <TestEntry testId="91497819-ba2a-f2e9-9418-b935f4653def" executionId="7be84817-1563-479f-88e7-96035fca3bb0" testListId="8c84fa94-04c1-424b-9868-57a2d4851a1d" />
    <TestEntry testId="94211d25-4f01-6a4f-21c4-290dd165eb14" executionId="a5c8d754-f96d-494a-8612-e2f1029b6825" testListId="8c84fa94-04c1-424b-9868-57a2d4851a1d" />
    <TestEntry testId="96fb1f26-cf56-3c03-ade6-884985acd8d7" executionId="8136ec47-f49a-43f5-8436-4677f7b2a7bc" testListId="8c84fa94-04c1-424b-9868-57a2d4851a1d" />
    <TestEntry testId="98d79b4f-0fef-791a-b39b-89c03b95d3e3" executionId="78cea7e4-4544-489b-a6d1-d8eae2611e5d" testListId="8c84fa94-04c1-424b-9868-57a2d4851a1d" />
    <TestEntry testId="999cd32d-d69f-3834-8d48-f15d37fd5243" executionId="92205b51-083c-4481-b82c-91a2f0bf37d4" testListId="8c84fa94-04c1-424b-9868-57a2d4851a1d" />
    <TestEntry testId="9f7c8e27-eadb-ceef-1191-65859b891fab" executionId="f3bc2295-8f25-428b-a5c3-7ebfd1cdfc76" testListId="8c84fa94-04c1-424b-9868-57a2d4851a1d" />
    <TestEntry testId="a44cf039-3a08-31a6-19c4-66a5660ef220" executionId="01c2dc80-2579-4987-acbe-59eb473dbf74" testListId="8c84fa94-04c1-424b-9868-57a2d4851a1d" />
    <TestEntry testId="a783754e-a02b-a257-f4ac-f48395928085" executionId="edf8afc7-9f58-4ef1-90ca-e70789ee94ad" testListId="8c84fa94-04c1-424b-9868-57a2d4851a1d" />
    <TestEntry testId="a8bf43a7-c593-21c5-b353-6a677fedb6e1" executionId="83726e2a-fdf3-4d24-b4e9-2feb0e65e3f9" testListId="8c84fa94-04c1-424b-9868-57a2d4851a1d" />
    <TestEntry testId="a91c3d07-7c7d-1fe6-99ad-80e4a1548474" executionId="e0ffbfad-9299-439a-91e3-00c1827d5051" testListId="8c84fa94-04c1-424b-9868-57a2d4851a1d" />
    <TestEntry testId="abcb6bdb-8479-892d-4456-095226c976bc" executionId="e5df5b9e-a2c5-4ec9-933c-50577cf134f0" testListId="8c84fa94-04c1-424b-9868-57a2d4851a1d" />
    <TestEntry testId="b0dad42f-cacf-b7c8-3bc2-1641e13c9caa" executionId="8a51daa1-8178-4f76-a4b0-c05377672883" testListId="8c84fa94-04c1-424b-9868-57a2d4851a1d" />
    <TestEntry testId="b8bd6fa3-7b0e-dbc4-d1ea-17a66d88e614" executionId="f38ed19a-27bc-42ab-ae6e-867eafa01dba" testListId="8c84fa94-04c1-424b-9868-57a2d4851a1d" />
    <TestEntry testId="bb2112d4-68ef-15b6-48ec-73b20e57caa9" executionId="054e74ce-f12f-43e0-ad2b-c7aab12f98e2" testListId="8c84fa94-04c1-424b-9868-57a2d4851a1d" />
    <TestEntry testId="bb2f1794-72bc-c3ce-3c94-a7e6c21d4812" executionId="2d11482f-8d56-48d4-9a83-3c9514b4be08" testListId="8c84fa94-04c1-424b-9868-57a2d4851a1d" />
    <TestEntry testId="bb759e7e-2161-1c79-ee60-b7766df2bd3f" executionId="0cd32d8d-270e-4a02-8295-cd94d40b97eb" testListId="8c84fa94-04c1-424b-9868-57a2d4851a1d" />
    <TestEntry testId="bbbb69a9-ef38-b5dc-de66-8e150133f998" executionId="1d09e282-336c-4fa6-8d6b-22f92e00a00c" testListId="8c84fa94-04c1-424b-9868-57a2d4851a1d" />
    <TestEntry testId="bf34bac0-1211-e38d-1273-9a3107460eaa" executionId="e71dd740-7a77-42ac-9a0f-55e7bf3ea8c6" testListId="8c84fa94-04c1-424b-9868-57a2d4851a1d" />
    <TestEntry testId="bf3ea6c6-ab88-4696-72a1-f31917a72c6c" executionId="7d67a3f0-ec41-46c5-a226-76b544280aa8" testListId="8c84fa94-04c1-424b-9868-57a2d4851a1d" />
    <TestEntry testId="c09a892a-1cf8-8734-95e1-5859c143f708" executionId="298c4c55-87b2-436c-8d43-f67e9f306c98" testListId="8c84fa94-04c1-424b-9868-57a2d4851a1d" />
    <TestEntry testId="c2c53443-9c7d-40b6-5a5a-6d158c6cf141" executionId="34f07e46-a56e-4392-95fe-7c8ea9b7791a" testListId="8c84fa94-04c1-424b-9868-57a2d4851a1d" />
    <TestEntry testId="c2ebf66d-ae9e-9e71-55e6-fa4f57f3dcd0" executionId="11dd5788-80a2-4231-86c0-15221ff023b1" testListId="8c84fa94-04c1-424b-9868-57a2d4851a1d" />
    <TestEntry testId="c40af560-ccd4-15d1-681a-d268a1e88a1c" executionId="e3bd8f7f-bf87-43f5-a942-2f9df680a63b" testListId="8c84fa94-04c1-424b-9868-57a2d4851a1d" />
    <TestEntry testId="c564bf77-b387-e233-53e7-c5c85a463602" executionId="e1be6426-1e6a-49b6-baf0-e3029cc1d68d" testListId="8c84fa94-04c1-424b-9868-57a2d4851a1d" />
    <TestEntry testId="c5bc7be4-1c6a-1e48-0dbd-f119f73d764c" executionId="5ab16238-2edc-4c4f-9169-78cf4f7d76f8" testListId="8c84fa94-04c1-424b-9868-57a2d4851a1d" />
    <TestEntry testId="c5cbe3b9-5203-897f-6c97-10b52d6a9698" executionId="da9f98ab-5e65-4237-81f8-d1ff5cb1b6c4" testListId="8c84fa94-04c1-424b-9868-57a2d4851a1d" />
    <TestEntry testId="c6c229fe-82f0-9917-4112-b9f4fc6d4ce9" executionId="e7324fee-92a0-4f58-9d37-3c514399bac1" testListId="8c84fa94-04c1-424b-9868-57a2d4851a1d" />
    <TestEntry testId="c8e9fa12-63fb-548e-6319-248eaeb1ba50" executionId="590401a6-a183-4f10-bd67-d1dd65405dff" testListId="8c84fa94-04c1-424b-9868-57a2d4851a1d" />
    <TestEntry testId="c966b980-8b4f-c10a-2879-8a06a8c7add4" executionId="680e98e1-7d55-4a2c-86e8-ac34d5433459" testListId="8c84fa94-04c1-424b-9868-57a2d4851a1d" />
    <TestEntry testId="cc560ad4-66d2-6e1b-fa1e-c1f8f0f47258" executionId="d8e13c7c-0f35-45cc-b6b1-be8d5d813302" testListId="8c84fa94-04c1-424b-9868-57a2d4851a1d" />
    <TestEntry testId="cd0a2e1f-d61d-9cba-b24e-96406e906f5d" executionId="5a6b2842-e83e-4b48-b5bb-15c0f1c4a934" testListId="8c84fa94-04c1-424b-9868-57a2d4851a1d" />
    <TestEntry testId="cd2ddf59-b1d1-4ffd-b77a-55d96a13b533" executionId="0a2d6dc4-14af-494f-b2e5-5f1e4a2fa5b4" testListId="8c84fa94-04c1-424b-9868-57a2d4851a1d" />
    <TestEntry testId="cecd7ff2-d148-29e8-850a-7574ad3e7580" executionId="1ce06515-327c-44c1-a9c6-d01c6116b427" testListId="8c84fa94-04c1-424b-9868-57a2d4851a1d" />
    <TestEntry testId="cff26abc-fddb-ef75-0bf4-49cf50880ca7" executionId="32a5fbc6-477d-4924-84b5-3941d29ed4bb" testListId="8c84fa94-04c1-424b-9868-57a2d4851a1d" />
    <TestEntry testId="d3eb6b18-b89c-308d-2472-f70947e6c57b" executionId="4e5ecdc1-38a2-4530-a181-4f5f5a83a206" testListId="8c84fa94-04c1-424b-9868-57a2d4851a1d" />
    <TestEntry testId="d4034162-71c0-cb22-9a98-76a42e56e55e" executionId="a14ec00f-ba9f-4467-b85d-41eac1d0ae04" testListId="8c84fa94-04c1-424b-9868-57a2d4851a1d" />
    <TestEntry testId="d5acc190-8ff6-3621-55ca-bde560b60f80" executionId="0f9e5a7e-49ce-49cb-b9f7-58abd9477a48" testListId="8c84fa94-04c1-424b-9868-57a2d4851a1d" />
    <TestEntry testId="d7dcf4df-b012-3cb2-f383-e4a465f466d1" executionId="1e8daa60-4d68-43a5-97e8-7e8d6d747251" testListId="8c84fa94-04c1-424b-9868-57a2d4851a1d" />
    <TestEntry testId="ddde0ed2-12a5-9bf8-2fdd-b32f11508a59" executionId="3aab84e8-6c13-42f7-80fc-287f807f7d14" testListId="8c84fa94-04c1-424b-9868-57a2d4851a1d" />
    <TestEntry testId="de307af2-1c44-a9c2-0624-80b438a3400b" executionId="1606ceac-fc20-4b23-9fbc-e071a2b92ddb" testListId="8c84fa94-04c1-424b-9868-57a2d4851a1d" />
    <TestEntry testId="dfede4a0-4add-37a3-8cce-099c64499527" executionId="88b1afec-ac2a-417e-a239-42f6c702be97" testListId="8c84fa94-04c1-424b-9868-57a2d4851a1d" />
    <TestEntry testId="e1d67ae5-71d9-5872-41a1-7a2a4d910702" executionId="8d2864f8-e0d3-48c7-a366-7b3cc7770faf" testListId="8c84fa94-04c1-424b-9868-57a2d4851a1d" />
    <TestEntry testId="e22ce867-04ec-cc74-8f00-0fdb0256cb9f" executionId="7e3b8c86-5a0a-44fc-acfa-8b00c67f132d" testListId="8c84fa94-04c1-424b-9868-57a2d4851a1d" />
    <TestEntry testId="e454c39b-e973-6bea-bc19-3dd352fe2860" executionId="9ecd500c-1638-48b6-a12c-fd025616fbf3" testListId="8c84fa94-04c1-424b-9868-57a2d4851a1d" />
    <TestEntry testId="e4a0643c-ded2-0a34-7284-5a78ff072139" executionId="f4527510-cd61-4de7-a759-7d7a8834b3bf" testListId="8c84fa94-04c1-424b-9868-57a2d4851a1d" />
    <TestEntry testId="e51e2c6f-d445-6901-d7cc-9c752d9465ed" executionId="6b724d88-7152-4f1b-9bb6-40e50fa73f8e" testListId="8c84fa94-04c1-424b-9868-57a2d4851a1d" />
    <TestEntry testId="e599cad1-eda4-094c-45c1-605d2f0e5702" executionId="214ef273-0df0-4742-bcd3-999df0986c1e" testListId="8c84fa94-04c1-424b-9868-57a2d4851a1d" />
    <TestEntry testId="e6bad939-5185-804d-09f5-03d6b8675f35" executionId="1d6861cd-b1c9-4be1-8b05-f732fc8d08d1" testListId="8c84fa94-04c1-424b-9868-57a2d4851a1d" />
    <TestEntry testId="e9aa986f-7293-c98f-9d6b-6050f52118de" executionId="c37ef8ef-354a-4998-9a14-bf92c852914e" testListId="8c84fa94-04c1-424b-9868-57a2d4851a1d" />
    <TestEntry testId="eaffb742-992c-e34c-dbe5-be3438e36b95" executionId="690adacf-aeb0-4b86-a236-f5646fe0a44a" testListId="8c84fa94-04c1-424b-9868-57a2d4851a1d" />
    <TestEntry testId="f01f9398-de8a-e114-4944-4c3877e413a9" executionId="7b8669b1-f867-4296-9143-7011edd8c8ca" testListId="8c84fa94-04c1-424b-9868-57a2d4851a1d" />
    <TestEntry testId="f1682d17-f3d2-e7a6-602e-a5fe64b0b83a" executionId="48d50a18-61be-41a6-bcea-1dcaefc3a782" testListId="8c84fa94-04c1-424b-9868-57a2d4851a1d" />
    <TestEntry testId="f1f50432-1bf0-de96-51bb-b6443df4774c" executionId="79d6c831-a397-4296-9f69-1f782fe4474c" testListId="8c84fa94-04c1-424b-9868-57a2d4851a1d" />
    <TestEntry testId="f86c4657-4e4d-11f0-63ee-95d2154ef49d" executionId="7c90beaa-0fdc-4d62-9dbf-9739f0e7440b" testListId="8c84fa94-04c1-424b-9868-57a2d4851a1d" />
    <TestEntry testId="fc3e1a26-3625-7f18-819c-6724010eb1dd" executionId="adaa4bfc-54b6-412b-9e2b-323edcbbadba" testListId="8c84fa94-04c1-424b-9868-57a2d4851a1d" />
    <TestEntry testId="fe21a7fe-170b-9452-5951-05d7fa59464e" executionId="0bfb6184-f850-4af4-a6f9-aa6841a7843e" testListId="8c84fa94-04c1-424b-9868-57a2d4851a1d" />
    <TestEntry testId="ff5ca805-f71b-e477-63b1-db8e8b29d28e" executionId="fa60e9c8-e184-40ad-aa35-09ceb7dfe391" testListId="8c84fa94-04c1-424b-9868-57a2d4851a1d" />
  </TestEntries>
  <Results>
    <UnitTestResult executionId="aefb6d9c-64f6-4e63-882e-722142b3c21a" testId="002cf2ca-edf2-8bcf-43d5-0c3f0f84c4f5" testName="un_deserializador_de_filtros_deberia_poder_desserializar_un_filtro_de_documentos_por_numero_de_ticket" computerName="MDS-RH-0002" duration="00:00:00.2765489" startTime="2013-02-07T21:43:43.9191084-03:00" endTime="2013-02-07T21:43:44.7621927-03:00" testType="13cdc9d9-ddb5-4fa4-a97d-d965ccfc6d4b" outcome="Passed" testListId="8c84fa94-04c1-424b-9868-57a2d4851a1d" relativeResultsDirectory="aefb6d9c-64f6-4e63-882e-722142b3c21a">
    </UnitTestResult>
    <UnitTestResult executionId="25deb4a3-8f95-45b8-bb92-1a1fad3ac29b" testId="02698425-13df-8609-0cad-f65978180f81" testName="no_se_debe_permitir_crear_un_organigrama_donde_tenga_mas_de_un_area_superior_final" computerName="MDS-RH-0002" duration="00:00:00.0083150" startTime="2013-02-07T21:43:44.7641929-03:00" endTime="2013-02-07T21:43:44.7751940-03:00" testType="13cdc9d9-ddb5-4fa4-a97d-d965ccfc6d4b" outcome="Passed" testListId="8c84fa94-04c1-424b-9868-57a2d4851a1d" relativeResultsDirectory="25deb4a3-8f95-45b8-bb92-1a1fad3ac29b">
    </UnitTestResult>
    <UnitTestResult executionId="c0aa3326-a64a-4ac4-a9de-036da3f5f7ac" testId="03a6a885-b427-a1c0-9f18-eab8c39d83dc" testName="dada_un_area__con_3_asistentes_deberia_obtener_en_una_unica_area_unico_registro_y_los_3_asistentes_incluido_en_el_area" computerName="MDS-RH-0002" duration="00:00:00.1360542" startTime="2013-02-07T21:43:44.7771942-03:00" endTime="2013-02-07T21:43:44.9162081-03:00" testType="13cdc9d9-ddb5-4fa4-a97d-d965ccfc6d4b" outcome="Passed" testListId="8c84fa94-04c1-424b-9868-57a2d4851a1d" relativeResultsDirectory="c0aa3326-a64a-4ac4-a9de-036da3f5f7ac">
    </UnitTestResult>
    <UnitTestResult executionId="3f2ce15d-caf5-48df-9bc8-e2d752703f24" testId="043dc452-5b80-2a1c-5140-d90d565722bc" testName="Un_organigrama_deberia_poder_decirme_todas_las_areas_inferiores_a_un_area_dada_con_una_estructura_lineal" computerName="MDS-RH-0002" duration="00:00:00.0020248" startTime="2013-02-07T21:43:44.9182083-03:00" endTime="2013-02-07T21:43:44.9232088-03:00" testType="13cdc9d9-ddb5-4fa4-a97d-d965ccfc6d4b" outcome="Passed" testListId="8c84fa94-04c1-424b-9868-57a2d4851a1d" relativeResultsDirectory="3f2ce15d-caf5-48df-9bc8-e2d752703f24">
    </UnitTestResult>
    <UnitTestResult executionId="b02de394-28b3-4c37-becc-c123dedd17d1" testId="06dca5fe-5ce6-35f4-b6c7-96dea566a67f" testName="deberia_poder_crear_un_organigrama_lineal_con_cuatro_areas" computerName="MDS-RH-0002" duration="00:00:00.0004746" startTime="2013-02-07T21:43:44.9242089-03:00" endTime="2013-02-07T21:43:44.9332098-03:00" testType="13cdc9d9-ddb5-4fa4-a97d-d965ccfc6d4b" outcome="Passed" testListId="8c84fa94-04c1-424b-9868-57a2d4851a1d" relativeResultsDirectory="b02de394-28b3-4c37-becc-c123dedd17d1">
    </UnitTestResult>
    <UnitTestResult executionId="71bf4319-97cf-4123-b536-fd2add176555" testId="07c6ae9a-6a82-fa4b-680a-96e32253ef51" testName="deberia_poder_conocer_los_dias_de_cursada_de_un_curso_para_un_mes" computerName="MDS-RH-0002" duration="00:00:00.0224303" startTime="2013-02-07T21:43:44.9352100-03:00" endTime="2013-02-07T21:43:44.9612126-03:00" testType="13cdc9d9-ddb5-4fa4-a97d-d965ccfc6d4b" outcome="Passed" testListId="8c84fa94-04c1-424b-9868-57a2d4851a1d" relativeResultsDirectory="71bf4319-97cf-4123-b536-fd2add176555">
    </UnitTestResult>
    <UnitTestResult executionId="d9b7814b-f77f-4aa1-b9e1-2236f157c233" testId="086213ff-7e23-a50c-0de2-c7f0fd67fbca" testName="no_se_puede_solicitar_el_área_superior_del_área_maxima_sino_que_debería_dar_una_excepción" computerName="MDS-RH-0002" duration="00:00:00.0006105" startTime="2013-02-07T21:43:44.9622127-03:00" endTime="2013-02-07T21:43:44.9662131-03:00" testType="13cdc9d9-ddb5-4fa4-a97d-d965ccfc6d4b" outcome="Passed" testListId="8c84fa94-04c1-424b-9868-57a2d4851a1d" relativeResultsDirectory="d9b7814b-f77f-4aa1-b9e1-2236f157c233">
    </UnitTestResult>
    <UnitTestResult executionId="ded4e742-7621-47e7-9fff-fcb2eae14605" testId="182de057-0bb2-6910-8abd-59fd672a3af3" testName="deberia_poder_agregar_alumnos_a_un_curso" computerName="MDS-RH-0002" duration="00:00:00.0187709" startTime="2013-02-07T21:43:44.9682133-03:00" endTime="2013-02-07T21:43:44.9902155-03:00" testType="13cdc9d9-ddb5-4fa4-a97d-d965ccfc6d4b" outcome="Passed" testListId="8c84fa94-04c1-424b-9868-57a2d4851a1d" relativeResultsDirectory="ded4e742-7621-47e7-9fff-fcb2eae14605">
    </UnitTestResult>
    <UnitTestResult executionId="d7b144b4-558b-4d49-ae40-8b5734fd41c3" testId="18a1cd9e-1ae4-3656-14a0-ac543707a055" testName="deberia_devolver_la_zona_Metro_con_dos_provincias_diferentes" computerName="MDS-RH-0002" duration="00:00:00.0054902" startTime="2013-02-07T21:43:44.9922157-03:00" endTime="2013-02-07T21:43:45.0012166-03:00" testType="13cdc9d9-ddb5-4fa4-a97d-d965ccfc6d4b" outcome="Passed" testListId="8c84fa94-04c1-424b-9868-57a2d4851a1d" relativeResultsDirectory="d7b144b4-558b-4d49-ae40-8b5734fd41c3">
    </UnitTestResult>
    <UnitTestResult executionId="b33abef5-48ad-4333-8e89-5025b2057e90" testId="1b646755-e25c-9dea-839f-b5f817062984" testName="deberia_poder_obtener_los_ids_de_las_entidades_seleccionadas" computerName="MDS-RH-0002" duration="00:00:00.0030250" startTime="2013-02-07T21:43:45.0042169-03:00" endTime="2013-02-07T21:43:45.0092174-03:00" testType="13cdc9d9-ddb5-4fa4-a97d-d965ccfc6d4b" outcome="Passed" testListId="8c84fa94-04c1-424b-9868-57a2d4851a1d" relativeResultsDirectory="b33abef5-48ad-4333-8e89-5025b2057e90">
    </UnitTestResult>
    <UnitTestResult executionId="30c4ed81-bc1e-4ff1-8313-e6b4f82ce1c1" testId="1bbef477-4f31-cfec-a6a8-6e1b0892c5f9" testName="deberia_devolver_region_METRO_con_BuenosAires_con_una_localidad" computerName="MDS-RH-0002" duration="00:00:00.0028479" startTime="2013-02-07T21:43:45.0122177-03:00" endTime="2013-02-07T21:43:45.0172182-03:00" testType="13cdc9d9-ddb5-4fa4-a97d-d965ccfc6d4b" outcome="Passed" testListId="8c84fa94-04c1-424b-9868-57a2d4851a1d" relativeResultsDirectory="30c4ed81-bc1e-4ff1-8313-e6b4f82ce1c1">
    </UnitTestResult>
    <UnitTestResult executionId="161e12c6-02bb-49e6-a474-eb43e660114e" testId="1f3c9d7b-63ee-b9a1-f8d0-46e85a0a6255" testName="deberia_poder_obtener_todos_los_tipos_de_documento_con_su_sigla" computerName="MDS-RH-0002" duration="00:00:00.0037356" startTime="2013-02-07T21:43:45.0182183-03:00" endTime="2013-02-07T21:43:45.0292194-03:00" testType="13cdc9d9-ddb5-4fa4-a97d-d965ccfc6d4b" outcome="Passed" testListId="8c84fa94-04c1-424b-9868-57a2d4851a1d" relativeResultsDirectory="161e12c6-02bb-49e6-a474-eb43e660114e">
    </UnitTestResult>
    <UnitTestResult executionId="a377f059-89a3-46fa-85ac-193b197b6ae1" testId="219a2093-b6f2-f229-ae69-0108da5c2d8d" testName="no_deberia_poder_guardarse_un_documento_sin_categoria" computerName="MDS-RH-0002" duration="00:00:00.0015825" startTime="2013-02-07T21:43:45.0312196-03:00" endTime="2013-02-07T21:43:45.0352200-03:00" testType="13cdc9d9-ddb5-4fa4-a97d-d965ccfc6d4b" outcome="Passed" testListId="8c84fa94-04c1-424b-9868-57a2d4851a1d" relativeResultsDirectory="a377f059-89a3-46fa-85ac-193b197b6ae1">
    </UnitTestResult>
    <UnitTestResult executionId="d07d9248-3703-42e1-8373-90d0d59eb6e2" testId="225e3e53-1987-0065-f209-06ded52d42cd" testName="al_solicitarle_todas_las_areas_inferiores_de_marta_deberia_traerme_faby_yfabyB" computerName="MDS-RH-0002" duration="00:00:00.0003699" startTime="2013-02-07T21:43:45.0372202-03:00" endTime="2013-02-07T21:43:45.0402205-03:00" testType="13cdc9d9-ddb5-4fa4-a97d-d965ccfc6d4b" outcome="Passed" testListId="8c84fa94-04c1-424b-9868-57a2d4851a1d" relativeResultsDirectory="d07d9248-3703-42e1-8373-90d0d59eb6e2">
    </UnitTestResult>
    <UnitTestResult executionId="e304be99-ff82-4c1b-9176-bd9f70d1fe8d" testId="22fef842-2be2-549e-28ca-decc4b2f83c4" testName="no_se_debe_permitir_crear_un_organigrama_donde_las_areas_y_las_dependencias_son_vacias" computerName="MDS-RH-0002" duration="00:00:00.0003811" startTime="2013-02-07T21:43:45.0412206-03:00" endTime="2013-02-07T21:43:45.0442209-03:00" testType="13cdc9d9-ddb5-4fa4-a97d-d965ccfc6d4b" outcome="Passed" testListId="8c84fa94-04c1-424b-9868-57a2d4851a1d" relativeResultsDirectory="e304be99-ff82-4c1b-9176-bd9f70d1fe8d">
    </UnitTestResult>
    <UnitTestResult executionId="edfa91c1-cfc3-455b-89db-d521e99f6c5a" testId="25415686-6584-7e2c-956a-c8ad4a11141c" testName="al_buscar_en_una_lista_de_áreas_por_Asistentes_de_área_a_Ana_debe_traer_dos_areas_donde_existen_dos_personas_llamadas_Ana_que_son_secreatarias_en_cada_area" computerName="MDS-RH-0002" duration="00:00:00.0046945" startTime="2013-02-07T21:43:45.0462211-03:00" endTime="2013-02-07T21:43:45.0542219-03:00" testType="13cdc9d9-ddb5-4fa4-a97d-d965ccfc6d4b" outcome="Passed" testListId="8c84fa94-04c1-424b-9868-57a2d4851a1d" relativeResultsDirectory="edfa91c1-cfc3-455b-89db-d521e99f6c5a">
    </UnitTestResult>
    <UnitTestResult executionId="524bb559-f8a5-4ec9-8cf7-b9883169724d" testId="2665ec77-f2c4-3c27-e75d-93d1cb83ce92" testName="se_le_deberia_poder_pedir_a_un_area_su_nombre_completo_con_el_alias" computerName="MDS-RH-0002" duration="00:00:00.0032725" startTime="2013-02-07T21:43:45.0552220-03:00" endTime="2013-02-07T21:43:45.0612226-03:00" testType="13cdc9d9-ddb5-4fa4-a97d-d965ccfc6d4b" outcome="Passed" testListId="8c84fa94-04c1-424b-9868-57a2d4851a1d" relativeResultsDirectory="524bb559-f8a5-4ec9-8cf7-b9883169724d">
    </UnitTestResult>
    <UnitTestResult executionId="b66d9406-39d0-4269-a9c7-d844c9c52605" testId="27563a31-6c9c-c1b2-7c6f-cfbc88311e88" testName="dado_a_quiero_b" computerName="MDS-RH-0002" duration="00:00:00.0013831" startTime="2013-02-07T21:43:45.0632228-03:00" endTime="2013-02-07T21:43:45.0672232-03:00" testType="13cdc9d9-ddb5-4fa4-a97d-d965ccfc6d4b" outcome="Passed" testListId="8c84fa94-04c1-424b-9868-57a2d4851a1d" relativeResultsDirectory="b66d9406-39d0-4269-a9c7-d844c9c52605">
    </UnitTestResult>
    <UnitTestResult executionId="9478c3dc-66c7-462e-b9f3-0defa7ae66a8" testId="27e6cdd1-0452-1cb1-16c4-7576bb6d0538" testName="deberia_poder_agregarle_cabeceras_de_columna_a_una_tabla" computerName="MDS-RH-0002" duration="00:00:00.0016942" startTime="2013-02-07T21:43:45.0692234-03:00" endTime="2013-02-07T21:43:45.0732238-03:00" testType="13cdc9d9-ddb5-4fa4-a97d-d965ccfc6d4b" outcome="Passed" testListId="8c84fa94-04c1-424b-9868-57a2d4851a1d" relativeResultsDirectory="9478c3dc-66c7-462e-b9f3-0defa7ae66a8">
    </UnitTestResult>
    <UnitTestResult executionId="6364e033-7b23-4303-80e9-53a3661dd961" testId="28a4ad86-b0f5-734b-2ffb-1771c0cae12f" testName="deberia_traer_viaticos_que_esten_de_la_areas_939_54_16_de_la_provincia_CORDOBA_SALTA_perido_011012_al_261012" computerName="MDS-RH-0002" duration="00:00:00.0108269" startTime="2013-02-07T21:43:45.0752240-03:00" endTime="2013-02-07T21:43:45.0892254-03:00" testType="13cdc9d9-ddb5-4fa4-a97d-d965ccfc6d4b" outcome="Passed" testListId="8c84fa94-04c1-424b-9868-57a2d4851a1d" relativeResultsDirectory="6364e033-7b23-4303-80e9-53a3661dd961">
    </UnitTestResult>
    <UnitTestResult executionId="059bf85a-a5d0-451d-8414-661e6db7321d" testId="2a085327-6b89-00de-3f93-60ecccb235b6" testName="deberia_poder_tener_los_checkboxes_seleccionados_de_un_request" computerName="MDS-RH-0002" duration="00:00:00.0003372" startTime="2013-02-07T21:43:45.0902255-03:00" endTime="2013-02-07T21:43:45.0942259-03:00" testType="13cdc9d9-ddb5-4fa4-a97d-d965ccfc6d4b" outcome="Passed" testListId="8c84fa94-04c1-424b-9868-57a2d4851a1d" relativeResultsDirectory="059bf85a-a5d0-451d-8414-661e6db7321d">
    </UnitTestResult>
    <UnitTestResult executionId="9719f363-a81d-41b3-b851-fdcdd3cf9533" testId="2ba1906f-7dc1-cbb6-5d44-2eaa074ee001" testName="deberia_traer_las_personas_que_mas_solicitaron_viaticos_en_011012_261012" computerName="MDS-RH-0002" duration="00:00:00.0047434" startTime="2013-02-07T21:43:45.0962261-03:00" endTime="2013-02-07T21:43:45.1032268-03:00" testType="13cdc9d9-ddb5-4fa4-a97d-d965ccfc6d4b" outcome="Passed" testListId="8c84fa94-04c1-424b-9868-57a2d4851a1d" relativeResultsDirectory="9719f363-a81d-41b3-b851-fdcdd3cf9533">
    </UnitTestResult>
    <UnitTestResult executionId="17d744dd-70ad-488e-a666-398ec67d80e0" testId="2c561612-6ace-d4f5-3ea0-2b63589d272c" testName="fabian_deberia_tener_solo_un_area_con_un_asistente" computerName="MDS-RH-0002" duration="00:00:00.0090103" startTime="2013-02-07T21:43:45.1052270-03:00" endTime="2013-02-07T21:43:45.1172282-03:00" testType="13cdc9d9-ddb5-4fa4-a97d-d965ccfc6d4b" outcome="Passed" testListId="8c84fa94-04c1-424b-9868-57a2d4851a1d" relativeResultsDirectory="17d744dd-70ad-488e-a666-398ec67d80e0">
    </UnitTestResult>
    <UnitTestResult executionId="18ffdfde-d74c-4a62-b426-7f7aa0bf90ea" testId="2d0a6e94-8989-8cc3-e286-44dd8a2f688e" testName="deberia_poder_crear_un_checkbox_con_id_segun_la_entidad" computerName="MDS-RH-0002" duration="00:00:00.0003664" startTime="2013-02-07T21:43:45.1192284-03:00" endTime="2013-02-07T21:43:45.1242289-03:00" testType="13cdc9d9-ddb5-4fa4-a97d-d965ccfc6d4b" outcome="Passed" testListId="8c84fa94-04c1-424b-9868-57a2d4851a1d" relativeResultsDirectory="18ffdfde-d74c-4a62-b426-7f7aa0bf90ea">
    </UnitTestResult>
    <UnitTestResult executionId="c202249a-8706-47e9-a64a-f1cb2a9d4d78" testId="2ddded08-79a3-ad3a-b587-dfc68dd5b5f5" testName="deberia_poder_validar_si_un_objeto_es_nulo" computerName="MDS-RH-0002" duration="00:00:00.0004692" startTime="2013-02-07T21:43:45.1262291-03:00" endTime="2013-02-07T21:43:45.1292294-03:00" testType="13cdc9d9-ddb5-4fa4-a97d-d965ccfc6d4b" outcome="Passed" testListId="8c84fa94-04c1-424b-9868-57a2d4851a1d" relativeResultsDirectory="c202249a-8706-47e9-a64a-f1cb2a9d4d78">
    </UnitTestResult>
    <UnitTestResult executionId="b5f6cba1-7074-465e-a07c-0aa2c6c9440b" testId="2eba2d30-d0c9-d10d-cb9f-e198704cb8fa" testName="fabian_deberia_tener_solo_acceso_a_viaticos" computerName="MDS-RH-0002" duration="00:00:00.0059926" startTime="2013-02-07T21:43:45.1312296-03:00" endTime="2013-02-07T21:43:45.1392304-03:00" testType="13cdc9d9-ddb5-4fa4-a97d-d965ccfc6d4b" outcome="Passed" testListId="8c84fa94-04c1-424b-9868-57a2d4851a1d" relativeResultsDirectory="b5f6cba1-7074-465e-a07c-0aa2c6c9440b">
    </UnitTestResult>
    <UnitTestResult executionId="57d4be4f-8d7c-433a-b822-2c7a2a6d7378" testId="33728143-431e-2f80-b4cd-e190171f9673" testName="deberia_traer_4_areas_con_los_datos_de_contacto_de_la_mismas" computerName="MDS-RH-0002" duration="00:00:00.0197314" startTime="2013-02-07T21:43:45.1412306-03:00" endTime="2013-02-07T21:43:45.1632328-03:00" testType="13cdc9d9-ddb5-4fa4-a97d-d965ccfc6d4b" outcome="Passed" testListId="8c84fa94-04c1-424b-9868-57a2d4851a1d" relativeResultsDirectory="57d4be4f-8d7c-433a-b822-2c7a2a6d7378">
    </UnitTestResult>
    <UnitTestResult executionId="06aec929-e67d-4837-a7af-a0b5dde053a6" testId="363f19a2-0f65-4da3-ffe2-9ae3bd940a9f" testName="deberia_crear_una_tabla_con_id_y_un_valor_99" computerName="MDS-RH-0002" duration="00:00:00.0005955" startTime="2013-02-07T21:43:45.1652330-03:00" endTime="2013-02-07T21:43:45.1682333-03:00" testType="13cdc9d9-ddb5-4fa4-a97d-d965ccfc6d4b" outcome="Passed" testListId="8c84fa94-04c1-424b-9868-57a2d4851a1d" relativeResultsDirectory="06aec929-e67d-4837-a7af-a0b5dde053a6">
    </UnitTestResult>
    <UnitTestResult executionId="6318baf1-948e-4b8d-b4b1-990cea9f2a54" testId="3667ca38-1ee0-0f59-2de9-55990d91ad13" testName="deberia_traer_inasistencias_de_un_alumno_para_un_mes" computerName="MDS-RH-0002" duration="00:00:00.0021484" startTime="2013-02-07T21:43:45.1702335-03:00" endTime="2013-02-07T21:43:45.1752340-03:00" testType="13cdc9d9-ddb5-4fa4-a97d-d965ccfc6d4b" outcome="Passed" testListId="8c84fa94-04c1-424b-9868-57a2d4851a1d" relativeResultsDirectory="6318baf1-948e-4b8d-b4b1-990cea9f2a54">
    </UnitTestResult>
    <UnitTestResult executionId="40af5b12-806d-432c-8c15-55c046fa3c16" testId="37d066c6-a6d7-b11a-9516-f3f197d5e44d" testName="deberia_poder_tener_un_null_como_primer_valor_de_una_columna" computerName="MDS-RH-0002" duration="00:00:00.0018481" startTime="2013-02-07T21:43:45.1772342-03:00" endTime="2013-02-07T21:43:45.1822347-03:00" testType="13cdc9d9-ddb5-4fa4-a97d-d965ccfc6d4b" outcome="Passed" testListId="8c84fa94-04c1-424b-9868-57a2d4851a1d" relativeResultsDirectory="40af5b12-806d-432c-8c15-55c046fa3c16">
    </UnitTestResult>
    <UnitTestResult executionId="c8619cae-f826-40eb-b8e4-bd2a11093123" testId="38a50315-78cc-f677-cc67-a33e14f1587e" testName="deberia_poder_obtener_todos_los_documentos" computerName="MDS-RH-0002" duration="00:00:00.0103750" startTime="2013-02-07T21:43:45.1832348-03:00" endTime="2013-02-07T21:43:45.1962361-03:00" testType="13cdc9d9-ddb5-4fa4-a97d-d965ccfc6d4b" outcome="Passed" testListId="8c84fa94-04c1-424b-9868-57a2d4851a1d" relativeResultsDirectory="c8619cae-f826-40eb-b8e4-bd2a11093123">
    </UnitTestResult>
    <UnitTestResult executionId="2e9230f9-f508-4dd6-92b0-9226216f9a7e" testId="39ba617e-74b7-ac1c-65b2-4df024e2d4e4" testName="al_buscar_en_una_lista_de_áreas_por_Asistentes_de_área_a_María_debe_traer_el_area_de_RRHH_donde_María_es_secretaria" computerName="MDS-RH-0002" duration="00:00:00.0007345" startTime="2013-02-07T21:43:45.1982363-03:00" endTime="2013-02-07T21:43:45.2022367-03:00" testType="13cdc9d9-ddb5-4fa4-a97d-d965ccfc6d4b" outcome="Passed" testListId="8c84fa94-04c1-424b-9868-57a2d4851a1d" relativeResultsDirectory="2e9230f9-f508-4dd6-92b0-9226216f9a7e">
    </UnitTestResult>
    <UnitTestResult executionId="fa667560-d54e-4662-98a2-86e01fb5a1eb" testId="3c877ef7-ef07-0820-9e58-ae76fdaedfb0" testName="al_buscar_en_una_lista_de_áreas_un_fax_devuelve_todos_las_áreas_cuyo_fax_de_asistente_o_responsable_o_area_contiene_el_texto_buscado" computerName="MDS-RH-0002" duration="00:00:00.0016761" startTime="2013-02-07T21:43:45.2032368-03:00" endTime="2013-02-07T21:43:45.2082373-03:00" testType="13cdc9d9-ddb5-4fa4-a97d-d965ccfc6d4b" outcome="Passed" testListId="8c84fa94-04c1-424b-9868-57a2d4851a1d" relativeResultsDirectory="fa667560-d54e-4662-98a2-86e01fb5a1eb">
    </UnitTestResult>
    <UnitTestResult executionId="2a2806b7-bdc8-454a-97bd-5d1ecd311971" testId="410ae35c-c491-52ff-8ca7-16593197aa91" testName="deberia_poder_obtener_un_viatico_sin_estadias_pasajes_ni_transiciones" computerName="MDS-RH-0002" duration="00:00:00.0082627" startTime="2013-02-07T21:43:45.2092374-03:00" endTime="2013-02-07T21:43:45.2212386-03:00" testType="13cdc9d9-ddb5-4fa4-a97d-d965ccfc6d4b" outcome="Passed" testListId="8c84fa94-04c1-424b-9868-57a2d4851a1d" relativeResultsDirectory="2a2806b7-bdc8-454a-97bd-5d1ecd311971">
    </UnitTestResult>
    <UnitTestResult executionId="442e2003-a3aa-4a78-bfa0-415755d4e411" testId="42e7e5a9-27d6-1424-520a-64446a479ac2" testName="deberia_poder_actuailzar_un_documento" computerName="MDS-RH-0002" duration="00:00:00.0058513" startTime="2013-02-07T21:43:45.2222387-03:00" endTime="2013-02-07T21:43:45.2312396-03:00" testType="13cdc9d9-ddb5-4fa4-a97d-d965ccfc6d4b" outcome="Passed" testListId="8c84fa94-04c1-424b-9868-57a2d4851a1d" relativeResultsDirectory="442e2003-a3aa-4a78-bfa0-415755d4e411">
    </UnitTestResult>
    <UnitTestResult executionId="dfa56487-489b-4387-ba36-f330cc0c5652" testId="43bddf17-fba3-4d54-a157-cfcf7797ee39" testName="al_buscar_en_una_lista_de_áreas_un_email_devuelve_todos_las_áreas_cuyo_email_de_asistente_o_responsable_o_area_contiene_el_texto_buscado" computerName="MDS-RH-0002" duration="00:00:00.0014759" startTime="2013-02-07T21:43:45.2332398-03:00" endTime="2013-02-07T21:43:45.2372402-03:00" testType="13cdc9d9-ddb5-4fa4-a97d-d965ccfc6d4b" outcome="Passed" testListId="8c84fa94-04c1-424b-9868-57a2d4851a1d" relativeResultsDirectory="dfa56487-489b-4387-ba36-f330cc0c5652">
    </UnitTestResult>
    <UnitTestResult executionId="6c4bd0af-c35f-46f0-9ea6-20a0944e48e7" testId="43da4eae-d92c-9ac3-0f26-5e5600a67e90" testName="el_circuito_deberia_por_default_subir_por_el_organigrama_a_menos_que_haya_una_excepcion" computerName="MDS-RH-0002" duration="00:00:00.0036528" startTime="2013-02-07T21:43:45.2392404-03:00" endTime="2013-02-07T21:43:45.2462411-03:00" testType="13cdc9d9-ddb5-4fa4-a97d-d965ccfc6d4b" outcome="Passed" testListId="8c84fa94-04c1-424b-9868-57a2d4851a1d" relativeResultsDirectory="6c4bd0af-c35f-46f0-9ea6-20a0944e48e7">
    </UnitTestResult>
    <UnitTestResult executionId="bf84cbd6-e1b0-4bdf-8fe6-221f14704ec7" testId="44b05242-b475-4635-6cec-78ec052b2688" testName="al_solicitarle_las_areas_inferiores_al_area_de_Marta_debe_traer_solo_la_de_Faby" computerName="MDS-RH-0002" duration="00:00:00.0003048" startTime="2013-02-07T21:43:45.2472412-03:00" endTime="2013-02-07T21:43:45.2502415-03:00" testType="13cdc9d9-ddb5-4fa4-a97d-d965ccfc6d4b" outcome="Passed" testListId="8c84fa94-04c1-424b-9868-57a2d4851a1d" relativeResultsDirectory="bf84cbd6-e1b0-4bdf-8fe6-221f14704ec7">
    </UnitTestResult>
    <UnitTestResult executionId="e9ff1dec-580c-4935-8d77-dfe1d511c5d3" testId="46d9bce1-2d0e-1aa8-e89e-b40f37783359" testName="deberia_poder_decirle_a_un_repositorio_que_use_una_conexion_que_no_devuelve_nada" computerName="MDS-RH-0002" duration="00:00:00.0033040" startTime="2013-02-07T21:43:45.2522417-03:00" endTime="2013-02-07T21:43:45.2582423-03:00" testType="13cdc9d9-ddb5-4fa4-a97d-d965ccfc6d4b" outcome="Passed" testListId="8c84fa94-04c1-424b-9868-57a2d4851a1d" relativeResultsDirectory="e9ff1dec-580c-4935-8d77-dfe1d511c5d3">
    </UnitTestResult>
    <UnitTestResult executionId="d1e61d9d-5524-45ba-9b99-d153fdc3c201" testId="477414b1-9ac6-06f2-392d-c549405cd3f3" testName="cuando_se_solicita_la_lista_de_todas_las_áreas_superiores_de_un_área_debe_devolver_una_lista_vacía" computerName="MDS-RH-0002" duration="00:00:00.0004342" startTime="2013-02-07T21:43:45.2612426-03:00" endTime="2013-02-07T21:43:45.2642429-03:00" testType="13cdc9d9-ddb5-4fa4-a97d-d965ccfc6d4b" outcome="Passed" testListId="8c84fa94-04c1-424b-9868-57a2d4851a1d" relativeResultsDirectory="d1e61d9d-5524-45ba-9b99-d153fdc3c201">
    </UnitTestResult>
    <UnitTestResult executionId="bca70bff-743f-42c2-bd17-3959395d0eb7" testId="4793d588-4a8f-7915-87f2-c97c11507ad4" testName="deberia_devolver_una_fecha" computerName="MDS-RH-0002" duration="00:00:00.0020930" startTime="2013-02-07T21:43:45.2662431-03:00" endTime="2013-02-07T21:43:45.2842449-03:00" testType="13cdc9d9-ddb5-4fa4-a97d-d965ccfc6d4b" outcome="Passed" testListId="8c84fa94-04c1-424b-9868-57a2d4851a1d" relativeResultsDirectory="bca70bff-743f-42c2-bd17-3959395d0eb7">
    </UnitTestResult>
    <UnitTestResult executionId="24a678f7-bc3f-4c5c-93f1-b14e2a555975" testId="4a850093-e479-3127-1dc5-d67d3a9e4d1b" testName="fabian_deberia_tener_un_area_con_solo_un_asistente" computerName="MDS-RH-0002" duration="00:00:00.0090981" startTime="2013-02-07T21:43:45.2862451-03:00" endTime="2013-02-07T21:43:45.2982463-03:00" testType="13cdc9d9-ddb5-4fa4-a97d-d965ccfc6d4b" outcome="Passed" testListId="8c84fa94-04c1-424b-9868-57a2d4851a1d" relativeResultsDirectory="24a678f7-bc3f-4c5c-93f1-b14e2a555975">
    </UnitTestResult>
    <UnitTestResult executionId="86e712ba-d8c1-41a8-a328-b71ed5a67a57" testId="4bc081ab-bd87-c7e6-2e9a-ea9029e80e8b" testName="dado_aaa999_debe_ser_aab000" computerName="MDS-RH-0002" duration="00:00:00.0002024" startTime="2013-02-07T21:43:45.2992464-03:00" endTime="2013-02-07T21:43:45.3032468-03:00" testType="13cdc9d9-ddb5-4fa4-a97d-d965ccfc6d4b" outcome="Passed" testListId="8c84fa94-04c1-424b-9868-57a2d4851a1d" relativeResultsDirectory="86e712ba-d8c1-41a8-a328-b71ed5a67a57">
    </UnitTestResult>
    <UnitTestResult executionId="9e956743-aa76-4ae1-8a25-dca8b300d292" testId="5188b3d7-a77a-3054-7bc5-b06591dc325c" testName="al_preguntarle_en_que_area_esta_un_documeto_deberia_decirme_" computerName="MDS-RH-0002" duration="00:00:00.0047650" startTime="2013-02-07T21:43:45.3042469-03:00" endTime="2013-02-07T21:43:45.3122477-03:00" testType="13cdc9d9-ddb5-4fa4-a97d-d965ccfc6d4b" outcome="Passed" testListId="8c84fa94-04c1-424b-9868-57a2d4851a1d" relativeResultsDirectory="9e956743-aa76-4ae1-8a25-dca8b300d292">
    </UnitTestResult>
    <UnitTestResult executionId="9fc3fdcb-05ed-46ab-9a6a-f964c8b25382" testId="53e1544f-a9d2-75aa-fac6-a61041be5fb7" testName="dado_un_curso_que_se_cursa_lunes_y_jueves_cuando_le_pregunto_cuantos_dias_de_cursada_hay_en_la_primer_quincena_de_enero_me_dice_4" computerName="MDS-RH-0002" duration="00:00:00.0013130" startTime="2013-02-07T21:43:45.3132478-03:00" endTime="2013-02-07T21:43:45.3172482-03:00" testType="13cdc9d9-ddb5-4fa4-a97d-d965ccfc6d4b" outcome="Passed" testListId="8c84fa94-04c1-424b-9868-57a2d4851a1d" relativeResultsDirectory="9fc3fdcb-05ed-46ab-9a6a-f964c8b25382">
    </UnitTestResult>
    <UnitTestResult executionId="daf08f08-895c-4a1d-acd1-6225cb5d00b5" testId="57d98f0d-6038-69c7-9b96-75f22dd0e9dd" testName="deberia_traer_4_viaticos" computerName="MDS-RH-0002" duration="00:00:00.0587927" startTime="2013-02-07T21:43:45.3202485-03:00" endTime="2013-02-07T21:43:45.3822547-03:00" testType="13cdc9d9-ddb5-4fa4-a97d-d965ccfc6d4b" outcome="Passed" testListId="8c84fa94-04c1-424b-9868-57a2d4851a1d" relativeResultsDirectory="daf08f08-895c-4a1d-acd1-6225cb5d00b5">
    </UnitTestResult>
    <UnitTestResult executionId="456db6ab-eb07-421d-9079-f49608217d0b" testId="59ff1f84-feae-06d2-b4cb-39b785e26703" testName="deberia_traer_viaticos_que_esten_pendientes_del_area_939_y__perido_011012_al_261012" computerName="MDS-RH-0002" duration="00:00:00.0033333" startTime="2013-02-07T21:43:45.3832548-03:00" endTime="2013-02-07T21:43:45.3892554-03:00" testType="13cdc9d9-ddb5-4fa4-a97d-d965ccfc6d4b" outcome="Passed" testListId="8c84fa94-04c1-424b-9868-57a2d4851a1d" relativeResultsDirectory="456db6ab-eb07-421d-9079-f49608217d0b">
    </UnitTestResult>
    <UnitTestResult executionId="b69fdeea-5cf3-47d5-9eb3-8e0c57cae7f4" testId="5b690971-fd71-4f11-40a9-1c85ffb21c38" testName="al_buscar_por_una_categoria_de_documento_debe_traer_todos_los_documentos_que_cumplen_con_ello" computerName="MDS-RH-0002" duration="00:00:00.0017353" startTime="2013-02-07T21:43:45.3922557-03:00" endTime="2013-02-07T21:43:45.3972562-03:00" testType="13cdc9d9-ddb5-4fa4-a97d-d965ccfc6d4b" outcome="Passed" testListId="8c84fa94-04c1-424b-9868-57a2d4851a1d" relativeResultsDirectory="b69fdeea-5cf3-47d5-9eb3-8e0c57cae7f4">
    </UnitTestResult>
    <UnitTestResult executionId="242c9308-ba1e-4713-a524-1658930824a0" testId="5d6cb36d-d345-b7c7-27f1-f7052ce8d166" testName="dado_un_area_quiero_saber_direccion_telefono_y_mail_del_area" computerName="MDS-RH-0002" duration="00:00:00.0003541" startTime="2013-02-07T21:43:45.3982563-03:00" endTime="2013-02-07T21:43:45.4022567-03:00" testType="13cdc9d9-ddb5-4fa4-a97d-d965ccfc6d4b" outcome="Passed" testListId="8c84fa94-04c1-424b-9868-57a2d4851a1d" relativeResultsDirectory="242c9308-ba1e-4713-a524-1658930824a0">
    </UnitTestResult>
    <UnitTestResult executionId="afa605c5-c774-43da-83e9-938e55f053f6" testId="60936b2d-9f38-488c-d3bd-319a17b5f6ba" testName="deberia_devolver_la_zona_Metro_con_una_localidad_y_la_zona_Patagonia_con_una_localidad" computerName="MDS-RH-0002" duration="00:00:00.0033622" startTime="2013-02-07T21:43:45.4032568-03:00" endTime="2013-02-07T21:43:45.4102575-03:00" testType="13cdc9d9-ddb5-4fa4-a97d-d965ccfc6d4b" outcome="Passed" testListId="8c84fa94-04c1-424b-9868-57a2d4851a1d" relativeResultsDirectory="afa605c5-c774-43da-83e9-938e55f053f6">
    </UnitTestResult>
    <UnitTestResult executionId="3572dd12-f27a-45c6-b0ce-c66e5b1bb8db" testId="60b34790-3c9e-803c-efa2-bf0100cd18fd" testName="el_filtro_por_numero_de_ticket_debe_ser_case_insensitive" computerName="MDS-RH-0002" duration="00:00:00.0004696" startTime="2013-02-07T21:43:45.4122577-03:00" endTime="2013-02-07T21:43:45.4152580-03:00" testType="13cdc9d9-ddb5-4fa4-a97d-d965ccfc6d4b" outcome="Passed" testListId="8c84fa94-04c1-424b-9868-57a2d4851a1d" relativeResultsDirectory="3572dd12-f27a-45c6-b0ce-c66e5b1bb8db">
    </UnitTestResult>
    <UnitTestResult executionId="4e0d9382-e18e-472a-ab03-28d41237872f" testId="60d191e8-f802-0c16-9722-35844f243666" testName="al_buscar_en_una_lista_de_áreas_una_parte_de_telefono_devuelve_todos_las_áreas_cuyo_telefono_de_asistente_o_responsable_o_area_contiene_el_texto_buscado" computerName="MDS-RH-0002" duration="00:00:00.0014747" startTime="2013-02-07T21:43:45.4162581-03:00" endTime="2013-02-07T21:43:45.4202585-03:00" testType="13cdc9d9-ddb5-4fa4-a97d-d965ccfc6d4b" outcome="Passed" testListId="8c84fa94-04c1-424b-9868-57a2d4851a1d" relativeResultsDirectory="4e0d9382-e18e-472a-ab03-28d41237872f">
    </UnitTestResult>
    <UnitTestResult executionId="5ffb9aa4-fd6b-40b1-9b0b-4512ceeac5cd" testId="6325cb50-8252-7333-a10e-129eb61d4a7d" testName="deberia_crear_una_tabla_con_nombre_y_un_valor_Juan" computerName="MDS-RH-0002" duration="00:00:00.0009131" startTime="2013-02-07T21:43:45.4222587-03:00" endTime="2013-02-07T21:43:45.4262591-03:00" testType="13cdc9d9-ddb5-4fa4-a97d-d965ccfc6d4b" outcome="Passed" testListId="8c84fa94-04c1-424b-9868-57a2d4851a1d" relativeResultsDirectory="5ffb9aa4-fd6b-40b1-9b0b-4512ceeac5cd">
    </UnitTestResult>
    <UnitTestResult executionId="793f0c58-c9ff-426e-a2af-27a8ed9b80de" testId="64afcefc-8af6-fc70-4ea7-766fc65f6c46" testName="al_buscar_en_una_lista_de_áreas_un_email_devuelve_dos_emails__uno_de_asistente_y_otro_de_area__que_contienen_el_texto_buscado" computerName="MDS-RH-0002" duration="00:00:00.0007479" startTime="2013-02-07T21:43:45.4282593-03:00" endTime="2013-02-07T21:43:45.4312596-03:00" testType="13cdc9d9-ddb5-4fa4-a97d-d965ccfc6d4b" outcome="Passed" testListId="8c84fa94-04c1-424b-9868-57a2d4851a1d" relativeResultsDirectory="793f0c58-c9ff-426e-a2af-27a8ed9b80de">
    </UnitTestResult>
    <UnitTestResult executionId="198eeeac-4173-41e6-89e5-2988c12d7410" testId="6892221f-5432-520c-a667-6f10f84f4898" testName="dado_un_area_quiero_obtener_todos_los_asistentes_y_sus_datos_de_contacto" computerName="MDS-RH-0002" duration="00:00:00.0010336" startTime="2013-02-07T21:43:45.4332598-03:00" endTime="2013-02-07T21:43:45.4362601-03:00" testType="13cdc9d9-ddb5-4fa4-a97d-d965ccfc6d4b" outcome="Passed" testListId="8c84fa94-04c1-424b-9868-57a2d4851a1d" relativeResultsDirectory="198eeeac-4173-41e6-89e5-2988c12d7410">
    </UnitTestResult>
    <UnitTestResult executionId="f17f9633-99bf-4a5a-87c4-36504e0b6e2d" testId="68c724fc-1912-d9ac-d786-b1e6bb6c0994" testName="Un_organigrama_deberia_poder_decirme_todas_las_areas_inferiores_inmediatas_a_un_area_dada_con_muchas_areas" computerName="MDS-RH-0002" duration="00:00:00.0002790" startTime="2013-02-07T21:43:45.4382603-03:00" endTime="2013-02-07T21:43:45.4412606-03:00" testType="13cdc9d9-ddb5-4fa4-a97d-d965ccfc6d4b" outcome="Passed" testListId="8c84fa94-04c1-424b-9868-57a2d4851a1d" relativeResultsDirectory="f17f9633-99bf-4a5a-87c4-36504e0b6e2d">
    </UnitTestResult>
    <UnitTestResult executionId="5ef63728-3f4a-4074-b717-48a69d2d47cd" testId="696fca9c-b0b6-7ef6-000f-fc7546a49832" testName="al_buscar_en_una_lista_de_áreas_una_dirección_devuelve_todos_las_áreas_cuyo_domicilio_contiene_el_texto_buscado" computerName="MDS-RH-0002" duration="00:00:00.0006328" startTime="2013-02-07T21:43:45.4432608-03:00" endTime="2013-02-07T21:43:45.4462611-03:00" testType="13cdc9d9-ddb5-4fa4-a97d-d965ccfc6d4b" outcome="Passed" testListId="8c84fa94-04c1-424b-9868-57a2d4851a1d" relativeResultsDirectory="5ef63728-3f4a-4074-b717-48a69d2d47cd">
    </UnitTestResult>
    <UnitTestResult executionId="b752bc08-61d6-45c4-98ad-c043e45570d1" testId="6a69abda-dfaa-a679-b661-02cd5293c0bd" testName="no_deberia_permitir_pasarse_de_z" computerName="MDS-RH-0002" duration="00:00:00.0005943" startTime="2013-02-07T21:43:45.4482613-03:00" endTime="2013-02-07T21:43:45.4512616-03:00" testType="13cdc9d9-ddb5-4fa4-a97d-d965ccfc6d4b" outcome="Passed" testListId="8c84fa94-04c1-424b-9868-57a2d4851a1d" relativeResultsDirectory="b752bc08-61d6-45c4-98ad-c043e45570d1">
    </UnitTestResult>
    <UnitTestResult executionId="06f4c23a-b3c6-4ea7-a093-b1707c497b02" testId="6e2099d5-ff03-21ed-7c09-0bc58519434c" testName="deberia_poder_validar_si_un_objeto_esta_en_una_coleccion" computerName="MDS-RH-0002" duration="00:00:00.0003129" startTime="2013-02-07T21:43:45.4522617-03:00" endTime="2013-02-07T21:43:45.4552620-03:00" testType="13cdc9d9-ddb5-4fa4-a97d-d965ccfc6d4b" outcome="Passed" testListId="8c84fa94-04c1-424b-9868-57a2d4851a1d" relativeResultsDirectory="06f4c23a-b3c6-4ea7-a093-b1707c497b02">
    </UnitTestResult>
    <UnitTestResult executionId="458cab79-9168-4c1b-a841-925f5ffcf075" testId="6f525a40-dadd-7cc4-eb37-95f1d91a14c9" testName="deberia_agregar_una_asistencia_a_un_alumno_para_una_planilla_que_esta_en_un_curso" computerName="MDS-RH-0002" duration="00:00:00.0013731" startTime="2013-02-07T21:43:45.4572622-03:00" endTime="2013-02-07T21:43:45.4612626-03:00" testType="13cdc9d9-ddb5-4fa4-a97d-d965ccfc6d4b" outcome="Passed" testListId="8c84fa94-04c1-424b-9868-57a2d4851a1d" relativeResultsDirectory="458cab79-9168-4c1b-a841-925f5ffcf075">
    </UnitTestResult>
    <UnitTestResult executionId="a1048ba5-b058-4452-a2b2-10a171b44428" testId="71dbce06-b24d-82d9-d3a9-b8664de5dbbb" testName="deberia_crear_una_tabla_con_id_y_descripcion" computerName="MDS-RH-0002" duration="00:00:00.0005847" startTime="2013-02-07T21:43:45.4632628-03:00" endTime="2013-02-07T21:43:45.4662631-03:00" testType="13cdc9d9-ddb5-4fa4-a97d-d965ccfc6d4b" outcome="Passed" testListId="8c84fa94-04c1-424b-9868-57a2d4851a1d" relativeResultsDirectory="a1048ba5-b058-4452-a2b2-10a171b44428">
    </UnitTestResult>
    <UnitTestResult executionId="377b59bb-e2b3-4379-a74c-009e8ed0ba88" testId="72c59001-deaf-0f88-ce47-97c9b2e78292" testName="si_un_area_no_tiene_alias_deberia_devolver_el_nombre_completo_sin_alias" computerName="MDS-RH-0002" duration="00:00:00.0004107" startTime="2013-02-07T21:43:45.4682633-03:00" endTime="2013-02-07T21:43:45.4732638-03:00" testType="13cdc9d9-ddb5-4fa4-a97d-d965ccfc6d4b" outcome="Passed" testListId="8c84fa94-04c1-424b-9868-57a2d4851a1d" relativeResultsDirectory="377b59bb-e2b3-4379-a74c-009e8ed0ba88">
    </UnitTestResult>
    <UnitTestResult executionId="4eb9227c-6c7f-45ef-b73c-293dbb3a858e" testId="73696332-8582-b3f8-3487-a0e8978d60e1" testName="deberia_devolver_los_saltos_por_excepcion" computerName="MDS-RH-0002" duration="00:00:00.0045852" startTime="2013-02-07T21:43:45.4772642-03:00" endTime="2013-02-07T21:43:45.4842649-03:00" testType="13cdc9d9-ddb5-4fa4-a97d-d965ccfc6d4b" outcome="Passed" testListId="8c84fa94-04c1-424b-9868-57a2d4851a1d" relativeResultsDirectory="4eb9227c-6c7f-45ef-b73c-293dbb3a858e">
    </UnitTestResult>
    <UnitTestResult executionId="6bb9ad64-09d1-4478-947e-7b09efe842db" testId="74b1b58c-e814-5670-35a0-d1446a9967fd" testName="no_se_debe_permitir_crear_un_organigrama_donde_un_hijo_tenga_dos_areas_padres" computerName="MDS-RH-0002" duration="00:00:00.0003922" startTime="2013-02-07T21:43:45.4862651-03:00" endTime="2013-02-07T21:43:45.4902655-03:00" testType="13cdc9d9-ddb5-4fa4-a97d-d965ccfc6d4b" outcome="Passed" testListId="8c84fa94-04c1-424b-9868-57a2d4851a1d" relativeResultsDirectory="6bb9ad64-09d1-4478-947e-7b09efe842db">
    </UnitTestResult>
    <UnitTestResult executionId="26a95e52-7a5e-4fae-b9d9-0d1fac9412ba" testId="751e279c-34dc-9434-036d-cf7c6e4fd783" testName="no_deberia_poder_tener_un_documento_sin_categoria" computerName="MDS-RH-0002" duration="00:00:00.0004838" startTime="2013-02-07T21:43:45.4912656-03:00" endTime="2013-02-07T21:43:45.4952660-03:00" testType="13cdc9d9-ddb5-4fa4-a97d-d965ccfc6d4b" outcome="Passed" testListId="8c84fa94-04c1-424b-9868-57a2d4851a1d" relativeResultsDirectory="26a95e52-7a5e-4fae-b9d9-0d1fac9412ba">
    </UnitTestResult>
    <UnitTestResult executionId="2062bce0-3352-4486-867b-27b035c2c844" testId="757e1e4a-ca0e-7dc8-c1f0-7e6c91ba8ea0" testName="deberia_poder_validar_si_un_objeto_no_esta_en_una_coleccion" computerName="MDS-RH-0002" duration="00:00:00.0003857" startTime="2013-02-07T21:43:45.4962661-03:00" endTime="2013-02-07T21:43:45.4992664-03:00" testType="13cdc9d9-ddb5-4fa4-a97d-d965ccfc6d4b" outcome="Passed" testListId="8c84fa94-04c1-424b-9868-57a2d4851a1d" relativeResultsDirectory="2062bce0-3352-4486-867b-27b035c2c844">
    </UnitTestResult>
    <UnitTestResult executionId="a48ed6fb-5b1f-4a3f-af3e-d024b4d21be9" testId="76c47d34-63a4-0479-90e7-a8d089e0dd93" testName="el_repositorio_deberia_crear_una_mensajeria_con_sus_transiciones" computerName="MDS-RH-0002" duration="00:00:00.0104954" startTime="2013-02-07T21:43:45.5012666-03:00" endTime="2013-02-07T21:43:45.5152680-03:00" testType="13cdc9d9-ddb5-4fa4-a97d-d965ccfc6d4b" outcome="Passed" testListId="8c84fa94-04c1-424b-9868-57a2d4851a1d" relativeResultsDirectory="a48ed6fb-5b1f-4a3f-af3e-d024b4d21be9">
    </UnitTestResult>
    <UnitTestResult executionId="9276211a-4e94-4e96-8a2c-db9790c8df98" testId="77c82c9f-520d-04a5-8c33-19a0d6332eaa" testName="el_circuito_deberia_por_default_subir_por_el_organigrama" computerName="MDS-RH-0002" duration="00:00:00.0003453" startTime="2013-02-07T21:43:45.5172682-03:00" endTime="2013-02-07T21:43:45.5202685-03:00" testType="13cdc9d9-ddb5-4fa4-a97d-d965ccfc6d4b" outcome="Passed" testListId="8c84fa94-04c1-424b-9868-57a2d4851a1d" relativeResultsDirectory="9276211a-4e94-4e96-8a2c-db9790c8df98">
    </UnitTestResult>
    <UnitTestResult executionId="075c874b-2d39-485f-a378-860952afc97b" testId="78a9f8b3-1879-e741-9ade-1dee019c141b" testName="no_deberia_cargar_una_inasistencia_a_un_alumno_que_no_esta_en_un_curso" computerName="MDS-RH-0002" duration="00:00:00.0007148" startTime="2013-02-07T21:43:45.5212686-03:00" endTime="2013-02-07T21:43:45.5252690-03:00" testType="13cdc9d9-ddb5-4fa4-a97d-d965ccfc6d4b" outcome="Passed" testListId="8c84fa94-04c1-424b-9868-57a2d4851a1d" relativeResultsDirectory="075c874b-2d39-485f-a378-860952afc97b">
    </UnitTestResult>
    <UnitTestResult executionId="d96b45e9-556c-4c35-8e7b-5900dfee4f1a" testId="79a63e0f-ba0e-a5dc-0d5c-dc38d27e7aa1" testName="al_buscar_por_nombre_de_area_la_palabra_RRHH_deberia_traerme_el_area_cuyo_nombre_es_RRHH" computerName="MDS-RH-0002" duration="00:00:00.0006163" startTime="2013-02-07T21:43:45.5262691-03:00" endTime="2013-02-07T21:43:45.5302695-03:00" testType="13cdc9d9-ddb5-4fa4-a97d-d965ccfc6d4b" outcome="Passed" testListId="8c84fa94-04c1-424b-9868-57a2d4851a1d" relativeResultsDirectory="d96b45e9-556c-4c35-8e7b-5900dfee4f1a">
    </UnitTestResult>
    <UnitTestResult executionId="7318f269-4bfb-45c4-b4a2-5046fab4f0ce" testId="7a945366-5dc8-bde8-17f1-4ebf2f832448" testName="se_puede_crear_un_organigrama_con_forma_de_arbol_de_dos_pisos" computerName="MDS-RH-0002" duration="00:00:00.0007075" startTime="2013-02-07T21:43:45.5312696-03:00" endTime="2013-02-07T21:43:45.5352700-03:00" testType="13cdc9d9-ddb5-4fa4-a97d-d965ccfc6d4b" outcome="Passed" testListId="8c84fa94-04c1-424b-9868-57a2d4851a1d" relativeResultsDirectory="7318f269-4bfb-45c4-b4a2-5046fab4f0ce">
    </UnitTestResult>
    <UnitTestResult executionId="a8376f21-9a20-46e3-b7c0-8e01c6fe7ba6" testId="7b7bd90a-9390-9d92-5600-532eb0a44a2a" testName="dado_un_curso_que_se_cursa_los_lunes_y_jueves_cuando_le_pregunto_cuantos_dias_de_cursada_hay_en_febrero_de_2013_me_dice_6_porque_dos_son_feriados" computerName="MDS-RH-0002" duration="00:00:00.0006059" startTime="2013-02-07T21:43:45.5372702-03:00" endTime="2013-02-07T21:43:45.5402705-03:00" testType="13cdc9d9-ddb5-4fa4-a97d-d965ccfc6d4b" outcome="Passed" testListId="8c84fa94-04c1-424b-9868-57a2d4851a1d" relativeResultsDirectory="a8376f21-9a20-46e3-b7c0-8e01c6fe7ba6">
    </UnitTestResult>
    <UnitTestResult executionId="503e7b76-be8d-482e-9031-2ddd95487802" testId="82c21a02-0eaa-b33b-6618-e225964dbef2" testName="deberia_poder_validar_si_un_objeto_no_es_nulo" computerName="MDS-RH-0002" duration="00:00:00.0001970" startTime="2013-02-07T21:43:45.5422707-03:00" endTime="2013-02-07T21:43:45.5452710-03:00" testType="13cdc9d9-ddb5-4fa4-a97d-d965ccfc6d4b" outcome="Passed" testListId="8c84fa94-04c1-424b-9868-57a2d4851a1d" relativeResultsDirectory="503e7b76-be8d-482e-9031-2ddd95487802">
    </UnitTestResult>
    <UnitTestResult executionId="84f36092-529a-441c-9bc4-27f4e0f31323" testId="82d93e8f-20e5-8c41-b9f1-1d42beccc7c0" testName="deberia_mostrarme_una_unica_vez_la_secretaria_que_posee_el_area_cuando_los_datos_estan_repetidos" computerName="MDS-RH-0002" duration="00:00:00.0084036" startTime="2013-02-07T21:43:45.5462711-03:00" endTime="2013-02-07T21:43:45.5572722-03:00" testType="13cdc9d9-ddb5-4fa4-a97d-d965ccfc6d4b" outcome="Passed" testListId="8c84fa94-04c1-424b-9868-57a2d4851a1d" relativeResultsDirectory="84f36092-529a-441c-9bc4-27f4e0f31323">
    </UnitTestResult>
    <UnitTestResult executionId="bfb0eb89-4d0e-40ca-9f4e-3388b19b826f" testId="8464698d-61d5-d408-819d-53311ef832f8" testName="Un_organigrama_deberia_poder_decirme_todas_las_areas_que_son_superiores_a_un_area_dada" computerName="MDS-RH-0002" duration="00:00:00.0003664" startTime="2013-02-07T21:43:45.5592724-03:00" endTime="2013-02-07T21:43:45.5632728-03:00" testType="13cdc9d9-ddb5-4fa4-a97d-d965ccfc6d4b" outcome="Passed" testListId="8c84fa94-04c1-424b-9868-57a2d4851a1d" relativeResultsDirectory="bfb0eb89-4d0e-40ca-9f4e-3388b19b826f">
    </UnitTestResult>
    <UnitTestResult executionId="f2a8e9d8-6c4c-4e52-bdcb-44afe574065e" testId="88eff91e-3ca2-b202-c4d3-20146aaa990f" testName="al_buscar_por_un_numero_de_ticket__de_documento_o_parte_de_él_debe_traer_todos_los_documentos_que_cumplen_con_ello" computerName="MDS-RH-0002" duration="00:00:00.0005974" startTime="2013-02-07T21:43:45.5642729-03:00" endTime="2013-02-07T21:43:45.5682733-03:00" testType="13cdc9d9-ddb5-4fa4-a97d-d965ccfc6d4b" outcome="Passed" testListId="8c84fa94-04c1-424b-9868-57a2d4851a1d" relativeResultsDirectory="f2a8e9d8-6c4c-4e52-bdcb-44afe574065e">
    </UnitTestResult>
    <UnitTestResult executionId="3a1656a3-cc9a-45a4-836a-098d6e713aa0" testId="8c631ab0-9081-f239-8e5b-8f0f7f274cb2" testName="al_buscar_por_fecha_desde_y_fecha_hasta_debería_traer_todos_los_documentos_cuya_fecha_está_incluída_en_ese_rango" computerName="MDS-RH-0002" duration="00:00:00.0012965" startTime="2013-02-07T21:43:45.5712736-03:00" endTime="2013-02-07T21:43:45.5752740-03:00" testType="13cdc9d9-ddb5-4fa4-a97d-d965ccfc6d4b" outcome="Passed" testListId="8c84fa94-04c1-424b-9868-57a2d4851a1d" relativeResultsDirectory="3a1656a3-cc9a-45a4-836a-098d6e713aa0">
    </UnitTestResult>
    <UnitTestResult executionId="ec4ee170-c49d-4449-b967-7f5a4b68b1ce" testId="8d450b91-f2a6-e64d-c4a7-eee63e8851da" testName="deberia_poder_agregar_un_row_desde_una_entidad_especificando_como_obtener_los_valores_a_partir_de_la_misma" computerName="MDS-RH-0002" duration="00:00:00.0015844" startTime="2013-02-07T21:43:45.5772742-03:00" endTime="2013-02-07T21:43:45.5812746-03:00" testType="13cdc9d9-ddb5-4fa4-a97d-d965ccfc6d4b" outcome="Passed" testListId="8c84fa94-04c1-424b-9868-57a2d4851a1d" relativeResultsDirectory="ec4ee170-c49d-4449-b967-7f5a4b68b1ce">
    </UnitTestResult>
    <UnitTestResult executionId="485fa3ad-d2f2-46c0-891d-6fa96a08928c" testId="8e8c4b00-453c-ac9a-23f7-d441cdf71296" testName="deberia_traer_una_unica_area_con_los_datos_de_contacto_de_la_misma" computerName="MDS-RH-0002" duration="00:00:00.0064103" startTime="2013-02-07T21:43:45.5832748-03:00" endTime="2013-02-07T21:43:45.5932758-03:00" testType="13cdc9d9-ddb5-4fa4-a97d-d965ccfc6d4b" outcome="Passed" testListId="8c84fa94-04c1-424b-9868-57a2d4851a1d" relativeResultsDirectory="485fa3ad-d2f2-46c0-891d-6fa96a08928c">
    </UnitTestResult>
    <UnitTestResult executionId="3e21aca1-d037-4f60-a932-7f62a17990e8" testId="8f23a447-15d5-92c8-a4fb-7722c21b1c07" testName="deberia_poder_decirle_a_un_repositorio_que_use_una_conexion_que_devuelve_un_organigrama_simple" computerName="MDS-RH-0002" duration="00:00:00.0058944" startTime="2013-02-07T21:43:45.5942759-03:00" endTime="2013-02-07T21:43:45.6032768-03:00" testType="13cdc9d9-ddb5-4fa4-a97d-d965ccfc6d4b" outcome="Passed" testListId="8c84fa94-04c1-424b-9868-57a2d4851a1d" relativeResultsDirectory="3e21aca1-d037-4f60-a932-7f62a17990e8">
    </UnitTestResult>
    <UnitTestResult executionId="7be84817-1563-479f-88e7-96035fca3bb0" testId="91497819-ba2a-f2e9-9418-b935f4653def" testName="deberia_poder_validar_si_un_id_es_valido" computerName="MDS-RH-0002" duration="00:00:00.0002760" startTime="2013-02-07T21:43:45.6052770-03:00" endTime="2013-02-07T21:43:45.6092774-03:00" testType="13cdc9d9-ddb5-4fa4-a97d-d965ccfc6d4b" outcome="Passed" testListId="8c84fa94-04c1-424b-9868-57a2d4851a1d" relativeResultsDirectory="7be84817-1563-479f-88e7-96035fca3bb0">
    </UnitTestResult>
    <UnitTestResult executionId="a5c8d754-f96d-494a-8612-e2f1029b6825" testId="94211d25-4f01-6a4f-21c4-290dd165eb14" testName="no_deberia_traer_inasistencias_de_un_alumno_que_no_falto" computerName="MDS-RH-0002" duration="00:00:00.0005893" startTime="2013-02-07T21:43:45.6112776-03:00" endTime="2013-02-07T21:43:45.6162781-03:00" testType="13cdc9d9-ddb5-4fa4-a97d-d965ccfc6d4b" outcome="Passed" testListId="8c84fa94-04c1-424b-9868-57a2d4851a1d" relativeResultsDirectory="a5c8d754-f96d-494a-8612-e2f1029b6825">
    </UnitTestResult>
    <UnitTestResult executionId="8136ec47-f49a-43f5-8436-4677f7b2a7bc" testId="96fb1f26-cf56-3c03-ade6-884985acd8d7" testName="deberia_poder_validar_si_un_id_no_es_valido" computerName="MDS-RH-0002" duration="00:00:00.0003225" startTime="2013-02-07T21:43:45.6182783-03:00" endTime="2013-02-07T21:43:45.6222787-03:00" testType="13cdc9d9-ddb5-4fa4-a97d-d965ccfc6d4b" outcome="Passed" testListId="8c84fa94-04c1-424b-9868-57a2d4851a1d" relativeResultsDirectory="8136ec47-f49a-43f5-8436-4677f7b2a7bc">
    </UnitTestResult>
    <UnitTestResult executionId="78cea7e4-4544-489b-a6d1-d8eae2611e5d" testId="98d79b4f-0fef-791a-b39b-89c03b95d3e3" testName="dado_un_curso_que_se_cursa_los_lunes_y_jueves_cuando_le_pregunto_cuantos_dias_de_cursada_hay_inlcuyendo_feriados_en_febrero_de_2013_me_dice_8_porque_dos_son_feriados" computerName="MDS-RH-0002" duration="00:00:00.0021403" startTime="2013-02-07T21:43:45.6242789-03:00" endTime="2013-02-07T21:43:45.6302795-03:00" testType="13cdc9d9-ddb5-4fa4-a97d-d965ccfc6d4b" outcome="Passed" testListId="8c84fa94-04c1-424b-9868-57a2d4851a1d" relativeResultsDirectory="78cea7e4-4544-489b-a6d1-d8eae2611e5d">
    </UnitTestResult>
    <UnitTestResult executionId="92205b51-083c-4481-b82c-91a2f0bf37d4" testId="999cd32d-d69f-3834-8d48-f15d37fd5243" testName="deberia_traer_viaticos_de_la_provincia_SALTA_y_CORDOBA_en_el_periodo_011012_261012" computerName="MDS-RH-0002" duration="00:00:00.0032906" startTime="2013-02-07T21:43:45.6322797-03:00" endTime="2013-02-07T21:43:45.6382803-03:00" testType="13cdc9d9-ddb5-4fa4-a97d-d965ccfc6d4b" outcome="Passed" testListId="8c84fa94-04c1-424b-9868-57a2d4851a1d" relativeResultsDirectory="92205b51-083c-4481-b82c-91a2f0bf37d4">
    </UnitTestResult>
    <UnitTestResult executionId="f3bc2295-8f25-428b-a5c3-7ebfd1cdfc76" testId="9f7c8e27-eadb-ceef-1191-65859b891fab" testName="al_buscar_por_nombre_de_numero_de_documento_y_fechas_desde_y_hasta_y_extracto_de_un_documento_debe_traer_todos_los_documentos_que_cumplen_con_ello" computerName="MDS-RH-0002" duration="00:00:00.0016233" startTime="2013-02-07T21:43:45.6402805-03:00" endTime="2013-02-07T21:43:45.6442809-03:00" testType="13cdc9d9-ddb5-4fa4-a97d-d965ccfc6d4b" outcome="Passed" testListId="8c84fa94-04c1-424b-9868-57a2d4851a1d" relativeResultsDirectory="f3bc2295-8f25-428b-a5c3-7ebfd1cdfc76">
    </UnitTestResult>
    <UnitTestResult executionId="01c2dc80-2579-4987-acbe-59eb473dbf74" testId="a44cf039-3a08-31a6-19c4-66a5660ef220" testName="deberia_poder_obtener_todos_los_datos_del_area_y_ver_que_estan_completos" computerName="MDS-RH-0002" duration="00:00:00.0115167" startTime="2013-02-07T21:43:45.6462811-03:00" endTime="2013-02-07T21:43:45.6612826-03:00" testType="13cdc9d9-ddb5-4fa4-a97d-d965ccfc6d4b" outcome="Passed" testListId="8c84fa94-04c1-424b-9868-57a2d4851a1d" relativeResultsDirectory="01c2dc80-2579-4987-acbe-59eb473dbf74">
    </UnitTestResult>
    <UnitTestResult executionId="edf8afc7-9f58-4ef1-90ca-e70789ee94ad" testId="a783754e-a02b-a257-f4ac-f48395928085" testName="al_buscar_por_el_area_del_usuario_logueado_debe_traer_todos_los_documentos_que_aun_son_responsabilidad_de_dicha_area" computerName="MDS-RH-0002" duration="00:00:00.0003199" startTime="2013-02-07T21:43:45.6622827-03:00" endTime="2013-02-07T21:43:45.6662831-03:00" testType="13cdc9d9-ddb5-4fa4-a97d-d965ccfc6d4b" outcome="Passed" testListId="8c84fa94-04c1-424b-9868-57a2d4851a1d" relativeResultsDirectory="edf8afc7-9f58-4ef1-90ca-e70789ee94ad">
    </UnitTestResult>
    <UnitTestResult executionId="83726e2a-fdf3-4d24-b4e9-2feb0e65e3f9" testId="a8bf43a7-c593-21c5-b353-6a677fedb6e1" testName="dado_un_area_quiero_saber_nombre_telefono_y_mail_de_responsable" computerName="MDS-RH-0002" duration="00:00:00.0004607" startTime="2013-02-07T21:43:45.6682833-03:00" endTime="2013-02-07T21:43:45.6722837-03:00" testType="13cdc9d9-ddb5-4fa4-a97d-d965ccfc6d4b" outcome="Passed" testListId="8c84fa94-04c1-424b-9868-57a2d4851a1d" relativeResultsDirectory="83726e2a-fdf3-4d24-b4e9-2feb0e65e3f9">
    </UnitTestResult>
    <UnitTestResult executionId="e0ffbfad-9299-439a-91e3-00c1827d5051" testId="a91c3d07-7c7d-1fe6-99ad-80e4a1548474" testName="deberia_crear_una_tabla_con_id_y_un_valor_1" computerName="MDS-RH-0002" duration="00:00:00.0005050" startTime="2013-02-07T21:43:45.6742839-03:00" endTime="2013-02-07T21:43:45.6782843-03:00" testType="13cdc9d9-ddb5-4fa4-a97d-d965ccfc6d4b" outcome="Passed" testListId="8c84fa94-04c1-424b-9868-57a2d4851a1d" relativeResultsDirectory="e0ffbfad-9299-439a-91e3-00c1827d5051">
    </UnitTestResult>
    <UnitTestResult executionId="e5df5b9e-a2c5-4ec9-933c-50577cf134f0" testId="abcb6bdb-8479-892d-4456-095226c976bc" testName="fabian_deberia_tener_acceso_a_viaticos_y_a_documentos" computerName="MDS-RH-0002" duration="00:00:00.0084455" startTime="2013-02-07T21:43:45.6812846-03:00" endTime="2013-02-07T21:43:45.6932858-03:00" testType="13cdc9d9-ddb5-4fa4-a97d-d965ccfc6d4b" outcome="Passed" testListId="8c84fa94-04c1-424b-9868-57a2d4851a1d" relativeResultsDirectory="e5df5b9e-a2c5-4ec9-933c-50577cf134f0">
    </UnitTestResult>
    <UnitTestResult executionId="8a51daa1-8178-4f76-a4b0-c05377672883" testId="b0dad42f-cacf-b7c8-3bc2-1641e13c9caa" testName="deberia_devolver_region_METRO_con_BuenosAires_con_una_localidad_con_id_4" computerName="MDS-RH-0002" duration="00:00:00.0020310" startTime="2013-02-07T21:43:45.6952860-03:00" endTime="2013-02-07T21:43:45.7002865-03:00" testType="13cdc9d9-ddb5-4fa4-a97d-d965ccfc6d4b" outcome="Passed" testListId="8c84fa94-04c1-424b-9868-57a2d4851a1d" relativeResultsDirectory="8a51daa1-8178-4f76-a4b0-c05377672883">
    </UnitTestResult>
    <UnitTestResult executionId="f38ed19a-27bc-42ab-ae6e-867eafa01dba" testId="b8bd6fa3-7b0e-dbc4-d1ea-17a66d88e614" testName="mensajeria_deberia_enviar_documento" computerName="MDS-RH-0002" duration="00:00:00.0006220" startTime="2013-02-07T21:43:45.7022867-03:00" endTime="2013-02-07T21:43:45.7052870-03:00" testType="13cdc9d9-ddb5-4fa4-a97d-d965ccfc6d4b" outcome="Passed" testListId="8c84fa94-04c1-424b-9868-57a2d4851a1d" relativeResultsDirectory="f38ed19a-27bc-42ab-ae6e-867eafa01dba">
    </UnitTestResult>
    <UnitTestResult executionId="054e74ce-f12f-43e0-ad2b-c7aab12f98e2" testId="bb2112d4-68ef-15b6-48ec-73b20e57caa9" testName="Un_organigrama_deberia_poder_decirme_todas_las_areas_que_posee" computerName="MDS-RH-0002" duration="00:00:00.0002752" startTime="2013-02-07T21:43:45.7072872-03:00" endTime="2013-02-07T21:43:45.7102875-03:00" testType="13cdc9d9-ddb5-4fa4-a97d-d965ccfc6d4b" outcome="Passed" testListId="8c84fa94-04c1-424b-9868-57a2d4851a1d" relativeResultsDirectory="054e74ce-f12f-43e0-ad2b-c7aab12f98e2">
    </UnitTestResult>
    <UnitTestResult executionId="2d11482f-8d56-48d4-9a83-3c9514b4be08" testId="bb2f1794-72bc-c3ce-3c94-a7e6c21d4812" testName="deberia_poder_obtener_los_alumnos_de_un_curso" computerName="MDS-RH-0002" duration="00:00:00.0002987" startTime="2013-02-07T21:43:45.7112876-03:00" endTime="2013-02-07T21:43:45.7142879-03:00" testType="13cdc9d9-ddb5-4fa4-a97d-d965ccfc6d4b" outcome="Passed" testListId="8c84fa94-04c1-424b-9868-57a2d4851a1d" relativeResultsDirectory="2d11482f-8d56-48d4-9a83-3c9514b4be08">
    </UnitTestResult>
    <UnitTestResult executionId="0cd32d8d-270e-4a02-8295-cd94d40b97eb" testId="bb759e7e-2161-1c79-ee60-b7766df2bd3f" testName="Un_organigrama_deberia_poder_decirme_todas_las_areas_inferiores_inmediatas_a_un_area_dada" computerName="MDS-RH-0002" duration="00:00:00.0002305" startTime="2013-02-07T21:43:45.7162881-03:00" endTime="2013-02-07T21:43:45.7192884-03:00" testType="13cdc9d9-ddb5-4fa4-a97d-d965ccfc6d4b" outcome="Passed" testListId="8c84fa94-04c1-424b-9868-57a2d4851a1d" relativeResultsDirectory="0cd32d8d-270e-4a02-8295-cd94d40b97eb">
    </UnitTestResult>
    <UnitTestResult executionId="1d09e282-336c-4fa6-8d6b-22f92e00a00c" testId="bbbb69a9-ef38-b5dc-de66-8e150133f998" testName="no_deberia_poder_cargar_una_inasistencia_si_el_dia_no_era_cursable" computerName="MDS-RH-0002" duration="00:00:00.0005277" startTime="2013-02-07T21:43:45.7212886-03:00" endTime="2013-02-07T21:43:45.7242889-03:00" testType="13cdc9d9-ddb5-4fa4-a97d-d965ccfc6d4b" outcome="Passed" testListId="8c84fa94-04c1-424b-9868-57a2d4851a1d" relativeResultsDirectory="1d09e282-336c-4fa6-8d6b-22f92e00a00c">
    </UnitTestResult>
    <UnitTestResult executionId="e71dd740-7a77-42ac-9a0f-55e7bf3ea8c6" testId="bf34bac0-1211-e38d-1273-9a3107460eaa" testName="dado_aazz_debe_ser_abaa" computerName="MDS-RH-0002" duration="00:00:00.0002201" startTime="2013-02-07T21:43:45.7262891-03:00" endTime="2013-02-07T21:43:45.7312896-03:00" testType="13cdc9d9-ddb5-4fa4-a97d-d965ccfc6d4b" outcome="Passed" testListId="8c84fa94-04c1-424b-9868-57a2d4851a1d" relativeResultsDirectory="e71dd740-7a77-42ac-9a0f-55e7bf3ea8c6">
    </UnitTestResult>
    <UnitTestResult executionId="7d67a3f0-ec41-46c5-a226-76b544280aa8" testId="bf3ea6c6-ab88-4696-72a1-f31917a72c6c" testName="al_solicitarle_las_areas_inferiores_de_Fabi_no_debe_traer_ninguna" computerName="MDS-RH-0002" duration="00:00:00.0002417" startTime="2013-02-07T21:43:45.7322897-03:00" endTime="2013-02-07T21:43:45.7352900-03:00" testType="13cdc9d9-ddb5-4fa4-a97d-d965ccfc6d4b" outcome="Passed" testListId="8c84fa94-04c1-424b-9868-57a2d4851a1d" relativeResultsDirectory="7d67a3f0-ec41-46c5-a226-76b544280aa8">
    </UnitTestResult>
    <UnitTestResult executionId="298c4c55-87b2-436c-8d43-f67e9f306c98" testId="c09a892a-1cf8-8734-95e1-5859c143f708" testName="al_buscar_por_reponsable_de_area_a_Fabian_deberia_traerme_el_area_cuyo_nombre_de_responsable_es_Fabian" computerName="MDS-RH-0002" duration="00:00:00.0007006" startTime="2013-02-07T21:43:45.7372902-03:00" endTime="2013-02-07T21:43:45.7402905-03:00" testType="13cdc9d9-ddb5-4fa4-a97d-d965ccfc6d4b" outcome="Passed" testListId="8c84fa94-04c1-424b-9868-57a2d4851a1d" relativeResultsDirectory="298c4c55-87b2-436c-8d43-f67e9f306c98">
    </UnitTestResult>
    <UnitTestResult executionId="34f07e46-a56e-4392-95fe-7c8ea9b7791a" testId="c2c53443-9c7d-40b6-5a5a-6d158c6cf141" testName="deberia_traer_viaticos_de_BELEN_011012_261012" computerName="MDS-RH-0002" duration="00:00:00.0025491" startTime="2013-02-07T21:43:45.7412906-03:00" endTime="2013-02-07T21:43:45.7462911-03:00" testType="13cdc9d9-ddb5-4fa4-a97d-d965ccfc6d4b" outcome="Passed" testListId="8c84fa94-04c1-424b-9868-57a2d4851a1d" relativeResultsDirectory="34f07e46-a56e-4392-95fe-7c8ea9b7791a">
    </UnitTestResult>
    <UnitTestResult executionId="11dd5788-80a2-4231-86c0-15221ff023b1" testId="c2ebf66d-ae9e-9e71-55e6-fa4f57f3dcd0" testName="deberia_poder_agregar_alumnos" computerName="MDS-RH-0002" duration="00:00:00.0329089" startTime="2013-02-07T21:43:45.7482913-03:00" endTime="2013-02-07T21:43:45.7842949-03:00" testType="13cdc9d9-ddb5-4fa4-a97d-d965ccfc6d4b" outcome="Failed" testListId="8c84fa94-04c1-424b-9868-57a2d4851a1d" relativeResultsDirectory="11dd5788-80a2-4231-86c0-15221ff023b1">
      <Output>
        <ErrorInfo>
          <Message>Error de Assert.AreEqual. Se esperaba &lt;3&gt;, pero es &lt;4&gt;. </Message>
          <StackTrace>   en TestViaticos.TestAlumnos.deberia_poder_agregar_alumnos() en C:\Repositorios\FernandoAssembla\SistemaWeb\TestViaticos\TestSACC\TestAlumnos.cs:línea 30
</StackTrace>
        </ErrorInfo>
      </Output>
    </UnitTestResult>
    <UnitTestResult executionId="e3bd8f7f-bf87-43f5-a942-2f9df680a63b" testId="c40af560-ccd4-15d1-681a-d268a1e88a1c" testName="no_deberia_permitir_pasarse_de_9" computerName="MDS-RH-0002" duration="00:00:00.0004923" startTime="2013-02-07T21:43:45.7862951-03:00" endTime="2013-02-07T21:43:45.7892954-03:00" testType="13cdc9d9-ddb5-4fa4-a97d-d965ccfc6d4b" outcome="Passed" testListId="8c84fa94-04c1-424b-9868-57a2d4851a1d" relativeResultsDirectory="e3bd8f7f-bf87-43f5-a942-2f9df680a63b">
    </UnitTestResult>
    <UnitTestResult executionId="e1be6426-1e6a-49b6-baf0-e3029cc1d68d" testId="c564bf77-b387-e233-53e7-c5c85a463602" testName="deberia_poder_obtener_un_curso_del_repositorio_de_cursos" computerName="MDS-RH-0002" duration="00:00:00.0006863" startTime="2013-02-07T21:43:45.7902955-03:00" endTime="2013-02-07T21:43:45.7932958-03:00" testType="13cdc9d9-ddb5-4fa4-a97d-d965ccfc6d4b" outcome="Passed" testListId="8c84fa94-04c1-424b-9868-57a2d4851a1d" relativeResultsDirectory="e1be6426-1e6a-49b6-baf0-e3029cc1d68d">
    </UnitTestResult>
    <UnitTestResult executionId="5ab16238-2edc-4c4f-9169-78cf4f7d76f8" testId="c5bc7be4-1c6a-1e48-0dbd-f119f73d764c" testName="deberia_fallar_si_nada_indica_el_tipo_de_una_columna" computerName="MDS-RH-0002" duration="00:00:00.0006467" startTime="2013-02-07T21:43:45.7952960-03:00" endTime="2013-02-07T21:43:45.7982963-03:00" testType="13cdc9d9-ddb5-4fa4-a97d-d965ccfc6d4b" outcome="Passed" testListId="8c84fa94-04c1-424b-9868-57a2d4851a1d" relativeResultsDirectory="5ab16238-2edc-4c4f-9169-78cf4f7d76f8">
    </UnitTestResult>
    <UnitTestResult executionId="da9f98ab-5e65-4237-81f8-d1ff5cb1b6c4" testId="c5cbe3b9-5203-897f-6c97-10b52d6a9698" testName="dado_b_quiero_c" computerName="MDS-RH-0002" duration="00:00:00.0003199" startTime="2013-02-07T21:43:45.8002965-03:00" endTime="2013-02-07T21:43:45.8042969-03:00" testType="13cdc9d9-ddb5-4fa4-a97d-d965ccfc6d4b" outcome="Passed" testListId="8c84fa94-04c1-424b-9868-57a2d4851a1d" relativeResultsDirectory="da9f98ab-5e65-4237-81f8-d1ff5cb1b6c4">
    </UnitTestResult>
    <UnitTestResult executionId="e7324fee-92a0-4f58-9d37-3c514399bac1" testId="c6c229fe-82f0-9917-4112-b9f4fc6d4ce9" testName="no_deberia_permitir_pasarse_de_zzz999" computerName="MDS-RH-0002" duration="00:00:00.0005293" startTime="2013-02-07T21:43:45.8062971-03:00" endTime="2013-02-07T21:43:45.8092974-03:00" testType="13cdc9d9-ddb5-4fa4-a97d-d965ccfc6d4b" outcome="Passed" testListId="8c84fa94-04c1-424b-9868-57a2d4851a1d" relativeResultsDirectory="e7324fee-92a0-4f58-9d37-3c514399bac1">
    </UnitTestResult>
    <UnitTestResult executionId="590401a6-a183-4f10-bd67-d1dd65405dff" testId="c8e9fa12-63fb-548e-6319-248eaeb1ba50" testName="deberia_poder_tener_un_null_como_segundo_valor_de_una_columna" computerName="MDS-RH-0002" duration="00:00:00.0020760" startTime="2013-02-07T21:43:45.8112976-03:00" endTime="2013-02-07T21:43:45.8162981-03:00" testType="13cdc9d9-ddb5-4fa4-a97d-d965ccfc6d4b" outcome="Passed" testListId="8c84fa94-04c1-424b-9868-57a2d4851a1d" relativeResultsDirectory="590401a6-a183-4f10-bd67-d1dd65405dff">
    </UnitTestResult>
    <UnitTestResult executionId="680e98e1-7d55-4a2c-86e8-ac34d5433459" testId="c966b980-8b4f-c10a-2879-8a06a8c7add4" testName="deberia_poder_obtener_todos_los_tipos_de_documento" computerName="MDS-RH-0002" duration="00:00:00.0018631" startTime="2013-02-07T21:43:45.8182983-03:00" endTime="2013-02-07T21:43:45.8222987-03:00" testType="13cdc9d9-ddb5-4fa4-a97d-d965ccfc6d4b" outcome="Passed" testListId="8c84fa94-04c1-424b-9868-57a2d4851a1d" relativeResultsDirectory="680e98e1-7d55-4a2c-86e8-ac34d5433459">
    </UnitTestResult>
    <UnitTestResult executionId="d8e13c7c-0f35-45cc-b6b1-be8d5d813302" testId="cc560ad4-66d2-6e1b-fa1e-c1f8f0f47258" testName="no_deberia_poder_tener_un_documento_sin_tipo" computerName="MDS-RH-0002" duration="00:00:00.0004095" startTime="2013-02-07T21:43:45.8242989-03:00" endTime="2013-02-07T21:43:45.8272992-03:00" testType="13cdc9d9-ddb5-4fa4-a97d-d965ccfc6d4b" outcome="Passed" testListId="8c84fa94-04c1-424b-9868-57a2d4851a1d" relativeResultsDirectory="d8e13c7c-0f35-45cc-b6b1-be8d5d813302">
    </UnitTestResult>
    <UnitTestResult executionId="5a6b2842-e83e-4b48-b5bb-15c0f1c4a934" testId="cd0a2e1f-d61d-9cba-b24e-96406e906f5d" testName="TestGetZonas" computerName="MDS-RH-0002" duration="00:00:00.0001274" startTime="2013-02-07T21:43:45.8292994-03:00" endTime="2013-02-07T21:43:45.8322997-03:00" testType="13cdc9d9-ddb5-4fa4-a97d-d965ccfc6d4b" outcome="Passed" testListId="8c84fa94-04c1-424b-9868-57a2d4851a1d" relativeResultsDirectory="5a6b2842-e83e-4b48-b5bb-15c0f1c4a934">
    </UnitTestResult>
    <UnitTestResult executionId="0a2d6dc4-14af-494f-b2e5-5f1e4a2fa5b4" testId="cd2ddf59-b1d1-4ffd-b77a-55d96a13b533" testName="al_buscar_por_una_palabra_del_comentario_del_documento_debe_traer_todos_los_documentos_que_cumplen_con_ello" computerName="MDS-RH-0002" duration="00:00:00.0007910" startTime="2013-02-07T21:43:45.8342999-03:00" endTime="2013-02-07T21:43:45.8373002-03:00" testType="13cdc9d9-ddb5-4fa4-a97d-d965ccfc6d4b" outcome="Passed" testListId="8c84fa94-04c1-424b-9868-57a2d4851a1d" relativeResultsDirectory="0a2d6dc4-14af-494f-b2e5-5f1e4a2fa5b4">
    </UnitTestResult>
    <UnitTestResult executionId="1ce06515-327c-44c1-a9c6-d01c6116b427" testId="cecd7ff2-d148-29e8-850a-7574ad3e7580" testName="mensajeria_no_deberia_fallar_cuando_un_documento_no_tiene_trancisiones" computerName="MDS-RH-0002" duration="00:00:00.0008299" startTime="2013-02-07T21:43:45.8393004-03:00" endTime="2013-02-07T21:43:45.8433008-03:00" testType="13cdc9d9-ddb5-4fa4-a97d-d965ccfc6d4b" outcome="Passed" testListId="8c84fa94-04c1-424b-9868-57a2d4851a1d" relativeResultsDirectory="1ce06515-327c-44c1-a9c6-d01c6116b427">
    </UnitTestResult>
    <UnitTestResult executionId="32a5fbc6-477d-4924-84b5-3941d29ed4bb" testId="cff26abc-fddb-ef75-0bf4-49cf50880ca7" testName="al_buscar_por_una_palabra_del_extracto_del_documento_debe_traer_todos_los_documentos_que_cumplen_con_ello" computerName="MDS-RH-0002" duration="00:00:00.0005697" startTime="2013-02-07T21:43:45.8443009-03:00" endTime="2013-02-07T21:43:45.8483013-03:00" testType="13cdc9d9-ddb5-4fa4-a97d-d965ccfc6d4b" outcome="Passed" testListId="8c84fa94-04c1-424b-9868-57a2d4851a1d" relativeResultsDirectory="32a5fbc6-477d-4924-84b5-3941d29ed4bb">
    </UnitTestResult>
    <UnitTestResult executionId="4e5ecdc1-38a2-4530-a181-4f5f5a83a206" testId="d3eb6b18-b89c-308d-2472-f70947e6c57b" testName="deberia_devolver_Buenos_Aires_con_dos_localidades" computerName="MDS-RH-0002" duration="00:00:00.0026916" startTime="2013-02-07T21:43:45.8493014-03:00" endTime="2013-02-07T21:43:45.8573022-03:00" testType="13cdc9d9-ddb5-4fa4-a97d-d965ccfc6d4b" outcome="Passed" testListId="8c84fa94-04c1-424b-9868-57a2d4851a1d" relativeResultsDirectory="4e5ecdc1-38a2-4530-a181-4f5f5a83a206">
    </UnitTestResult>
    <UnitTestResult executionId="a14ec00f-ba9f-4467-b85d-41eac1d0ae04" testId="d4034162-71c0-cb22-9a98-76a42e56e55e" testName="deberia_poder_obtener_el_string_de_un_chekbox" computerName="MDS-RH-0002" duration="00:00:00.0004796" startTime="2013-02-07T21:43:45.8593024-03:00" endTime="2013-02-07T21:43:45.8623027-03:00" testType="13cdc9d9-ddb5-4fa4-a97d-d965ccfc6d4b" outcome="Passed" testListId="8c84fa94-04c1-424b-9868-57a2d4851a1d" relativeResultsDirectory="a14ec00f-ba9f-4467-b85d-41eac1d0ae04">
    </UnitTestResult>
    <UnitTestResult executionId="0f9e5a7e-49ce-49cb-b9f7-58abd9477a48" testId="d5acc190-8ff6-3621-55ca-bde560b60f80" testName="Un_organigrama_deberia_poder_decirme_cual_es_el_area_superior_de_un_area_dada" computerName="MDS-RH-0002" duration="00:00:00.0002267" startTime="2013-02-07T21:43:45.8633028-03:00" endTime="2013-02-07T21:43:45.8663031-03:00" testType="13cdc9d9-ddb5-4fa4-a97d-d965ccfc6d4b" outcome="Passed" testListId="8c84fa94-04c1-424b-9868-57a2d4851a1d" relativeResultsDirectory="0f9e5a7e-49ce-49cb-b9f7-58abd9477a48">
    </UnitTestResult>
    <UnitTestResult executionId="1e8daa60-4d68-43a5-97e8-7e8d6d747251" testId="d7dcf4df-b012-3cb2-f383-e4a465f466d1" testName="deberia_poder_insertar_un_documento_en_la_base_con_numero_de_ticket" computerName="MDS-RH-0002" duration="00:00:00.0014528" startTime="2013-02-07T21:43:45.8673032-03:00" endTime="2013-02-07T21:43:45.8713036-03:00" testType="13cdc9d9-ddb5-4fa4-a97d-d965ccfc6d4b" outcome="Passed" testListId="8c84fa94-04c1-424b-9868-57a2d4851a1d" relativeResultsDirectory="1e8daa60-4d68-43a5-97e8-7e8d6d747251">
    </UnitTestResult>
    <UnitTestResult executionId="3aab84e8-6c13-42f7-80fc-287f807f7d14" testId="ddde0ed2-12a5-9bf8-2fdd-b32f11508a59" testName="deberia_poder_guardar_una_transicion_nueva" computerName="MDS-RH-0002" duration="00:00:00.0010540" startTime="2013-02-07T21:43:45.8733038-03:00" endTime="2013-02-07T21:43:45.8763041-03:00" testType="13cdc9d9-ddb5-4fa4-a97d-d965ccfc6d4b" outcome="Passed" testListId="8c84fa94-04c1-424b-9868-57a2d4851a1d" relativeResultsDirectory="3aab84e8-6c13-42f7-80fc-287f807f7d14">
    </UnitTestResult>
    <UnitTestResult executionId="1606ceac-fc20-4b23-9fbc-e071a2b92ddb" testId="de307af2-1c44-a9c2-0624-80b438a3400b" testName="usuario_mesa_entrada_deberia_tener_solo_acceso_a_documentos" computerName="MDS-RH-0002" duration="00:00:00.0058960" startTime="2013-02-07T21:43:45.8783043-03:00" endTime="2013-02-07T21:43:45.8863051-03:00" testType="13cdc9d9-ddb5-4fa4-a97d-d965ccfc6d4b" outcome="Passed" testListId="8c84fa94-04c1-424b-9868-57a2d4851a1d" relativeResultsDirectory="1606ceac-fc20-4b23-9fbc-e071a2b92ddb">
    </UnitTestResult>
    <UnitTestResult executionId="88b1afec-ac2a-417e-a239-42f6c702be97" testId="dfede4a0-4add-37a3-8cce-099c64499527" testName="dado_1_quiero_2" computerName="MDS-RH-0002" duration="00:00:00.0002167" startTime="2013-02-07T21:43:45.8883053-03:00" endTime="2013-02-07T21:43:45.8913056-03:00" testType="13cdc9d9-ddb5-4fa4-a97d-d965ccfc6d4b" outcome="Passed" testListId="8c84fa94-04c1-424b-9868-57a2d4851a1d" relativeResultsDirectory="88b1afec-ac2a-417e-a239-42f6c702be97">
    </UnitTestResult>
    <UnitTestResult executionId="8d2864f8-e0d3-48c7-a366-7b3cc7770faf" testId="e1d67ae5-71d9-5872-41a1-7a2a4d910702" testName="mensajeria_deberia_poder_generar_una_transicion_futura" computerName="MDS-RH-0002" duration="00:00:00.0018239" startTime="2013-02-07T21:43:45.8923057-03:00" endTime="2013-02-07T21:43:45.8963061-03:00" testType="13cdc9d9-ddb5-4fa4-a97d-d965ccfc6d4b" outcome="Failed" testListId="8c84fa94-04c1-424b-9868-57a2d4851a1d" relativeResultsDirectory="8d2864f8-e0d3-48c7-a366-7b3cc7770faf">
      <Output>
        <ErrorInfo>
          <Message>Error de Assert.IsTrue. </Message>
          <StackTrace>   en TestViaticos.TestMensajeria.mensajeria_deberia_poder_generar_una_transicion_futura() en C:\Repositorios\FernandoAssembla\SistemaWeb\TestViaticos\TestMensajeria.cs:línea 84
</StackTrace>
        </ErrorInfo>
      </Output>
    </UnitTestResult>
    <UnitTestResult executionId="7e3b8c86-5a0a-44fc-acfa-8b00c67f132d" testId="e22ce867-04ec-cc74-8f00-0fdb0256cb9f" testName="deberia_considerar_las_estadias_comenzadas_en_el_periodo" computerName="MDS-RH-0002" duration="00:00:00.0009597" startTime="2013-02-07T21:43:45.8983063-03:00" endTime="2013-02-07T21:43:45.9023067-03:00" testType="13cdc9d9-ddb5-4fa4-a97d-d965ccfc6d4b" outcome="Passed" testListId="8c84fa94-04c1-424b-9868-57a2d4851a1d" relativeResultsDirectory="7e3b8c86-5a0a-44fc-acfa-8b00c67f132d">
    </UnitTestResult>
    <UnitTestResult executionId="9ecd500c-1638-48b6-a12c-fd025616fbf3" testId="e454c39b-e973-6bea-bc19-3dd352fe2860" testName="deberia_crear_una_tabla_con_id" computerName="MDS-RH-0002" duration="00:00:00.0004850" startTime="2013-02-07T21:43:45.9033068-03:00" endTime="2013-02-07T21:43:45.9063071-03:00" testType="13cdc9d9-ddb5-4fa4-a97d-d965ccfc6d4b" outcome="Passed" testListId="8c84fa94-04c1-424b-9868-57a2d4851a1d" relativeResultsDirectory="9ecd500c-1638-48b6-a12c-fd025616fbf3">
    </UnitTestResult>
    <UnitTestResult executionId="f4527510-cd61-4de7-a759-7d7a8834b3bf" testId="e4a0643c-ded2-0a34-7284-5a78ff072139" testName="deberia_poder_guardar_un_nuevo_viatico_en_el_repositorio_de_viaticos_y_que_se_le_asigne_un_id" computerName="MDS-RH-0002" duration="00:00:00.0065858" startTime="2013-02-07T21:43:45.9073072-03:00" endTime="2013-02-07T21:43:45.9163081-03:00" testType="13cdc9d9-ddb5-4fa4-a97d-d965ccfc6d4b" outcome="Passed" testListId="8c84fa94-04c1-424b-9868-57a2d4851a1d" relativeResultsDirectory="f4527510-cd61-4de7-a759-7d7a8834b3bf">
    </UnitTestResult>
    <UnitTestResult executionId="6b724d88-7152-4f1b-9bb6-40e50fa73f8e" testId="e51e2c6f-d445-6901-d7cc-9c752d9465ed" testName="dado_a9_quiero_b0" computerName="MDS-RH-0002" duration="00:00:00.0003460" startTime="2013-02-07T21:43:45.9173082-03:00" endTime="2013-02-07T21:43:45.9203085-03:00" testType="13cdc9d9-ddb5-4fa4-a97d-d965ccfc6d4b" outcome="Passed" testListId="8c84fa94-04c1-424b-9868-57a2d4851a1d" relativeResultsDirectory="6b724d88-7152-4f1b-9bb6-40e50fa73f8e">
    </UnitTestResult>
    <UnitTestResult executionId="214ef273-0df0-4742-bcd3-999df0986c1e" testId="e599cad1-eda4-094c-45c1-605d2f0e5702" testName="al_buscar_por_reponsable_de_area_a_Novoa_deberia_traerme_el_area_cuyo_apellido_de_responsable_es_Novoa" computerName="MDS-RH-0002" duration="00:00:00.0006274" startTime="2013-02-07T21:43:45.9223087-03:00" endTime="2013-02-07T21:43:45.9253090-03:00" testType="13cdc9d9-ddb5-4fa4-a97d-d965ccfc6d4b" outcome="Passed" testListId="8c84fa94-04c1-424b-9868-57a2d4851a1d" relativeResultsDirectory="214ef273-0df0-4742-bcd3-999df0986c1e">
    </UnitTestResult>
    <UnitTestResult executionId="1d6861cd-b1c9-4be1-8b05-f732fc8d08d1" testId="e6bad939-5185-804d-09f5-03d6b8675f35" testName="dado_un_curso_que_se_cursa_todos_los_jueves_cuando_le_pregunto_por_las_fechas_en_que_hay_que_asistir_durante_enero_de_2013_debe_contestar_5" computerName="MDS-RH-0002" duration="00:00:00.0021188" startTime="2013-02-07T21:43:45.9263091-03:00" endTime="2013-02-07T21:43:45.9313096-03:00" testType="13cdc9d9-ddb5-4fa4-a97d-d965ccfc6d4b" outcome="Passed" testListId="8c84fa94-04c1-424b-9868-57a2d4851a1d" relativeResultsDirectory="1d6861cd-b1c9-4be1-8b05-f732fc8d08d1">
    </UnitTestResult>
    <UnitTestResult executionId="c37ef8ef-354a-4998-9a14-bf92c852914e" testId="e9aa986f-7293-c98f-9d6b-6050f52118de" testName="dado_az_quiero_ba" computerName="MDS-RH-0002" duration="00:00:00.0002282" startTime="2013-02-07T21:43:45.9323097-03:00" endTime="2013-02-07T21:43:45.9353100-03:00" testType="13cdc9d9-ddb5-4fa4-a97d-d965ccfc6d4b" outcome="Passed" testListId="8c84fa94-04c1-424b-9868-57a2d4851a1d" relativeResultsDirectory="c37ef8ef-354a-4998-9a14-bf92c852914e">
    </UnitTestResult>
    <UnitTestResult executionId="690adacf-aeb0-4b86-a236-f5646fe0a44a" testId="eaffb742-992c-e34c-dbe5-be3438e36b95" testName="al_buscar_por_reponsable_de_area_a_Miranda_debe_traer_dos_areas_una_con_responsable_cuyo_nombre_es_Miranda_y_otra_area_cuyo_apellido_de_responsable_es_también_Miranda" computerName="MDS-RH-0002" duration="00:00:00.0006682" startTime="2013-02-07T21:43:45.9363101-03:00" endTime="2013-02-07T21:43:45.9523117-03:00" testType="13cdc9d9-ddb5-4fa4-a97d-d965ccfc6d4b" outcome="Passed" testListId="8c84fa94-04c1-424b-9868-57a2d4851a1d" relativeResultsDirectory="690adacf-aeb0-4b86-a236-f5646fe0a44a">
    </UnitTestResult>
    <UnitTestResult executionId="7b8669b1-f867-4296-9143-7011edd8c8ca" testId="f01f9398-de8a-e114-4944-4c3877e413a9" testName="deberia_poder_obtener_el_string_de_un_link_en_imagen_de_las_entidades_seleccionadas" computerName="MDS-RH-0002" duration="00:00:00.0004985" startTime="2013-02-07T21:43:45.9533118-03:00" endTime="2013-02-07T21:43:45.9563121-03:00" testType="13cdc9d9-ddb5-4fa4-a97d-d965ccfc6d4b" outcome="Passed" testListId="8c84fa94-04c1-424b-9868-57a2d4851a1d" relativeResultsDirectory="7b8669b1-f867-4296-9143-7011edd8c8ca">
    </UnitTestResult>
    <UnitTestResult executionId="48d50a18-61be-41a6-bcea-1dcaefc3a782" testId="f1682d17-f3d2-e7a6-602e-a5fe64b0b83a" testName="al_transicionar_desde_otra_area_genera_2_transiciones" computerName="MDS-RH-0002" duration="00:00:00.0016653" startTime="2013-02-07T21:43:45.9573122-03:00" endTime="2013-02-07T21:43:45.9613126-03:00" testType="13cdc9d9-ddb5-4fa4-a97d-d965ccfc6d4b" outcome="Passed" testListId="8c84fa94-04c1-424b-9868-57a2d4851a1d" relativeResultsDirectory="48d50a18-61be-41a6-bcea-1dcaefc3a782">
    </UnitTestResult>
    <UnitTestResult executionId="79d6c831-a397-4296-9f69-1f782fe4474c" testId="f1f50432-1bf0-de96-51bb-b6443df4774c" testName="no_deberia_poder_guardarse_un_documento_sin_tipo" computerName="MDS-RH-0002" duration="00:00:00.0005897" startTime="2013-02-07T21:43:45.9633128-03:00" endTime="2013-02-07T21:43:45.9663131-03:00" testType="13cdc9d9-ddb5-4fa4-a97d-d965ccfc6d4b" outcome="Passed" testListId="8c84fa94-04c1-424b-9868-57a2d4851a1d" relativeResultsDirectory="79d6c831-a397-4296-9f69-1f782fe4474c">
    </UnitTestResult>
    <UnitTestResult executionId="7c90beaa-0fdc-4d62-9dbf-9739f0e7440b" testId="f86c4657-4e4d-11f0-63ee-95d2154ef49d" testName="deberia_poder_quitar_alumnos" computerName="MDS-RH-0002" duration="00:00:00.0024460" startTime="2013-02-07T21:43:45.9673132-03:00" endTime="2013-02-07T21:43:45.9723137-03:00" testType="13cdc9d9-ddb5-4fa4-a97d-d965ccfc6d4b" outcome="Failed" testListId="8c84fa94-04c1-424b-9868-57a2d4851a1d" relativeResultsDirectory="7c90beaa-0fdc-4d62-9dbf-9739f0e7440b">
      <Output>
        <ErrorInfo>
          <Message>Error de Assert.AreEqual. Se esperaba &lt;1&gt;, pero es &lt;2&gt;. </Message>
          <StackTrace>   en TestViaticos.TestAlumnos.deberia_poder_quitar_alumnos() en C:\Repositorios\FernandoAssembla\SistemaWeb\TestViaticos\TestSACC\TestAlumnos.cs:línea 43
</StackTrace>
        </ErrorInfo>
      </Output>
    </UnitTestResult>
    <UnitTestResult executionId="adaa4bfc-54b6-412b-9e2b-323edcbbadba" testId="fc3e1a26-3625-7f18-819c-6724010eb1dd" testName="al_buscar_por_un_tipo_de_documento_debe_traer_todos_los_documentos_que_cumplen_con_ello" computerName="MDS-RH-0002" duration="00:00:00.0007749" startTime="2013-02-07T21:43:45.9733138-03:00" endTime="2013-02-07T21:43:45.9773142-03:00" testType="13cdc9d9-ddb5-4fa4-a97d-d965ccfc6d4b" outcome="Passed" testListId="8c84fa94-04c1-424b-9868-57a2d4851a1d" relativeResultsDirectory="adaa4bfc-54b6-412b-9e2b-323edcbbadba">
    </UnitTestResult>
    <UnitTestResult executionId="0bfb6184-f850-4af4-a6f9-aa6841a7843e" testId="fe21a7fe-170b-9452-5951-05d7fa59464e" testName="deberia_agregar_una_inasistencia_a_un_alumno_para_una_planilla_que_esta_en_un_curso" computerName="MDS-RH-0002" duration="00:00:00.0004042" startTime="2013-02-07T21:43:45.9783143-03:00" endTime="2013-02-07T21:43:45.9813146-03:00" testType="13cdc9d9-ddb5-4fa4-a97d-d965ccfc6d4b" outcome="Passed" testListId="8c84fa94-04c1-424b-9868-57a2d4851a1d" relativeResultsDirectory="0bfb6184-f850-4af4-a6f9-aa6841a7843e">
    </UnitTestResult>
    <UnitTestResult executionId="fa60e9c8-e184-40ad-aa35-09ceb7dfe391" testId="ff5ca805-f71b-e477-63b1-db8e8b29d28e" testName="deberia_poder_generar_una_planilla_para_un_curso_y_mes" computerName="MDS-RH-0002" duration="00:00:00.0002509" startTime="2013-02-07T21:43:45.9833148-03:00" endTime="2013-02-07T21:43:45.9863151-03:00" testType="13cdc9d9-ddb5-4fa4-a97d-d965ccfc6d4b" outcome="Passed" testListId="8c84fa94-04c1-424b-9868-57a2d4851a1d" relativeResultsDirectory="fa60e9c8-e184-40ad-aa35-09ceb7dfe391">
    </UnitTestResult>
  </Results>
</TestRun>