<?xml version="1.0" encoding="UTF-8"?>
<TestRun id="eeb56e00-938e-405c-9a30-c33710fd8fb5" name="ACALCAGNO@MDS-RH-0002 2013-02-07 21:48:32" runUser="SDS_DOMAIN_1\ACALCAGNO" xmlns="http://microsoft.com/schemas/VisualStudio/TeamTest/2010">
  <TestSettings name="Local" id="df296806-de48-495c-9280-032423d672d5">
    <Description>Esta es la configuración de pruebas predeterminada para una ejecución de pruebas local.</Description>
    <Deployment runDeploymentRoot="ACALCAGNO_MDS-RH-0002 2013-02-07 21_48_32">
      <DeploymentItem filename="C:\Repositorios\FernandoAssembla\SistemaWeb\SharedLibs\NDbUnit.SqlClient.dll" />
      <DeploymentItem filename="C:\Repositorios\FernandoAssembla\SistemaWeb\SharedLibs\Newtonsoft.Json.dll" />
      <DeploymentItem filename="C:\Repositorios\FernandoAssembla\SistemaWeb\SharedLibs\NMock2.Test.dll" />
      <DeploymentItem filename="C:\Repositorios\FernandoAssembla\SistemaWeb\SharedLibs\NMock2.dll" />
      <DeploymentItem filename="C:\Repositorios\FernandoAssembla\SistemaWeb\SharedLibs\NDbUnit.Core.dll" />
      <DeploymentItem filename="C:\Repositorios\FernandoAssembla\SistemaWeb\WebAsistencia\WebRhUI\bin\Debug\WebRhUI.dll" />
      <DeploymentItem filename="C:\Repositorios\FernandoAssembla\SistemaWeb\ProyectoNet\General\bin\Debug\General.dll" />
    </Deployment>
    <Execution>
      <TestTypeSpecific>
        <UnitTestRunConfig testTypeId="13cdc9d9-ddb5-4fa4-a97d-d965ccfc6d4b">
          <AssemblyResolution>
            <TestDirectory useLoadContext="true" />
          </AssemblyResolution>
        </UnitTestRunConfig>
        <WebTestRunConfiguration testTypeId="4e7599fa-5ecb-43e9-a887-cd63cf72d207">
          <Browser name="Internet Explorer 7.0">
            <Headers>
              <Header name="User-Agent" value="Mozilla/4.0 (compatible; MSIE 7.0; Windows NT 5.1)" />
              <Header name="Accept" value="*/*" />
              <Header name="Accept-Language" value="{{$IEAcceptLanguage}}" />
              <Header name="Accept-Encoding" value="GZIP" />
            </Headers>
          </Browser>
        </WebTestRunConfiguration>
      </TestTypeSpecific>
      <AgentRule name="LocalMachineDefaultRole">
      </AgentRule>
    </Execution>
  </TestSettings>
  <Times creation="2013-02-07T21:48:32.2889425-03:00" queuing="2013-02-07T21:48:32.9670103-03:00" start="2013-02-07T21:48:33.0150151-03:00" finish="2013-02-07T21:48:34.5981734-03:00" />
  <ResultSummary outcome="Failed">
    <Counters total="137" executed="137" passed="136" error="0" failed="1" timeout="0" aborted="0" inconclusive="0" passedButRunAborted="0" notRunnable="0" notExecuted="0" disconnected="0" warning="0" completed="0" inProgress="0" pending="0" />
  </ResultSummary>
  <TestDefinitions>
    <UnitTest name="deberia_poder_insertar_un_documento_en_la_base_con_numero_de_ticket" storage="c:\repositorios\fernandoassembla\sistemaweb\testviaticos\bin\debug\testviaticos.dll" id="d7dcf4df-b012-3cb2-f383-e4a465f466d1">
      <Execution id="3147f985-ef61-4d9c-a735-f495d4731544" />
      <TestMethod codeBase="C:/Repositorios/FernandoAssembla/SistemaWeb/TestViaticos/bin/Debug/TestViaticos.DLL" adapterTypeName="Microsoft.VisualStudio.TestTools.TestTypes.Unit.UnitTestAdapter, Microsoft.VisualStudio.QualityTools.Tips.UnitTest.Adapter, Version=10.0.0.0, Culture=neutral, PublicKeyToken=b03f5f7f11d50a3a" className="TestViaticos.TestRepositorioDocumentos, TestViaticos, Version=1.0.0.0, Culture=neutral, PublicKeyToken=null" name="deberia_poder_insertar_un_documento_en_la_base_con_numero_de_ticket" />
    </UnitTest>
    <UnitTest name="deberia_poder_obtener_los_alumnos_de_un_curso" storage="c:\repositorios\fernandoassembla\sistemaweb\testviaticos\bin\debug\testviaticos.dll" id="bb2f1794-72bc-c3ce-3c94-a7e6c21d4812">
      <Execution id="16b98c3b-5192-42ba-9d99-dbe63f7668d4" />
      <TestMethod codeBase="C:/Repositorios/FernandoAssembla/SistemaWeb/TestViaticos/bin/Debug/TestViaticos.DLL" adapterTypeName="Microsoft.VisualStudio.TestTools.TestTypes.Unit.UnitTestAdapter, Microsoft.VisualStudio.QualityTools.Tips.UnitTest.Adapter, Version=10.0.0.0, Culture=neutral, PublicKeyToken=b03f5f7f11d50a3a" className="TestViaticos.TestRepositorioCursos, TestViaticos, Version=1.0.0.0, Culture=neutral, PublicKeyToken=null" name="deberia_poder_obtener_los_alumnos_de_un_curso" />
    </UnitTest>
    <UnitTest name="al_buscar_por_nombre_de_area_la_palabra_RRHH_deberia_traerme_el_area_cuyo_nombre_es_RRHH" storage="c:\repositorios\fernandoassembla\sistemaweb\testviaticos\bin\debug\testviaticos.dll" id="79a63e0f-ba0e-a5dc-0d5c-dc38d27e7aa1">
      <Execution id="46b61a58-38e4-44cd-9420-075e354a6f76" />
      <TestMethod codeBase="C:/Repositorios/FernandoAssembla/SistemaWeb/TestViaticos/bin/Debug/TestViaticos.DLL" adapterTypeName="Microsoft.VisualStudio.TestTools.TestTypes.Unit.UnitTestAdapter, Microsoft.VisualStudio.QualityTools.Tips.UnitTest.Adapter, Version=10.0.0.0, Culture=neutral, PublicKeyToken=b03f5f7f11d50a3a" className="General.TestProtocolo, TestViaticos, Version=1.0.0.0, Culture=neutral, PublicKeyToken=null" name="al_buscar_por_nombre_de_area_la_palabra_RRHH_deberia_traerme_el_area_cuyo_nombre_es_RRHH" />
    </UnitTest>
    <UnitTest name="dado_b_quiero_c" storage="c:\repositorios\fernandoassembla\sistemaweb\testviaticos\bin\debug\testviaticos.dll" id="c5cbe3b9-5203-897f-6c97-10b52d6a9698">
      <Execution id="796425b0-4cd9-4892-a371-093de3bdf15f" />
      <TestMethod codeBase="C:/Repositorios/FernandoAssembla/SistemaWeb/TestViaticos/bin/Debug/TestViaticos.DLL" adapterTypeName="Microsoft.VisualStudio.TestTools.TestTypes.Unit.UnitTestAdapter, Microsoft.VisualStudio.QualityTools.Tips.UnitTest.Adapter, Version=10.0.0.0, Culture=neutral, PublicKeyToken=b03f5f7f11d50a3a" className="Tests.CodigoTareaTest, TestViaticos, Version=1.0.0.0, Culture=neutral, PublicKeyToken=null" name="dado_b_quiero_c" />
    </UnitTest>
    <UnitTest name="deberia_poder_validar_si_un_objeto_no_es_nulo" storage="c:\repositorios\fernandoassembla\sistemaweb\testviaticos\bin\debug\testviaticos.dll" id="82c21a02-0eaa-b33b-6618-e225964dbef2">
      <Execution id="2fae0f47-bd12-4e15-ad68-7e9ce3e8f0b7" />
      <TestMethod codeBase="C:/Repositorios/FernandoAssembla/SistemaWeb/TestViaticos/bin/Debug/TestViaticos.DLL" adapterTypeName="Microsoft.VisualStudio.TestTools.TestTypes.Unit.UnitTestAdapter, Microsoft.VisualStudio.QualityTools.Tips.UnitTest.Adapter, Version=10.0.0.0, Culture=neutral, PublicKeyToken=b03f5f7f11d50a3a" className="TestViaticos.TestValidador, TestViaticos, Version=1.0.0.0, Culture=neutral, PublicKeyToken=null" name="deberia_poder_validar_si_un_objeto_no_es_nulo" />
    </UnitTest>
    <UnitTest name="deberia_poder_actuailzar_un_documento" storage="c:\repositorios\fernandoassembla\sistemaweb\testviaticos\bin\debug\testviaticos.dll" id="42e7e5a9-27d6-1424-520a-64446a479ac2">
      <Execution id="bd8de1be-6158-4702-9aea-f687dd07e446" />
      <TestMethod codeBase="C:/Repositorios/FernandoAssembla/SistemaWeb/TestViaticos/bin/Debug/TestViaticos.DLL" adapterTypeName="Microsoft.VisualStudio.TestTools.TestTypes.Unit.UnitTestAdapter, Microsoft.VisualStudio.QualityTools.Tips.UnitTest.Adapter, Version=10.0.0.0, Culture=neutral, PublicKeyToken=b03f5f7f11d50a3a" className="TestViaticos.TestRepositorioDocumentos, TestViaticos, Version=1.0.0.0, Culture=neutral, PublicKeyToken=null" name="deberia_poder_actuailzar_un_documento" />
    </UnitTest>
    <UnitTest name="deberia_traer_4_viaticos" storage="c:\repositorios\fernandoassembla\sistemaweb\testviaticos\bin\debug\testviaticos.dll" id="57d98f0d-6038-69c7-9b96-75f22dd0e9dd">
      <Execution id="278728b6-c764-4369-a2c5-c41a3949ba54" />
      <TestMethod codeBase="C:/Repositorios/FernandoAssembla/SistemaWeb/TestViaticos/bin/Debug/TestViaticos.DLL" adapterTypeName="Microsoft.VisualStudio.TestTools.TestTypes.Unit.UnitTestAdapter, Microsoft.VisualStudio.QualityTools.Tips.UnitTest.Adapter, Version=10.0.0.0, Culture=neutral, PublicKeyToken=b03f5f7f11d50a3a" className="TestViaticos.TestRepositorioDeViaticos, TestViaticos, Version=1.0.0.0, Culture=neutral, PublicKeyToken=null" name="deberia_traer_4_viaticos" />
    </UnitTest>
    <UnitTest name="dado_aazz_debe_ser_abaa" storage="c:\repositorios\fernandoassembla\sistemaweb\testviaticos\bin\debug\testviaticos.dll" id="bf34bac0-1211-e38d-1273-9a3107460eaa">
      <Execution id="db5fb23c-7a39-45c3-b288-444c0d222297" />
      <TestMethod codeBase="C:/Repositorios/FernandoAssembla/SistemaWeb/TestViaticos/bin/Debug/TestViaticos.DLL" adapterTypeName="Microsoft.VisualStudio.TestTools.TestTypes.Unit.UnitTestAdapter, Microsoft.VisualStudio.QualityTools.Tips.UnitTest.Adapter, Version=10.0.0.0, Culture=neutral, PublicKeyToken=b03f5f7f11d50a3a" className="Tests.CodigoTareaTest, TestViaticos, Version=1.0.0.0, Culture=neutral, PublicKeyToken=null" name="dado_aazz_debe_ser_abaa" />
    </UnitTest>
    <UnitTest name="deberia_poder_conocer_los_dias_de_cursada_de_un_curso_para_un_mes" storage="c:\repositorios\fernandoassembla\sistemaweb\testviaticos\bin\debug\testviaticos.dll" id="07c6ae9a-6a82-fa4b-680a-96e32253ef51">
      <Execution id="380b634a-8cdf-4c51-82d8-ba72fa44cd74" />
      <TestMethod codeBase="C:/Repositorios/FernandoAssembla/SistemaWeb/TestViaticos/bin/Debug/TestViaticos.DLL" adapterTypeName="Microsoft.VisualStudio.TestTools.TestTypes.Unit.UnitTestAdapter, Microsoft.VisualStudio.QualityTools.Tips.UnitTest.Adapter, Version=10.0.0.0, Culture=neutral, PublicKeyToken=b03f5f7f11d50a3a" className="TestViaticos.TestPlanillaMensual, TestViaticos, Version=1.0.0.0, Culture=neutral, PublicKeyToken=null" name="deberia_poder_conocer_los_dias_de_cursada_de_un_curso_para_un_mes" />
    </UnitTest>
    <UnitTest name="deberia_poder_agregar_alumnos_a_un_curso" storage="c:\repositorios\fernandoassembla\sistemaweb\testviaticos\bin\debug\testviaticos.dll" id="182de057-0bb2-6910-8abd-59fd672a3af3">
      <Execution id="6c581515-c134-434b-8ca6-11647d9619f1" />
      <TestMethod codeBase="C:/Repositorios/FernandoAssembla/SistemaWeb/TestViaticos/bin/Debug/TestViaticos.DLL" adapterTypeName="Microsoft.VisualStudio.TestTools.TestTypes.Unit.UnitTestAdapter, Microsoft.VisualStudio.QualityTools.Tips.UnitTest.Adapter, Version=10.0.0.0, Culture=neutral, PublicKeyToken=b03f5f7f11d50a3a" className="TestViaticos.TestRepositorioCursos, TestViaticos, Version=1.0.0.0, Culture=neutral, PublicKeyToken=null" name="deberia_poder_agregar_alumnos_a_un_curso" />
    </UnitTest>
    <UnitTest name="deberia_crear_una_tabla_con_id_y_un_valor_99" storage="c:\repositorios\fernandoassembla\sistemaweb\testviaticos\bin\debug\testviaticos.dll" id="363f19a2-0f65-4da3-ffe2-9ae3bd940a9f">
      <Execution id="15b59cc0-5450-42ec-867f-35b56ecbff3a" />
      <TestMethod codeBase="C:/Repositorios/FernandoAssembla/SistemaWeb/TestViaticos/bin/Debug/TestViaticos.DLL" adapterTypeName="Microsoft.VisualStudio.TestTools.TestTypes.Unit.UnitTestAdapter, Microsoft.VisualStudio.QualityTools.Tips.UnitTest.Adapter, Version=10.0.0.0, Culture=neutral, PublicKeyToken=b03f5f7f11d50a3a" className="TestViaticos.TestTablasFake, TestViaticos, Version=1.0.0.0, Culture=neutral, PublicKeyToken=null" name="deberia_crear_una_tabla_con_id_y_un_valor_99" />
    </UnitTest>
    <UnitTest name="dado_un_curso_que_se_cursa_todos_los_jueves_cuando_le_pregunto_por_las_fechas_en_que_hay_que_asistir_durante_enero_de_2013_debe_contestar_5" storage="c:\repositorios\fernandoassembla\sistemaweb\testviaticos\bin\debug\testviaticos.dll" id="e6bad939-5185-804d-09f5-03d6b8675f35">
      <Execution id="c621edd3-441c-4bb9-85da-85d1f3c7db6e" />
      <TestMethod codeBase="C:/Repositorios/FernandoAssembla/SistemaWeb/TestViaticos/bin/Debug/TestViaticos.DLL" adapterTypeName="Microsoft.VisualStudio.TestTools.TestTypes.Unit.UnitTestAdapter, Microsoft.VisualStudio.QualityTools.Tips.UnitTest.Adapter, Version=10.0.0.0, Culture=neutral, PublicKeyToken=b03f5f7f11d50a3a" className="TestViaticos.TestCalendarioDeCurso, TestViaticos, Version=1.0.0.0, Culture=neutral, PublicKeyToken=null" name="dado_un_curso_que_se_cursa_todos_los_jueves_cuando_le_pregunto_por_las_fechas_en_que_hay_que_asistir_durante_enero_de_2013_debe_contestar_5" />
    </UnitTest>
    <UnitTest name="un_deserializador_de_filtros_deberia_poder_desserializar_un_filtro_de_documentos_por_numero_de_ticket" storage="c:\repositorios\fernandoassembla\sistemaweb\testviaticos\bin\debug\testviaticos.dll" id="002cf2ca-edf2-8bcf-43d5-0c3f0f84c4f5">
      <Execution id="af7d7185-2aca-44d7-b71f-a821becd1370" />
      <TestMethod codeBase="C:/Repositorios/FernandoAssembla/SistemaWeb/TestViaticos/bin/Debug/TestViaticos.DLL" adapterTypeName="Microsoft.VisualStudio.TestTools.TestTypes.Unit.UnitTestAdapter, Microsoft.VisualStudio.QualityTools.Tips.UnitTest.Adapter, Version=10.0.0.0, Culture=neutral, PublicKeyToken=b03f5f7f11d50a3a" className="General.TestFiltroSiCoI, TestViaticos, Version=1.0.0.0, Culture=neutral, PublicKeyToken=null" name="un_deserializador_de_filtros_deberia_poder_desserializar_un_filtro_de_documentos_por_numero_de_ticket" />
    </UnitTest>
    <UnitTest name="deberia_traer_viaticos_que_esten_de_la_areas_939_54_16_de_la_provincia_CORDOBA_SALTA_perido_011012_al_261012" storage="c:\repositorios\fernandoassembla\sistemaweb\testviaticos\bin\debug\testviaticos.dll" id="28a4ad86-b0f5-734b-2ffb-1771c0cae12f">
      <Execution id="495853b4-f7e9-49e8-b73f-ab2b050bd81e" />
      <TestMethod codeBase="C:/Repositorios/FernandoAssembla/SistemaWeb/TestViaticos/bin/Debug/TestViaticos.DLL" adapterTypeName="Microsoft.VisualStudio.TestTools.TestTypes.Unit.UnitTestAdapter, Microsoft.VisualStudio.QualityTools.Tips.UnitTest.Adapter, Version=10.0.0.0, Culture=neutral, PublicKeyToken=b03f5f7f11d50a3a" className="TestViaticos.TestConsultas, TestViaticos, Version=1.0.0.0, Culture=neutral, PublicKeyToken=null" name="deberia_traer_viaticos_que_esten_de_la_areas_939_54_16_de_la_provincia_CORDOBA_SALTA_perido_011012_al_261012" />
    </UnitTest>
    <UnitTest name="deberia_devolver_region_METRO_con_BuenosAires_con_una_localidad" storage="c:\repositorios\fernandoassembla\sistemaweb\testviaticos\bin\debug\testviaticos.dll" id="1bbef477-4f31-cfec-a6a8-6e1b0892c5f9">
      <Execution id="05fbb0f3-2d4f-46e9-a9cf-224b3ccdb84d" />
      <TestMethod codeBase="C:/Repositorios/FernandoAssembla/SistemaWeb/TestViaticos/bin/Debug/TestViaticos.DLL" adapterTypeName="Microsoft.VisualStudio.TestTools.TestTypes.Unit.UnitTestAdapter, Microsoft.VisualStudio.QualityTools.Tips.UnitTest.Adapter, Version=10.0.0.0, Culture=neutral, PublicKeyToken=b03f5f7f11d50a3a" className="TestViaticos.TestRepositorioZonas, TestViaticos, Version=1.0.0.0, Culture=neutral, PublicKeyToken=null" name="deberia_devolver_region_METRO_con_BuenosAires_con_una_localidad" />
    </UnitTest>
    <UnitTest name="el_repositorio_deberia_crear_una_mensajeria_con_sus_transiciones" storage="c:\repositorios\fernandoassembla\sistemaweb\testviaticos\bin\debug\testviaticos.dll" id="76c47d34-63a4-0479-90e7-a8d089e0dd93">
      <Execution id="c618a79f-24e5-454e-b495-4eafdbfd6d42" />
      <TestMethod codeBase="C:/Repositorios/FernandoAssembla/SistemaWeb/TestViaticos/bin/Debug/TestViaticos.DLL" adapterTypeName="Microsoft.VisualStudio.TestTools.TestTypes.Unit.UnitTestAdapter, Microsoft.VisualStudio.QualityTools.Tips.UnitTest.Adapter, Version=10.0.0.0, Culture=neutral, PublicKeyToken=b03f5f7f11d50a3a" className="TestViaticos.TestMensajeria, TestViaticos, Version=1.0.0.0, Culture=neutral, PublicKeyToken=null" name="el_repositorio_deberia_crear_una_mensajeria_con_sus_transiciones" />
    </UnitTest>
    <UnitTest name="deberia_devolver_una_fecha" storage="c:\repositorios\fernandoassembla\sistemaweb\testviaticos\bin\debug\testviaticos.dll" id="4793d588-4a8f-7915-87f2-c97c11507ad4">
      <Execution id="97af9a36-d7e3-475b-8809-33ea32df688f" />
      <TestMethod codeBase="C:/Repositorios/FernandoAssembla/SistemaWeb/TestViaticos/bin/Debug/TestViaticos.DLL" adapterTypeName="Microsoft.VisualStudio.TestTools.TestTypes.Unit.UnitTestAdapter, Microsoft.VisualStudio.QualityTools.Tips.UnitTest.Adapter, Version=10.0.0.0, Culture=neutral, PublicKeyToken=b03f5f7f11d50a3a" className="TestViaticos.TestTablasFake, TestViaticos, Version=1.0.0.0, Culture=neutral, PublicKeyToken=null" name="deberia_devolver_una_fecha" />
    </UnitTest>
    <UnitTest name="deberia_fallar_si_nada_indica_el_tipo_de_una_columna" storage="c:\repositorios\fernandoassembla\sistemaweb\testviaticos\bin\debug\testviaticos.dll" id="c5bc7be4-1c6a-1e48-0dbd-f119f73d764c">
      <Execution id="93f6fdb3-c31b-4e0f-9937-85c19abd9ec7" />
      <TestMethod codeBase="C:/Repositorios/FernandoAssembla/SistemaWeb/TestViaticos/bin/Debug/TestViaticos.DLL" adapterTypeName="Microsoft.VisualStudio.TestTools.TestTypes.Unit.UnitTestAdapter, Microsoft.VisualStudio.QualityTools.Tips.UnitTest.Adapter, Version=10.0.0.0, Culture=neutral, PublicKeyToken=b03f5f7f11d50a3a" className="TestViaticos.TestTablasFake, TestViaticos, Version=1.0.0.0, Culture=neutral, PublicKeyToken=null" name="deberia_fallar_si_nada_indica_el_tipo_de_una_columna" />
    </UnitTest>
    <UnitTest name="al_buscar_en_una_lista_de_áreas_un_email_devuelve_todos_las_áreas_cuyo_email_de_asistente_o_responsable_o_area_contiene_el_texto_buscado" storage="c:\repositorios\fernandoassembla\sistemaweb\testviaticos\bin\debug\testviaticos.dll" id="43bddf17-fba3-4d54-a157-cfcf7797ee39">
      <Execution id="f7188402-2b8b-457a-8326-a05d3a59a9ee" />
      <TestMethod codeBase="C:/Repositorios/FernandoAssembla/SistemaWeb/TestViaticos/bin/Debug/TestViaticos.DLL" adapterTypeName="Microsoft.VisualStudio.TestTools.TestTypes.Unit.UnitTestAdapter, Microsoft.VisualStudio.QualityTools.Tips.UnitTest.Adapter, Version=10.0.0.0, Culture=neutral, PublicKeyToken=b03f5f7f11d50a3a" className="General.TestProtocolo, TestViaticos, Version=1.0.0.0, Culture=neutral, PublicKeyToken=null" name="al_buscar_en_una_lista_de_áreas_un_email_devuelve_todos_las_áreas_cuyo_email_de_asistente_o_responsable_o_area_contiene_el_texto_buscado" />
    </UnitTest>
    <UnitTest name="el_circuito_deberia_por_default_subir_por_el_organigrama_a_menos_que_haya_una_excepcion" storage="c:\repositorios\fernandoassembla\sistemaweb\testviaticos\bin\debug\testviaticos.dll" id="43da4eae-d92c-9ac3-0f26-5e5600a67e90">
      <Execution id="f7a2c9e2-79fd-442d-93c9-78f25a12a77e" />
      <TestMethod codeBase="C:/Repositorios/FernandoAssembla/SistemaWeb/TestViaticos/bin/Debug/TestViaticos.DLL" adapterTypeName="Microsoft.VisualStudio.TestTools.TestTypes.Unit.UnitTestAdapter, Microsoft.VisualStudio.QualityTools.Tips.UnitTest.Adapter, Version=10.0.0.0, Culture=neutral, PublicKeyToken=b03f5f7f11d50a3a" className="TestViaticos.TestCircuitoDeViatico, TestViaticos, Version=1.0.0.0, Culture=neutral, PublicKeyToken=null" name="el_circuito_deberia_por_default_subir_por_el_organigrama_a_menos_que_haya_una_excepcion" />
    </UnitTest>
    <UnitTest name="al_buscar_por_reponsable_de_area_a_Miranda_debe_traer_dos_areas_una_con_responsable_cuyo_nombre_es_Miranda_y_otra_area_cuyo_apellido_de_responsable_es_también_Miranda" storage="c:\repositorios\fernandoassembla\sistemaweb\testviaticos\bin\debug\testviaticos.dll" id="eaffb742-992c-e34c-dbe5-be3438e36b95">
      <Execution id="aad1b405-4fac-4a2d-acae-f879bc49851b" />
      <TestMethod codeBase="C:/Repositorios/FernandoAssembla/SistemaWeb/TestViaticos/bin/Debug/TestViaticos.DLL" adapterTypeName="Microsoft.VisualStudio.TestTools.TestTypes.Unit.UnitTestAdapter, Microsoft.VisualStudio.QualityTools.Tips.UnitTest.Adapter, Version=10.0.0.0, Culture=neutral, PublicKeyToken=b03f5f7f11d50a3a" className="General.TestProtocolo, TestViaticos, Version=1.0.0.0, Culture=neutral, PublicKeyToken=null" name="al_buscar_por_reponsable_de_area_a_Miranda_debe_traer_dos_areas_una_con_responsable_cuyo_nombre_es_Miranda_y_otra_area_cuyo_apellido_de_responsable_es_también_Miranda" />
    </UnitTest>
    <UnitTest name="no_deberia_poder_cargar_una_inasistencia_si_el_dia_no_era_cursable" storage="c:\repositorios\fernandoassembla\sistemaweb\testviaticos\bin\debug\testviaticos.dll" id="bbbb69a9-ef38-b5dc-de66-8e150133f998">
      <Execution id="ca7afbd4-bd49-4442-9ea2-36fada3e87b9" />
      <TestMethod codeBase="C:/Repositorios/FernandoAssembla/SistemaWeb/TestViaticos/bin/Debug/TestViaticos.DLL" adapterTypeName="Microsoft.VisualStudio.TestTools.TestTypes.Unit.UnitTestAdapter, Microsoft.VisualStudio.QualityTools.Tips.UnitTest.Adapter, Version=10.0.0.0, Culture=neutral, PublicKeyToken=b03f5f7f11d50a3a" className="TestViaticos.TestPlanillaMensual, TestViaticos, Version=1.0.0.0, Culture=neutral, PublicKeyToken=null" name="no_deberia_poder_cargar_una_inasistencia_si_el_dia_no_era_cursable" />
    </UnitTest>
    <UnitTest name="al_preguntarle_en_que_area_esta_un_documeto_deberia_decirme_" storage="c:\repositorios\fernandoassembla\sistemaweb\testviaticos\bin\debug\testviaticos.dll" id="5188b3d7-a77a-3054-7bc5-b06591dc325c">
      <Execution id="92125017-f104-4f21-9910-32a77bbeb773" />
      <TestMethod codeBase="C:/Repositorios/FernandoAssembla/SistemaWeb/TestViaticos/bin/Debug/TestViaticos.DLL" adapterTypeName="Microsoft.VisualStudio.TestTools.TestTypes.Unit.UnitTestAdapter, Microsoft.VisualStudio.QualityTools.Tips.UnitTest.Adapter, Version=10.0.0.0, Culture=neutral, PublicKeyToken=b03f5f7f11d50a3a" className="TestViaticos.TestMensajeria, TestViaticos, Version=1.0.0.0, Culture=neutral, PublicKeyToken=null" name="al_preguntarle_en_que_area_esta_un_documeto_deberia_decirme_" />
    </UnitTest>
    <UnitTest name="no_deberia_permitir_pasarse_de_zzz999" storage="c:\repositorios\fernandoassembla\sistemaweb\testviaticos\bin\debug\testviaticos.dll" id="c6c229fe-82f0-9917-4112-b9f4fc6d4ce9">
      <Execution id="91277ffb-9abb-427e-ba12-08af0118cea3" />
      <TestMethod codeBase="C:/Repositorios/FernandoAssembla/SistemaWeb/TestViaticos/bin/Debug/TestViaticos.DLL" adapterTypeName="Microsoft.VisualStudio.TestTools.TestTypes.Unit.UnitTestAdapter, Microsoft.VisualStudio.QualityTools.Tips.UnitTest.Adapter, Version=10.0.0.0, Culture=neutral, PublicKeyToken=b03f5f7f11d50a3a" className="Tests.CodigoTareaTest, TestViaticos, Version=1.0.0.0, Culture=neutral, PublicKeyToken=null" name="no_deberia_permitir_pasarse_de_zzz999" />
    </UnitTest>
    <UnitTest name="deberia_devolver_los_saltos_por_excepcion" storage="c:\repositorios\fernandoassembla\sistemaweb\testviaticos\bin\debug\testviaticos.dll" id="73696332-8582-b3f8-3487-a0e8978d60e1">
      <Execution id="c8c362fc-2f19-437d-9cfe-2e988f4e5e47" />
      <TestMethod codeBase="C:/Repositorios/FernandoAssembla/SistemaWeb/TestViaticos/bin/Debug/TestViaticos.DLL" adapterTypeName="Microsoft.VisualStudio.TestTools.TestTypes.Unit.UnitTestAdapter, Microsoft.VisualStudio.QualityTools.Tips.UnitTest.Adapter, Version=10.0.0.0, Culture=neutral, PublicKeyToken=b03f5f7f11d50a3a" className="TestViaticos.TestRepositorioOrganigramas, TestViaticos, Version=1.0.0.0, Culture=neutral, PublicKeyToken=null" name="deberia_devolver_los_saltos_por_excepcion" />
    </UnitTest>
    <UnitTest name="deberia_poder_validar_si_un_id_no_es_valido" storage="c:\repositorios\fernandoassembla\sistemaweb\testviaticos\bin\debug\testviaticos.dll" id="96fb1f26-cf56-3c03-ade6-884985acd8d7">
      <Execution id="93bf8856-f2df-4c2c-ba50-9ec4de81ec2c" />
      <TestMethod codeBase="C:/Repositorios/FernandoAssembla/SistemaWeb/TestViaticos/bin/Debug/TestViaticos.DLL" adapterTypeName="Microsoft.VisualStudio.TestTools.TestTypes.Unit.UnitTestAdapter, Microsoft.VisualStudio.QualityTools.Tips.UnitTest.Adapter, Version=10.0.0.0, Culture=neutral, PublicKeyToken=b03f5f7f11d50a3a" className="TestViaticos.TestValidador, TestViaticos, Version=1.0.0.0, Culture=neutral, PublicKeyToken=null" name="deberia_poder_validar_si_un_id_no_es_valido" />
    </UnitTest>
    <UnitTest name="mensajeria_deberia_enviar_documento" storage="c:\repositorios\fernandoassembla\sistemaweb\testviaticos\bin\debug\testviaticos.dll" id="b8bd6fa3-7b0e-dbc4-d1ea-17a66d88e614">
      <Execution id="a526b389-6a04-4571-b932-257c52670441" />
      <TestMethod codeBase="C:/Repositorios/FernandoAssembla/SistemaWeb/TestViaticos/bin/Debug/TestViaticos.DLL" adapterTypeName="Microsoft.VisualStudio.TestTools.TestTypes.Unit.UnitTestAdapter, Microsoft.VisualStudio.QualityTools.Tips.UnitTest.Adapter, Version=10.0.0.0, Culture=neutral, PublicKeyToken=b03f5f7f11d50a3a" className="TestViaticos.TestMensajeria, TestViaticos, Version=1.0.0.0, Culture=neutral, PublicKeyToken=null" name="mensajeria_deberia_enviar_documento" />
    </UnitTest>
    <UnitTest name="deberia_poder_decirle_a_un_repositorio_que_use_una_conexion_que_devuelve_un_organigrama_simple" storage="c:\repositorios\fernandoassembla\sistemaweb\testviaticos\bin\debug\testviaticos.dll" id="8f23a447-15d5-92c8-a4fb-7722c21b1c07">
      <Execution id="8aa6d631-c1aa-4632-a54b-14cb4460541e" />
      <TestMethod codeBase="C:/Repositorios/FernandoAssembla/SistemaWeb/TestViaticos/bin/Debug/TestViaticos.DLL" adapterTypeName="Microsoft.VisualStudio.TestTools.TestTypes.Unit.UnitTestAdapter, Microsoft.VisualStudio.QualityTools.Tips.UnitTest.Adapter, Version=10.0.0.0, Culture=neutral, PublicKeyToken=b03f5f7f11d50a3a" className="TestViaticos.TestRepositorioOrganigramas, TestViaticos, Version=1.0.0.0, Culture=neutral, PublicKeyToken=null" name="deberia_poder_decirle_a_un_repositorio_que_use_una_conexion_que_devuelve_un_organigrama_simple" />
    </UnitTest>
    <UnitTest name="al_buscar_en_una_lista_de_áreas_por_Asistentes_de_área_a_María_debe_traer_el_area_de_RRHH_donde_María_es_secretaria" storage="c:\repositorios\fernandoassembla\sistemaweb\testviaticos\bin\debug\testviaticos.dll" id="39ba617e-74b7-ac1c-65b2-4df024e2d4e4">
      <Execution id="b0d051e9-f561-4448-b51e-c1155dead2f5" />
      <TestMethod codeBase="C:/Repositorios/FernandoAssembla/SistemaWeb/TestViaticos/bin/Debug/TestViaticos.DLL" adapterTypeName="Microsoft.VisualStudio.TestTools.TestTypes.Unit.UnitTestAdapter, Microsoft.VisualStudio.QualityTools.Tips.UnitTest.Adapter, Version=10.0.0.0, Culture=neutral, PublicKeyToken=b03f5f7f11d50a3a" className="General.TestProtocolo, TestViaticos, Version=1.0.0.0, Culture=neutral, PublicKeyToken=null" name="al_buscar_en_una_lista_de_áreas_por_Asistentes_de_área_a_María_debe_traer_el_area_de_RRHH_donde_María_es_secretaria" />
    </UnitTest>
    <UnitTest name="deberia_devolver_la_zona_Metro_con_una_localidad_y_la_zona_Patagonia_con_una_localidad" storage="c:\repositorios\fernandoassembla\sistemaweb\testviaticos\bin\debug\testviaticos.dll" id="60936b2d-9f38-488c-d3bd-319a17b5f6ba">
      <Execution id="aecfb1b1-9c96-4f6a-a971-b8bbef4b4b1b" />
      <TestMethod codeBase="C:/Repositorios/FernandoAssembla/SistemaWeb/TestViaticos/bin/Debug/TestViaticos.DLL" adapterTypeName="Microsoft.VisualStudio.TestTools.TestTypes.Unit.UnitTestAdapter, Microsoft.VisualStudio.QualityTools.Tips.UnitTest.Adapter, Version=10.0.0.0, Culture=neutral, PublicKeyToken=b03f5f7f11d50a3a" className="TestViaticos.TestRepositorioZonas, TestViaticos, Version=1.0.0.0, Culture=neutral, PublicKeyToken=null" name="deberia_devolver_la_zona_Metro_con_una_localidad_y_la_zona_Patagonia_con_una_localidad" />
    </UnitTest>
    <UnitTest name="no_se_debe_permitir_crear_un_organigrama_donde_las_areas_y_las_dependencias_son_vacias" storage="c:\repositorios\fernandoassembla\sistemaweb\testviaticos\bin\debug\testviaticos.dll" id="22fef842-2be2-549e-28ca-decc4b2f83c4">
      <Execution id="f69d6b05-4804-45d8-9cf4-139bef42f5c7" />
      <TestMethod codeBase="C:/Repositorios/FernandoAssembla/SistemaWeb/TestViaticos/bin/Debug/TestViaticos.DLL" adapterTypeName="Microsoft.VisualStudio.TestTools.TestTypes.Unit.UnitTestAdapter, Microsoft.VisualStudio.QualityTools.Tips.UnitTest.Adapter, Version=10.0.0.0, Culture=neutral, PublicKeyToken=b03f5f7f11d50a3a" className="TestViaticos.TestOrganigrama, TestViaticos, Version=1.0.0.0, Culture=neutral, PublicKeyToken=null" name="no_se_debe_permitir_crear_un_organigrama_donde_las_areas_y_las_dependencias_son_vacias" />
    </UnitTest>
    <UnitTest name="al_solicitarle_todas_las_areas_inferiores_de_marta_deberia_traerme_faby_yfabyB" storage="c:\repositorios\fernandoassembla\sistemaweb\testviaticos\bin\debug\testviaticos.dll" id="225e3e53-1987-0065-f209-06ded52d42cd">
      <Execution id="1ca3e397-b6ce-4139-8ada-7c69e243f094" />
      <TestMethod codeBase="C:/Repositorios/FernandoAssembla/SistemaWeb/TestViaticos/bin/Debug/TestViaticos.DLL" adapterTypeName="Microsoft.VisualStudio.TestTools.TestTypes.Unit.UnitTestAdapter, Microsoft.VisualStudio.QualityTools.Tips.UnitTest.Adapter, Version=10.0.0.0, Culture=neutral, PublicKeyToken=b03f5f7f11d50a3a" className="TestViaticos.TestOrganigrama, TestViaticos, Version=1.0.0.0, Culture=neutral, PublicKeyToken=null" name="al_solicitarle_todas_las_areas_inferiores_de_marta_deberia_traerme_faby_yfabyB" />
    </UnitTest>
    <UnitTest name="TestGetZonas" storage="c:\repositorios\fernandoassembla\sistemaweb\testviaticos\bin\debug\testviaticos.dll" id="cd0a2e1f-d61d-9cba-b24e-96406e906f5d">
      <Execution id="388f6b3b-c9d7-41f0-ba09-18a8c49ee7bf" />
      <TestMethod codeBase="C:/Repositorios/FernandoAssembla/SistemaWeb/TestViaticos/bin/Debug/TestViaticos.DLL" adapterTypeName="Microsoft.VisualStudio.TestTools.TestTypes.Unit.UnitTestAdapter, Microsoft.VisualStudio.QualityTools.Tips.UnitTest.Adapter, Version=10.0.0.0, Culture=neutral, PublicKeyToken=b03f5f7f11d50a3a" className="TestViaticos.TestRepositorioZonas, TestViaticos, Version=1.0.0.0, Culture=neutral, PublicKeyToken=null" name="TestGetZonas" />
    </UnitTest>
    <UnitTest name="deberia_poder_crear_un_checkbox_con_id_segun_la_entidad" storage="c:\repositorios\fernandoassembla\sistemaweb\testviaticos\bin\debug\testviaticos.dll" id="2d0a6e94-8989-8cc3-e286-44dd8a2f688e">
      <Execution id="c97ce6b1-26af-491b-99fa-b7e251655e52" />
      <TestMethod codeBase="C:/Repositorios/FernandoAssembla/SistemaWeb/TestViaticos/bin/Debug/TestViaticos.DLL" adapterTypeName="Microsoft.VisualStudio.TestTools.TestTypes.Unit.UnitTestAdapter, Microsoft.VisualStudio.QualityTools.Tips.UnitTest.Adapter, Version=10.0.0.0, Culture=neutral, PublicKeyToken=b03f5f7f11d50a3a" className="WebRhUITestNew.ControladorDeWebControlsTest, TestViaticos, Version=1.0.0.0, Culture=neutral, PublicKeyToken=null" name="deberia_poder_crear_un_checkbox_con_id_segun_la_entidad" />
    </UnitTest>
    <UnitTest name="no_deberia_poder_guardarse_un_documento_sin_tipo" storage="c:\repositorios\fernandoassembla\sistemaweb\testviaticos\bin\debug\testviaticos.dll" id="f1f50432-1bf0-de96-51bb-b6443df4774c">
      <Execution id="67bf05cc-b4c5-4c04-8e5b-9b4db1661e16" />
      <TestMethod codeBase="C:/Repositorios/FernandoAssembla/SistemaWeb/TestViaticos/bin/Debug/TestViaticos.DLL" adapterTypeName="Microsoft.VisualStudio.TestTools.TestTypes.Unit.UnitTestAdapter, Microsoft.VisualStudio.QualityTools.Tips.UnitTest.Adapter, Version=10.0.0.0, Culture=neutral, PublicKeyToken=b03f5f7f11d50a3a" className="TestViaticos.TestRepositorioDocumentos, TestViaticos, Version=1.0.0.0, Culture=neutral, PublicKeyToken=null" name="no_deberia_poder_guardarse_un_documento_sin_tipo" />
    </UnitTest>
    <UnitTest name="deberia_devolver_la_zona_Metro_con_dos_provincias_diferentes" storage="c:\repositorios\fernandoassembla\sistemaweb\testviaticos\bin\debug\testviaticos.dll" id="18a1cd9e-1ae4-3656-14a0-ac543707a055">
      <Execution id="5ae40a53-fc4f-49d2-bdaf-b2dd389645ce" />
      <TestMethod codeBase="C:/Repositorios/FernandoAssembla/SistemaWeb/TestViaticos/bin/Debug/TestViaticos.DLL" adapterTypeName="Microsoft.VisualStudio.TestTools.TestTypes.Unit.UnitTestAdapter, Microsoft.VisualStudio.QualityTools.Tips.UnitTest.Adapter, Version=10.0.0.0, Culture=neutral, PublicKeyToken=b03f5f7f11d50a3a" className="TestViaticos.TestRepositorioZonas, TestViaticos, Version=1.0.0.0, Culture=neutral, PublicKeyToken=null" name="deberia_devolver_la_zona_Metro_con_dos_provincias_diferentes" />
    </UnitTest>
    <UnitTest name="deberia_poder_obtener_el_string_de_un_chekbox" storage="c:\repositorios\fernandoassembla\sistemaweb\testviaticos\bin\debug\testviaticos.dll" id="d4034162-71c0-cb22-9a98-76a42e56e55e">
      <Execution id="ea2e5aab-a246-4c4b-975a-ef18e1818061" />
      <TestMethod codeBase="C:/Repositorios/FernandoAssembla/SistemaWeb/TestViaticos/bin/Debug/TestViaticos.DLL" adapterTypeName="Microsoft.VisualStudio.TestTools.TestTypes.Unit.UnitTestAdapter, Microsoft.VisualStudio.QualityTools.Tips.UnitTest.Adapter, Version=10.0.0.0, Culture=neutral, PublicKeyToken=b03f5f7f11d50a3a" className="WebRhUITestNew.ControladorDeWebControlsTest, TestViaticos, Version=1.0.0.0, Culture=neutral, PublicKeyToken=null" name="deberia_poder_obtener_el_string_de_un_chekbox" />
    </UnitTest>
    <UnitTest name="dado_a_quiero_b" storage="c:\repositorios\fernandoassembla\sistemaweb\testviaticos\bin\debug\testviaticos.dll" id="27563a31-6c9c-c1b2-7c6f-cfbc88311e88">
      <Execution id="7669e0a0-aff3-46d3-842d-1df120bc31fa" />
      <TestMethod codeBase="C:/Repositorios/FernandoAssembla/SistemaWeb/TestViaticos/bin/Debug/TestViaticos.DLL" adapterTypeName="Microsoft.VisualStudio.TestTools.TestTypes.Unit.UnitTestAdapter, Microsoft.VisualStudio.QualityTools.Tips.UnitTest.Adapter, Version=10.0.0.0, Culture=neutral, PublicKeyToken=b03f5f7f11d50a3a" className="Tests.CodigoTareaTest, TestViaticos, Version=1.0.0.0, Culture=neutral, PublicKeyToken=null" name="dado_a_quiero_b" />
    </UnitTest>
    <UnitTest name="dado_az_quiero_ba" storage="c:\repositorios\fernandoassembla\sistemaweb\testviaticos\bin\debug\testviaticos.dll" id="e9aa986f-7293-c98f-9d6b-6050f52118de">
      <Execution id="e4e60526-7558-4307-b93e-ba5e90e38cbc" />
      <TestMethod codeBase="C:/Repositorios/FernandoAssembla/SistemaWeb/TestViaticos/bin/Debug/TestViaticos.DLL" adapterTypeName="Microsoft.VisualStudio.TestTools.TestTypes.Unit.UnitTestAdapter, Microsoft.VisualStudio.QualityTools.Tips.UnitTest.Adapter, Version=10.0.0.0, Culture=neutral, PublicKeyToken=b03f5f7f11d50a3a" className="Tests.CodigoTareaTest, TestViaticos, Version=1.0.0.0, Culture=neutral, PublicKeyToken=null" name="dado_az_quiero_ba" />
    </UnitTest>
    <UnitTest name="dado_un_area_quiero_obtener_todos_los_asistentes_y_sus_datos_de_contacto" storage="c:\repositorios\fernandoassembla\sistemaweb\testviaticos\bin\debug\testviaticos.dll" id="6892221f-5432-520c-a667-6f10f84f4898">
      <Execution id="e3b76024-39c4-414f-bb53-d03d83058615" />
      <TestMethod codeBase="C:/Repositorios/FernandoAssembla/SistemaWeb/TestViaticos/bin/Debug/TestViaticos.DLL" adapterTypeName="Microsoft.VisualStudio.TestTools.TestTypes.Unit.UnitTestAdapter, Microsoft.VisualStudio.QualityTools.Tips.UnitTest.Adapter, Version=10.0.0.0, Culture=neutral, PublicKeyToken=b03f5f7f11d50a3a" className="General.TestUsuarios, TestViaticos, Version=1.0.0.0, Culture=neutral, PublicKeyToken=null" name="dado_un_area_quiero_obtener_todos_los_asistentes_y_sus_datos_de_contacto" />
    </UnitTest>
    <UnitTest name="el_circuito_deberia_por_default_subir_por_el_organigrama" storage="c:\repositorios\fernandoassembla\sistemaweb\testviaticos\bin\debug\testviaticos.dll" id="77c82c9f-520d-04a5-8c33-19a0d6332eaa">
      <Execution id="e88c7d31-4878-4654-b612-ccd27c876d72" />
      <TestMethod codeBase="C:/Repositorios/FernandoAssembla/SistemaWeb/TestViaticos/bin/Debug/TestViaticos.DLL" adapterTypeName="Microsoft.VisualStudio.TestTools.TestTypes.Unit.UnitTestAdapter, Microsoft.VisualStudio.QualityTools.Tips.UnitTest.Adapter, Version=10.0.0.0, Culture=neutral, PublicKeyToken=b03f5f7f11d50a3a" className="TestViaticos.TestCircuitoDeViatico, TestViaticos, Version=1.0.0.0, Culture=neutral, PublicKeyToken=null" name="el_circuito_deberia_por_default_subir_por_el_organigrama" />
    </UnitTest>
    <UnitTest name="no_deberia_permitir_pasarse_de_9" storage="c:\repositorios\fernandoassembla\sistemaweb\testviaticos\bin\debug\testviaticos.dll" id="c40af560-ccd4-15d1-681a-d268a1e88a1c">
      <Execution id="39195267-2f7a-460c-994b-950c02316276" />
      <TestMethod codeBase="C:/Repositorios/FernandoAssembla/SistemaWeb/TestViaticos/bin/Debug/TestViaticos.DLL" adapterTypeName="Microsoft.VisualStudio.TestTools.TestTypes.Unit.UnitTestAdapter, Microsoft.VisualStudio.QualityTools.Tips.UnitTest.Adapter, Version=10.0.0.0, Culture=neutral, PublicKeyToken=b03f5f7f11d50a3a" className="Tests.CodigoTareaTest, TestViaticos, Version=1.0.0.0, Culture=neutral, PublicKeyToken=null" name="no_deberia_permitir_pasarse_de_9" />
    </UnitTest>
    <UnitTest name="deberia_devolver_region_METRO_con_BuenosAires_con_una_localidad_con_id_4" storage="c:\repositorios\fernandoassembla\sistemaweb\testviaticos\bin\debug\testviaticos.dll" id="b0dad42f-cacf-b7c8-3bc2-1641e13c9caa">
      <Execution id="88fb5509-f97f-492f-9f98-692bdbda95ab" />
      <TestMethod codeBase="C:/Repositorios/FernandoAssembla/SistemaWeb/TestViaticos/bin/Debug/TestViaticos.DLL" adapterTypeName="Microsoft.VisualStudio.TestTools.TestTypes.Unit.UnitTestAdapter, Microsoft.VisualStudio.QualityTools.Tips.UnitTest.Adapter, Version=10.0.0.0, Culture=neutral, PublicKeyToken=b03f5f7f11d50a3a" className="TestViaticos.TestRepositorioZonas, TestViaticos, Version=1.0.0.0, Culture=neutral, PublicKeyToken=null" name="deberia_devolver_region_METRO_con_BuenosAires_con_una_localidad_con_id_4" />
    </UnitTest>
    <UnitTest name="deberia_poder_generar_una_planilla_para_un_curso_y_mes" storage="c:\repositorios\fernandoassembla\sistemaweb\testviaticos\bin\debug\testviaticos.dll" id="ff5ca805-f71b-e477-63b1-db8e8b29d28e">
      <Execution id="363e9f8d-2f85-4ec2-bfae-20974622bfed" />
      <TestMethod codeBase="C:/Repositorios/FernandoAssembla/SistemaWeb/TestViaticos/bin/Debug/TestViaticos.DLL" adapterTypeName="Microsoft.VisualStudio.TestTools.TestTypes.Unit.UnitTestAdapter, Microsoft.VisualStudio.QualityTools.Tips.UnitTest.Adapter, Version=10.0.0.0, Culture=neutral, PublicKeyToken=b03f5f7f11d50a3a" className="TestViaticos.TestPlanillaMensual, TestViaticos, Version=1.0.0.0, Culture=neutral, PublicKeyToken=null" name="deberia_poder_generar_una_planilla_para_un_curso_y_mes" />
    </UnitTest>
    <UnitTest name="deberia_traer_inasistencias_de_un_alumno_para_un_mes" storage="c:\repositorios\fernandoassembla\sistemaweb\testviaticos\bin\debug\testviaticos.dll" id="3667ca38-1ee0-0f59-2de9-55990d91ad13">
      <Execution id="610ac061-f164-4321-92cf-ea9dbf25048f" />
      <TestMethod codeBase="C:/Repositorios/FernandoAssembla/SistemaWeb/TestViaticos/bin/Debug/TestViaticos.DLL" adapterTypeName="Microsoft.VisualStudio.TestTools.TestTypes.Unit.UnitTestAdapter, Microsoft.VisualStudio.QualityTools.Tips.UnitTest.Adapter, Version=10.0.0.0, Culture=neutral, PublicKeyToken=b03f5f7f11d50a3a" className="TestViaticos.TestPlanillaMensual, TestViaticos, Version=1.0.0.0, Culture=neutral, PublicKeyToken=null" name="deberia_traer_inasistencias_de_un_alumno_para_un_mes" />
    </UnitTest>
    <UnitTest name="dado_un_area_quiero_saber_nombre_telefono_y_mail_de_responsable" storage="c:\repositorios\fernandoassembla\sistemaweb\testviaticos\bin\debug\testviaticos.dll" id="a8bf43a7-c593-21c5-b353-6a677fedb6e1">
      <Execution id="f7126a38-55e5-463b-be66-a9725927e4cb" />
      <TestMethod codeBase="C:/Repositorios/FernandoAssembla/SistemaWeb/TestViaticos/bin/Debug/TestViaticos.DLL" adapterTypeName="Microsoft.VisualStudio.TestTools.TestTypes.Unit.UnitTestAdapter, Microsoft.VisualStudio.QualityTools.Tips.UnitTest.Adapter, Version=10.0.0.0, Culture=neutral, PublicKeyToken=b03f5f7f11d50a3a" className="General.TestUsuarios, TestViaticos, Version=1.0.0.0, Culture=neutral, PublicKeyToken=null" name="dado_un_area_quiero_saber_nombre_telefono_y_mail_de_responsable" />
    </UnitTest>
    <UnitTest name="deberia_agregar_una_asistencia_a_un_alumno_para_una_planilla_que_esta_en_un_curso" storage="c:\repositorios\fernandoassembla\sistemaweb\testviaticos\bin\debug\testviaticos.dll" id="6f525a40-dadd-7cc4-eb37-95f1d91a14c9">
      <Execution id="7f179c7e-72da-4525-89b3-64ee325e8db3" />
      <TestMethod codeBase="C:/Repositorios/FernandoAssembla/SistemaWeb/TestViaticos/bin/Debug/TestViaticos.DLL" adapterTypeName="Microsoft.VisualStudio.TestTools.TestTypes.Unit.UnitTestAdapter, Microsoft.VisualStudio.QualityTools.Tips.UnitTest.Adapter, Version=10.0.0.0, Culture=neutral, PublicKeyToken=b03f5f7f11d50a3a" className="TestViaticos.TestPlanillaMensual, TestViaticos, Version=1.0.0.0, Culture=neutral, PublicKeyToken=null" name="deberia_agregar_una_asistencia_a_un_alumno_para_una_planilla_que_esta_en_un_curso" />
    </UnitTest>
    <UnitTest name="deberia_poder_obtener_todos_los_documentos" storage="c:\repositorios\fernandoassembla\sistemaweb\testviaticos\bin\debug\testviaticos.dll" id="38a50315-78cc-f677-cc67-a33e14f1587e">
      <Execution id="bc8a2499-bc50-4776-8190-9dfd045aa309" />
      <TestMethod codeBase="C:/Repositorios/FernandoAssembla/SistemaWeb/TestViaticos/bin/Debug/TestViaticos.DLL" adapterTypeName="Microsoft.VisualStudio.TestTools.TestTypes.Unit.UnitTestAdapter, Microsoft.VisualStudio.QualityTools.Tips.UnitTest.Adapter, Version=10.0.0.0, Culture=neutral, PublicKeyToken=b03f5f7f11d50a3a" className="TestViaticos.TestRepositorioDocumentos, TestViaticos, Version=1.0.0.0, Culture=neutral, PublicKeyToken=null" name="deberia_poder_obtener_todos_los_documentos" />
    </UnitTest>
    <UnitTest name="deberia_traer_las_personas_que_mas_solicitaron_viaticos_en_011012_261012" storage="c:\repositorios\fernandoassembla\sistemaweb\testviaticos\bin\debug\testviaticos.dll" id="2ba1906f-7dc1-cbb6-5d44-2eaa074ee001">
      <Execution id="4119ad15-32ef-4cb2-a548-ff0724baaf48" />
      <TestMethod codeBase="C:/Repositorios/FernandoAssembla/SistemaWeb/TestViaticos/bin/Debug/TestViaticos.DLL" adapterTypeName="Microsoft.VisualStudio.TestTools.TestTypes.Unit.UnitTestAdapter, Microsoft.VisualStudio.QualityTools.Tips.UnitTest.Adapter, Version=10.0.0.0, Culture=neutral, PublicKeyToken=b03f5f7f11d50a3a" className="TestViaticos.TestConsultas, TestViaticos, Version=1.0.0.0, Culture=neutral, PublicKeyToken=null" name="deberia_traer_las_personas_que_mas_solicitaron_viaticos_en_011012_261012" />
    </UnitTest>
    <UnitTest name="Un_organigrama_deberia_poder_decirme_cual_es_el_area_superior_de_un_area_dada" storage="c:\repositorios\fernandoassembla\sistemaweb\testviaticos\bin\debug\testviaticos.dll" id="d5acc190-8ff6-3621-55ca-bde560b60f80">
      <Execution id="9b760833-233b-4846-887f-3d9b6c22fd36" />
      <TestMethod codeBase="C:/Repositorios/FernandoAssembla/SistemaWeb/TestViaticos/bin/Debug/TestViaticos.DLL" adapterTypeName="Microsoft.VisualStudio.TestTools.TestTypes.Unit.UnitTestAdapter, Microsoft.VisualStudio.QualityTools.Tips.UnitTest.Adapter, Version=10.0.0.0, Culture=neutral, PublicKeyToken=b03f5f7f11d50a3a" className="TestViaticos.TestOrganigrama, TestViaticos, Version=1.0.0.0, Culture=neutral, PublicKeyToken=null" name="Un_organigrama_deberia_poder_decirme_cual_es_el_area_superior_de_un_area_dada" />
    </UnitTest>
    <UnitTest name="Un_organigrama_deberia_poder_decirme_todas_las_areas_que_son_superiores_a_un_area_dada" storage="c:\repositorios\fernandoassembla\sistemaweb\testviaticos\bin\debug\testviaticos.dll" id="8464698d-61d5-d408-819d-53311ef832f8">
      <Execution id="97070385-63f7-455e-aa04-5faa54251d67" />
      <TestMethod codeBase="C:/Repositorios/FernandoAssembla/SistemaWeb/TestViaticos/bin/Debug/TestViaticos.DLL" adapterTypeName="Microsoft.VisualStudio.TestTools.TestTypes.Unit.UnitTestAdapter, Microsoft.VisualStudio.QualityTools.Tips.UnitTest.Adapter, Version=10.0.0.0, Culture=neutral, PublicKeyToken=b03f5f7f11d50a3a" className="TestViaticos.TestOrganigrama, TestViaticos, Version=1.0.0.0, Culture=neutral, PublicKeyToken=null" name="Un_organigrama_deberia_poder_decirme_todas_las_areas_que_son_superiores_a_un_area_dada" />
    </UnitTest>
    <UnitTest name="Un_organigrama_deberia_poder_decirme_todas_las_areas_inferiores_inmediatas_a_un_area_dada" storage="c:\repositorios\fernandoassembla\sistemaweb\testviaticos\bin\debug\testviaticos.dll" id="bb759e7e-2161-1c79-ee60-b7766df2bd3f">
      <Execution id="bde8b4a9-2f7b-47e5-be0d-8f426c156ef1" />
      <TestMethod codeBase="C:/Repositorios/FernandoAssembla/SistemaWeb/TestViaticos/bin/Debug/TestViaticos.DLL" adapterTypeName="Microsoft.VisualStudio.TestTools.TestTypes.Unit.UnitTestAdapter, Microsoft.VisualStudio.QualityTools.Tips.UnitTest.Adapter, Version=10.0.0.0, Culture=neutral, PublicKeyToken=b03f5f7f11d50a3a" className="TestViaticos.TestOrganigrama, TestViaticos, Version=1.0.0.0, Culture=neutral, PublicKeyToken=null" name="Un_organigrama_deberia_poder_decirme_todas_las_areas_inferiores_inmediatas_a_un_area_dada" />
    </UnitTest>
    <UnitTest name="Un_organigrama_deberia_poder_decirme_todas_las_areas_inferiores_inmediatas_a_un_area_dada_con_muchas_areas" storage="c:\repositorios\fernandoassembla\sistemaweb\testviaticos\bin\debug\testviaticos.dll" id="68c724fc-1912-d9ac-d786-b1e6bb6c0994">
      <Execution id="6b59354a-53d8-47db-b265-c198ac7ec0b9" />
      <TestMethod codeBase="C:/Repositorios/FernandoAssembla/SistemaWeb/TestViaticos/bin/Debug/TestViaticos.DLL" adapterTypeName="Microsoft.VisualStudio.TestTools.TestTypes.Unit.UnitTestAdapter, Microsoft.VisualStudio.QualityTools.Tips.UnitTest.Adapter, Version=10.0.0.0, Culture=neutral, PublicKeyToken=b03f5f7f11d50a3a" className="TestViaticos.TestOrganigrama, TestViaticos, Version=1.0.0.0, Culture=neutral, PublicKeyToken=null" name="Un_organigrama_deberia_poder_decirme_todas_las_areas_inferiores_inmediatas_a_un_area_dada_con_muchas_areas" />
    </UnitTest>
    <UnitTest name="deberia_devolver_Buenos_Aires_con_dos_localidades" storage="c:\repositorios\fernandoassembla\sistemaweb\testviaticos\bin\debug\testviaticos.dll" id="d3eb6b18-b89c-308d-2472-f70947e6c57b">
      <Execution id="f275ebde-f940-41c0-a225-494dd0c95d34" />
      <TestMethod codeBase="C:/Repositorios/FernandoAssembla/SistemaWeb/TestViaticos/bin/Debug/TestViaticos.DLL" adapterTypeName="Microsoft.VisualStudio.TestTools.TestTypes.Unit.UnitTestAdapter, Microsoft.VisualStudio.QualityTools.Tips.UnitTest.Adapter, Version=10.0.0.0, Culture=neutral, PublicKeyToken=b03f5f7f11d50a3a" className="TestViaticos.TestRepositorioZonas, TestViaticos, Version=1.0.0.0, Culture=neutral, PublicKeyToken=null" name="deberia_devolver_Buenos_Aires_con_dos_localidades" />
    </UnitTest>
    <UnitTest name="no_se_debe_permitir_crear_un_organigrama_donde_un_hijo_tenga_dos_areas_padres" storage="c:\repositorios\fernandoassembla\sistemaweb\testviaticos\bin\debug\testviaticos.dll" id="74b1b58c-e814-5670-35a0-d1446a9967fd">
      <Execution id="67e993f7-20bc-48bf-a90c-9d223909e47c" />
      <TestMethod codeBase="C:/Repositorios/FernandoAssembla/SistemaWeb/TestViaticos/bin/Debug/TestViaticos.DLL" adapterTypeName="Microsoft.VisualStudio.TestTools.TestTypes.Unit.UnitTestAdapter, Microsoft.VisualStudio.QualityTools.Tips.UnitTest.Adapter, Version=10.0.0.0, Culture=neutral, PublicKeyToken=b03f5f7f11d50a3a" className="TestViaticos.TestOrganigrama, TestViaticos, Version=1.0.0.0, Culture=neutral, PublicKeyToken=null" name="no_se_debe_permitir_crear_un_organigrama_donde_un_hijo_tenga_dos_areas_padres" />
    </UnitTest>
    <UnitTest name="no_deberia_poder_guardarse_un_documento_sin_categoria" storage="c:\repositorios\fernandoassembla\sistemaweb\testviaticos\bin\debug\testviaticos.dll" id="219a2093-b6f2-f229-ae69-0108da5c2d8d">
      <Execution id="773a2fd6-d9ee-402f-849b-fb366cb3b3a2" />
      <TestMethod codeBase="C:/Repositorios/FernandoAssembla/SistemaWeb/TestViaticos/bin/Debug/TestViaticos.DLL" adapterTypeName="Microsoft.VisualStudio.TestTools.TestTypes.Unit.UnitTestAdapter, Microsoft.VisualStudio.QualityTools.Tips.UnitTest.Adapter, Version=10.0.0.0, Culture=neutral, PublicKeyToken=b03f5f7f11d50a3a" className="TestViaticos.TestRepositorioDocumentos, TestViaticos, Version=1.0.0.0, Culture=neutral, PublicKeyToken=null" name="no_deberia_poder_guardarse_un_documento_sin_categoria" />
    </UnitTest>
    <UnitTest name="cuando_se_solicita_la_lista_de_todas_las_áreas_superiores_de_un_área_debe_devolver_una_lista_vacía" storage="c:\repositorios\fernandoassembla\sistemaweb\testviaticos\bin\debug\testviaticos.dll" id="477414b1-9ac6-06f2-392d-c549405cd3f3">
      <Execution id="865686b0-11e7-4716-8929-9f6f09ba8cbd" />
      <TestMethod codeBase="C:/Repositorios/FernandoAssembla/SistemaWeb/TestViaticos/bin/Debug/TestViaticos.DLL" adapterTypeName="Microsoft.VisualStudio.TestTools.TestTypes.Unit.UnitTestAdapter, Microsoft.VisualStudio.QualityTools.Tips.UnitTest.Adapter, Version=10.0.0.0, Culture=neutral, PublicKeyToken=b03f5f7f11d50a3a" className="TestViaticos.TestOrganigrama, TestViaticos, Version=1.0.0.0, Culture=neutral, PublicKeyToken=null" name="cuando_se_solicita_la_lista_de_todas_las_áreas_superiores_de_un_área_debe_devolver_una_lista_vacía" />
    </UnitTest>
    <UnitTest name="deberia_crear_una_tabla_con_id" storage="c:\repositorios\fernandoassembla\sistemaweb\testviaticos\bin\debug\testviaticos.dll" id="e454c39b-e973-6bea-bc19-3dd352fe2860">
      <Execution id="cfdeb1c2-f7da-440d-b93d-b7abba2c450b" />
      <TestMethod codeBase="C:/Repositorios/FernandoAssembla/SistemaWeb/TestViaticos/bin/Debug/TestViaticos.DLL" adapterTypeName="Microsoft.VisualStudio.TestTools.TestTypes.Unit.UnitTestAdapter, Microsoft.VisualStudio.QualityTools.Tips.UnitTest.Adapter, Version=10.0.0.0, Culture=neutral, PublicKeyToken=b03f5f7f11d50a3a" className="TestViaticos.TestTablasFake, TestViaticos, Version=1.0.0.0, Culture=neutral, PublicKeyToken=null" name="deberia_crear_una_tabla_con_id" />
    </UnitTest>
    <UnitTest name="al_solicitarle_las_areas_inferiores_al_area_de_Marta_debe_traer_solo_la_de_Faby" storage="c:\repositorios\fernandoassembla\sistemaweb\testviaticos\bin\debug\testviaticos.dll" id="44b05242-b475-4635-6cec-78ec052b2688">
      <Execution id="b735637f-522e-477e-966a-37073a9add2d" />
      <TestMethod codeBase="C:/Repositorios/FernandoAssembla/SistemaWeb/TestViaticos/bin/Debug/TestViaticos.DLL" adapterTypeName="Microsoft.VisualStudio.TestTools.TestTypes.Unit.UnitTestAdapter, Microsoft.VisualStudio.QualityTools.Tips.UnitTest.Adapter, Version=10.0.0.0, Culture=neutral, PublicKeyToken=b03f5f7f11d50a3a" className="TestViaticos.TestOrganigrama, TestViaticos, Version=1.0.0.0, Culture=neutral, PublicKeyToken=null" name="al_solicitarle_las_areas_inferiores_al_area_de_Marta_debe_traer_solo_la_de_Faby" />
    </UnitTest>
    <UnitTest name="al_buscar_por_reponsable_de_area_a_Novoa_deberia_traerme_el_area_cuyo_apellido_de_responsable_es_Novoa" storage="c:\repositorios\fernandoassembla\sistemaweb\testviaticos\bin\debug\testviaticos.dll" id="e599cad1-eda4-094c-45c1-605d2f0e5702">
      <Execution id="78157d47-aca6-4051-93d8-e9f94e6ac54b" />
      <TestMethod codeBase="C:/Repositorios/FernandoAssembla/SistemaWeb/TestViaticos/bin/Debug/TestViaticos.DLL" adapterTypeName="Microsoft.VisualStudio.TestTools.TestTypes.Unit.UnitTestAdapter, Microsoft.VisualStudio.QualityTools.Tips.UnitTest.Adapter, Version=10.0.0.0, Culture=neutral, PublicKeyToken=b03f5f7f11d50a3a" className="General.TestProtocolo, TestViaticos, Version=1.0.0.0, Culture=neutral, PublicKeyToken=null" name="al_buscar_por_reponsable_de_area_a_Novoa_deberia_traerme_el_area_cuyo_apellido_de_responsable_es_Novoa" />
    </UnitTest>
    <UnitTest name="dado_aaa999_debe_ser_aab000" storage="c:\repositorios\fernandoassembla\sistemaweb\testviaticos\bin\debug\testviaticos.dll" id="4bc081ab-bd87-c7e6-2e9a-ea9029e80e8b">
      <Execution id="39d238ef-23ae-45c4-9981-cb0f3f571d9a" />
      <TestMethod codeBase="C:/Repositorios/FernandoAssembla/SistemaWeb/TestViaticos/bin/Debug/TestViaticos.DLL" adapterTypeName="Microsoft.VisualStudio.TestTools.TestTypes.Unit.UnitTestAdapter, Microsoft.VisualStudio.QualityTools.Tips.UnitTest.Adapter, Version=10.0.0.0, Culture=neutral, PublicKeyToken=b03f5f7f11d50a3a" className="Tests.CodigoTareaTest, TestViaticos, Version=1.0.0.0, Culture=neutral, PublicKeyToken=null" name="dado_aaa999_debe_ser_aab000" />
    </UnitTest>
    <UnitTest name="se_puede_crear_un_organigrama_con_forma_de_arbol_de_dos_pisos" storage="c:\repositorios\fernandoassembla\sistemaweb\testviaticos\bin\debug\testviaticos.dll" id="7a945366-5dc8-bde8-17f1-4ebf2f832448">
      <Execution id="fb8e64d9-c040-4668-a1ee-8e287eff8aa4" />
      <TestMethod codeBase="C:/Repositorios/FernandoAssembla/SistemaWeb/TestViaticos/bin/Debug/TestViaticos.DLL" adapterTypeName="Microsoft.VisualStudio.TestTools.TestTypes.Unit.UnitTestAdapter, Microsoft.VisualStudio.QualityTools.Tips.UnitTest.Adapter, Version=10.0.0.0, Culture=neutral, PublicKeyToken=b03f5f7f11d50a3a" className="TestViaticos.TestOrganigrama, TestViaticos, Version=1.0.0.0, Culture=neutral, PublicKeyToken=null" name="se_puede_crear_un_organigrama_con_forma_de_arbol_de_dos_pisos" />
    </UnitTest>
    <UnitTest name="deberia_poder_validar_si_un_objeto_no_esta_en_una_coleccion" storage="c:\repositorios\fernandoassembla\sistemaweb\testviaticos\bin\debug\testviaticos.dll" id="757e1e4a-ca0e-7dc8-c1f0-7e6c91ba8ea0">
      <Execution id="23861043-5a3c-4125-8058-c3c03adc9a9d" />
      <TestMethod codeBase="C:/Repositorios/FernandoAssembla/SistemaWeb/TestViaticos/bin/Debug/TestViaticos.DLL" adapterTypeName="Microsoft.VisualStudio.TestTools.TestTypes.Unit.UnitTestAdapter, Microsoft.VisualStudio.QualityTools.Tips.UnitTest.Adapter, Version=10.0.0.0, Culture=neutral, PublicKeyToken=b03f5f7f11d50a3a" className="TestViaticos.TestValidador, TestViaticos, Version=1.0.0.0, Culture=neutral, PublicKeyToken=null" name="deberia_poder_validar_si_un_objeto_no_esta_en_una_coleccion" />
    </UnitTest>
    <UnitTest name="dado_un_curso_que_se_cursa_lunes_y_jueves_cuando_le_pregunto_cuantos_dias_de_cursada_hay_en_la_primer_quincena_de_enero_me_dice_4" storage="c:\repositorios\fernandoassembla\sistemaweb\testviaticos\bin\debug\testviaticos.dll" id="53e1544f-a9d2-75aa-fac6-a61041be5fb7">
      <Execution id="230bd5e3-97d2-4312-b090-0e13b20a75a6" />
      <TestMethod codeBase="C:/Repositorios/FernandoAssembla/SistemaWeb/TestViaticos/bin/Debug/TestViaticos.DLL" adapterTypeName="Microsoft.VisualStudio.TestTools.TestTypes.Unit.UnitTestAdapter, Microsoft.VisualStudio.QualityTools.Tips.UnitTest.Adapter, Version=10.0.0.0, Culture=neutral, PublicKeyToken=b03f5f7f11d50a3a" className="TestViaticos.TestCalendarioDeCurso, TestViaticos, Version=1.0.0.0, Culture=neutral, PublicKeyToken=null" name="dado_un_curso_que_se_cursa_lunes_y_jueves_cuando_le_pregunto_cuantos_dias_de_cursada_hay_en_la_primer_quincena_de_enero_me_dice_4" />
    </UnitTest>
    <UnitTest name="deberia_agregar_una_inasistencia_a_un_alumno_para_una_planilla_que_esta_en_un_curso" storage="c:\repositorios\fernandoassembla\sistemaweb\testviaticos\bin\debug\testviaticos.dll" id="fe21a7fe-170b-9452-5951-05d7fa59464e">
      <Execution id="0b1334cd-7a2e-4ff3-ae83-3c57815b0857" />
      <TestMethod codeBase="C:/Repositorios/FernandoAssembla/SistemaWeb/TestViaticos/bin/Debug/TestViaticos.DLL" adapterTypeName="Microsoft.VisualStudio.TestTools.TestTypes.Unit.UnitTestAdapter, Microsoft.VisualStudio.QualityTools.Tips.UnitTest.Adapter, Version=10.0.0.0, Culture=neutral, PublicKeyToken=b03f5f7f11d50a3a" className="TestViaticos.TestPlanillaMensual, TestViaticos, Version=1.0.0.0, Culture=neutral, PublicKeyToken=null" name="deberia_agregar_una_inasistencia_a_un_alumno_para_una_planilla_que_esta_en_un_curso" />
    </UnitTest>
    <UnitTest name="deberia_poder_decirle_a_un_repositorio_que_use_una_conexion_que_no_devuelve_nada" storage="c:\repositorios\fernandoassembla\sistemaweb\testviaticos\bin\debug\testviaticos.dll" id="46d9bce1-2d0e-1aa8-e89e-b40f37783359">
      <Execution id="89996cef-a506-4cd3-b990-b76898923986" />
      <TestMethod codeBase="C:/Repositorios/FernandoAssembla/SistemaWeb/TestViaticos/bin/Debug/TestViaticos.DLL" adapterTypeName="Microsoft.VisualStudio.TestTools.TestTypes.Unit.UnitTestAdapter, Microsoft.VisualStudio.QualityTools.Tips.UnitTest.Adapter, Version=10.0.0.0, Culture=neutral, PublicKeyToken=b03f5f7f11d50a3a" className="TestViaticos.TestRepositorioOrganigramas, TestViaticos, Version=1.0.0.0, Culture=neutral, PublicKeyToken=null" name="deberia_poder_decirle_a_un_repositorio_que_use_una_conexion_que_no_devuelve_nada" />
    </UnitTest>
    <UnitTest name="deberia_poder_agregarle_cabeceras_de_columna_a_una_tabla" storage="c:\repositorios\fernandoassembla\sistemaweb\testviaticos\bin\debug\testviaticos.dll" id="27e6cdd1-0452-1cb1-16c4-7576bb6d0538">
      <Execution id="b459b65d-69db-48bc-8a84-2b336a98ebf9" />
      <TestMethod codeBase="C:/Repositorios/FernandoAssembla/SistemaWeb/TestViaticos/bin/Debug/TestViaticos.DLL" adapterTypeName="Microsoft.VisualStudio.TestTools.TestTypes.Unit.UnitTestAdapter, Microsoft.VisualStudio.QualityTools.Tips.UnitTest.Adapter, Version=10.0.0.0, Culture=neutral, PublicKeyToken=b03f5f7f11d50a3a" className="WebRhUITestNew.TestRenderizadorDeTablas, TestViaticos, Version=1.0.0.0, Culture=neutral, PublicKeyToken=null" name="deberia_poder_agregarle_cabeceras_de_columna_a_una_tabla" />
    </UnitTest>
    <UnitTest name="no_deberia_traer_inasistencias_de_un_alumno_que_no_falto" storage="c:\repositorios\fernandoassembla\sistemaweb\testviaticos\bin\debug\testviaticos.dll" id="94211d25-4f01-6a4f-21c4-290dd165eb14">
      <Execution id="b44cef8d-62e4-45b2-8abb-51280f25d2bb" />
      <TestMethod codeBase="C:/Repositorios/FernandoAssembla/SistemaWeb/TestViaticos/bin/Debug/TestViaticos.DLL" adapterTypeName="Microsoft.VisualStudio.TestTools.TestTypes.Unit.UnitTestAdapter, Microsoft.VisualStudio.QualityTools.Tips.UnitTest.Adapter, Version=10.0.0.0, Culture=neutral, PublicKeyToken=b03f5f7f11d50a3a" className="TestViaticos.TestPlanillaMensual, TestViaticos, Version=1.0.0.0, Culture=neutral, PublicKeyToken=null" name="no_deberia_traer_inasistencias_de_un_alumno_que_no_falto" />
    </UnitTest>
    <UnitTest name="dada_un_area__con_3_asistentes_deberia_obtener_en_una_unica_area_unico_registro_y_los_3_asistentes_incluido_en_el_area" storage="c:\repositorios\fernandoassembla\sistemaweb\testviaticos\bin\debug\testviaticos.dll" id="03a6a885-b427-a1c0-9f18-eab8c39d83dc">
      <Execution id="99bb5732-601c-499a-b17a-76d5661ec1da" />
      <TestMethod codeBase="C:/Repositorios/FernandoAssembla/SistemaWeb/TestViaticos/bin/Debug/TestViaticos.DLL" adapterTypeName="Microsoft.VisualStudio.TestTools.TestTypes.Unit.UnitTestAdapter, Microsoft.VisualStudio.QualityTools.Tips.UnitTest.Adapter, Version=10.0.0.0, Culture=neutral, PublicKeyToken=b03f5f7f11d50a3a" className="General.TestUsuarios, TestViaticos, Version=1.0.0.0, Culture=neutral, PublicKeyToken=null" name="dada_un_area__con_3_asistentes_deberia_obtener_en_una_unica_area_unico_registro_y_los_3_asistentes_incluido_en_el_area" />
    </UnitTest>
    <UnitTest name="deberia_poder_validar_si_un_objeto_es_nulo" storage="c:\repositorios\fernandoassembla\sistemaweb\testviaticos\bin\debug\testviaticos.dll" id="2ddded08-79a3-ad3a-b587-dfc68dd5b5f5">
      <Execution id="8a5da113-d82b-4042-bd15-ae567b4b1343" />
      <TestMethod codeBase="C:/Repositorios/FernandoAssembla/SistemaWeb/TestViaticos/bin/Debug/TestViaticos.DLL" adapterTypeName="Microsoft.VisualStudio.TestTools.TestTypes.Unit.UnitTestAdapter, Microsoft.VisualStudio.QualityTools.Tips.UnitTest.Adapter, Version=10.0.0.0, Culture=neutral, PublicKeyToken=b03f5f7f11d50a3a" className="TestViaticos.TestValidador, TestViaticos, Version=1.0.0.0, Culture=neutral, PublicKeyToken=null" name="deberia_poder_validar_si_un_objeto_es_nulo" />
    </UnitTest>
    <UnitTest name="no_deberia_cargar_una_inasistencia_a_un_alumno_que_no_esta_en_un_curso" storage="c:\repositorios\fernandoassembla\sistemaweb\testviaticos\bin\debug\testviaticos.dll" id="78a9f8b3-1879-e741-9ade-1dee019c141b">
      <Execution id="e9c6ed22-89e7-4778-b91d-0250e4b8822c" />
      <TestMethod codeBase="C:/Repositorios/FernandoAssembla/SistemaWeb/TestViaticos/bin/Debug/TestViaticos.DLL" adapterTypeName="Microsoft.VisualStudio.TestTools.TestTypes.Unit.UnitTestAdapter, Microsoft.VisualStudio.QualityTools.Tips.UnitTest.Adapter, Version=10.0.0.0, Culture=neutral, PublicKeyToken=b03f5f7f11d50a3a" className="TestViaticos.TestPlanillaMensual, TestViaticos, Version=1.0.0.0, Culture=neutral, PublicKeyToken=null" name="no_deberia_cargar_una_inasistencia_a_un_alumno_que_no_esta_en_un_curso" />
    </UnitTest>
    <UnitTest name="deberia_poder_guardar_una_transicion_nueva" storage="c:\repositorios\fernandoassembla\sistemaweb\testviaticos\bin\debug\testviaticos.dll" id="ddde0ed2-12a5-9bf8-2fdd-b32f11508a59">
      <Execution id="117a659e-f347-43ea-86da-146d795d9bf8" />
      <TestMethod codeBase="C:/Repositorios/FernandoAssembla/SistemaWeb/TestViaticos/bin/Debug/TestViaticos.DLL" adapterTypeName="Microsoft.VisualStudio.TestTools.TestTypes.Unit.UnitTestAdapter, Microsoft.VisualStudio.QualityTools.Tips.UnitTest.Adapter, Version=10.0.0.0, Culture=neutral, PublicKeyToken=b03f5f7f11d50a3a" className="TestViaticos.TestMensajeria, TestViaticos, Version=1.0.0.0, Culture=neutral, PublicKeyToken=null" name="deberia_poder_guardar_una_transicion_nueva" />
    </UnitTest>
    <UnitTest name="deberia_traer_4_areas_con_los_datos_de_contacto_de_la_mismas" storage="c:\repositorios\fernandoassembla\sistemaweb\testviaticos\bin\debug\testviaticos.dll" id="33728143-431e-2f80-b4cd-e190171f9673">
      <Execution id="958ee48b-e6eb-4733-9a9a-aff48d3b4351" />
      <TestMethod codeBase="C:/Repositorios/FernandoAssembla/SistemaWeb/TestViaticos/bin/Debug/TestViaticos.DLL" adapterTypeName="Microsoft.VisualStudio.TestTools.TestTypes.Unit.UnitTestAdapter, Microsoft.VisualStudio.QualityTools.Tips.UnitTest.Adapter, Version=10.0.0.0, Culture=neutral, PublicKeyToken=b03f5f7f11d50a3a" className="General.TestUsuarios, TestViaticos, Version=1.0.0.0, Culture=neutral, PublicKeyToken=null" name="deberia_traer_4_areas_con_los_datos_de_contacto_de_la_mismas" />
    </UnitTest>
    <UnitTest name="al_buscar_en_una_lista_de_áreas_un_email_devuelve_dos_emails__uno_de_asistente_y_otro_de_area__que_contienen_el_texto_buscado" storage="c:\repositorios\fernandoassembla\sistemaweb\testviaticos\bin\debug\testviaticos.dll" id="64afcefc-8af6-fc70-4ea7-766fc65f6c46">
      <Execution id="ccc21a27-5e61-44a5-9a81-d47a60c8dcf5" />
      <TestMethod codeBase="C:/Repositorios/FernandoAssembla/SistemaWeb/TestViaticos/bin/Debug/TestViaticos.DLL" adapterTypeName="Microsoft.VisualStudio.TestTools.TestTypes.Unit.UnitTestAdapter, Microsoft.VisualStudio.QualityTools.Tips.UnitTest.Adapter, Version=10.0.0.0, Culture=neutral, PublicKeyToken=b03f5f7f11d50a3a" className="General.TestProtocolo, TestViaticos, Version=1.0.0.0, Culture=neutral, PublicKeyToken=null" name="al_buscar_en_una_lista_de_áreas_un_email_devuelve_dos_emails__uno_de_asistente_y_otro_de_area__que_contienen_el_texto_buscado" />
    </UnitTest>
    <UnitTest name="al_buscar_por_una_palabra_del_extracto_del_documento_debe_traer_todos_los_documentos_que_cumplen_con_ello" storage="c:\repositorios\fernandoassembla\sistemaweb\testviaticos\bin\debug\testviaticos.dll" id="cff26abc-fddb-ef75-0bf4-49cf50880ca7">
      <Execution id="e3e8cdcb-80c2-44c3-abf0-c491958e0864" />
      <TestMethod codeBase="C:/Repositorios/FernandoAssembla/SistemaWeb/TestViaticos/bin/Debug/TestViaticos.DLL" adapterTypeName="Microsoft.VisualStudio.TestTools.TestTypes.Unit.UnitTestAdapter, Microsoft.VisualStudio.QualityTools.Tips.UnitTest.Adapter, Version=10.0.0.0, Culture=neutral, PublicKeyToken=b03f5f7f11d50a3a" className="General.TestFiltroSiCoI, TestViaticos, Version=1.0.0.0, Culture=neutral, PublicKeyToken=null" name="al_buscar_por_una_palabra_del_extracto_del_documento_debe_traer_todos_los_documentos_que_cumplen_con_ello" />
    </UnitTest>
    <UnitTest name="deberia_poder_validar_si_un_id_es_valido" storage="c:\repositorios\fernandoassembla\sistemaweb\testviaticos\bin\debug\testviaticos.dll" id="91497819-ba2a-f2e9-9418-b935f4653def">
      <Execution id="301d064b-f63e-4430-8318-d0ca40ebb935" />
      <TestMethod codeBase="C:/Repositorios/FernandoAssembla/SistemaWeb/TestViaticos/bin/Debug/TestViaticos.DLL" adapterTypeName="Microsoft.VisualStudio.TestTools.TestTypes.Unit.UnitTestAdapter, Microsoft.VisualStudio.QualityTools.Tips.UnitTest.Adapter, Version=10.0.0.0, Culture=neutral, PublicKeyToken=b03f5f7f11d50a3a" className="TestViaticos.TestValidador, TestViaticos, Version=1.0.0.0, Culture=neutral, PublicKeyToken=null" name="deberia_poder_validar_si_un_id_es_valido" />
    </UnitTest>
    <UnitTest name="al_buscar_por_una_categoria_de_documento_debe_traer_todos_los_documentos_que_cumplen_con_ello" storage="c:\repositorios\fernandoassembla\sistemaweb\testviaticos\bin\debug\testviaticos.dll" id="5b690971-fd71-4f11-40a9-1c85ffb21c38">
      <Execution id="3e1ae0b3-6566-4ab4-af19-31828bfe3414" />
      <TestMethod codeBase="C:/Repositorios/FernandoAssembla/SistemaWeb/TestViaticos/bin/Debug/TestViaticos.DLL" adapterTypeName="Microsoft.VisualStudio.TestTools.TestTypes.Unit.UnitTestAdapter, Microsoft.VisualStudio.QualityTools.Tips.UnitTest.Adapter, Version=10.0.0.0, Culture=neutral, PublicKeyToken=b03f5f7f11d50a3a" className="General.TestFiltroSiCoI, TestViaticos, Version=1.0.0.0, Culture=neutral, PublicKeyToken=null" name="al_buscar_por_una_categoria_de_documento_debe_traer_todos_los_documentos_que_cumplen_con_ello" />
    </UnitTest>
    <UnitTest name="deberia_poder_obtener_el_string_de_un_link_en_imagen_de_las_entidades_seleccionadas" storage="c:\repositorios\fernandoassembla\sistemaweb\testviaticos\bin\debug\testviaticos.dll" id="f01f9398-de8a-e114-4944-4c3877e413a9">
      <Execution id="e56f2509-d3d2-4d7d-9244-bfb96acd73b5" />
      <TestMethod codeBase="C:/Repositorios/FernandoAssembla/SistemaWeb/TestViaticos/bin/Debug/TestViaticos.DLL" adapterTypeName="Microsoft.VisualStudio.TestTools.TestTypes.Unit.UnitTestAdapter, Microsoft.VisualStudio.QualityTools.Tips.UnitTest.Adapter, Version=10.0.0.0, Culture=neutral, PublicKeyToken=b03f5f7f11d50a3a" className="WebRhUITestNew.ControladorDeWebControlsTest, TestViaticos, Version=1.0.0.0, Culture=neutral, PublicKeyToken=null" name="deberia_poder_obtener_el_string_de_un_link_en_imagen_de_las_entidades_seleccionadas" />
    </UnitTest>
    <UnitTest name="usuario_mesa_entrada_deberia_tener_solo_acceso_a_documentos" storage="c:\repositorios\fernandoassembla\sistemaweb\testviaticos\bin\debug\testviaticos.dll" id="de307af2-1c44-a9c2-0624-80b438a3400b">
      <Execution id="9dfff2ee-25c4-46b4-9f58-30e39d159a11" />
      <TestMethod codeBase="C:/Repositorios/FernandoAssembla/SistemaWeb/TestViaticos/bin/Debug/TestViaticos.DLL" adapterTypeName="Microsoft.VisualStudio.TestTools.TestTypes.Unit.UnitTestAdapter, Microsoft.VisualStudio.QualityTools.Tips.UnitTest.Adapter, Version=10.0.0.0, Culture=neutral, PublicKeyToken=b03f5f7f11d50a3a" className="TestViaticos.TestRepositorioUsuarios, TestViaticos, Version=1.0.0.0, Culture=neutral, PublicKeyToken=null" name="usuario_mesa_entrada_deberia_tener_solo_acceso_a_documentos" />
    </UnitTest>
    <UnitTest name="dado_1_quiero_2" storage="c:\repositorios\fernandoassembla\sistemaweb\testviaticos\bin\debug\testviaticos.dll" id="dfede4a0-4add-37a3-8cce-099c64499527">
      <Execution id="5e1cad99-dfe3-454e-b83a-2b81d0bf71ff" />
      <TestMethod codeBase="C:/Repositorios/FernandoAssembla/SistemaWeb/TestViaticos/bin/Debug/TestViaticos.DLL" adapterTypeName="Microsoft.VisualStudio.TestTools.TestTypes.Unit.UnitTestAdapter, Microsoft.VisualStudio.QualityTools.Tips.UnitTest.Adapter, Version=10.0.0.0, Culture=neutral, PublicKeyToken=b03f5f7f11d50a3a" className="Tests.CodigoTareaTest, TestViaticos, Version=1.0.0.0, Culture=neutral, PublicKeyToken=null" name="dado_1_quiero_2" />
    </UnitTest>
    <UnitTest name="deberia_poder_crear_un_organigrama_lineal_con_cuatro_areas" storage="c:\repositorios\fernandoassembla\sistemaweb\testviaticos\bin\debug\testviaticos.dll" id="06dca5fe-5ce6-35f4-b6c7-96dea566a67f">
      <Execution id="af9c7e3e-42e8-4c91-9c39-cba9af229b1b" />
      <TestMethod codeBase="C:/Repositorios/FernandoAssembla/SistemaWeb/TestViaticos/bin/Debug/TestViaticos.DLL" adapterTypeName="Microsoft.VisualStudio.TestTools.TestTypes.Unit.UnitTestAdapter, Microsoft.VisualStudio.QualityTools.Tips.UnitTest.Adapter, Version=10.0.0.0, Culture=neutral, PublicKeyToken=b03f5f7f11d50a3a" className="TestViaticos.TestOrganigrama, TestViaticos, Version=1.0.0.0, Culture=neutral, PublicKeyToken=null" name="deberia_poder_crear_un_organigrama_lineal_con_cuatro_areas" />
    </UnitTest>
    <UnitTest name="fabian_deberia_tener_un_area_con_solo_un_asistente" storage="c:\repositorios\fernandoassembla\sistemaweb\testviaticos\bin\debug\testviaticos.dll" id="4a850093-e479-3127-1dc5-d67d3a9e4d1b">
      <Execution id="9e4d69c4-357f-4739-9c64-ad3d1e62ea3e" />
      <TestMethod codeBase="C:/Repositorios/FernandoAssembla/SistemaWeb/TestViaticos/bin/Debug/TestViaticos.DLL" adapterTypeName="Microsoft.VisualStudio.TestTools.TestTypes.Unit.UnitTestAdapter, Microsoft.VisualStudio.QualityTools.Tips.UnitTest.Adapter, Version=10.0.0.0, Culture=neutral, PublicKeyToken=b03f5f7f11d50a3a" className="TestViaticos.TestRepositorioUsuarios, TestViaticos, Version=1.0.0.0, Culture=neutral, PublicKeyToken=null" name="fabian_deberia_tener_un_area_con_solo_un_asistente" />
    </UnitTest>
    <UnitTest name="deberia_traer_una_unica_area_con_los_datos_de_contacto_de_la_misma" storage="c:\repositorios\fernandoassembla\sistemaweb\testviaticos\bin\debug\testviaticos.dll" id="8e8c4b00-453c-ac9a-23f7-d441cdf71296">
      <Execution id="eed202ef-48e9-4a3a-b2c5-63b6ae658f23" />
      <TestMethod codeBase="C:/Repositorios/FernandoAssembla/SistemaWeb/TestViaticos/bin/Debug/TestViaticos.DLL" adapterTypeName="Microsoft.VisualStudio.TestTools.TestTypes.Unit.UnitTestAdapter, Microsoft.VisualStudio.QualityTools.Tips.UnitTest.Adapter, Version=10.0.0.0, Culture=neutral, PublicKeyToken=b03f5f7f11d50a3a" className="General.TestUsuarios, TestViaticos, Version=1.0.0.0, Culture=neutral, PublicKeyToken=null" name="deberia_traer_una_unica_area_con_los_datos_de_contacto_de_la_misma" />
    </UnitTest>
    <UnitTest name="al_solicitarle_las_areas_inferiores_de_Fabi_no_debe_traer_ninguna" storage="c:\repositorios\fernandoassembla\sistemaweb\testviaticos\bin\debug\testviaticos.dll" id="bf3ea6c6-ab88-4696-72a1-f31917a72c6c">
      <Execution id="d9e11035-f1c7-4fbe-84df-752e6d8c9cd6" />
      <TestMethod codeBase="C:/Repositorios/FernandoAssembla/SistemaWeb/TestViaticos/bin/Debug/TestViaticos.DLL" adapterTypeName="Microsoft.VisualStudio.TestTools.TestTypes.Unit.UnitTestAdapter, Microsoft.VisualStudio.QualityTools.Tips.UnitTest.Adapter, Version=10.0.0.0, Culture=neutral, PublicKeyToken=b03f5f7f11d50a3a" className="TestViaticos.TestOrganigrama, TestViaticos, Version=1.0.0.0, Culture=neutral, PublicKeyToken=null" name="al_solicitarle_las_areas_inferiores_de_Fabi_no_debe_traer_ninguna" />
    </UnitTest>
    <UnitTest name="deberia_poder_guardar_un_nuevo_viatico_en_el_repositorio_de_viaticos_y_que_se_le_asigne_un_id" storage="c:\repositorios\fernandoassembla\sistemaweb\testviaticos\bin\debug\testviaticos.dll" id="e4a0643c-ded2-0a34-7284-5a78ff072139">
      <Execution id="27036384-986e-4e75-af47-3af42827ed08" />
      <TestMethod codeBase="C:/Repositorios/FernandoAssembla/SistemaWeb/TestViaticos/bin/Debug/TestViaticos.DLL" adapterTypeName="Microsoft.VisualStudio.TestTools.TestTypes.Unit.UnitTestAdapter, Microsoft.VisualStudio.QualityTools.Tips.UnitTest.Adapter, Version=10.0.0.0, Culture=neutral, PublicKeyToken=b03f5f7f11d50a3a" className="TestViaticos.TestRepositorioDeViaticos, TestViaticos, Version=1.0.0.0, Culture=neutral, PublicKeyToken=null" name="deberia_poder_guardar_un_nuevo_viatico_en_el_repositorio_de_viaticos_y_que_se_le_asigne_un_id" />
    </UnitTest>
    <UnitTest name="deberia_poder_quitar_alumnos" storage="c:\repositorios\fernandoassembla\sistemaweb\testviaticos\bin\debug\testviaticos.dll" id="f86c4657-4e4d-11f0-63ee-95d2154ef49d">
      <Execution id="780d12a8-3408-445b-ac6c-bcd8f63c0cd0" />
      <TestMethod codeBase="C:/Repositorios/FernandoAssembla/SistemaWeb/TestViaticos/bin/Debug/TestViaticos.DLL" adapterTypeName="Microsoft.VisualStudio.TestTools.TestTypes.Unit.UnitTestAdapter, Microsoft.VisualStudio.QualityTools.Tips.UnitTest.Adapter, Version=10.0.0.0, Culture=neutral, PublicKeyToken=b03f5f7f11d50a3a" className="TestViaticos.TestAlumnos, TestViaticos, Version=1.0.0.0, Culture=neutral, PublicKeyToken=null" name="deberia_poder_quitar_alumnos" />
    </UnitTest>
    <UnitTest name="Un_organigrama_deberia_poder_decirme_todas_las_areas_inferiores_a_un_area_dada_con_una_estructura_lineal" storage="c:\repositorios\fernandoassembla\sistemaweb\testviaticos\bin\debug\testviaticos.dll" id="043dc452-5b80-2a1c-5140-d90d565722bc">
      <Execution id="43be10d0-6603-4cff-b97a-c93eb0958dfb" />
      <TestMethod codeBase="C:/Repositorios/FernandoAssembla/SistemaWeb/TestViaticos/bin/Debug/TestViaticos.DLL" adapterTypeName="Microsoft.VisualStudio.TestTools.TestTypes.Unit.UnitTestAdapter, Microsoft.VisualStudio.QualityTools.Tips.UnitTest.Adapter, Version=10.0.0.0, Culture=neutral, PublicKeyToken=b03f5f7f11d50a3a" className="TestViaticos.TestOrganigrama, TestViaticos, Version=1.0.0.0, Culture=neutral, PublicKeyToken=null" name="Un_organigrama_deberia_poder_decirme_todas_las_areas_inferiores_a_un_area_dada_con_una_estructura_lineal" />
    </UnitTest>
    <UnitTest name="al_buscar_por_fecha_desde_y_fecha_hasta_debería_traer_todos_los_documentos_cuya_fecha_está_incluída_en_ese_rango" storage="c:\repositorios\fernandoassembla\sistemaweb\testviaticos\bin\debug\testviaticos.dll" id="8c631ab0-9081-f239-8e5b-8f0f7f274cb2">
      <Execution id="bbb7658b-65f4-472a-bd5f-a8f3436cd7df" />
      <TestMethod codeBase="C:/Repositorios/FernandoAssembla/SistemaWeb/TestViaticos/bin/Debug/TestViaticos.DLL" adapterTypeName="Microsoft.VisualStudio.TestTools.TestTypes.Unit.UnitTestAdapter, Microsoft.VisualStudio.QualityTools.Tips.UnitTest.Adapter, Version=10.0.0.0, Culture=neutral, PublicKeyToken=b03f5f7f11d50a3a" className="General.TestFiltroSiCoI, TestViaticos, Version=1.0.0.0, Culture=neutral, PublicKeyToken=null" name="al_buscar_por_fecha_desde_y_fecha_hasta_debería_traer_todos_los_documentos_cuya_fecha_está_incluída_en_ese_rango" />
    </UnitTest>
    <UnitTest name="deberia_crear_una_tabla_con_id_y_descripcion" storage="c:\repositorios\fernandoassembla\sistemaweb\testviaticos\bin\debug\testviaticos.dll" id="71dbce06-b24d-82d9-d3a9-b8664de5dbbb">
      <Execution id="acae27bc-7649-4e46-a7de-67b57ddd8c57" />
      <TestMethod codeBase="C:/Repositorios/FernandoAssembla/SistemaWeb/TestViaticos/bin/Debug/TestViaticos.DLL" adapterTypeName="Microsoft.VisualStudio.TestTools.TestTypes.Unit.UnitTestAdapter, Microsoft.VisualStudio.QualityTools.Tips.UnitTest.Adapter, Version=10.0.0.0, Culture=neutral, PublicKeyToken=b03f5f7f11d50a3a" className="TestViaticos.TestTablasFake, TestViaticos, Version=1.0.0.0, Culture=neutral, PublicKeyToken=null" name="deberia_crear_una_tabla_con_id_y_descripcion" />
    </UnitTest>
    <UnitTest name="no_se_debe_permitir_crear_un_organigrama_donde_tenga_mas_de_un_area_superior_final" storage="c:\repositorios\fernandoassembla\sistemaweb\testviaticos\bin\debug\testviaticos.dll" id="02698425-13df-8609-0cad-f65978180f81">
      <Execution id="a87bb100-6d41-4f87-9217-eeac9b29f783" />
      <TestMethod codeBase="C:/Repositorios/FernandoAssembla/SistemaWeb/TestViaticos/bin/Debug/TestViaticos.DLL" adapterTypeName="Microsoft.VisualStudio.TestTools.TestTypes.Unit.UnitTestAdapter, Microsoft.VisualStudio.QualityTools.Tips.UnitTest.Adapter, Version=10.0.0.0, Culture=neutral, PublicKeyToken=b03f5f7f11d50a3a" className="TestViaticos.TestOrganigrama, TestViaticos, Version=1.0.0.0, Culture=neutral, PublicKeyToken=null" name="no_se_debe_permitir_crear_un_organigrama_donde_tenga_mas_de_un_area_superior_final" />
    </UnitTest>
    <UnitTest name="deberia_poder_obtener_un_curso_del_repositorio_de_cursos" storage="c:\repositorios\fernandoassembla\sistemaweb\testviaticos\bin\debug\testviaticos.dll" id="c564bf77-b387-e233-53e7-c5c85a463602">
      <Execution id="4445b671-28c5-4a06-80f9-077e3e95bdc0" />
      <TestMethod codeBase="C:/Repositorios/FernandoAssembla/SistemaWeb/TestViaticos/bin/Debug/TestViaticos.DLL" adapterTypeName="Microsoft.VisualStudio.TestTools.TestTypes.Unit.UnitTestAdapter, Microsoft.VisualStudio.QualityTools.Tips.UnitTest.Adapter, Version=10.0.0.0, Culture=neutral, PublicKeyToken=b03f5f7f11d50a3a" className="TestViaticos.TestRepositorioCursos, TestViaticos, Version=1.0.0.0, Culture=neutral, PublicKeyToken=null" name="deberia_poder_obtener_un_curso_del_repositorio_de_cursos" />
    </UnitTest>
    <UnitTest name="deberia_poder_validar_si_un_objeto_esta_en_una_coleccion" storage="c:\repositorios\fernandoassembla\sistemaweb\testviaticos\bin\debug\testviaticos.dll" id="6e2099d5-ff03-21ed-7c09-0bc58519434c">
      <Execution id="acfcbfb3-fee2-43b5-8cc0-ae9675e1dd87" />
      <TestMethod codeBase="C:/Repositorios/FernandoAssembla/SistemaWeb/TestViaticos/bin/Debug/TestViaticos.DLL" adapterTypeName="Microsoft.VisualStudio.TestTools.TestTypes.Unit.UnitTestAdapter, Microsoft.VisualStudio.QualityTools.Tips.UnitTest.Adapter, Version=10.0.0.0, Culture=neutral, PublicKeyToken=b03f5f7f11d50a3a" className="TestViaticos.TestValidador, TestViaticos, Version=1.0.0.0, Culture=neutral, PublicKeyToken=null" name="deberia_poder_validar_si_un_objeto_esta_en_una_coleccion" />
    </UnitTest>
    <UnitTest name="al_buscar_por_un_numero_de_ticket__de_documento_o_parte_de_él_debe_traer_todos_los_documentos_que_cumplen_con_ello" storage="c:\repositorios\fernandoassembla\sistemaweb\testviaticos\bin\debug\testviaticos.dll" id="88eff91e-3ca2-b202-c4d3-20146aaa990f">
      <Execution id="d0da1d36-7e78-4cdb-b95e-5473de0daa48" />
      <TestMethod codeBase="C:/Repositorios/FernandoAssembla/SistemaWeb/TestViaticos/bin/Debug/TestViaticos.DLL" adapterTypeName="Microsoft.VisualStudio.TestTools.TestTypes.Unit.UnitTestAdapter, Microsoft.VisualStudio.QualityTools.Tips.UnitTest.Adapter, Version=10.0.0.0, Culture=neutral, PublicKeyToken=b03f5f7f11d50a3a" className="General.TestFiltroSiCoI, TestViaticos, Version=1.0.0.0, Culture=neutral, PublicKeyToken=null" name="al_buscar_por_un_numero_de_ticket__de_documento_o_parte_de_él_debe_traer_todos_los_documentos_que_cumplen_con_ello" />
    </UnitTest>
    <UnitTest name="deberia_poder_agregar_alumnos" storage="c:\repositorios\fernandoassembla\sistemaweb\testviaticos\bin\debug\testviaticos.dll" id="c2ebf66d-ae9e-9e71-55e6-fa4f57f3dcd0">
      <Execution id="1ec407cc-a343-4d09-811f-b33c7a191112" />
      <TestMethod codeBase="C:/Repositorios/FernandoAssembla/SistemaWeb/TestViaticos/bin/Debug/TestViaticos.DLL" adapterTypeName="Microsoft.VisualStudio.TestTools.TestTypes.Unit.UnitTestAdapter, Microsoft.VisualStudio.QualityTools.Tips.UnitTest.Adapter, Version=10.0.0.0, Culture=neutral, PublicKeyToken=b03f5f7f11d50a3a" className="TestViaticos.TestAlumnos, TestViaticos, Version=1.0.0.0, Culture=neutral, PublicKeyToken=null" name="deberia_poder_agregar_alumnos" />
    </UnitTest>
    <UnitTest name="deberia_poder_obtener_todos_los_datos_del_area_y_ver_que_estan_completos" storage="c:\repositorios\fernandoassembla\sistemaweb\testviaticos\bin\debug\testviaticos.dll" id="a44cf039-3a08-31a6-19c4-66a5660ef220">
      <Execution id="f2553412-594f-43d2-812c-43c64620748a" />
      <TestMethod codeBase="C:/Repositorios/FernandoAssembla/SistemaWeb/TestViaticos/bin/Debug/TestViaticos.DLL" adapterTypeName="Microsoft.VisualStudio.TestTools.TestTypes.Unit.UnitTestAdapter, Microsoft.VisualStudio.QualityTools.Tips.UnitTest.Adapter, Version=10.0.0.0, Culture=neutral, PublicKeyToken=b03f5f7f11d50a3a" className="TestViaticos.TestRepositorioAreas, TestViaticos, Version=1.0.0.0, Culture=neutral, PublicKeyToken=null" name="deberia_poder_obtener_todos_los_datos_del_area_y_ver_que_estan_completos" />
    </UnitTest>
    <UnitTest name="deberia_crear_una_tabla_con_nombre_y_un_valor_Juan" storage="c:\repositorios\fernandoassembla\sistemaweb\testviaticos\bin\debug\testviaticos.dll" id="6325cb50-8252-7333-a10e-129eb61d4a7d">
      <Execution id="c2eaef1c-9a45-4781-bf81-9f576320c018" />
      <TestMethod codeBase="C:/Repositorios/FernandoAssembla/SistemaWeb/TestViaticos/bin/Debug/TestViaticos.DLL" adapterTypeName="Microsoft.VisualStudio.TestTools.TestTypes.Unit.UnitTestAdapter, Microsoft.VisualStudio.QualityTools.Tips.UnitTest.Adapter, Version=10.0.0.0, Culture=neutral, PublicKeyToken=b03f5f7f11d50a3a" className="TestViaticos.TestTablasFake, TestViaticos, Version=1.0.0.0, Culture=neutral, PublicKeyToken=null" name="deberia_crear_una_tabla_con_nombre_y_un_valor_Juan" />
    </UnitTest>
    <UnitTest name="deberia_poder_tener_los_checkboxes_seleccionados_de_un_request" storage="c:\repositorios\fernandoassembla\sistemaweb\testviaticos\bin\debug\testviaticos.dll" id="2a085327-6b89-00de-3f93-60ecccb235b6">
      <Execution id="6061bbc6-25cd-4ceb-a1d2-c7dfb747e4f7" />
      <TestMethod codeBase="C:/Repositorios/FernandoAssembla/SistemaWeb/TestViaticos/bin/Debug/TestViaticos.DLL" adapterTypeName="Microsoft.VisualStudio.TestTools.TestTypes.Unit.UnitTestAdapter, Microsoft.VisualStudio.QualityTools.Tips.UnitTest.Adapter, Version=10.0.0.0, Culture=neutral, PublicKeyToken=b03f5f7f11d50a3a" className="WebRhUITestNew.ControladorDeWebControlsTest, TestViaticos, Version=1.0.0.0, Culture=neutral, PublicKeyToken=null" name="deberia_poder_tener_los_checkboxes_seleccionados_de_un_request" />
    </UnitTest>
    <UnitTest name="no_deberia_poder_tener_un_documento_sin_categoria" storage="c:\repositorios\fernandoassembla\sistemaweb\testviaticos\bin\debug\testviaticos.dll" id="751e279c-34dc-9434-036d-cf7c6e4fd783">
      <Execution id="997b65f5-057e-4a05-a0c7-8f5b66c17b9e" />
      <TestMethod codeBase="C:/Repositorios/FernandoAssembla/SistemaWeb/TestViaticos/bin/Debug/TestViaticos.DLL" adapterTypeName="Microsoft.VisualStudio.TestTools.TestTypes.Unit.UnitTestAdapter, Microsoft.VisualStudio.QualityTools.Tips.UnitTest.Adapter, Version=10.0.0.0, Culture=neutral, PublicKeyToken=b03f5f7f11d50a3a" className="TestViaticos.TestDocumentos, TestViaticos, Version=1.0.0.0, Culture=neutral, PublicKeyToken=null" name="no_deberia_poder_tener_un_documento_sin_categoria" />
    </UnitTest>
    <UnitTest name="deberia_poder_obtener_todos_los_tipos_de_documento" storage="c:\repositorios\fernandoassembla\sistemaweb\testviaticos\bin\debug\testviaticos.dll" id="c966b980-8b4f-c10a-2879-8a06a8c7add4">
      <Execution id="d83b3a34-dc42-46f9-b620-67181f48c033" />
      <TestMethod codeBase="C:/Repositorios/FernandoAssembla/SistemaWeb/TestViaticos/bin/Debug/TestViaticos.DLL" adapterTypeName="Microsoft.VisualStudio.TestTools.TestTypes.Unit.UnitTestAdapter, Microsoft.VisualStudio.QualityTools.Tips.UnitTest.Adapter, Version=10.0.0.0, Culture=neutral, PublicKeyToken=b03f5f7f11d50a3a" className="TestViaticos.TestRepositorioDocumentos, TestViaticos, Version=1.0.0.0, Culture=neutral, PublicKeyToken=null" name="deberia_poder_obtener_todos_los_tipos_de_documento" />
    </UnitTest>
    <UnitTest name="al_buscar_en_una_lista_de_áreas_un_fax_devuelve_todos_las_áreas_cuyo_fax_de_asistente_o_responsable_o_area_contiene_el_texto_buscado" storage="c:\repositorios\fernandoassembla\sistemaweb\testviaticos\bin\debug\testviaticos.dll" id="3c877ef7-ef07-0820-9e58-ae76fdaedfb0">
      <Execution id="be08109a-ef68-49af-9fd7-55773b1734cb" />
      <TestMethod codeBase="C:/Repositorios/FernandoAssembla/SistemaWeb/TestViaticos/bin/Debug/TestViaticos.DLL" adapterTypeName="Microsoft.VisualStudio.TestTools.TestTypes.Unit.UnitTestAdapter, Microsoft.VisualStudio.QualityTools.Tips.UnitTest.Adapter, Version=10.0.0.0, Culture=neutral, PublicKeyToken=b03f5f7f11d50a3a" className="General.TestProtocolo, TestViaticos, Version=1.0.0.0, Culture=neutral, PublicKeyToken=null" name="al_buscar_en_una_lista_de_áreas_un_fax_devuelve_todos_las_áreas_cuyo_fax_de_asistente_o_responsable_o_area_contiene_el_texto_buscado" />
    </UnitTest>
    <UnitTest name="deberia_poder_obtener_un_viatico_sin_estadias_pasajes_ni_transiciones" storage="c:\repositorios\fernandoassembla\sistemaweb\testviaticos\bin\debug\testviaticos.dll" id="410ae35c-c491-52ff-8ca7-16593197aa91">
      <Execution id="da353226-27ee-4fad-a981-0f990b2b010e" />
      <TestMethod codeBase="C:/Repositorios/FernandoAssembla/SistemaWeb/TestViaticos/bin/Debug/TestViaticos.DLL" adapterTypeName="Microsoft.VisualStudio.TestTools.TestTypes.Unit.UnitTestAdapter, Microsoft.VisualStudio.QualityTools.Tips.UnitTest.Adapter, Version=10.0.0.0, Culture=neutral, PublicKeyToken=b03f5f7f11d50a3a" className="TestViaticos.TestRepositorioDeViaticos, TestViaticos, Version=1.0.0.0, Culture=neutral, PublicKeyToken=null" name="deberia_poder_obtener_un_viatico_sin_estadias_pasajes_ni_transiciones" />
    </UnitTest>
    <UnitTest name="deberia_crear_una_tabla_con_id_y_un_valor_1" storage="c:\repositorios\fernandoassembla\sistemaweb\testviaticos\bin\debug\testviaticos.dll" id="a91c3d07-7c7d-1fe6-99ad-80e4a1548474">
      <Execution id="5a00a541-bfef-4010-a4ef-248d9eae6989" />
      <TestMethod codeBase="C:/Repositorios/FernandoAssembla/SistemaWeb/TestViaticos/bin/Debug/TestViaticos.DLL" adapterTypeName="Microsoft.VisualStudio.TestTools.TestTypes.Unit.UnitTestAdapter, Microsoft.VisualStudio.QualityTools.Tips.UnitTest.Adapter, Version=10.0.0.0, Culture=neutral, PublicKeyToken=b03f5f7f11d50a3a" className="TestViaticos.TestTablasFake, TestViaticos, Version=1.0.0.0, Culture=neutral, PublicKeyToken=null" name="deberia_crear_una_tabla_con_id_y_un_valor_1" />
    </UnitTest>
    <UnitTest name="dado_a9_quiero_b0" storage="c:\repositorios\fernandoassembla\sistemaweb\testviaticos\bin\debug\testviaticos.dll" id="e51e2c6f-d445-6901-d7cc-9c752d9465ed">
      <Execution id="c60e6765-66c3-432b-8d16-ac34c3573377" />
      <TestMethod codeBase="C:/Repositorios/FernandoAssembla/SistemaWeb/TestViaticos/bin/Debug/TestViaticos.DLL" adapterTypeName="Microsoft.VisualStudio.TestTools.TestTypes.Unit.UnitTestAdapter, Microsoft.VisualStudio.QualityTools.Tips.UnitTest.Adapter, Version=10.0.0.0, Culture=neutral, PublicKeyToken=b03f5f7f11d50a3a" className="Tests.CodigoTareaTest, TestViaticos, Version=1.0.0.0, Culture=neutral, PublicKeyToken=null" name="dado_a9_quiero_b0" />
    </UnitTest>
    <UnitTest name="si_un_area_no_tiene_alias_deberia_devolver_el_nombre_completo_sin_alias" storage="c:\repositorios\fernandoassembla\sistemaweb\testviaticos\bin\debug\testviaticos.dll" id="72c59001-deaf-0f88-ce47-97c9b2e78292">
      <Execution id="6851d3e3-a908-4a61-b5ec-039769652ebd" />
      <TestMethod codeBase="C:/Repositorios/FernandoAssembla/SistemaWeb/TestViaticos/bin/Debug/TestViaticos.DLL" adapterTypeName="Microsoft.VisualStudio.TestTools.TestTypes.Unit.UnitTestAdapter, Microsoft.VisualStudio.QualityTools.Tips.UnitTest.Adapter, Version=10.0.0.0, Culture=neutral, PublicKeyToken=b03f5f7f11d50a3a" className="TestViaticos.TestRepositorioAreas, TestViaticos, Version=1.0.0.0, Culture=neutral, PublicKeyToken=null" name="si_un_area_no_tiene_alias_deberia_devolver_el_nombre_completo_sin_alias" />
    </UnitTest>
    <UnitTest name="el_filtro_por_numero_de_ticket_debe_ser_case_insensitive" storage="c:\repositorios\fernandoassembla\sistemaweb\testviaticos\bin\debug\testviaticos.dll" id="60b34790-3c9e-803c-efa2-bf0100cd18fd">
      <Execution id="ee1350bb-3e98-44de-b3a9-1cca405914e8" />
      <TestMethod codeBase="C:/Repositorios/FernandoAssembla/SistemaWeb/TestViaticos/bin/Debug/TestViaticos.DLL" adapterTypeName="Microsoft.VisualStudio.TestTools.TestTypes.Unit.UnitTestAdapter, Microsoft.VisualStudio.QualityTools.Tips.UnitTest.Adapter, Version=10.0.0.0, Culture=neutral, PublicKeyToken=b03f5f7f11d50a3a" className="General.TestFiltroSiCoI, TestViaticos, Version=1.0.0.0, Culture=neutral, PublicKeyToken=null" name="el_filtro_por_numero_de_ticket_debe_ser_case_insensitive" />
    </UnitTest>
    <UnitTest name="deberia_poder_obtener_los_ids_de_las_entidades_seleccionadas" storage="c:\repositorios\fernandoassembla\sistemaweb\testviaticos\bin\debug\testviaticos.dll" id="1b646755-e25c-9dea-839f-b5f817062984">
      <Execution id="a713abba-b863-46bc-878f-3cd7a958f17d" />
      <TestMethod codeBase="C:/Repositorios/FernandoAssembla/SistemaWeb/TestViaticos/bin/Debug/TestViaticos.DLL" adapterTypeName="Microsoft.VisualStudio.TestTools.TestTypes.Unit.UnitTestAdapter, Microsoft.VisualStudio.QualityTools.Tips.UnitTest.Adapter, Version=10.0.0.0, Culture=neutral, PublicKeyToken=b03f5f7f11d50a3a" className="WebRhUITestNew.ControladorDeWebControlsTest, TestViaticos, Version=1.0.0.0, Culture=neutral, PublicKeyToken=null" name="deberia_poder_obtener_los_ids_de_las_entidades_seleccionadas" />
    </UnitTest>
    <UnitTest name="dado_un_area_quiero_saber_direccion_telefono_y_mail_del_area" storage="c:\repositorios\fernandoassembla\sistemaweb\testviaticos\bin\debug\testviaticos.dll" id="5d6cb36d-d345-b7c7-27f1-f7052ce8d166">
      <Execution id="dddfafee-a2b1-4bb0-a633-9c80cb64b7a8" />
      <TestMethod codeBase="C:/Repositorios/FernandoAssembla/SistemaWeb/TestViaticos/bin/Debug/TestViaticos.DLL" adapterTypeName="Microsoft.VisualStudio.TestTools.TestTypes.Unit.UnitTestAdapter, Microsoft.VisualStudio.QualityTools.Tips.UnitTest.Adapter, Version=10.0.0.0, Culture=neutral, PublicKeyToken=b03f5f7f11d50a3a" className="General.TestUsuarios, TestViaticos, Version=1.0.0.0, Culture=neutral, PublicKeyToken=null" name="dado_un_area_quiero_saber_direccion_telefono_y_mail_del_area" />
    </UnitTest>
    <UnitTest name="no_deberia_poder_tener_un_documento_sin_tipo" storage="c:\repositorios\fernandoassembla\sistemaweb\testviaticos\bin\debug\testviaticos.dll" id="cc560ad4-66d2-6e1b-fa1e-c1f8f0f47258">
      <Execution id="24652869-635d-412f-800f-00d5d30f228b" />
      <TestMethod codeBase="C:/Repositorios/FernandoAssembla/SistemaWeb/TestViaticos/bin/Debug/TestViaticos.DLL" adapterTypeName="Microsoft.VisualStudio.TestTools.TestTypes.Unit.UnitTestAdapter, Microsoft.VisualStudio.QualityTools.Tips.UnitTest.Adapter, Version=10.0.0.0, Culture=neutral, PublicKeyToken=b03f5f7f11d50a3a" className="TestViaticos.TestDocumentos, TestViaticos, Version=1.0.0.0, Culture=neutral, PublicKeyToken=null" name="no_deberia_poder_tener_un_documento_sin_tipo" />
    </UnitTest>
    <UnitTest name="deberia_traer_viaticos_que_esten_pendientes_del_area_939_y__perido_011012_al_261012" storage="c:\repositorios\fernandoassembla\sistemaweb\testviaticos\bin\debug\testviaticos.dll" id="59ff1f84-feae-06d2-b4cb-39b785e26703">
      <Execution id="980eaad4-e822-44bf-839e-030a9e20e137" />
      <TestMethod codeBase="C:/Repositorios/FernandoAssembla/SistemaWeb/TestViaticos/bin/Debug/TestViaticos.DLL" adapterTypeName="Microsoft.VisualStudio.TestTools.TestTypes.Unit.UnitTestAdapter, Microsoft.VisualStudio.QualityTools.Tips.UnitTest.Adapter, Version=10.0.0.0, Culture=neutral, PublicKeyToken=b03f5f7f11d50a3a" className="TestViaticos.TestConsultas, TestViaticos, Version=1.0.0.0, Culture=neutral, PublicKeyToken=null" name="deberia_traer_viaticos_que_esten_pendientes_del_area_939_y__perido_011012_al_261012" />
    </UnitTest>
    <UnitTest name="dado_un_curso_que_se_cursa_los_lunes_y_jueves_cuando_le_pregunto_cuantos_dias_de_cursada_hay_en_febrero_de_2013_me_dice_6_porque_dos_son_feriados" storage="c:\repositorios\fernandoassembla\sistemaweb\testviaticos\bin\debug\testviaticos.dll" id="7b7bd90a-9390-9d92-5600-532eb0a44a2a">
      <Execution id="4a3b47eb-dbff-4e12-8cfb-11af27cac23a" />
      <TestMethod codeBase="C:/Repositorios/FernandoAssembla/SistemaWeb/TestViaticos/bin/Debug/TestViaticos.DLL" adapterTypeName="Microsoft.VisualStudio.TestTools.TestTypes.Unit.UnitTestAdapter, Microsoft.VisualStudio.QualityTools.Tips.UnitTest.Adapter, Version=10.0.0.0, Culture=neutral, PublicKeyToken=b03f5f7f11d50a3a" className="TestViaticos.TestCalendarioDeCurso, TestViaticos, Version=1.0.0.0, Culture=neutral, PublicKeyToken=null" name="dado_un_curso_que_se_cursa_los_lunes_y_jueves_cuando_le_pregunto_cuantos_dias_de_cursada_hay_en_febrero_de_2013_me_dice_6_porque_dos_son_feriados" />
    </UnitTest>
    <UnitTest name="deberia_poder_agregar_un_row_desde_una_entidad_especificando_como_obtener_los_valores_a_partir_de_la_misma" storage="c:\repositorios\fernandoassembla\sistemaweb\testviaticos\bin\debug\testviaticos.dll" id="8d450b91-f2a6-e64d-c4a7-eee63e8851da">
      <Execution id="1ec47e52-c896-4394-b61d-2c8ba6de752e" />
      <TestMethod codeBase="C:/Repositorios/FernandoAssembla/SistemaWeb/TestViaticos/bin/Debug/TestViaticos.DLL" adapterTypeName="Microsoft.VisualStudio.TestTools.TestTypes.Unit.UnitTestAdapter, Microsoft.VisualStudio.QualityTools.Tips.UnitTest.Adapter, Version=10.0.0.0, Culture=neutral, PublicKeyToken=b03f5f7f11d50a3a" className="WebRhUITestNew.TestRenderizadorDeTablas, TestViaticos, Version=1.0.0.0, Culture=neutral, PublicKeyToken=null" name="deberia_poder_agregar_un_row_desde_una_entidad_especificando_como_obtener_los_valores_a_partir_de_la_misma" />
    </UnitTest>
    <UnitTest name="al_buscar_en_una_lista_de_áreas_por_Asistentes_de_área_a_Ana_debe_traer_dos_areas_donde_existen_dos_personas_llamadas_Ana_que_son_secreatarias_en_cada_area" storage="c:\repositorios\fernandoassembla\sistemaweb\testviaticos\bin\debug\testviaticos.dll" id="25415686-6584-7e2c-956a-c8ad4a11141c">
      <Execution id="f28c3125-9123-4097-8446-9670510d2869" />
      <TestMethod codeBase="C:/Repositorios/FernandoAssembla/SistemaWeb/TestViaticos/bin/Debug/TestViaticos.DLL" adapterTypeName="Microsoft.VisualStudio.TestTools.TestTypes.Unit.UnitTestAdapter, Microsoft.VisualStudio.QualityTools.Tips.UnitTest.Adapter, Version=10.0.0.0, Culture=neutral, PublicKeyToken=b03f5f7f11d50a3a" className="General.TestProtocolo, TestViaticos, Version=1.0.0.0, Culture=neutral, PublicKeyToken=null" name="al_buscar_en_una_lista_de_áreas_por_Asistentes_de_área_a_Ana_debe_traer_dos_areas_donde_existen_dos_personas_llamadas_Ana_que_son_secreatarias_en_cada_area" />
    </UnitTest>
    <UnitTest name="deberia_mostrarme_una_unica_vez_la_secretaria_que_posee_el_area_cuando_los_datos_estan_repetidos" storage="c:\repositorios\fernandoassembla\sistemaweb\testviaticos\bin\debug\testviaticos.dll" id="82d93e8f-20e5-8c41-b9f1-1d42beccc7c0">
      <Execution id="290b1441-3ccd-4586-8e10-4c408dc54f2f" />
      <TestMethod codeBase="C:/Repositorios/FernandoAssembla/SistemaWeb/TestViaticos/bin/Debug/TestViaticos.DLL" adapterTypeName="Microsoft.VisualStudio.TestTools.TestTypes.Unit.UnitTestAdapter, Microsoft.VisualStudio.QualityTools.Tips.UnitTest.Adapter, Version=10.0.0.0, Culture=neutral, PublicKeyToken=b03f5f7f11d50a3a" className="General.TestUsuarios, TestViaticos, Version=1.0.0.0, Culture=neutral, PublicKeyToken=null" name="deberia_mostrarme_una_unica_vez_la_secretaria_que_posee_el_area_cuando_los_datos_estan_repetidos" />
    </UnitTest>
    <UnitTest name="al_buscar_en_una_lista_de_áreas_una_parte_de_telefono_devuelve_todos_las_áreas_cuyo_telefono_de_asistente_o_responsable_o_area_contiene_el_texto_buscado" storage="c:\repositorios\fernandoassembla\sistemaweb\testviaticos\bin\debug\testviaticos.dll" id="60d191e8-f802-0c16-9722-35844f243666">
      <Execution id="d4e12087-ecd3-41a0-a35d-f6350f55d6c4" />
      <TestMethod codeBase="C:/Repositorios/FernandoAssembla/SistemaWeb/TestViaticos/bin/Debug/TestViaticos.DLL" adapterTypeName="Microsoft.VisualStudio.TestTools.TestTypes.Unit.UnitTestAdapter, Microsoft.VisualStudio.QualityTools.Tips.UnitTest.Adapter, Version=10.0.0.0, Culture=neutral, PublicKeyToken=b03f5f7f11d50a3a" className="General.TestProtocolo, TestViaticos, Version=1.0.0.0, Culture=neutral, PublicKeyToken=null" name="al_buscar_en_una_lista_de_áreas_una_parte_de_telefono_devuelve_todos_las_áreas_cuyo_telefono_de_asistente_o_responsable_o_area_contiene_el_texto_buscado" />
    </UnitTest>
    <UnitTest name="mensajeria_no_deberia_fallar_cuando_un_documento_no_tiene_trancisiones" storage="c:\repositorios\fernandoassembla\sistemaweb\testviaticos\bin\debug\testviaticos.dll" id="cecd7ff2-d148-29e8-850a-7574ad3e7580">
      <Execution id="8710614f-e883-439a-a08d-f1d4560d34db" />
      <TestMethod codeBase="C:/Repositorios/FernandoAssembla/SistemaWeb/TestViaticos/bin/Debug/TestViaticos.DLL" adapterTypeName="Microsoft.VisualStudio.TestTools.TestTypes.Unit.UnitTestAdapter, Microsoft.VisualStudio.QualityTools.Tips.UnitTest.Adapter, Version=10.0.0.0, Culture=neutral, PublicKeyToken=b03f5f7f11d50a3a" className="TestViaticos.TestMensajeria, TestViaticos, Version=1.0.0.0, Culture=neutral, PublicKeyToken=null" name="mensajeria_no_deberia_fallar_cuando_un_documento_no_tiene_trancisiones" />
    </UnitTest>
    <UnitTest name="mensajeria_deberia_poder_generar_una_transicion_futura" storage="c:\repositorios\fernandoassembla\sistemaweb\testviaticos\bin\debug\testviaticos.dll" id="e1d67ae5-71d9-5872-41a1-7a2a4d910702">
      <Execution id="974ff16e-b68a-4fdc-9edd-8aac158f189e" />
      <TestMethod codeBase="C:/Repositorios/FernandoAssembla/SistemaWeb/TestViaticos/bin/Debug/TestViaticos.DLL" adapterTypeName="Microsoft.VisualStudio.TestTools.TestTypes.Unit.UnitTestAdapter, Microsoft.VisualStudio.QualityTools.Tips.UnitTest.Adapter, Version=10.0.0.0, Culture=neutral, PublicKeyToken=b03f5f7f11d50a3a" className="TestViaticos.TestMensajeria, TestViaticos, Version=1.0.0.0, Culture=neutral, PublicKeyToken=null" name="mensajeria_deberia_poder_generar_una_transicion_futura" />
    </UnitTest>
    <UnitTest name="al_buscar_por_una_palabra_del_comentario_del_documento_debe_traer_todos_los_documentos_que_cumplen_con_ello" storage="c:\repositorios\fernandoassembla\sistemaweb\testviaticos\bin\debug\testviaticos.dll" id="cd2ddf59-b1d1-4ffd-b77a-55d96a13b533">
      <Execution id="b56acf94-b987-431a-b347-ad72324fa4d5" />
      <TestMethod codeBase="C:/Repositorios/FernandoAssembla/SistemaWeb/TestViaticos/bin/Debug/TestViaticos.DLL" adapterTypeName="Microsoft.VisualStudio.TestTools.TestTypes.Unit.UnitTestAdapter, Microsoft.VisualStudio.QualityTools.Tips.UnitTest.Adapter, Version=10.0.0.0, Culture=neutral, PublicKeyToken=b03f5f7f11d50a3a" className="General.TestFiltroSiCoI, TestViaticos, Version=1.0.0.0, Culture=neutral, PublicKeyToken=null" name="al_buscar_por_una_palabra_del_comentario_del_documento_debe_traer_todos_los_documentos_que_cumplen_con_ello" />
    </UnitTest>
    <UnitTest name="deberia_poder_obtener_todos_los_tipos_de_documento_con_su_sigla" storage="c:\repositorios\fernandoassembla\sistemaweb\testviaticos\bin\debug\testviaticos.dll" id="1f3c9d7b-63ee-b9a1-f8d0-46e85a0a6255">
      <Execution id="2b7f9af0-cb5d-49ce-97d6-ef3ddc019d23" />
      <TestMethod codeBase="C:/Repositorios/FernandoAssembla/SistemaWeb/TestViaticos/bin/Debug/TestViaticos.DLL" adapterTypeName="Microsoft.VisualStudio.TestTools.TestTypes.Unit.UnitTestAdapter, Microsoft.VisualStudio.QualityTools.Tips.UnitTest.Adapter, Version=10.0.0.0, Culture=neutral, PublicKeyToken=b03f5f7f11d50a3a" className="TestViaticos.TestRepositorioDocumentos, TestViaticos, Version=1.0.0.0, Culture=neutral, PublicKeyToken=null" name="deberia_poder_obtener_todos_los_tipos_de_documento_con_su_sigla" />
    </UnitTest>
    <UnitTest name="deberia_traer_viaticos_de_BELEN_011012_261012" storage="c:\repositorios\fernandoassembla\sistemaweb\testviaticos\bin\debug\testviaticos.dll" id="c2c53443-9c7d-40b6-5a5a-6d158c6cf141">
      <Execution id="c387082d-eebc-43ce-8534-9a7a6928d0e4" />
      <TestMethod codeBase="C:/Repositorios/FernandoAssembla/SistemaWeb/TestViaticos/bin/Debug/TestViaticos.DLL" adapterTypeName="Microsoft.VisualStudio.TestTools.TestTypes.Unit.UnitTestAdapter, Microsoft.VisualStudio.QualityTools.Tips.UnitTest.Adapter, Version=10.0.0.0, Culture=neutral, PublicKeyToken=b03f5f7f11d50a3a" className="TestViaticos.TestConsultas, TestViaticos, Version=1.0.0.0, Culture=neutral, PublicKeyToken=null" name="deberia_traer_viaticos_de_BELEN_011012_261012" />
    </UnitTest>
    <UnitTest name="dado_un_curso_que_se_cursa_los_lunes_y_jueves_cuando_le_pregunto_cuantos_dias_de_cursada_hay_inlcuyendo_feriados_en_febrero_de_2013_me_dice_8_porque_dos_son_feriados" storage="c:\repositorios\fernandoassembla\sistemaweb\testviaticos\bin\debug\testviaticos.dll" id="98d79b4f-0fef-791a-b39b-89c03b95d3e3">
      <Execution id="0ce39ca7-1bd3-4d19-9c70-6f116c26cbe3" />
      <TestMethod codeBase="C:/Repositorios/FernandoAssembla/SistemaWeb/TestViaticos/bin/Debug/TestViaticos.DLL" adapterTypeName="Microsoft.VisualStudio.TestTools.TestTypes.Unit.UnitTestAdapter, Microsoft.VisualStudio.QualityTools.Tips.UnitTest.Adapter, Version=10.0.0.0, Culture=neutral, PublicKeyToken=b03f5f7f11d50a3a" className="TestViaticos.TestCalendarioDeCurso, TestViaticos, Version=1.0.0.0, Culture=neutral, PublicKeyToken=null" name="dado_un_curso_que_se_cursa_los_lunes_y_jueves_cuando_le_pregunto_cuantos_dias_de_cursada_hay_inlcuyendo_feriados_en_febrero_de_2013_me_dice_8_porque_dos_son_feriados" />
    </UnitTest>
    <UnitTest name="deberia_poder_tener_un_null_como_segundo_valor_de_una_columna" storage="c:\repositorios\fernandoassembla\sistemaweb\testviaticos\bin\debug\testviaticos.dll" id="c8e9fa12-63fb-548e-6319-248eaeb1ba50">
      <Execution id="58d09612-2fb3-4ee9-9d56-e09636220ce8" />
      <TestMethod codeBase="C:/Repositorios/FernandoAssembla/SistemaWeb/TestViaticos/bin/Debug/TestViaticos.DLL" adapterTypeName="Microsoft.VisualStudio.TestTools.TestTypes.Unit.UnitTestAdapter, Microsoft.VisualStudio.QualityTools.Tips.UnitTest.Adapter, Version=10.0.0.0, Culture=neutral, PublicKeyToken=b03f5f7f11d50a3a" className="TestViaticos.TestTablasFake, TestViaticos, Version=1.0.0.0, Culture=neutral, PublicKeyToken=null" name="deberia_poder_tener_un_null_como_segundo_valor_de_una_columna" />
    </UnitTest>
    <UnitTest name="deberia_considerar_las_estadias_comenzadas_en_el_periodo" storage="c:\repositorios\fernandoassembla\sistemaweb\testviaticos\bin\debug\testviaticos.dll" id="e22ce867-04ec-cc74-8f00-0fdb0256cb9f">
      <Execution id="0fece1ab-565d-461e-95d7-4478abeb9f03" />
      <TestMethod codeBase="C:/Repositorios/FernandoAssembla/SistemaWeb/TestViaticos/bin/Debug/TestViaticos.DLL" adapterTypeName="Microsoft.VisualStudio.TestTools.TestTypes.Unit.UnitTestAdapter, Microsoft.VisualStudio.QualityTools.Tips.UnitTest.Adapter, Version=10.0.0.0, Culture=neutral, PublicKeyToken=b03f5f7f11d50a3a" className="TestViaticos.TestConsultas, TestViaticos, Version=1.0.0.0, Culture=neutral, PublicKeyToken=null" name="deberia_considerar_las_estadias_comenzadas_en_el_periodo" />
    </UnitTest>
    <UnitTest name="al_buscar_por_reponsable_de_area_a_Fabian_deberia_traerme_el_area_cuyo_nombre_de_responsable_es_Fabian" storage="c:\repositorios\fernandoassembla\sistemaweb\testviaticos\bin\debug\testviaticos.dll" id="c09a892a-1cf8-8734-95e1-5859c143f708">
      <Execution id="b472c407-ce3c-49db-a8ef-ab5720d4a616" />
      <TestMethod codeBase="C:/Repositorios/FernandoAssembla/SistemaWeb/TestViaticos/bin/Debug/TestViaticos.DLL" adapterTypeName="Microsoft.VisualStudio.TestTools.TestTypes.Unit.UnitTestAdapter, Microsoft.VisualStudio.QualityTools.Tips.UnitTest.Adapter, Version=10.0.0.0, Culture=neutral, PublicKeyToken=b03f5f7f11d50a3a" className="General.TestProtocolo, TestViaticos, Version=1.0.0.0, Culture=neutral, PublicKeyToken=null" name="al_buscar_por_reponsable_de_area_a_Fabian_deberia_traerme_el_area_cuyo_nombre_de_responsable_es_Fabian" />
    </UnitTest>
    <UnitTest name="al_buscar_por_nombre_de_numero_de_documento_y_fechas_desde_y_hasta_y_extracto_de_un_documento_debe_traer_todos_los_documentos_que_cumplen_con_ello" storage="c:\repositorios\fernandoassembla\sistemaweb\testviaticos\bin\debug\testviaticos.dll" id="9f7c8e27-eadb-ceef-1191-65859b891fab">
      <Execution id="bf56aa0d-79c6-4ec5-94dc-073669c61907" />
      <TestMethod codeBase="C:/Repositorios/FernandoAssembla/SistemaWeb/TestViaticos/bin/Debug/TestViaticos.DLL" adapterTypeName="Microsoft.VisualStudio.TestTools.TestTypes.Unit.UnitTestAdapter, Microsoft.VisualStudio.QualityTools.Tips.UnitTest.Adapter, Version=10.0.0.0, Culture=neutral, PublicKeyToken=b03f5f7f11d50a3a" className="General.TestFiltroSiCoI, TestViaticos, Version=1.0.0.0, Culture=neutral, PublicKeyToken=null" name="al_buscar_por_nombre_de_numero_de_documento_y_fechas_desde_y_hasta_y_extracto_de_un_documento_debe_traer_todos_los_documentos_que_cumplen_con_ello" />
    </UnitTest>
    <UnitTest name="no_se_puede_solicitar_el_área_superior_del_área_maxima_sino_que_debería_dar_una_excepción" storage="c:\repositorios\fernandoassembla\sistemaweb\testviaticos\bin\debug\testviaticos.dll" id="086213ff-7e23-a50c-0de2-c7f0fd67fbca">
      <Execution id="3543cbc2-9f72-4d1d-8ea6-9e84f135c9c1" />
      <TestMethod codeBase="C:/Repositorios/FernandoAssembla/SistemaWeb/TestViaticos/bin/Debug/TestViaticos.DLL" adapterTypeName="Microsoft.VisualStudio.TestTools.TestTypes.Unit.UnitTestAdapter, Microsoft.VisualStudio.QualityTools.Tips.UnitTest.Adapter, Version=10.0.0.0, Culture=neutral, PublicKeyToken=b03f5f7f11d50a3a" className="TestViaticos.TestOrganigrama, TestViaticos, Version=1.0.0.0, Culture=neutral, PublicKeyToken=null" name="no_se_puede_solicitar_el_área_superior_del_área_maxima_sino_que_debería_dar_una_excepción" />
    </UnitTest>
    <UnitTest name="fabian_deberia_tener_acceso_a_viaticos_y_a_documentos" storage="c:\repositorios\fernandoassembla\sistemaweb\testviaticos\bin\debug\testviaticos.dll" id="abcb6bdb-8479-892d-4456-095226c976bc">
      <Execution id="f324df72-94d1-4291-b965-6a3fcde579c6" />
      <TestMethod codeBase="C:/Repositorios/FernandoAssembla/SistemaWeb/TestViaticos/bin/Debug/TestViaticos.DLL" adapterTypeName="Microsoft.VisualStudio.TestTools.TestTypes.Unit.UnitTestAdapter, Microsoft.VisualStudio.QualityTools.Tips.UnitTest.Adapter, Version=10.0.0.0, Culture=neutral, PublicKeyToken=b03f5f7f11d50a3a" className="TestViaticos.TestRepositorioUsuarios, TestViaticos, Version=1.0.0.0, Culture=neutral, PublicKeyToken=null" name="fabian_deberia_tener_acceso_a_viaticos_y_a_documentos" />
    </UnitTest>
    <UnitTest name="fabian_deberia_tener_solo_un_area_con_un_asistente" storage="c:\repositorios\fernandoassembla\sistemaweb\testviaticos\bin\debug\testviaticos.dll" id="2c561612-6ace-d4f5-3ea0-2b63589d272c">
      <Execution id="cd626bf8-57db-40fb-b982-11cf93026bcc" />
      <TestMethod codeBase="C:/Repositorios/FernandoAssembla/SistemaWeb/TestViaticos/bin/Debug/TestViaticos.DLL" adapterTypeName="Microsoft.VisualStudio.TestTools.TestTypes.Unit.UnitTestAdapter, Microsoft.VisualStudio.QualityTools.Tips.UnitTest.Adapter, Version=10.0.0.0, Culture=neutral, PublicKeyToken=b03f5f7f11d50a3a" className="TestViaticos.TestRepositorioUsuarios, TestViaticos, Version=1.0.0.0, Culture=neutral, PublicKeyToken=null" name="fabian_deberia_tener_solo_un_area_con_un_asistente" />
    </UnitTest>
    <UnitTest name="Un_organigrama_deberia_poder_decirme_todas_las_areas_que_posee" storage="c:\repositorios\fernandoassembla\sistemaweb\testviaticos\bin\debug\testviaticos.dll" id="bb2112d4-68ef-15b6-48ec-73b20e57caa9">
      <Execution id="92a32e3e-e434-4120-a39f-f69655a8008c" />
      <TestMethod codeBase="C:/Repositorios/FernandoAssembla/SistemaWeb/TestViaticos/bin/Debug/TestViaticos.DLL" adapterTypeName="Microsoft.VisualStudio.TestTools.TestTypes.Unit.UnitTestAdapter, Microsoft.VisualStudio.QualityTools.Tips.UnitTest.Adapter, Version=10.0.0.0, Culture=neutral, PublicKeyToken=b03f5f7f11d50a3a" className="TestViaticos.TestOrganigrama, TestViaticos, Version=1.0.0.0, Culture=neutral, PublicKeyToken=null" name="Un_organigrama_deberia_poder_decirme_todas_las_areas_que_posee" />
    </UnitTest>
    <UnitTest name="fabian_deberia_tener_solo_acceso_a_viaticos" storage="c:\repositorios\fernandoassembla\sistemaweb\testviaticos\bin\debug\testviaticos.dll" id="2eba2d30-d0c9-d10d-cb9f-e198704cb8fa">
      <Execution id="c1784d69-bc97-4dde-b8d0-b1cad1b47097" />
      <TestMethod codeBase="C:/Repositorios/FernandoAssembla/SistemaWeb/TestViaticos/bin/Debug/TestViaticos.DLL" adapterTypeName="Microsoft.VisualStudio.TestTools.TestTypes.Unit.UnitTestAdapter, Microsoft.VisualStudio.QualityTools.Tips.UnitTest.Adapter, Version=10.0.0.0, Culture=neutral, PublicKeyToken=b03f5f7f11d50a3a" className="TestViaticos.TestRepositorioUsuarios, TestViaticos, Version=1.0.0.0, Culture=neutral, PublicKeyToken=null" name="fabian_deberia_tener_solo_acceso_a_viaticos" />
    </UnitTest>
    <UnitTest name="deberia_traer_viaticos_de_la_provincia_SALTA_y_CORDOBA_en_el_periodo_011012_261012" storage="c:\repositorios\fernandoassembla\sistemaweb\testviaticos\bin\debug\testviaticos.dll" id="999cd32d-d69f-3834-8d48-f15d37fd5243">
      <Execution id="4f45d899-9042-4552-ba36-d7f0f5b19503" />
      <TestMethod codeBase="C:/Repositorios/FernandoAssembla/SistemaWeb/TestViaticos/bin/Debug/TestViaticos.DLL" adapterTypeName="Microsoft.VisualStudio.TestTools.TestTypes.Unit.UnitTestAdapter, Microsoft.VisualStudio.QualityTools.Tips.UnitTest.Adapter, Version=10.0.0.0, Culture=neutral, PublicKeyToken=b03f5f7f11d50a3a" className="TestViaticos.TestConsultas, TestViaticos, Version=1.0.0.0, Culture=neutral, PublicKeyToken=null" name="deberia_traer_viaticos_de_la_provincia_SALTA_y_CORDOBA_en_el_periodo_011012_261012" />
    </UnitTest>
    <UnitTest name="deberia_poder_tener_un_null_como_primer_valor_de_una_columna" storage="c:\repositorios\fernandoassembla\sistemaweb\testviaticos\bin\debug\testviaticos.dll" id="37d066c6-a6d7-b11a-9516-f3f197d5e44d">
      <Execution id="19169ca6-32b4-4663-953b-4a2fe0f70d14" />
      <TestMethod codeBase="C:/Repositorios/FernandoAssembla/SistemaWeb/TestViaticos/bin/Debug/TestViaticos.DLL" adapterTypeName="Microsoft.VisualStudio.TestTools.TestTypes.Unit.UnitTestAdapter, Microsoft.VisualStudio.QualityTools.Tips.UnitTest.Adapter, Version=10.0.0.0, Culture=neutral, PublicKeyToken=b03f5f7f11d50a3a" className="TestViaticos.TestTablasFake, TestViaticos, Version=1.0.0.0, Culture=neutral, PublicKeyToken=null" name="deberia_poder_tener_un_null_como_primer_valor_de_una_columna" />
    </UnitTest>
    <UnitTest name="al_buscar_por_el_area_del_usuario_logueado_debe_traer_todos_los_documentos_que_aun_son_responsabilidad_de_dicha_area" storage="c:\repositorios\fernandoassembla\sistemaweb\testviaticos\bin\debug\testviaticos.dll" id="a783754e-a02b-a257-f4ac-f48395928085">
      <Execution id="2aa7ba43-d010-4061-a357-5b0285dfd2b8" />
      <TestMethod codeBase="C:/Repositorios/FernandoAssembla/SistemaWeb/TestViaticos/bin/Debug/TestViaticos.DLL" adapterTypeName="Microsoft.VisualStudio.TestTools.TestTypes.Unit.UnitTestAdapter, Microsoft.VisualStudio.QualityTools.Tips.UnitTest.Adapter, Version=10.0.0.0, Culture=neutral, PublicKeyToken=b03f5f7f11d50a3a" className="General.TestFiltroSiCoI, TestViaticos, Version=1.0.0.0, Culture=neutral, PublicKeyToken=null" name="al_buscar_por_el_area_del_usuario_logueado_debe_traer_todos_los_documentos_que_aun_son_responsabilidad_de_dicha_area" />
    </UnitTest>
    <UnitTest name="no_deberia_permitir_pasarse_de_z" storage="c:\repositorios\fernandoassembla\sistemaweb\testviaticos\bin\debug\testviaticos.dll" id="6a69abda-dfaa-a679-b661-02cd5293c0bd">
      <Execution id="a5ba1a30-ba8b-4117-bd56-0a2fe798decb" />
      <TestMethod codeBase="C:/Repositorios/FernandoAssembla/SistemaWeb/TestViaticos/bin/Debug/TestViaticos.DLL" adapterTypeName="Microsoft.VisualStudio.TestTools.TestTypes.Unit.UnitTestAdapter, Microsoft.VisualStudio.QualityTools.Tips.UnitTest.Adapter, Version=10.0.0.0, Culture=neutral, PublicKeyToken=b03f5f7f11d50a3a" className="Tests.CodigoTareaTest, TestViaticos, Version=1.0.0.0, Culture=neutral, PublicKeyToken=null" name="no_deberia_permitir_pasarse_de_z" />
    </UnitTest>
    <UnitTest name="al_transicionar_desde_otra_area_genera_2_transiciones" storage="c:\repositorios\fernandoassembla\sistemaweb\testviaticos\bin\debug\testviaticos.dll" id="f1682d17-f3d2-e7a6-602e-a5fe64b0b83a">
      <Execution id="166cb22a-7c59-4c56-8d72-bcd2d3e95a5f" />
      <TestMethod codeBase="C:/Repositorios/FernandoAssembla/SistemaWeb/TestViaticos/bin/Debug/TestViaticos.DLL" adapterTypeName="Microsoft.VisualStudio.TestTools.TestTypes.Unit.UnitTestAdapter, Microsoft.VisualStudio.QualityTools.Tips.UnitTest.Adapter, Version=10.0.0.0, Culture=neutral, PublicKeyToken=b03f5f7f11d50a3a" className="TestViaticos.TestMensajeria, TestViaticos, Version=1.0.0.0, Culture=neutral, PublicKeyToken=null" name="al_transicionar_desde_otra_area_genera_2_transiciones" />
    </UnitTest>
    <UnitTest name="al_buscar_por_un_tipo_de_documento_debe_traer_todos_los_documentos_que_cumplen_con_ello" storage="c:\repositorios\fernandoassembla\sistemaweb\testviaticos\bin\debug\testviaticos.dll" id="fc3e1a26-3625-7f18-819c-6724010eb1dd">
      <Execution id="8eca4a5c-c8e1-483a-8413-6de51936299c" />
      <TestMethod codeBase="C:/Repositorios/FernandoAssembla/SistemaWeb/TestViaticos/bin/Debug/TestViaticos.DLL" adapterTypeName="Microsoft.VisualStudio.TestTools.TestTypes.Unit.UnitTestAdapter, Microsoft.VisualStudio.QualityTools.Tips.UnitTest.Adapter, Version=10.0.0.0, Culture=neutral, PublicKeyToken=b03f5f7f11d50a3a" className="General.TestFiltroSiCoI, TestViaticos, Version=1.0.0.0, Culture=neutral, PublicKeyToken=null" name="al_buscar_por_un_tipo_de_documento_debe_traer_todos_los_documentos_que_cumplen_con_ello" />
    </UnitTest>
    <UnitTest name="al_buscar_en_una_lista_de_áreas_una_dirección_devuelve_todos_las_áreas_cuyo_domicilio_contiene_el_texto_buscado" storage="c:\repositorios\fernandoassembla\sistemaweb\testviaticos\bin\debug\testviaticos.dll" id="696fca9c-b0b6-7ef6-000f-fc7546a49832">
      <Execution id="c64ef859-75dc-40fc-a773-2bae9b6e9782" />
      <TestMethod codeBase="C:/Repositorios/FernandoAssembla/SistemaWeb/TestViaticos/bin/Debug/TestViaticos.DLL" adapterTypeName="Microsoft.VisualStudio.TestTools.TestTypes.Unit.UnitTestAdapter, Microsoft.VisualStudio.QualityTools.Tips.UnitTest.Adapter, Version=10.0.0.0, Culture=neutral, PublicKeyToken=b03f5f7f11d50a3a" className="General.TestProtocolo, TestViaticos, Version=1.0.0.0, Culture=neutral, PublicKeyToken=null" name="al_buscar_en_una_lista_de_áreas_una_dirección_devuelve_todos_las_áreas_cuyo_domicilio_contiene_el_texto_buscado" />
    </UnitTest>
    <UnitTest name="se_le_deberia_poder_pedir_a_un_area_su_nombre_completo_con_el_alias" storage="c:\repositorios\fernandoassembla\sistemaweb\testviaticos\bin\debug\testviaticos.dll" id="2665ec77-f2c4-3c27-e75d-93d1cb83ce92">
      <Execution id="f6d59992-bd61-4a60-8a78-8ac1101ea78e" />
      <TestMethod codeBase="C:/Repositorios/FernandoAssembla/SistemaWeb/TestViaticos/bin/Debug/TestViaticos.DLL" adapterTypeName="Microsoft.VisualStudio.TestTools.TestTypes.Unit.UnitTestAdapter, Microsoft.VisualStudio.QualityTools.Tips.UnitTest.Adapter, Version=10.0.0.0, Culture=neutral, PublicKeyToken=b03f5f7f11d50a3a" className="TestViaticos.TestRepositorioAreas, TestViaticos, Version=1.0.0.0, Culture=neutral, PublicKeyToken=null" name="se_le_deberia_poder_pedir_a_un_area_su_nombre_completo_con_el_alias" />
    </UnitTest>
  </TestDefinitions>
  <TestLists>
    <TestList name="Resultados que no están en la lista" id="8c84fa94-04c1-424b-9868-57a2d4851a1d" />
    <TestList name="Todos los resultados cargados" id="19431567-8539-422a-85d7-44ee4e166bda" />
  </TestLists>
  <TestEntries>
    <TestEntry testId="002cf2ca-edf2-8bcf-43d5-0c3f0f84c4f5" executionId="af7d7185-2aca-44d7-b71f-a821becd1370" testListId="8c84fa94-04c1-424b-9868-57a2d4851a1d" />
    <TestEntry testId="02698425-13df-8609-0cad-f65978180f81" executionId="a87bb100-6d41-4f87-9217-eeac9b29f783" testListId="8c84fa94-04c1-424b-9868-57a2d4851a1d" />
    <TestEntry testId="03a6a885-b427-a1c0-9f18-eab8c39d83dc" executionId="99bb5732-601c-499a-b17a-76d5661ec1da" testListId="8c84fa94-04c1-424b-9868-57a2d4851a1d" />
    <TestEntry testId="043dc452-5b80-2a1c-5140-d90d565722bc" executionId="43be10d0-6603-4cff-b97a-c93eb0958dfb" testListId="8c84fa94-04c1-424b-9868-57a2d4851a1d" />
    <TestEntry testId="06dca5fe-5ce6-35f4-b6c7-96dea566a67f" executionId="af9c7e3e-42e8-4c91-9c39-cba9af229b1b" testListId="8c84fa94-04c1-424b-9868-57a2d4851a1d" />
    <TestEntry testId="07c6ae9a-6a82-fa4b-680a-96e32253ef51" executionId="380b634a-8cdf-4c51-82d8-ba72fa44cd74" testListId="8c84fa94-04c1-424b-9868-57a2d4851a1d" />
    <TestEntry testId="086213ff-7e23-a50c-0de2-c7f0fd67fbca" executionId="3543cbc2-9f72-4d1d-8ea6-9e84f135c9c1" testListId="8c84fa94-04c1-424b-9868-57a2d4851a1d" />
    <TestEntry testId="182de057-0bb2-6910-8abd-59fd672a3af3" executionId="6c581515-c134-434b-8ca6-11647d9619f1" testListId="8c84fa94-04c1-424b-9868-57a2d4851a1d" />
    <TestEntry testId="18a1cd9e-1ae4-3656-14a0-ac543707a055" executionId="5ae40a53-fc4f-49d2-bdaf-b2dd389645ce" testListId="8c84fa94-04c1-424b-9868-57a2d4851a1d" />
    <TestEntry testId="1b646755-e25c-9dea-839f-b5f817062984" executionId="a713abba-b863-46bc-878f-3cd7a958f17d" testListId="8c84fa94-04c1-424b-9868-57a2d4851a1d" />
    <TestEntry testId="1bbef477-4f31-cfec-a6a8-6e1b0892c5f9" executionId="05fbb0f3-2d4f-46e9-a9cf-224b3ccdb84d" testListId="8c84fa94-04c1-424b-9868-57a2d4851a1d" />
    <TestEntry testId="1f3c9d7b-63ee-b9a1-f8d0-46e85a0a6255" executionId="2b7f9af0-cb5d-49ce-97d6-ef3ddc019d23" testListId="8c84fa94-04c1-424b-9868-57a2d4851a1d" />
    <TestEntry testId="219a2093-b6f2-f229-ae69-0108da5c2d8d" executionId="773a2fd6-d9ee-402f-849b-fb366cb3b3a2" testListId="8c84fa94-04c1-424b-9868-57a2d4851a1d" />
    <TestEntry testId="225e3e53-1987-0065-f209-06ded52d42cd" executionId="1ca3e397-b6ce-4139-8ada-7c69e243f094" testListId="8c84fa94-04c1-424b-9868-57a2d4851a1d" />
    <TestEntry testId="22fef842-2be2-549e-28ca-decc4b2f83c4" executionId="f69d6b05-4804-45d8-9cf4-139bef42f5c7" testListId="8c84fa94-04c1-424b-9868-57a2d4851a1d" />
    <TestEntry testId="25415686-6584-7e2c-956a-c8ad4a11141c" executionId="f28c3125-9123-4097-8446-9670510d2869" testListId="8c84fa94-04c1-424b-9868-57a2d4851a1d" />
    <TestEntry testId="2665ec77-f2c4-3c27-e75d-93d1cb83ce92" executionId="f6d59992-bd61-4a60-8a78-8ac1101ea78e" testListId="8c84fa94-04c1-424b-9868-57a2d4851a1d" />
    <TestEntry testId="27563a31-6c9c-c1b2-7c6f-cfbc88311e88" executionId="7669e0a0-aff3-46d3-842d-1df120bc31fa" testListId="8c84fa94-04c1-424b-9868-57a2d4851a1d" />
    <TestEntry testId="27e6cdd1-0452-1cb1-16c4-7576bb6d0538" executionId="b459b65d-69db-48bc-8a84-2b336a98ebf9" testListId="8c84fa94-04c1-424b-9868-57a2d4851a1d" />
    <TestEntry testId="28a4ad86-b0f5-734b-2ffb-1771c0cae12f" executionId="495853b4-f7e9-49e8-b73f-ab2b050bd81e" testListId="8c84fa94-04c1-424b-9868-57a2d4851a1d" />
    <TestEntry testId="2a085327-6b89-00de-3f93-60ecccb235b6" executionId="6061bbc6-25cd-4ceb-a1d2-c7dfb747e4f7" testListId="8c84fa94-04c1-424b-9868-57a2d4851a1d" />
    <TestEntry testId="2ba1906f-7dc1-cbb6-5d44-2eaa074ee001" executionId="4119ad15-32ef-4cb2-a548-ff0724baaf48" testListId="8c84fa94-04c1-424b-9868-57a2d4851a1d" />
    <TestEntry testId="2c561612-6ace-d4f5-3ea0-2b63589d272c" executionId="cd626bf8-57db-40fb-b982-11cf93026bcc" testListId="8c84fa94-04c1-424b-9868-57a2d4851a1d" />
    <TestEntry testId="2d0a6e94-8989-8cc3-e286-44dd8a2f688e" executionId="c97ce6b1-26af-491b-99fa-b7e251655e52" testListId="8c84fa94-04c1-424b-9868-57a2d4851a1d" />
    <TestEntry testId="2ddded08-79a3-ad3a-b587-dfc68dd5b5f5" executionId="8a5da113-d82b-4042-bd15-ae567b4b1343" testListId="8c84fa94-04c1-424b-9868-57a2d4851a1d" />
    <TestEntry testId="2eba2d30-d0c9-d10d-cb9f-e198704cb8fa" executionId="c1784d69-bc97-4dde-b8d0-b1cad1b47097" testListId="8c84fa94-04c1-424b-9868-57a2d4851a1d" />
    <TestEntry testId="33728143-431e-2f80-b4cd-e190171f9673" executionId="958ee48b-e6eb-4733-9a9a-aff48d3b4351" testListId="8c84fa94-04c1-424b-9868-57a2d4851a1d" />
    <TestEntry testId="363f19a2-0f65-4da3-ffe2-9ae3bd940a9f" executionId="15b59cc0-5450-42ec-867f-35b56ecbff3a" testListId="8c84fa94-04c1-424b-9868-57a2d4851a1d" />
    <TestEntry testId="3667ca38-1ee0-0f59-2de9-55990d91ad13" executionId="610ac061-f164-4321-92cf-ea9dbf25048f" testListId="8c84fa94-04c1-424b-9868-57a2d4851a1d" />
    <TestEntry testId="37d066c6-a6d7-b11a-9516-f3f197d5e44d" executionId="19169ca6-32b4-4663-953b-4a2fe0f70d14" testListId="8c84fa94-04c1-424b-9868-57a2d4851a1d" />
    <TestEntry testId="38a50315-78cc-f677-cc67-a33e14f1587e" executionId="bc8a2499-bc50-4776-8190-9dfd045aa309" testListId="8c84fa94-04c1-424b-9868-57a2d4851a1d" />
    <TestEntry testId="39ba617e-74b7-ac1c-65b2-4df024e2d4e4" executionId="b0d051e9-f561-4448-b51e-c1155dead2f5" testListId="8c84fa94-04c1-424b-9868-57a2d4851a1d" />
    <TestEntry testId="3c877ef7-ef07-0820-9e58-ae76fdaedfb0" executionId="be08109a-ef68-49af-9fd7-55773b1734cb" testListId="8c84fa94-04c1-424b-9868-57a2d4851a1d" />
    <TestEntry testId="410ae35c-c491-52ff-8ca7-16593197aa91" executionId="da353226-27ee-4fad-a981-0f990b2b010e" testListId="8c84fa94-04c1-424b-9868-57a2d4851a1d" />
    <TestEntry testId="42e7e5a9-27d6-1424-520a-64446a479ac2" executionId="bd8de1be-6158-4702-9aea-f687dd07e446" testListId="8c84fa94-04c1-424b-9868-57a2d4851a1d" />
    <TestEntry testId="43bddf17-fba3-4d54-a157-cfcf7797ee39" executionId="f7188402-2b8b-457a-8326-a05d3a59a9ee" testListId="8c84fa94-04c1-424b-9868-57a2d4851a1d" />
    <TestEntry testId="43da4eae-d92c-9ac3-0f26-5e5600a67e90" executionId="f7a2c9e2-79fd-442d-93c9-78f25a12a77e" testListId="8c84fa94-04c1-424b-9868-57a2d4851a1d" />
    <TestEntry testId="44b05242-b475-4635-6cec-78ec052b2688" executionId="b735637f-522e-477e-966a-37073a9add2d" testListId="8c84fa94-04c1-424b-9868-57a2d4851a1d" />
    <TestEntry testId="46d9bce1-2d0e-1aa8-e89e-b40f37783359" executionId="89996cef-a506-4cd3-b990-b76898923986" testListId="8c84fa94-04c1-424b-9868-57a2d4851a1d" />
    <TestEntry testId="477414b1-9ac6-06f2-392d-c549405cd3f3" executionId="865686b0-11e7-4716-8929-9f6f09ba8cbd" testListId="8c84fa94-04c1-424b-9868-57a2d4851a1d" />
    <TestEntry testId="4793d588-4a8f-7915-87f2-c97c11507ad4" executionId="97af9a36-d7e3-475b-8809-33ea32df688f" testListId="8c84fa94-04c1-424b-9868-57a2d4851a1d" />
    <TestEntry testId="4a850093-e479-3127-1dc5-d67d3a9e4d1b" executionId="9e4d69c4-357f-4739-9c64-ad3d1e62ea3e" testListId="8c84fa94-04c1-424b-9868-57a2d4851a1d" />
    <TestEntry testId="4bc081ab-bd87-c7e6-2e9a-ea9029e80e8b" executionId="39d238ef-23ae-45c4-9981-cb0f3f571d9a" testListId="8c84fa94-04c1-424b-9868-57a2d4851a1d" />
    <TestEntry testId="5188b3d7-a77a-3054-7bc5-b06591dc325c" executionId="92125017-f104-4f21-9910-32a77bbeb773" testListId="8c84fa94-04c1-424b-9868-57a2d4851a1d" />
    <TestEntry testId="53e1544f-a9d2-75aa-fac6-a61041be5fb7" executionId="230bd5e3-97d2-4312-b090-0e13b20a75a6" testListId="8c84fa94-04c1-424b-9868-57a2d4851a1d" />
    <TestEntry testId="57d98f0d-6038-69c7-9b96-75f22dd0e9dd" executionId="278728b6-c764-4369-a2c5-c41a3949ba54" testListId="8c84fa94-04c1-424b-9868-57a2d4851a1d" />
    <TestEntry testId="59ff1f84-feae-06d2-b4cb-39b785e26703" executionId="980eaad4-e822-44bf-839e-030a9e20e137" testListId="8c84fa94-04c1-424b-9868-57a2d4851a1d" />
    <TestEntry testId="5b690971-fd71-4f11-40a9-1c85ffb21c38" executionId="3e1ae0b3-6566-4ab4-af19-31828bfe3414" testListId="8c84fa94-04c1-424b-9868-57a2d4851a1d" />
    <TestEntry testId="5d6cb36d-d345-b7c7-27f1-f7052ce8d166" executionId="dddfafee-a2b1-4bb0-a633-9c80cb64b7a8" testListId="8c84fa94-04c1-424b-9868-57a2d4851a1d" />
    <TestEntry testId="60936b2d-9f38-488c-d3bd-319a17b5f6ba" executionId="aecfb1b1-9c96-4f6a-a971-b8bbef4b4b1b" testListId="8c84fa94-04c1-424b-9868-57a2d4851a1d" />
    <TestEntry testId="60b34790-3c9e-803c-efa2-bf0100cd18fd" executionId="ee1350bb-3e98-44de-b3a9-1cca405914e8" testListId="8c84fa94-04c1-424b-9868-57a2d4851a1d" />
    <TestEntry testId="60d191e8-f802-0c16-9722-35844f243666" executionId="d4e12087-ecd3-41a0-a35d-f6350f55d6c4" testListId="8c84fa94-04c1-424b-9868-57a2d4851a1d" />
    <TestEntry testId="6325cb50-8252-7333-a10e-129eb61d4a7d" executionId="c2eaef1c-9a45-4781-bf81-9f576320c018" testListId="8c84fa94-04c1-424b-9868-57a2d4851a1d" />
    <TestEntry testId="64afcefc-8af6-fc70-4ea7-766fc65f6c46" executionId="ccc21a27-5e61-44a5-9a81-d47a60c8dcf5" testListId="8c84fa94-04c1-424b-9868-57a2d4851a1d" />
    <TestEntry testId="6892221f-5432-520c-a667-6f10f84f4898" executionId="e3b76024-39c4-414f-bb53-d03d83058615" testListId="8c84fa94-04c1-424b-9868-57a2d4851a1d" />
    <TestEntry testId="68c724fc-1912-d9ac-d786-b1e6bb6c0994" executionId="6b59354a-53d8-47db-b265-c198ac7ec0b9" testListId="8c84fa94-04c1-424b-9868-57a2d4851a1d" />
    <TestEntry testId="696fca9c-b0b6-7ef6-000f-fc7546a49832" executionId="c64ef859-75dc-40fc-a773-2bae9b6e9782" testListId="8c84fa94-04c1-424b-9868-57a2d4851a1d" />
    <TestEntry testId="6a69abda-dfaa-a679-b661-02cd5293c0bd" executionId="a5ba1a30-ba8b-4117-bd56-0a2fe798decb" testListId="8c84fa94-04c1-424b-9868-57a2d4851a1d" />
    <TestEntry testId="6e2099d5-ff03-21ed-7c09-0bc58519434c" executionId="acfcbfb3-fee2-43b5-8cc0-ae9675e1dd87" testListId="8c84fa94-04c1-424b-9868-57a2d4851a1d" />
    <TestEntry testId="6f525a40-dadd-7cc4-eb37-95f1d91a14c9" executionId="7f179c7e-72da-4525-89b3-64ee325e8db3" testListId="8c84fa94-04c1-424b-9868-57a2d4851a1d" />
    <TestEntry testId="71dbce06-b24d-82d9-d3a9-b8664de5dbbb" executionId="acae27bc-7649-4e46-a7de-67b57ddd8c57" testListId="8c84fa94-04c1-424b-9868-57a2d4851a1d" />
    <TestEntry testId="72c59001-deaf-0f88-ce47-97c9b2e78292" executionId="6851d3e3-a908-4a61-b5ec-039769652ebd" testListId="8c84fa94-04c1-424b-9868-57a2d4851a1d" />
    <TestEntry testId="73696332-8582-b3f8-3487-a0e8978d60e1" executionId="c8c362fc-2f19-437d-9cfe-2e988f4e5e47" testListId="8c84fa94-04c1-424b-9868-57a2d4851a1d" />
    <TestEntry testId="74b1b58c-e814-5670-35a0-d1446a9967fd" executionId="67e993f7-20bc-48bf-a90c-9d223909e47c" testListId="8c84fa94-04c1-424b-9868-57a2d4851a1d" />
    <TestEntry testId="751e279c-34dc-9434-036d-cf7c6e4fd783" executionId="997b65f5-057e-4a05-a0c7-8f5b66c17b9e" testListId="8c84fa94-04c1-424b-9868-57a2d4851a1d" />
    <TestEntry testId="757e1e4a-ca0e-7dc8-c1f0-7e6c91ba8ea0" executionId="23861043-5a3c-4125-8058-c3c03adc9a9d" testListId="8c84fa94-04c1-424b-9868-57a2d4851a1d" />
    <TestEntry testId="76c47d34-63a4-0479-90e7-a8d089e0dd93" executionId="c618a79f-24e5-454e-b495-4eafdbfd6d42" testListId="8c84fa94-04c1-424b-9868-57a2d4851a1d" />
    <TestEntry testId="77c82c9f-520d-04a5-8c33-19a0d6332eaa" executionId="e88c7d31-4878-4654-b612-ccd27c876d72" testListId="8c84fa94-04c1-424b-9868-57a2d4851a1d" />
    <TestEntry testId="78a9f8b3-1879-e741-9ade-1dee019c141b" executionId="e9c6ed22-89e7-4778-b91d-0250e4b8822c" testListId="8c84fa94-04c1-424b-9868-57a2d4851a1d" />
    <TestEntry testId="79a63e0f-ba0e-a5dc-0d5c-dc38d27e7aa1" executionId="46b61a58-38e4-44cd-9420-075e354a6f76" testListId="8c84fa94-04c1-424b-9868-57a2d4851a1d" />
    <TestEntry testId="7a945366-5dc8-bde8-17f1-4ebf2f832448" executionId="fb8e64d9-c040-4668-a1ee-8e287eff8aa4" testListId="8c84fa94-04c1-424b-9868-57a2d4851a1d" />
    <TestEntry testId="7b7bd90a-9390-9d92-5600-532eb0a44a2a" executionId="4a3b47eb-dbff-4e12-8cfb-11af27cac23a" testListId="8c84fa94-04c1-424b-9868-57a2d4851a1d" />
    <TestEntry testId="82c21a02-0eaa-b33b-6618-e225964dbef2" executionId="2fae0f47-bd12-4e15-ad68-7e9ce3e8f0b7" testListId="8c84fa94-04c1-424b-9868-57a2d4851a1d" />
    <TestEntry testId="82d93e8f-20e5-8c41-b9f1-1d42beccc7c0" executionId="290b1441-3ccd-4586-8e10-4c408dc54f2f" testListId="8c84fa94-04c1-424b-9868-57a2d4851a1d" />
    <TestEntry testId="8464698d-61d5-d408-819d-53311ef832f8" executionId="97070385-63f7-455e-aa04-5faa54251d67" testListId="8c84fa94-04c1-424b-9868-57a2d4851a1d" />
    <TestEntry testId="88eff91e-3ca2-b202-c4d3-20146aaa990f" executionId="d0da1d36-7e78-4cdb-b95e-5473de0daa48" testListId="8c84fa94-04c1-424b-9868-57a2d4851a1d" />
    <TestEntry testId="8c631ab0-9081-f239-8e5b-8f0f7f274cb2" executionId="bbb7658b-65f4-472a-bd5f-a8f3436cd7df" testListId="8c84fa94-04c1-424b-9868-57a2d4851a1d" />
    <TestEntry testId="8d450b91-f2a6-e64d-c4a7-eee63e8851da" executionId="1ec47e52-c896-4394-b61d-2c8ba6de752e" testListId="8c84fa94-04c1-424b-9868-57a2d4851a1d" />
    <TestEntry testId="8e8c4b00-453c-ac9a-23f7-d441cdf71296" executionId="eed202ef-48e9-4a3a-b2c5-63b6ae658f23" testListId="8c84fa94-04c1-424b-9868-57a2d4851a1d" />
    <TestEntry testId="8f23a447-15d5-92c8-a4fb-7722c21b1c07" executionId="8aa6d631-c1aa-4632-a54b-14cb4460541e" testListId="8c84fa94-04c1-424b-9868-57a2d4851a1d" />
    <TestEntry testId="91497819-ba2a-f2e9-9418-b935f4653def" executionId="301d064b-f63e-4430-8318-d0ca40ebb935" testListId="8c84fa94-04c1-424b-9868-57a2d4851a1d" />
    <TestEntry testId="94211d25-4f01-6a4f-21c4-290dd165eb14" executionId="b44cef8d-62e4-45b2-8abb-51280f25d2bb" testListId="8c84fa94-04c1-424b-9868-57a2d4851a1d" />
    <TestEntry testId="96fb1f26-cf56-3c03-ade6-884985acd8d7" executionId="93bf8856-f2df-4c2c-ba50-9ec4de81ec2c" testListId="8c84fa94-04c1-424b-9868-57a2d4851a1d" />
    <TestEntry testId="98d79b4f-0fef-791a-b39b-89c03b95d3e3" executionId="0ce39ca7-1bd3-4d19-9c70-6f116c26cbe3" testListId="8c84fa94-04c1-424b-9868-57a2d4851a1d" />
    <TestEntry testId="999cd32d-d69f-3834-8d48-f15d37fd5243" executionId="4f45d899-9042-4552-ba36-d7f0f5b19503" testListId="8c84fa94-04c1-424b-9868-57a2d4851a1d" />
    <TestEntry testId="9f7c8e27-eadb-ceef-1191-65859b891fab" executionId="bf56aa0d-79c6-4ec5-94dc-073669c61907" testListId="8c84fa94-04c1-424b-9868-57a2d4851a1d" />
    <TestEntry testId="a44cf039-3a08-31a6-19c4-66a5660ef220" executionId="f2553412-594f-43d2-812c-43c64620748a" testListId="8c84fa94-04c1-424b-9868-57a2d4851a1d" />
    <TestEntry testId="a783754e-a02b-a257-f4ac-f48395928085" executionId="2aa7ba43-d010-4061-a357-5b0285dfd2b8" testListId="8c84fa94-04c1-424b-9868-57a2d4851a1d" />
    <TestEntry testId="a8bf43a7-c593-21c5-b353-6a677fedb6e1" executionId="f7126a38-55e5-463b-be66-a9725927e4cb" testListId="8c84fa94-04c1-424b-9868-57a2d4851a1d" />
    <TestEntry testId="a91c3d07-7c7d-1fe6-99ad-80e4a1548474" executionId="5a00a541-bfef-4010-a4ef-248d9eae6989" testListId="8c84fa94-04c1-424b-9868-57a2d4851a1d" />
    <TestEntry testId="abcb6bdb-8479-892d-4456-095226c976bc" executionId="f324df72-94d1-4291-b965-6a3fcde579c6" testListId="8c84fa94-04c1-424b-9868-57a2d4851a1d" />
    <TestEntry testId="b0dad42f-cacf-b7c8-3bc2-1641e13c9caa" executionId="88fb5509-f97f-492f-9f98-692bdbda95ab" testListId="8c84fa94-04c1-424b-9868-57a2d4851a1d" />
    <TestEntry testId="b8bd6fa3-7b0e-dbc4-d1ea-17a66d88e614" executionId="a526b389-6a04-4571-b932-257c52670441" testListId="8c84fa94-04c1-424b-9868-57a2d4851a1d" />
    <TestEntry testId="bb2112d4-68ef-15b6-48ec-73b20e57caa9" executionId="92a32e3e-e434-4120-a39f-f69655a8008c" testListId="8c84fa94-04c1-424b-9868-57a2d4851a1d" />
    <TestEntry testId="bb2f1794-72bc-c3ce-3c94-a7e6c21d4812" executionId="16b98c3b-5192-42ba-9d99-dbe63f7668d4" testListId="8c84fa94-04c1-424b-9868-57a2d4851a1d" />
    <TestEntry testId="bb759e7e-2161-1c79-ee60-b7766df2bd3f" executionId="bde8b4a9-2f7b-47e5-be0d-8f426c156ef1" testListId="8c84fa94-04c1-424b-9868-57a2d4851a1d" />
    <TestEntry testId="bbbb69a9-ef38-b5dc-de66-8e150133f998" executionId="ca7afbd4-bd49-4442-9ea2-36fada3e87b9" testListId="8c84fa94-04c1-424b-9868-57a2d4851a1d" />
    <TestEntry testId="bf34bac0-1211-e38d-1273-9a3107460eaa" executionId="db5fb23c-7a39-45c3-b288-444c0d222297" testListId="8c84fa94-04c1-424b-9868-57a2d4851a1d" />
    <TestEntry testId="bf3ea6c6-ab88-4696-72a1-f31917a72c6c" executionId="d9e11035-f1c7-4fbe-84df-752e6d8c9cd6" testListId="8c84fa94-04c1-424b-9868-57a2d4851a1d" />
    <TestEntry testId="c09a892a-1cf8-8734-95e1-5859c143f708" executionId="b472c407-ce3c-49db-a8ef-ab5720d4a616" testListId="8c84fa94-04c1-424b-9868-57a2d4851a1d" />
    <TestEntry testId="c2c53443-9c7d-40b6-5a5a-6d158c6cf141" executionId="c387082d-eebc-43ce-8534-9a7a6928d0e4" testListId="8c84fa94-04c1-424b-9868-57a2d4851a1d" />
    <TestEntry testId="c2ebf66d-ae9e-9e71-55e6-fa4f57f3dcd0" executionId="1ec407cc-a343-4d09-811f-b33c7a191112" testListId="8c84fa94-04c1-424b-9868-57a2d4851a1d" />
    <TestEntry testId="c40af560-ccd4-15d1-681a-d268a1e88a1c" executionId="39195267-2f7a-460c-994b-950c02316276" testListId="8c84fa94-04c1-424b-9868-57a2d4851a1d" />
    <TestEntry testId="c564bf77-b387-e233-53e7-c5c85a463602" executionId="4445b671-28c5-4a06-80f9-077e3e95bdc0" testListId="8c84fa94-04c1-424b-9868-57a2d4851a1d" />
    <TestEntry testId="c5bc7be4-1c6a-1e48-0dbd-f119f73d764c" executionId="93f6fdb3-c31b-4e0f-9937-85c19abd9ec7" testListId="8c84fa94-04c1-424b-9868-57a2d4851a1d" />
    <TestEntry testId="c5cbe3b9-5203-897f-6c97-10b52d6a9698" executionId="796425b0-4cd9-4892-a371-093de3bdf15f" testListId="8c84fa94-04c1-424b-9868-57a2d4851a1d" />
    <TestEntry testId="c6c229fe-82f0-9917-4112-b9f4fc6d4ce9" executionId="91277ffb-9abb-427e-ba12-08af0118cea3" testListId="8c84fa94-04c1-424b-9868-57a2d4851a1d" />
    <TestEntry testId="c8e9fa12-63fb-548e-6319-248eaeb1ba50" executionId="58d09612-2fb3-4ee9-9d56-e09636220ce8" testListId="8c84fa94-04c1-424b-9868-57a2d4851a1d" />
    <TestEntry testId="c966b980-8b4f-c10a-2879-8a06a8c7add4" executionId="d83b3a34-dc42-46f9-b620-67181f48c033" testListId="8c84fa94-04c1-424b-9868-57a2d4851a1d" />
    <TestEntry testId="cc560ad4-66d2-6e1b-fa1e-c1f8f0f47258" executionId="24652869-635d-412f-800f-00d5d30f228b" testListId="8c84fa94-04c1-424b-9868-57a2d4851a1d" />
    <TestEntry testId="cd0a2e1f-d61d-9cba-b24e-96406e906f5d" executionId="388f6b3b-c9d7-41f0-ba09-18a8c49ee7bf" testListId="8c84fa94-04c1-424b-9868-57a2d4851a1d" />
    <TestEntry testId="cd2ddf59-b1d1-4ffd-b77a-55d96a13b533" executionId="b56acf94-b987-431a-b347-ad72324fa4d5" testListId="8c84fa94-04c1-424b-9868-57a2d4851a1d" />
    <TestEntry testId="cecd7ff2-d148-29e8-850a-7574ad3e7580" executionId="8710614f-e883-439a-a08d-f1d4560d34db" testListId="8c84fa94-04c1-424b-9868-57a2d4851a1d" />
    <TestEntry testId="cff26abc-fddb-ef75-0bf4-49cf50880ca7" executionId="e3e8cdcb-80c2-44c3-abf0-c491958e0864" testListId="8c84fa94-04c1-424b-9868-57a2d4851a1d" />
    <TestEntry testId="d3eb6b18-b89c-308d-2472-f70947e6c57b" executionId="f275ebde-f940-41c0-a225-494dd0c95d34" testListId="8c84fa94-04c1-424b-9868-57a2d4851a1d" />
    <TestEntry testId="d4034162-71c0-cb22-9a98-76a42e56e55e" executionId="ea2e5aab-a246-4c4b-975a-ef18e1818061" testListId="8c84fa94-04c1-424b-9868-57a2d4851a1d" />
    <TestEntry testId="d5acc190-8ff6-3621-55ca-bde560b60f80" executionId="9b760833-233b-4846-887f-3d9b6c22fd36" testListId="8c84fa94-04c1-424b-9868-57a2d4851a1d" />
    <TestEntry testId="d7dcf4df-b012-3cb2-f383-e4a465f466d1" executionId="3147f985-ef61-4d9c-a735-f495d4731544" testListId="8c84fa94-04c1-424b-9868-57a2d4851a1d" />
    <TestEntry testId="ddde0ed2-12a5-9bf8-2fdd-b32f11508a59" executionId="117a659e-f347-43ea-86da-146d795d9bf8" testListId="8c84fa94-04c1-424b-9868-57a2d4851a1d" />
    <TestEntry testId="de307af2-1c44-a9c2-0624-80b438a3400b" executionId="9dfff2ee-25c4-46b4-9f58-30e39d159a11" testListId="8c84fa94-04c1-424b-9868-57a2d4851a1d" />
    <TestEntry testId="dfede4a0-4add-37a3-8cce-099c64499527" executionId="5e1cad99-dfe3-454e-b83a-2b81d0bf71ff" testListId="8c84fa94-04c1-424b-9868-57a2d4851a1d" />
    <TestEntry testId="e1d67ae5-71d9-5872-41a1-7a2a4d910702" executionId="974ff16e-b68a-4fdc-9edd-8aac158f189e" testListId="8c84fa94-04c1-424b-9868-57a2d4851a1d" />
    <TestEntry testId="e22ce867-04ec-cc74-8f00-0fdb0256cb9f" executionId="0fece1ab-565d-461e-95d7-4478abeb9f03" testListId="8c84fa94-04c1-424b-9868-57a2d4851a1d" />
    <TestEntry testId="e454c39b-e973-6bea-bc19-3dd352fe2860" executionId="cfdeb1c2-f7da-440d-b93d-b7abba2c450b" testListId="8c84fa94-04c1-424b-9868-57a2d4851a1d" />
    <TestEntry testId="e4a0643c-ded2-0a34-7284-5a78ff072139" executionId="27036384-986e-4e75-af47-3af42827ed08" testListId="8c84fa94-04c1-424b-9868-57a2d4851a1d" />
    <TestEntry testId="e51e2c6f-d445-6901-d7cc-9c752d9465ed" executionId="c60e6765-66c3-432b-8d16-ac34c3573377" testListId="8c84fa94-04c1-424b-9868-57a2d4851a1d" />
    <TestEntry testId="e599cad1-eda4-094c-45c1-605d2f0e5702" executionId="78157d47-aca6-4051-93d8-e9f94e6ac54b" testListId="8c84fa94-04c1-424b-9868-57a2d4851a1d" />
    <TestEntry testId="e6bad939-5185-804d-09f5-03d6b8675f35" executionId="c621edd3-441c-4bb9-85da-85d1f3c7db6e" testListId="8c84fa94-04c1-424b-9868-57a2d4851a1d" />
    <TestEntry testId="e9aa986f-7293-c98f-9d6b-6050f52118de" executionId="e4e60526-7558-4307-b93e-ba5e90e38cbc" testListId="8c84fa94-04c1-424b-9868-57a2d4851a1d" />
    <TestEntry testId="eaffb742-992c-e34c-dbe5-be3438e36b95" executionId="aad1b405-4fac-4a2d-acae-f879bc49851b" testListId="8c84fa94-04c1-424b-9868-57a2d4851a1d" />
    <TestEntry testId="f01f9398-de8a-e114-4944-4c3877e413a9" executionId="e56f2509-d3d2-4d7d-9244-bfb96acd73b5" testListId="8c84fa94-04c1-424b-9868-57a2d4851a1d" />
    <TestEntry testId="f1682d17-f3d2-e7a6-602e-a5fe64b0b83a" executionId="166cb22a-7c59-4c56-8d72-bcd2d3e95a5f" testListId="8c84fa94-04c1-424b-9868-57a2d4851a1d" />
    <TestEntry testId="f1f50432-1bf0-de96-51bb-b6443df4774c" executionId="67bf05cc-b4c5-4c04-8e5b-9b4db1661e16" testListId="8c84fa94-04c1-424b-9868-57a2d4851a1d" />
    <TestEntry testId="f86c4657-4e4d-11f0-63ee-95d2154ef49d" executionId="780d12a8-3408-445b-ac6c-bcd8f63c0cd0" testListId="8c84fa94-04c1-424b-9868-57a2d4851a1d" />
    <TestEntry testId="fc3e1a26-3625-7f18-819c-6724010eb1dd" executionId="8eca4a5c-c8e1-483a-8413-6de51936299c" testListId="8c84fa94-04c1-424b-9868-57a2d4851a1d" />
    <TestEntry testId="fe21a7fe-170b-9452-5951-05d7fa59464e" executionId="0b1334cd-7a2e-4ff3-ae83-3c57815b0857" testListId="8c84fa94-04c1-424b-9868-57a2d4851a1d" />
    <TestEntry testId="ff5ca805-f71b-e477-63b1-db8e8b29d28e" executionId="363e9f8d-2f85-4ec2-bfae-20974622bfed" testListId="8c84fa94-04c1-424b-9868-57a2d4851a1d" />
  </TestEntries>
  <Results>
    <UnitTestResult executionId="af7d7185-2aca-44d7-b71f-a821becd1370" testId="002cf2ca-edf2-8bcf-43d5-0c3f0f84c4f5" testName="un_deserializador_de_filtros_deberia_poder_desserializar_un_filtro_de_documentos_por_numero_de_ticket" computerName="MDS-RH-0002" duration="00:00:00.1500316" startTime="2013-02-07T21:48:33.0190155-03:00" endTime="2013-02-07T21:48:33.4830619-03:00" testType="13cdc9d9-ddb5-4fa4-a97d-d965ccfc6d4b" outcome="Passed" testListId="8c84fa94-04c1-424b-9868-57a2d4851a1d" relativeResultsDirectory="af7d7185-2aca-44d7-b71f-a821becd1370">
    </UnitTestResult>
    <UnitTestResult executionId="a87bb100-6d41-4f87-9217-eeac9b29f783" testId="02698425-13df-8609-0cad-f65978180f81" testName="no_se_debe_permitir_crear_un_organigrama_donde_tenga_mas_de_un_area_superior_final" computerName="MDS-RH-0002" duration="00:00:00.0080225" startTime="2013-02-07T21:48:33.4850621-03:00" endTime="2013-02-07T21:48:33.4970633-03:00" testType="13cdc9d9-ddb5-4fa4-a97d-d965ccfc6d4b" outcome="Passed" testListId="8c84fa94-04c1-424b-9868-57a2d4851a1d" relativeResultsDirectory="a87bb100-6d41-4f87-9217-eeac9b29f783">
    </UnitTestResult>
    <UnitTestResult executionId="99bb5732-601c-499a-b17a-76d5661ec1da" testId="03a6a885-b427-a1c0-9f18-eab8c39d83dc" testName="dada_un_area__con_3_asistentes_deberia_obtener_en_una_unica_area_unico_registro_y_los_3_asistentes_incluido_en_el_area" computerName="MDS-RH-0002" duration="00:00:00.0604873" startTime="2013-02-07T21:48:33.4990635-03:00" endTime="2013-02-07T21:48:33.5640700-03:00" testType="13cdc9d9-ddb5-4fa4-a97d-d965ccfc6d4b" outcome="Passed" testListId="8c84fa94-04c1-424b-9868-57a2d4851a1d" relativeResultsDirectory="99bb5732-601c-499a-b17a-76d5661ec1da">
    </UnitTestResult>
    <UnitTestResult executionId="43be10d0-6603-4cff-b97a-c93eb0958dfb" testId="043dc452-5b80-2a1c-5140-d90d565722bc" testName="Un_organigrama_deberia_poder_decirme_todas_las_areas_inferiores_a_un_area_dada_con_una_estructura_lineal" computerName="MDS-RH-0002" duration="00:00:00.0020502" startTime="2013-02-07T21:48:33.5660702-03:00" endTime="2013-02-07T21:48:33.5710707-03:00" testType="13cdc9d9-ddb5-4fa4-a97d-d965ccfc6d4b" outcome="Passed" testListId="8c84fa94-04c1-424b-9868-57a2d4851a1d" relativeResultsDirectory="43be10d0-6603-4cff-b97a-c93eb0958dfb">
    </UnitTestResult>
    <UnitTestResult executionId="af9c7e3e-42e8-4c91-9c39-cba9af229b1b" testId="06dca5fe-5ce6-35f4-b6c7-96dea566a67f" testName="deberia_poder_crear_un_organigrama_lineal_con_cuatro_areas" computerName="MDS-RH-0002" duration="00:00:00.0004915" startTime="2013-02-07T21:48:33.5730709-03:00" endTime="2013-02-07T21:48:33.5760712-03:00" testType="13cdc9d9-ddb5-4fa4-a97d-d965ccfc6d4b" outcome="Passed" testListId="8c84fa94-04c1-424b-9868-57a2d4851a1d" relativeResultsDirectory="af9c7e3e-42e8-4c91-9c39-cba9af229b1b">
    </UnitTestResult>
    <UnitTestResult executionId="380b634a-8cdf-4c51-82d8-ba72fa44cd74" testId="07c6ae9a-6a82-fa4b-680a-96e32253ef51" testName="deberia_poder_conocer_los_dias_de_cursada_de_un_curso_para_un_mes" computerName="MDS-RH-0002" duration="00:00:00.0069438" startTime="2013-02-07T21:48:33.5780714-03:00" endTime="2013-02-07T21:48:33.5870723-03:00" testType="13cdc9d9-ddb5-4fa4-a97d-d965ccfc6d4b" outcome="Passed" testListId="8c84fa94-04c1-424b-9868-57a2d4851a1d" relativeResultsDirectory="380b634a-8cdf-4c51-82d8-ba72fa44cd74">
    </UnitTestResult>
    <UnitTestResult executionId="3543cbc2-9f72-4d1d-8ea6-9e84f135c9c1" testId="086213ff-7e23-a50c-0de2-c7f0fd67fbca" testName="no_se_puede_solicitar_el_área_superior_del_área_maxima_sino_que_debería_dar_una_excepción" computerName="MDS-RH-0002" duration="00:00:00.0006140" startTime="2013-02-07T21:48:33.5890725-03:00" endTime="2013-02-07T21:48:33.5920728-03:00" testType="13cdc9d9-ddb5-4fa4-a97d-d965ccfc6d4b" outcome="Passed" testListId="8c84fa94-04c1-424b-9868-57a2d4851a1d" relativeResultsDirectory="3543cbc2-9f72-4d1d-8ea6-9e84f135c9c1">
    </UnitTestResult>
    <UnitTestResult executionId="6c581515-c134-434b-8ca6-11647d9619f1" testId="182de057-0bb2-6910-8abd-59fd672a3af3" testName="deberia_poder_agregar_alumnos_a_un_curso" computerName="MDS-RH-0002" duration="00:00:00.0040878" startTime="2013-02-07T21:48:33.5940730-03:00" endTime="2013-02-07T21:48:33.6010737-03:00" testType="13cdc9d9-ddb5-4fa4-a97d-d965ccfc6d4b" outcome="Passed" testListId="8c84fa94-04c1-424b-9868-57a2d4851a1d" relativeResultsDirectory="6c581515-c134-434b-8ca6-11647d9619f1">
    </UnitTestResult>
    <UnitTestResult executionId="5ae40a53-fc4f-49d2-bdaf-b2dd389645ce" testId="18a1cd9e-1ae4-3656-14a0-ac543707a055" testName="deberia_devolver_la_zona_Metro_con_dos_provincias_diferentes" computerName="MDS-RH-0002" duration="00:00:00.0054698" startTime="2013-02-07T21:48:33.6030739-03:00" endTime="2013-02-07T21:48:33.6120748-03:00" testType="13cdc9d9-ddb5-4fa4-a97d-d965ccfc6d4b" outcome="Passed" testListId="8c84fa94-04c1-424b-9868-57a2d4851a1d" relativeResultsDirectory="5ae40a53-fc4f-49d2-bdaf-b2dd389645ce">
    </UnitTestResult>
    <UnitTestResult executionId="a713abba-b863-46bc-878f-3cd7a958f17d" testId="1b646755-e25c-9dea-839f-b5f817062984" testName="deberia_poder_obtener_los_ids_de_las_entidades_seleccionadas" computerName="MDS-RH-0002" duration="00:00:00.0025276" startTime="2013-02-07T21:48:33.6140750-03:00" endTime="2013-02-07T21:48:33.6190755-03:00" testType="13cdc9d9-ddb5-4fa4-a97d-d965ccfc6d4b" outcome="Passed" testListId="8c84fa94-04c1-424b-9868-57a2d4851a1d" relativeResultsDirectory="a713abba-b863-46bc-878f-3cd7a958f17d">
    </UnitTestResult>
    <UnitTestResult executionId="05fbb0f3-2d4f-46e9-a9cf-224b3ccdb84d" testId="1bbef477-4f31-cfec-a6a8-6e1b0892c5f9" testName="deberia_devolver_region_METRO_con_BuenosAires_con_una_localidad" computerName="MDS-RH-0002" duration="00:00:00.0022573" startTime="2013-02-07T21:48:33.6210757-03:00" endTime="2013-02-07T21:48:33.6250761-03:00" testType="13cdc9d9-ddb5-4fa4-a97d-d965ccfc6d4b" outcome="Passed" testListId="8c84fa94-04c1-424b-9868-57a2d4851a1d" relativeResultsDirectory="05fbb0f3-2d4f-46e9-a9cf-224b3ccdb84d">
    </UnitTestResult>
    <UnitTestResult executionId="2b7f9af0-cb5d-49ce-97d6-ef3ddc019d23" testId="1f3c9d7b-63ee-b9a1-f8d0-46e85a0a6255" testName="deberia_poder_obtener_todos_los_tipos_de_documento_con_su_sigla" computerName="MDS-RH-0002" duration="00:00:00.0037741" startTime="2013-02-07T21:48:33.6270763-03:00" endTime="2013-02-07T21:48:33.6340770-03:00" testType="13cdc9d9-ddb5-4fa4-a97d-d965ccfc6d4b" outcome="Passed" testListId="8c84fa94-04c1-424b-9868-57a2d4851a1d" relativeResultsDirectory="2b7f9af0-cb5d-49ce-97d6-ef3ddc019d23">
    </UnitTestResult>
    <UnitTestResult executionId="773a2fd6-d9ee-402f-849b-fb366cb3b3a2" testId="219a2093-b6f2-f229-ae69-0108da5c2d8d" testName="no_deberia_poder_guardarse_un_documento_sin_categoria" computerName="MDS-RH-0002" duration="00:00:00.0015652" startTime="2013-02-07T21:48:33.6360772-03:00" endTime="2013-02-07T21:48:33.6400776-03:00" testType="13cdc9d9-ddb5-4fa4-a97d-d965ccfc6d4b" outcome="Passed" testListId="8c84fa94-04c1-424b-9868-57a2d4851a1d" relativeResultsDirectory="773a2fd6-d9ee-402f-849b-fb366cb3b3a2">
    </UnitTestResult>
    <UnitTestResult executionId="1ca3e397-b6ce-4139-8ada-7c69e243f094" testId="225e3e53-1987-0065-f209-06ded52d42cd" testName="al_solicitarle_todas_las_areas_inferiores_de_marta_deberia_traerme_faby_yfabyB" computerName="MDS-RH-0002" duration="00:00:00.0003772" startTime="2013-02-07T21:48:33.6420778-03:00" endTime="2013-02-07T21:48:33.6450781-03:00" testType="13cdc9d9-ddb5-4fa4-a97d-d965ccfc6d4b" outcome="Passed" testListId="8c84fa94-04c1-424b-9868-57a2d4851a1d" relativeResultsDirectory="1ca3e397-b6ce-4139-8ada-7c69e243f094">
    </UnitTestResult>
    <UnitTestResult executionId="f69d6b05-4804-45d8-9cf4-139bef42f5c7" testId="22fef842-2be2-549e-28ca-decc4b2f83c4" testName="no_se_debe_permitir_crear_un_organigrama_donde_las_areas_y_las_dependencias_son_vacias" computerName="MDS-RH-0002" duration="00:00:00.0003818" startTime="2013-02-07T21:48:33.6470783-03:00" endTime="2013-02-07T21:48:33.6500786-03:00" testType="13cdc9d9-ddb5-4fa4-a97d-d965ccfc6d4b" outcome="Passed" testListId="8c84fa94-04c1-424b-9868-57a2d4851a1d" relativeResultsDirectory="f69d6b05-4804-45d8-9cf4-139bef42f5c7">
    </UnitTestResult>
    <UnitTestResult executionId="f28c3125-9123-4097-8446-9670510d2869" testId="25415686-6584-7e2c-956a-c8ad4a11141c" testName="al_buscar_en_una_lista_de_áreas_por_Asistentes_de_área_a_Ana_debe_traer_dos_areas_donde_existen_dos_personas_llamadas_Ana_que_son_secreatarias_en_cada_area" computerName="MDS-RH-0002" duration="00:00:00.0043800" startTime="2013-02-07T21:48:33.6510787-03:00" endTime="2013-02-07T21:48:33.6590795-03:00" testType="13cdc9d9-ddb5-4fa4-a97d-d965ccfc6d4b" outcome="Passed" testListId="8c84fa94-04c1-424b-9868-57a2d4851a1d" relativeResultsDirectory="f28c3125-9123-4097-8446-9670510d2869">
    </UnitTestResult>
    <UnitTestResult executionId="f6d59992-bd61-4a60-8a78-8ac1101ea78e" testId="2665ec77-f2c4-3c27-e75d-93d1cb83ce92" testName="se_le_deberia_poder_pedir_a_un_area_su_nombre_completo_con_el_alias" computerName="MDS-RH-0002" duration="00:00:00.0032682" startTime="2013-02-07T21:48:33.6610797-03:00" endTime="2013-02-07T21:48:33.6670803-03:00" testType="13cdc9d9-ddb5-4fa4-a97d-d965ccfc6d4b" outcome="Passed" testListId="8c84fa94-04c1-424b-9868-57a2d4851a1d" relativeResultsDirectory="f6d59992-bd61-4a60-8a78-8ac1101ea78e">
    </UnitTestResult>
    <UnitTestResult executionId="7669e0a0-aff3-46d3-842d-1df120bc31fa" testId="27563a31-6c9c-c1b2-7c6f-cfbc88311e88" testName="dado_a_quiero_b" computerName="MDS-RH-0002" duration="00:00:00.0014043" startTime="2013-02-07T21:48:33.6680804-03:00" endTime="2013-02-07T21:48:33.6730809-03:00" testType="13cdc9d9-ddb5-4fa4-a97d-d965ccfc6d4b" outcome="Passed" testListId="8c84fa94-04c1-424b-9868-57a2d4851a1d" relativeResultsDirectory="7669e0a0-aff3-46d3-842d-1df120bc31fa">
    </UnitTestResult>
    <UnitTestResult executionId="b459b65d-69db-48bc-8a84-2b336a98ebf9" testId="27e6cdd1-0452-1cb1-16c4-7576bb6d0538" testName="deberia_poder_agregarle_cabeceras_de_columna_a_una_tabla" computerName="MDS-RH-0002" duration="00:00:00.0015132" startTime="2013-02-07T21:48:33.6740810-03:00" endTime="2013-02-07T21:48:33.6790815-03:00" testType="13cdc9d9-ddb5-4fa4-a97d-d965ccfc6d4b" outcome="Passed" testListId="8c84fa94-04c1-424b-9868-57a2d4851a1d" relativeResultsDirectory="b459b65d-69db-48bc-8a84-2b336a98ebf9">
    </UnitTestResult>
    <UnitTestResult executionId="495853b4-f7e9-49e8-b73f-ab2b050bd81e" testId="28a4ad86-b0f5-734b-2ffb-1771c0cae12f" testName="deberia_traer_viaticos_que_esten_de_la_areas_939_54_16_de_la_provincia_CORDOBA_SALTA_perido_011012_al_261012" computerName="MDS-RH-0002" duration="00:00:00.0108931" startTime="2013-02-07T21:48:33.6810817-03:00" endTime="2013-02-07T21:48:33.6950831-03:00" testType="13cdc9d9-ddb5-4fa4-a97d-d965ccfc6d4b" outcome="Passed" testListId="8c84fa94-04c1-424b-9868-57a2d4851a1d" relativeResultsDirectory="495853b4-f7e9-49e8-b73f-ab2b050bd81e">
    </UnitTestResult>
    <UnitTestResult executionId="6061bbc6-25cd-4ceb-a1d2-c7dfb747e4f7" testId="2a085327-6b89-00de-3f93-60ecccb235b6" testName="deberia_poder_tener_los_checkboxes_seleccionados_de_un_request" computerName="MDS-RH-0002" duration="00:00:00.0003329" startTime="2013-02-07T21:48:33.6960832-03:00" endTime="2013-02-07T21:48:33.6990835-03:00" testType="13cdc9d9-ddb5-4fa4-a97d-d965ccfc6d4b" outcome="Passed" testListId="8c84fa94-04c1-424b-9868-57a2d4851a1d" relativeResultsDirectory="6061bbc6-25cd-4ceb-a1d2-c7dfb747e4f7">
    </UnitTestResult>
    <UnitTestResult executionId="4119ad15-32ef-4cb2-a548-ff0724baaf48" testId="2ba1906f-7dc1-cbb6-5d44-2eaa074ee001" testName="deberia_traer_las_personas_que_mas_solicitaron_viaticos_en_011012_261012" computerName="MDS-RH-0002" duration="00:00:00.0050795" startTime="2013-02-07T21:48:33.7010837-03:00" endTime="2013-02-07T21:48:33.7090845-03:00" testType="13cdc9d9-ddb5-4fa4-a97d-d965ccfc6d4b" outcome="Passed" testListId="8c84fa94-04c1-424b-9868-57a2d4851a1d" relativeResultsDirectory="4119ad15-32ef-4cb2-a548-ff0724baaf48">
    </UnitTestResult>
    <UnitTestResult executionId="cd626bf8-57db-40fb-b982-11cf93026bcc" testId="2c561612-6ace-d4f5-3ea0-2b63589d272c" testName="fabian_deberia_tener_solo_un_area_con_un_asistente" computerName="MDS-RH-0002" duration="00:00:00.0088698" startTime="2013-02-07T21:48:33.7110847-03:00" endTime="2013-02-07T21:48:33.7230859-03:00" testType="13cdc9d9-ddb5-4fa4-a97d-d965ccfc6d4b" outcome="Passed" testListId="8c84fa94-04c1-424b-9868-57a2d4851a1d" relativeResultsDirectory="cd626bf8-57db-40fb-b982-11cf93026bcc">
    </UnitTestResult>
    <UnitTestResult executionId="c97ce6b1-26af-491b-99fa-b7e251655e52" testId="2d0a6e94-8989-8cc3-e286-44dd8a2f688e" testName="deberia_poder_crear_un_checkbox_con_id_segun_la_entidad" computerName="MDS-RH-0002" duration="00:00:00.0003426" startTime="2013-02-07T21:48:33.7240860-03:00" endTime="2013-02-07T21:48:33.7280864-03:00" testType="13cdc9d9-ddb5-4fa4-a97d-d965ccfc6d4b" outcome="Passed" testListId="8c84fa94-04c1-424b-9868-57a2d4851a1d" relativeResultsDirectory="c97ce6b1-26af-491b-99fa-b7e251655e52">
    </UnitTestResult>
    <UnitTestResult executionId="8a5da113-d82b-4042-bd15-ae567b4b1343" testId="2ddded08-79a3-ad3a-b587-dfc68dd5b5f5" testName="deberia_poder_validar_si_un_objeto_es_nulo" computerName="MDS-RH-0002" duration="00:00:00.0005358" startTime="2013-02-07T21:48:33.7300866-03:00" endTime="2013-02-07T21:48:33.7340870-03:00" testType="13cdc9d9-ddb5-4fa4-a97d-d965ccfc6d4b" outcome="Passed" testListId="8c84fa94-04c1-424b-9868-57a2d4851a1d" relativeResultsDirectory="8a5da113-d82b-4042-bd15-ae567b4b1343">
    </UnitTestResult>
    <UnitTestResult executionId="c1784d69-bc97-4dde-b8d0-b1cad1b47097" testId="2eba2d30-d0c9-d10d-cb9f-e198704cb8fa" testName="fabian_deberia_tener_solo_acceso_a_viaticos" computerName="MDS-RH-0002" duration="00:00:00.0063160" startTime="2013-02-07T21:48:33.7360872-03:00" endTime="2013-02-07T21:48:33.7440880-03:00" testType="13cdc9d9-ddb5-4fa4-a97d-d965ccfc6d4b" outcome="Passed" testListId="8c84fa94-04c1-424b-9868-57a2d4851a1d" relativeResultsDirectory="c1784d69-bc97-4dde-b8d0-b1cad1b47097">
    </UnitTestResult>
    <UnitTestResult executionId="958ee48b-e6eb-4733-9a9a-aff48d3b4351" testId="33728143-431e-2f80-b4cd-e190171f9673" testName="deberia_traer_4_areas_con_los_datos_de_contacto_de_la_mismas" computerName="MDS-RH-0002" duration="00:00:00.0201298" startTime="2013-02-07T21:48:33.7460882-03:00" endTime="2013-02-07T21:48:33.7690905-03:00" testType="13cdc9d9-ddb5-4fa4-a97d-d965ccfc6d4b" outcome="Passed" testListId="8c84fa94-04c1-424b-9868-57a2d4851a1d" relativeResultsDirectory="958ee48b-e6eb-4733-9a9a-aff48d3b4351">
    </UnitTestResult>
    <UnitTestResult executionId="15b59cc0-5450-42ec-867f-35b56ecbff3a" testId="363f19a2-0f65-4da3-ffe2-9ae3bd940a9f" testName="deberia_crear_una_tabla_con_id_y_un_valor_99" computerName="MDS-RH-0002" duration="00:00:00.0005986" startTime="2013-02-07T21:48:33.7700906-03:00" endTime="2013-02-07T21:48:33.7740910-03:00" testType="13cdc9d9-ddb5-4fa4-a97d-d965ccfc6d4b" outcome="Passed" testListId="8c84fa94-04c1-424b-9868-57a2d4851a1d" relativeResultsDirectory="15b59cc0-5450-42ec-867f-35b56ecbff3a">
    </UnitTestResult>
    <UnitTestResult executionId="610ac061-f164-4321-92cf-ea9dbf25048f" testId="3667ca38-1ee0-0f59-2de9-55990d91ad13" testName="deberia_traer_inasistencias_de_un_alumno_para_un_mes" computerName="MDS-RH-0002" duration="00:00:00.0023443" startTime="2013-02-07T21:48:33.7760912-03:00" endTime="2013-02-07T21:48:33.7810917-03:00" testType="13cdc9d9-ddb5-4fa4-a97d-d965ccfc6d4b" outcome="Passed" testListId="8c84fa94-04c1-424b-9868-57a2d4851a1d" relativeResultsDirectory="610ac061-f164-4321-92cf-ea9dbf25048f">
    </UnitTestResult>
    <UnitTestResult executionId="19169ca6-32b4-4663-953b-4a2fe0f70d14" testId="37d066c6-a6d7-b11a-9516-f3f197d5e44d" testName="deberia_poder_tener_un_null_como_primer_valor_de_una_columna" computerName="MDS-RH-0002" duration="00:00:00.0018708" startTime="2013-02-07T21:48:33.7840920-03:00" endTime="2013-02-07T21:48:33.7890925-03:00" testType="13cdc9d9-ddb5-4fa4-a97d-d965ccfc6d4b" outcome="Passed" testListId="8c84fa94-04c1-424b-9868-57a2d4851a1d" relativeResultsDirectory="19169ca6-32b4-4663-953b-4a2fe0f70d14">
    </UnitTestResult>
    <UnitTestResult executionId="bc8a2499-bc50-4776-8190-9dfd045aa309" testId="38a50315-78cc-f677-cc67-a33e14f1587e" testName="deberia_poder_obtener_todos_los_documentos" computerName="MDS-RH-0002" duration="00:00:00.0107822" startTime="2013-02-07T21:48:33.7900926-03:00" endTime="2013-02-07T21:48:33.8040940-03:00" testType="13cdc9d9-ddb5-4fa4-a97d-d965ccfc6d4b" outcome="Passed" testListId="8c84fa94-04c1-424b-9868-57a2d4851a1d" relativeResultsDirectory="bc8a2499-bc50-4776-8190-9dfd045aa309">
    </UnitTestResult>
    <UnitTestResult executionId="b0d051e9-f561-4448-b51e-c1155dead2f5" testId="39ba617e-74b7-ac1c-65b2-4df024e2d4e4" testName="al_buscar_en_una_lista_de_áreas_por_Asistentes_de_área_a_María_debe_traer_el_area_de_RRHH_donde_María_es_secretaria" computerName="MDS-RH-0002" duration="00:00:00.0007556" startTime="2013-02-07T21:48:33.8060942-03:00" endTime="2013-02-07T21:48:33.8090945-03:00" testType="13cdc9d9-ddb5-4fa4-a97d-d965ccfc6d4b" outcome="Passed" testListId="8c84fa94-04c1-424b-9868-57a2d4851a1d" relativeResultsDirectory="b0d051e9-f561-4448-b51e-c1155dead2f5">
    </UnitTestResult>
    <UnitTestResult executionId="be08109a-ef68-49af-9fd7-55773b1734cb" testId="3c877ef7-ef07-0820-9e58-ae76fdaedfb0" testName="al_buscar_en_una_lista_de_áreas_un_fax_devuelve_todos_las_áreas_cuyo_fax_de_asistente_o_responsable_o_area_contiene_el_texto_buscado" computerName="MDS-RH-0002" duration="00:00:00.0017527" startTime="2013-02-07T21:48:33.8110947-03:00" endTime="2013-02-07T21:48:33.8160952-03:00" testType="13cdc9d9-ddb5-4fa4-a97d-d965ccfc6d4b" outcome="Passed" testListId="8c84fa94-04c1-424b-9868-57a2d4851a1d" relativeResultsDirectory="be08109a-ef68-49af-9fd7-55773b1734cb">
    </UnitTestResult>
    <UnitTestResult executionId="da353226-27ee-4fad-a981-0f990b2b010e" testId="410ae35c-c491-52ff-8ca7-16593197aa91" testName="deberia_poder_obtener_un_viatico_sin_estadias_pasajes_ni_transiciones" computerName="MDS-RH-0002" duration="00:00:00.0085225" startTime="2013-02-07T21:48:33.8180954-03:00" endTime="2013-02-07T21:48:33.8290965-03:00" testType="13cdc9d9-ddb5-4fa4-a97d-d965ccfc6d4b" outcome="Passed" testListId="8c84fa94-04c1-424b-9868-57a2d4851a1d" relativeResultsDirectory="da353226-27ee-4fad-a981-0f990b2b010e">
    </UnitTestResult>
    <UnitTestResult executionId="bd8de1be-6158-4702-9aea-f687dd07e446" testId="42e7e5a9-27d6-1424-520a-64446a479ac2" testName="deberia_poder_actuailzar_un_documento" computerName="MDS-RH-0002" duration="00:00:00.0058748" startTime="2013-02-07T21:48:33.8310967-03:00" endTime="2013-02-07T21:48:33.8400976-03:00" testType="13cdc9d9-ddb5-4fa4-a97d-d965ccfc6d4b" outcome="Passed" testListId="8c84fa94-04c1-424b-9868-57a2d4851a1d" relativeResultsDirectory="bd8de1be-6158-4702-9aea-f687dd07e446">
    </UnitTestResult>
    <UnitTestResult executionId="f7188402-2b8b-457a-8326-a05d3a59a9ee" testId="43bddf17-fba3-4d54-a157-cfcf7797ee39" testName="al_buscar_en_una_lista_de_áreas_un_email_devuelve_todos_las_áreas_cuyo_email_de_asistente_o_responsable_o_area_contiene_el_texto_buscado" computerName="MDS-RH-0002" duration="00:00:00.0014782" startTime="2013-02-07T21:48:33.8410977-03:00" endTime="2013-02-07T21:48:33.8460982-03:00" testType="13cdc9d9-ddb5-4fa4-a97d-d965ccfc6d4b" outcome="Passed" testListId="8c84fa94-04c1-424b-9868-57a2d4851a1d" relativeResultsDirectory="f7188402-2b8b-457a-8326-a05d3a59a9ee">
    </UnitTestResult>
    <UnitTestResult executionId="f7a2c9e2-79fd-442d-93c9-78f25a12a77e" testId="43da4eae-d92c-9ac3-0f26-5e5600a67e90" testName="el_circuito_deberia_por_default_subir_por_el_organigrama_a_menos_que_haya_una_excepcion" computerName="MDS-RH-0002" duration="00:00:00.0017130" startTime="2013-02-07T21:48:33.8470983-03:00" endTime="2013-02-07T21:48:33.8510987-03:00" testType="13cdc9d9-ddb5-4fa4-a97d-d965ccfc6d4b" outcome="Passed" testListId="8c84fa94-04c1-424b-9868-57a2d4851a1d" relativeResultsDirectory="f7a2c9e2-79fd-442d-93c9-78f25a12a77e">
    </UnitTestResult>
    <UnitTestResult executionId="b735637f-522e-477e-966a-37073a9add2d" testId="44b05242-b475-4635-6cec-78ec052b2688" testName="al_solicitarle_las_areas_inferiores_al_area_de_Marta_debe_traer_solo_la_de_Faby" computerName="MDS-RH-0002" duration="00:00:00.0003045" startTime="2013-02-07T21:48:33.8530989-03:00" endTime="2013-02-07T21:48:33.8560992-03:00" testType="13cdc9d9-ddb5-4fa4-a97d-d965ccfc6d4b" outcome="Passed" testListId="8c84fa94-04c1-424b-9868-57a2d4851a1d" relativeResultsDirectory="b735637f-522e-477e-966a-37073a9add2d">
    </UnitTestResult>
    <UnitTestResult executionId="89996cef-a506-4cd3-b990-b76898923986" testId="46d9bce1-2d0e-1aa8-e89e-b40f37783359" testName="deberia_poder_decirle_a_un_repositorio_que_use_una_conexion_que_no_devuelve_nada" computerName="MDS-RH-0002" duration="00:00:00.0036659" startTime="2013-02-07T21:48:33.8580994-03:00" endTime="2013-02-07T21:48:33.8651001-03:00" testType="13cdc9d9-ddb5-4fa4-a97d-d965ccfc6d4b" outcome="Passed" testListId="8c84fa94-04c1-424b-9868-57a2d4851a1d" relativeResultsDirectory="89996cef-a506-4cd3-b990-b76898923986">
    </UnitTestResult>
    <UnitTestResult executionId="865686b0-11e7-4716-8929-9f6f09ba8cbd" testId="477414b1-9ac6-06f2-392d-c549405cd3f3" testName="cuando_se_solicita_la_lista_de_todas_las_áreas_superiores_de_un_área_debe_devolver_una_lista_vacía" computerName="MDS-RH-0002" duration="00:00:00.0005123" startTime="2013-02-07T21:48:33.8671003-03:00" endTime="2013-02-07T21:48:33.8701006-03:00" testType="13cdc9d9-ddb5-4fa4-a97d-d965ccfc6d4b" outcome="Passed" testListId="8c84fa94-04c1-424b-9868-57a2d4851a1d" relativeResultsDirectory="865686b0-11e7-4716-8929-9f6f09ba8cbd">
    </UnitTestResult>
    <UnitTestResult executionId="97af9a36-d7e3-475b-8809-33ea32df688f" testId="4793d588-4a8f-7915-87f2-c97c11507ad4" testName="deberia_devolver_una_fecha" computerName="MDS-RH-0002" duration="00:00:00.0014474" startTime="2013-02-07T21:48:33.8711007-03:00" endTime="2013-02-07T21:48:33.8761012-03:00" testType="13cdc9d9-ddb5-4fa4-a97d-d965ccfc6d4b" outcome="Passed" testListId="8c84fa94-04c1-424b-9868-57a2d4851a1d" relativeResultsDirectory="97af9a36-d7e3-475b-8809-33ea32df688f">
    </UnitTestResult>
    <UnitTestResult executionId="9e4d69c4-357f-4739-9c64-ad3d1e62ea3e" testId="4a850093-e479-3127-1dc5-d67d3a9e4d1b" testName="fabian_deberia_tener_un_area_con_solo_un_asistente" computerName="MDS-RH-0002" duration="00:00:00.0086773" startTime="2013-02-07T21:48:33.8781014-03:00" endTime="2013-02-07T21:48:33.8891025-03:00" testType="13cdc9d9-ddb5-4fa4-a97d-d965ccfc6d4b" outcome="Passed" testListId="8c84fa94-04c1-424b-9868-57a2d4851a1d" relativeResultsDirectory="9e4d69c4-357f-4739-9c64-ad3d1e62ea3e">
    </UnitTestResult>
    <UnitTestResult executionId="39d238ef-23ae-45c4-9981-cb0f3f571d9a" testId="4bc081ab-bd87-c7e6-2e9a-ea9029e80e8b" testName="dado_aaa999_debe_ser_aab000" computerName="MDS-RH-0002" duration="00:00:00.0002198" startTime="2013-02-07T21:48:33.8911027-03:00" endTime="2013-02-07T21:48:33.8941030-03:00" testType="13cdc9d9-ddb5-4fa4-a97d-d965ccfc6d4b" outcome="Passed" testListId="8c84fa94-04c1-424b-9868-57a2d4851a1d" relativeResultsDirectory="39d238ef-23ae-45c4-9981-cb0f3f571d9a">
    </UnitTestResult>
    <UnitTestResult executionId="92125017-f104-4f21-9910-32a77bbeb773" testId="5188b3d7-a77a-3054-7bc5-b06591dc325c" testName="al_preguntarle_en_que_area_esta_un_documeto_deberia_decirme_" computerName="MDS-RH-0002" duration="00:00:00.0022439" startTime="2013-02-07T21:48:33.8951031-03:00" endTime="2013-02-07T21:48:33.9011037-03:00" testType="13cdc9d9-ddb5-4fa4-a97d-d965ccfc6d4b" outcome="Passed" testListId="8c84fa94-04c1-424b-9868-57a2d4851a1d" relativeResultsDirectory="92125017-f104-4f21-9910-32a77bbeb773">
    </UnitTestResult>
    <UnitTestResult executionId="230bd5e3-97d2-4312-b090-0e13b20a75a6" testId="53e1544f-a9d2-75aa-fac6-a61041be5fb7" testName="dado_un_curso_que_se_cursa_lunes_y_jueves_cuando_le_pregunto_cuantos_dias_de_cursada_hay_en_la_primer_quincena_de_enero_me_dice_4" computerName="MDS-RH-0002" duration="00:00:00.0013246" startTime="2013-02-07T21:48:33.9021038-03:00" endTime="2013-02-07T21:48:33.9071043-03:00" testType="13cdc9d9-ddb5-4fa4-a97d-d965ccfc6d4b" outcome="Passed" testListId="8c84fa94-04c1-424b-9868-57a2d4851a1d" relativeResultsDirectory="230bd5e3-97d2-4312-b090-0e13b20a75a6">
    </UnitTestResult>
    <UnitTestResult executionId="278728b6-c764-4369-a2c5-c41a3949ba54" testId="57d98f0d-6038-69c7-9b96-75f22dd0e9dd" testName="deberia_traer_4_viaticos" computerName="MDS-RH-0002" duration="00:00:00.0591268" startTime="2013-02-07T21:48:33.9091045-03:00" endTime="2013-02-07T21:48:33.9711107-03:00" testType="13cdc9d9-ddb5-4fa4-a97d-d965ccfc6d4b" outcome="Passed" testListId="8c84fa94-04c1-424b-9868-57a2d4851a1d" relativeResultsDirectory="278728b6-c764-4369-a2c5-c41a3949ba54">
    </UnitTestResult>
    <UnitTestResult executionId="980eaad4-e822-44bf-839e-030a9e20e137" testId="59ff1f84-feae-06d2-b4cb-39b785e26703" testName="deberia_traer_viaticos_que_esten_pendientes_del_area_939_y__perido_011012_al_261012" computerName="MDS-RH-0002" duration="00:00:00.0034823" startTime="2013-02-07T21:48:33.9731109-03:00" endTime="2013-02-07T21:48:33.9801116-03:00" testType="13cdc9d9-ddb5-4fa4-a97d-d965ccfc6d4b" outcome="Passed" testListId="8c84fa94-04c1-424b-9868-57a2d4851a1d" relativeResultsDirectory="980eaad4-e822-44bf-839e-030a9e20e137">
    </UnitTestResult>
    <UnitTestResult executionId="3e1ae0b3-6566-4ab4-af19-31828bfe3414" testId="5b690971-fd71-4f11-40a9-1c85ffb21c38" testName="al_buscar_por_una_categoria_de_documento_debe_traer_todos_los_documentos_que_cumplen_con_ello" computerName="MDS-RH-0002" duration="00:00:00.0017430" startTime="2013-02-07T21:48:33.9821118-03:00" endTime="2013-02-07T21:48:33.9881124-03:00" testType="13cdc9d9-ddb5-4fa4-a97d-d965ccfc6d4b" outcome="Passed" testListId="8c84fa94-04c1-424b-9868-57a2d4851a1d" relativeResultsDirectory="3e1ae0b3-6566-4ab4-af19-31828bfe3414">
    </UnitTestResult>
    <UnitTestResult executionId="dddfafee-a2b1-4bb0-a633-9c80cb64b7a8" testId="5d6cb36d-d345-b7c7-27f1-f7052ce8d166" testName="dado_un_area_quiero_saber_direccion_telefono_y_mail_del_area" computerName="MDS-RH-0002" duration="00:00:00.0003707" startTime="2013-02-07T21:48:33.9901126-03:00" endTime="2013-02-07T21:48:33.9941130-03:00" testType="13cdc9d9-ddb5-4fa4-a97d-d965ccfc6d4b" outcome="Passed" testListId="8c84fa94-04c1-424b-9868-57a2d4851a1d" relativeResultsDirectory="dddfafee-a2b1-4bb0-a633-9c80cb64b7a8">
    </UnitTestResult>
    <UnitTestResult executionId="aecfb1b1-9c96-4f6a-a971-b8bbef4b4b1b" testId="60936b2d-9f38-488c-d3bd-319a17b5f6ba" testName="deberia_devolver_la_zona_Metro_con_una_localidad_y_la_zona_Patagonia_con_una_localidad" computerName="MDS-RH-0002" duration="00:00:00.0035808" startTime="2013-02-07T21:48:33.9951131-03:00" endTime="2013-02-07T21:48:34.0021138-03:00" testType="13cdc9d9-ddb5-4fa4-a97d-d965ccfc6d4b" outcome="Passed" testListId="8c84fa94-04c1-424b-9868-57a2d4851a1d" relativeResultsDirectory="aecfb1b1-9c96-4f6a-a971-b8bbef4b4b1b">
    </UnitTestResult>
    <UnitTestResult executionId="ee1350bb-3e98-44de-b3a9-1cca405914e8" testId="60b34790-3c9e-803c-efa2-bf0100cd18fd" testName="el_filtro_por_numero_de_ticket_debe_ser_case_insensitive" computerName="MDS-RH-0002" duration="00:00:00.0004222" startTime="2013-02-07T21:48:34.0031139-03:00" endTime="2013-02-07T21:48:34.0071143-03:00" testType="13cdc9d9-ddb5-4fa4-a97d-d965ccfc6d4b" outcome="Passed" testListId="8c84fa94-04c1-424b-9868-57a2d4851a1d" relativeResultsDirectory="ee1350bb-3e98-44de-b3a9-1cca405914e8">
    </UnitTestResult>
    <UnitTestResult executionId="d4e12087-ecd3-41a0-a35d-f6350f55d6c4" testId="60d191e8-f802-0c16-9722-35844f243666" testName="al_buscar_en_una_lista_de_áreas_una_parte_de_telefono_devuelve_todos_las_áreas_cuyo_telefono_de_asistente_o_responsable_o_area_contiene_el_texto_buscado" computerName="MDS-RH-0002" duration="00:00:00.0016060" startTime="2013-02-07T21:48:34.0081144-03:00" endTime="2013-02-07T21:48:34.0131149-03:00" testType="13cdc9d9-ddb5-4fa4-a97d-d965ccfc6d4b" outcome="Passed" testListId="8c84fa94-04c1-424b-9868-57a2d4851a1d" relativeResultsDirectory="d4e12087-ecd3-41a0-a35d-f6350f55d6c4">
    </UnitTestResult>
    <UnitTestResult executionId="c2eaef1c-9a45-4781-bf81-9f576320c018" testId="6325cb50-8252-7333-a10e-129eb61d4a7d" testName="deberia_crear_una_tabla_con_nombre_y_un_valor_Juan" computerName="MDS-RH-0002" duration="00:00:00.0009593" startTime="2013-02-07T21:48:34.0141150-03:00" endTime="2013-02-07T21:48:34.0181154-03:00" testType="13cdc9d9-ddb5-4fa4-a97d-d965ccfc6d4b" outcome="Passed" testListId="8c84fa94-04c1-424b-9868-57a2d4851a1d" relativeResultsDirectory="c2eaef1c-9a45-4781-bf81-9f576320c018">
    </UnitTestResult>
    <UnitTestResult executionId="ccc21a27-5e61-44a5-9a81-d47a60c8dcf5" testId="64afcefc-8af6-fc70-4ea7-766fc65f6c46" testName="al_buscar_en_una_lista_de_áreas_un_email_devuelve_dos_emails__uno_de_asistente_y_otro_de_area__que_contienen_el_texto_buscado" computerName="MDS-RH-0002" duration="00:00:00.0007398" startTime="2013-02-07T21:48:34.0201156-03:00" endTime="2013-02-07T21:48:34.0261162-03:00" testType="13cdc9d9-ddb5-4fa4-a97d-d965ccfc6d4b" outcome="Passed" testListId="8c84fa94-04c1-424b-9868-57a2d4851a1d" relativeResultsDirectory="ccc21a27-5e61-44a5-9a81-d47a60c8dcf5">
    </UnitTestResult>
    <UnitTestResult executionId="e3b76024-39c4-414f-bb53-d03d83058615" testId="6892221f-5432-520c-a667-6f10f84f4898" testName="dado_un_area_quiero_obtener_todos_los_asistentes_y_sus_datos_de_contacto" computerName="MDS-RH-0002" duration="00:00:00.0013719" startTime="2013-02-07T21:48:34.0271163-03:00" endTime="2013-02-07T21:48:34.0311167-03:00" testType="13cdc9d9-ddb5-4fa4-a97d-d965ccfc6d4b" outcome="Passed" testListId="8c84fa94-04c1-424b-9868-57a2d4851a1d" relativeResultsDirectory="e3b76024-39c4-414f-bb53-d03d83058615">
    </UnitTestResult>
    <UnitTestResult executionId="6b59354a-53d8-47db-b265-c198ac7ec0b9" testId="68c724fc-1912-d9ac-d786-b1e6bb6c0994" testName="Un_organigrama_deberia_poder_decirme_todas_las_areas_inferiores_inmediatas_a_un_area_dada_con_muchas_areas" computerName="MDS-RH-0002" duration="00:00:00.0003064" startTime="2013-02-07T21:48:34.0331169-03:00" endTime="2013-02-07T21:48:34.0361172-03:00" testType="13cdc9d9-ddb5-4fa4-a97d-d965ccfc6d4b" outcome="Passed" testListId="8c84fa94-04c1-424b-9868-57a2d4851a1d" relativeResultsDirectory="6b59354a-53d8-47db-b265-c198ac7ec0b9">
    </UnitTestResult>
    <UnitTestResult executionId="c64ef859-75dc-40fc-a773-2bae9b6e9782" testId="696fca9c-b0b6-7ef6-000f-fc7546a49832" testName="al_buscar_en_una_lista_de_áreas_una_dirección_devuelve_todos_las_áreas_cuyo_domicilio_contiene_el_texto_buscado" computerName="MDS-RH-0002" duration="00:00:00.0006759" startTime="2013-02-07T21:48:34.0381174-03:00" endTime="2013-02-07T21:48:34.0411177-03:00" testType="13cdc9d9-ddb5-4fa4-a97d-d965ccfc6d4b" outcome="Passed" testListId="8c84fa94-04c1-424b-9868-57a2d4851a1d" relativeResultsDirectory="c64ef859-75dc-40fc-a773-2bae9b6e9782">
    </UnitTestResult>
    <UnitTestResult executionId="a5ba1a30-ba8b-4117-bd56-0a2fe798decb" testId="6a69abda-dfaa-a679-b661-02cd5293c0bd" testName="no_deberia_permitir_pasarse_de_z" computerName="MDS-RH-0002" duration="00:00:00.0006097" startTime="2013-02-07T21:48:34.0421178-03:00" endTime="2013-02-07T21:48:34.0461182-03:00" testType="13cdc9d9-ddb5-4fa4-a97d-d965ccfc6d4b" outcome="Passed" testListId="8c84fa94-04c1-424b-9868-57a2d4851a1d" relativeResultsDirectory="a5ba1a30-ba8b-4117-bd56-0a2fe798decb">
    </UnitTestResult>
    <UnitTestResult executionId="acfcbfb3-fee2-43b5-8cc0-ae9675e1dd87" testId="6e2099d5-ff03-21ed-7c09-0bc58519434c" testName="deberia_poder_validar_si_un_objeto_esta_en_una_coleccion" computerName="MDS-RH-0002" duration="00:00:00.0003179" startTime="2013-02-07T21:48:34.0471183-03:00" endTime="2013-02-07T21:48:34.0501186-03:00" testType="13cdc9d9-ddb5-4fa4-a97d-d965ccfc6d4b" outcome="Passed" testListId="8c84fa94-04c1-424b-9868-57a2d4851a1d" relativeResultsDirectory="acfcbfb3-fee2-43b5-8cc0-ae9675e1dd87">
    </UnitTestResult>
    <UnitTestResult executionId="7f179c7e-72da-4525-89b3-64ee325e8db3" testId="6f525a40-dadd-7cc4-eb37-95f1d91a14c9" testName="deberia_agregar_una_asistencia_a_un_alumno_para_una_planilla_que_esta_en_un_curso" computerName="MDS-RH-0002" duration="00:00:00.0013970" startTime="2013-02-07T21:48:34.0521188-03:00" endTime="2013-02-07T21:48:34.0561192-03:00" testType="13cdc9d9-ddb5-4fa4-a97d-d965ccfc6d4b" outcome="Passed" testListId="8c84fa94-04c1-424b-9868-57a2d4851a1d" relativeResultsDirectory="7f179c7e-72da-4525-89b3-64ee325e8db3">
    </UnitTestResult>
    <UnitTestResult executionId="acae27bc-7649-4e46-a7de-67b57ddd8c57" testId="71dbce06-b24d-82d9-d3a9-b8664de5dbbb" testName="deberia_crear_una_tabla_con_id_y_descripcion" computerName="MDS-RH-0002" duration="00:00:00.0004989" startTime="2013-02-07T21:48:34.0581194-03:00" endTime="2013-02-07T21:48:34.0611197-03:00" testType="13cdc9d9-ddb5-4fa4-a97d-d965ccfc6d4b" outcome="Passed" testListId="8c84fa94-04c1-424b-9868-57a2d4851a1d" relativeResultsDirectory="acae27bc-7649-4e46-a7de-67b57ddd8c57">
    </UnitTestResult>
    <UnitTestResult executionId="6851d3e3-a908-4a61-b5ec-039769652ebd" testId="72c59001-deaf-0f88-ce47-97c9b2e78292" testName="si_un_area_no_tiene_alias_deberia_devolver_el_nombre_completo_sin_alias" computerName="MDS-RH-0002" duration="00:00:00.0002567" startTime="2013-02-07T21:48:34.0631199-03:00" endTime="2013-02-07T21:48:34.0671203-03:00" testType="13cdc9d9-ddb5-4fa4-a97d-d965ccfc6d4b" outcome="Passed" testListId="8c84fa94-04c1-424b-9868-57a2d4851a1d" relativeResultsDirectory="6851d3e3-a908-4a61-b5ec-039769652ebd">
    </UnitTestResult>
    <UnitTestResult executionId="c8c362fc-2f19-437d-9cfe-2e988f4e5e47" testId="73696332-8582-b3f8-3487-a0e8978d60e1" testName="deberia_devolver_los_saltos_por_excepcion" computerName="MDS-RH-0002" duration="00:00:00.0045733" startTime="2013-02-07T21:48:34.0681204-03:00" endTime="2013-02-07T21:48:34.0751211-03:00" testType="13cdc9d9-ddb5-4fa4-a97d-d965ccfc6d4b" outcome="Passed" testListId="8c84fa94-04c1-424b-9868-57a2d4851a1d" relativeResultsDirectory="c8c362fc-2f19-437d-9cfe-2e988f4e5e47">
    </UnitTestResult>
    <UnitTestResult executionId="67e993f7-20bc-48bf-a90c-9d223909e47c" testId="74b1b58c-e814-5670-35a0-d1446a9967fd" testName="no_se_debe_permitir_crear_un_organigrama_donde_un_hijo_tenga_dos_areas_padres" computerName="MDS-RH-0002" duration="00:00:00.0003953" startTime="2013-02-07T21:48:34.0771213-03:00" endTime="2013-02-07T21:48:34.0801216-03:00" testType="13cdc9d9-ddb5-4fa4-a97d-d965ccfc6d4b" outcome="Passed" testListId="8c84fa94-04c1-424b-9868-57a2d4851a1d" relativeResultsDirectory="67e993f7-20bc-48bf-a90c-9d223909e47c">
    </UnitTestResult>
    <UnitTestResult executionId="997b65f5-057e-4a05-a0c7-8f5b66c17b9e" testId="751e279c-34dc-9434-036d-cf7c6e4fd783" testName="no_deberia_poder_tener_un_documento_sin_categoria" computerName="MDS-RH-0002" duration="00:00:00.0004973" startTime="2013-02-07T21:48:34.0821218-03:00" endTime="2013-02-07T21:48:34.0851221-03:00" testType="13cdc9d9-ddb5-4fa4-a97d-d965ccfc6d4b" outcome="Passed" testListId="8c84fa94-04c1-424b-9868-57a2d4851a1d" relativeResultsDirectory="997b65f5-057e-4a05-a0c7-8f5b66c17b9e">
    </UnitTestResult>
    <UnitTestResult executionId="23861043-5a3c-4125-8058-c3c03adc9a9d" testId="757e1e4a-ca0e-7dc8-c1f0-7e6c91ba8ea0" testName="deberia_poder_validar_si_un_objeto_no_esta_en_una_coleccion" computerName="MDS-RH-0002" duration="00:00:00.0004049" startTime="2013-02-07T21:48:34.0871223-03:00" endTime="2013-02-07T21:48:34.0901226-03:00" testType="13cdc9d9-ddb5-4fa4-a97d-d965ccfc6d4b" outcome="Passed" testListId="8c84fa94-04c1-424b-9868-57a2d4851a1d" relativeResultsDirectory="23861043-5a3c-4125-8058-c3c03adc9a9d">
    </UnitTestResult>
    <UnitTestResult executionId="c618a79f-24e5-454e-b495-4eafdbfd6d42" testId="76c47d34-63a4-0479-90e7-a8d089e0dd93" testName="el_repositorio_deberia_crear_una_mensajeria_con_sus_transiciones" computerName="MDS-RH-0002" duration="00:00:00.0094788" startTime="2013-02-07T21:48:34.0911227-03:00" endTime="2013-02-07T21:48:34.1041240-03:00" testType="13cdc9d9-ddb5-4fa4-a97d-d965ccfc6d4b" outcome="Passed" testListId="8c84fa94-04c1-424b-9868-57a2d4851a1d" relativeResultsDirectory="c618a79f-24e5-454e-b495-4eafdbfd6d42">
    </UnitTestResult>
    <UnitTestResult executionId="e88c7d31-4878-4654-b612-ccd27c876d72" testId="77c82c9f-520d-04a5-8c33-19a0d6332eaa" testName="el_circuito_deberia_por_default_subir_por_el_organigrama" computerName="MDS-RH-0002" duration="00:00:00.0003237" startTime="2013-02-07T21:48:34.1051241-03:00" endTime="2013-02-07T21:48:34.1081244-03:00" testType="13cdc9d9-ddb5-4fa4-a97d-d965ccfc6d4b" outcome="Passed" testListId="8c84fa94-04c1-424b-9868-57a2d4851a1d" relativeResultsDirectory="e88c7d31-4878-4654-b612-ccd27c876d72">
    </UnitTestResult>
    <UnitTestResult executionId="e9c6ed22-89e7-4778-b91d-0250e4b8822c" testId="78a9f8b3-1879-e741-9ade-1dee019c141b" testName="no_deberia_cargar_una_inasistencia_a_un_alumno_que_no_esta_en_un_curso" computerName="MDS-RH-0002" duration="00:00:00.0009319" startTime="2013-02-07T21:48:34.1101246-03:00" endTime="2013-02-07T21:48:34.1131249-03:00" testType="13cdc9d9-ddb5-4fa4-a97d-d965ccfc6d4b" outcome="Passed" testListId="8c84fa94-04c1-424b-9868-57a2d4851a1d" relativeResultsDirectory="e9c6ed22-89e7-4778-b91d-0250e4b8822c">
    </UnitTestResult>
    <UnitTestResult executionId="46b61a58-38e4-44cd-9420-075e354a6f76" testId="79a63e0f-ba0e-a5dc-0d5c-dc38d27e7aa1" testName="al_buscar_por_nombre_de_area_la_palabra_RRHH_deberia_traerme_el_area_cuyo_nombre_es_RRHH" computerName="MDS-RH-0002" duration="00:00:00.0006240" startTime="2013-02-07T21:48:34.1151251-03:00" endTime="2013-02-07T21:48:34.1191255-03:00" testType="13cdc9d9-ddb5-4fa4-a97d-d965ccfc6d4b" outcome="Passed" testListId="8c84fa94-04c1-424b-9868-57a2d4851a1d" relativeResultsDirectory="46b61a58-38e4-44cd-9420-075e354a6f76">
    </UnitTestResult>
    <UnitTestResult executionId="fb8e64d9-c040-4668-a1ee-8e287eff8aa4" testId="7a945366-5dc8-bde8-17f1-4ebf2f832448" testName="se_puede_crear_un_organigrama_con_forma_de_arbol_de_dos_pisos" computerName="MDS-RH-0002" duration="00:00:00.0007106" startTime="2013-02-07T21:48:34.1201256-03:00" endTime="2013-02-07T21:48:34.1241260-03:00" testType="13cdc9d9-ddb5-4fa4-a97d-d965ccfc6d4b" outcome="Passed" testListId="8c84fa94-04c1-424b-9868-57a2d4851a1d" relativeResultsDirectory="fb8e64d9-c040-4668-a1ee-8e287eff8aa4">
    </UnitTestResult>
    <UnitTestResult executionId="4a3b47eb-dbff-4e12-8cfb-11af27cac23a" testId="7b7bd90a-9390-9d92-5600-532eb0a44a2a" testName="dado_un_curso_que_se_cursa_los_lunes_y_jueves_cuando_le_pregunto_cuantos_dias_de_cursada_hay_en_febrero_de_2013_me_dice_6_porque_dos_son_feriados" computerName="MDS-RH-0002" duration="00:00:00.0008534" startTime="2013-02-07T21:48:34.1251261-03:00" endTime="2013-02-07T21:48:34.1291265-03:00" testType="13cdc9d9-ddb5-4fa4-a97d-d965ccfc6d4b" outcome="Passed" testListId="8c84fa94-04c1-424b-9868-57a2d4851a1d" relativeResultsDirectory="4a3b47eb-dbff-4e12-8cfb-11af27cac23a">
    </UnitTestResult>
    <UnitTestResult executionId="2fae0f47-bd12-4e15-ad68-7e9ce3e8f0b7" testId="82c21a02-0eaa-b33b-6618-e225964dbef2" testName="deberia_poder_validar_si_un_objeto_no_es_nulo" computerName="MDS-RH-0002" duration="00:00:00.0002248" startTime="2013-02-07T21:48:34.1311267-03:00" endTime="2013-02-07T21:48:34.1341270-03:00" testType="13cdc9d9-ddb5-4fa4-a97d-d965ccfc6d4b" outcome="Passed" testListId="8c84fa94-04c1-424b-9868-57a2d4851a1d" relativeResultsDirectory="2fae0f47-bd12-4e15-ad68-7e9ce3e8f0b7">
    </UnitTestResult>
    <UnitTestResult executionId="290b1441-3ccd-4586-8e10-4c408dc54f2f" testId="82d93e8f-20e5-8c41-b9f1-1d42beccc7c0" testName="deberia_mostrarme_una_unica_vez_la_secretaria_que_posee_el_area_cuando_los_datos_estan_repetidos" computerName="MDS-RH-0002" duration="00:00:00.0084090" startTime="2013-02-07T21:48:34.1351271-03:00" endTime="2013-02-07T21:48:34.1461282-03:00" testType="13cdc9d9-ddb5-4fa4-a97d-d965ccfc6d4b" outcome="Passed" testListId="8c84fa94-04c1-424b-9868-57a2d4851a1d" relativeResultsDirectory="290b1441-3ccd-4586-8e10-4c408dc54f2f">
    </UnitTestResult>
    <UnitTestResult executionId="97070385-63f7-455e-aa04-5faa54251d67" testId="8464698d-61d5-d408-819d-53311ef832f8" testName="Un_organigrama_deberia_poder_decirme_todas_las_areas_que_son_superiores_a_un_area_dada" computerName="MDS-RH-0002" duration="00:00:00.0003306" startTime="2013-02-07T21:48:34.1481284-03:00" endTime="2013-02-07T21:48:34.1511287-03:00" testType="13cdc9d9-ddb5-4fa4-a97d-d965ccfc6d4b" outcome="Passed" testListId="8c84fa94-04c1-424b-9868-57a2d4851a1d" relativeResultsDirectory="97070385-63f7-455e-aa04-5faa54251d67">
    </UnitTestResult>
    <UnitTestResult executionId="d0da1d36-7e78-4cdb-b95e-5473de0daa48" testId="88eff91e-3ca2-b202-c4d3-20146aaa990f" testName="al_buscar_por_un_numero_de_ticket__de_documento_o_parte_de_él_debe_traer_todos_los_documentos_que_cumplen_con_ello" computerName="MDS-RH-0002" duration="00:00:00.0005963" startTime="2013-02-07T21:48:34.1521288-03:00" endTime="2013-02-07T21:48:34.1561292-03:00" testType="13cdc9d9-ddb5-4fa4-a97d-d965ccfc6d4b" outcome="Passed" testListId="8c84fa94-04c1-424b-9868-57a2d4851a1d" relativeResultsDirectory="d0da1d36-7e78-4cdb-b95e-5473de0daa48">
    </UnitTestResult>
    <UnitTestResult executionId="bbb7658b-65f4-472a-bd5f-a8f3436cd7df" testId="8c631ab0-9081-f239-8e5b-8f0f7f274cb2" testName="al_buscar_por_fecha_desde_y_fecha_hasta_debería_traer_todos_los_documentos_cuya_fecha_está_incluída_en_ese_rango" computerName="MDS-RH-0002" duration="00:00:00.0012949" startTime="2013-02-07T21:48:34.1581294-03:00" endTime="2013-02-07T21:48:34.1621298-03:00" testType="13cdc9d9-ddb5-4fa4-a97d-d965ccfc6d4b" outcome="Passed" testListId="8c84fa94-04c1-424b-9868-57a2d4851a1d" relativeResultsDirectory="bbb7658b-65f4-472a-bd5f-a8f3436cd7df">
    </UnitTestResult>
    <UnitTestResult executionId="1ec47e52-c896-4394-b61d-2c8ba6de752e" testId="8d450b91-f2a6-e64d-c4a7-eee63e8851da" testName="deberia_poder_agregar_un_row_desde_una_entidad_especificando_como_obtener_los_valores_a_partir_de_la_misma" computerName="MDS-RH-0002" duration="00:00:00.0014743" startTime="2013-02-07T21:48:34.1631299-03:00" endTime="2013-02-07T21:48:34.1671303-03:00" testType="13cdc9d9-ddb5-4fa4-a97d-d965ccfc6d4b" outcome="Passed" testListId="8c84fa94-04c1-424b-9868-57a2d4851a1d" relativeResultsDirectory="1ec47e52-c896-4394-b61d-2c8ba6de752e">
    </UnitTestResult>
    <UnitTestResult executionId="eed202ef-48e9-4a3a-b2c5-63b6ae658f23" testId="8e8c4b00-453c-ac9a-23f7-d441cdf71296" testName="deberia_traer_una_unica_area_con_los_datos_de_contacto_de_la_misma" computerName="MDS-RH-0002" duration="00:00:00.0066205" startTime="2013-02-07T21:48:34.1691305-03:00" endTime="2013-02-07T21:48:34.1781314-03:00" testType="13cdc9d9-ddb5-4fa4-a97d-d965ccfc6d4b" outcome="Passed" testListId="8c84fa94-04c1-424b-9868-57a2d4851a1d" relativeResultsDirectory="eed202ef-48e9-4a3a-b2c5-63b6ae658f23">
    </UnitTestResult>
    <UnitTestResult executionId="8aa6d631-c1aa-4632-a54b-14cb4460541e" testId="8f23a447-15d5-92c8-a4fb-7722c21b1c07" testName="deberia_poder_decirle_a_un_repositorio_que_use_una_conexion_que_devuelve_un_organigrama_simple" computerName="MDS-RH-0002" duration="00:00:00.0055149" startTime="2013-02-07T21:48:34.1801316-03:00" endTime="2013-02-07T21:48:34.1881324-03:00" testType="13cdc9d9-ddb5-4fa4-a97d-d965ccfc6d4b" outcome="Passed" testListId="8c84fa94-04c1-424b-9868-57a2d4851a1d" relativeResultsDirectory="8aa6d631-c1aa-4632-a54b-14cb4460541e">
    </UnitTestResult>
    <UnitTestResult executionId="301d064b-f63e-4430-8318-d0ca40ebb935" testId="91497819-ba2a-f2e9-9418-b935f4653def" testName="deberia_poder_validar_si_un_id_es_valido" computerName="MDS-RH-0002" duration="00:00:00.0002302" startTime="2013-02-07T21:48:34.1891325-03:00" endTime="2013-02-07T21:48:34.1921328-03:00" testType="13cdc9d9-ddb5-4fa4-a97d-d965ccfc6d4b" outcome="Passed" testListId="8c84fa94-04c1-424b-9868-57a2d4851a1d" relativeResultsDirectory="301d064b-f63e-4430-8318-d0ca40ebb935">
    </UnitTestResult>
    <UnitTestResult executionId="b44cef8d-62e4-45b2-8abb-51280f25d2bb" testId="94211d25-4f01-6a4f-21c4-290dd165eb14" testName="no_deberia_traer_inasistencias_de_un_alumno_que_no_falto" computerName="MDS-RH-0002" duration="00:00:00.0005678" startTime="2013-02-07T21:48:34.1941330-03:00" endTime="2013-02-07T21:48:34.1971333-03:00" testType="13cdc9d9-ddb5-4fa4-a97d-d965ccfc6d4b" outcome="Passed" testListId="8c84fa94-04c1-424b-9868-57a2d4851a1d" relativeResultsDirectory="b44cef8d-62e4-45b2-8abb-51280f25d2bb">
    </UnitTestResult>
    <UnitTestResult executionId="93bf8856-f2df-4c2c-ba50-9ec4de81ec2c" testId="96fb1f26-cf56-3c03-ade6-884985acd8d7" testName="deberia_poder_validar_si_un_id_no_es_valido" computerName="MDS-RH-0002" duration="00:00:00.0003291" startTime="2013-02-07T21:48:34.1991335-03:00" endTime="2013-02-07T21:48:34.2021338-03:00" testType="13cdc9d9-ddb5-4fa4-a97d-d965ccfc6d4b" outcome="Passed" testListId="8c84fa94-04c1-424b-9868-57a2d4851a1d" relativeResultsDirectory="93bf8856-f2df-4c2c-ba50-9ec4de81ec2c">
    </UnitTestResult>
    <UnitTestResult executionId="0ce39ca7-1bd3-4d19-9c70-6f116c26cbe3" testId="98d79b4f-0fef-791a-b39b-89c03b95d3e3" testName="dado_un_curso_que_se_cursa_los_lunes_y_jueves_cuando_le_pregunto_cuantos_dias_de_cursada_hay_inlcuyendo_feriados_en_febrero_de_2013_me_dice_8_porque_dos_son_feriados" computerName="MDS-RH-0002" duration="00:00:00.0021153" startTime="2013-02-07T21:48:34.2031339-03:00" endTime="2013-02-07T21:48:34.2081344-03:00" testType="13cdc9d9-ddb5-4fa4-a97d-d965ccfc6d4b" outcome="Passed" testListId="8c84fa94-04c1-424b-9868-57a2d4851a1d" relativeResultsDirectory="0ce39ca7-1bd3-4d19-9c70-6f116c26cbe3">
    </UnitTestResult>
    <UnitTestResult executionId="4f45d899-9042-4552-ba36-d7f0f5b19503" testId="999cd32d-d69f-3834-8d48-f15d37fd5243" testName="deberia_traer_viaticos_de_la_provincia_SALTA_y_CORDOBA_en_el_periodo_011012_261012" computerName="MDS-RH-0002" duration="00:00:00.0031073" startTime="2013-02-07T21:48:34.2101346-03:00" endTime="2013-02-07T21:48:34.2161352-03:00" testType="13cdc9d9-ddb5-4fa4-a97d-d965ccfc6d4b" outcome="Passed" testListId="8c84fa94-04c1-424b-9868-57a2d4851a1d" relativeResultsDirectory="4f45d899-9042-4552-ba36-d7f0f5b19503">
    </UnitTestResult>
    <UnitTestResult executionId="bf56aa0d-79c6-4ec5-94dc-073669c61907" testId="9f7c8e27-eadb-ceef-1191-65859b891fab" testName="al_buscar_por_nombre_de_numero_de_documento_y_fechas_desde_y_hasta_y_extracto_de_un_documento_debe_traer_todos_los_documentos_que_cumplen_con_ello" computerName="MDS-RH-0002" duration="00:00:00.0015787" startTime="2013-02-07T21:48:34.2171353-03:00" endTime="2013-02-07T21:48:34.2221358-03:00" testType="13cdc9d9-ddb5-4fa4-a97d-d965ccfc6d4b" outcome="Passed" testListId="8c84fa94-04c1-424b-9868-57a2d4851a1d" relativeResultsDirectory="bf56aa0d-79c6-4ec5-94dc-073669c61907">
    </UnitTestResult>
    <UnitTestResult executionId="f2553412-594f-43d2-812c-43c64620748a" testId="a44cf039-3a08-31a6-19c4-66a5660ef220" testName="deberia_poder_obtener_todos_los_datos_del_area_y_ver_que_estan_completos" computerName="MDS-RH-0002" duration="00:00:00.0115033" startTime="2013-02-07T21:48:34.2241360-03:00" endTime="2013-02-07T21:48:34.2381374-03:00" testType="13cdc9d9-ddb5-4fa4-a97d-d965ccfc6d4b" outcome="Passed" testListId="8c84fa94-04c1-424b-9868-57a2d4851a1d" relativeResultsDirectory="f2553412-594f-43d2-812c-43c64620748a">
    </UnitTestResult>
    <UnitTestResult executionId="2aa7ba43-d010-4061-a357-5b0285dfd2b8" testId="a783754e-a02b-a257-f4ac-f48395928085" testName="al_buscar_por_el_area_del_usuario_logueado_debe_traer_todos_los_documentos_que_aun_son_responsabilidad_de_dicha_area" computerName="MDS-RH-0002" duration="00:00:00.0003483" startTime="2013-02-07T21:48:34.2401376-03:00" endTime="2013-02-07T21:48:34.2431379-03:00" testType="13cdc9d9-ddb5-4fa4-a97d-d965ccfc6d4b" outcome="Passed" testListId="8c84fa94-04c1-424b-9868-57a2d4851a1d" relativeResultsDirectory="2aa7ba43-d010-4061-a357-5b0285dfd2b8">
    </UnitTestResult>
    <UnitTestResult executionId="f7126a38-55e5-463b-be66-a9725927e4cb" testId="a8bf43a7-c593-21c5-b353-6a677fedb6e1" testName="dado_un_area_quiero_saber_nombre_telefono_y_mail_de_responsable" computerName="MDS-RH-0002" duration="00:00:00.0004492" startTime="2013-02-07T21:48:34.2451381-03:00" endTime="2013-02-07T21:48:34.2561392-03:00" testType="13cdc9d9-ddb5-4fa4-a97d-d965ccfc6d4b" outcome="Passed" testListId="8c84fa94-04c1-424b-9868-57a2d4851a1d" relativeResultsDirectory="f7126a38-55e5-463b-be66-a9725927e4cb">
    </UnitTestResult>
    <UnitTestResult executionId="5a00a541-bfef-4010-a4ef-248d9eae6989" testId="a91c3d07-7c7d-1fe6-99ad-80e4a1548474" testName="deberia_crear_una_tabla_con_id_y_un_valor_1" computerName="MDS-RH-0002" duration="00:00:00.0004646" startTime="2013-02-07T21:48:34.2581394-03:00" endTime="2013-02-07T21:48:34.2611397-03:00" testType="13cdc9d9-ddb5-4fa4-a97d-d965ccfc6d4b" outcome="Passed" testListId="8c84fa94-04c1-424b-9868-57a2d4851a1d" relativeResultsDirectory="5a00a541-bfef-4010-a4ef-248d9eae6989">
    </UnitTestResult>
    <UnitTestResult executionId="f324df72-94d1-4291-b965-6a3fcde579c6" testId="abcb6bdb-8479-892d-4456-095226c976bc" testName="fabian_deberia_tener_acceso_a_viaticos_y_a_documentos" computerName="MDS-RH-0002" duration="00:00:00.0085206" startTime="2013-02-07T21:48:34.2631399-03:00" endTime="2013-02-07T21:48:34.2741410-03:00" testType="13cdc9d9-ddb5-4fa4-a97d-d965ccfc6d4b" outcome="Passed" testListId="8c84fa94-04c1-424b-9868-57a2d4851a1d" relativeResultsDirectory="f324df72-94d1-4291-b965-6a3fcde579c6">
    </UnitTestResult>
    <UnitTestResult executionId="88fb5509-f97f-492f-9f98-692bdbda95ab" testId="b0dad42f-cacf-b7c8-3bc2-1641e13c9caa" testName="deberia_devolver_region_METRO_con_BuenosAires_con_una_localidad_con_id_4" computerName="MDS-RH-0002" duration="00:00:00.0019983" startTime="2013-02-07T21:48:34.2761412-03:00" endTime="2013-02-07T21:48:34.2801416-03:00" testType="13cdc9d9-ddb5-4fa4-a97d-d965ccfc6d4b" outcome="Passed" testListId="8c84fa94-04c1-424b-9868-57a2d4851a1d" relativeResultsDirectory="88fb5509-f97f-492f-9f98-692bdbda95ab">
    </UnitTestResult>
    <UnitTestResult executionId="a526b389-6a04-4571-b932-257c52670441" testId="b8bd6fa3-7b0e-dbc4-d1ea-17a66d88e614" testName="mensajeria_deberia_enviar_documento" computerName="MDS-RH-0002" duration="00:00:00.0006278" startTime="2013-02-07T21:48:34.2821418-03:00" endTime="2013-02-07T21:48:34.2861422-03:00" testType="13cdc9d9-ddb5-4fa4-a97d-d965ccfc6d4b" outcome="Passed" testListId="8c84fa94-04c1-424b-9868-57a2d4851a1d" relativeResultsDirectory="a526b389-6a04-4571-b932-257c52670441">
    </UnitTestResult>
    <UnitTestResult executionId="92a32e3e-e434-4120-a39f-f69655a8008c" testId="bb2112d4-68ef-15b6-48ec-73b20e57caa9" testName="Un_organigrama_deberia_poder_decirme_todas_las_areas_que_posee" computerName="MDS-RH-0002" duration="00:00:00.0002975" startTime="2013-02-07T21:48:34.2871423-03:00" endTime="2013-02-07T21:48:34.2901426-03:00" testType="13cdc9d9-ddb5-4fa4-a97d-d965ccfc6d4b" outcome="Passed" testListId="8c84fa94-04c1-424b-9868-57a2d4851a1d" relativeResultsDirectory="92a32e3e-e434-4120-a39f-f69655a8008c">
    </UnitTestResult>
    <UnitTestResult executionId="16b98c3b-5192-42ba-9d99-dbe63f7668d4" testId="bb2f1794-72bc-c3ce-3c94-a7e6c21d4812" testName="deberia_poder_obtener_los_alumnos_de_un_curso" computerName="MDS-RH-0002" duration="00:00:00.0003241" startTime="2013-02-07T21:48:34.2911427-03:00" endTime="2013-02-07T21:48:34.2951431-03:00" testType="13cdc9d9-ddb5-4fa4-a97d-d965ccfc6d4b" outcome="Passed" testListId="8c84fa94-04c1-424b-9868-57a2d4851a1d" relativeResultsDirectory="16b98c3b-5192-42ba-9d99-dbe63f7668d4">
    </UnitTestResult>
    <UnitTestResult executionId="bde8b4a9-2f7b-47e5-be0d-8f426c156ef1" testId="bb759e7e-2161-1c79-ee60-b7766df2bd3f" testName="Un_organigrama_deberia_poder_decirme_todas_las_areas_inferiores_inmediatas_a_un_area_dada" computerName="MDS-RH-0002" duration="00:00:00.0002382" startTime="2013-02-07T21:48:34.2961432-03:00" endTime="2013-02-07T21:48:34.2991435-03:00" testType="13cdc9d9-ddb5-4fa4-a97d-d965ccfc6d4b" outcome="Passed" testListId="8c84fa94-04c1-424b-9868-57a2d4851a1d" relativeResultsDirectory="bde8b4a9-2f7b-47e5-be0d-8f426c156ef1">
    </UnitTestResult>
    <UnitTestResult executionId="ca7afbd4-bd49-4442-9ea2-36fada3e87b9" testId="bbbb69a9-ef38-b5dc-de66-8e150133f998" testName="no_deberia_poder_cargar_una_inasistencia_si_el_dia_no_era_cursable" computerName="MDS-RH-0002" duration="00:00:00.0005177" startTime="2013-02-07T21:48:34.3011437-03:00" endTime="2013-02-07T21:48:34.3041440-03:00" testType="13cdc9d9-ddb5-4fa4-a97d-d965ccfc6d4b" outcome="Passed" testListId="8c84fa94-04c1-424b-9868-57a2d4851a1d" relativeResultsDirectory="ca7afbd4-bd49-4442-9ea2-36fada3e87b9">
    </UnitTestResult>
    <UnitTestResult executionId="db5fb23c-7a39-45c3-b288-444c0d222297" testId="bf34bac0-1211-e38d-1273-9a3107460eaa" testName="dado_aazz_debe_ser_abaa" computerName="MDS-RH-0002" duration="00:00:00.0002540" startTime="2013-02-07T21:48:34.3061442-03:00" endTime="2013-02-07T21:48:34.3091445-03:00" testType="13cdc9d9-ddb5-4fa4-a97d-d965ccfc6d4b" outcome="Passed" testListId="8c84fa94-04c1-424b-9868-57a2d4851a1d" relativeResultsDirectory="db5fb23c-7a39-45c3-b288-444c0d222297">
    </UnitTestResult>
    <UnitTestResult executionId="d9e11035-f1c7-4fbe-84df-752e6d8c9cd6" testId="bf3ea6c6-ab88-4696-72a1-f31917a72c6c" testName="al_solicitarle_las_areas_inferiores_de_Fabi_no_debe_traer_ninguna" computerName="MDS-RH-0002" duration="00:00:00.0002833" startTime="2013-02-07T21:48:34.3101446-03:00" endTime="2013-02-07T21:48:34.3131449-03:00" testType="13cdc9d9-ddb5-4fa4-a97d-d965ccfc6d4b" outcome="Passed" testListId="8c84fa94-04c1-424b-9868-57a2d4851a1d" relativeResultsDirectory="d9e11035-f1c7-4fbe-84df-752e6d8c9cd6">
    </UnitTestResult>
    <UnitTestResult executionId="b472c407-ce3c-49db-a8ef-ab5720d4a616" testId="c09a892a-1cf8-8734-95e1-5859c143f708" testName="al_buscar_por_reponsable_de_area_a_Fabian_deberia_traerme_el_area_cuyo_nombre_de_responsable_es_Fabian" computerName="MDS-RH-0002" duration="00:00:00.0007206" startTime="2013-02-07T21:48:34.3151451-03:00" endTime="2013-02-07T21:48:34.3181454-03:00" testType="13cdc9d9-ddb5-4fa4-a97d-d965ccfc6d4b" outcome="Passed" testListId="8c84fa94-04c1-424b-9868-57a2d4851a1d" relativeResultsDirectory="b472c407-ce3c-49db-a8ef-ab5720d4a616">
    </UnitTestResult>
    <UnitTestResult executionId="c387082d-eebc-43ce-8534-9a7a6928d0e4" testId="c2c53443-9c7d-40b6-5a5a-6d158c6cf141" testName="deberia_traer_viaticos_de_BELEN_011012_261012" computerName="MDS-RH-0002" duration="00:00:00.0024113" startTime="2013-02-07T21:48:34.3201456-03:00" endTime="2013-02-07T21:48:34.3251461-03:00" testType="13cdc9d9-ddb5-4fa4-a97d-d965ccfc6d4b" outcome="Passed" testListId="8c84fa94-04c1-424b-9868-57a2d4851a1d" relativeResultsDirectory="c387082d-eebc-43ce-8534-9a7a6928d0e4">
    </UnitTestResult>
    <UnitTestResult executionId="1ec407cc-a343-4d09-811f-b33c7a191112" testId="c2ebf66d-ae9e-9e71-55e6-fa4f57f3dcd0" testName="deberia_poder_agregar_alumnos" computerName="MDS-RH-0002" duration="00:00:00.0011317" startTime="2013-02-07T21:48:34.3261462-03:00" endTime="2013-02-07T21:48:34.3301466-03:00" testType="13cdc9d9-ddb5-4fa4-a97d-d965ccfc6d4b" outcome="Passed" testListId="8c84fa94-04c1-424b-9868-57a2d4851a1d" relativeResultsDirectory="1ec407cc-a343-4d09-811f-b33c7a191112">
    </UnitTestResult>
    <UnitTestResult executionId="39195267-2f7a-460c-994b-950c02316276" testId="c40af560-ccd4-15d1-681a-d268a1e88a1c" testName="no_deberia_permitir_pasarse_de_9" computerName="MDS-RH-0002" duration="00:00:00.0005986" startTime="2013-02-07T21:48:34.3321468-03:00" endTime="2013-02-07T21:48:34.3351471-03:00" testType="13cdc9d9-ddb5-4fa4-a97d-d965ccfc6d4b" outcome="Passed" testListId="8c84fa94-04c1-424b-9868-57a2d4851a1d" relativeResultsDirectory="39195267-2f7a-460c-994b-950c02316276">
    </UnitTestResult>
    <UnitTestResult executionId="4445b671-28c5-4a06-80f9-077e3e95bdc0" testId="c564bf77-b387-e233-53e7-c5c85a463602" testName="deberia_poder_obtener_un_curso_del_repositorio_de_cursos" computerName="MDS-RH-0002" duration="00:00:00.0006883" startTime="2013-02-07T21:48:34.3371473-03:00" endTime="2013-02-07T21:48:34.3401476-03:00" testType="13cdc9d9-ddb5-4fa4-a97d-d965ccfc6d4b" outcome="Passed" testListId="8c84fa94-04c1-424b-9868-57a2d4851a1d" relativeResultsDirectory="4445b671-28c5-4a06-80f9-077e3e95bdc0">
    </UnitTestResult>
    <UnitTestResult executionId="93f6fdb3-c31b-4e0f-9937-85c19abd9ec7" testId="c5bc7be4-1c6a-1e48-0dbd-f119f73d764c" testName="deberia_fallar_si_nada_indica_el_tipo_de_una_columna" computerName="MDS-RH-0002" duration="00:00:00.0004885" startTime="2013-02-07T21:48:34.3411477-03:00" endTime="2013-02-07T21:48:34.3441480-03:00" testType="13cdc9d9-ddb5-4fa4-a97d-d965ccfc6d4b" outcome="Passed" testListId="8c84fa94-04c1-424b-9868-57a2d4851a1d" relativeResultsDirectory="93f6fdb3-c31b-4e0f-9937-85c19abd9ec7">
    </UnitTestResult>
    <UnitTestResult executionId="796425b0-4cd9-4892-a371-093de3bdf15f" testId="c5cbe3b9-5203-897f-6c97-10b52d6a9698" testName="dado_b_quiero_c" computerName="MDS-RH-0002" duration="00:00:00.0002236" startTime="2013-02-07T21:48:34.3461482-03:00" endTime="2013-02-07T21:48:34.3491485-03:00" testType="13cdc9d9-ddb5-4fa4-a97d-d965ccfc6d4b" outcome="Passed" testListId="8c84fa94-04c1-424b-9868-57a2d4851a1d" relativeResultsDirectory="796425b0-4cd9-4892-a371-093de3bdf15f">
    </UnitTestResult>
    <UnitTestResult executionId="91277ffb-9abb-427e-ba12-08af0118cea3" testId="c6c229fe-82f0-9917-4112-b9f4fc6d4ce9" testName="no_deberia_permitir_pasarse_de_zzz999" computerName="MDS-RH-0002" duration="00:00:00.0006759" startTime="2013-02-07T21:48:34.3501486-03:00" endTime="2013-02-07T21:48:34.3551491-03:00" testType="13cdc9d9-ddb5-4fa4-a97d-d965ccfc6d4b" outcome="Passed" testListId="8c84fa94-04c1-424b-9868-57a2d4851a1d" relativeResultsDirectory="91277ffb-9abb-427e-ba12-08af0118cea3">
    </UnitTestResult>
    <UnitTestResult executionId="58d09612-2fb3-4ee9-9d56-e09636220ce8" testId="c8e9fa12-63fb-548e-6319-248eaeb1ba50" testName="deberia_poder_tener_un_null_como_segundo_valor_de_una_columna" computerName="MDS-RH-0002" duration="00:00:00.0020310" startTime="2013-02-07T21:48:34.3561492-03:00" endTime="2013-02-07T21:48:34.3611497-03:00" testType="13cdc9d9-ddb5-4fa4-a97d-d965ccfc6d4b" outcome="Passed" testListId="8c84fa94-04c1-424b-9868-57a2d4851a1d" relativeResultsDirectory="58d09612-2fb3-4ee9-9d56-e09636220ce8">
    </UnitTestResult>
    <UnitTestResult executionId="d83b3a34-dc42-46f9-b620-67181f48c033" testId="c966b980-8b4f-c10a-2879-8a06a8c7add4" testName="deberia_poder_obtener_todos_los_tipos_de_documento" computerName="MDS-RH-0002" duration="00:00:00.0018974" startTime="2013-02-07T21:48:34.3631499-03:00" endTime="2013-02-07T21:48:34.3671503-03:00" testType="13cdc9d9-ddb5-4fa4-a97d-d965ccfc6d4b" outcome="Passed" testListId="8c84fa94-04c1-424b-9868-57a2d4851a1d" relativeResultsDirectory="d83b3a34-dc42-46f9-b620-67181f48c033">
    </UnitTestResult>
    <UnitTestResult executionId="24652869-635d-412f-800f-00d5d30f228b" testId="cc560ad4-66d2-6e1b-fa1e-c1f8f0f47258" testName="no_deberia_poder_tener_un_documento_sin_tipo" computerName="MDS-RH-0002" duration="00:00:00.0004230" startTime="2013-02-07T21:48:34.3691505-03:00" endTime="2013-02-07T21:48:34.3721508-03:00" testType="13cdc9d9-ddb5-4fa4-a97d-d965ccfc6d4b" outcome="Passed" testListId="8c84fa94-04c1-424b-9868-57a2d4851a1d" relativeResultsDirectory="24652869-635d-412f-800f-00d5d30f228b">
    </UnitTestResult>
    <UnitTestResult executionId="388f6b3b-c9d7-41f0-ba09-18a8c49ee7bf" testId="cd0a2e1f-d61d-9cba-b24e-96406e906f5d" testName="TestGetZonas" computerName="MDS-RH-0002" duration="00:00:00.0001355" startTime="2013-02-07T21:48:34.3741510-03:00" endTime="2013-02-07T21:48:34.3771513-03:00" testType="13cdc9d9-ddb5-4fa4-a97d-d965ccfc6d4b" outcome="Passed" testListId="8c84fa94-04c1-424b-9868-57a2d4851a1d" relativeResultsDirectory="388f6b3b-c9d7-41f0-ba09-18a8c49ee7bf">
    </UnitTestResult>
    <UnitTestResult executionId="b56acf94-b987-431a-b347-ad72324fa4d5" testId="cd2ddf59-b1d1-4ffd-b77a-55d96a13b533" testName="al_buscar_por_una_palabra_del_comentario_del_documento_debe_traer_todos_los_documentos_que_cumplen_con_ello" computerName="MDS-RH-0002" duration="00:00:00.0008007" startTime="2013-02-07T21:48:34.3781514-03:00" endTime="2013-02-07T21:48:34.3811517-03:00" testType="13cdc9d9-ddb5-4fa4-a97d-d965ccfc6d4b" outcome="Passed" testListId="8c84fa94-04c1-424b-9868-57a2d4851a1d" relativeResultsDirectory="b56acf94-b987-431a-b347-ad72324fa4d5">
    </UnitTestResult>
    <UnitTestResult executionId="8710614f-e883-439a-a08d-f1d4560d34db" testId="cecd7ff2-d148-29e8-850a-7574ad3e7580" testName="mensajeria_no_deberia_fallar_cuando_un_documento_no_tiene_trancisiones" computerName="MDS-RH-0002" duration="00:00:00.0008457" startTime="2013-02-07T21:48:34.3831519-03:00" endTime="2013-02-07T21:48:34.3871523-03:00" testType="13cdc9d9-ddb5-4fa4-a97d-d965ccfc6d4b" outcome="Passed" testListId="8c84fa94-04c1-424b-9868-57a2d4851a1d" relativeResultsDirectory="8710614f-e883-439a-a08d-f1d4560d34db">
    </UnitTestResult>
    <UnitTestResult executionId="e3e8cdcb-80c2-44c3-abf0-c491958e0864" testId="cff26abc-fddb-ef75-0bf4-49cf50880ca7" testName="al_buscar_por_una_palabra_del_extracto_del_documento_debe_traer_todos_los_documentos_que_cumplen_con_ello" computerName="MDS-RH-0002" duration="00:00:00.0005770" startTime="2013-02-07T21:48:34.3881524-03:00" endTime="2013-02-07T21:48:34.3911527-03:00" testType="13cdc9d9-ddb5-4fa4-a97d-d965ccfc6d4b" outcome="Passed" testListId="8c84fa94-04c1-424b-9868-57a2d4851a1d" relativeResultsDirectory="e3e8cdcb-80c2-44c3-abf0-c491958e0864">
    </UnitTestResult>
    <UnitTestResult executionId="f275ebde-f940-41c0-a225-494dd0c95d34" testId="d3eb6b18-b89c-308d-2472-f70947e6c57b" testName="deberia_devolver_Buenos_Aires_con_dos_localidades" computerName="MDS-RH-0002" duration="00:00:00.0026785" startTime="2013-02-07T21:48:34.3931529-03:00" endTime="2013-02-07T21:48:34.3981534-03:00" testType="13cdc9d9-ddb5-4fa4-a97d-d965ccfc6d4b" outcome="Passed" testListId="8c84fa94-04c1-424b-9868-57a2d4851a1d" relativeResultsDirectory="f275ebde-f940-41c0-a225-494dd0c95d34">
    </UnitTestResult>
    <UnitTestResult executionId="ea2e5aab-a246-4c4b-975a-ef18e1818061" testId="d4034162-71c0-cb22-9a98-76a42e56e55e" testName="deberia_poder_obtener_el_string_de_un_chekbox" computerName="MDS-RH-0002" duration="00:00:00.0004877" startTime="2013-02-07T21:48:34.4001536-03:00" endTime="2013-02-07T21:48:34.4031539-03:00" testType="13cdc9d9-ddb5-4fa4-a97d-d965ccfc6d4b" outcome="Passed" testListId="8c84fa94-04c1-424b-9868-57a2d4851a1d" relativeResultsDirectory="ea2e5aab-a246-4c4b-975a-ef18e1818061">
    </UnitTestResult>
    <UnitTestResult executionId="9b760833-233b-4846-887f-3d9b6c22fd36" testId="d5acc190-8ff6-3621-55ca-bde560b60f80" testName="Un_organigrama_deberia_poder_decirme_cual_es_el_area_superior_de_un_area_dada" computerName="MDS-RH-0002" duration="00:00:00.0002506" startTime="2013-02-07T21:48:34.4051541-03:00" endTime="2013-02-07T21:48:34.4081544-03:00" testType="13cdc9d9-ddb5-4fa4-a97d-d965ccfc6d4b" outcome="Passed" testListId="8c84fa94-04c1-424b-9868-57a2d4851a1d" relativeResultsDirectory="9b760833-233b-4846-887f-3d9b6c22fd36">
    </UnitTestResult>
    <UnitTestResult executionId="3147f985-ef61-4d9c-a735-f495d4731544" testId="d7dcf4df-b012-3cb2-f383-e4a465f466d1" testName="deberia_poder_insertar_un_documento_en_la_base_con_numero_de_ticket" computerName="MDS-RH-0002" duration="00:00:00.0013196" startTime="2013-02-07T21:48:34.4091545-03:00" endTime="2013-02-07T21:48:34.4131549-03:00" testType="13cdc9d9-ddb5-4fa4-a97d-d965ccfc6d4b" outcome="Passed" testListId="8c84fa94-04c1-424b-9868-57a2d4851a1d" relativeResultsDirectory="3147f985-ef61-4d9c-a735-f495d4731544">
    </UnitTestResult>
    <UnitTestResult executionId="117a659e-f347-43ea-86da-146d795d9bf8" testId="ddde0ed2-12a5-9bf8-2fdd-b32f11508a59" testName="deberia_poder_guardar_una_transicion_nueva" computerName="MDS-RH-0002" duration="00:00:00.0010197" startTime="2013-02-07T21:48:34.4151551-03:00" endTime="2013-02-07T21:48:34.4191555-03:00" testType="13cdc9d9-ddb5-4fa4-a97d-d965ccfc6d4b" outcome="Passed" testListId="8c84fa94-04c1-424b-9868-57a2d4851a1d" relativeResultsDirectory="117a659e-f347-43ea-86da-146d795d9bf8">
    </UnitTestResult>
    <UnitTestResult executionId="9dfff2ee-25c4-46b4-9f58-30e39d159a11" testId="de307af2-1c44-a9c2-0624-80b438a3400b" testName="usuario_mesa_entrada_deberia_tener_solo_acceso_a_documentos" computerName="MDS-RH-0002" duration="00:00:00.0058840" startTime="2013-02-07T21:48:34.4201556-03:00" endTime="2013-02-07T21:48:34.4291565-03:00" testType="13cdc9d9-ddb5-4fa4-a97d-d965ccfc6d4b" outcome="Passed" testListId="8c84fa94-04c1-424b-9868-57a2d4851a1d" relativeResultsDirectory="9dfff2ee-25c4-46b4-9f58-30e39d159a11">
    </UnitTestResult>
    <UnitTestResult executionId="5e1cad99-dfe3-454e-b83a-2b81d0bf71ff" testId="dfede4a0-4add-37a3-8cce-099c64499527" testName="dado_1_quiero_2" computerName="MDS-RH-0002" duration="00:00:00.0002363" startTime="2013-02-07T21:48:34.4301566-03:00" endTime="2013-02-07T21:48:34.4331569-03:00" testType="13cdc9d9-ddb5-4fa4-a97d-d965ccfc6d4b" outcome="Passed" testListId="8c84fa94-04c1-424b-9868-57a2d4851a1d" relativeResultsDirectory="5e1cad99-dfe3-454e-b83a-2b81d0bf71ff">
    </UnitTestResult>
    <UnitTestResult executionId="974ff16e-b68a-4fdc-9edd-8aac158f189e" testId="e1d67ae5-71d9-5872-41a1-7a2a4d910702" testName="mensajeria_deberia_poder_generar_una_transicion_futura" computerName="MDS-RH-0002" duration="00:00:00.0186342" startTime="2013-02-07T21:48:34.4351571-03:00" endTime="2013-02-07T21:48:34.4571593-03:00" testType="13cdc9d9-ddb5-4fa4-a97d-d965ccfc6d4b" outcome="Failed" testListId="8c84fa94-04c1-424b-9868-57a2d4851a1d" relativeResultsDirectory="974ff16e-b68a-4fdc-9edd-8aac158f189e">
      <Output>
        <ErrorInfo>
          <Message>Error de Assert.IsTrue. </Message>
          <StackTrace>   en TestViaticos.TestMensajeria.mensajeria_deberia_poder_generar_una_transicion_futura() en C:\Repositorios\FernandoAssembla\SistemaWeb\TestViaticos\TestMensajeria.cs:línea 84
</StackTrace>
        </ErrorInfo>
      </Output>
    </UnitTestResult>
    <UnitTestResult executionId="0fece1ab-565d-461e-95d7-4478abeb9f03" testId="e22ce867-04ec-cc74-8f00-0fdb0256cb9f" testName="deberia_considerar_las_estadias_comenzadas_en_el_periodo" computerName="MDS-RH-0002" duration="00:00:00.0009774" startTime="2013-02-07T21:48:34.4581594-03:00" endTime="2013-02-07T21:48:34.4621598-03:00" testType="13cdc9d9-ddb5-4fa4-a97d-d965ccfc6d4b" outcome="Passed" testListId="8c84fa94-04c1-424b-9868-57a2d4851a1d" relativeResultsDirectory="0fece1ab-565d-461e-95d7-4478abeb9f03">
    </UnitTestResult>
    <UnitTestResult executionId="cfdeb1c2-f7da-440d-b93d-b7abba2c450b" testId="e454c39b-e973-6bea-bc19-3dd352fe2860" testName="deberia_crear_una_tabla_con_id" computerName="MDS-RH-0002" duration="00:00:00.0006559" startTime="2013-02-07T21:48:34.4641600-03:00" endTime="2013-02-07T21:48:34.4681604-03:00" testType="13cdc9d9-ddb5-4fa4-a97d-d965ccfc6d4b" outcome="Passed" testListId="8c84fa94-04c1-424b-9868-57a2d4851a1d" relativeResultsDirectory="cfdeb1c2-f7da-440d-b93d-b7abba2c450b">
    </UnitTestResult>
    <UnitTestResult executionId="27036384-986e-4e75-af47-3af42827ed08" testId="e4a0643c-ded2-0a34-7284-5a78ff072139" testName="deberia_poder_guardar_un_nuevo_viatico_en_el_repositorio_de_viaticos_y_que_se_le_asigne_un_id" computerName="MDS-RH-0002" duration="00:00:00.0059953" startTime="2013-02-07T21:48:34.4711607-03:00" endTime="2013-02-07T21:48:34.4801616-03:00" testType="13cdc9d9-ddb5-4fa4-a97d-d965ccfc6d4b" outcome="Passed" testListId="8c84fa94-04c1-424b-9868-57a2d4851a1d" relativeResultsDirectory="27036384-986e-4e75-af47-3af42827ed08">
    </UnitTestResult>
    <UnitTestResult executionId="c60e6765-66c3-432b-8d16-ac34c3573377" testId="e51e2c6f-d445-6901-d7cc-9c752d9465ed" testName="dado_a9_quiero_b0" computerName="MDS-RH-0002" duration="00:00:00.0002078" startTime="2013-02-07T21:48:34.4811617-03:00" endTime="2013-02-07T21:48:34.4861622-03:00" testType="13cdc9d9-ddb5-4fa4-a97d-d965ccfc6d4b" outcome="Passed" testListId="8c84fa94-04c1-424b-9868-57a2d4851a1d" relativeResultsDirectory="c60e6765-66c3-432b-8d16-ac34c3573377">
    </UnitTestResult>
    <UnitTestResult executionId="78157d47-aca6-4051-93d8-e9f94e6ac54b" testId="e599cad1-eda4-094c-45c1-605d2f0e5702" testName="al_buscar_por_reponsable_de_area_a_Novoa_deberia_traerme_el_area_cuyo_apellido_de_responsable_es_Novoa" computerName="MDS-RH-0002" duration="00:00:00.0006209" startTime="2013-02-07T21:48:34.4871623-03:00" endTime="2013-02-07T21:48:34.4901626-03:00" testType="13cdc9d9-ddb5-4fa4-a97d-d965ccfc6d4b" outcome="Passed" testListId="8c84fa94-04c1-424b-9868-57a2d4851a1d" relativeResultsDirectory="78157d47-aca6-4051-93d8-e9f94e6ac54b">
    </UnitTestResult>
    <UnitTestResult executionId="c621edd3-441c-4bb9-85da-85d1f3c7db6e" testId="e6bad939-5185-804d-09f5-03d6b8675f35" testName="dado_un_curso_que_se_cursa_todos_los_jueves_cuando_le_pregunto_por_las_fechas_en_que_hay_que_asistir_durante_enero_de_2013_debe_contestar_5" computerName="MDS-RH-0002" duration="00:00:00.0011648" startTime="2013-02-07T21:48:34.4921628-03:00" endTime="2013-02-07T21:48:34.4961632-03:00" testType="13cdc9d9-ddb5-4fa4-a97d-d965ccfc6d4b" outcome="Passed" testListId="8c84fa94-04c1-424b-9868-57a2d4851a1d" relativeResultsDirectory="c621edd3-441c-4bb9-85da-85d1f3c7db6e">
    </UnitTestResult>
    <UnitTestResult executionId="e4e60526-7558-4307-b93e-ba5e90e38cbc" testId="e9aa986f-7293-c98f-9d6b-6050f52118de" testName="dado_az_quiero_ba" computerName="MDS-RH-0002" duration="00:00:00.0002621" startTime="2013-02-07T21:48:34.4971633-03:00" endTime="2013-02-07T21:48:34.5001636-03:00" testType="13cdc9d9-ddb5-4fa4-a97d-d965ccfc6d4b" outcome="Passed" testListId="8c84fa94-04c1-424b-9868-57a2d4851a1d" relativeResultsDirectory="e4e60526-7558-4307-b93e-ba5e90e38cbc">
    </UnitTestResult>
    <UnitTestResult executionId="aad1b405-4fac-4a2d-acae-f879bc49851b" testId="eaffb742-992c-e34c-dbe5-be3438e36b95" testName="al_buscar_por_reponsable_de_area_a_Miranda_debe_traer_dos_areas_una_con_responsable_cuyo_nombre_es_Miranda_y_otra_area_cuyo_apellido_de_responsable_es_también_Miranda" computerName="MDS-RH-0002" duration="00:00:00.0006532" startTime="2013-02-07T21:48:34.5031639-03:00" endTime="2013-02-07T21:48:34.5061642-03:00" testType="13cdc9d9-ddb5-4fa4-a97d-d965ccfc6d4b" outcome="Passed" testListId="8c84fa94-04c1-424b-9868-57a2d4851a1d" relativeResultsDirectory="aad1b405-4fac-4a2d-acae-f879bc49851b">
    </UnitTestResult>
    <UnitTestResult executionId="e56f2509-d3d2-4d7d-9244-bfb96acd73b5" testId="f01f9398-de8a-e114-4944-4c3877e413a9" testName="deberia_poder_obtener_el_string_de_un_link_en_imagen_de_las_entidades_seleccionadas" computerName="MDS-RH-0002" duration="00:00:00.0004654" startTime="2013-02-07T21:48:34.5081644-03:00" endTime="2013-02-07T21:48:34.5121648-03:00" testType="13cdc9d9-ddb5-4fa4-a97d-d965ccfc6d4b" outcome="Passed" testListId="8c84fa94-04c1-424b-9868-57a2d4851a1d" relativeResultsDirectory="e56f2509-d3d2-4d7d-9244-bfb96acd73b5">
    </UnitTestResult>
    <UnitTestResult executionId="166cb22a-7c59-4c56-8d72-bcd2d3e95a5f" testId="f1682d17-f3d2-e7a6-602e-a5fe64b0b83a" testName="al_transicionar_desde_otra_area_genera_2_transiciones" computerName="MDS-RH-0002" duration="00:00:00.0014193" startTime="2013-02-07T21:48:34.5141650-03:00" endTime="2013-02-07T21:48:34.5181654-03:00" testType="13cdc9d9-ddb5-4fa4-a97d-d965ccfc6d4b" outcome="Passed" testListId="8c84fa94-04c1-424b-9868-57a2d4851a1d" relativeResultsDirectory="166cb22a-7c59-4c56-8d72-bcd2d3e95a5f">
    </UnitTestResult>
    <UnitTestResult executionId="67bf05cc-b4c5-4c04-8e5b-9b4db1661e16" testId="f1f50432-1bf0-de96-51bb-b6443df4774c" testName="no_deberia_poder_guardarse_un_documento_sin_tipo" computerName="MDS-RH-0002" duration="00:00:00.0005193" startTime="2013-02-07T21:48:34.5191655-03:00" endTime="2013-02-07T21:48:34.5221658-03:00" testType="13cdc9d9-ddb5-4fa4-a97d-d965ccfc6d4b" outcome="Passed" testListId="8c84fa94-04c1-424b-9868-57a2d4851a1d" relativeResultsDirectory="67bf05cc-b4c5-4c04-8e5b-9b4db1661e16">
    </UnitTestResult>
    <UnitTestResult executionId="780d12a8-3408-445b-ac6c-bcd8f63c0cd0" testId="f86c4657-4e4d-11f0-63ee-95d2154ef49d" testName="deberia_poder_quitar_alumnos" computerName="MDS-RH-0002" duration="00:00:00.0007649" startTime="2013-02-07T21:48:34.5241660-03:00" endTime="2013-02-07T21:48:34.5271663-03:00" testType="13cdc9d9-ddb5-4fa4-a97d-d965ccfc6d4b" outcome="Passed" testListId="8c84fa94-04c1-424b-9868-57a2d4851a1d" relativeResultsDirectory="780d12a8-3408-445b-ac6c-bcd8f63c0cd0">
    </UnitTestResult>
    <UnitTestResult executionId="8eca4a5c-c8e1-483a-8413-6de51936299c" testId="fc3e1a26-3625-7f18-819c-6724010eb1dd" testName="al_buscar_por_un_tipo_de_documento_debe_traer_todos_los_documentos_que_cumplen_con_ello" computerName="MDS-RH-0002" duration="00:00:00.0007772" startTime="2013-02-07T21:48:34.5291665-03:00" endTime="2013-02-07T21:48:34.5321668-03:00" testType="13cdc9d9-ddb5-4fa4-a97d-d965ccfc6d4b" outcome="Passed" testListId="8c84fa94-04c1-424b-9868-57a2d4851a1d" relativeResultsDirectory="8eca4a5c-c8e1-483a-8413-6de51936299c">
    </UnitTestResult>
    <UnitTestResult executionId="0b1334cd-7a2e-4ff3-ae83-3c57815b0857" testId="fe21a7fe-170b-9452-5951-05d7fa59464e" testName="deberia_agregar_una_inasistencia_a_un_alumno_para_una_planilla_que_esta_en_un_curso" computerName="MDS-RH-0002" duration="00:00:00.0003853" startTime="2013-02-07T21:48:34.5341670-03:00" endTime="2013-02-07T21:48:34.5371673-03:00" testType="13cdc9d9-ddb5-4fa4-a97d-d965ccfc6d4b" outcome="Passed" testListId="8c84fa94-04c1-424b-9868-57a2d4851a1d" relativeResultsDirectory="0b1334cd-7a2e-4ff3-ae83-3c57815b0857">
    </UnitTestResult>
    <UnitTestResult executionId="363e9f8d-2f85-4ec2-bfae-20974622bfed" testId="ff5ca805-f71b-e477-63b1-db8e8b29d28e" testName="deberia_poder_generar_una_planilla_para_un_curso_y_mes" computerName="MDS-RH-0002" duration="00:00:00.0002348" startTime="2013-02-07T21:48:34.5381674-03:00" endTime="2013-02-07T21:48:34.5421678-03:00" testType="13cdc9d9-ddb5-4fa4-a97d-d965ccfc6d4b" outcome="Passed" testListId="8c84fa94-04c1-424b-9868-57a2d4851a1d" relativeResultsDirectory="363e9f8d-2f85-4ec2-bfae-20974622bfed">
    </UnitTestResult>
  </Results>
</TestRun>