<?xml version="1.0" encoding="UTF-8"?>
<TestRun id="c5aa2955-78f8-47e7-9424-43b1aa49b7ea" name="ACALCAGNO@MDS-RH-0002 2013-01-30 16:34:55" runUser="SDS_DOMAIN_1\ACALCAGNO" xmlns="http://microsoft.com/schemas/VisualStudio/TeamTest/2010">
  <TestSettings name="Local" id="df296806-de48-495c-9280-032423d672d5">
    <Description>Esta es la configuración de pruebas predeterminada para una ejecución de pruebas local.</Description>
    <Deployment runDeploymentRoot="ACALCAGNO_MDS-RH-0002 2013-01-30 16_34_55">
      <DeploymentItem filename="C:\Repositorios\FernandoAssembla\SistemaWeb\SharedLibs\NDbUnit.SqlClient.dll" />
      <DeploymentItem filename="C:\Repositorios\FernandoAssembla\SistemaWeb\SharedLibs\Newtonsoft.Json.dll" />
      <DeploymentItem filename="C:\Repositorios\FernandoAssembla\SistemaWeb\SharedLibs\NMock2.Test.dll" />
      <DeploymentItem filename="C:\Repositorios\FernandoAssembla\SistemaWeb\SharedLibs\NMock2.dll" />
      <DeploymentItem filename="C:\Repositorios\FernandoAssembla\SistemaWeb\SharedLibs\NDbUnit.Core.dll" />
      <DeploymentItem filename="C:\Repositorios\FernandoAssembla\SistemaWeb\WebAsistencia\WebRhUI\bin\Debug\WebRhUI.dll" />
      <DeploymentItem filename="C:\Repositorios\FernandoAssembla\SistemaWeb\ProyectoNet\General\bin\Debug\General.dll" />
    </Deployment>
    <Execution>
      <TestTypeSpecific>
        <UnitTestRunConfig testTypeId="13cdc9d9-ddb5-4fa4-a97d-d965ccfc6d4b">
          <AssemblyResolution>
            <TestDirectory useLoadContext="true" />
          </AssemblyResolution>
        </UnitTestRunConfig>
        <WebTestRunConfiguration testTypeId="4e7599fa-5ecb-43e9-a887-cd63cf72d207">
          <Browser name="Internet Explorer 7.0">
            <Headers>
              <Header name="User-Agent" value="Mozilla/4.0 (compatible; MSIE 7.0; Windows NT 5.1)" />
              <Header name="Accept" value="*/*" />
              <Header name="Accept-Language" value="{{$IEAcceptLanguage}}" />
              <Header name="Accept-Encoding" value="GZIP" />
            </Headers>
          </Browser>
        </WebTestRunConfiguration>
      </TestTypeSpecific>
      <AgentRule name="LocalMachineDefaultRole">
      </AgentRule>
    </Execution>
  </TestSettings>
  <Times creation="2013-01-30T16:34:55.5927673-03:00" queuing="2013-01-30T16:34:56.8758956-03:00" start="2013-01-30T16:34:56.9929073-03:00" finish="2013-01-30T16:34:58.7630843-03:00" />
  <ResultSummary outcome="Failed">
    <Counters total="133" executed="133" passed="132" error="0" failed="1" timeout="0" aborted="0" inconclusive="0" passedButRunAborted="0" notRunnable="0" notExecuted="0" disconnected="0" warning="0" completed="0" inProgress="0" pending="0" />
  </ResultSummary>
  <TestDefinitions>
    <UnitTest name="deberia_poder_insertar_un_documento_en_la_base_con_numero_de_ticket" storage="c:\repositorios\fernandoassembla\sistemaweb\testviaticos\bin\debug\testviaticos.dll" id="d7dcf4df-b012-3cb2-f383-e4a465f466d1">
      <Execution id="6c1f89ef-5719-416e-90bf-e7fcc18dfbae" />
      <TestMethod codeBase="C:/Repositorios/FernandoAssembla/SistemaWeb/TestViaticos/bin/Debug/TestViaticos.DLL" adapterTypeName="Microsoft.VisualStudio.TestTools.TestTypes.Unit.UnitTestAdapter, Microsoft.VisualStudio.QualityTools.Tips.UnitTest.Adapter, Version=10.0.0.0, Culture=neutral, PublicKeyToken=b03f5f7f11d50a3a" className="TestViaticos.TestRepositorioDocumentos, TestViaticos, Version=1.0.0.0, Culture=neutral, PublicKeyToken=null" name="deberia_poder_insertar_un_documento_en_la_base_con_numero_de_ticket" />
    </UnitTest>
    <UnitTest name="deberia_poder_obtener_los_alumnos_de_un_curso" storage="c:\repositorios\fernandoassembla\sistemaweb\testviaticos\bin\debug\testviaticos.dll" id="bb2f1794-72bc-c3ce-3c94-a7e6c21d4812">
      <Execution id="92e9a6e3-3e77-4cf7-8c40-3ff1f8a8a69c" />
      <TestMethod codeBase="C:/Repositorios/FernandoAssembla/SistemaWeb/TestViaticos/bin/Debug/TestViaticos.DLL" adapterTypeName="Microsoft.VisualStudio.TestTools.TestTypes.Unit.UnitTestAdapter, Microsoft.VisualStudio.QualityTools.Tips.UnitTest.Adapter, Version=10.0.0.0, Culture=neutral, PublicKeyToken=b03f5f7f11d50a3a" className="TestViaticos.TestRepositorioCursos, TestViaticos, Version=1.0.0.0, Culture=neutral, PublicKeyToken=null" name="deberia_poder_obtener_los_alumnos_de_un_curso" />
    </UnitTest>
    <UnitTest name="al_buscar_por_nombre_de_area_la_palabra_RRHH_deberia_traerme_el_area_cuyo_nombre_es_RRHH" storage="c:\repositorios\fernandoassembla\sistemaweb\testviaticos\bin\debug\testviaticos.dll" id="79a63e0f-ba0e-a5dc-0d5c-dc38d27e7aa1">
      <Execution id="019a371d-f050-4555-8df3-97d87c608953" />
      <TestMethod codeBase="C:/Repositorios/FernandoAssembla/SistemaWeb/TestViaticos/bin/Debug/TestViaticos.DLL" adapterTypeName="Microsoft.VisualStudio.TestTools.TestTypes.Unit.UnitTestAdapter, Microsoft.VisualStudio.QualityTools.Tips.UnitTest.Adapter, Version=10.0.0.0, Culture=neutral, PublicKeyToken=b03f5f7f11d50a3a" className="General.TestProtocolo, TestViaticos, Version=1.0.0.0, Culture=neutral, PublicKeyToken=null" name="al_buscar_por_nombre_de_area_la_palabra_RRHH_deberia_traerme_el_area_cuyo_nombre_es_RRHH" />
    </UnitTest>
    <UnitTest name="dado_b_quiero_c" storage="c:\repositorios\fernandoassembla\sistemaweb\testviaticos\bin\debug\testviaticos.dll" id="c5cbe3b9-5203-897f-6c97-10b52d6a9698">
      <Execution id="aea7c404-d562-4b27-be14-e33ac7dd55a0" />
      <TestMethod codeBase="C:/Repositorios/FernandoAssembla/SistemaWeb/TestViaticos/bin/Debug/TestViaticos.DLL" adapterTypeName="Microsoft.VisualStudio.TestTools.TestTypes.Unit.UnitTestAdapter, Microsoft.VisualStudio.QualityTools.Tips.UnitTest.Adapter, Version=10.0.0.0, Culture=neutral, PublicKeyToken=b03f5f7f11d50a3a" className="Tests.CodigoTareaTest, TestViaticos, Version=1.0.0.0, Culture=neutral, PublicKeyToken=null" name="dado_b_quiero_c" />
    </UnitTest>
    <UnitTest name="deberia_poder_validar_si_un_objeto_no_es_nulo" storage="c:\repositorios\fernandoassembla\sistemaweb\testviaticos\bin\debug\testviaticos.dll" id="82c21a02-0eaa-b33b-6618-e225964dbef2">
      <Execution id="d3574bc9-6590-43ba-b3ca-bcec6636a20c" />
      <TestMethod codeBase="C:/Repositorios/FernandoAssembla/SistemaWeb/TestViaticos/bin/Debug/TestViaticos.DLL" adapterTypeName="Microsoft.VisualStudio.TestTools.TestTypes.Unit.UnitTestAdapter, Microsoft.VisualStudio.QualityTools.Tips.UnitTest.Adapter, Version=10.0.0.0, Culture=neutral, PublicKeyToken=b03f5f7f11d50a3a" className="TestViaticos.TestValidador, TestViaticos, Version=1.0.0.0, Culture=neutral, PublicKeyToken=null" name="deberia_poder_validar_si_un_objeto_no_es_nulo" />
    </UnitTest>
    <UnitTest name="deberia_poder_actuailzar_un_documento" storage="c:\repositorios\fernandoassembla\sistemaweb\testviaticos\bin\debug\testviaticos.dll" id="42e7e5a9-27d6-1424-520a-64446a479ac2">
      <Execution id="12b0b894-5751-4ef1-8532-50f65da68b41" />
      <TestMethod codeBase="C:/Repositorios/FernandoAssembla/SistemaWeb/TestViaticos/bin/Debug/TestViaticos.DLL" adapterTypeName="Microsoft.VisualStudio.TestTools.TestTypes.Unit.UnitTestAdapter, Microsoft.VisualStudio.QualityTools.Tips.UnitTest.Adapter, Version=10.0.0.0, Culture=neutral, PublicKeyToken=b03f5f7f11d50a3a" className="TestViaticos.TestRepositorioDocumentos, TestViaticos, Version=1.0.0.0, Culture=neutral, PublicKeyToken=null" name="deberia_poder_actuailzar_un_documento" />
    </UnitTest>
    <UnitTest name="deberia_traer_4_viaticos" storage="c:\repositorios\fernandoassembla\sistemaweb\testviaticos\bin\debug\testviaticos.dll" id="57d98f0d-6038-69c7-9b96-75f22dd0e9dd">
      <Execution id="ac3dc61f-5eec-40ae-bdb3-b47b0cf06cd3" />
      <TestMethod codeBase="C:/Repositorios/FernandoAssembla/SistemaWeb/TestViaticos/bin/Debug/TestViaticos.DLL" adapterTypeName="Microsoft.VisualStudio.TestTools.TestTypes.Unit.UnitTestAdapter, Microsoft.VisualStudio.QualityTools.Tips.UnitTest.Adapter, Version=10.0.0.0, Culture=neutral, PublicKeyToken=b03f5f7f11d50a3a" className="TestViaticos.TestRepositorioDeViaticos, TestViaticos, Version=1.0.0.0, Culture=neutral, PublicKeyToken=null" name="deberia_traer_4_viaticos" />
    </UnitTest>
    <UnitTest name="dado_aazz_debe_ser_abaa" storage="c:\repositorios\fernandoassembla\sistemaweb\testviaticos\bin\debug\testviaticos.dll" id="bf34bac0-1211-e38d-1273-9a3107460eaa">
      <Execution id="7bafb3a0-edee-4007-8169-9ace19ff80f1" />
      <TestMethod codeBase="C:/Repositorios/FernandoAssembla/SistemaWeb/TestViaticos/bin/Debug/TestViaticos.DLL" adapterTypeName="Microsoft.VisualStudio.TestTools.TestTypes.Unit.UnitTestAdapter, Microsoft.VisualStudio.QualityTools.Tips.UnitTest.Adapter, Version=10.0.0.0, Culture=neutral, PublicKeyToken=b03f5f7f11d50a3a" className="Tests.CodigoTareaTest, TestViaticos, Version=1.0.0.0, Culture=neutral, PublicKeyToken=null" name="dado_aazz_debe_ser_abaa" />
    </UnitTest>
    <UnitTest name="deberia_poder_conocer_los_dias_de_cursada_de_un_curso_para_un_mes" storage="c:\repositorios\fernandoassembla\sistemaweb\testviaticos\bin\debug\testviaticos.dll" id="07c6ae9a-6a82-fa4b-680a-96e32253ef51">
      <Execution id="427f2e3c-d957-410d-9350-c9bd0a1d2cb4" />
      <TestMethod codeBase="C:/Repositorios/FernandoAssembla/SistemaWeb/TestViaticos/bin/Debug/TestViaticos.DLL" adapterTypeName="Microsoft.VisualStudio.TestTools.TestTypes.Unit.UnitTestAdapter, Microsoft.VisualStudio.QualityTools.Tips.UnitTest.Adapter, Version=10.0.0.0, Culture=neutral, PublicKeyToken=b03f5f7f11d50a3a" className="TestViaticos.TestPlanillaMensual, TestViaticos, Version=1.0.0.0, Culture=neutral, PublicKeyToken=null" name="deberia_poder_conocer_los_dias_de_cursada_de_un_curso_para_un_mes" />
    </UnitTest>
    <UnitTest name="dado_1_quiero_2" storage="c:\repositorios\fernandoassembla\sistemaweb\testviaticos\bin\debug\testviaticos.dll" id="dfede4a0-4add-37a3-8cce-099c64499527">
      <Execution id="654f9efc-a8a2-46a7-8509-f9c2819186f0" />
      <TestMethod codeBase="C:/Repositorios/FernandoAssembla/SistemaWeb/TestViaticos/bin/Debug/TestViaticos.DLL" adapterTypeName="Microsoft.VisualStudio.TestTools.TestTypes.Unit.UnitTestAdapter, Microsoft.VisualStudio.QualityTools.Tips.UnitTest.Adapter, Version=10.0.0.0, Culture=neutral, PublicKeyToken=b03f5f7f11d50a3a" className="Tests.CodigoTareaTest, TestViaticos, Version=1.0.0.0, Culture=neutral, PublicKeyToken=null" name="dado_1_quiero_2" />
    </UnitTest>
    <UnitTest name="deberia_crear_una_tabla_con_id_y_un_valor_99" storage="c:\repositorios\fernandoassembla\sistemaweb\testviaticos\bin\debug\testviaticos.dll" id="363f19a2-0f65-4da3-ffe2-9ae3bd940a9f">
      <Execution id="5a5512be-c779-40db-b8bf-764ab601ea17" />
      <TestMethod codeBase="C:/Repositorios/FernandoAssembla/SistemaWeb/TestViaticos/bin/Debug/TestViaticos.DLL" adapterTypeName="Microsoft.VisualStudio.TestTools.TestTypes.Unit.UnitTestAdapter, Microsoft.VisualStudio.QualityTools.Tips.UnitTest.Adapter, Version=10.0.0.0, Culture=neutral, PublicKeyToken=b03f5f7f11d50a3a" className="TestViaticos.TestTablasFake, TestViaticos, Version=1.0.0.0, Culture=neutral, PublicKeyToken=null" name="deberia_crear_una_tabla_con_id_y_un_valor_99" />
    </UnitTest>
    <UnitTest name="dado_un_curso_que_se_cursa_todos_los_jueves_cuando_le_pregunto_por_las_fechas_en_que_hay_que_asistir_durante_enero_de_2013_debe_contestar_5" storage="c:\repositorios\fernandoassembla\sistemaweb\testviaticos\bin\debug\testviaticos.dll" id="e6bad939-5185-804d-09f5-03d6b8675f35">
      <Execution id="2e45c952-7174-49fd-8614-9bccef3c8c68" />
      <TestMethod codeBase="C:/Repositorios/FernandoAssembla/SistemaWeb/TestViaticos/bin/Debug/TestViaticos.DLL" adapterTypeName="Microsoft.VisualStudio.TestTools.TestTypes.Unit.UnitTestAdapter, Microsoft.VisualStudio.QualityTools.Tips.UnitTest.Adapter, Version=10.0.0.0, Culture=neutral, PublicKeyToken=b03f5f7f11d50a3a" className="TestViaticos.TestCalendarioDeCurso, TestViaticos, Version=1.0.0.0, Culture=neutral, PublicKeyToken=null" name="dado_un_curso_que_se_cursa_todos_los_jueves_cuando_le_pregunto_por_las_fechas_en_que_hay_que_asistir_durante_enero_de_2013_debe_contestar_5" />
    </UnitTest>
    <UnitTest name="un_deserializador_de_filtros_deberia_poder_desserializar_un_filtro_de_documentos_por_numero_de_ticket" storage="c:\repositorios\fernandoassembla\sistemaweb\testviaticos\bin\debug\testviaticos.dll" id="002cf2ca-edf2-8bcf-43d5-0c3f0f84c4f5">
      <Execution id="a51767f4-87e5-439a-a48c-4ca096cd3286" />
      <TestMethod codeBase="C:/Repositorios/FernandoAssembla/SistemaWeb/TestViaticos/bin/Debug/TestViaticos.DLL" adapterTypeName="Microsoft.VisualStudio.TestTools.TestTypes.Unit.UnitTestAdapter, Microsoft.VisualStudio.QualityTools.Tips.UnitTest.Adapter, Version=10.0.0.0, Culture=neutral, PublicKeyToken=b03f5f7f11d50a3a" className="General.TestFiltroSiCoI, TestViaticos, Version=1.0.0.0, Culture=neutral, PublicKeyToken=null" name="un_deserializador_de_filtros_deberia_poder_desserializar_un_filtro_de_documentos_por_numero_de_ticket" />
    </UnitTest>
    <UnitTest name="deberia_traer_viaticos_que_esten_de_la_areas_939_54_16_de_la_provincia_CORDOBA_SALTA_perido_011012_al_261012" storage="c:\repositorios\fernandoassembla\sistemaweb\testviaticos\bin\debug\testviaticos.dll" id="28a4ad86-b0f5-734b-2ffb-1771c0cae12f">
      <Execution id="31959b81-cd01-477a-90e7-d75c538ec846" />
      <TestMethod codeBase="C:/Repositorios/FernandoAssembla/SistemaWeb/TestViaticos/bin/Debug/TestViaticos.DLL" adapterTypeName="Microsoft.VisualStudio.TestTools.TestTypes.Unit.UnitTestAdapter, Microsoft.VisualStudio.QualityTools.Tips.UnitTest.Adapter, Version=10.0.0.0, Culture=neutral, PublicKeyToken=b03f5f7f11d50a3a" className="TestViaticos.TestConsultas, TestViaticos, Version=1.0.0.0, Culture=neutral, PublicKeyToken=null" name="deberia_traer_viaticos_que_esten_de_la_areas_939_54_16_de_la_provincia_CORDOBA_SALTA_perido_011012_al_261012" />
    </UnitTest>
    <UnitTest name="deberia_devolver_region_METRO_con_BuenosAires_con_una_localidad" storage="c:\repositorios\fernandoassembla\sistemaweb\testviaticos\bin\debug\testviaticos.dll" id="1bbef477-4f31-cfec-a6a8-6e1b0892c5f9">
      <Execution id="1f57a8ec-3af4-45f1-b754-feddeb845732" />
      <TestMethod codeBase="C:/Repositorios/FernandoAssembla/SistemaWeb/TestViaticos/bin/Debug/TestViaticos.DLL" adapterTypeName="Microsoft.VisualStudio.TestTools.TestTypes.Unit.UnitTestAdapter, Microsoft.VisualStudio.QualityTools.Tips.UnitTest.Adapter, Version=10.0.0.0, Culture=neutral, PublicKeyToken=b03f5f7f11d50a3a" className="TestViaticos.TestRepositorioZonas, TestViaticos, Version=1.0.0.0, Culture=neutral, PublicKeyToken=null" name="deberia_devolver_region_METRO_con_BuenosAires_con_una_localidad" />
    </UnitTest>
    <UnitTest name="el_repositorio_deberia_crear_una_mensajeria_con_sus_transiciones" storage="c:\repositorios\fernandoassembla\sistemaweb\testviaticos\bin\debug\testviaticos.dll" id="76c47d34-63a4-0479-90e7-a8d089e0dd93">
      <Execution id="305eec3c-eccc-4fff-a95a-2c5cf6af46cd" />
      <TestMethod codeBase="C:/Repositorios/FernandoAssembla/SistemaWeb/TestViaticos/bin/Debug/TestViaticos.DLL" adapterTypeName="Microsoft.VisualStudio.TestTools.TestTypes.Unit.UnitTestAdapter, Microsoft.VisualStudio.QualityTools.Tips.UnitTest.Adapter, Version=10.0.0.0, Culture=neutral, PublicKeyToken=b03f5f7f11d50a3a" className="TestViaticos.TestMensajeria, TestViaticos, Version=1.0.0.0, Culture=neutral, PublicKeyToken=null" name="el_repositorio_deberia_crear_una_mensajeria_con_sus_transiciones" />
    </UnitTest>
    <UnitTest name="deberia_devolver_una_fecha" storage="c:\repositorios\fernandoassembla\sistemaweb\testviaticos\bin\debug\testviaticos.dll" id="4793d588-4a8f-7915-87f2-c97c11507ad4">
      <Execution id="a9fbe7e8-2e1d-4b29-b4c6-4e58b63324d3" />
      <TestMethod codeBase="C:/Repositorios/FernandoAssembla/SistemaWeb/TestViaticos/bin/Debug/TestViaticos.DLL" adapterTypeName="Microsoft.VisualStudio.TestTools.TestTypes.Unit.UnitTestAdapter, Microsoft.VisualStudio.QualityTools.Tips.UnitTest.Adapter, Version=10.0.0.0, Culture=neutral, PublicKeyToken=b03f5f7f11d50a3a" className="TestViaticos.TestTablasFake, TestViaticos, Version=1.0.0.0, Culture=neutral, PublicKeyToken=null" name="deberia_devolver_una_fecha" />
    </UnitTest>
    <UnitTest name="deberia_fallar_si_nada_indica_el_tipo_de_una_columna" storage="c:\repositorios\fernandoassembla\sistemaweb\testviaticos\bin\debug\testviaticos.dll" id="c5bc7be4-1c6a-1e48-0dbd-f119f73d764c">
      <Execution id="9c6140da-06dc-40a0-89bb-454fc952138f" />
      <TestMethod codeBase="C:/Repositorios/FernandoAssembla/SistemaWeb/TestViaticos/bin/Debug/TestViaticos.DLL" adapterTypeName="Microsoft.VisualStudio.TestTools.TestTypes.Unit.UnitTestAdapter, Microsoft.VisualStudio.QualityTools.Tips.UnitTest.Adapter, Version=10.0.0.0, Culture=neutral, PublicKeyToken=b03f5f7f11d50a3a" className="TestViaticos.TestTablasFake, TestViaticos, Version=1.0.0.0, Culture=neutral, PublicKeyToken=null" name="deberia_fallar_si_nada_indica_el_tipo_de_una_columna" />
    </UnitTest>
    <UnitTest name="al_buscar_en_una_lista_de_áreas_un_email_devuelve_todos_las_áreas_cuyo_email_de_asistente_o_responsable_o_area_contiene_el_texto_buscado" storage="c:\repositorios\fernandoassembla\sistemaweb\testviaticos\bin\debug\testviaticos.dll" id="43bddf17-fba3-4d54-a157-cfcf7797ee39">
      <Execution id="844c5051-935e-437a-b6ef-f70cf28b3bee" />
      <TestMethod codeBase="C:/Repositorios/FernandoAssembla/SistemaWeb/TestViaticos/bin/Debug/TestViaticos.DLL" adapterTypeName="Microsoft.VisualStudio.TestTools.TestTypes.Unit.UnitTestAdapter, Microsoft.VisualStudio.QualityTools.Tips.UnitTest.Adapter, Version=10.0.0.0, Culture=neutral, PublicKeyToken=b03f5f7f11d50a3a" className="General.TestProtocolo, TestViaticos, Version=1.0.0.0, Culture=neutral, PublicKeyToken=null" name="al_buscar_en_una_lista_de_áreas_un_email_devuelve_todos_las_áreas_cuyo_email_de_asistente_o_responsable_o_area_contiene_el_texto_buscado" />
    </UnitTest>
    <UnitTest name="el_circuito_deberia_por_default_subir_por_el_organigrama_a_menos_que_haya_una_excepcion" storage="c:\repositorios\fernandoassembla\sistemaweb\testviaticos\bin\debug\testviaticos.dll" id="43da4eae-d92c-9ac3-0f26-5e5600a67e90">
      <Execution id="f31d829c-1f2d-4947-a7ec-9cd41ca2700a" />
      <TestMethod codeBase="C:/Repositorios/FernandoAssembla/SistemaWeb/TestViaticos/bin/Debug/TestViaticos.DLL" adapterTypeName="Microsoft.VisualStudio.TestTools.TestTypes.Unit.UnitTestAdapter, Microsoft.VisualStudio.QualityTools.Tips.UnitTest.Adapter, Version=10.0.0.0, Culture=neutral, PublicKeyToken=b03f5f7f11d50a3a" className="TestViaticos.TestCircuitoDeViatico, TestViaticos, Version=1.0.0.0, Culture=neutral, PublicKeyToken=null" name="el_circuito_deberia_por_default_subir_por_el_organigrama_a_menos_que_haya_una_excepcion" />
    </UnitTest>
    <UnitTest name="al_buscar_por_reponsable_de_area_a_Miranda_debe_traer_dos_areas_una_con_responsable_cuyo_nombre_es_Miranda_y_otra_area_cuyo_apellido_de_responsable_es_también_Miranda" storage="c:\repositorios\fernandoassembla\sistemaweb\testviaticos\bin\debug\testviaticos.dll" id="eaffb742-992c-e34c-dbe5-be3438e36b95">
      <Execution id="eadc2dd7-1ca9-4d61-bed0-f3f6d869fc16" />
      <TestMethod codeBase="C:/Repositorios/FernandoAssembla/SistemaWeb/TestViaticos/bin/Debug/TestViaticos.DLL" adapterTypeName="Microsoft.VisualStudio.TestTools.TestTypes.Unit.UnitTestAdapter, Microsoft.VisualStudio.QualityTools.Tips.UnitTest.Adapter, Version=10.0.0.0, Culture=neutral, PublicKeyToken=b03f5f7f11d50a3a" className="General.TestProtocolo, TestViaticos, Version=1.0.0.0, Culture=neutral, PublicKeyToken=null" name="al_buscar_por_reponsable_de_area_a_Miranda_debe_traer_dos_areas_una_con_responsable_cuyo_nombre_es_Miranda_y_otra_area_cuyo_apellido_de_responsable_es_también_Miranda" />
    </UnitTest>
    <UnitTest name="no_deberia_poder_cargar_una_inasistencia_si_el_dia_no_era_cursable" storage="c:\repositorios\fernandoassembla\sistemaweb\testviaticos\bin\debug\testviaticos.dll" id="bbbb69a9-ef38-b5dc-de66-8e150133f998">
      <Execution id="cc36a148-80f1-4676-bbdc-964bb932e4c8" />
      <TestMethod codeBase="C:/Repositorios/FernandoAssembla/SistemaWeb/TestViaticos/bin/Debug/TestViaticos.DLL" adapterTypeName="Microsoft.VisualStudio.TestTools.TestTypes.Unit.UnitTestAdapter, Microsoft.VisualStudio.QualityTools.Tips.UnitTest.Adapter, Version=10.0.0.0, Culture=neutral, PublicKeyToken=b03f5f7f11d50a3a" className="TestViaticos.TestPlanillaMensual, TestViaticos, Version=1.0.0.0, Culture=neutral, PublicKeyToken=null" name="no_deberia_poder_cargar_una_inasistencia_si_el_dia_no_era_cursable" />
    </UnitTest>
    <UnitTest name="al_preguntarle_en_que_area_esta_un_documeto_deberia_decirme_" storage="c:\repositorios\fernandoassembla\sistemaweb\testviaticos\bin\debug\testviaticos.dll" id="5188b3d7-a77a-3054-7bc5-b06591dc325c">
      <Execution id="57b4f20f-e422-41f2-9ec0-7292f0dc3c49" />
      <TestMethod codeBase="C:/Repositorios/FernandoAssembla/SistemaWeb/TestViaticos/bin/Debug/TestViaticos.DLL" adapterTypeName="Microsoft.VisualStudio.TestTools.TestTypes.Unit.UnitTestAdapter, Microsoft.VisualStudio.QualityTools.Tips.UnitTest.Adapter, Version=10.0.0.0, Culture=neutral, PublicKeyToken=b03f5f7f11d50a3a" className="TestViaticos.TestMensajeria, TestViaticos, Version=1.0.0.0, Culture=neutral, PublicKeyToken=null" name="al_preguntarle_en_que_area_esta_un_documeto_deberia_decirme_" />
    </UnitTest>
    <UnitTest name="no_deberia_permitir_pasarse_de_zzz999" storage="c:\repositorios\fernandoassembla\sistemaweb\testviaticos\bin\debug\testviaticos.dll" id="c6c229fe-82f0-9917-4112-b9f4fc6d4ce9">
      <Execution id="4abd7a5f-8cd5-4862-b338-390ce41eeb03" />
      <TestMethod codeBase="C:/Repositorios/FernandoAssembla/SistemaWeb/TestViaticos/bin/Debug/TestViaticos.DLL" adapterTypeName="Microsoft.VisualStudio.TestTools.TestTypes.Unit.UnitTestAdapter, Microsoft.VisualStudio.QualityTools.Tips.UnitTest.Adapter, Version=10.0.0.0, Culture=neutral, PublicKeyToken=b03f5f7f11d50a3a" className="Tests.CodigoTareaTest, TestViaticos, Version=1.0.0.0, Culture=neutral, PublicKeyToken=null" name="no_deberia_permitir_pasarse_de_zzz999" />
    </UnitTest>
    <UnitTest name="deberia_devolver_los_saltos_por_excepcion" storage="c:\repositorios\fernandoassembla\sistemaweb\testviaticos\bin\debug\testviaticos.dll" id="73696332-8582-b3f8-3487-a0e8978d60e1">
      <Execution id="27bc9810-a1a5-4447-adb1-c9246bd82963" />
      <TestMethod codeBase="C:/Repositorios/FernandoAssembla/SistemaWeb/TestViaticos/bin/Debug/TestViaticos.DLL" adapterTypeName="Microsoft.VisualStudio.TestTools.TestTypes.Unit.UnitTestAdapter, Microsoft.VisualStudio.QualityTools.Tips.UnitTest.Adapter, Version=10.0.0.0, Culture=neutral, PublicKeyToken=b03f5f7f11d50a3a" className="TestViaticos.TestRepositorioOrganigramas, TestViaticos, Version=1.0.0.0, Culture=neutral, PublicKeyToken=null" name="deberia_devolver_los_saltos_por_excepcion" />
    </UnitTest>
    <UnitTest name="deberia_poder_validar_si_un_id_no_es_valido" storage="c:\repositorios\fernandoassembla\sistemaweb\testviaticos\bin\debug\testviaticos.dll" id="96fb1f26-cf56-3c03-ade6-884985acd8d7">
      <Execution id="e83a7f8e-ea16-450b-bae2-51c498d598c2" />
      <TestMethod codeBase="C:/Repositorios/FernandoAssembla/SistemaWeb/TestViaticos/bin/Debug/TestViaticos.DLL" adapterTypeName="Microsoft.VisualStudio.TestTools.TestTypes.Unit.UnitTestAdapter, Microsoft.VisualStudio.QualityTools.Tips.UnitTest.Adapter, Version=10.0.0.0, Culture=neutral, PublicKeyToken=b03f5f7f11d50a3a" className="TestViaticos.TestValidador, TestViaticos, Version=1.0.0.0, Culture=neutral, PublicKeyToken=null" name="deberia_poder_validar_si_un_id_no_es_valido" />
    </UnitTest>
    <UnitTest name="mensajeria_deberia_enviar_documento" storage="c:\repositorios\fernandoassembla\sistemaweb\testviaticos\bin\debug\testviaticos.dll" id="b8bd6fa3-7b0e-dbc4-d1ea-17a66d88e614">
      <Execution id="31a43301-4be5-4710-985e-1e5a9f072321" />
      <TestMethod codeBase="C:/Repositorios/FernandoAssembla/SistemaWeb/TestViaticos/bin/Debug/TestViaticos.DLL" adapterTypeName="Microsoft.VisualStudio.TestTools.TestTypes.Unit.UnitTestAdapter, Microsoft.VisualStudio.QualityTools.Tips.UnitTest.Adapter, Version=10.0.0.0, Culture=neutral, PublicKeyToken=b03f5f7f11d50a3a" className="TestViaticos.TestMensajeria, TestViaticos, Version=1.0.0.0, Culture=neutral, PublicKeyToken=null" name="mensajeria_deberia_enviar_documento" />
    </UnitTest>
    <UnitTest name="deberia_poder_decirle_a_un_repositorio_que_use_una_conexion_que_devuelve_un_organigrama_simple" storage="c:\repositorios\fernandoassembla\sistemaweb\testviaticos\bin\debug\testviaticos.dll" id="8f23a447-15d5-92c8-a4fb-7722c21b1c07">
      <Execution id="3937f305-aa39-4538-a45b-8d09f01ecde9" />
      <TestMethod codeBase="C:/Repositorios/FernandoAssembla/SistemaWeb/TestViaticos/bin/Debug/TestViaticos.DLL" adapterTypeName="Microsoft.VisualStudio.TestTools.TestTypes.Unit.UnitTestAdapter, Microsoft.VisualStudio.QualityTools.Tips.UnitTest.Adapter, Version=10.0.0.0, Culture=neutral, PublicKeyToken=b03f5f7f11d50a3a" className="TestViaticos.TestRepositorioOrganigramas, TestViaticos, Version=1.0.0.0, Culture=neutral, PublicKeyToken=null" name="deberia_poder_decirle_a_un_repositorio_que_use_una_conexion_que_devuelve_un_organigrama_simple" />
    </UnitTest>
    <UnitTest name="al_buscar_en_una_lista_de_áreas_por_Asistentes_de_área_a_María_debe_traer_el_area_de_RRHH_donde_María_es_secretaria" storage="c:\repositorios\fernandoassembla\sistemaweb\testviaticos\bin\debug\testviaticos.dll" id="39ba617e-74b7-ac1c-65b2-4df024e2d4e4">
      <Execution id="fe4eb0e6-bc70-4037-bc5a-117e609d2768" />
      <TestMethod codeBase="C:/Repositorios/FernandoAssembla/SistemaWeb/TestViaticos/bin/Debug/TestViaticos.DLL" adapterTypeName="Microsoft.VisualStudio.TestTools.TestTypes.Unit.UnitTestAdapter, Microsoft.VisualStudio.QualityTools.Tips.UnitTest.Adapter, Version=10.0.0.0, Culture=neutral, PublicKeyToken=b03f5f7f11d50a3a" className="General.TestProtocolo, TestViaticos, Version=1.0.0.0, Culture=neutral, PublicKeyToken=null" name="al_buscar_en_una_lista_de_áreas_por_Asistentes_de_área_a_María_debe_traer_el_area_de_RRHH_donde_María_es_secretaria" />
    </UnitTest>
    <UnitTest name="deberia_devolver_la_zona_Metro_con_una_localidad_y_la_zona_Patagonia_con_una_localidad" storage="c:\repositorios\fernandoassembla\sistemaweb\testviaticos\bin\debug\testviaticos.dll" id="60936b2d-9f38-488c-d3bd-319a17b5f6ba">
      <Execution id="7e24d3b6-3086-4749-81ef-932a460abf92" />
      <TestMethod codeBase="C:/Repositorios/FernandoAssembla/SistemaWeb/TestViaticos/bin/Debug/TestViaticos.DLL" adapterTypeName="Microsoft.VisualStudio.TestTools.TestTypes.Unit.UnitTestAdapter, Microsoft.VisualStudio.QualityTools.Tips.UnitTest.Adapter, Version=10.0.0.0, Culture=neutral, PublicKeyToken=b03f5f7f11d50a3a" className="TestViaticos.TestRepositorioZonas, TestViaticos, Version=1.0.0.0, Culture=neutral, PublicKeyToken=null" name="deberia_devolver_la_zona_Metro_con_una_localidad_y_la_zona_Patagonia_con_una_localidad" />
    </UnitTest>
    <UnitTest name="no_se_debe_permitir_crear_un_organigrama_donde_las_areas_y_las_dependencias_son_vacias" storage="c:\repositorios\fernandoassembla\sistemaweb\testviaticos\bin\debug\testviaticos.dll" id="22fef842-2be2-549e-28ca-decc4b2f83c4">
      <Execution id="be277f33-afe9-45ec-a94a-99e3089d79c1" />
      <TestMethod codeBase="C:/Repositorios/FernandoAssembla/SistemaWeb/TestViaticos/bin/Debug/TestViaticos.DLL" adapterTypeName="Microsoft.VisualStudio.TestTools.TestTypes.Unit.UnitTestAdapter, Microsoft.VisualStudio.QualityTools.Tips.UnitTest.Adapter, Version=10.0.0.0, Culture=neutral, PublicKeyToken=b03f5f7f11d50a3a" className="TestViaticos.TestOrganigrama, TestViaticos, Version=1.0.0.0, Culture=neutral, PublicKeyToken=null" name="no_se_debe_permitir_crear_un_organigrama_donde_las_areas_y_las_dependencias_son_vacias" />
    </UnitTest>
    <UnitTest name="al_solicitarle_todas_las_areas_inferiores_de_marta_deberia_traerme_faby_yfabyB" storage="c:\repositorios\fernandoassembla\sistemaweb\testviaticos\bin\debug\testviaticos.dll" id="225e3e53-1987-0065-f209-06ded52d42cd">
      <Execution id="1c9cefd0-af55-419e-9049-63b63e3a1f6b" />
      <TestMethod codeBase="C:/Repositorios/FernandoAssembla/SistemaWeb/TestViaticos/bin/Debug/TestViaticos.DLL" adapterTypeName="Microsoft.VisualStudio.TestTools.TestTypes.Unit.UnitTestAdapter, Microsoft.VisualStudio.QualityTools.Tips.UnitTest.Adapter, Version=10.0.0.0, Culture=neutral, PublicKeyToken=b03f5f7f11d50a3a" className="TestViaticos.TestOrganigrama, TestViaticos, Version=1.0.0.0, Culture=neutral, PublicKeyToken=null" name="al_solicitarle_todas_las_areas_inferiores_de_marta_deberia_traerme_faby_yfabyB" />
    </UnitTest>
    <UnitTest name="TestGetZonas" storage="c:\repositorios\fernandoassembla\sistemaweb\testviaticos\bin\debug\testviaticos.dll" id="cd0a2e1f-d61d-9cba-b24e-96406e906f5d">
      <Execution id="e83759d6-919f-4020-ad51-2a30f71f5927" />
      <TestMethod codeBase="C:/Repositorios/FernandoAssembla/SistemaWeb/TestViaticos/bin/Debug/TestViaticos.DLL" adapterTypeName="Microsoft.VisualStudio.TestTools.TestTypes.Unit.UnitTestAdapter, Microsoft.VisualStudio.QualityTools.Tips.UnitTest.Adapter, Version=10.0.0.0, Culture=neutral, PublicKeyToken=b03f5f7f11d50a3a" className="TestViaticos.TestRepositorioZonas, TestViaticos, Version=1.0.0.0, Culture=neutral, PublicKeyToken=null" name="TestGetZonas" />
    </UnitTest>
    <UnitTest name="deberia_poder_crear_un_checkbox_con_id_segun_la_entidad" storage="c:\repositorios\fernandoassembla\sistemaweb\testviaticos\bin\debug\testviaticos.dll" id="2d0a6e94-8989-8cc3-e286-44dd8a2f688e">
      <Execution id="2a3229cd-90ed-4658-b13c-837ad7a539aa" />
      <TestMethod codeBase="C:/Repositorios/FernandoAssembla/SistemaWeb/TestViaticos/bin/Debug/TestViaticos.DLL" adapterTypeName="Microsoft.VisualStudio.TestTools.TestTypes.Unit.UnitTestAdapter, Microsoft.VisualStudio.QualityTools.Tips.UnitTest.Adapter, Version=10.0.0.0, Culture=neutral, PublicKeyToken=b03f5f7f11d50a3a" className="WebRhUITestNew.ControladorDeWebControlsTest, TestViaticos, Version=1.0.0.0, Culture=neutral, PublicKeyToken=null" name="deberia_poder_crear_un_checkbox_con_id_segun_la_entidad" />
    </UnitTest>
    <UnitTest name="no_deberia_poder_guardarse_un_documento_sin_tipo" storage="c:\repositorios\fernandoassembla\sistemaweb\testviaticos\bin\debug\testviaticos.dll" id="f1f50432-1bf0-de96-51bb-b6443df4774c">
      <Execution id="cf7c38e6-d19f-4e73-82ad-5593d1598dcd" />
      <TestMethod codeBase="C:/Repositorios/FernandoAssembla/SistemaWeb/TestViaticos/bin/Debug/TestViaticos.DLL" adapterTypeName="Microsoft.VisualStudio.TestTools.TestTypes.Unit.UnitTestAdapter, Microsoft.VisualStudio.QualityTools.Tips.UnitTest.Adapter, Version=10.0.0.0, Culture=neutral, PublicKeyToken=b03f5f7f11d50a3a" className="TestViaticos.TestRepositorioDocumentos, TestViaticos, Version=1.0.0.0, Culture=neutral, PublicKeyToken=null" name="no_deberia_poder_guardarse_un_documento_sin_tipo" />
    </UnitTest>
    <UnitTest name="deberia_devolver_la_zona_Metro_con_dos_provincias_diferentes" storage="c:\repositorios\fernandoassembla\sistemaweb\testviaticos\bin\debug\testviaticos.dll" id="18a1cd9e-1ae4-3656-14a0-ac543707a055">
      <Execution id="1566609b-4e5b-45e7-9e54-1f9c6dff50e7" />
      <TestMethod codeBase="C:/Repositorios/FernandoAssembla/SistemaWeb/TestViaticos/bin/Debug/TestViaticos.DLL" adapterTypeName="Microsoft.VisualStudio.TestTools.TestTypes.Unit.UnitTestAdapter, Microsoft.VisualStudio.QualityTools.Tips.UnitTest.Adapter, Version=10.0.0.0, Culture=neutral, PublicKeyToken=b03f5f7f11d50a3a" className="TestViaticos.TestRepositorioZonas, TestViaticos, Version=1.0.0.0, Culture=neutral, PublicKeyToken=null" name="deberia_devolver_la_zona_Metro_con_dos_provincias_diferentes" />
    </UnitTest>
    <UnitTest name="deberia_poder_obtener_el_string_de_un_chekbox" storage="c:\repositorios\fernandoassembla\sistemaweb\testviaticos\bin\debug\testviaticos.dll" id="d4034162-71c0-cb22-9a98-76a42e56e55e">
      <Execution id="5d77cd21-b1f1-490a-8321-7275445ead2f" />
      <TestMethod codeBase="C:/Repositorios/FernandoAssembla/SistemaWeb/TestViaticos/bin/Debug/TestViaticos.DLL" adapterTypeName="Microsoft.VisualStudio.TestTools.TestTypes.Unit.UnitTestAdapter, Microsoft.VisualStudio.QualityTools.Tips.UnitTest.Adapter, Version=10.0.0.0, Culture=neutral, PublicKeyToken=b03f5f7f11d50a3a" className="WebRhUITestNew.ControladorDeWebControlsTest, TestViaticos, Version=1.0.0.0, Culture=neutral, PublicKeyToken=null" name="deberia_poder_obtener_el_string_de_un_chekbox" />
    </UnitTest>
    <UnitTest name="dado_a_quiero_b" storage="c:\repositorios\fernandoassembla\sistemaweb\testviaticos\bin\debug\testviaticos.dll" id="27563a31-6c9c-c1b2-7c6f-cfbc88311e88">
      <Execution id="c015e2f4-cb6f-468d-b215-3210a78329a3" />
      <TestMethod codeBase="C:/Repositorios/FernandoAssembla/SistemaWeb/TestViaticos/bin/Debug/TestViaticos.DLL" adapterTypeName="Microsoft.VisualStudio.TestTools.TestTypes.Unit.UnitTestAdapter, Microsoft.VisualStudio.QualityTools.Tips.UnitTest.Adapter, Version=10.0.0.0, Culture=neutral, PublicKeyToken=b03f5f7f11d50a3a" className="Tests.CodigoTareaTest, TestViaticos, Version=1.0.0.0, Culture=neutral, PublicKeyToken=null" name="dado_a_quiero_b" />
    </UnitTest>
    <UnitTest name="dado_az_quiero_ba" storage="c:\repositorios\fernandoassembla\sistemaweb\testviaticos\bin\debug\testviaticos.dll" id="e9aa986f-7293-c98f-9d6b-6050f52118de">
      <Execution id="731e3549-8192-4592-a8ad-c07c6f042c5c" />
      <TestMethod codeBase="C:/Repositorios/FernandoAssembla/SistemaWeb/TestViaticos/bin/Debug/TestViaticos.DLL" adapterTypeName="Microsoft.VisualStudio.TestTools.TestTypes.Unit.UnitTestAdapter, Microsoft.VisualStudio.QualityTools.Tips.UnitTest.Adapter, Version=10.0.0.0, Culture=neutral, PublicKeyToken=b03f5f7f11d50a3a" className="Tests.CodigoTareaTest, TestViaticos, Version=1.0.0.0, Culture=neutral, PublicKeyToken=null" name="dado_az_quiero_ba" />
    </UnitTest>
    <UnitTest name="dado_un_area_quiero_obtener_todos_los_asistentes_y_sus_datos_de_contacto" storage="c:\repositorios\fernandoassembla\sistemaweb\testviaticos\bin\debug\testviaticos.dll" id="6892221f-5432-520c-a667-6f10f84f4898">
      <Execution id="43e823ce-9f6e-4974-9135-f0e15478f07f" />
      <TestMethod codeBase="C:/Repositorios/FernandoAssembla/SistemaWeb/TestViaticos/bin/Debug/TestViaticos.DLL" adapterTypeName="Microsoft.VisualStudio.TestTools.TestTypes.Unit.UnitTestAdapter, Microsoft.VisualStudio.QualityTools.Tips.UnitTest.Adapter, Version=10.0.0.0, Culture=neutral, PublicKeyToken=b03f5f7f11d50a3a" className="General.TestUsuarios, TestViaticos, Version=1.0.0.0, Culture=neutral, PublicKeyToken=null" name="dado_un_area_quiero_obtener_todos_los_asistentes_y_sus_datos_de_contacto" />
    </UnitTest>
    <UnitTest name="el_circuito_deberia_por_default_subir_por_el_organigrama" storage="c:\repositorios\fernandoassembla\sistemaweb\testviaticos\bin\debug\testviaticos.dll" id="77c82c9f-520d-04a5-8c33-19a0d6332eaa">
      <Execution id="11c6e3cd-979f-4297-be4b-ce500a94e854" />
      <TestMethod codeBase="C:/Repositorios/FernandoAssembla/SistemaWeb/TestViaticos/bin/Debug/TestViaticos.DLL" adapterTypeName="Microsoft.VisualStudio.TestTools.TestTypes.Unit.UnitTestAdapter, Microsoft.VisualStudio.QualityTools.Tips.UnitTest.Adapter, Version=10.0.0.0, Culture=neutral, PublicKeyToken=b03f5f7f11d50a3a" className="TestViaticos.TestCircuitoDeViatico, TestViaticos, Version=1.0.0.0, Culture=neutral, PublicKeyToken=null" name="el_circuito_deberia_por_default_subir_por_el_organigrama" />
    </UnitTest>
    <UnitTest name="no_deberia_permitir_pasarse_de_9" storage="c:\repositorios\fernandoassembla\sistemaweb\testviaticos\bin\debug\testviaticos.dll" id="c40af560-ccd4-15d1-681a-d268a1e88a1c">
      <Execution id="09f7b27f-b7bd-43bb-930e-0f7573193d5d" />
      <TestMethod codeBase="C:/Repositorios/FernandoAssembla/SistemaWeb/TestViaticos/bin/Debug/TestViaticos.DLL" adapterTypeName="Microsoft.VisualStudio.TestTools.TestTypes.Unit.UnitTestAdapter, Microsoft.VisualStudio.QualityTools.Tips.UnitTest.Adapter, Version=10.0.0.0, Culture=neutral, PublicKeyToken=b03f5f7f11d50a3a" className="Tests.CodigoTareaTest, TestViaticos, Version=1.0.0.0, Culture=neutral, PublicKeyToken=null" name="no_deberia_permitir_pasarse_de_9" />
    </UnitTest>
    <UnitTest name="deberia_devolver_region_METRO_con_BuenosAires_con_una_localidad_con_id_4" storage="c:\repositorios\fernandoassembla\sistemaweb\testviaticos\bin\debug\testviaticos.dll" id="b0dad42f-cacf-b7c8-3bc2-1641e13c9caa">
      <Execution id="a142bc50-1627-4088-bb4a-7fd66bd7ee4d" />
      <TestMethod codeBase="C:/Repositorios/FernandoAssembla/SistemaWeb/TestViaticos/bin/Debug/TestViaticos.DLL" adapterTypeName="Microsoft.VisualStudio.TestTools.TestTypes.Unit.UnitTestAdapter, Microsoft.VisualStudio.QualityTools.Tips.UnitTest.Adapter, Version=10.0.0.0, Culture=neutral, PublicKeyToken=b03f5f7f11d50a3a" className="TestViaticos.TestRepositorioZonas, TestViaticos, Version=1.0.0.0, Culture=neutral, PublicKeyToken=null" name="deberia_devolver_region_METRO_con_BuenosAires_con_una_localidad_con_id_4" />
    </UnitTest>
    <UnitTest name="deberia_poder_generar_una_planilla_para_un_curso_y_mes" storage="c:\repositorios\fernandoassembla\sistemaweb\testviaticos\bin\debug\testviaticos.dll" id="ff5ca805-f71b-e477-63b1-db8e8b29d28e">
      <Execution id="1d2957ee-d46e-4594-a35b-fbbeaccbd53b" />
      <TestMethod codeBase="C:/Repositorios/FernandoAssembla/SistemaWeb/TestViaticos/bin/Debug/TestViaticos.DLL" adapterTypeName="Microsoft.VisualStudio.TestTools.TestTypes.Unit.UnitTestAdapter, Microsoft.VisualStudio.QualityTools.Tips.UnitTest.Adapter, Version=10.0.0.0, Culture=neutral, PublicKeyToken=b03f5f7f11d50a3a" className="TestViaticos.TestPlanillaMensual, TestViaticos, Version=1.0.0.0, Culture=neutral, PublicKeyToken=null" name="deberia_poder_generar_una_planilla_para_un_curso_y_mes" />
    </UnitTest>
    <UnitTest name="deberia_traer_inasistencias_de_un_alumno_para_un_mes" storage="c:\repositorios\fernandoassembla\sistemaweb\testviaticos\bin\debug\testviaticos.dll" id="3667ca38-1ee0-0f59-2de9-55990d91ad13">
      <Execution id="1a7966b0-af1d-4a2b-bc27-b16e481a1f38" />
      <TestMethod codeBase="C:/Repositorios/FernandoAssembla/SistemaWeb/TestViaticos/bin/Debug/TestViaticos.DLL" adapterTypeName="Microsoft.VisualStudio.TestTools.TestTypes.Unit.UnitTestAdapter, Microsoft.VisualStudio.QualityTools.Tips.UnitTest.Adapter, Version=10.0.0.0, Culture=neutral, PublicKeyToken=b03f5f7f11d50a3a" className="TestViaticos.TestPlanillaMensual, TestViaticos, Version=1.0.0.0, Culture=neutral, PublicKeyToken=null" name="deberia_traer_inasistencias_de_un_alumno_para_un_mes" />
    </UnitTest>
    <UnitTest name="dado_un_area_quiero_saber_nombre_telefono_y_mail_de_responsable" storage="c:\repositorios\fernandoassembla\sistemaweb\testviaticos\bin\debug\testviaticos.dll" id="a8bf43a7-c593-21c5-b353-6a677fedb6e1">
      <Execution id="a10265f3-f96a-4aac-84e9-20eaba0acc87" />
      <TestMethod codeBase="C:/Repositorios/FernandoAssembla/SistemaWeb/TestViaticos/bin/Debug/TestViaticos.DLL" adapterTypeName="Microsoft.VisualStudio.TestTools.TestTypes.Unit.UnitTestAdapter, Microsoft.VisualStudio.QualityTools.Tips.UnitTest.Adapter, Version=10.0.0.0, Culture=neutral, PublicKeyToken=b03f5f7f11d50a3a" className="General.TestUsuarios, TestViaticos, Version=1.0.0.0, Culture=neutral, PublicKeyToken=null" name="dado_un_area_quiero_saber_nombre_telefono_y_mail_de_responsable" />
    </UnitTest>
    <UnitTest name="deberia_agregar_una_asistencia_a_un_alumno_para_una_planilla_que_esta_en_un_curso" storage="c:\repositorios\fernandoassembla\sistemaweb\testviaticos\bin\debug\testviaticos.dll" id="6f525a40-dadd-7cc4-eb37-95f1d91a14c9">
      <Execution id="10c405d6-3d63-453d-9afb-b2928a2ab0c2" />
      <TestMethod codeBase="C:/Repositorios/FernandoAssembla/SistemaWeb/TestViaticos/bin/Debug/TestViaticos.DLL" adapterTypeName="Microsoft.VisualStudio.TestTools.TestTypes.Unit.UnitTestAdapter, Microsoft.VisualStudio.QualityTools.Tips.UnitTest.Adapter, Version=10.0.0.0, Culture=neutral, PublicKeyToken=b03f5f7f11d50a3a" className="TestViaticos.TestPlanillaMensual, TestViaticos, Version=1.0.0.0, Culture=neutral, PublicKeyToken=null" name="deberia_agregar_una_asistencia_a_un_alumno_para_una_planilla_que_esta_en_un_curso" />
    </UnitTest>
    <UnitTest name="deberia_poder_obtener_todos_los_documentos" storage="c:\repositorios\fernandoassembla\sistemaweb\testviaticos\bin\debug\testviaticos.dll" id="38a50315-78cc-f677-cc67-a33e14f1587e">
      <Execution id="ae0f1d38-2d82-4337-911b-cdb4b73c1372" />
      <TestMethod codeBase="C:/Repositorios/FernandoAssembla/SistemaWeb/TestViaticos/bin/Debug/TestViaticos.DLL" adapterTypeName="Microsoft.VisualStudio.TestTools.TestTypes.Unit.UnitTestAdapter, Microsoft.VisualStudio.QualityTools.Tips.UnitTest.Adapter, Version=10.0.0.0, Culture=neutral, PublicKeyToken=b03f5f7f11d50a3a" className="TestViaticos.TestRepositorioDocumentos, TestViaticos, Version=1.0.0.0, Culture=neutral, PublicKeyToken=null" name="deberia_poder_obtener_todos_los_documentos" />
    </UnitTest>
    <UnitTest name="deberia_traer_las_personas_que_mas_solicitaron_viaticos_en_011012_261012" storage="c:\repositorios\fernandoassembla\sistemaweb\testviaticos\bin\debug\testviaticos.dll" id="2ba1906f-7dc1-cbb6-5d44-2eaa074ee001">
      <Execution id="44de049f-9a2f-48a6-a674-464a15ddc1b3" />
      <TestMethod codeBase="C:/Repositorios/FernandoAssembla/SistemaWeb/TestViaticos/bin/Debug/TestViaticos.DLL" adapterTypeName="Microsoft.VisualStudio.TestTools.TestTypes.Unit.UnitTestAdapter, Microsoft.VisualStudio.QualityTools.Tips.UnitTest.Adapter, Version=10.0.0.0, Culture=neutral, PublicKeyToken=b03f5f7f11d50a3a" className="TestViaticos.TestConsultas, TestViaticos, Version=1.0.0.0, Culture=neutral, PublicKeyToken=null" name="deberia_traer_las_personas_que_mas_solicitaron_viaticos_en_011012_261012" />
    </UnitTest>
    <UnitTest name="Un_organigrama_deberia_poder_decirme_cual_es_el_area_superior_de_un_area_dada" storage="c:\repositorios\fernandoassembla\sistemaweb\testviaticos\bin\debug\testviaticos.dll" id="d5acc190-8ff6-3621-55ca-bde560b60f80">
      <Execution id="2f132752-00ca-49f0-8507-640efaa94426" />
      <TestMethod codeBase="C:/Repositorios/FernandoAssembla/SistemaWeb/TestViaticos/bin/Debug/TestViaticos.DLL" adapterTypeName="Microsoft.VisualStudio.TestTools.TestTypes.Unit.UnitTestAdapter, Microsoft.VisualStudio.QualityTools.Tips.UnitTest.Adapter, Version=10.0.0.0, Culture=neutral, PublicKeyToken=b03f5f7f11d50a3a" className="TestViaticos.TestOrganigrama, TestViaticos, Version=1.0.0.0, Culture=neutral, PublicKeyToken=null" name="Un_organigrama_deberia_poder_decirme_cual_es_el_area_superior_de_un_area_dada" />
    </UnitTest>
    <UnitTest name="Un_organigrama_deberia_poder_decirme_todas_las_areas_que_son_superiores_a_un_area_dada" storage="c:\repositorios\fernandoassembla\sistemaweb\testviaticos\bin\debug\testviaticos.dll" id="8464698d-61d5-d408-819d-53311ef832f8">
      <Execution id="649baeab-5e98-4e51-9a54-a47d7dfee7a5" />
      <TestMethod codeBase="C:/Repositorios/FernandoAssembla/SistemaWeb/TestViaticos/bin/Debug/TestViaticos.DLL" adapterTypeName="Microsoft.VisualStudio.TestTools.TestTypes.Unit.UnitTestAdapter, Microsoft.VisualStudio.QualityTools.Tips.UnitTest.Adapter, Version=10.0.0.0, Culture=neutral, PublicKeyToken=b03f5f7f11d50a3a" className="TestViaticos.TestOrganigrama, TestViaticos, Version=1.0.0.0, Culture=neutral, PublicKeyToken=null" name="Un_organigrama_deberia_poder_decirme_todas_las_areas_que_son_superiores_a_un_area_dada" />
    </UnitTest>
    <UnitTest name="Un_organigrama_deberia_poder_decirme_todas_las_areas_inferiores_inmediatas_a_un_area_dada" storage="c:\repositorios\fernandoassembla\sistemaweb\testviaticos\bin\debug\testviaticos.dll" id="bb759e7e-2161-1c79-ee60-b7766df2bd3f">
      <Execution id="3470387f-31ec-4ba7-8b19-71a71c91f26c" />
      <TestMethod codeBase="C:/Repositorios/FernandoAssembla/SistemaWeb/TestViaticos/bin/Debug/TestViaticos.DLL" adapterTypeName="Microsoft.VisualStudio.TestTools.TestTypes.Unit.UnitTestAdapter, Microsoft.VisualStudio.QualityTools.Tips.UnitTest.Adapter, Version=10.0.0.0, Culture=neutral, PublicKeyToken=b03f5f7f11d50a3a" className="TestViaticos.TestOrganigrama, TestViaticos, Version=1.0.0.0, Culture=neutral, PublicKeyToken=null" name="Un_organigrama_deberia_poder_decirme_todas_las_areas_inferiores_inmediatas_a_un_area_dada" />
    </UnitTest>
    <UnitTest name="Un_organigrama_deberia_poder_decirme_todas_las_areas_inferiores_inmediatas_a_un_area_dada_con_muchas_areas" storage="c:\repositorios\fernandoassembla\sistemaweb\testviaticos\bin\debug\testviaticos.dll" id="68c724fc-1912-d9ac-d786-b1e6bb6c0994">
      <Execution id="c8c15821-f5af-4009-ba78-5294efa90b31" />
      <TestMethod codeBase="C:/Repositorios/FernandoAssembla/SistemaWeb/TestViaticos/bin/Debug/TestViaticos.DLL" adapterTypeName="Microsoft.VisualStudio.TestTools.TestTypes.Unit.UnitTestAdapter, Microsoft.VisualStudio.QualityTools.Tips.UnitTest.Adapter, Version=10.0.0.0, Culture=neutral, PublicKeyToken=b03f5f7f11d50a3a" className="TestViaticos.TestOrganigrama, TestViaticos, Version=1.0.0.0, Culture=neutral, PublicKeyToken=null" name="Un_organigrama_deberia_poder_decirme_todas_las_areas_inferiores_inmediatas_a_un_area_dada_con_muchas_areas" />
    </UnitTest>
    <UnitTest name="deberia_devolver_Buenos_Aires_con_dos_localidades" storage="c:\repositorios\fernandoassembla\sistemaweb\testviaticos\bin\debug\testviaticos.dll" id="d3eb6b18-b89c-308d-2472-f70947e6c57b">
      <Execution id="6092d0ab-131b-4996-8537-90b5d399ea83" />
      <TestMethod codeBase="C:/Repositorios/FernandoAssembla/SistemaWeb/TestViaticos/bin/Debug/TestViaticos.DLL" adapterTypeName="Microsoft.VisualStudio.TestTools.TestTypes.Unit.UnitTestAdapter, Microsoft.VisualStudio.QualityTools.Tips.UnitTest.Adapter, Version=10.0.0.0, Culture=neutral, PublicKeyToken=b03f5f7f11d50a3a" className="TestViaticos.TestRepositorioZonas, TestViaticos, Version=1.0.0.0, Culture=neutral, PublicKeyToken=null" name="deberia_devolver_Buenos_Aires_con_dos_localidades" />
    </UnitTest>
    <UnitTest name="no_se_debe_permitir_crear_un_organigrama_donde_un_hijo_tenga_dos_areas_padres" storage="c:\repositorios\fernandoassembla\sistemaweb\testviaticos\bin\debug\testviaticos.dll" id="74b1b58c-e814-5670-35a0-d1446a9967fd">
      <Execution id="f26a82e2-a64e-41be-9272-57d41630eebc" />
      <TestMethod codeBase="C:/Repositorios/FernandoAssembla/SistemaWeb/TestViaticos/bin/Debug/TestViaticos.DLL" adapterTypeName="Microsoft.VisualStudio.TestTools.TestTypes.Unit.UnitTestAdapter, Microsoft.VisualStudio.QualityTools.Tips.UnitTest.Adapter, Version=10.0.0.0, Culture=neutral, PublicKeyToken=b03f5f7f11d50a3a" className="TestViaticos.TestOrganigrama, TestViaticos, Version=1.0.0.0, Culture=neutral, PublicKeyToken=null" name="no_se_debe_permitir_crear_un_organigrama_donde_un_hijo_tenga_dos_areas_padres" />
    </UnitTest>
    <UnitTest name="no_deberia_poder_guardarse_un_documento_sin_categoria" storage="c:\repositorios\fernandoassembla\sistemaweb\testviaticos\bin\debug\testviaticos.dll" id="219a2093-b6f2-f229-ae69-0108da5c2d8d">
      <Execution id="3636e077-6652-4a71-b610-4105c908756c" />
      <TestMethod codeBase="C:/Repositorios/FernandoAssembla/SistemaWeb/TestViaticos/bin/Debug/TestViaticos.DLL" adapterTypeName="Microsoft.VisualStudio.TestTools.TestTypes.Unit.UnitTestAdapter, Microsoft.VisualStudio.QualityTools.Tips.UnitTest.Adapter, Version=10.0.0.0, Culture=neutral, PublicKeyToken=b03f5f7f11d50a3a" className="TestViaticos.TestRepositorioDocumentos, TestViaticos, Version=1.0.0.0, Culture=neutral, PublicKeyToken=null" name="no_deberia_poder_guardarse_un_documento_sin_categoria" />
    </UnitTest>
    <UnitTest name="cuando_se_solicita_la_lista_de_todas_las_áreas_superiores_de_un_área_debe_devolver_una_lista_vacía" storage="c:\repositorios\fernandoassembla\sistemaweb\testviaticos\bin\debug\testviaticos.dll" id="477414b1-9ac6-06f2-392d-c549405cd3f3">
      <Execution id="36fb4d0c-f917-4b22-8cc4-22732a16990d" />
      <TestMethod codeBase="C:/Repositorios/FernandoAssembla/SistemaWeb/TestViaticos/bin/Debug/TestViaticos.DLL" adapterTypeName="Microsoft.VisualStudio.TestTools.TestTypes.Unit.UnitTestAdapter, Microsoft.VisualStudio.QualityTools.Tips.UnitTest.Adapter, Version=10.0.0.0, Culture=neutral, PublicKeyToken=b03f5f7f11d50a3a" className="TestViaticos.TestOrganigrama, TestViaticos, Version=1.0.0.0, Culture=neutral, PublicKeyToken=null" name="cuando_se_solicita_la_lista_de_todas_las_áreas_superiores_de_un_área_debe_devolver_una_lista_vacía" />
    </UnitTest>
    <UnitTest name="deberia_crear_una_tabla_con_id" storage="c:\repositorios\fernandoassembla\sistemaweb\testviaticos\bin\debug\testviaticos.dll" id="e454c39b-e973-6bea-bc19-3dd352fe2860">
      <Execution id="6bd4025f-7535-4d28-a4e1-11ca996cb9a0" />
      <TestMethod codeBase="C:/Repositorios/FernandoAssembla/SistemaWeb/TestViaticos/bin/Debug/TestViaticos.DLL" adapterTypeName="Microsoft.VisualStudio.TestTools.TestTypes.Unit.UnitTestAdapter, Microsoft.VisualStudio.QualityTools.Tips.UnitTest.Adapter, Version=10.0.0.0, Culture=neutral, PublicKeyToken=b03f5f7f11d50a3a" className="TestViaticos.TestTablasFake, TestViaticos, Version=1.0.0.0, Culture=neutral, PublicKeyToken=null" name="deberia_crear_una_tabla_con_id" />
    </UnitTest>
    <UnitTest name="al_solicitarle_las_areas_inferiores_al_area_de_Marta_debe_traer_solo_la_de_Faby" storage="c:\repositorios\fernandoassembla\sistemaweb\testviaticos\bin\debug\testviaticos.dll" id="44b05242-b475-4635-6cec-78ec052b2688">
      <Execution id="9690ccbd-20d0-44cf-ab05-69a5d97fa9bb" />
      <TestMethod codeBase="C:/Repositorios/FernandoAssembla/SistemaWeb/TestViaticos/bin/Debug/TestViaticos.DLL" adapterTypeName="Microsoft.VisualStudio.TestTools.TestTypes.Unit.UnitTestAdapter, Microsoft.VisualStudio.QualityTools.Tips.UnitTest.Adapter, Version=10.0.0.0, Culture=neutral, PublicKeyToken=b03f5f7f11d50a3a" className="TestViaticos.TestOrganigrama, TestViaticos, Version=1.0.0.0, Culture=neutral, PublicKeyToken=null" name="al_solicitarle_las_areas_inferiores_al_area_de_Marta_debe_traer_solo_la_de_Faby" />
    </UnitTest>
    <UnitTest name="al_buscar_por_reponsable_de_area_a_Novoa_deberia_traerme_el_area_cuyo_apellido_de_responsable_es_Novoa" storage="c:\repositorios\fernandoassembla\sistemaweb\testviaticos\bin\debug\testviaticos.dll" id="e599cad1-eda4-094c-45c1-605d2f0e5702">
      <Execution id="13178916-341f-46fb-b5d3-d07ad10992c2" />
      <TestMethod codeBase="C:/Repositorios/FernandoAssembla/SistemaWeb/TestViaticos/bin/Debug/TestViaticos.DLL" adapterTypeName="Microsoft.VisualStudio.TestTools.TestTypes.Unit.UnitTestAdapter, Microsoft.VisualStudio.QualityTools.Tips.UnitTest.Adapter, Version=10.0.0.0, Culture=neutral, PublicKeyToken=b03f5f7f11d50a3a" className="General.TestProtocolo, TestViaticos, Version=1.0.0.0, Culture=neutral, PublicKeyToken=null" name="al_buscar_por_reponsable_de_area_a_Novoa_deberia_traerme_el_area_cuyo_apellido_de_responsable_es_Novoa" />
    </UnitTest>
    <UnitTest name="dado_aaa999_debe_ser_aab000" storage="c:\repositorios\fernandoassembla\sistemaweb\testviaticos\bin\debug\testviaticos.dll" id="4bc081ab-bd87-c7e6-2e9a-ea9029e80e8b">
      <Execution id="268f8810-52a3-4752-9ed1-1ad7359b9c03" />
      <TestMethod codeBase="C:/Repositorios/FernandoAssembla/SistemaWeb/TestViaticos/bin/Debug/TestViaticos.DLL" adapterTypeName="Microsoft.VisualStudio.TestTools.TestTypes.Unit.UnitTestAdapter, Microsoft.VisualStudio.QualityTools.Tips.UnitTest.Adapter, Version=10.0.0.0, Culture=neutral, PublicKeyToken=b03f5f7f11d50a3a" className="Tests.CodigoTareaTest, TestViaticos, Version=1.0.0.0, Culture=neutral, PublicKeyToken=null" name="dado_aaa999_debe_ser_aab000" />
    </UnitTest>
    <UnitTest name="se_puede_crear_un_organigrama_con_forma_de_arbol_de_dos_pisos" storage="c:\repositorios\fernandoassembla\sistemaweb\testviaticos\bin\debug\testviaticos.dll" id="7a945366-5dc8-bde8-17f1-4ebf2f832448">
      <Execution id="cfd598fa-6966-46d8-ad32-2a39c7375d0e" />
      <TestMethod codeBase="C:/Repositorios/FernandoAssembla/SistemaWeb/TestViaticos/bin/Debug/TestViaticos.DLL" adapterTypeName="Microsoft.VisualStudio.TestTools.TestTypes.Unit.UnitTestAdapter, Microsoft.VisualStudio.QualityTools.Tips.UnitTest.Adapter, Version=10.0.0.0, Culture=neutral, PublicKeyToken=b03f5f7f11d50a3a" className="TestViaticos.TestOrganigrama, TestViaticos, Version=1.0.0.0, Culture=neutral, PublicKeyToken=null" name="se_puede_crear_un_organigrama_con_forma_de_arbol_de_dos_pisos" />
    </UnitTest>
    <UnitTest name="deberia_poder_validar_si_un_objeto_no_esta_en_una_coleccion" storage="c:\repositorios\fernandoassembla\sistemaweb\testviaticos\bin\debug\testviaticos.dll" id="757e1e4a-ca0e-7dc8-c1f0-7e6c91ba8ea0">
      <Execution id="389d863c-786e-4b3a-abf3-e821d3cb797b" />
      <TestMethod codeBase="C:/Repositorios/FernandoAssembla/SistemaWeb/TestViaticos/bin/Debug/TestViaticos.DLL" adapterTypeName="Microsoft.VisualStudio.TestTools.TestTypes.Unit.UnitTestAdapter, Microsoft.VisualStudio.QualityTools.Tips.UnitTest.Adapter, Version=10.0.0.0, Culture=neutral, PublicKeyToken=b03f5f7f11d50a3a" className="TestViaticos.TestValidador, TestViaticos, Version=1.0.0.0, Culture=neutral, PublicKeyToken=null" name="deberia_poder_validar_si_un_objeto_no_esta_en_una_coleccion" />
    </UnitTest>
    <UnitTest name="dado_un_curso_que_se_cursa_lunes_y_jueves_cuando_le_pregunto_cuantos_dias_de_cursada_hay_en_la_primer_quincena_de_enero_me_dice_4" storage="c:\repositorios\fernandoassembla\sistemaweb\testviaticos\bin\debug\testviaticos.dll" id="53e1544f-a9d2-75aa-fac6-a61041be5fb7">
      <Execution id="9ea3154d-015f-4214-8f8c-065ec2be545a" />
      <TestMethod codeBase="C:/Repositorios/FernandoAssembla/SistemaWeb/TestViaticos/bin/Debug/TestViaticos.DLL" adapterTypeName="Microsoft.VisualStudio.TestTools.TestTypes.Unit.UnitTestAdapter, Microsoft.VisualStudio.QualityTools.Tips.UnitTest.Adapter, Version=10.0.0.0, Culture=neutral, PublicKeyToken=b03f5f7f11d50a3a" className="TestViaticos.TestCalendarioDeCurso, TestViaticos, Version=1.0.0.0, Culture=neutral, PublicKeyToken=null" name="dado_un_curso_que_se_cursa_lunes_y_jueves_cuando_le_pregunto_cuantos_dias_de_cursada_hay_en_la_primer_quincena_de_enero_me_dice_4" />
    </UnitTest>
    <UnitTest name="deberia_agregar_una_inasistencia_a_un_alumno_para_una_planilla_que_esta_en_un_curso" storage="c:\repositorios\fernandoassembla\sistemaweb\testviaticos\bin\debug\testviaticos.dll" id="fe21a7fe-170b-9452-5951-05d7fa59464e">
      <Execution id="d161f70d-640c-4e51-b477-0060747664f9" />
      <TestMethod codeBase="C:/Repositorios/FernandoAssembla/SistemaWeb/TestViaticos/bin/Debug/TestViaticos.DLL" adapterTypeName="Microsoft.VisualStudio.TestTools.TestTypes.Unit.UnitTestAdapter, Microsoft.VisualStudio.QualityTools.Tips.UnitTest.Adapter, Version=10.0.0.0, Culture=neutral, PublicKeyToken=b03f5f7f11d50a3a" className="TestViaticos.TestPlanillaMensual, TestViaticos, Version=1.0.0.0, Culture=neutral, PublicKeyToken=null" name="deberia_agregar_una_inasistencia_a_un_alumno_para_una_planilla_que_esta_en_un_curso" />
    </UnitTest>
    <UnitTest name="deberia_poder_decirle_a_un_repositorio_que_use_una_conexion_que_no_devuelve_nada" storage="c:\repositorios\fernandoassembla\sistemaweb\testviaticos\bin\debug\testviaticos.dll" id="46d9bce1-2d0e-1aa8-e89e-b40f37783359">
      <Execution id="1b4e412d-6ef1-4686-af29-81fc1510810c" />
      <TestMethod codeBase="C:/Repositorios/FernandoAssembla/SistemaWeb/TestViaticos/bin/Debug/TestViaticos.DLL" adapterTypeName="Microsoft.VisualStudio.TestTools.TestTypes.Unit.UnitTestAdapter, Microsoft.VisualStudio.QualityTools.Tips.UnitTest.Adapter, Version=10.0.0.0, Culture=neutral, PublicKeyToken=b03f5f7f11d50a3a" className="TestViaticos.TestRepositorioOrganigramas, TestViaticos, Version=1.0.0.0, Culture=neutral, PublicKeyToken=null" name="deberia_poder_decirle_a_un_repositorio_que_use_una_conexion_que_no_devuelve_nada" />
    </UnitTest>
    <UnitTest name="deberia_poder_agregarle_cabeceras_de_columna_a_una_tabla" storage="c:\repositorios\fernandoassembla\sistemaweb\testviaticos\bin\debug\testviaticos.dll" id="27e6cdd1-0452-1cb1-16c4-7576bb6d0538">
      <Execution id="1ee706f3-9499-43ef-ba19-3ed53d14d33e" />
      <TestMethod codeBase="C:/Repositorios/FernandoAssembla/SistemaWeb/TestViaticos/bin/Debug/TestViaticos.DLL" adapterTypeName="Microsoft.VisualStudio.TestTools.TestTypes.Unit.UnitTestAdapter, Microsoft.VisualStudio.QualityTools.Tips.UnitTest.Adapter, Version=10.0.0.0, Culture=neutral, PublicKeyToken=b03f5f7f11d50a3a" className="WebRhUITestNew.TestRenderizadorDeTablas, TestViaticos, Version=1.0.0.0, Culture=neutral, PublicKeyToken=null" name="deberia_poder_agregarle_cabeceras_de_columna_a_una_tabla" />
    </UnitTest>
    <UnitTest name="no_deberia_traer_inasistencias_de_un_alumno_que_no_falto" storage="c:\repositorios\fernandoassembla\sistemaweb\testviaticos\bin\debug\testviaticos.dll" id="94211d25-4f01-6a4f-21c4-290dd165eb14">
      <Execution id="55b13077-e8aa-4258-9456-25d050d2d782" />
      <TestMethod codeBase="C:/Repositorios/FernandoAssembla/SistemaWeb/TestViaticos/bin/Debug/TestViaticos.DLL" adapterTypeName="Microsoft.VisualStudio.TestTools.TestTypes.Unit.UnitTestAdapter, Microsoft.VisualStudio.QualityTools.Tips.UnitTest.Adapter, Version=10.0.0.0, Culture=neutral, PublicKeyToken=b03f5f7f11d50a3a" className="TestViaticos.TestPlanillaMensual, TestViaticos, Version=1.0.0.0, Culture=neutral, PublicKeyToken=null" name="no_deberia_traer_inasistencias_de_un_alumno_que_no_falto" />
    </UnitTest>
    <UnitTest name="dada_un_area__con_3_asistentes_deberia_obtener_en_una_unica_area_unico_registro_y_los_3_asistentes_incluido_en_el_area" storage="c:\repositorios\fernandoassembla\sistemaweb\testviaticos\bin\debug\testviaticos.dll" id="03a6a885-b427-a1c0-9f18-eab8c39d83dc">
      <Execution id="492a6fb6-07e1-4377-a313-e30e5545a189" />
      <TestMethod codeBase="C:/Repositorios/FernandoAssembla/SistemaWeb/TestViaticos/bin/Debug/TestViaticos.DLL" adapterTypeName="Microsoft.VisualStudio.TestTools.TestTypes.Unit.UnitTestAdapter, Microsoft.VisualStudio.QualityTools.Tips.UnitTest.Adapter, Version=10.0.0.0, Culture=neutral, PublicKeyToken=b03f5f7f11d50a3a" className="General.TestUsuarios, TestViaticos, Version=1.0.0.0, Culture=neutral, PublicKeyToken=null" name="dada_un_area__con_3_asistentes_deberia_obtener_en_una_unica_area_unico_registro_y_los_3_asistentes_incluido_en_el_area" />
    </UnitTest>
    <UnitTest name="deberia_poder_validar_si_un_objeto_es_nulo" storage="c:\repositorios\fernandoassembla\sistemaweb\testviaticos\bin\debug\testviaticos.dll" id="2ddded08-79a3-ad3a-b587-dfc68dd5b5f5">
      <Execution id="918c6056-a7ca-4f98-86c8-c698e7c99286" />
      <TestMethod codeBase="C:/Repositorios/FernandoAssembla/SistemaWeb/TestViaticos/bin/Debug/TestViaticos.DLL" adapterTypeName="Microsoft.VisualStudio.TestTools.TestTypes.Unit.UnitTestAdapter, Microsoft.VisualStudio.QualityTools.Tips.UnitTest.Adapter, Version=10.0.0.0, Culture=neutral, PublicKeyToken=b03f5f7f11d50a3a" className="TestViaticos.TestValidador, TestViaticos, Version=1.0.0.0, Culture=neutral, PublicKeyToken=null" name="deberia_poder_validar_si_un_objeto_es_nulo" />
    </UnitTest>
    <UnitTest name="no_deberia_cargar_una_inasistencia_a_un_alumno_que_no_esta_en_un_curso" storage="c:\repositorios\fernandoassembla\sistemaweb\testviaticos\bin\debug\testviaticos.dll" id="78a9f8b3-1879-e741-9ade-1dee019c141b">
      <Execution id="e06162c9-7713-4da2-acfe-de91bfd8089f" />
      <TestMethod codeBase="C:/Repositorios/FernandoAssembla/SistemaWeb/TestViaticos/bin/Debug/TestViaticos.DLL" adapterTypeName="Microsoft.VisualStudio.TestTools.TestTypes.Unit.UnitTestAdapter, Microsoft.VisualStudio.QualityTools.Tips.UnitTest.Adapter, Version=10.0.0.0, Culture=neutral, PublicKeyToken=b03f5f7f11d50a3a" className="TestViaticos.TestPlanillaMensual, TestViaticos, Version=1.0.0.0, Culture=neutral, PublicKeyToken=null" name="no_deberia_cargar_una_inasistencia_a_un_alumno_que_no_esta_en_un_curso" />
    </UnitTest>
    <UnitTest name="deberia_poder_guardar_una_transicion_nueva" storage="c:\repositorios\fernandoassembla\sistemaweb\testviaticos\bin\debug\testviaticos.dll" id="ddde0ed2-12a5-9bf8-2fdd-b32f11508a59">
      <Execution id="f2300215-5e1d-4c6e-85ba-77be2f5f469c" />
      <TestMethod codeBase="C:/Repositorios/FernandoAssembla/SistemaWeb/TestViaticos/bin/Debug/TestViaticos.DLL" adapterTypeName="Microsoft.VisualStudio.TestTools.TestTypes.Unit.UnitTestAdapter, Microsoft.VisualStudio.QualityTools.Tips.UnitTest.Adapter, Version=10.0.0.0, Culture=neutral, PublicKeyToken=b03f5f7f11d50a3a" className="TestViaticos.TestMensajeria, TestViaticos, Version=1.0.0.0, Culture=neutral, PublicKeyToken=null" name="deberia_poder_guardar_una_transicion_nueva" />
    </UnitTest>
    <UnitTest name="deberia_traer_4_areas_con_los_datos_de_contacto_de_la_mismas" storage="c:\repositorios\fernandoassembla\sistemaweb\testviaticos\bin\debug\testviaticos.dll" id="33728143-431e-2f80-b4cd-e190171f9673">
      <Execution id="37bc1b6c-f127-4c07-9b89-40777ad43a43" />
      <TestMethod codeBase="C:/Repositorios/FernandoAssembla/SistemaWeb/TestViaticos/bin/Debug/TestViaticos.DLL" adapterTypeName="Microsoft.VisualStudio.TestTools.TestTypes.Unit.UnitTestAdapter, Microsoft.VisualStudio.QualityTools.Tips.UnitTest.Adapter, Version=10.0.0.0, Culture=neutral, PublicKeyToken=b03f5f7f11d50a3a" className="General.TestUsuarios, TestViaticos, Version=1.0.0.0, Culture=neutral, PublicKeyToken=null" name="deberia_traer_4_areas_con_los_datos_de_contacto_de_la_mismas" />
    </UnitTest>
    <UnitTest name="al_buscar_en_una_lista_de_áreas_un_email_devuelve_dos_emails__uno_de_asistente_y_otro_de_area__que_contienen_el_texto_buscado" storage="c:\repositorios\fernandoassembla\sistemaweb\testviaticos\bin\debug\testviaticos.dll" id="64afcefc-8af6-fc70-4ea7-766fc65f6c46">
      <Execution id="75ec1f6f-98c2-4f72-a017-a3063af47000" />
      <TestMethod codeBase="C:/Repositorios/FernandoAssembla/SistemaWeb/TestViaticos/bin/Debug/TestViaticos.DLL" adapterTypeName="Microsoft.VisualStudio.TestTools.TestTypes.Unit.UnitTestAdapter, Microsoft.VisualStudio.QualityTools.Tips.UnitTest.Adapter, Version=10.0.0.0, Culture=neutral, PublicKeyToken=b03f5f7f11d50a3a" className="General.TestProtocolo, TestViaticos, Version=1.0.0.0, Culture=neutral, PublicKeyToken=null" name="al_buscar_en_una_lista_de_áreas_un_email_devuelve_dos_emails__uno_de_asistente_y_otro_de_area__que_contienen_el_texto_buscado" />
    </UnitTest>
    <UnitTest name="al_buscar_por_una_palabra_del_extracto_del_documento_debe_traer_todos_los_documentos_que_cumplen_con_ello" storage="c:\repositorios\fernandoassembla\sistemaweb\testviaticos\bin\debug\testviaticos.dll" id="cff26abc-fddb-ef75-0bf4-49cf50880ca7">
      <Execution id="d42fe556-214d-406c-8b00-5cc86c65e0b3" />
      <TestMethod codeBase="C:/Repositorios/FernandoAssembla/SistemaWeb/TestViaticos/bin/Debug/TestViaticos.DLL" adapterTypeName="Microsoft.VisualStudio.TestTools.TestTypes.Unit.UnitTestAdapter, Microsoft.VisualStudio.QualityTools.Tips.UnitTest.Adapter, Version=10.0.0.0, Culture=neutral, PublicKeyToken=b03f5f7f11d50a3a" className="General.TestFiltroSiCoI, TestViaticos, Version=1.0.0.0, Culture=neutral, PublicKeyToken=null" name="al_buscar_por_una_palabra_del_extracto_del_documento_debe_traer_todos_los_documentos_que_cumplen_con_ello" />
    </UnitTest>
    <UnitTest name="deberia_poder_validar_si_un_id_es_valido" storage="c:\repositorios\fernandoassembla\sistemaweb\testviaticos\bin\debug\testviaticos.dll" id="91497819-ba2a-f2e9-9418-b935f4653def">
      <Execution id="5d268f34-8b58-4ba9-a9f0-1ea1caae8c1e" />
      <TestMethod codeBase="C:/Repositorios/FernandoAssembla/SistemaWeb/TestViaticos/bin/Debug/TestViaticos.DLL" adapterTypeName="Microsoft.VisualStudio.TestTools.TestTypes.Unit.UnitTestAdapter, Microsoft.VisualStudio.QualityTools.Tips.UnitTest.Adapter, Version=10.0.0.0, Culture=neutral, PublicKeyToken=b03f5f7f11d50a3a" className="TestViaticos.TestValidador, TestViaticos, Version=1.0.0.0, Culture=neutral, PublicKeyToken=null" name="deberia_poder_validar_si_un_id_es_valido" />
    </UnitTest>
    <UnitTest name="al_buscar_por_una_categoria_de_documento_debe_traer_todos_los_documentos_que_cumplen_con_ello" storage="c:\repositorios\fernandoassembla\sistemaweb\testviaticos\bin\debug\testviaticos.dll" id="5b690971-fd71-4f11-40a9-1c85ffb21c38">
      <Execution id="1e5b0e79-54f3-4363-9a4f-bd88fbf8eba4" />
      <TestMethod codeBase="C:/Repositorios/FernandoAssembla/SistemaWeb/TestViaticos/bin/Debug/TestViaticos.DLL" adapterTypeName="Microsoft.VisualStudio.TestTools.TestTypes.Unit.UnitTestAdapter, Microsoft.VisualStudio.QualityTools.Tips.UnitTest.Adapter, Version=10.0.0.0, Culture=neutral, PublicKeyToken=b03f5f7f11d50a3a" className="General.TestFiltroSiCoI, TestViaticos, Version=1.0.0.0, Culture=neutral, PublicKeyToken=null" name="al_buscar_por_una_categoria_de_documento_debe_traer_todos_los_documentos_que_cumplen_con_ello" />
    </UnitTest>
    <UnitTest name="deberia_poder_obtener_el_string_de_un_link_en_imagen_de_las_entidades_seleccionadas" storage="c:\repositorios\fernandoassembla\sistemaweb\testviaticos\bin\debug\testviaticos.dll" id="f01f9398-de8a-e114-4944-4c3877e413a9">
      <Execution id="1d2f5282-baba-4e45-946d-fd36b7c99aeb" />
      <TestMethod codeBase="C:/Repositorios/FernandoAssembla/SistemaWeb/TestViaticos/bin/Debug/TestViaticos.DLL" adapterTypeName="Microsoft.VisualStudio.TestTools.TestTypes.Unit.UnitTestAdapter, Microsoft.VisualStudio.QualityTools.Tips.UnitTest.Adapter, Version=10.0.0.0, Culture=neutral, PublicKeyToken=b03f5f7f11d50a3a" className="WebRhUITestNew.ControladorDeWebControlsTest, TestViaticos, Version=1.0.0.0, Culture=neutral, PublicKeyToken=null" name="deberia_poder_obtener_el_string_de_un_link_en_imagen_de_las_entidades_seleccionadas" />
    </UnitTest>
    <UnitTest name="usuario_mesa_entrada_deberia_tener_solo_acceso_a_documentos" storage="c:\repositorios\fernandoassembla\sistemaweb\testviaticos\bin\debug\testviaticos.dll" id="de307af2-1c44-a9c2-0624-80b438a3400b">
      <Execution id="53a4febb-04c5-4216-b49d-0aad65a0c016" />
      <TestMethod codeBase="C:/Repositorios/FernandoAssembla/SistemaWeb/TestViaticos/bin/Debug/TestViaticos.DLL" adapterTypeName="Microsoft.VisualStudio.TestTools.TestTypes.Unit.UnitTestAdapter, Microsoft.VisualStudio.QualityTools.Tips.UnitTest.Adapter, Version=10.0.0.0, Culture=neutral, PublicKeyToken=b03f5f7f11d50a3a" className="TestViaticos.TestRepositorioUsuarios, TestViaticos, Version=1.0.0.0, Culture=neutral, PublicKeyToken=null" name="usuario_mesa_entrada_deberia_tener_solo_acceso_a_documentos" />
    </UnitTest>
    <UnitTest name="deberia_poder_crear_un_organigrama_lineal_con_cuatro_areas" storage="c:\repositorios\fernandoassembla\sistemaweb\testviaticos\bin\debug\testviaticos.dll" id="06dca5fe-5ce6-35f4-b6c7-96dea566a67f">
      <Execution id="1727a47e-7f4e-4868-8ae6-206422014ff8" />
      <TestMethod codeBase="C:/Repositorios/FernandoAssembla/SistemaWeb/TestViaticos/bin/Debug/TestViaticos.DLL" adapterTypeName="Microsoft.VisualStudio.TestTools.TestTypes.Unit.UnitTestAdapter, Microsoft.VisualStudio.QualityTools.Tips.UnitTest.Adapter, Version=10.0.0.0, Culture=neutral, PublicKeyToken=b03f5f7f11d50a3a" className="TestViaticos.TestOrganigrama, TestViaticos, Version=1.0.0.0, Culture=neutral, PublicKeyToken=null" name="deberia_poder_crear_un_organigrama_lineal_con_cuatro_areas" />
    </UnitTest>
    <UnitTest name="fabian_deberia_tener_un_area_con_solo_un_asistente" storage="c:\repositorios\fernandoassembla\sistemaweb\testviaticos\bin\debug\testviaticos.dll" id="4a850093-e479-3127-1dc5-d67d3a9e4d1b">
      <Execution id="682c1b00-017b-4a3a-9d8c-b671b7b85a1e" />
      <TestMethod codeBase="C:/Repositorios/FernandoAssembla/SistemaWeb/TestViaticos/bin/Debug/TestViaticos.DLL" adapterTypeName="Microsoft.VisualStudio.TestTools.TestTypes.Unit.UnitTestAdapter, Microsoft.VisualStudio.QualityTools.Tips.UnitTest.Adapter, Version=10.0.0.0, Culture=neutral, PublicKeyToken=b03f5f7f11d50a3a" className="TestViaticos.TestRepositorioUsuarios, TestViaticos, Version=1.0.0.0, Culture=neutral, PublicKeyToken=null" name="fabian_deberia_tener_un_area_con_solo_un_asistente" />
    </UnitTest>
    <UnitTest name="deberia_traer_una_unica_area_con_los_datos_de_contacto_de_la_misma" storage="c:\repositorios\fernandoassembla\sistemaweb\testviaticos\bin\debug\testviaticos.dll" id="8e8c4b00-453c-ac9a-23f7-d441cdf71296">
      <Execution id="6812d036-35c6-4139-a2a8-02144b219846" />
      <TestMethod codeBase="C:/Repositorios/FernandoAssembla/SistemaWeb/TestViaticos/bin/Debug/TestViaticos.DLL" adapterTypeName="Microsoft.VisualStudio.TestTools.TestTypes.Unit.UnitTestAdapter, Microsoft.VisualStudio.QualityTools.Tips.UnitTest.Adapter, Version=10.0.0.0, Culture=neutral, PublicKeyToken=b03f5f7f11d50a3a" className="General.TestUsuarios, TestViaticos, Version=1.0.0.0, Culture=neutral, PublicKeyToken=null" name="deberia_traer_una_unica_area_con_los_datos_de_contacto_de_la_misma" />
    </UnitTest>
    <UnitTest name="al_solicitarle_las_areas_inferiores_de_Fabi_no_debe_traer_ninguna" storage="c:\repositorios\fernandoassembla\sistemaweb\testviaticos\bin\debug\testviaticos.dll" id="bf3ea6c6-ab88-4696-72a1-f31917a72c6c">
      <Execution id="c5f7b874-9b7c-4dbb-b688-70c227d77294" />
      <TestMethod codeBase="C:/Repositorios/FernandoAssembla/SistemaWeb/TestViaticos/bin/Debug/TestViaticos.DLL" adapterTypeName="Microsoft.VisualStudio.TestTools.TestTypes.Unit.UnitTestAdapter, Microsoft.VisualStudio.QualityTools.Tips.UnitTest.Adapter, Version=10.0.0.0, Culture=neutral, PublicKeyToken=b03f5f7f11d50a3a" className="TestViaticos.TestOrganigrama, TestViaticos, Version=1.0.0.0, Culture=neutral, PublicKeyToken=null" name="al_solicitarle_las_areas_inferiores_de_Fabi_no_debe_traer_ninguna" />
    </UnitTest>
    <UnitTest name="deberia_poder_guardar_un_nuevo_viatico_en_el_repositorio_de_viaticos_y_que_se_le_asigne_un_id" storage="c:\repositorios\fernandoassembla\sistemaweb\testviaticos\bin\debug\testviaticos.dll" id="e4a0643c-ded2-0a34-7284-5a78ff072139">
      <Execution id="4042c756-0652-4f25-92cd-debe7af44be4" />
      <TestMethod codeBase="C:/Repositorios/FernandoAssembla/SistemaWeb/TestViaticos/bin/Debug/TestViaticos.DLL" adapterTypeName="Microsoft.VisualStudio.TestTools.TestTypes.Unit.UnitTestAdapter, Microsoft.VisualStudio.QualityTools.Tips.UnitTest.Adapter, Version=10.0.0.0, Culture=neutral, PublicKeyToken=b03f5f7f11d50a3a" className="TestViaticos.TestRepositorioDeViaticos, TestViaticos, Version=1.0.0.0, Culture=neutral, PublicKeyToken=null" name="deberia_poder_guardar_un_nuevo_viatico_en_el_repositorio_de_viaticos_y_que_se_le_asigne_un_id" />
    </UnitTest>
    <UnitTest name="Un_organigrama_deberia_poder_decirme_todas_las_areas_inferiores_a_un_area_dada_con_una_estructura_lineal" storage="c:\repositorios\fernandoassembla\sistemaweb\testviaticos\bin\debug\testviaticos.dll" id="043dc452-5b80-2a1c-5140-d90d565722bc">
      <Execution id="d03f1b89-e86d-43cf-b6fe-0062e1ee0e27" />
      <TestMethod codeBase="C:/Repositorios/FernandoAssembla/SistemaWeb/TestViaticos/bin/Debug/TestViaticos.DLL" adapterTypeName="Microsoft.VisualStudio.TestTools.TestTypes.Unit.UnitTestAdapter, Microsoft.VisualStudio.QualityTools.Tips.UnitTest.Adapter, Version=10.0.0.0, Culture=neutral, PublicKeyToken=b03f5f7f11d50a3a" className="TestViaticos.TestOrganigrama, TestViaticos, Version=1.0.0.0, Culture=neutral, PublicKeyToken=null" name="Un_organigrama_deberia_poder_decirme_todas_las_areas_inferiores_a_un_area_dada_con_una_estructura_lineal" />
    </UnitTest>
    <UnitTest name="al_buscar_por_fecha_desde_y_fecha_hasta_debería_traer_todos_los_documentos_cuya_fecha_está_incluída_en_ese_rango" storage="c:\repositorios\fernandoassembla\sistemaweb\testviaticos\bin\debug\testviaticos.dll" id="8c631ab0-9081-f239-8e5b-8f0f7f274cb2">
      <Execution id="143cecc4-8de2-4e1a-885f-2f9b4ba170c4" />
      <TestMethod codeBase="C:/Repositorios/FernandoAssembla/SistemaWeb/TestViaticos/bin/Debug/TestViaticos.DLL" adapterTypeName="Microsoft.VisualStudio.TestTools.TestTypes.Unit.UnitTestAdapter, Microsoft.VisualStudio.QualityTools.Tips.UnitTest.Adapter, Version=10.0.0.0, Culture=neutral, PublicKeyToken=b03f5f7f11d50a3a" className="General.TestFiltroSiCoI, TestViaticos, Version=1.0.0.0, Culture=neutral, PublicKeyToken=null" name="al_buscar_por_fecha_desde_y_fecha_hasta_debería_traer_todos_los_documentos_cuya_fecha_está_incluída_en_ese_rango" />
    </UnitTest>
    <UnitTest name="deberia_crear_una_tabla_con_id_y_descripcion" storage="c:\repositorios\fernandoassembla\sistemaweb\testviaticos\bin\debug\testviaticos.dll" id="71dbce06-b24d-82d9-d3a9-b8664de5dbbb">
      <Execution id="c6ee7a79-d04a-4005-9bfe-6e296cc2c890" />
      <TestMethod codeBase="C:/Repositorios/FernandoAssembla/SistemaWeb/TestViaticos/bin/Debug/TestViaticos.DLL" adapterTypeName="Microsoft.VisualStudio.TestTools.TestTypes.Unit.UnitTestAdapter, Microsoft.VisualStudio.QualityTools.Tips.UnitTest.Adapter, Version=10.0.0.0, Culture=neutral, PublicKeyToken=b03f5f7f11d50a3a" className="TestViaticos.TestTablasFake, TestViaticos, Version=1.0.0.0, Culture=neutral, PublicKeyToken=null" name="deberia_crear_una_tabla_con_id_y_descripcion" />
    </UnitTest>
    <UnitTest name="no_se_debe_permitir_crear_un_organigrama_donde_tenga_mas_de_un_area_superior_final" storage="c:\repositorios\fernandoassembla\sistemaweb\testviaticos\bin\debug\testviaticos.dll" id="02698425-13df-8609-0cad-f65978180f81">
      <Execution id="0c00deb2-aadb-491c-8c03-d20c69861601" />
      <TestMethod codeBase="C:/Repositorios/FernandoAssembla/SistemaWeb/TestViaticos/bin/Debug/TestViaticos.DLL" adapterTypeName="Microsoft.VisualStudio.TestTools.TestTypes.Unit.UnitTestAdapter, Microsoft.VisualStudio.QualityTools.Tips.UnitTest.Adapter, Version=10.0.0.0, Culture=neutral, PublicKeyToken=b03f5f7f11d50a3a" className="TestViaticos.TestOrganigrama, TestViaticos, Version=1.0.0.0, Culture=neutral, PublicKeyToken=null" name="no_se_debe_permitir_crear_un_organigrama_donde_tenga_mas_de_un_area_superior_final" />
    </UnitTest>
    <UnitTest name="deberia_poder_obtener_un_curso_del_repositorio_de_cursos" storage="c:\repositorios\fernandoassembla\sistemaweb\testviaticos\bin\debug\testviaticos.dll" id="c564bf77-b387-e233-53e7-c5c85a463602">
      <Execution id="db22d074-5260-4f90-a5b4-f2e20371dcc3" />
      <TestMethod codeBase="C:/Repositorios/FernandoAssembla/SistemaWeb/TestViaticos/bin/Debug/TestViaticos.DLL" adapterTypeName="Microsoft.VisualStudio.TestTools.TestTypes.Unit.UnitTestAdapter, Microsoft.VisualStudio.QualityTools.Tips.UnitTest.Adapter, Version=10.0.0.0, Culture=neutral, PublicKeyToken=b03f5f7f11d50a3a" className="TestViaticos.TestRepositorioCursos, TestViaticos, Version=1.0.0.0, Culture=neutral, PublicKeyToken=null" name="deberia_poder_obtener_un_curso_del_repositorio_de_cursos" />
    </UnitTest>
    <UnitTest name="deberia_poder_validar_si_un_objeto_esta_en_una_coleccion" storage="c:\repositorios\fernandoassembla\sistemaweb\testviaticos\bin\debug\testviaticos.dll" id="6e2099d5-ff03-21ed-7c09-0bc58519434c">
      <Execution id="9e12a749-0588-44ff-a333-ec02fc3a1aa7" />
      <TestMethod codeBase="C:/Repositorios/FernandoAssembla/SistemaWeb/TestViaticos/bin/Debug/TestViaticos.DLL" adapterTypeName="Microsoft.VisualStudio.TestTools.TestTypes.Unit.UnitTestAdapter, Microsoft.VisualStudio.QualityTools.Tips.UnitTest.Adapter, Version=10.0.0.0, Culture=neutral, PublicKeyToken=b03f5f7f11d50a3a" className="TestViaticos.TestValidador, TestViaticos, Version=1.0.0.0, Culture=neutral, PublicKeyToken=null" name="deberia_poder_validar_si_un_objeto_esta_en_una_coleccion" />
    </UnitTest>
    <UnitTest name="al_buscar_por_un_numero_de_ticket__de_documento_o_parte_de_él_debe_traer_todos_los_documentos_que_cumplen_con_ello" storage="c:\repositorios\fernandoassembla\sistemaweb\testviaticos\bin\debug\testviaticos.dll" id="88eff91e-3ca2-b202-c4d3-20146aaa990f">
      <Execution id="eeedc927-9e2c-4715-acb0-8c48d1951089" />
      <TestMethod codeBase="C:/Repositorios/FernandoAssembla/SistemaWeb/TestViaticos/bin/Debug/TestViaticos.DLL" adapterTypeName="Microsoft.VisualStudio.TestTools.TestTypes.Unit.UnitTestAdapter, Microsoft.VisualStudio.QualityTools.Tips.UnitTest.Adapter, Version=10.0.0.0, Culture=neutral, PublicKeyToken=b03f5f7f11d50a3a" className="General.TestFiltroSiCoI, TestViaticos, Version=1.0.0.0, Culture=neutral, PublicKeyToken=null" name="al_buscar_por_un_numero_de_ticket__de_documento_o_parte_de_él_debe_traer_todos_los_documentos_que_cumplen_con_ello" />
    </UnitTest>
    <UnitTest name="deberia_poder_obtener_todos_los_datos_del_area_y_ver_que_estan_completos" storage="c:\repositorios\fernandoassembla\sistemaweb\testviaticos\bin\debug\testviaticos.dll" id="a44cf039-3a08-31a6-19c4-66a5660ef220">
      <Execution id="5c7f972c-447b-437a-ba2b-d2a720b12ab3" />
      <TestMethod codeBase="C:/Repositorios/FernandoAssembla/SistemaWeb/TestViaticos/bin/Debug/TestViaticos.DLL" adapterTypeName="Microsoft.VisualStudio.TestTools.TestTypes.Unit.UnitTestAdapter, Microsoft.VisualStudio.QualityTools.Tips.UnitTest.Adapter, Version=10.0.0.0, Culture=neutral, PublicKeyToken=b03f5f7f11d50a3a" className="TestViaticos.TestRepositorioAreas, TestViaticos, Version=1.0.0.0, Culture=neutral, PublicKeyToken=null" name="deberia_poder_obtener_todos_los_datos_del_area_y_ver_que_estan_completos" />
    </UnitTest>
    <UnitTest name="deberia_crear_una_tabla_con_nombre_y_un_valor_Juan" storage="c:\repositorios\fernandoassembla\sistemaweb\testviaticos\bin\debug\testviaticos.dll" id="6325cb50-8252-7333-a10e-129eb61d4a7d">
      <Execution id="d12a8a6a-844a-4698-81c5-50d0974c2042" />
      <TestMethod codeBase="C:/Repositorios/FernandoAssembla/SistemaWeb/TestViaticos/bin/Debug/TestViaticos.DLL" adapterTypeName="Microsoft.VisualStudio.TestTools.TestTypes.Unit.UnitTestAdapter, Microsoft.VisualStudio.QualityTools.Tips.UnitTest.Adapter, Version=10.0.0.0, Culture=neutral, PublicKeyToken=b03f5f7f11d50a3a" className="TestViaticos.TestTablasFake, TestViaticos, Version=1.0.0.0, Culture=neutral, PublicKeyToken=null" name="deberia_crear_una_tabla_con_nombre_y_un_valor_Juan" />
    </UnitTest>
    <UnitTest name="deberia_poder_tener_los_checkboxes_seleccionados_de_un_request" storage="c:\repositorios\fernandoassembla\sistemaweb\testviaticos\bin\debug\testviaticos.dll" id="2a085327-6b89-00de-3f93-60ecccb235b6">
      <Execution id="e70787aa-56df-4007-931f-38a3a86a1f71" />
      <TestMethod codeBase="C:/Repositorios/FernandoAssembla/SistemaWeb/TestViaticos/bin/Debug/TestViaticos.DLL" adapterTypeName="Microsoft.VisualStudio.TestTools.TestTypes.Unit.UnitTestAdapter, Microsoft.VisualStudio.QualityTools.Tips.UnitTest.Adapter, Version=10.0.0.0, Culture=neutral, PublicKeyToken=b03f5f7f11d50a3a" className="WebRhUITestNew.ControladorDeWebControlsTest, TestViaticos, Version=1.0.0.0, Culture=neutral, PublicKeyToken=null" name="deberia_poder_tener_los_checkboxes_seleccionados_de_un_request" />
    </UnitTest>
    <UnitTest name="no_deberia_poder_tener_un_documento_sin_categoria" storage="c:\repositorios\fernandoassembla\sistemaweb\testviaticos\bin\debug\testviaticos.dll" id="751e279c-34dc-9434-036d-cf7c6e4fd783">
      <Execution id="170418d1-3ee2-4c0d-b818-7c035cacb803" />
      <TestMethod codeBase="C:/Repositorios/FernandoAssembla/SistemaWeb/TestViaticos/bin/Debug/TestViaticos.DLL" adapterTypeName="Microsoft.VisualStudio.TestTools.TestTypes.Unit.UnitTestAdapter, Microsoft.VisualStudio.QualityTools.Tips.UnitTest.Adapter, Version=10.0.0.0, Culture=neutral, PublicKeyToken=b03f5f7f11d50a3a" className="TestViaticos.TestDocumentos, TestViaticos, Version=1.0.0.0, Culture=neutral, PublicKeyToken=null" name="no_deberia_poder_tener_un_documento_sin_categoria" />
    </UnitTest>
    <UnitTest name="deberia_poder_obtener_todos_los_tipos_de_documento" storage="c:\repositorios\fernandoassembla\sistemaweb\testviaticos\bin\debug\testviaticos.dll" id="c966b980-8b4f-c10a-2879-8a06a8c7add4">
      <Execution id="1c9034fc-a020-44aa-9563-2bdcee1ad58b" />
      <TestMethod codeBase="C:/Repositorios/FernandoAssembla/SistemaWeb/TestViaticos/bin/Debug/TestViaticos.DLL" adapterTypeName="Microsoft.VisualStudio.TestTools.TestTypes.Unit.UnitTestAdapter, Microsoft.VisualStudio.QualityTools.Tips.UnitTest.Adapter, Version=10.0.0.0, Culture=neutral, PublicKeyToken=b03f5f7f11d50a3a" className="TestViaticos.TestRepositorioDocumentos, TestViaticos, Version=1.0.0.0, Culture=neutral, PublicKeyToken=null" name="deberia_poder_obtener_todos_los_tipos_de_documento" />
    </UnitTest>
    <UnitTest name="al_buscar_en_una_lista_de_áreas_un_fax_devuelve_todos_las_áreas_cuyo_fax_de_asistente_o_responsable_o_area_contiene_el_texto_buscado" storage="c:\repositorios\fernandoassembla\sistemaweb\testviaticos\bin\debug\testviaticos.dll" id="3c877ef7-ef07-0820-9e58-ae76fdaedfb0">
      <Execution id="54b9302c-c3de-43ca-9e32-3053697295b5" />
      <TestMethod codeBase="C:/Repositorios/FernandoAssembla/SistemaWeb/TestViaticos/bin/Debug/TestViaticos.DLL" adapterTypeName="Microsoft.VisualStudio.TestTools.TestTypes.Unit.UnitTestAdapter, Microsoft.VisualStudio.QualityTools.Tips.UnitTest.Adapter, Version=10.0.0.0, Culture=neutral, PublicKeyToken=b03f5f7f11d50a3a" className="General.TestProtocolo, TestViaticos, Version=1.0.0.0, Culture=neutral, PublicKeyToken=null" name="al_buscar_en_una_lista_de_áreas_un_fax_devuelve_todos_las_áreas_cuyo_fax_de_asistente_o_responsable_o_area_contiene_el_texto_buscado" />
    </UnitTest>
    <UnitTest name="deberia_poder_obtener_un_viatico_sin_estadias_pasajes_ni_transiciones" storage="c:\repositorios\fernandoassembla\sistemaweb\testviaticos\bin\debug\testviaticos.dll" id="410ae35c-c491-52ff-8ca7-16593197aa91">
      <Execution id="7c4c625f-24c7-40d0-9256-e3d5fcbaedd4" />
      <TestMethod codeBase="C:/Repositorios/FernandoAssembla/SistemaWeb/TestViaticos/bin/Debug/TestViaticos.DLL" adapterTypeName="Microsoft.VisualStudio.TestTools.TestTypes.Unit.UnitTestAdapter, Microsoft.VisualStudio.QualityTools.Tips.UnitTest.Adapter, Version=10.0.0.0, Culture=neutral, PublicKeyToken=b03f5f7f11d50a3a" className="TestViaticos.TestRepositorioDeViaticos, TestViaticos, Version=1.0.0.0, Culture=neutral, PublicKeyToken=null" name="deberia_poder_obtener_un_viatico_sin_estadias_pasajes_ni_transiciones" />
    </UnitTest>
    <UnitTest name="deberia_crear_una_tabla_con_id_y_un_valor_1" storage="c:\repositorios\fernandoassembla\sistemaweb\testviaticos\bin\debug\testviaticos.dll" id="a91c3d07-7c7d-1fe6-99ad-80e4a1548474">
      <Execution id="b79e4cfa-aa34-487c-9b48-060e315e658f" />
      <TestMethod codeBase="C:/Repositorios/FernandoAssembla/SistemaWeb/TestViaticos/bin/Debug/TestViaticos.DLL" adapterTypeName="Microsoft.VisualStudio.TestTools.TestTypes.Unit.UnitTestAdapter, Microsoft.VisualStudio.QualityTools.Tips.UnitTest.Adapter, Version=10.0.0.0, Culture=neutral, PublicKeyToken=b03f5f7f11d50a3a" className="TestViaticos.TestTablasFake, TestViaticos, Version=1.0.0.0, Culture=neutral, PublicKeyToken=null" name="deberia_crear_una_tabla_con_id_y_un_valor_1" />
    </UnitTest>
    <UnitTest name="dado_a9_quiero_b0" storage="c:\repositorios\fernandoassembla\sistemaweb\testviaticos\bin\debug\testviaticos.dll" id="e51e2c6f-d445-6901-d7cc-9c752d9465ed">
      <Execution id="e8c19a47-b652-4390-87ce-b6cf7a9f6b2f" />
      <TestMethod codeBase="C:/Repositorios/FernandoAssembla/SistemaWeb/TestViaticos/bin/Debug/TestViaticos.DLL" adapterTypeName="Microsoft.VisualStudio.TestTools.TestTypes.Unit.UnitTestAdapter, Microsoft.VisualStudio.QualityTools.Tips.UnitTest.Adapter, Version=10.0.0.0, Culture=neutral, PublicKeyToken=b03f5f7f11d50a3a" className="Tests.CodigoTareaTest, TestViaticos, Version=1.0.0.0, Culture=neutral, PublicKeyToken=null" name="dado_a9_quiero_b0" />
    </UnitTest>
    <UnitTest name="si_un_area_no_tiene_alias_deberia_devolver_el_nombre_completo_sin_alias" storage="c:\repositorios\fernandoassembla\sistemaweb\testviaticos\bin\debug\testviaticos.dll" id="72c59001-deaf-0f88-ce47-97c9b2e78292">
      <Execution id="85a217a5-e284-49f2-8765-26c5550e12d1" />
      <TestMethod codeBase="C:/Repositorios/FernandoAssembla/SistemaWeb/TestViaticos/bin/Debug/TestViaticos.DLL" adapterTypeName="Microsoft.VisualStudio.TestTools.TestTypes.Unit.UnitTestAdapter, Microsoft.VisualStudio.QualityTools.Tips.UnitTest.Adapter, Version=10.0.0.0, Culture=neutral, PublicKeyToken=b03f5f7f11d50a3a" className="TestViaticos.TestRepositorioAreas, TestViaticos, Version=1.0.0.0, Culture=neutral, PublicKeyToken=null" name="si_un_area_no_tiene_alias_deberia_devolver_el_nombre_completo_sin_alias" />
    </UnitTest>
    <UnitTest name="el_filtro_por_numero_de_ticket_debe_ser_case_insensitive" storage="c:\repositorios\fernandoassembla\sistemaweb\testviaticos\bin\debug\testviaticos.dll" id="60b34790-3c9e-803c-efa2-bf0100cd18fd">
      <Execution id="80cdea36-f18e-42ec-ae9e-00c34ea35f2f" />
      <TestMethod codeBase="C:/Repositorios/FernandoAssembla/SistemaWeb/TestViaticos/bin/Debug/TestViaticos.DLL" adapterTypeName="Microsoft.VisualStudio.TestTools.TestTypes.Unit.UnitTestAdapter, Microsoft.VisualStudio.QualityTools.Tips.UnitTest.Adapter, Version=10.0.0.0, Culture=neutral, PublicKeyToken=b03f5f7f11d50a3a" className="General.TestFiltroSiCoI, TestViaticos, Version=1.0.0.0, Culture=neutral, PublicKeyToken=null" name="el_filtro_por_numero_de_ticket_debe_ser_case_insensitive" />
    </UnitTest>
    <UnitTest name="deberia_poder_obtener_los_ids_de_las_entidades_seleccionadas" storage="c:\repositorios\fernandoassembla\sistemaweb\testviaticos\bin\debug\testviaticos.dll" id="1b646755-e25c-9dea-839f-b5f817062984">
      <Execution id="efc0cde8-a5ae-4245-88e5-1d3e05962da0" />
      <TestMethod codeBase="C:/Repositorios/FernandoAssembla/SistemaWeb/TestViaticos/bin/Debug/TestViaticos.DLL" adapterTypeName="Microsoft.VisualStudio.TestTools.TestTypes.Unit.UnitTestAdapter, Microsoft.VisualStudio.QualityTools.Tips.UnitTest.Adapter, Version=10.0.0.0, Culture=neutral, PublicKeyToken=b03f5f7f11d50a3a" className="WebRhUITestNew.ControladorDeWebControlsTest, TestViaticos, Version=1.0.0.0, Culture=neutral, PublicKeyToken=null" name="deberia_poder_obtener_los_ids_de_las_entidades_seleccionadas" />
    </UnitTest>
    <UnitTest name="dado_un_area_quiero_saber_direccion_telefono_y_mail_del_area" storage="c:\repositorios\fernandoassembla\sistemaweb\testviaticos\bin\debug\testviaticos.dll" id="5d6cb36d-d345-b7c7-27f1-f7052ce8d166">
      <Execution id="f004d321-1d7e-426b-813d-5d71eed40819" />
      <TestMethod codeBase="C:/Repositorios/FernandoAssembla/SistemaWeb/TestViaticos/bin/Debug/TestViaticos.DLL" adapterTypeName="Microsoft.VisualStudio.TestTools.TestTypes.Unit.UnitTestAdapter, Microsoft.VisualStudio.QualityTools.Tips.UnitTest.Adapter, Version=10.0.0.0, Culture=neutral, PublicKeyToken=b03f5f7f11d50a3a" className="General.TestUsuarios, TestViaticos, Version=1.0.0.0, Culture=neutral, PublicKeyToken=null" name="dado_un_area_quiero_saber_direccion_telefono_y_mail_del_area" />
    </UnitTest>
    <UnitTest name="no_deberia_poder_tener_un_documento_sin_tipo" storage="c:\repositorios\fernandoassembla\sistemaweb\testviaticos\bin\debug\testviaticos.dll" id="cc560ad4-66d2-6e1b-fa1e-c1f8f0f47258">
      <Execution id="fb9d87cd-db1a-4e3c-a976-f2236f0c35e6" />
      <TestMethod codeBase="C:/Repositorios/FernandoAssembla/SistemaWeb/TestViaticos/bin/Debug/TestViaticos.DLL" adapterTypeName="Microsoft.VisualStudio.TestTools.TestTypes.Unit.UnitTestAdapter, Microsoft.VisualStudio.QualityTools.Tips.UnitTest.Adapter, Version=10.0.0.0, Culture=neutral, PublicKeyToken=b03f5f7f11d50a3a" className="TestViaticos.TestDocumentos, TestViaticos, Version=1.0.0.0, Culture=neutral, PublicKeyToken=null" name="no_deberia_poder_tener_un_documento_sin_tipo" />
    </UnitTest>
    <UnitTest name="deberia_traer_viaticos_que_esten_pendientes_del_area_939_y__perido_011012_al_261012" storage="c:\repositorios\fernandoassembla\sistemaweb\testviaticos\bin\debug\testviaticos.dll" id="59ff1f84-feae-06d2-b4cb-39b785e26703">
      <Execution id="50ed3f38-92d7-469e-9145-6d5d62a4d6e1" />
      <TestMethod codeBase="C:/Repositorios/FernandoAssembla/SistemaWeb/TestViaticos/bin/Debug/TestViaticos.DLL" adapterTypeName="Microsoft.VisualStudio.TestTools.TestTypes.Unit.UnitTestAdapter, Microsoft.VisualStudio.QualityTools.Tips.UnitTest.Adapter, Version=10.0.0.0, Culture=neutral, PublicKeyToken=b03f5f7f11d50a3a" className="TestViaticos.TestConsultas, TestViaticos, Version=1.0.0.0, Culture=neutral, PublicKeyToken=null" name="deberia_traer_viaticos_que_esten_pendientes_del_area_939_y__perido_011012_al_261012" />
    </UnitTest>
    <UnitTest name="dado_un_curso_que_se_cursa_los_lunes_y_jueves_cuando_le_pregunto_cuantos_dias_de_cursada_hay_en_febrero_de_2013_me_dice_6_porque_dos_son_feriados" storage="c:\repositorios\fernandoassembla\sistemaweb\testviaticos\bin\debug\testviaticos.dll" id="7b7bd90a-9390-9d92-5600-532eb0a44a2a">
      <Execution id="dfa1ec71-d235-444d-b6e6-dfb750f836d1" />
      <TestMethod codeBase="C:/Repositorios/FernandoAssembla/SistemaWeb/TestViaticos/bin/Debug/TestViaticos.DLL" adapterTypeName="Microsoft.VisualStudio.TestTools.TestTypes.Unit.UnitTestAdapter, Microsoft.VisualStudio.QualityTools.Tips.UnitTest.Adapter, Version=10.0.0.0, Culture=neutral, PublicKeyToken=b03f5f7f11d50a3a" className="TestViaticos.TestCalendarioDeCurso, TestViaticos, Version=1.0.0.0, Culture=neutral, PublicKeyToken=null" name="dado_un_curso_que_se_cursa_los_lunes_y_jueves_cuando_le_pregunto_cuantos_dias_de_cursada_hay_en_febrero_de_2013_me_dice_6_porque_dos_son_feriados" />
    </UnitTest>
    <UnitTest name="deberia_poder_agregar_un_row_desde_una_entidad_especificando_como_obtener_los_valores_a_partir_de_la_misma" storage="c:\repositorios\fernandoassembla\sistemaweb\testviaticos\bin\debug\testviaticos.dll" id="8d450b91-f2a6-e64d-c4a7-eee63e8851da">
      <Execution id="ed8c3ce6-2169-4e78-bc2a-32bd62e301e7" />
      <TestMethod codeBase="C:/Repositorios/FernandoAssembla/SistemaWeb/TestViaticos/bin/Debug/TestViaticos.DLL" adapterTypeName="Microsoft.VisualStudio.TestTools.TestTypes.Unit.UnitTestAdapter, Microsoft.VisualStudio.QualityTools.Tips.UnitTest.Adapter, Version=10.0.0.0, Culture=neutral, PublicKeyToken=b03f5f7f11d50a3a" className="WebRhUITestNew.TestRenderizadorDeTablas, TestViaticos, Version=1.0.0.0, Culture=neutral, PublicKeyToken=null" name="deberia_poder_agregar_un_row_desde_una_entidad_especificando_como_obtener_los_valores_a_partir_de_la_misma" />
    </UnitTest>
    <UnitTest name="al_buscar_en_una_lista_de_áreas_por_Asistentes_de_área_a_Ana_debe_traer_dos_areas_donde_existen_dos_personas_llamadas_Ana_que_son_secreatarias_en_cada_area" storage="c:\repositorios\fernandoassembla\sistemaweb\testviaticos\bin\debug\testviaticos.dll" id="25415686-6584-7e2c-956a-c8ad4a11141c">
      <Execution id="455662d7-1e8d-4702-903c-722ded547f27" />
      <TestMethod codeBase="C:/Repositorios/FernandoAssembla/SistemaWeb/TestViaticos/bin/Debug/TestViaticos.DLL" adapterTypeName="Microsoft.VisualStudio.TestTools.TestTypes.Unit.UnitTestAdapter, Microsoft.VisualStudio.QualityTools.Tips.UnitTest.Adapter, Version=10.0.0.0, Culture=neutral, PublicKeyToken=b03f5f7f11d50a3a" className="General.TestProtocolo, TestViaticos, Version=1.0.0.0, Culture=neutral, PublicKeyToken=null" name="al_buscar_en_una_lista_de_áreas_por_Asistentes_de_área_a_Ana_debe_traer_dos_areas_donde_existen_dos_personas_llamadas_Ana_que_son_secreatarias_en_cada_area" />
    </UnitTest>
    <UnitTest name="deberia_mostrarme_una_unica_vez_la_secretaria_que_posee_el_area_cuando_los_datos_estan_repetidos" storage="c:\repositorios\fernandoassembla\sistemaweb\testviaticos\bin\debug\testviaticos.dll" id="82d93e8f-20e5-8c41-b9f1-1d42beccc7c0">
      <Execution id="d783ee92-df98-4202-8a3e-0100a134cfe2" />
      <TestMethod codeBase="C:/Repositorios/FernandoAssembla/SistemaWeb/TestViaticos/bin/Debug/TestViaticos.DLL" adapterTypeName="Microsoft.VisualStudio.TestTools.TestTypes.Unit.UnitTestAdapter, Microsoft.VisualStudio.QualityTools.Tips.UnitTest.Adapter, Version=10.0.0.0, Culture=neutral, PublicKeyToken=b03f5f7f11d50a3a" className="General.TestUsuarios, TestViaticos, Version=1.0.0.0, Culture=neutral, PublicKeyToken=null" name="deberia_mostrarme_una_unica_vez_la_secretaria_que_posee_el_area_cuando_los_datos_estan_repetidos" />
    </UnitTest>
    <UnitTest name="al_buscar_en_una_lista_de_áreas_una_parte_de_telefono_devuelve_todos_las_áreas_cuyo_telefono_de_asistente_o_responsable_o_area_contiene_el_texto_buscado" storage="c:\repositorios\fernandoassembla\sistemaweb\testviaticos\bin\debug\testviaticos.dll" id="60d191e8-f802-0c16-9722-35844f243666">
      <Execution id="6d8587a7-c0c2-4ec2-ae06-727b6466d16d" />
      <TestMethod codeBase="C:/Repositorios/FernandoAssembla/SistemaWeb/TestViaticos/bin/Debug/TestViaticos.DLL" adapterTypeName="Microsoft.VisualStudio.TestTools.TestTypes.Unit.UnitTestAdapter, Microsoft.VisualStudio.QualityTools.Tips.UnitTest.Adapter, Version=10.0.0.0, Culture=neutral, PublicKeyToken=b03f5f7f11d50a3a" className="General.TestProtocolo, TestViaticos, Version=1.0.0.0, Culture=neutral, PublicKeyToken=null" name="al_buscar_en_una_lista_de_áreas_una_parte_de_telefono_devuelve_todos_las_áreas_cuyo_telefono_de_asistente_o_responsable_o_area_contiene_el_texto_buscado" />
    </UnitTest>
    <UnitTest name="mensajeria_no_deberia_fallar_cuando_un_documento_no_tiene_trancisiones" storage="c:\repositorios\fernandoassembla\sistemaweb\testviaticos\bin\debug\testviaticos.dll" id="cecd7ff2-d148-29e8-850a-7574ad3e7580">
      <Execution id="6cb1f534-c9cd-4410-b67f-b1306b98cc37" />
      <TestMethod codeBase="C:/Repositorios/FernandoAssembla/SistemaWeb/TestViaticos/bin/Debug/TestViaticos.DLL" adapterTypeName="Microsoft.VisualStudio.TestTools.TestTypes.Unit.UnitTestAdapter, Microsoft.VisualStudio.QualityTools.Tips.UnitTest.Adapter, Version=10.0.0.0, Culture=neutral, PublicKeyToken=b03f5f7f11d50a3a" className="TestViaticos.TestMensajeria, TestViaticos, Version=1.0.0.0, Culture=neutral, PublicKeyToken=null" name="mensajeria_no_deberia_fallar_cuando_un_documento_no_tiene_trancisiones" />
    </UnitTest>
    <UnitTest name="mensajeria_deberia_poder_generar_una_transicion_futura" storage="c:\repositorios\fernandoassembla\sistemaweb\testviaticos\bin\debug\testviaticos.dll" id="e1d67ae5-71d9-5872-41a1-7a2a4d910702">
      <Execution id="83ed61e7-c075-417d-b69b-ce2c01bb9d94" />
      <TestMethod codeBase="C:/Repositorios/FernandoAssembla/SistemaWeb/TestViaticos/bin/Debug/TestViaticos.DLL" adapterTypeName="Microsoft.VisualStudio.TestTools.TestTypes.Unit.UnitTestAdapter, Microsoft.VisualStudio.QualityTools.Tips.UnitTest.Adapter, Version=10.0.0.0, Culture=neutral, PublicKeyToken=b03f5f7f11d50a3a" className="TestViaticos.TestMensajeria, TestViaticos, Version=1.0.0.0, Culture=neutral, PublicKeyToken=null" name="mensajeria_deberia_poder_generar_una_transicion_futura" />
    </UnitTest>
    <UnitTest name="al_buscar_por_una_palabra_del_comentario_del_documento_debe_traer_todos_los_documentos_que_cumplen_con_ello" storage="c:\repositorios\fernandoassembla\sistemaweb\testviaticos\bin\debug\testviaticos.dll" id="cd2ddf59-b1d1-4ffd-b77a-55d96a13b533">
      <Execution id="f7ccca10-11c1-43a8-b90a-7ea3397dd571" />
      <TestMethod codeBase="C:/Repositorios/FernandoAssembla/SistemaWeb/TestViaticos/bin/Debug/TestViaticos.DLL" adapterTypeName="Microsoft.VisualStudio.TestTools.TestTypes.Unit.UnitTestAdapter, Microsoft.VisualStudio.QualityTools.Tips.UnitTest.Adapter, Version=10.0.0.0, Culture=neutral, PublicKeyToken=b03f5f7f11d50a3a" className="General.TestFiltroSiCoI, TestViaticos, Version=1.0.0.0, Culture=neutral, PublicKeyToken=null" name="al_buscar_por_una_palabra_del_comentario_del_documento_debe_traer_todos_los_documentos_que_cumplen_con_ello" />
    </UnitTest>
    <UnitTest name="deberia_poder_obtener_todos_los_tipos_de_documento_con_su_sigla" storage="c:\repositorios\fernandoassembla\sistemaweb\testviaticos\bin\debug\testviaticos.dll" id="1f3c9d7b-63ee-b9a1-f8d0-46e85a0a6255">
      <Execution id="6677d55d-da63-4f87-9589-834337c8e084" />
      <TestMethod codeBase="C:/Repositorios/FernandoAssembla/SistemaWeb/TestViaticos/bin/Debug/TestViaticos.DLL" adapterTypeName="Microsoft.VisualStudio.TestTools.TestTypes.Unit.UnitTestAdapter, Microsoft.VisualStudio.QualityTools.Tips.UnitTest.Adapter, Version=10.0.0.0, Culture=neutral, PublicKeyToken=b03f5f7f11d50a3a" className="TestViaticos.TestRepositorioDocumentos, TestViaticos, Version=1.0.0.0, Culture=neutral, PublicKeyToken=null" name="deberia_poder_obtener_todos_los_tipos_de_documento_con_su_sigla" />
    </UnitTest>
    <UnitTest name="deberia_traer_viaticos_de_BELEN_011012_261012" storage="c:\repositorios\fernandoassembla\sistemaweb\testviaticos\bin\debug\testviaticos.dll" id="c2c53443-9c7d-40b6-5a5a-6d158c6cf141">
      <Execution id="691746e6-8598-492a-a191-e038b5129e69" />
      <TestMethod codeBase="C:/Repositorios/FernandoAssembla/SistemaWeb/TestViaticos/bin/Debug/TestViaticos.DLL" adapterTypeName="Microsoft.VisualStudio.TestTools.TestTypes.Unit.UnitTestAdapter, Microsoft.VisualStudio.QualityTools.Tips.UnitTest.Adapter, Version=10.0.0.0, Culture=neutral, PublicKeyToken=b03f5f7f11d50a3a" className="TestViaticos.TestConsultas, TestViaticos, Version=1.0.0.0, Culture=neutral, PublicKeyToken=null" name="deberia_traer_viaticos_de_BELEN_011012_261012" />
    </UnitTest>
    <UnitTest name="dado_un_curso_que_se_cursa_los_lunes_y_jueves_cuando_le_pregunto_cuantos_dias_de_cursada_hay_inlcuyendo_feriados_en_febrero_de_2013_me_dice_8_porque_dos_son_feriados" storage="c:\repositorios\fernandoassembla\sistemaweb\testviaticos\bin\debug\testviaticos.dll" id="98d79b4f-0fef-791a-b39b-89c03b95d3e3">
      <Execution id="348d18e7-f529-4b43-8c8d-78bd4b0970f6" />
      <TestMethod codeBase="C:/Repositorios/FernandoAssembla/SistemaWeb/TestViaticos/bin/Debug/TestViaticos.DLL" adapterTypeName="Microsoft.VisualStudio.TestTools.TestTypes.Unit.UnitTestAdapter, Microsoft.VisualStudio.QualityTools.Tips.UnitTest.Adapter, Version=10.0.0.0, Culture=neutral, PublicKeyToken=b03f5f7f11d50a3a" className="TestViaticos.TestCalendarioDeCurso, TestViaticos, Version=1.0.0.0, Culture=neutral, PublicKeyToken=null" name="dado_un_curso_que_se_cursa_los_lunes_y_jueves_cuando_le_pregunto_cuantos_dias_de_cursada_hay_inlcuyendo_feriados_en_febrero_de_2013_me_dice_8_porque_dos_son_feriados" />
    </UnitTest>
    <UnitTest name="deberia_poder_tener_un_null_como_segundo_valor_de_una_columna" storage="c:\repositorios\fernandoassembla\sistemaweb\testviaticos\bin\debug\testviaticos.dll" id="c8e9fa12-63fb-548e-6319-248eaeb1ba50">
      <Execution id="afcde333-0196-41bb-a4aa-256b1f45a90e" />
      <TestMethod codeBase="C:/Repositorios/FernandoAssembla/SistemaWeb/TestViaticos/bin/Debug/TestViaticos.DLL" adapterTypeName="Microsoft.VisualStudio.TestTools.TestTypes.Unit.UnitTestAdapter, Microsoft.VisualStudio.QualityTools.Tips.UnitTest.Adapter, Version=10.0.0.0, Culture=neutral, PublicKeyToken=b03f5f7f11d50a3a" className="TestViaticos.TestTablasFake, TestViaticos, Version=1.0.0.0, Culture=neutral, PublicKeyToken=null" name="deberia_poder_tener_un_null_como_segundo_valor_de_una_columna" />
    </UnitTest>
    <UnitTest name="deberia_considerar_las_estadias_comenzadas_en_el_periodo" storage="c:\repositorios\fernandoassembla\sistemaweb\testviaticos\bin\debug\testviaticos.dll" id="e22ce867-04ec-cc74-8f00-0fdb0256cb9f">
      <Execution id="5da5d8f6-c697-4253-b318-3d7b48230720" />
      <TestMethod codeBase="C:/Repositorios/FernandoAssembla/SistemaWeb/TestViaticos/bin/Debug/TestViaticos.DLL" adapterTypeName="Microsoft.VisualStudio.TestTools.TestTypes.Unit.UnitTestAdapter, Microsoft.VisualStudio.QualityTools.Tips.UnitTest.Adapter, Version=10.0.0.0, Culture=neutral, PublicKeyToken=b03f5f7f11d50a3a" className="TestViaticos.TestConsultas, TestViaticos, Version=1.0.0.0, Culture=neutral, PublicKeyToken=null" name="deberia_considerar_las_estadias_comenzadas_en_el_periodo" />
    </UnitTest>
    <UnitTest name="al_buscar_por_reponsable_de_area_a_Fabian_deberia_traerme_el_area_cuyo_nombre_de_responsable_es_Fabian" storage="c:\repositorios\fernandoassembla\sistemaweb\testviaticos\bin\debug\testviaticos.dll" id="c09a892a-1cf8-8734-95e1-5859c143f708">
      <Execution id="787522de-ba11-40f2-8aa2-24a92d475735" />
      <TestMethod codeBase="C:/Repositorios/FernandoAssembla/SistemaWeb/TestViaticos/bin/Debug/TestViaticos.DLL" adapterTypeName="Microsoft.VisualStudio.TestTools.TestTypes.Unit.UnitTestAdapter, Microsoft.VisualStudio.QualityTools.Tips.UnitTest.Adapter, Version=10.0.0.0, Culture=neutral, PublicKeyToken=b03f5f7f11d50a3a" className="General.TestProtocolo, TestViaticos, Version=1.0.0.0, Culture=neutral, PublicKeyToken=null" name="al_buscar_por_reponsable_de_area_a_Fabian_deberia_traerme_el_area_cuyo_nombre_de_responsable_es_Fabian" />
    </UnitTest>
    <UnitTest name="al_buscar_por_nombre_de_numero_de_documento_y_fechas_desde_y_hasta_y_extracto_de_un_documento_debe_traer_todos_los_documentos_que_cumplen_con_ello" storage="c:\repositorios\fernandoassembla\sistemaweb\testviaticos\bin\debug\testviaticos.dll" id="9f7c8e27-eadb-ceef-1191-65859b891fab">
      <Execution id="f19539a8-3b5f-4245-8a06-0a76f001bac4" />
      <TestMethod codeBase="C:/Repositorios/FernandoAssembla/SistemaWeb/TestViaticos/bin/Debug/TestViaticos.DLL" adapterTypeName="Microsoft.VisualStudio.TestTools.TestTypes.Unit.UnitTestAdapter, Microsoft.VisualStudio.QualityTools.Tips.UnitTest.Adapter, Version=10.0.0.0, Culture=neutral, PublicKeyToken=b03f5f7f11d50a3a" className="General.TestFiltroSiCoI, TestViaticos, Version=1.0.0.0, Culture=neutral, PublicKeyToken=null" name="al_buscar_por_nombre_de_numero_de_documento_y_fechas_desde_y_hasta_y_extracto_de_un_documento_debe_traer_todos_los_documentos_que_cumplen_con_ello" />
    </UnitTest>
    <UnitTest name="no_se_puede_solicitar_el_área_superior_del_área_maxima_sino_que_debería_dar_una_excepción" storage="c:\repositorios\fernandoassembla\sistemaweb\testviaticos\bin\debug\testviaticos.dll" id="086213ff-7e23-a50c-0de2-c7f0fd67fbca">
      <Execution id="bfa9acf5-f0be-43d5-83c4-2e6e5db52276" />
      <TestMethod codeBase="C:/Repositorios/FernandoAssembla/SistemaWeb/TestViaticos/bin/Debug/TestViaticos.DLL" adapterTypeName="Microsoft.VisualStudio.TestTools.TestTypes.Unit.UnitTestAdapter, Microsoft.VisualStudio.QualityTools.Tips.UnitTest.Adapter, Version=10.0.0.0, Culture=neutral, PublicKeyToken=b03f5f7f11d50a3a" className="TestViaticos.TestOrganigrama, TestViaticos, Version=1.0.0.0, Culture=neutral, PublicKeyToken=null" name="no_se_puede_solicitar_el_área_superior_del_área_maxima_sino_que_debería_dar_una_excepción" />
    </UnitTest>
    <UnitTest name="fabian_deberia_tener_acceso_a_viaticos_y_a_documentos" storage="c:\repositorios\fernandoassembla\sistemaweb\testviaticos\bin\debug\testviaticos.dll" id="abcb6bdb-8479-892d-4456-095226c976bc">
      <Execution id="16f7556f-00c6-4943-b378-9a5933751c6e" />
      <TestMethod codeBase="C:/Repositorios/FernandoAssembla/SistemaWeb/TestViaticos/bin/Debug/TestViaticos.DLL" adapterTypeName="Microsoft.VisualStudio.TestTools.TestTypes.Unit.UnitTestAdapter, Microsoft.VisualStudio.QualityTools.Tips.UnitTest.Adapter, Version=10.0.0.0, Culture=neutral, PublicKeyToken=b03f5f7f11d50a3a" className="TestViaticos.TestRepositorioUsuarios, TestViaticos, Version=1.0.0.0, Culture=neutral, PublicKeyToken=null" name="fabian_deberia_tener_acceso_a_viaticos_y_a_documentos" />
    </UnitTest>
    <UnitTest name="fabian_deberia_tener_solo_un_area_con_un_asistente" storage="c:\repositorios\fernandoassembla\sistemaweb\testviaticos\bin\debug\testviaticos.dll" id="2c561612-6ace-d4f5-3ea0-2b63589d272c">
      <Execution id="944197b5-7d94-4765-8c10-b8dd445092e2" />
      <TestMethod codeBase="C:/Repositorios/FernandoAssembla/SistemaWeb/TestViaticos/bin/Debug/TestViaticos.DLL" adapterTypeName="Microsoft.VisualStudio.TestTools.TestTypes.Unit.UnitTestAdapter, Microsoft.VisualStudio.QualityTools.Tips.UnitTest.Adapter, Version=10.0.0.0, Culture=neutral, PublicKeyToken=b03f5f7f11d50a3a" className="TestViaticos.TestRepositorioUsuarios, TestViaticos, Version=1.0.0.0, Culture=neutral, PublicKeyToken=null" name="fabian_deberia_tener_solo_un_area_con_un_asistente" />
    </UnitTest>
    <UnitTest name="Un_organigrama_deberia_poder_decirme_todas_las_areas_que_posee" storage="c:\repositorios\fernandoassembla\sistemaweb\testviaticos\bin\debug\testviaticos.dll" id="bb2112d4-68ef-15b6-48ec-73b20e57caa9">
      <Execution id="199e2f9f-31c0-4643-8184-218bb0778244" />
      <TestMethod codeBase="C:/Repositorios/FernandoAssembla/SistemaWeb/TestViaticos/bin/Debug/TestViaticos.DLL" adapterTypeName="Microsoft.VisualStudio.TestTools.TestTypes.Unit.UnitTestAdapter, Microsoft.VisualStudio.QualityTools.Tips.UnitTest.Adapter, Version=10.0.0.0, Culture=neutral, PublicKeyToken=b03f5f7f11d50a3a" className="TestViaticos.TestOrganigrama, TestViaticos, Version=1.0.0.0, Culture=neutral, PublicKeyToken=null" name="Un_organigrama_deberia_poder_decirme_todas_las_areas_que_posee" />
    </UnitTest>
    <UnitTest name="fabian_deberia_tener_solo_acceso_a_viaticos" storage="c:\repositorios\fernandoassembla\sistemaweb\testviaticos\bin\debug\testviaticos.dll" id="2eba2d30-d0c9-d10d-cb9f-e198704cb8fa">
      <Execution id="a8d1d160-257e-49bb-b68d-623276f7257c" />
      <TestMethod codeBase="C:/Repositorios/FernandoAssembla/SistemaWeb/TestViaticos/bin/Debug/TestViaticos.DLL" adapterTypeName="Microsoft.VisualStudio.TestTools.TestTypes.Unit.UnitTestAdapter, Microsoft.VisualStudio.QualityTools.Tips.UnitTest.Adapter, Version=10.0.0.0, Culture=neutral, PublicKeyToken=b03f5f7f11d50a3a" className="TestViaticos.TestRepositorioUsuarios, TestViaticos, Version=1.0.0.0, Culture=neutral, PublicKeyToken=null" name="fabian_deberia_tener_solo_acceso_a_viaticos" />
    </UnitTest>
    <UnitTest name="deberia_traer_viaticos_de_la_provincia_SALTA_y_CORDOBA_en_el_periodo_011012_261012" storage="c:\repositorios\fernandoassembla\sistemaweb\testviaticos\bin\debug\testviaticos.dll" id="999cd32d-d69f-3834-8d48-f15d37fd5243">
      <Execution id="37cc66b3-0f5b-4519-b10c-100949fe2c7f" />
      <TestMethod codeBase="C:/Repositorios/FernandoAssembla/SistemaWeb/TestViaticos/bin/Debug/TestViaticos.DLL" adapterTypeName="Microsoft.VisualStudio.TestTools.TestTypes.Unit.UnitTestAdapter, Microsoft.VisualStudio.QualityTools.Tips.UnitTest.Adapter, Version=10.0.0.0, Culture=neutral, PublicKeyToken=b03f5f7f11d50a3a" className="TestViaticos.TestConsultas, TestViaticos, Version=1.0.0.0, Culture=neutral, PublicKeyToken=null" name="deberia_traer_viaticos_de_la_provincia_SALTA_y_CORDOBA_en_el_periodo_011012_261012" />
    </UnitTest>
    <UnitTest name="deberia_poder_tener_un_null_como_primer_valor_de_una_columna" storage="c:\repositorios\fernandoassembla\sistemaweb\testviaticos\bin\debug\testviaticos.dll" id="37d066c6-a6d7-b11a-9516-f3f197d5e44d">
      <Execution id="d4eec7a3-55b2-47fd-a42d-4d391384bb44" />
      <TestMethod codeBase="C:/Repositorios/FernandoAssembla/SistemaWeb/TestViaticos/bin/Debug/TestViaticos.DLL" adapterTypeName="Microsoft.VisualStudio.TestTools.TestTypes.Unit.UnitTestAdapter, Microsoft.VisualStudio.QualityTools.Tips.UnitTest.Adapter, Version=10.0.0.0, Culture=neutral, PublicKeyToken=b03f5f7f11d50a3a" className="TestViaticos.TestTablasFake, TestViaticos, Version=1.0.0.0, Culture=neutral, PublicKeyToken=null" name="deberia_poder_tener_un_null_como_primer_valor_de_una_columna" />
    </UnitTest>
    <UnitTest name="al_buscar_por_el_area_del_usuario_logueado_debe_traer_todos_los_documentos_que_aun_son_responsabilidad_de_dicha_area" storage="c:\repositorios\fernandoassembla\sistemaweb\testviaticos\bin\debug\testviaticos.dll" id="a783754e-a02b-a257-f4ac-f48395928085">
      <Execution id="6cc94d26-bcc4-4623-8be1-c5cbf585d28a" />
      <TestMethod codeBase="C:/Repositorios/FernandoAssembla/SistemaWeb/TestViaticos/bin/Debug/TestViaticos.DLL" adapterTypeName="Microsoft.VisualStudio.TestTools.TestTypes.Unit.UnitTestAdapter, Microsoft.VisualStudio.QualityTools.Tips.UnitTest.Adapter, Version=10.0.0.0, Culture=neutral, PublicKeyToken=b03f5f7f11d50a3a" className="General.TestFiltroSiCoI, TestViaticos, Version=1.0.0.0, Culture=neutral, PublicKeyToken=null" name="al_buscar_por_el_area_del_usuario_logueado_debe_traer_todos_los_documentos_que_aun_son_responsabilidad_de_dicha_area" />
    </UnitTest>
    <UnitTest name="no_deberia_permitir_pasarse_de_z" storage="c:\repositorios\fernandoassembla\sistemaweb\testviaticos\bin\debug\testviaticos.dll" id="6a69abda-dfaa-a679-b661-02cd5293c0bd">
      <Execution id="97faf188-ff2f-4323-81f1-0c74f5871ede" />
      <TestMethod codeBase="C:/Repositorios/FernandoAssembla/SistemaWeb/TestViaticos/bin/Debug/TestViaticos.DLL" adapterTypeName="Microsoft.VisualStudio.TestTools.TestTypes.Unit.UnitTestAdapter, Microsoft.VisualStudio.QualityTools.Tips.UnitTest.Adapter, Version=10.0.0.0, Culture=neutral, PublicKeyToken=b03f5f7f11d50a3a" className="Tests.CodigoTareaTest, TestViaticos, Version=1.0.0.0, Culture=neutral, PublicKeyToken=null" name="no_deberia_permitir_pasarse_de_z" />
    </UnitTest>
    <UnitTest name="al_buscar_por_un_tipo_de_documento_debe_traer_todos_los_documentos_que_cumplen_con_ello" storage="c:\repositorios\fernandoassembla\sistemaweb\testviaticos\bin\debug\testviaticos.dll" id="fc3e1a26-3625-7f18-819c-6724010eb1dd">
      <Execution id="b60017fa-e2c1-4cd1-b4cb-67be36c6a674" />
      <TestMethod codeBase="C:/Repositorios/FernandoAssembla/SistemaWeb/TestViaticos/bin/Debug/TestViaticos.DLL" adapterTypeName="Microsoft.VisualStudio.TestTools.TestTypes.Unit.UnitTestAdapter, Microsoft.VisualStudio.QualityTools.Tips.UnitTest.Adapter, Version=10.0.0.0, Culture=neutral, PublicKeyToken=b03f5f7f11d50a3a" className="General.TestFiltroSiCoI, TestViaticos, Version=1.0.0.0, Culture=neutral, PublicKeyToken=null" name="al_buscar_por_un_tipo_de_documento_debe_traer_todos_los_documentos_que_cumplen_con_ello" />
    </UnitTest>
    <UnitTest name="al_buscar_en_una_lista_de_áreas_una_dirección_devuelve_todos_las_áreas_cuyo_domicilio_contiene_el_texto_buscado" storage="c:\repositorios\fernandoassembla\sistemaweb\testviaticos\bin\debug\testviaticos.dll" id="696fca9c-b0b6-7ef6-000f-fc7546a49832">
      <Execution id="b3ec63f5-bb8c-4df9-9ac1-4784a554b410" />
      <TestMethod codeBase="C:/Repositorios/FernandoAssembla/SistemaWeb/TestViaticos/bin/Debug/TestViaticos.DLL" adapterTypeName="Microsoft.VisualStudio.TestTools.TestTypes.Unit.UnitTestAdapter, Microsoft.VisualStudio.QualityTools.Tips.UnitTest.Adapter, Version=10.0.0.0, Culture=neutral, PublicKeyToken=b03f5f7f11d50a3a" className="General.TestProtocolo, TestViaticos, Version=1.0.0.0, Culture=neutral, PublicKeyToken=null" name="al_buscar_en_una_lista_de_áreas_una_dirección_devuelve_todos_las_áreas_cuyo_domicilio_contiene_el_texto_buscado" />
    </UnitTest>
    <UnitTest name="se_le_deberia_poder_pedir_a_un_area_su_nombre_completo_con_el_alias" storage="c:\repositorios\fernandoassembla\sistemaweb\testviaticos\bin\debug\testviaticos.dll" id="2665ec77-f2c4-3c27-e75d-93d1cb83ce92">
      <Execution id="1ae632ce-ba43-4fe5-bfe9-321e23e7a4e4" />
      <TestMethod codeBase="C:/Repositorios/FernandoAssembla/SistemaWeb/TestViaticos/bin/Debug/TestViaticos.DLL" adapterTypeName="Microsoft.VisualStudio.TestTools.TestTypes.Unit.UnitTestAdapter, Microsoft.VisualStudio.QualityTools.Tips.UnitTest.Adapter, Version=10.0.0.0, Culture=neutral, PublicKeyToken=b03f5f7f11d50a3a" className="TestViaticos.TestRepositorioAreas, TestViaticos, Version=1.0.0.0, Culture=neutral, PublicKeyToken=null" name="se_le_deberia_poder_pedir_a_un_area_su_nombre_completo_con_el_alias" />
    </UnitTest>
  </TestDefinitions>
  <TestLists>
    <TestList name="Resultados que no están en la lista" id="8c84fa94-04c1-424b-9868-57a2d4851a1d" />
    <TestList name="Todos los resultados cargados" id="19431567-8539-422a-85d7-44ee4e166bda" />
  </TestLists>
  <TestEntries>
    <TestEntry testId="002cf2ca-edf2-8bcf-43d5-0c3f0f84c4f5" executionId="a51767f4-87e5-439a-a48c-4ca096cd3286" testListId="8c84fa94-04c1-424b-9868-57a2d4851a1d" />
    <TestEntry testId="02698425-13df-8609-0cad-f65978180f81" executionId="0c00deb2-aadb-491c-8c03-d20c69861601" testListId="8c84fa94-04c1-424b-9868-57a2d4851a1d" />
    <TestEntry testId="03a6a885-b427-a1c0-9f18-eab8c39d83dc" executionId="492a6fb6-07e1-4377-a313-e30e5545a189" testListId="8c84fa94-04c1-424b-9868-57a2d4851a1d" />
    <TestEntry testId="043dc452-5b80-2a1c-5140-d90d565722bc" executionId="d03f1b89-e86d-43cf-b6fe-0062e1ee0e27" testListId="8c84fa94-04c1-424b-9868-57a2d4851a1d" />
    <TestEntry testId="06dca5fe-5ce6-35f4-b6c7-96dea566a67f" executionId="1727a47e-7f4e-4868-8ae6-206422014ff8" testListId="8c84fa94-04c1-424b-9868-57a2d4851a1d" />
    <TestEntry testId="07c6ae9a-6a82-fa4b-680a-96e32253ef51" executionId="427f2e3c-d957-410d-9350-c9bd0a1d2cb4" testListId="8c84fa94-04c1-424b-9868-57a2d4851a1d" />
    <TestEntry testId="086213ff-7e23-a50c-0de2-c7f0fd67fbca" executionId="bfa9acf5-f0be-43d5-83c4-2e6e5db52276" testListId="8c84fa94-04c1-424b-9868-57a2d4851a1d" />
    <TestEntry testId="18a1cd9e-1ae4-3656-14a0-ac543707a055" executionId="1566609b-4e5b-45e7-9e54-1f9c6dff50e7" testListId="8c84fa94-04c1-424b-9868-57a2d4851a1d" />
    <TestEntry testId="1b646755-e25c-9dea-839f-b5f817062984" executionId="efc0cde8-a5ae-4245-88e5-1d3e05962da0" testListId="8c84fa94-04c1-424b-9868-57a2d4851a1d" />
    <TestEntry testId="1bbef477-4f31-cfec-a6a8-6e1b0892c5f9" executionId="1f57a8ec-3af4-45f1-b754-feddeb845732" testListId="8c84fa94-04c1-424b-9868-57a2d4851a1d" />
    <TestEntry testId="1f3c9d7b-63ee-b9a1-f8d0-46e85a0a6255" executionId="6677d55d-da63-4f87-9589-834337c8e084" testListId="8c84fa94-04c1-424b-9868-57a2d4851a1d" />
    <TestEntry testId="219a2093-b6f2-f229-ae69-0108da5c2d8d" executionId="3636e077-6652-4a71-b610-4105c908756c" testListId="8c84fa94-04c1-424b-9868-57a2d4851a1d" />
    <TestEntry testId="225e3e53-1987-0065-f209-06ded52d42cd" executionId="1c9cefd0-af55-419e-9049-63b63e3a1f6b" testListId="8c84fa94-04c1-424b-9868-57a2d4851a1d" />
    <TestEntry testId="22fef842-2be2-549e-28ca-decc4b2f83c4" executionId="be277f33-afe9-45ec-a94a-99e3089d79c1" testListId="8c84fa94-04c1-424b-9868-57a2d4851a1d" />
    <TestEntry testId="25415686-6584-7e2c-956a-c8ad4a11141c" executionId="455662d7-1e8d-4702-903c-722ded547f27" testListId="8c84fa94-04c1-424b-9868-57a2d4851a1d" />
    <TestEntry testId="2665ec77-f2c4-3c27-e75d-93d1cb83ce92" executionId="1ae632ce-ba43-4fe5-bfe9-321e23e7a4e4" testListId="8c84fa94-04c1-424b-9868-57a2d4851a1d" />
    <TestEntry testId="27563a31-6c9c-c1b2-7c6f-cfbc88311e88" executionId="c015e2f4-cb6f-468d-b215-3210a78329a3" testListId="8c84fa94-04c1-424b-9868-57a2d4851a1d" />
    <TestEntry testId="27e6cdd1-0452-1cb1-16c4-7576bb6d0538" executionId="1ee706f3-9499-43ef-ba19-3ed53d14d33e" testListId="8c84fa94-04c1-424b-9868-57a2d4851a1d" />
    <TestEntry testId="28a4ad86-b0f5-734b-2ffb-1771c0cae12f" executionId="31959b81-cd01-477a-90e7-d75c538ec846" testListId="8c84fa94-04c1-424b-9868-57a2d4851a1d" />
    <TestEntry testId="2a085327-6b89-00de-3f93-60ecccb235b6" executionId="e70787aa-56df-4007-931f-38a3a86a1f71" testListId="8c84fa94-04c1-424b-9868-57a2d4851a1d" />
    <TestEntry testId="2ba1906f-7dc1-cbb6-5d44-2eaa074ee001" executionId="44de049f-9a2f-48a6-a674-464a15ddc1b3" testListId="8c84fa94-04c1-424b-9868-57a2d4851a1d" />
    <TestEntry testId="2c561612-6ace-d4f5-3ea0-2b63589d272c" executionId="944197b5-7d94-4765-8c10-b8dd445092e2" testListId="8c84fa94-04c1-424b-9868-57a2d4851a1d" />
    <TestEntry testId="2d0a6e94-8989-8cc3-e286-44dd8a2f688e" executionId="2a3229cd-90ed-4658-b13c-837ad7a539aa" testListId="8c84fa94-04c1-424b-9868-57a2d4851a1d" />
    <TestEntry testId="2ddded08-79a3-ad3a-b587-dfc68dd5b5f5" executionId="918c6056-a7ca-4f98-86c8-c698e7c99286" testListId="8c84fa94-04c1-424b-9868-57a2d4851a1d" />
    <TestEntry testId="2eba2d30-d0c9-d10d-cb9f-e198704cb8fa" executionId="a8d1d160-257e-49bb-b68d-623276f7257c" testListId="8c84fa94-04c1-424b-9868-57a2d4851a1d" />
    <TestEntry testId="33728143-431e-2f80-b4cd-e190171f9673" executionId="37bc1b6c-f127-4c07-9b89-40777ad43a43" testListId="8c84fa94-04c1-424b-9868-57a2d4851a1d" />
    <TestEntry testId="363f19a2-0f65-4da3-ffe2-9ae3bd940a9f" executionId="5a5512be-c779-40db-b8bf-764ab601ea17" testListId="8c84fa94-04c1-424b-9868-57a2d4851a1d" />
    <TestEntry testId="3667ca38-1ee0-0f59-2de9-55990d91ad13" executionId="1a7966b0-af1d-4a2b-bc27-b16e481a1f38" testListId="8c84fa94-04c1-424b-9868-57a2d4851a1d" />
    <TestEntry testId="37d066c6-a6d7-b11a-9516-f3f197d5e44d" executionId="d4eec7a3-55b2-47fd-a42d-4d391384bb44" testListId="8c84fa94-04c1-424b-9868-57a2d4851a1d" />
    <TestEntry testId="38a50315-78cc-f677-cc67-a33e14f1587e" executionId="ae0f1d38-2d82-4337-911b-cdb4b73c1372" testListId="8c84fa94-04c1-424b-9868-57a2d4851a1d" />
    <TestEntry testId="39ba617e-74b7-ac1c-65b2-4df024e2d4e4" executionId="fe4eb0e6-bc70-4037-bc5a-117e609d2768" testListId="8c84fa94-04c1-424b-9868-57a2d4851a1d" />
    <TestEntry testId="3c877ef7-ef07-0820-9e58-ae76fdaedfb0" executionId="54b9302c-c3de-43ca-9e32-3053697295b5" testListId="8c84fa94-04c1-424b-9868-57a2d4851a1d" />
    <TestEntry testId="410ae35c-c491-52ff-8ca7-16593197aa91" executionId="7c4c625f-24c7-40d0-9256-e3d5fcbaedd4" testListId="8c84fa94-04c1-424b-9868-57a2d4851a1d" />
    <TestEntry testId="42e7e5a9-27d6-1424-520a-64446a479ac2" executionId="12b0b894-5751-4ef1-8532-50f65da68b41" testListId="8c84fa94-04c1-424b-9868-57a2d4851a1d" />
    <TestEntry testId="43bddf17-fba3-4d54-a157-cfcf7797ee39" executionId="844c5051-935e-437a-b6ef-f70cf28b3bee" testListId="8c84fa94-04c1-424b-9868-57a2d4851a1d" />
    <TestEntry testId="43da4eae-d92c-9ac3-0f26-5e5600a67e90" executionId="f31d829c-1f2d-4947-a7ec-9cd41ca2700a" testListId="8c84fa94-04c1-424b-9868-57a2d4851a1d" />
    <TestEntry testId="44b05242-b475-4635-6cec-78ec052b2688" executionId="9690ccbd-20d0-44cf-ab05-69a5d97fa9bb" testListId="8c84fa94-04c1-424b-9868-57a2d4851a1d" />
    <TestEntry testId="46d9bce1-2d0e-1aa8-e89e-b40f37783359" executionId="1b4e412d-6ef1-4686-af29-81fc1510810c" testListId="8c84fa94-04c1-424b-9868-57a2d4851a1d" />
    <TestEntry testId="477414b1-9ac6-06f2-392d-c549405cd3f3" executionId="36fb4d0c-f917-4b22-8cc4-22732a16990d" testListId="8c84fa94-04c1-424b-9868-57a2d4851a1d" />
    <TestEntry testId="4793d588-4a8f-7915-87f2-c97c11507ad4" executionId="a9fbe7e8-2e1d-4b29-b4c6-4e58b63324d3" testListId="8c84fa94-04c1-424b-9868-57a2d4851a1d" />
    <TestEntry testId="4a850093-e479-3127-1dc5-d67d3a9e4d1b" executionId="682c1b00-017b-4a3a-9d8c-b671b7b85a1e" testListId="8c84fa94-04c1-424b-9868-57a2d4851a1d" />
    <TestEntry testId="4bc081ab-bd87-c7e6-2e9a-ea9029e80e8b" executionId="268f8810-52a3-4752-9ed1-1ad7359b9c03" testListId="8c84fa94-04c1-424b-9868-57a2d4851a1d" />
    <TestEntry testId="5188b3d7-a77a-3054-7bc5-b06591dc325c" executionId="57b4f20f-e422-41f2-9ec0-7292f0dc3c49" testListId="8c84fa94-04c1-424b-9868-57a2d4851a1d" />
    <TestEntry testId="53e1544f-a9d2-75aa-fac6-a61041be5fb7" executionId="9ea3154d-015f-4214-8f8c-065ec2be545a" testListId="8c84fa94-04c1-424b-9868-57a2d4851a1d" />
    <TestEntry testId="57d98f0d-6038-69c7-9b96-75f22dd0e9dd" executionId="ac3dc61f-5eec-40ae-bdb3-b47b0cf06cd3" testListId="8c84fa94-04c1-424b-9868-57a2d4851a1d" />
    <TestEntry testId="59ff1f84-feae-06d2-b4cb-39b785e26703" executionId="50ed3f38-92d7-469e-9145-6d5d62a4d6e1" testListId="8c84fa94-04c1-424b-9868-57a2d4851a1d" />
    <TestEntry testId="5b690971-fd71-4f11-40a9-1c85ffb21c38" executionId="1e5b0e79-54f3-4363-9a4f-bd88fbf8eba4" testListId="8c84fa94-04c1-424b-9868-57a2d4851a1d" />
    <TestEntry testId="5d6cb36d-d345-b7c7-27f1-f7052ce8d166" executionId="f004d321-1d7e-426b-813d-5d71eed40819" testListId="8c84fa94-04c1-424b-9868-57a2d4851a1d" />
    <TestEntry testId="60936b2d-9f38-488c-d3bd-319a17b5f6ba" executionId="7e24d3b6-3086-4749-81ef-932a460abf92" testListId="8c84fa94-04c1-424b-9868-57a2d4851a1d" />
    <TestEntry testId="60b34790-3c9e-803c-efa2-bf0100cd18fd" executionId="80cdea36-f18e-42ec-ae9e-00c34ea35f2f" testListId="8c84fa94-04c1-424b-9868-57a2d4851a1d" />
    <TestEntry testId="60d191e8-f802-0c16-9722-35844f243666" executionId="6d8587a7-c0c2-4ec2-ae06-727b6466d16d" testListId="8c84fa94-04c1-424b-9868-57a2d4851a1d" />
    <TestEntry testId="6325cb50-8252-7333-a10e-129eb61d4a7d" executionId="d12a8a6a-844a-4698-81c5-50d0974c2042" testListId="8c84fa94-04c1-424b-9868-57a2d4851a1d" />
    <TestEntry testId="64afcefc-8af6-fc70-4ea7-766fc65f6c46" executionId="75ec1f6f-98c2-4f72-a017-a3063af47000" testListId="8c84fa94-04c1-424b-9868-57a2d4851a1d" />
    <TestEntry testId="6892221f-5432-520c-a667-6f10f84f4898" executionId="43e823ce-9f6e-4974-9135-f0e15478f07f" testListId="8c84fa94-04c1-424b-9868-57a2d4851a1d" />
    <TestEntry testId="68c724fc-1912-d9ac-d786-b1e6bb6c0994" executionId="c8c15821-f5af-4009-ba78-5294efa90b31" testListId="8c84fa94-04c1-424b-9868-57a2d4851a1d" />
    <TestEntry testId="696fca9c-b0b6-7ef6-000f-fc7546a49832" executionId="b3ec63f5-bb8c-4df9-9ac1-4784a554b410" testListId="8c84fa94-04c1-424b-9868-57a2d4851a1d" />
    <TestEntry testId="6a69abda-dfaa-a679-b661-02cd5293c0bd" executionId="97faf188-ff2f-4323-81f1-0c74f5871ede" testListId="8c84fa94-04c1-424b-9868-57a2d4851a1d" />
    <TestEntry testId="6e2099d5-ff03-21ed-7c09-0bc58519434c" executionId="9e12a749-0588-44ff-a333-ec02fc3a1aa7" testListId="8c84fa94-04c1-424b-9868-57a2d4851a1d" />
    <TestEntry testId="6f525a40-dadd-7cc4-eb37-95f1d91a14c9" executionId="10c405d6-3d63-453d-9afb-b2928a2ab0c2" testListId="8c84fa94-04c1-424b-9868-57a2d4851a1d" />
    <TestEntry testId="71dbce06-b24d-82d9-d3a9-b8664de5dbbb" executionId="c6ee7a79-d04a-4005-9bfe-6e296cc2c890" testListId="8c84fa94-04c1-424b-9868-57a2d4851a1d" />
    <TestEntry testId="72c59001-deaf-0f88-ce47-97c9b2e78292" executionId="85a217a5-e284-49f2-8765-26c5550e12d1" testListId="8c84fa94-04c1-424b-9868-57a2d4851a1d" />
    <TestEntry testId="73696332-8582-b3f8-3487-a0e8978d60e1" executionId="27bc9810-a1a5-4447-adb1-c9246bd82963" testListId="8c84fa94-04c1-424b-9868-57a2d4851a1d" />
    <TestEntry testId="74b1b58c-e814-5670-35a0-d1446a9967fd" executionId="f26a82e2-a64e-41be-9272-57d41630eebc" testListId="8c84fa94-04c1-424b-9868-57a2d4851a1d" />
    <TestEntry testId="751e279c-34dc-9434-036d-cf7c6e4fd783" executionId="170418d1-3ee2-4c0d-b818-7c035cacb803" testListId="8c84fa94-04c1-424b-9868-57a2d4851a1d" />
    <TestEntry testId="757e1e4a-ca0e-7dc8-c1f0-7e6c91ba8ea0" executionId="389d863c-786e-4b3a-abf3-e821d3cb797b" testListId="8c84fa94-04c1-424b-9868-57a2d4851a1d" />
    <TestEntry testId="76c47d34-63a4-0479-90e7-a8d089e0dd93" executionId="305eec3c-eccc-4fff-a95a-2c5cf6af46cd" testListId="8c84fa94-04c1-424b-9868-57a2d4851a1d" />
    <TestEntry testId="77c82c9f-520d-04a5-8c33-19a0d6332eaa" executionId="11c6e3cd-979f-4297-be4b-ce500a94e854" testListId="8c84fa94-04c1-424b-9868-57a2d4851a1d" />
    <TestEntry testId="78a9f8b3-1879-e741-9ade-1dee019c141b" executionId="e06162c9-7713-4da2-acfe-de91bfd8089f" testListId="8c84fa94-04c1-424b-9868-57a2d4851a1d" />
    <TestEntry testId="79a63e0f-ba0e-a5dc-0d5c-dc38d27e7aa1" executionId="019a371d-f050-4555-8df3-97d87c608953" testListId="8c84fa94-04c1-424b-9868-57a2d4851a1d" />
    <TestEntry testId="7a945366-5dc8-bde8-17f1-4ebf2f832448" executionId="cfd598fa-6966-46d8-ad32-2a39c7375d0e" testListId="8c84fa94-04c1-424b-9868-57a2d4851a1d" />
    <TestEntry testId="7b7bd90a-9390-9d92-5600-532eb0a44a2a" executionId="dfa1ec71-d235-444d-b6e6-dfb750f836d1" testListId="8c84fa94-04c1-424b-9868-57a2d4851a1d" />
    <TestEntry testId="82c21a02-0eaa-b33b-6618-e225964dbef2" executionId="d3574bc9-6590-43ba-b3ca-bcec6636a20c" testListId="8c84fa94-04c1-424b-9868-57a2d4851a1d" />
    <TestEntry testId="82d93e8f-20e5-8c41-b9f1-1d42beccc7c0" executionId="d783ee92-df98-4202-8a3e-0100a134cfe2" testListId="8c84fa94-04c1-424b-9868-57a2d4851a1d" />
    <TestEntry testId="8464698d-61d5-d408-819d-53311ef832f8" executionId="649baeab-5e98-4e51-9a54-a47d7dfee7a5" testListId="8c84fa94-04c1-424b-9868-57a2d4851a1d" />
    <TestEntry testId="88eff91e-3ca2-b202-c4d3-20146aaa990f" executionId="eeedc927-9e2c-4715-acb0-8c48d1951089" testListId="8c84fa94-04c1-424b-9868-57a2d4851a1d" />
    <TestEntry testId="8c631ab0-9081-f239-8e5b-8f0f7f274cb2" executionId="143cecc4-8de2-4e1a-885f-2f9b4ba170c4" testListId="8c84fa94-04c1-424b-9868-57a2d4851a1d" />
    <TestEntry testId="8d450b91-f2a6-e64d-c4a7-eee63e8851da" executionId="ed8c3ce6-2169-4e78-bc2a-32bd62e301e7" testListId="8c84fa94-04c1-424b-9868-57a2d4851a1d" />
    <TestEntry testId="8e8c4b00-453c-ac9a-23f7-d441cdf71296" executionId="6812d036-35c6-4139-a2a8-02144b219846" testListId="8c84fa94-04c1-424b-9868-57a2d4851a1d" />
    <TestEntry testId="8f23a447-15d5-92c8-a4fb-7722c21b1c07" executionId="3937f305-aa39-4538-a45b-8d09f01ecde9" testListId="8c84fa94-04c1-424b-9868-57a2d4851a1d" />
    <TestEntry testId="91497819-ba2a-f2e9-9418-b935f4653def" executionId="5d268f34-8b58-4ba9-a9f0-1ea1caae8c1e" testListId="8c84fa94-04c1-424b-9868-57a2d4851a1d" />
    <TestEntry testId="94211d25-4f01-6a4f-21c4-290dd165eb14" executionId="55b13077-e8aa-4258-9456-25d050d2d782" testListId="8c84fa94-04c1-424b-9868-57a2d4851a1d" />
    <TestEntry testId="96fb1f26-cf56-3c03-ade6-884985acd8d7" executionId="e83a7f8e-ea16-450b-bae2-51c498d598c2" testListId="8c84fa94-04c1-424b-9868-57a2d4851a1d" />
    <TestEntry testId="98d79b4f-0fef-791a-b39b-89c03b95d3e3" executionId="348d18e7-f529-4b43-8c8d-78bd4b0970f6" testListId="8c84fa94-04c1-424b-9868-57a2d4851a1d" />
    <TestEntry testId="999cd32d-d69f-3834-8d48-f15d37fd5243" executionId="37cc66b3-0f5b-4519-b10c-100949fe2c7f" testListId="8c84fa94-04c1-424b-9868-57a2d4851a1d" />
    <TestEntry testId="9f7c8e27-eadb-ceef-1191-65859b891fab" executionId="f19539a8-3b5f-4245-8a06-0a76f001bac4" testListId="8c84fa94-04c1-424b-9868-57a2d4851a1d" />
    <TestEntry testId="a44cf039-3a08-31a6-19c4-66a5660ef220" executionId="5c7f972c-447b-437a-ba2b-d2a720b12ab3" testListId="8c84fa94-04c1-424b-9868-57a2d4851a1d" />
    <TestEntry testId="a783754e-a02b-a257-f4ac-f48395928085" executionId="6cc94d26-bcc4-4623-8be1-c5cbf585d28a" testListId="8c84fa94-04c1-424b-9868-57a2d4851a1d" />
    <TestEntry testId="a8bf43a7-c593-21c5-b353-6a677fedb6e1" executionId="a10265f3-f96a-4aac-84e9-20eaba0acc87" testListId="8c84fa94-04c1-424b-9868-57a2d4851a1d" />
    <TestEntry testId="a91c3d07-7c7d-1fe6-99ad-80e4a1548474" executionId="b79e4cfa-aa34-487c-9b48-060e315e658f" testListId="8c84fa94-04c1-424b-9868-57a2d4851a1d" />
    <TestEntry testId="abcb6bdb-8479-892d-4456-095226c976bc" executionId="16f7556f-00c6-4943-b378-9a5933751c6e" testListId="8c84fa94-04c1-424b-9868-57a2d4851a1d" />
    <TestEntry testId="b0dad42f-cacf-b7c8-3bc2-1641e13c9caa" executionId="a142bc50-1627-4088-bb4a-7fd66bd7ee4d" testListId="8c84fa94-04c1-424b-9868-57a2d4851a1d" />
    <TestEntry testId="b8bd6fa3-7b0e-dbc4-d1ea-17a66d88e614" executionId="31a43301-4be5-4710-985e-1e5a9f072321" testListId="8c84fa94-04c1-424b-9868-57a2d4851a1d" />
    <TestEntry testId="bb2112d4-68ef-15b6-48ec-73b20e57caa9" executionId="199e2f9f-31c0-4643-8184-218bb0778244" testListId="8c84fa94-04c1-424b-9868-57a2d4851a1d" />
    <TestEntry testId="bb2f1794-72bc-c3ce-3c94-a7e6c21d4812" executionId="92e9a6e3-3e77-4cf7-8c40-3ff1f8a8a69c" testListId="8c84fa94-04c1-424b-9868-57a2d4851a1d" />
    <TestEntry testId="bb759e7e-2161-1c79-ee60-b7766df2bd3f" executionId="3470387f-31ec-4ba7-8b19-71a71c91f26c" testListId="8c84fa94-04c1-424b-9868-57a2d4851a1d" />
    <TestEntry testId="bbbb69a9-ef38-b5dc-de66-8e150133f998" executionId="cc36a148-80f1-4676-bbdc-964bb932e4c8" testListId="8c84fa94-04c1-424b-9868-57a2d4851a1d" />
    <TestEntry testId="bf34bac0-1211-e38d-1273-9a3107460eaa" executionId="7bafb3a0-edee-4007-8169-9ace19ff80f1" testListId="8c84fa94-04c1-424b-9868-57a2d4851a1d" />
    <TestEntry testId="bf3ea6c6-ab88-4696-72a1-f31917a72c6c" executionId="c5f7b874-9b7c-4dbb-b688-70c227d77294" testListId="8c84fa94-04c1-424b-9868-57a2d4851a1d" />
    <TestEntry testId="c09a892a-1cf8-8734-95e1-5859c143f708" executionId="787522de-ba11-40f2-8aa2-24a92d475735" testListId="8c84fa94-04c1-424b-9868-57a2d4851a1d" />
    <TestEntry testId="c2c53443-9c7d-40b6-5a5a-6d158c6cf141" executionId="691746e6-8598-492a-a191-e038b5129e69" testListId="8c84fa94-04c1-424b-9868-57a2d4851a1d" />
    <TestEntry testId="c40af560-ccd4-15d1-681a-d268a1e88a1c" executionId="09f7b27f-b7bd-43bb-930e-0f7573193d5d" testListId="8c84fa94-04c1-424b-9868-57a2d4851a1d" />
    <TestEntry testId="c564bf77-b387-e233-53e7-c5c85a463602" executionId="db22d074-5260-4f90-a5b4-f2e20371dcc3" testListId="8c84fa94-04c1-424b-9868-57a2d4851a1d" />
    <TestEntry testId="c5bc7be4-1c6a-1e48-0dbd-f119f73d764c" executionId="9c6140da-06dc-40a0-89bb-454fc952138f" testListId="8c84fa94-04c1-424b-9868-57a2d4851a1d" />
    <TestEntry testId="c5cbe3b9-5203-897f-6c97-10b52d6a9698" executionId="aea7c404-d562-4b27-be14-e33ac7dd55a0" testListId="8c84fa94-04c1-424b-9868-57a2d4851a1d" />
    <TestEntry testId="c6c229fe-82f0-9917-4112-b9f4fc6d4ce9" executionId="4abd7a5f-8cd5-4862-b338-390ce41eeb03" testListId="8c84fa94-04c1-424b-9868-57a2d4851a1d" />
    <TestEntry testId="c8e9fa12-63fb-548e-6319-248eaeb1ba50" executionId="afcde333-0196-41bb-a4aa-256b1f45a90e" testListId="8c84fa94-04c1-424b-9868-57a2d4851a1d" />
    <TestEntry testId="c966b980-8b4f-c10a-2879-8a06a8c7add4" executionId="1c9034fc-a020-44aa-9563-2bdcee1ad58b" testListId="8c84fa94-04c1-424b-9868-57a2d4851a1d" />
    <TestEntry testId="cc560ad4-66d2-6e1b-fa1e-c1f8f0f47258" executionId="fb9d87cd-db1a-4e3c-a976-f2236f0c35e6" testListId="8c84fa94-04c1-424b-9868-57a2d4851a1d" />
    <TestEntry testId="cd0a2e1f-d61d-9cba-b24e-96406e906f5d" executionId="e83759d6-919f-4020-ad51-2a30f71f5927" testListId="8c84fa94-04c1-424b-9868-57a2d4851a1d" />
    <TestEntry testId="cd2ddf59-b1d1-4ffd-b77a-55d96a13b533" executionId="f7ccca10-11c1-43a8-b90a-7ea3397dd571" testListId="8c84fa94-04c1-424b-9868-57a2d4851a1d" />
    <TestEntry testId="cecd7ff2-d148-29e8-850a-7574ad3e7580" executionId="6cb1f534-c9cd-4410-b67f-b1306b98cc37" testListId="8c84fa94-04c1-424b-9868-57a2d4851a1d" />
    <TestEntry testId="cff26abc-fddb-ef75-0bf4-49cf50880ca7" executionId="d42fe556-214d-406c-8b00-5cc86c65e0b3" testListId="8c84fa94-04c1-424b-9868-57a2d4851a1d" />
    <TestEntry testId="d3eb6b18-b89c-308d-2472-f70947e6c57b" executionId="6092d0ab-131b-4996-8537-90b5d399ea83" testListId="8c84fa94-04c1-424b-9868-57a2d4851a1d" />
    <TestEntry testId="d4034162-71c0-cb22-9a98-76a42e56e55e" executionId="5d77cd21-b1f1-490a-8321-7275445ead2f" testListId="8c84fa94-04c1-424b-9868-57a2d4851a1d" />
    <TestEntry testId="d5acc190-8ff6-3621-55ca-bde560b60f80" executionId="2f132752-00ca-49f0-8507-640efaa94426" testListId="8c84fa94-04c1-424b-9868-57a2d4851a1d" />
    <TestEntry testId="d7dcf4df-b012-3cb2-f383-e4a465f466d1" executionId="6c1f89ef-5719-416e-90bf-e7fcc18dfbae" testListId="8c84fa94-04c1-424b-9868-57a2d4851a1d" />
    <TestEntry testId="ddde0ed2-12a5-9bf8-2fdd-b32f11508a59" executionId="f2300215-5e1d-4c6e-85ba-77be2f5f469c" testListId="8c84fa94-04c1-424b-9868-57a2d4851a1d" />
    <TestEntry testId="de307af2-1c44-a9c2-0624-80b438a3400b" executionId="53a4febb-04c5-4216-b49d-0aad65a0c016" testListId="8c84fa94-04c1-424b-9868-57a2d4851a1d" />
    <TestEntry testId="dfede4a0-4add-37a3-8cce-099c64499527" executionId="654f9efc-a8a2-46a7-8509-f9c2819186f0" testListId="8c84fa94-04c1-424b-9868-57a2d4851a1d" />
    <TestEntry testId="e1d67ae5-71d9-5872-41a1-7a2a4d910702" executionId="83ed61e7-c075-417d-b69b-ce2c01bb9d94" testListId="8c84fa94-04c1-424b-9868-57a2d4851a1d" />
    <TestEntry testId="e22ce867-04ec-cc74-8f00-0fdb0256cb9f" executionId="5da5d8f6-c697-4253-b318-3d7b48230720" testListId="8c84fa94-04c1-424b-9868-57a2d4851a1d" />
    <TestEntry testId="e454c39b-e973-6bea-bc19-3dd352fe2860" executionId="6bd4025f-7535-4d28-a4e1-11ca996cb9a0" testListId="8c84fa94-04c1-424b-9868-57a2d4851a1d" />
    <TestEntry testId="e4a0643c-ded2-0a34-7284-5a78ff072139" executionId="4042c756-0652-4f25-92cd-debe7af44be4" testListId="8c84fa94-04c1-424b-9868-57a2d4851a1d" />
    <TestEntry testId="e51e2c6f-d445-6901-d7cc-9c752d9465ed" executionId="e8c19a47-b652-4390-87ce-b6cf7a9f6b2f" testListId="8c84fa94-04c1-424b-9868-57a2d4851a1d" />
    <TestEntry testId="e599cad1-eda4-094c-45c1-605d2f0e5702" executionId="13178916-341f-46fb-b5d3-d07ad10992c2" testListId="8c84fa94-04c1-424b-9868-57a2d4851a1d" />
    <TestEntry testId="e6bad939-5185-804d-09f5-03d6b8675f35" executionId="2e45c952-7174-49fd-8614-9bccef3c8c68" testListId="8c84fa94-04c1-424b-9868-57a2d4851a1d" />
    <TestEntry testId="e9aa986f-7293-c98f-9d6b-6050f52118de" executionId="731e3549-8192-4592-a8ad-c07c6f042c5c" testListId="8c84fa94-04c1-424b-9868-57a2d4851a1d" />
    <TestEntry testId="eaffb742-992c-e34c-dbe5-be3438e36b95" executionId="eadc2dd7-1ca9-4d61-bed0-f3f6d869fc16" testListId="8c84fa94-04c1-424b-9868-57a2d4851a1d" />
    <TestEntry testId="f01f9398-de8a-e114-4944-4c3877e413a9" executionId="1d2f5282-baba-4e45-946d-fd36b7c99aeb" testListId="8c84fa94-04c1-424b-9868-57a2d4851a1d" />
    <TestEntry testId="f1f50432-1bf0-de96-51bb-b6443df4774c" executionId="cf7c38e6-d19f-4e73-82ad-5593d1598dcd" testListId="8c84fa94-04c1-424b-9868-57a2d4851a1d" />
    <TestEntry testId="fc3e1a26-3625-7f18-819c-6724010eb1dd" executionId="b60017fa-e2c1-4cd1-b4cb-67be36c6a674" testListId="8c84fa94-04c1-424b-9868-57a2d4851a1d" />
    <TestEntry testId="fe21a7fe-170b-9452-5951-05d7fa59464e" executionId="d161f70d-640c-4e51-b477-0060747664f9" testListId="8c84fa94-04c1-424b-9868-57a2d4851a1d" />
    <TestEntry testId="ff5ca805-f71b-e477-63b1-db8e8b29d28e" executionId="1d2957ee-d46e-4594-a35b-fbbeaccbd53b" testListId="8c84fa94-04c1-424b-9868-57a2d4851a1d" />
  </TestEntries>
  <Results>
    <UnitTestResult executionId="a51767f4-87e5-439a-a48c-4ca096cd3286" testId="002cf2ca-edf2-8bcf-43d5-0c3f0f84c4f5" testName="un_deserializador_de_filtros_deberia_poder_desserializar_un_filtro_de_documentos_por_numero_de_ticket" computerName="MDS-RH-0002" duration="00:00:00.2759707" startTime="2013-01-30T16:34:57.0109091-03:00" endTime="2013-01-30T16:34:57.7139794-03:00" testType="13cdc9d9-ddb5-4fa4-a97d-d965ccfc6d4b" outcome="Passed" testListId="8c84fa94-04c1-424b-9868-57a2d4851a1d" relativeResultsDirectory="a51767f4-87e5-439a-a48c-4ca096cd3286">
    </UnitTestResult>
    <UnitTestResult executionId="0c00deb2-aadb-491c-8c03-d20c69861601" testId="02698425-13df-8609-0cad-f65978180f81" testName="no_se_debe_permitir_crear_un_organigrama_donde_tenga_mas_de_un_area_superior_final" computerName="MDS-RH-0002" duration="00:00:00.0083143" startTime="2013-01-30T16:34:57.7149795-03:00" endTime="2013-01-30T16:34:57.7259806-03:00" testType="13cdc9d9-ddb5-4fa4-a97d-d965ccfc6d4b" outcome="Passed" testListId="8c84fa94-04c1-424b-9868-57a2d4851a1d" relativeResultsDirectory="0c00deb2-aadb-491c-8c03-d20c69861601">
    </UnitTestResult>
    <UnitTestResult executionId="492a6fb6-07e1-4377-a313-e30e5545a189" testId="03a6a885-b427-a1c0-9f18-eab8c39d83dc" testName="dada_un_area__con_3_asistentes_deberia_obtener_en_una_unica_area_unico_registro_y_los_3_asistentes_incluido_en_el_area" computerName="MDS-RH-0002" duration="00:00:00.0584724" startTime="2013-01-30T16:34:57.7279808-03:00" endTime="2013-01-30T16:34:57.7889869-03:00" testType="13cdc9d9-ddb5-4fa4-a97d-d965ccfc6d4b" outcome="Passed" testListId="8c84fa94-04c1-424b-9868-57a2d4851a1d" relativeResultsDirectory="492a6fb6-07e1-4377-a313-e30e5545a189">
    </UnitTestResult>
    <UnitTestResult executionId="d03f1b89-e86d-43cf-b6fe-0062e1ee0e27" testId="043dc452-5b80-2a1c-5140-d90d565722bc" testName="Un_organigrama_deberia_poder_decirme_todas_las_areas_inferiores_a_un_area_dada_con_una_estructura_lineal" computerName="MDS-RH-0002" duration="00:00:00.0020595" startTime="2013-01-30T16:34:57.7909871-03:00" endTime="2013-01-30T16:34:57.7959876-03:00" testType="13cdc9d9-ddb5-4fa4-a97d-d965ccfc6d4b" outcome="Passed" testListId="8c84fa94-04c1-424b-9868-57a2d4851a1d" relativeResultsDirectory="d03f1b89-e86d-43cf-b6fe-0062e1ee0e27">
    </UnitTestResult>
    <UnitTestResult executionId="1727a47e-7f4e-4868-8ae6-206422014ff8" testId="06dca5fe-5ce6-35f4-b6c7-96dea566a67f" testName="deberia_poder_crear_un_organigrama_lineal_con_cuatro_areas" computerName="MDS-RH-0002" duration="00:00:00.0004723" startTime="2013-01-30T16:34:57.7969877-03:00" endTime="2013-01-30T16:34:57.7999880-03:00" testType="13cdc9d9-ddb5-4fa4-a97d-d965ccfc6d4b" outcome="Passed" testListId="8c84fa94-04c1-424b-9868-57a2d4851a1d" relativeResultsDirectory="1727a47e-7f4e-4868-8ae6-206422014ff8">
    </UnitTestResult>
    <UnitTestResult executionId="427f2e3c-d957-410d-9350-c9bd0a1d2cb4" testId="07c6ae9a-6a82-fa4b-680a-96e32253ef51" testName="deberia_poder_conocer_los_dias_de_cursada_de_un_curso_para_un_mes" computerName="MDS-RH-0002" duration="00:00:00.0198060" startTime="2013-01-30T16:34:57.8019882-03:00" endTime="2013-01-30T16:34:57.8279908-03:00" testType="13cdc9d9-ddb5-4fa4-a97d-d965ccfc6d4b" outcome="Passed" testListId="8c84fa94-04c1-424b-9868-57a2d4851a1d" relativeResultsDirectory="427f2e3c-d957-410d-9350-c9bd0a1d2cb4">
    </UnitTestResult>
    <UnitTestResult executionId="bfa9acf5-f0be-43d5-83c4-2e6e5db52276" testId="086213ff-7e23-a50c-0de2-c7f0fd67fbca" testName="no_se_puede_solicitar_el_área_superior_del_área_maxima_sino_que_debería_dar_una_excepción" computerName="MDS-RH-0002" duration="00:00:00.0006016" startTime="2013-01-30T16:34:57.8299910-03:00" endTime="2013-01-30T16:34:57.8329913-03:00" testType="13cdc9d9-ddb5-4fa4-a97d-d965ccfc6d4b" outcome="Passed" testListId="8c84fa94-04c1-424b-9868-57a2d4851a1d" relativeResultsDirectory="bfa9acf5-f0be-43d5-83c4-2e6e5db52276">
    </UnitTestResult>
    <UnitTestResult executionId="1566609b-4e5b-45e7-9e54-1f9c6dff50e7" testId="18a1cd9e-1ae4-3656-14a0-ac543707a055" testName="deberia_devolver_la_zona_Metro_con_dos_provincias_diferentes" computerName="MDS-RH-0002" duration="00:00:00.0062070" startTime="2013-01-30T16:34:57.8349915-03:00" endTime="2013-01-30T16:34:57.8439924-03:00" testType="13cdc9d9-ddb5-4fa4-a97d-d965ccfc6d4b" outcome="Passed" testListId="8c84fa94-04c1-424b-9868-57a2d4851a1d" relativeResultsDirectory="1566609b-4e5b-45e7-9e54-1f9c6dff50e7">
    </UnitTestResult>
    <UnitTestResult executionId="efc0cde8-a5ae-4245-88e5-1d3e05962da0" testId="1b646755-e25c-9dea-839f-b5f817062984" testName="deberia_poder_obtener_los_ids_de_las_entidades_seleccionadas" computerName="MDS-RH-0002" duration="00:00:00.0030773" startTime="2013-01-30T16:34:57.8459926-03:00" endTime="2013-01-30T16:34:57.8519932-03:00" testType="13cdc9d9-ddb5-4fa4-a97d-d965ccfc6d4b" outcome="Passed" testListId="8c84fa94-04c1-424b-9868-57a2d4851a1d" relativeResultsDirectory="efc0cde8-a5ae-4245-88e5-1d3e05962da0">
    </UnitTestResult>
    <UnitTestResult executionId="1f57a8ec-3af4-45f1-b754-feddeb845732" testId="1bbef477-4f31-cfec-a6a8-6e1b0892c5f9" testName="deberia_devolver_region_METRO_con_BuenosAires_con_una_localidad" computerName="MDS-RH-0002" duration="00:00:00.0022135" startTime="2013-01-30T16:34:57.8539934-03:00" endTime="2013-01-30T16:34:57.8589939-03:00" testType="13cdc9d9-ddb5-4fa4-a97d-d965ccfc6d4b" outcome="Passed" testListId="8c84fa94-04c1-424b-9868-57a2d4851a1d" relativeResultsDirectory="1f57a8ec-3af4-45f1-b754-feddeb845732">
    </UnitTestResult>
    <UnitTestResult executionId="6677d55d-da63-4f87-9589-834337c8e084" testId="1f3c9d7b-63ee-b9a1-f8d0-46e85a0a6255" testName="deberia_poder_obtener_todos_los_tipos_de_documento_con_su_sigla" computerName="MDS-RH-0002" duration="00:00:00.0036809" startTime="2013-01-30T16:34:57.8609941-03:00" endTime="2013-01-30T16:34:57.8679948-03:00" testType="13cdc9d9-ddb5-4fa4-a97d-d965ccfc6d4b" outcome="Passed" testListId="8c84fa94-04c1-424b-9868-57a2d4851a1d" relativeResultsDirectory="6677d55d-da63-4f87-9589-834337c8e084">
    </UnitTestResult>
    <UnitTestResult executionId="3636e077-6652-4a71-b610-4105c908756c" testId="219a2093-b6f2-f229-ae69-0108da5c2d8d" testName="no_deberia_poder_guardarse_un_documento_sin_categoria" computerName="MDS-RH-0002" duration="00:00:00.0017099" startTime="2013-01-30T16:34:57.8689949-03:00" endTime="2013-01-30T16:34:57.8739954-03:00" testType="13cdc9d9-ddb5-4fa4-a97d-d965ccfc6d4b" outcome="Passed" testListId="8c84fa94-04c1-424b-9868-57a2d4851a1d" relativeResultsDirectory="3636e077-6652-4a71-b610-4105c908756c">
    </UnitTestResult>
    <UnitTestResult executionId="1c9cefd0-af55-419e-9049-63b63e3a1f6b" testId="225e3e53-1987-0065-f209-06ded52d42cd" testName="al_solicitarle_todas_las_areas_inferiores_de_marta_deberia_traerme_faby_yfabyB" computerName="MDS-RH-0002" duration="00:00:00.0004296" startTime="2013-01-30T16:34:57.8749955-03:00" endTime="2013-01-30T16:34:57.8779958-03:00" testType="13cdc9d9-ddb5-4fa4-a97d-d965ccfc6d4b" outcome="Passed" testListId="8c84fa94-04c1-424b-9868-57a2d4851a1d" relativeResultsDirectory="1c9cefd0-af55-419e-9049-63b63e3a1f6b">
    </UnitTestResult>
    <UnitTestResult executionId="be277f33-afe9-45ec-a94a-99e3089d79c1" testId="22fef842-2be2-549e-28ca-decc4b2f83c4" testName="no_se_debe_permitir_crear_un_organigrama_donde_las_areas_y_las_dependencias_son_vacias" computerName="MDS-RH-0002" duration="00:00:00.0004315" startTime="2013-01-30T16:34:57.8799960-03:00" endTime="2013-01-30T16:34:57.8849965-03:00" testType="13cdc9d9-ddb5-4fa4-a97d-d965ccfc6d4b" outcome="Passed" testListId="8c84fa94-04c1-424b-9868-57a2d4851a1d" relativeResultsDirectory="be277f33-afe9-45ec-a94a-99e3089d79c1">
    </UnitTestResult>
    <UnitTestResult executionId="455662d7-1e8d-4702-903c-722ded547f27" testId="25415686-6584-7e2c-956a-c8ad4a11141c" testName="al_buscar_en_una_lista_de_áreas_por_Asistentes_de_área_a_Ana_debe_traer_dos_areas_donde_existen_dos_personas_llamadas_Ana_que_son_secreatarias_en_cada_area" computerName="MDS-RH-0002" duration="00:00:00.0046803" startTime="2013-01-30T16:34:57.8869967-03:00" endTime="2013-01-30T16:34:57.8949975-03:00" testType="13cdc9d9-ddb5-4fa4-a97d-d965ccfc6d4b" outcome="Passed" testListId="8c84fa94-04c1-424b-9868-57a2d4851a1d" relativeResultsDirectory="455662d7-1e8d-4702-903c-722ded547f27">
    </UnitTestResult>
    <UnitTestResult executionId="1ae632ce-ba43-4fe5-bfe9-321e23e7a4e4" testId="2665ec77-f2c4-3c27-e75d-93d1cb83ce92" testName="se_le_deberia_poder_pedir_a_un_area_su_nombre_completo_con_el_alias" computerName="MDS-RH-0002" duration="00:00:00.0034476" startTime="2013-01-30T16:34:57.8969977-03:00" endTime="2013-01-30T16:34:57.9039984-03:00" testType="13cdc9d9-ddb5-4fa4-a97d-d965ccfc6d4b" outcome="Passed" testListId="8c84fa94-04c1-424b-9868-57a2d4851a1d" relativeResultsDirectory="1ae632ce-ba43-4fe5-bfe9-321e23e7a4e4">
    </UnitTestResult>
    <UnitTestResult executionId="c015e2f4-cb6f-468d-b215-3210a78329a3" testId="27563a31-6c9c-c1b2-7c6f-cfbc88311e88" testName="dado_a_quiero_b" computerName="MDS-RH-0002" duration="00:00:00.0017296" startTime="2013-01-30T16:34:57.9049985-03:00" endTime="2013-01-30T16:34:57.9099990-03:00" testType="13cdc9d9-ddb5-4fa4-a97d-d965ccfc6d4b" outcome="Passed" testListId="8c84fa94-04c1-424b-9868-57a2d4851a1d" relativeResultsDirectory="c015e2f4-cb6f-468d-b215-3210a78329a3">
    </UnitTestResult>
    <UnitTestResult executionId="1ee706f3-9499-43ef-ba19-3ed53d14d33e" testId="27e6cdd1-0452-1cb1-16c4-7576bb6d0538" testName="deberia_poder_agregarle_cabeceras_de_columna_a_una_tabla" computerName="MDS-RH-0002" duration="00:00:00.0016764" startTime="2013-01-30T16:34:57.9109991-03:00" endTime="2013-01-30T16:34:57.9159996-03:00" testType="13cdc9d9-ddb5-4fa4-a97d-d965ccfc6d4b" outcome="Passed" testListId="8c84fa94-04c1-424b-9868-57a2d4851a1d" relativeResultsDirectory="1ee706f3-9499-43ef-ba19-3ed53d14d33e">
    </UnitTestResult>
    <UnitTestResult executionId="31959b81-cd01-477a-90e7-d75c538ec846" testId="28a4ad86-b0f5-734b-2ffb-1771c0cae12f" testName="deberia_traer_viaticos_que_esten_de_la_areas_939_54_16_de_la_provincia_CORDOBA_SALTA_perido_011012_al_261012" computerName="MDS-RH-0002" duration="00:00:00.0108404" startTime="2013-01-30T16:34:57.9169997-03:00" endTime="2013-01-30T16:34:57.9310011-03:00" testType="13cdc9d9-ddb5-4fa4-a97d-d965ccfc6d4b" outcome="Passed" testListId="8c84fa94-04c1-424b-9868-57a2d4851a1d" relativeResultsDirectory="31959b81-cd01-477a-90e7-d75c538ec846">
    </UnitTestResult>
    <UnitTestResult executionId="e70787aa-56df-4007-931f-38a3a86a1f71" testId="2a085327-6b89-00de-3f93-60ecccb235b6" testName="deberia_poder_tener_los_checkboxes_seleccionados_de_un_request" computerName="MDS-RH-0002" duration="00:00:00.0003245" startTime="2013-01-30T16:34:57.9320012-03:00" endTime="2013-01-30T16:34:57.9350015-03:00" testType="13cdc9d9-ddb5-4fa4-a97d-d965ccfc6d4b" outcome="Passed" testListId="8c84fa94-04c1-424b-9868-57a2d4851a1d" relativeResultsDirectory="e70787aa-56df-4007-931f-38a3a86a1f71">
    </UnitTestResult>
    <UnitTestResult executionId="44de049f-9a2f-48a6-a674-464a15ddc1b3" testId="2ba1906f-7dc1-cbb6-5d44-2eaa074ee001" testName="deberia_traer_las_personas_que_mas_solicitaron_viaticos_en_011012_261012" computerName="MDS-RH-0002" duration="00:00:00.0046853" startTime="2013-01-30T16:34:57.9360016-03:00" endTime="2013-01-30T16:34:57.9440024-03:00" testType="13cdc9d9-ddb5-4fa4-a97d-d965ccfc6d4b" outcome="Passed" testListId="8c84fa94-04c1-424b-9868-57a2d4851a1d" relativeResultsDirectory="44de049f-9a2f-48a6-a674-464a15ddc1b3">
    </UnitTestResult>
    <UnitTestResult executionId="944197b5-7d94-4765-8c10-b8dd445092e2" testId="2c561612-6ace-d4f5-3ea0-2b63589d272c" testName="fabian_deberia_tener_solo_un_area_con_un_asistente" computerName="MDS-RH-0002" duration="00:00:00.0088598" startTime="2013-01-30T16:34:57.9450025-03:00" endTime="2013-01-30T16:34:57.9570037-03:00" testType="13cdc9d9-ddb5-4fa4-a97d-d965ccfc6d4b" outcome="Passed" testListId="8c84fa94-04c1-424b-9868-57a2d4851a1d" relativeResultsDirectory="944197b5-7d94-4765-8c10-b8dd445092e2">
    </UnitTestResult>
    <UnitTestResult executionId="2a3229cd-90ed-4658-b13c-837ad7a539aa" testId="2d0a6e94-8989-8cc3-e286-44dd8a2f688e" testName="deberia_poder_crear_un_checkbox_con_id_segun_la_entidad" computerName="MDS-RH-0002" duration="00:00:00.0003915" startTime="2013-01-30T16:34:57.9580038-03:00" endTime="2013-01-30T16:34:57.9620042-03:00" testType="13cdc9d9-ddb5-4fa4-a97d-d965ccfc6d4b" outcome="Passed" testListId="8c84fa94-04c1-424b-9868-57a2d4851a1d" relativeResultsDirectory="2a3229cd-90ed-4658-b13c-837ad7a539aa">
    </UnitTestResult>
    <UnitTestResult executionId="918c6056-a7ca-4f98-86c8-c698e7c99286" testId="2ddded08-79a3-ad3a-b587-dfc68dd5b5f5" testName="deberia_poder_validar_si_un_objeto_es_nulo" computerName="MDS-RH-0002" duration="00:00:00.0004669" startTime="2013-01-30T16:34:57.9640044-03:00" endTime="2013-01-30T16:34:57.9670047-03:00" testType="13cdc9d9-ddb5-4fa4-a97d-d965ccfc6d4b" outcome="Passed" testListId="8c84fa94-04c1-424b-9868-57a2d4851a1d" relativeResultsDirectory="918c6056-a7ca-4f98-86c8-c698e7c99286">
    </UnitTestResult>
    <UnitTestResult executionId="a8d1d160-257e-49bb-b68d-623276f7257c" testId="2eba2d30-d0c9-d10d-cb9f-e198704cb8fa" testName="fabian_deberia_tener_solo_acceso_a_viaticos" computerName="MDS-RH-0002" duration="00:00:00.0064957" startTime="2013-01-30T16:34:57.9690049-03:00" endTime="2013-01-30T16:34:57.9780058-03:00" testType="13cdc9d9-ddb5-4fa4-a97d-d965ccfc6d4b" outcome="Passed" testListId="8c84fa94-04c1-424b-9868-57a2d4851a1d" relativeResultsDirectory="a8d1d160-257e-49bb-b68d-623276f7257c">
    </UnitTestResult>
    <UnitTestResult executionId="37bc1b6c-f127-4c07-9b89-40777ad43a43" testId="33728143-431e-2f80-b4cd-e190171f9673" testName="deberia_traer_4_areas_con_los_datos_de_contacto_de_la_mismas" computerName="MDS-RH-0002" duration="00:00:00.0199581" startTime="2013-01-30T16:34:57.9790059-03:00" endTime="2013-01-30T16:34:58.0020082-03:00" testType="13cdc9d9-ddb5-4fa4-a97d-d965ccfc6d4b" outcome="Passed" testListId="8c84fa94-04c1-424b-9868-57a2d4851a1d" relativeResultsDirectory="37bc1b6c-f127-4c07-9b89-40777ad43a43">
    </UnitTestResult>
    <UnitTestResult executionId="5a5512be-c779-40db-b8bf-764ab601ea17" testId="363f19a2-0f65-4da3-ffe2-9ae3bd940a9f" testName="deberia_crear_una_tabla_con_id_y_un_valor_99" computerName="MDS-RH-0002" duration="00:00:00.0006066" startTime="2013-01-30T16:34:58.0030083-03:00" endTime="2013-01-30T16:34:58.0060086-03:00" testType="13cdc9d9-ddb5-4fa4-a97d-d965ccfc6d4b" outcome="Passed" testListId="8c84fa94-04c1-424b-9868-57a2d4851a1d" relativeResultsDirectory="5a5512be-c779-40db-b8bf-764ab601ea17">
    </UnitTestResult>
    <UnitTestResult executionId="1a7966b0-af1d-4a2b-bc27-b16e481a1f38" testId="3667ca38-1ee0-0f59-2de9-55990d91ad13" testName="deberia_traer_inasistencias_de_un_alumno_para_un_mes" computerName="MDS-RH-0002" duration="00:00:00.0025357" startTime="2013-01-30T16:34:58.0080088-03:00" endTime="2013-01-30T16:34:58.0130093-03:00" testType="13cdc9d9-ddb5-4fa4-a97d-d965ccfc6d4b" outcome="Passed" testListId="8c84fa94-04c1-424b-9868-57a2d4851a1d" relativeResultsDirectory="1a7966b0-af1d-4a2b-bc27-b16e481a1f38">
    </UnitTestResult>
    <UnitTestResult executionId="d4eec7a3-55b2-47fd-a42d-4d391384bb44" testId="37d066c6-a6d7-b11a-9516-f3f197d5e44d" testName="deberia_poder_tener_un_null_como_primer_valor_de_una_columna" computerName="MDS-RH-0002" duration="00:00:00.0018289" startTime="2013-01-30T16:34:58.0140094-03:00" endTime="2013-01-30T16:34:58.0190099-03:00" testType="13cdc9d9-ddb5-4fa4-a97d-d965ccfc6d4b" outcome="Passed" testListId="8c84fa94-04c1-424b-9868-57a2d4851a1d" relativeResultsDirectory="d4eec7a3-55b2-47fd-a42d-4d391384bb44">
    </UnitTestResult>
    <UnitTestResult executionId="ae0f1d38-2d82-4337-911b-cdb4b73c1372" testId="38a50315-78cc-f677-cc67-a33e14f1587e" testName="deberia_poder_obtener_todos_los_documentos" computerName="MDS-RH-0002" duration="00:00:00.0103888" startTime="2013-01-30T16:34:58.0200100-03:00" endTime="2013-01-30T16:34:58.0330113-03:00" testType="13cdc9d9-ddb5-4fa4-a97d-d965ccfc6d4b" outcome="Passed" testListId="8c84fa94-04c1-424b-9868-57a2d4851a1d" relativeResultsDirectory="ae0f1d38-2d82-4337-911b-cdb4b73c1372">
    </UnitTestResult>
    <UnitTestResult executionId="fe4eb0e6-bc70-4037-bc5a-117e609d2768" testId="39ba617e-74b7-ac1c-65b2-4df024e2d4e4" testName="al_buscar_en_una_lista_de_áreas_por_Asistentes_de_área_a_María_debe_traer_el_area_de_RRHH_donde_María_es_secretaria" computerName="MDS-RH-0002" duration="00:00:00.0007456" startTime="2013-01-30T16:34:58.0350115-03:00" endTime="2013-01-30T16:34:58.0380118-03:00" testType="13cdc9d9-ddb5-4fa4-a97d-d965ccfc6d4b" outcome="Passed" testListId="8c84fa94-04c1-424b-9868-57a2d4851a1d" relativeResultsDirectory="fe4eb0e6-bc70-4037-bc5a-117e609d2768">
    </UnitTestResult>
    <UnitTestResult executionId="54b9302c-c3de-43ca-9e32-3053697295b5" testId="3c877ef7-ef07-0820-9e58-ae76fdaedfb0" testName="al_buscar_en_una_lista_de_áreas_un_fax_devuelve_todos_las_áreas_cuyo_fax_de_asistente_o_responsable_o_area_contiene_el_texto_buscado" computerName="MDS-RH-0002" duration="00:00:00.0015906" startTime="2013-01-30T16:34:58.0400120-03:00" endTime="2013-01-30T16:34:58.0440124-03:00" testType="13cdc9d9-ddb5-4fa4-a97d-d965ccfc6d4b" outcome="Passed" testListId="8c84fa94-04c1-424b-9868-57a2d4851a1d" relativeResultsDirectory="54b9302c-c3de-43ca-9e32-3053697295b5">
    </UnitTestResult>
    <UnitTestResult executionId="7c4c625f-24c7-40d0-9256-e3d5fcbaedd4" testId="410ae35c-c491-52ff-8ca7-16593197aa91" testName="deberia_poder_obtener_un_viatico_sin_estadias_pasajes_ni_transiciones" computerName="MDS-RH-0002" duration="00:00:00.0081803" startTime="2013-01-30T16:34:58.0450125-03:00" endTime="2013-01-30T16:34:58.0560136-03:00" testType="13cdc9d9-ddb5-4fa4-a97d-d965ccfc6d4b" outcome="Passed" testListId="8c84fa94-04c1-424b-9868-57a2d4851a1d" relativeResultsDirectory="7c4c625f-24c7-40d0-9256-e3d5fcbaedd4">
    </UnitTestResult>
    <UnitTestResult executionId="12b0b894-5751-4ef1-8532-50f65da68b41" testId="42e7e5a9-27d6-1424-520a-64446a479ac2" testName="deberia_poder_actuailzar_un_documento" computerName="MDS-RH-0002" duration="00:00:00.0058702" startTime="2013-01-30T16:34:58.0580138-03:00" endTime="2013-01-30T16:34:58.0670147-03:00" testType="13cdc9d9-ddb5-4fa4-a97d-d965ccfc6d4b" outcome="Passed" testListId="8c84fa94-04c1-424b-9868-57a2d4851a1d" relativeResultsDirectory="12b0b894-5751-4ef1-8532-50f65da68b41">
    </UnitTestResult>
    <UnitTestResult executionId="844c5051-935e-437a-b6ef-f70cf28b3bee" testId="43bddf17-fba3-4d54-a157-cfcf7797ee39" testName="al_buscar_en_una_lista_de_áreas_un_email_devuelve_todos_las_áreas_cuyo_email_de_asistente_o_responsable_o_area_contiene_el_texto_buscado" computerName="MDS-RH-0002" duration="00:00:00.0014828" startTime="2013-01-30T16:34:58.0680148-03:00" endTime="2013-01-30T16:34:58.0720152-03:00" testType="13cdc9d9-ddb5-4fa4-a97d-d965ccfc6d4b" outcome="Passed" testListId="8c84fa94-04c1-424b-9868-57a2d4851a1d" relativeResultsDirectory="844c5051-935e-437a-b6ef-f70cf28b3bee">
    </UnitTestResult>
    <UnitTestResult executionId="f31d829c-1f2d-4947-a7ec-9cd41ca2700a" testId="43da4eae-d92c-9ac3-0f26-5e5600a67e90" testName="el_circuito_deberia_por_default_subir_por_el_organigrama_a_menos_que_haya_una_excepcion" computerName="MDS-RH-0002" duration="00:00:00.0036220" startTime="2013-01-30T16:34:58.0730153-03:00" endTime="2013-01-30T16:34:58.0850165-03:00" testType="13cdc9d9-ddb5-4fa4-a97d-d965ccfc6d4b" outcome="Passed" testListId="8c84fa94-04c1-424b-9868-57a2d4851a1d" relativeResultsDirectory="f31d829c-1f2d-4947-a7ec-9cd41ca2700a">
    </UnitTestResult>
    <UnitTestResult executionId="9690ccbd-20d0-44cf-ab05-69a5d97fa9bb" testId="44b05242-b475-4635-6cec-78ec052b2688" testName="al_solicitarle_las_areas_inferiores_al_area_de_Marta_debe_traer_solo_la_de_Faby" computerName="MDS-RH-0002" duration="00:00:00.0003095" startTime="2013-01-30T16:34:58.0870167-03:00" endTime="2013-01-30T16:34:58.0900170-03:00" testType="13cdc9d9-ddb5-4fa4-a97d-d965ccfc6d4b" outcome="Passed" testListId="8c84fa94-04c1-424b-9868-57a2d4851a1d" relativeResultsDirectory="9690ccbd-20d0-44cf-ab05-69a5d97fa9bb">
    </UnitTestResult>
    <UnitTestResult executionId="1b4e412d-6ef1-4686-af29-81fc1510810c" testId="46d9bce1-2d0e-1aa8-e89e-b40f37783359" testName="deberia_poder_decirle_a_un_repositorio_que_use_una_conexion_que_no_devuelve_nada" computerName="MDS-RH-0002" duration="00:00:00.0033229" startTime="2013-01-30T16:34:58.0920172-03:00" endTime="2013-01-30T16:34:58.0980178-03:00" testType="13cdc9d9-ddb5-4fa4-a97d-d965ccfc6d4b" outcome="Passed" testListId="8c84fa94-04c1-424b-9868-57a2d4851a1d" relativeResultsDirectory="1b4e412d-6ef1-4686-af29-81fc1510810c">
    </UnitTestResult>
    <UnitTestResult executionId="36fb4d0c-f917-4b22-8cc4-22732a16990d" testId="477414b1-9ac6-06f2-392d-c549405cd3f3" testName="cuando_se_solicita_la_lista_de_todas_las_áreas_superiores_de_un_área_debe_devolver_una_lista_vacía" computerName="MDS-RH-0002" duration="00:00:00.0004515" startTime="2013-01-30T16:34:58.0990179-03:00" endTime="2013-01-30T16:34:58.1020182-03:00" testType="13cdc9d9-ddb5-4fa4-a97d-d965ccfc6d4b" outcome="Passed" testListId="8c84fa94-04c1-424b-9868-57a2d4851a1d" relativeResultsDirectory="36fb4d0c-f917-4b22-8cc4-22732a16990d">
    </UnitTestResult>
    <UnitTestResult executionId="a9fbe7e8-2e1d-4b29-b4c6-4e58b63324d3" testId="4793d588-4a8f-7915-87f2-c97c11507ad4" testName="deberia_devolver_una_fecha" computerName="MDS-RH-0002" duration="00:00:00.0020883" startTime="2013-01-30T16:34:58.1040184-03:00" endTime="2013-01-30T16:34:58.1080188-03:00" testType="13cdc9d9-ddb5-4fa4-a97d-d965ccfc6d4b" outcome="Passed" testListId="8c84fa94-04c1-424b-9868-57a2d4851a1d" relativeResultsDirectory="a9fbe7e8-2e1d-4b29-b4c6-4e58b63324d3">
    </UnitTestResult>
    <UnitTestResult executionId="682c1b00-017b-4a3a-9d8c-b671b7b85a1e" testId="4a850093-e479-3127-1dc5-d67d3a9e4d1b" testName="fabian_deberia_tener_un_area_con_solo_un_asistente" computerName="MDS-RH-0002" duration="00:00:00.0085530" startTime="2013-01-30T16:34:58.1100190-03:00" endTime="2013-01-30T16:34:58.1210201-03:00" testType="13cdc9d9-ddb5-4fa4-a97d-d965ccfc6d4b" outcome="Passed" testListId="8c84fa94-04c1-424b-9868-57a2d4851a1d" relativeResultsDirectory="682c1b00-017b-4a3a-9d8c-b671b7b85a1e">
    </UnitTestResult>
    <UnitTestResult executionId="268f8810-52a3-4752-9ed1-1ad7359b9c03" testId="4bc081ab-bd87-c7e6-2e9a-ea9029e80e8b" testName="dado_aaa999_debe_ser_aab000" computerName="MDS-RH-0002" duration="00:00:00.0001982" startTime="2013-01-30T16:34:58.1220202-03:00" endTime="2013-01-30T16:34:58.1250205-03:00" testType="13cdc9d9-ddb5-4fa4-a97d-d965ccfc6d4b" outcome="Passed" testListId="8c84fa94-04c1-424b-9868-57a2d4851a1d" relativeResultsDirectory="268f8810-52a3-4752-9ed1-1ad7359b9c03">
    </UnitTestResult>
    <UnitTestResult executionId="57b4f20f-e422-41f2-9ec0-7292f0dc3c49" testId="5188b3d7-a77a-3054-7bc5-b06591dc325c" testName="al_preguntarle_en_que_area_esta_un_documeto_deberia_decirme_" computerName="MDS-RH-0002" duration="00:00:00.0048600" startTime="2013-01-30T16:34:58.1270207-03:00" endTime="2013-01-30T16:34:58.1340214-03:00" testType="13cdc9d9-ddb5-4fa4-a97d-d965ccfc6d4b" outcome="Passed" testListId="8c84fa94-04c1-424b-9868-57a2d4851a1d" relativeResultsDirectory="57b4f20f-e422-41f2-9ec0-7292f0dc3c49">
    </UnitTestResult>
    <UnitTestResult executionId="9ea3154d-015f-4214-8f8c-065ec2be545a" testId="53e1544f-a9d2-75aa-fac6-a61041be5fb7" testName="dado_un_curso_que_se_cursa_lunes_y_jueves_cuando_le_pregunto_cuantos_dias_de_cursada_hay_en_la_primer_quincena_de_enero_me_dice_4" computerName="MDS-RH-0002" duration="00:00:00.0012372" startTime="2013-01-30T16:34:58.1350215-03:00" endTime="2013-01-30T16:34:58.1390219-03:00" testType="13cdc9d9-ddb5-4fa4-a97d-d965ccfc6d4b" outcome="Passed" testListId="8c84fa94-04c1-424b-9868-57a2d4851a1d" relativeResultsDirectory="9ea3154d-015f-4214-8f8c-065ec2be545a">
    </UnitTestResult>
    <UnitTestResult executionId="ac3dc61f-5eec-40ae-bdb3-b47b0cf06cd3" testId="57d98f0d-6038-69c7-9b96-75f22dd0e9dd" testName="deberia_traer_4_viaticos" computerName="MDS-RH-0002" duration="00:00:00.0587711" startTime="2013-01-30T16:34:58.1410221-03:00" endTime="2013-01-30T16:34:58.2020282-03:00" testType="13cdc9d9-ddb5-4fa4-a97d-d965ccfc6d4b" outcome="Passed" testListId="8c84fa94-04c1-424b-9868-57a2d4851a1d" relativeResultsDirectory="ac3dc61f-5eec-40ae-bdb3-b47b0cf06cd3">
    </UnitTestResult>
    <UnitTestResult executionId="50ed3f38-92d7-469e-9145-6d5d62a4d6e1" testId="59ff1f84-feae-06d2-b4cb-39b785e26703" testName="deberia_traer_viaticos_que_esten_pendientes_del_area_939_y__perido_011012_al_261012" computerName="MDS-RH-0002" duration="00:00:00.0035535" startTime="2013-01-30T16:34:58.2040284-03:00" endTime="2013-01-30T16:34:58.2100290-03:00" testType="13cdc9d9-ddb5-4fa4-a97d-d965ccfc6d4b" outcome="Passed" testListId="8c84fa94-04c1-424b-9868-57a2d4851a1d" relativeResultsDirectory="50ed3f38-92d7-469e-9145-6d5d62a4d6e1">
    </UnitTestResult>
    <UnitTestResult executionId="1e5b0e79-54f3-4363-9a4f-bd88fbf8eba4" testId="5b690971-fd71-4f11-40a9-1c85ffb21c38" testName="al_buscar_por_una_categoria_de_documento_debe_traer_todos_los_documentos_que_cumplen_con_ello" computerName="MDS-RH-0002" duration="00:00:00.0016322" startTime="2013-01-30T16:34:58.2110291-03:00" endTime="2013-01-30T16:34:58.2150295-03:00" testType="13cdc9d9-ddb5-4fa4-a97d-d965ccfc6d4b" outcome="Passed" testListId="8c84fa94-04c1-424b-9868-57a2d4851a1d" relativeResultsDirectory="1e5b0e79-54f3-4363-9a4f-bd88fbf8eba4">
    </UnitTestResult>
    <UnitTestResult executionId="f004d321-1d7e-426b-813d-5d71eed40819" testId="5d6cb36d-d345-b7c7-27f1-f7052ce8d166" testName="dado_un_area_quiero_saber_direccion_telefono_y_mail_del_area" computerName="MDS-RH-0002" duration="00:00:00.0003641" startTime="2013-01-30T16:34:58.2170297-03:00" endTime="2013-01-30T16:34:58.2200300-03:00" testType="13cdc9d9-ddb5-4fa4-a97d-d965ccfc6d4b" outcome="Passed" testListId="8c84fa94-04c1-424b-9868-57a2d4851a1d" relativeResultsDirectory="f004d321-1d7e-426b-813d-5d71eed40819">
    </UnitTestResult>
    <UnitTestResult executionId="7e24d3b6-3086-4749-81ef-932a460abf92" testId="60936b2d-9f38-488c-d3bd-319a17b5f6ba" testName="deberia_devolver_la_zona_Metro_con_una_localidad_y_la_zona_Patagonia_con_una_localidad" computerName="MDS-RH-0002" duration="00:00:00.0033106" startTime="2013-01-30T16:34:58.2210301-03:00" endTime="2013-01-30T16:34:58.2290309-03:00" testType="13cdc9d9-ddb5-4fa4-a97d-d965ccfc6d4b" outcome="Passed" testListId="8c84fa94-04c1-424b-9868-57a2d4851a1d" relativeResultsDirectory="7e24d3b6-3086-4749-81ef-932a460abf92">
    </UnitTestResult>
    <UnitTestResult executionId="80cdea36-f18e-42ec-ae9e-00c34ea35f2f" testId="60b34790-3c9e-803c-efa2-bf0100cd18fd" testName="el_filtro_por_numero_de_ticket_debe_ser_case_insensitive" computerName="MDS-RH-0002" duration="00:00:00.0004045" startTime="2013-01-30T16:34:58.2300310-03:00" endTime="2013-01-30T16:34:58.2340314-03:00" testType="13cdc9d9-ddb5-4fa4-a97d-d965ccfc6d4b" outcome="Passed" testListId="8c84fa94-04c1-424b-9868-57a2d4851a1d" relativeResultsDirectory="80cdea36-f18e-42ec-ae9e-00c34ea35f2f">
    </UnitTestResult>
    <UnitTestResult executionId="6d8587a7-c0c2-4ec2-ae06-727b6466d16d" testId="60d191e8-f802-0c16-9722-35844f243666" testName="al_buscar_en_una_lista_de_áreas_una_parte_de_telefono_devuelve_todos_las_áreas_cuyo_telefono_de_asistente_o_responsable_o_area_contiene_el_texto_buscado" computerName="MDS-RH-0002" duration="00:00:00.0015914" startTime="2013-01-30T16:34:58.2350315-03:00" endTime="2013-01-30T16:34:58.2400320-03:00" testType="13cdc9d9-ddb5-4fa4-a97d-d965ccfc6d4b" outcome="Passed" testListId="8c84fa94-04c1-424b-9868-57a2d4851a1d" relativeResultsDirectory="6d8587a7-c0c2-4ec2-ae06-727b6466d16d">
    </UnitTestResult>
    <UnitTestResult executionId="d12a8a6a-844a-4698-81c5-50d0974c2042" testId="6325cb50-8252-7333-a10e-129eb61d4a7d" testName="deberia_crear_una_tabla_con_nombre_y_un_valor_Juan" computerName="MDS-RH-0002" duration="00:00:00.0009339" startTime="2013-01-30T16:34:58.2420322-03:00" endTime="2013-01-30T16:34:58.2460326-03:00" testType="13cdc9d9-ddb5-4fa4-a97d-d965ccfc6d4b" outcome="Passed" testListId="8c84fa94-04c1-424b-9868-57a2d4851a1d" relativeResultsDirectory="d12a8a6a-844a-4698-81c5-50d0974c2042">
    </UnitTestResult>
    <UnitTestResult executionId="75ec1f6f-98c2-4f72-a017-a3063af47000" testId="64afcefc-8af6-fc70-4ea7-766fc65f6c46" testName="al_buscar_en_una_lista_de_áreas_un_email_devuelve_dos_emails__uno_de_asistente_y_otro_de_area__que_contienen_el_texto_buscado" computerName="MDS-RH-0002" duration="00:00:00.0007198" startTime="2013-01-30T16:34:58.2470327-03:00" endTime="2013-01-30T16:34:58.2510331-03:00" testType="13cdc9d9-ddb5-4fa4-a97d-d965ccfc6d4b" outcome="Passed" testListId="8c84fa94-04c1-424b-9868-57a2d4851a1d" relativeResultsDirectory="75ec1f6f-98c2-4f72-a017-a3063af47000">
    </UnitTestResult>
    <UnitTestResult executionId="43e823ce-9f6e-4974-9135-f0e15478f07f" testId="6892221f-5432-520c-a667-6f10f84f4898" testName="dado_un_area_quiero_obtener_todos_los_asistentes_y_sus_datos_de_contacto" computerName="MDS-RH-0002" duration="00:00:00.0010474" startTime="2013-01-30T16:34:58.2520332-03:00" endTime="2013-01-30T16:34:58.2550335-03:00" testType="13cdc9d9-ddb5-4fa4-a97d-d965ccfc6d4b" outcome="Passed" testListId="8c84fa94-04c1-424b-9868-57a2d4851a1d" relativeResultsDirectory="43e823ce-9f6e-4974-9135-f0e15478f07f">
    </UnitTestResult>
    <UnitTestResult executionId="c8c15821-f5af-4009-ba78-5294efa90b31" testId="68c724fc-1912-d9ac-d786-b1e6bb6c0994" testName="Un_organigrama_deberia_poder_decirme_todas_las_areas_inferiores_inmediatas_a_un_area_dada_con_muchas_areas" computerName="MDS-RH-0002" duration="00:00:00.0002783" startTime="2013-01-30T16:34:58.2570337-03:00" endTime="2013-01-30T16:34:58.2600340-03:00" testType="13cdc9d9-ddb5-4fa4-a97d-d965ccfc6d4b" outcome="Passed" testListId="8c84fa94-04c1-424b-9868-57a2d4851a1d" relativeResultsDirectory="c8c15821-f5af-4009-ba78-5294efa90b31">
    </UnitTestResult>
    <UnitTestResult executionId="b3ec63f5-bb8c-4df9-9ac1-4784a554b410" testId="696fca9c-b0b6-7ef6-000f-fc7546a49832" testName="al_buscar_en_una_lista_de_áreas_una_dirección_devuelve_todos_las_áreas_cuyo_domicilio_contiene_el_texto_buscado" computerName="MDS-RH-0002" duration="00:00:00.0006709" startTime="2013-01-30T16:34:58.2610341-03:00" endTime="2013-01-30T16:34:58.2640344-03:00" testType="13cdc9d9-ddb5-4fa4-a97d-d965ccfc6d4b" outcome="Passed" testListId="8c84fa94-04c1-424b-9868-57a2d4851a1d" relativeResultsDirectory="b3ec63f5-bb8c-4df9-9ac1-4784a554b410">
    </UnitTestResult>
    <UnitTestResult executionId="97faf188-ff2f-4323-81f1-0c74f5871ede" testId="6a69abda-dfaa-a679-b661-02cd5293c0bd" testName="no_deberia_permitir_pasarse_de_z" computerName="MDS-RH-0002" duration="00:00:00.0006028" startTime="2013-01-30T16:34:58.2660346-03:00" endTime="2013-01-30T16:34:58.2700350-03:00" testType="13cdc9d9-ddb5-4fa4-a97d-d965ccfc6d4b" outcome="Passed" testListId="8c84fa94-04c1-424b-9868-57a2d4851a1d" relativeResultsDirectory="97faf188-ff2f-4323-81f1-0c74f5871ede">
    </UnitTestResult>
    <UnitTestResult executionId="9e12a749-0588-44ff-a333-ec02fc3a1aa7" testId="6e2099d5-ff03-21ed-7c09-0bc58519434c" testName="deberia_poder_validar_si_un_objeto_esta_en_una_coleccion" computerName="MDS-RH-0002" duration="00:00:00.0003252" startTime="2013-01-30T16:34:58.2710351-03:00" endTime="2013-01-30T16:34:58.2740354-03:00" testType="13cdc9d9-ddb5-4fa4-a97d-d965ccfc6d4b" outcome="Passed" testListId="8c84fa94-04c1-424b-9868-57a2d4851a1d" relativeResultsDirectory="9e12a749-0588-44ff-a333-ec02fc3a1aa7">
    </UnitTestResult>
    <UnitTestResult executionId="10c405d6-3d63-453d-9afb-b2928a2ab0c2" testId="6f525a40-dadd-7cc4-eb37-95f1d91a14c9" testName="deberia_agregar_una_asistencia_a_un_alumno_para_una_planilla_que_esta_en_un_curso" computerName="MDS-RH-0002" duration="00:00:00.0013704" startTime="2013-01-30T16:34:58.2750355-03:00" endTime="2013-01-30T16:34:58.2790359-03:00" testType="13cdc9d9-ddb5-4fa4-a97d-d965ccfc6d4b" outcome="Passed" testListId="8c84fa94-04c1-424b-9868-57a2d4851a1d" relativeResultsDirectory="10c405d6-3d63-453d-9afb-b2928a2ab0c2">
    </UnitTestResult>
    <UnitTestResult executionId="c6ee7a79-d04a-4005-9bfe-6e296cc2c890" testId="71dbce06-b24d-82d9-d3a9-b8664de5dbbb" testName="deberia_crear_una_tabla_con_id_y_descripcion" computerName="MDS-RH-0002" duration="00:00:00.0005385" startTime="2013-01-30T16:34:58.2810361-03:00" endTime="2013-01-30T16:34:58.2840364-03:00" testType="13cdc9d9-ddb5-4fa4-a97d-d965ccfc6d4b" outcome="Passed" testListId="8c84fa94-04c1-424b-9868-57a2d4851a1d" relativeResultsDirectory="c6ee7a79-d04a-4005-9bfe-6e296cc2c890">
    </UnitTestResult>
    <UnitTestResult executionId="85a217a5-e284-49f2-8765-26c5550e12d1" testId="72c59001-deaf-0f88-ce47-97c9b2e78292" testName="si_un_area_no_tiene_alias_deberia_devolver_el_nombre_completo_sin_alias" computerName="MDS-RH-0002" duration="00:00:00.0002571" startTime="2013-01-30T16:34:58.2860366-03:00" endTime="2013-01-30T16:34:58.2880368-03:00" testType="13cdc9d9-ddb5-4fa4-a97d-d965ccfc6d4b" outcome="Passed" testListId="8c84fa94-04c1-424b-9868-57a2d4851a1d" relativeResultsDirectory="85a217a5-e284-49f2-8765-26c5550e12d1">
    </UnitTestResult>
    <UnitTestResult executionId="27bc9810-a1a5-4447-adb1-c9246bd82963" testId="73696332-8582-b3f8-3487-a0e8978d60e1" testName="deberia_devolver_los_saltos_por_excepcion" computerName="MDS-RH-0002" duration="00:00:00.0043427" startTime="2013-01-30T16:34:58.2900370-03:00" endTime="2013-01-30T16:34:58.2970377-03:00" testType="13cdc9d9-ddb5-4fa4-a97d-d965ccfc6d4b" outcome="Passed" testListId="8c84fa94-04c1-424b-9868-57a2d4851a1d" relativeResultsDirectory="27bc9810-a1a5-4447-adb1-c9246bd82963">
    </UnitTestResult>
    <UnitTestResult executionId="f26a82e2-a64e-41be-9272-57d41630eebc" testId="74b1b58c-e814-5670-35a0-d1446a9967fd" testName="no_se_debe_permitir_crear_un_organigrama_donde_un_hijo_tenga_dos_areas_padres" computerName="MDS-RH-0002" duration="00:00:00.0004042" startTime="2013-01-30T16:34:58.2980378-03:00" endTime="2013-01-30T16:34:58.3010381-03:00" testType="13cdc9d9-ddb5-4fa4-a97d-d965ccfc6d4b" outcome="Passed" testListId="8c84fa94-04c1-424b-9868-57a2d4851a1d" relativeResultsDirectory="f26a82e2-a64e-41be-9272-57d41630eebc">
    </UnitTestResult>
    <UnitTestResult executionId="170418d1-3ee2-4c0d-b818-7c035cacb803" testId="751e279c-34dc-9434-036d-cf7c6e4fd783" testName="no_deberia_poder_tener_un_documento_sin_categoria" computerName="MDS-RH-0002" duration="00:00:00.0004962" startTime="2013-01-30T16:34:58.3030383-03:00" endTime="2013-01-30T16:34:58.3060386-03:00" testType="13cdc9d9-ddb5-4fa4-a97d-d965ccfc6d4b" outcome="Passed" testListId="8c84fa94-04c1-424b-9868-57a2d4851a1d" relativeResultsDirectory="170418d1-3ee2-4c0d-b818-7c035cacb803">
    </UnitTestResult>
    <UnitTestResult executionId="389d863c-786e-4b3a-abf3-e821d3cb797b" testId="757e1e4a-ca0e-7dc8-c1f0-7e6c91ba8ea0" testName="deberia_poder_validar_si_un_objeto_no_esta_en_una_coleccion" computerName="MDS-RH-0002" duration="00:00:00.0004107" startTime="2013-01-30T16:34:58.3080388-03:00" endTime="2013-01-30T16:34:58.3110391-03:00" testType="13cdc9d9-ddb5-4fa4-a97d-d965ccfc6d4b" outcome="Passed" testListId="8c84fa94-04c1-424b-9868-57a2d4851a1d" relativeResultsDirectory="389d863c-786e-4b3a-abf3-e821d3cb797b">
    </UnitTestResult>
    <UnitTestResult executionId="305eec3c-eccc-4fff-a95a-2c5cf6af46cd" testId="76c47d34-63a4-0479-90e7-a8d089e0dd93" testName="el_repositorio_deberia_crear_una_mensajeria_con_sus_transiciones" computerName="MDS-RH-0002" duration="00:00:00.0098002" startTime="2013-01-30T16:34:58.3120392-03:00" endTime="2013-01-30T16:34:58.3250405-03:00" testType="13cdc9d9-ddb5-4fa4-a97d-d965ccfc6d4b" outcome="Passed" testListId="8c84fa94-04c1-424b-9868-57a2d4851a1d" relativeResultsDirectory="305eec3c-eccc-4fff-a95a-2c5cf6af46cd">
    </UnitTestResult>
    <UnitTestResult executionId="11c6e3cd-979f-4297-be4b-ce500a94e854" testId="77c82c9f-520d-04a5-8c33-19a0d6332eaa" testName="el_circuito_deberia_por_default_subir_por_el_organigrama" computerName="MDS-RH-0002" duration="00:00:00.0003314" startTime="2013-01-30T16:34:58.3260406-03:00" endTime="2013-01-30T16:34:58.3300410-03:00" testType="13cdc9d9-ddb5-4fa4-a97d-d965ccfc6d4b" outcome="Passed" testListId="8c84fa94-04c1-424b-9868-57a2d4851a1d" relativeResultsDirectory="11c6e3cd-979f-4297-be4b-ce500a94e854">
    </UnitTestResult>
    <UnitTestResult executionId="e06162c9-7713-4da2-acfe-de91bfd8089f" testId="78a9f8b3-1879-e741-9ade-1dee019c141b" testName="no_deberia_cargar_una_inasistencia_a_un_alumno_que_no_esta_en_un_curso" computerName="MDS-RH-0002" duration="00:00:00.0007333" startTime="2013-01-30T16:34:58.3310411-03:00" endTime="2013-01-30T16:34:58.3360416-03:00" testType="13cdc9d9-ddb5-4fa4-a97d-d965ccfc6d4b" outcome="Passed" testListId="8c84fa94-04c1-424b-9868-57a2d4851a1d" relativeResultsDirectory="e06162c9-7713-4da2-acfe-de91bfd8089f">
    </UnitTestResult>
    <UnitTestResult executionId="019a371d-f050-4555-8df3-97d87c608953" testId="79a63e0f-ba0e-a5dc-0d5c-dc38d27e7aa1" testName="al_buscar_por_nombre_de_area_la_palabra_RRHH_deberia_traerme_el_area_cuyo_nombre_es_RRHH" computerName="MDS-RH-0002" duration="00:00:00.0006771" startTime="2013-01-30T16:34:58.3370417-03:00" endTime="2013-01-30T16:34:58.3410421-03:00" testType="13cdc9d9-ddb5-4fa4-a97d-d965ccfc6d4b" outcome="Passed" testListId="8c84fa94-04c1-424b-9868-57a2d4851a1d" relativeResultsDirectory="019a371d-f050-4555-8df3-97d87c608953">
    </UnitTestResult>
    <UnitTestResult executionId="cfd598fa-6966-46d8-ad32-2a39c7375d0e" testId="7a945366-5dc8-bde8-17f1-4ebf2f832448" testName="se_puede_crear_un_organigrama_con_forma_de_arbol_de_dos_pisos" computerName="MDS-RH-0002" duration="00:00:00.0007013" startTime="2013-01-30T16:34:58.3420422-03:00" endTime="2013-01-30T16:34:58.3460426-03:00" testType="13cdc9d9-ddb5-4fa4-a97d-d965ccfc6d4b" outcome="Passed" testListId="8c84fa94-04c1-424b-9868-57a2d4851a1d" relativeResultsDirectory="cfd598fa-6966-46d8-ad32-2a39c7375d0e">
    </UnitTestResult>
    <UnitTestResult executionId="dfa1ec71-d235-444d-b6e6-dfb750f836d1" testId="7b7bd90a-9390-9d92-5600-532eb0a44a2a" testName="dado_un_curso_que_se_cursa_los_lunes_y_jueves_cuando_le_pregunto_cuantos_dias_de_cursada_hay_en_febrero_de_2013_me_dice_6_porque_dos_son_feriados" computerName="MDS-RH-0002" duration="00:00:00.0005747" startTime="2013-01-30T16:34:58.3470427-03:00" endTime="2013-01-30T16:34:58.3510431-03:00" testType="13cdc9d9-ddb5-4fa4-a97d-d965ccfc6d4b" outcome="Passed" testListId="8c84fa94-04c1-424b-9868-57a2d4851a1d" relativeResultsDirectory="dfa1ec71-d235-444d-b6e6-dfb750f836d1">
    </UnitTestResult>
    <UnitTestResult executionId="d3574bc9-6590-43ba-b3ca-bcec6636a20c" testId="82c21a02-0eaa-b33b-6618-e225964dbef2" testName="deberia_poder_validar_si_un_objeto_no_es_nulo" computerName="MDS-RH-0002" duration="00:00:00.0002001" startTime="2013-01-30T16:34:58.3520432-03:00" endTime="2013-01-30T16:34:58.3550435-03:00" testType="13cdc9d9-ddb5-4fa4-a97d-d965ccfc6d4b" outcome="Passed" testListId="8c84fa94-04c1-424b-9868-57a2d4851a1d" relativeResultsDirectory="d3574bc9-6590-43ba-b3ca-bcec6636a20c">
    </UnitTestResult>
    <UnitTestResult executionId="d783ee92-df98-4202-8a3e-0100a134cfe2" testId="82d93e8f-20e5-8c41-b9f1-1d42beccc7c0" testName="deberia_mostrarme_una_unica_vez_la_secretaria_que_posee_el_area_cuando_los_datos_estan_repetidos" computerName="MDS-RH-0002" duration="00:00:00.0084713" startTime="2013-01-30T16:34:58.3560436-03:00" endTime="2013-01-30T16:34:58.3670447-03:00" testType="13cdc9d9-ddb5-4fa4-a97d-d965ccfc6d4b" outcome="Passed" testListId="8c84fa94-04c1-424b-9868-57a2d4851a1d" relativeResultsDirectory="d783ee92-df98-4202-8a3e-0100a134cfe2">
    </UnitTestResult>
    <UnitTestResult executionId="649baeab-5e98-4e51-9a54-a47d7dfee7a5" testId="8464698d-61d5-d408-819d-53311ef832f8" testName="Un_organigrama_deberia_poder_decirme_todas_las_areas_que_son_superiores_a_un_area_dada" computerName="MDS-RH-0002" duration="00:00:00.0003599" startTime="2013-01-30T16:34:58.3690449-03:00" endTime="2013-01-30T16:34:58.3720452-03:00" testType="13cdc9d9-ddb5-4fa4-a97d-d965ccfc6d4b" outcome="Passed" testListId="8c84fa94-04c1-424b-9868-57a2d4851a1d" relativeResultsDirectory="649baeab-5e98-4e51-9a54-a47d7dfee7a5">
    </UnitTestResult>
    <UnitTestResult executionId="eeedc927-9e2c-4715-acb0-8c48d1951089" testId="88eff91e-3ca2-b202-c4d3-20146aaa990f" testName="al_buscar_por_un_numero_de_ticket__de_documento_o_parte_de_él_debe_traer_todos_los_documentos_que_cumplen_con_ello" computerName="MDS-RH-0002" duration="00:00:00.0008195" startTime="2013-01-30T16:34:58.3740454-03:00" endTime="2013-01-30T16:34:58.3770457-03:00" testType="13cdc9d9-ddb5-4fa4-a97d-d965ccfc6d4b" outcome="Passed" testListId="8c84fa94-04c1-424b-9868-57a2d4851a1d" relativeResultsDirectory="eeedc927-9e2c-4715-acb0-8c48d1951089">
    </UnitTestResult>
    <UnitTestResult executionId="143cecc4-8de2-4e1a-885f-2f9b4ba170c4" testId="8c631ab0-9081-f239-8e5b-8f0f7f274cb2" testName="al_buscar_por_fecha_desde_y_fecha_hasta_debería_traer_todos_los_documentos_cuya_fecha_está_incluída_en_ese_rango" computerName="MDS-RH-0002" duration="00:00:00.0012245" startTime="2013-01-30T16:34:58.3780458-03:00" endTime="2013-01-30T16:34:58.3820462-03:00" testType="13cdc9d9-ddb5-4fa4-a97d-d965ccfc6d4b" outcome="Passed" testListId="8c84fa94-04c1-424b-9868-57a2d4851a1d" relativeResultsDirectory="143cecc4-8de2-4e1a-885f-2f9b4ba170c4">
    </UnitTestResult>
    <UnitTestResult executionId="ed8c3ce6-2169-4e78-bc2a-32bd62e301e7" testId="8d450b91-f2a6-e64d-c4a7-eee63e8851da" testName="deberia_poder_agregar_un_row_desde_una_entidad_especificando_como_obtener_los_valores_a_partir_de_la_misma" computerName="MDS-RH-0002" duration="00:00:00.0015409" startTime="2013-01-30T16:34:58.3840464-03:00" endTime="2013-01-30T16:34:58.3880468-03:00" testType="13cdc9d9-ddb5-4fa4-a97d-d965ccfc6d4b" outcome="Passed" testListId="8c84fa94-04c1-424b-9868-57a2d4851a1d" relativeResultsDirectory="ed8c3ce6-2169-4e78-bc2a-32bd62e301e7">
    </UnitTestResult>
    <UnitTestResult executionId="6812d036-35c6-4139-a2a8-02144b219846" testId="8e8c4b00-453c-ac9a-23f7-d441cdf71296" testName="deberia_traer_una_unica_area_con_los_datos_de_contacto_de_la_misma" computerName="MDS-RH-0002" duration="00:00:00.0064449" startTime="2013-01-30T16:34:58.3890469-03:00" endTime="2013-01-30T16:34:58.3990479-03:00" testType="13cdc9d9-ddb5-4fa4-a97d-d965ccfc6d4b" outcome="Passed" testListId="8c84fa94-04c1-424b-9868-57a2d4851a1d" relativeResultsDirectory="6812d036-35c6-4139-a2a8-02144b219846">
    </UnitTestResult>
    <UnitTestResult executionId="3937f305-aa39-4538-a45b-8d09f01ecde9" testId="8f23a447-15d5-92c8-a4fb-7722c21b1c07" testName="deberia_poder_decirle_a_un_repositorio_que_use_una_conexion_que_devuelve_un_organigrama_simple" computerName="MDS-RH-0002" duration="00:00:00.0054679" startTime="2013-01-30T16:34:58.4000480-03:00" endTime="2013-01-30T16:34:58.4080488-03:00" testType="13cdc9d9-ddb5-4fa4-a97d-d965ccfc6d4b" outcome="Passed" testListId="8c84fa94-04c1-424b-9868-57a2d4851a1d" relativeResultsDirectory="3937f305-aa39-4538-a45b-8d09f01ecde9">
    </UnitTestResult>
    <UnitTestResult executionId="5d268f34-8b58-4ba9-a9f0-1ea1caae8c1e" testId="91497819-ba2a-f2e9-9418-b935f4653def" testName="deberia_poder_validar_si_un_id_es_valido" computerName="MDS-RH-0002" duration="00:00:00.0001951" startTime="2013-01-30T16:34:58.4090489-03:00" endTime="2013-01-30T16:34:58.4120492-03:00" testType="13cdc9d9-ddb5-4fa4-a97d-d965ccfc6d4b" outcome="Passed" testListId="8c84fa94-04c1-424b-9868-57a2d4851a1d" relativeResultsDirectory="5d268f34-8b58-4ba9-a9f0-1ea1caae8c1e">
    </UnitTestResult>
    <UnitTestResult executionId="55b13077-e8aa-4258-9456-25d050d2d782" testId="94211d25-4f01-6a4f-21c4-290dd165eb14" testName="no_deberia_traer_inasistencias_de_un_alumno_que_no_falto" computerName="MDS-RH-0002" duration="00:00:00.0005439" startTime="2013-01-30T16:34:58.4130493-03:00" endTime="2013-01-30T16:34:58.4170497-03:00" testType="13cdc9d9-ddb5-4fa4-a97d-d965ccfc6d4b" outcome="Passed" testListId="8c84fa94-04c1-424b-9868-57a2d4851a1d" relativeResultsDirectory="55b13077-e8aa-4258-9456-25d050d2d782">
    </UnitTestResult>
    <UnitTestResult executionId="e83a7f8e-ea16-450b-bae2-51c498d598c2" testId="96fb1f26-cf56-3c03-ade6-884985acd8d7" testName="deberia_poder_validar_si_un_id_no_es_valido" computerName="MDS-RH-0002" duration="00:00:00.0003310" startTime="2013-01-30T16:34:58.4180498-03:00" endTime="2013-01-30T16:34:58.4210501-03:00" testType="13cdc9d9-ddb5-4fa4-a97d-d965ccfc6d4b" outcome="Passed" testListId="8c84fa94-04c1-424b-9868-57a2d4851a1d" relativeResultsDirectory="e83a7f8e-ea16-450b-bae2-51c498d598c2">
    </UnitTestResult>
    <UnitTestResult executionId="348d18e7-f529-4b43-8c8d-78bd4b0970f6" testId="98d79b4f-0fef-791a-b39b-89c03b95d3e3" testName="dado_un_curso_que_se_cursa_los_lunes_y_jueves_cuando_le_pregunto_cuantos_dias_de_cursada_hay_inlcuyendo_feriados_en_febrero_de_2013_me_dice_8_porque_dos_son_feriados" computerName="MDS-RH-0002" duration="00:00:00.0021014" startTime="2013-01-30T16:34:58.4230503-03:00" endTime="2013-01-30T16:34:58.4270507-03:00" testType="13cdc9d9-ddb5-4fa4-a97d-d965ccfc6d4b" outcome="Passed" testListId="8c84fa94-04c1-424b-9868-57a2d4851a1d" relativeResultsDirectory="348d18e7-f529-4b43-8c8d-78bd4b0970f6">
    </UnitTestResult>
    <UnitTestResult executionId="37cc66b3-0f5b-4519-b10c-100949fe2c7f" testId="999cd32d-d69f-3834-8d48-f15d37fd5243" testName="deberia_traer_viaticos_de_la_provincia_SALTA_y_CORDOBA_en_el_periodo_011012_261012" computerName="MDS-RH-0002" duration="00:00:00.0031320" startTime="2013-01-30T16:34:58.4280508-03:00" endTime="2013-01-30T16:34:58.4360516-03:00" testType="13cdc9d9-ddb5-4fa4-a97d-d965ccfc6d4b" outcome="Passed" testListId="8c84fa94-04c1-424b-9868-57a2d4851a1d" relativeResultsDirectory="37cc66b3-0f5b-4519-b10c-100949fe2c7f">
    </UnitTestResult>
    <UnitTestResult executionId="f19539a8-3b5f-4245-8a06-0a76f001bac4" testId="9f7c8e27-eadb-ceef-1191-65859b891fab" testName="al_buscar_por_nombre_de_numero_de_documento_y_fechas_desde_y_hasta_y_extracto_de_un_documento_debe_traer_todos_los_documentos_que_cumplen_con_ello" computerName="MDS-RH-0002" duration="00:00:00.0020133" startTime="2013-01-30T16:34:58.4370517-03:00" endTime="2013-01-30T16:34:58.4420522-03:00" testType="13cdc9d9-ddb5-4fa4-a97d-d965ccfc6d4b" outcome="Passed" testListId="8c84fa94-04c1-424b-9868-57a2d4851a1d" relativeResultsDirectory="f19539a8-3b5f-4245-8a06-0a76f001bac4">
    </UnitTestResult>
    <UnitTestResult executionId="5c7f972c-447b-437a-ba2b-d2a720b12ab3" testId="a44cf039-3a08-31a6-19c4-66a5660ef220" testName="deberia_poder_obtener_todos_los_datos_del_area_y_ver_que_estan_completos" computerName="MDS-RH-0002" duration="00:00:00.0113905" startTime="2013-01-30T16:34:58.4430523-03:00" endTime="2013-01-30T16:34:58.4570537-03:00" testType="13cdc9d9-ddb5-4fa4-a97d-d965ccfc6d4b" outcome="Passed" testListId="8c84fa94-04c1-424b-9868-57a2d4851a1d" relativeResultsDirectory="5c7f972c-447b-437a-ba2b-d2a720b12ab3">
    </UnitTestResult>
    <UnitTestResult executionId="6cc94d26-bcc4-4623-8be1-c5cbf585d28a" testId="a783754e-a02b-a257-f4ac-f48395928085" testName="al_buscar_por_el_area_del_usuario_logueado_debe_traer_todos_los_documentos_que_aun_son_responsabilidad_de_dicha_area" computerName="MDS-RH-0002" duration="00:00:00.0003025" startTime="2013-01-30T16:34:58.4580538-03:00" endTime="2013-01-30T16:34:58.4610541-03:00" testType="13cdc9d9-ddb5-4fa4-a97d-d965ccfc6d4b" outcome="Passed" testListId="8c84fa94-04c1-424b-9868-57a2d4851a1d" relativeResultsDirectory="6cc94d26-bcc4-4623-8be1-c5cbf585d28a">
    </UnitTestResult>
    <UnitTestResult executionId="a10265f3-f96a-4aac-84e9-20eaba0acc87" testId="a8bf43a7-c593-21c5-b353-6a677fedb6e1" testName="dado_un_area_quiero_saber_nombre_telefono_y_mail_de_responsable" computerName="MDS-RH-0002" duration="00:00:00.0004207" startTime="2013-01-30T16:34:58.4630543-03:00" endTime="2013-01-30T16:34:58.4660546-03:00" testType="13cdc9d9-ddb5-4fa4-a97d-d965ccfc6d4b" outcome="Passed" testListId="8c84fa94-04c1-424b-9868-57a2d4851a1d" relativeResultsDirectory="a10265f3-f96a-4aac-84e9-20eaba0acc87">
    </UnitTestResult>
    <UnitTestResult executionId="b79e4cfa-aa34-487c-9b48-060e315e658f" testId="a91c3d07-7c7d-1fe6-99ad-80e4a1548474" testName="deberia_crear_una_tabla_con_id_y_un_valor_1" computerName="MDS-RH-0002" duration="00:00:00.0004492" startTime="2013-01-30T16:34:58.4670547-03:00" endTime="2013-01-30T16:34:58.4710551-03:00" testType="13cdc9d9-ddb5-4fa4-a97d-d965ccfc6d4b" outcome="Passed" testListId="8c84fa94-04c1-424b-9868-57a2d4851a1d" relativeResultsDirectory="b79e4cfa-aa34-487c-9b48-060e315e658f">
    </UnitTestResult>
    <UnitTestResult executionId="16f7556f-00c6-4943-b378-9a5933751c6e" testId="abcb6bdb-8479-892d-4456-095226c976bc" testName="fabian_deberia_tener_acceso_a_viaticos_y_a_documentos" computerName="MDS-RH-0002" duration="00:00:00.0087146" startTime="2013-01-30T16:34:58.4720552-03:00" endTime="2013-01-30T16:34:58.4840564-03:00" testType="13cdc9d9-ddb5-4fa4-a97d-d965ccfc6d4b" outcome="Passed" testListId="8c84fa94-04c1-424b-9868-57a2d4851a1d" relativeResultsDirectory="16f7556f-00c6-4943-b378-9a5933751c6e">
    </UnitTestResult>
    <UnitTestResult executionId="a142bc50-1627-4088-bb4a-7fd66bd7ee4d" testId="b0dad42f-cacf-b7c8-3bc2-1641e13c9caa" testName="deberia_devolver_region_METRO_con_BuenosAires_con_una_localidad_con_id_4" computerName="MDS-RH-0002" duration="00:00:00.0021245" startTime="2013-01-30T16:34:58.4860566-03:00" endTime="2013-01-30T16:34:58.4910571-03:00" testType="13cdc9d9-ddb5-4fa4-a97d-d965ccfc6d4b" outcome="Passed" testListId="8c84fa94-04c1-424b-9868-57a2d4851a1d" relativeResultsDirectory="a142bc50-1627-4088-bb4a-7fd66bd7ee4d">
    </UnitTestResult>
    <UnitTestResult executionId="31a43301-4be5-4710-985e-1e5a9f072321" testId="b8bd6fa3-7b0e-dbc4-d1ea-17a66d88e614" testName="mensajeria_deberia_enviar_documento" computerName="MDS-RH-0002" duration="00:00:00.0006051" startTime="2013-01-30T16:34:58.4920572-03:00" endTime="2013-01-30T16:34:58.4960576-03:00" testType="13cdc9d9-ddb5-4fa4-a97d-d965ccfc6d4b" outcome="Passed" testListId="8c84fa94-04c1-424b-9868-57a2d4851a1d" relativeResultsDirectory="31a43301-4be5-4710-985e-1e5a9f072321">
    </UnitTestResult>
    <UnitTestResult executionId="199e2f9f-31c0-4643-8184-218bb0778244" testId="bb2112d4-68ef-15b6-48ec-73b20e57caa9" testName="Un_organigrama_deberia_poder_decirme_todas_las_areas_que_posee" computerName="MDS-RH-0002" duration="00:00:00.0004169" startTime="2013-01-30T16:34:58.4970577-03:00" endTime="2013-01-30T16:34:58.5010581-03:00" testType="13cdc9d9-ddb5-4fa4-a97d-d965ccfc6d4b" outcome="Passed" testListId="8c84fa94-04c1-424b-9868-57a2d4851a1d" relativeResultsDirectory="199e2f9f-31c0-4643-8184-218bb0778244">
    </UnitTestResult>
    <UnitTestResult executionId="92e9a6e3-3e77-4cf7-8c40-3ff1f8a8a69c" testId="bb2f1794-72bc-c3ce-3c94-a7e6c21d4812" testName="deberia_poder_obtener_los_alumnos_de_un_curso" computerName="MDS-RH-0002" duration="00:00:00.0015140" startTime="2013-01-30T16:34:58.5040584-03:00" endTime="2013-01-30T16:34:58.5090589-03:00" testType="13cdc9d9-ddb5-4fa4-a97d-d965ccfc6d4b" outcome="Passed" testListId="8c84fa94-04c1-424b-9868-57a2d4851a1d" relativeResultsDirectory="92e9a6e3-3e77-4cf7-8c40-3ff1f8a8a69c">
    </UnitTestResult>
    <UnitTestResult executionId="3470387f-31ec-4ba7-8b19-71a71c91f26c" testId="bb759e7e-2161-1c79-ee60-b7766df2bd3f" testName="Un_organigrama_deberia_poder_decirme_todas_las_areas_inferiores_inmediatas_a_un_area_dada" computerName="MDS-RH-0002" duration="00:00:00.0002513" startTime="2013-01-30T16:34:58.5100590-03:00" endTime="2013-01-30T16:34:58.5140594-03:00" testType="13cdc9d9-ddb5-4fa4-a97d-d965ccfc6d4b" outcome="Passed" testListId="8c84fa94-04c1-424b-9868-57a2d4851a1d" relativeResultsDirectory="3470387f-31ec-4ba7-8b19-71a71c91f26c">
    </UnitTestResult>
    <UnitTestResult executionId="cc36a148-80f1-4676-bbdc-964bb932e4c8" testId="bbbb69a9-ef38-b5dc-de66-8e150133f998" testName="no_deberia_poder_cargar_una_inasistencia_si_el_dia_no_era_cursable" computerName="MDS-RH-0002" duration="00:00:00.0004708" startTime="2013-01-30T16:34:58.5150595-03:00" endTime="2013-01-30T16:34:58.5180598-03:00" testType="13cdc9d9-ddb5-4fa4-a97d-d965ccfc6d4b" outcome="Passed" testListId="8c84fa94-04c1-424b-9868-57a2d4851a1d" relativeResultsDirectory="cc36a148-80f1-4676-bbdc-964bb932e4c8">
    </UnitTestResult>
    <UnitTestResult executionId="7bafb3a0-edee-4007-8169-9ace19ff80f1" testId="bf34bac0-1211-e38d-1273-9a3107460eaa" testName="dado_aazz_debe_ser_abaa" computerName="MDS-RH-0002" duration="00:00:00.0002617" startTime="2013-01-30T16:34:58.5190599-03:00" endTime="2013-01-30T16:34:58.5220602-03:00" testType="13cdc9d9-ddb5-4fa4-a97d-d965ccfc6d4b" outcome="Passed" testListId="8c84fa94-04c1-424b-9868-57a2d4851a1d" relativeResultsDirectory="7bafb3a0-edee-4007-8169-9ace19ff80f1">
    </UnitTestResult>
    <UnitTestResult executionId="c5f7b874-9b7c-4dbb-b688-70c227d77294" testId="bf3ea6c6-ab88-4696-72a1-f31917a72c6c" testName="al_solicitarle_las_areas_inferiores_de_Fabi_no_debe_traer_ninguna" computerName="MDS-RH-0002" duration="00:00:00.0002752" startTime="2013-01-30T16:34:58.5240604-03:00" endTime="2013-01-30T16:34:58.5280608-03:00" testType="13cdc9d9-ddb5-4fa4-a97d-d965ccfc6d4b" outcome="Passed" testListId="8c84fa94-04c1-424b-9868-57a2d4851a1d" relativeResultsDirectory="c5f7b874-9b7c-4dbb-b688-70c227d77294">
    </UnitTestResult>
    <UnitTestResult executionId="787522de-ba11-40f2-8aa2-24a92d475735" testId="c09a892a-1cf8-8734-95e1-5859c143f708" testName="al_buscar_por_reponsable_de_area_a_Fabian_deberia_traerme_el_area_cuyo_nombre_de_responsable_es_Fabian" computerName="MDS-RH-0002" duration="00:00:00.0006983" startTime="2013-01-30T16:34:58.5290609-03:00" endTime="2013-01-30T16:34:58.5330613-03:00" testType="13cdc9d9-ddb5-4fa4-a97d-d965ccfc6d4b" outcome="Passed" testListId="8c84fa94-04c1-424b-9868-57a2d4851a1d" relativeResultsDirectory="787522de-ba11-40f2-8aa2-24a92d475735">
    </UnitTestResult>
    <UnitTestResult executionId="691746e6-8598-492a-a191-e038b5129e69" testId="c2c53443-9c7d-40b6-5a5a-6d158c6cf141" testName="deberia_traer_viaticos_de_BELEN_011012_261012" computerName="MDS-RH-0002" duration="00:00:00.0023867" startTime="2013-01-30T16:34:58.5340614-03:00" endTime="2013-01-30T16:34:58.5400620-03:00" testType="13cdc9d9-ddb5-4fa4-a97d-d965ccfc6d4b" outcome="Passed" testListId="8c84fa94-04c1-424b-9868-57a2d4851a1d" relativeResultsDirectory="691746e6-8598-492a-a191-e038b5129e69">
    </UnitTestResult>
    <UnitTestResult executionId="09f7b27f-b7bd-43bb-930e-0f7573193d5d" testId="c40af560-ccd4-15d1-681a-d268a1e88a1c" testName="no_deberia_permitir_pasarse_de_9" computerName="MDS-RH-0002" duration="00:00:00.0005439" startTime="2013-01-30T16:34:58.5410621-03:00" endTime="2013-01-30T16:34:58.5440624-03:00" testType="13cdc9d9-ddb5-4fa4-a97d-d965ccfc6d4b" outcome="Passed" testListId="8c84fa94-04c1-424b-9868-57a2d4851a1d" relativeResultsDirectory="09f7b27f-b7bd-43bb-930e-0f7573193d5d">
    </UnitTestResult>
    <UnitTestResult executionId="db22d074-5260-4f90-a5b4-f2e20371dcc3" testId="c564bf77-b387-e233-53e7-c5c85a463602" testName="deberia_poder_obtener_un_curso_del_repositorio_de_cursos" computerName="MDS-RH-0002" duration="00:00:00.0008496" startTime="2013-01-30T16:34:58.5450625-03:00" endTime="2013-01-30T16:34:58.5490629-03:00" testType="13cdc9d9-ddb5-4fa4-a97d-d965ccfc6d4b" outcome="Passed" testListId="8c84fa94-04c1-424b-9868-57a2d4851a1d" relativeResultsDirectory="db22d074-5260-4f90-a5b4-f2e20371dcc3">
    </UnitTestResult>
    <UnitTestResult executionId="9c6140da-06dc-40a0-89bb-454fc952138f" testId="c5bc7be4-1c6a-1e48-0dbd-f119f73d764c" testName="deberia_fallar_si_nada_indica_el_tipo_de_una_columna" computerName="MDS-RH-0002" duration="00:00:00.0004596" startTime="2013-01-30T16:34:58.5500630-03:00" endTime="2013-01-30T16:34:58.5540634-03:00" testType="13cdc9d9-ddb5-4fa4-a97d-d965ccfc6d4b" outcome="Passed" testListId="8c84fa94-04c1-424b-9868-57a2d4851a1d" relativeResultsDirectory="9c6140da-06dc-40a0-89bb-454fc952138f">
    </UnitTestResult>
    <UnitTestResult executionId="aea7c404-d562-4b27-be14-e33ac7dd55a0" testId="c5cbe3b9-5203-897f-6c97-10b52d6a9698" testName="dado_b_quiero_c" computerName="MDS-RH-0002" duration="00:00:00.0002113" startTime="2013-01-30T16:34:58.5550635-03:00" endTime="2013-01-30T16:34:58.5580638-03:00" testType="13cdc9d9-ddb5-4fa4-a97d-d965ccfc6d4b" outcome="Passed" testListId="8c84fa94-04c1-424b-9868-57a2d4851a1d" relativeResultsDirectory="aea7c404-d562-4b27-be14-e33ac7dd55a0">
    </UnitTestResult>
    <UnitTestResult executionId="4abd7a5f-8cd5-4862-b338-390ce41eeb03" testId="c6c229fe-82f0-9917-4112-b9f4fc6d4ce9" testName="no_deberia_permitir_pasarse_de_zzz999" computerName="MDS-RH-0002" duration="00:00:00.0006709" startTime="2013-01-30T16:34:58.5590639-03:00" endTime="2013-01-30T16:34:58.5620642-03:00" testType="13cdc9d9-ddb5-4fa4-a97d-d965ccfc6d4b" outcome="Passed" testListId="8c84fa94-04c1-424b-9868-57a2d4851a1d" relativeResultsDirectory="4abd7a5f-8cd5-4862-b338-390ce41eeb03">
    </UnitTestResult>
    <UnitTestResult executionId="afcde333-0196-41bb-a4aa-256b1f45a90e" testId="c8e9fa12-63fb-548e-6319-248eaeb1ba50" testName="deberia_poder_tener_un_null_como_segundo_valor_de_una_columna" computerName="MDS-RH-0002" duration="00:00:00.0019848" startTime="2013-01-30T16:34:58.5640644-03:00" endTime="2013-01-30T16:34:58.5680648-03:00" testType="13cdc9d9-ddb5-4fa4-a97d-d965ccfc6d4b" outcome="Passed" testListId="8c84fa94-04c1-424b-9868-57a2d4851a1d" relativeResultsDirectory="afcde333-0196-41bb-a4aa-256b1f45a90e">
    </UnitTestResult>
    <UnitTestResult executionId="1c9034fc-a020-44aa-9563-2bdcee1ad58b" testId="c966b980-8b4f-c10a-2879-8a06a8c7add4" testName="deberia_poder_obtener_todos_los_tipos_de_documento" computerName="MDS-RH-0002" duration="00:00:00.0019240" startTime="2013-01-30T16:34:58.5700650-03:00" endTime="2013-01-30T16:34:58.5740654-03:00" testType="13cdc9d9-ddb5-4fa4-a97d-d965ccfc6d4b" outcome="Passed" testListId="8c84fa94-04c1-424b-9868-57a2d4851a1d" relativeResultsDirectory="1c9034fc-a020-44aa-9563-2bdcee1ad58b">
    </UnitTestResult>
    <UnitTestResult executionId="fb9d87cd-db1a-4e3c-a976-f2236f0c35e6" testId="cc560ad4-66d2-6e1b-fa1e-c1f8f0f47258" testName="no_deberia_poder_tener_un_documento_sin_tipo" computerName="MDS-RH-0002" duration="00:00:00.0003972" startTime="2013-01-30T16:34:58.5760656-03:00" endTime="2013-01-30T16:34:58.5790659-03:00" testType="13cdc9d9-ddb5-4fa4-a97d-d965ccfc6d4b" outcome="Passed" testListId="8c84fa94-04c1-424b-9868-57a2d4851a1d" relativeResultsDirectory="fb9d87cd-db1a-4e3c-a976-f2236f0c35e6">
    </UnitTestResult>
    <UnitTestResult executionId="e83759d6-919f-4020-ad51-2a30f71f5927" testId="cd0a2e1f-d61d-9cba-b24e-96406e906f5d" testName="TestGetZonas" computerName="MDS-RH-0002" duration="00:00:00.0001220" startTime="2013-01-30T16:34:58.5800660-03:00" endTime="2013-01-30T16:34:58.5830663-03:00" testType="13cdc9d9-ddb5-4fa4-a97d-d965ccfc6d4b" outcome="Passed" testListId="8c84fa94-04c1-424b-9868-57a2d4851a1d" relativeResultsDirectory="e83759d6-919f-4020-ad51-2a30f71f5927">
    </UnitTestResult>
    <UnitTestResult executionId="f7ccca10-11c1-43a8-b90a-7ea3397dd571" testId="cd2ddf59-b1d1-4ffd-b77a-55d96a13b533" testName="al_buscar_por_una_palabra_del_comentario_del_documento_debe_traer_todos_los_documentos_que_cumplen_con_ello" computerName="MDS-RH-0002" duration="00:00:00.0007610" startTime="2013-01-30T16:34:58.5850665-03:00" endTime="2013-01-30T16:34:58.5880668-03:00" testType="13cdc9d9-ddb5-4fa4-a97d-d965ccfc6d4b" outcome="Passed" testListId="8c84fa94-04c1-424b-9868-57a2d4851a1d" relativeResultsDirectory="f7ccca10-11c1-43a8-b90a-7ea3397dd571">
    </UnitTestResult>
    <UnitTestResult executionId="6cb1f534-c9cd-4410-b67f-b1306b98cc37" testId="cecd7ff2-d148-29e8-850a-7574ad3e7580" testName="mensajeria_no_deberia_fallar_cuando_un_documento_no_tiene_trancisiones" computerName="MDS-RH-0002" duration="00:00:00.0008114" startTime="2013-01-30T16:34:58.5890669-03:00" endTime="2013-01-30T16:34:58.5930673-03:00" testType="13cdc9d9-ddb5-4fa4-a97d-d965ccfc6d4b" outcome="Passed" testListId="8c84fa94-04c1-424b-9868-57a2d4851a1d" relativeResultsDirectory="6cb1f534-c9cd-4410-b67f-b1306b98cc37">
    </UnitTestResult>
    <UnitTestResult executionId="d42fe556-214d-406c-8b00-5cc86c65e0b3" testId="cff26abc-fddb-ef75-0bf4-49cf50880ca7" testName="al_buscar_por_una_palabra_del_extracto_del_documento_debe_traer_todos_los_documentos_que_cumplen_con_ello" computerName="MDS-RH-0002" duration="00:00:00.0005581" startTime="2013-01-30T16:34:58.5940674-03:00" endTime="2013-01-30T16:34:58.5980678-03:00" testType="13cdc9d9-ddb5-4fa4-a97d-d965ccfc6d4b" outcome="Passed" testListId="8c84fa94-04c1-424b-9868-57a2d4851a1d" relativeResultsDirectory="d42fe556-214d-406c-8b00-5cc86c65e0b3">
    </UnitTestResult>
    <UnitTestResult executionId="6092d0ab-131b-4996-8537-90b5d399ea83" testId="d3eb6b18-b89c-308d-2472-f70947e6c57b" testName="deberia_devolver_Buenos_Aires_con_dos_localidades" computerName="MDS-RH-0002" duration="00:00:00.0027128" startTime="2013-01-30T16:34:58.5990679-03:00" endTime="2013-01-30T16:34:58.6040684-03:00" testType="13cdc9d9-ddb5-4fa4-a97d-d965ccfc6d4b" outcome="Passed" testListId="8c84fa94-04c1-424b-9868-57a2d4851a1d" relativeResultsDirectory="6092d0ab-131b-4996-8537-90b5d399ea83">
    </UnitTestResult>
    <UnitTestResult executionId="5d77cd21-b1f1-490a-8321-7275445ead2f" testId="d4034162-71c0-cb22-9a98-76a42e56e55e" testName="deberia_poder_obtener_el_string_de_un_chekbox" computerName="MDS-RH-0002" duration="00:00:00.0004053" startTime="2013-01-30T16:34:58.6060686-03:00" endTime="2013-01-30T16:34:58.6090689-03:00" testType="13cdc9d9-ddb5-4fa4-a97d-d965ccfc6d4b" outcome="Passed" testListId="8c84fa94-04c1-424b-9868-57a2d4851a1d" relativeResultsDirectory="5d77cd21-b1f1-490a-8321-7275445ead2f">
    </UnitTestResult>
    <UnitTestResult executionId="2f132752-00ca-49f0-8507-640efaa94426" testId="d5acc190-8ff6-3621-55ca-bde560b60f80" testName="Un_organigrama_deberia_poder_decirme_cual_es_el_area_superior_de_un_area_dada" computerName="MDS-RH-0002" duration="00:00:00.0003349" startTime="2013-01-30T16:34:58.6100690-03:00" endTime="2013-01-30T16:34:58.6130693-03:00" testType="13cdc9d9-ddb5-4fa4-a97d-d965ccfc6d4b" outcome="Passed" testListId="8c84fa94-04c1-424b-9868-57a2d4851a1d" relativeResultsDirectory="2f132752-00ca-49f0-8507-640efaa94426">
    </UnitTestResult>
    <UnitTestResult executionId="6c1f89ef-5719-416e-90bf-e7fcc18dfbae" testId="d7dcf4df-b012-3cb2-f383-e4a465f466d1" testName="deberia_poder_insertar_un_documento_en_la_base_con_numero_de_ticket" computerName="MDS-RH-0002" duration="00:00:00.0013550" startTime="2013-01-30T16:34:58.6150695-03:00" endTime="2013-01-30T16:34:58.6200700-03:00" testType="13cdc9d9-ddb5-4fa4-a97d-d965ccfc6d4b" outcome="Passed" testListId="8c84fa94-04c1-424b-9868-57a2d4851a1d" relativeResultsDirectory="6c1f89ef-5719-416e-90bf-e7fcc18dfbae">
    </UnitTestResult>
    <UnitTestResult executionId="f2300215-5e1d-4c6e-85ba-77be2f5f469c" testId="ddde0ed2-12a5-9bf8-2fdd-b32f11508a59" testName="deberia_poder_guardar_una_transicion_nueva" computerName="MDS-RH-0002" duration="00:00:00.0009681" startTime="2013-01-30T16:34:58.6210701-03:00" endTime="2013-01-30T16:34:58.6250705-03:00" testType="13cdc9d9-ddb5-4fa4-a97d-d965ccfc6d4b" outcome="Passed" testListId="8c84fa94-04c1-424b-9868-57a2d4851a1d" relativeResultsDirectory="f2300215-5e1d-4c6e-85ba-77be2f5f469c">
    </UnitTestResult>
    <UnitTestResult executionId="53a4febb-04c5-4216-b49d-0aad65a0c016" testId="de307af2-1c44-a9c2-0624-80b438a3400b" testName="usuario_mesa_entrada_deberia_tener_solo_acceso_a_documentos" computerName="MDS-RH-0002" duration="00:00:00.0059272" startTime="2013-01-30T16:34:58.6270707-03:00" endTime="2013-01-30T16:34:58.6360716-03:00" testType="13cdc9d9-ddb5-4fa4-a97d-d965ccfc6d4b" outcome="Passed" testListId="8c84fa94-04c1-424b-9868-57a2d4851a1d" relativeResultsDirectory="53a4febb-04c5-4216-b49d-0aad65a0c016">
    </UnitTestResult>
    <UnitTestResult executionId="654f9efc-a8a2-46a7-8509-f9c2819186f0" testId="dfede4a0-4add-37a3-8cce-099c64499527" testName="dado_1_quiero_2" computerName="MDS-RH-0002" duration="00:00:00.0002032" startTime="2013-01-30T16:34:58.6370717-03:00" endTime="2013-01-30T16:34:58.6400720-03:00" testType="13cdc9d9-ddb5-4fa4-a97d-d965ccfc6d4b" outcome="Passed" testListId="8c84fa94-04c1-424b-9868-57a2d4851a1d" relativeResultsDirectory="654f9efc-a8a2-46a7-8509-f9c2819186f0">
    </UnitTestResult>
    <UnitTestResult executionId="83ed61e7-c075-417d-b69b-ce2c01bb9d94" testId="e1d67ae5-71d9-5872-41a1-7a2a4d910702" testName="mensajeria_deberia_poder_generar_una_transicion_futura" computerName="MDS-RH-0002" duration="00:00:00.0311404" startTime="2013-01-30T16:34:58.6410721-03:00" endTime="2013-01-30T16:34:58.6750755-03:00" testType="13cdc9d9-ddb5-4fa4-a97d-d965ccfc6d4b" outcome="Failed" testListId="8c84fa94-04c1-424b-9868-57a2d4851a1d" relativeResultsDirectory="83ed61e7-c075-417d-b69b-ce2c01bb9d94">
      <Output>
        <ErrorInfo>
          <Message>Error de Assert.IsTrue. </Message>
          <StackTrace>   en TestViaticos.TestMensajeria.mensajeria_deberia_poder_generar_una_transicion_futura() en C:\Repositorios\FernandoAssembla\SistemaWeb\TestViaticos\TestMensajeria.cs:línea 84
</StackTrace>
        </ErrorInfo>
      </Output>
    </UnitTestResult>
    <UnitTestResult executionId="5da5d8f6-c697-4253-b318-3d7b48230720" testId="e22ce867-04ec-cc74-8f00-0fdb0256cb9f" testName="deberia_considerar_las_estadias_comenzadas_en_el_periodo" computerName="MDS-RH-0002" duration="00:00:00.0010998" startTime="2013-01-30T16:34:58.6760756-03:00" endTime="2013-01-30T16:34:58.6800760-03:00" testType="13cdc9d9-ddb5-4fa4-a97d-d965ccfc6d4b" outcome="Passed" testListId="8c84fa94-04c1-424b-9868-57a2d4851a1d" relativeResultsDirectory="5da5d8f6-c697-4253-b318-3d7b48230720">
    </UnitTestResult>
    <UnitTestResult executionId="6bd4025f-7535-4d28-a4e1-11ca996cb9a0" testId="e454c39b-e973-6bea-bc19-3dd352fe2860" testName="deberia_crear_una_tabla_con_id" computerName="MDS-RH-0002" duration="00:00:00.0004731" startTime="2013-01-30T16:34:58.6820762-03:00" endTime="2013-01-30T16:34:58.6850765-03:00" testType="13cdc9d9-ddb5-4fa4-a97d-d965ccfc6d4b" outcome="Passed" testListId="8c84fa94-04c1-424b-9868-57a2d4851a1d" relativeResultsDirectory="6bd4025f-7535-4d28-a4e1-11ca996cb9a0">
    </UnitTestResult>
    <UnitTestResult executionId="4042c756-0652-4f25-92cd-debe7af44be4" testId="e4a0643c-ded2-0a34-7284-5a78ff072139" testName="deberia_poder_guardar_un_nuevo_viatico_en_el_repositorio_de_viaticos_y_que_se_le_asigne_un_id" computerName="MDS-RH-0002" duration="00:00:00.0059460" startTime="2013-01-30T16:34:58.6870767-03:00" endTime="2013-01-30T16:34:58.6960776-03:00" testType="13cdc9d9-ddb5-4fa4-a97d-d965ccfc6d4b" outcome="Passed" testListId="8c84fa94-04c1-424b-9868-57a2d4851a1d" relativeResultsDirectory="4042c756-0652-4f25-92cd-debe7af44be4">
    </UnitTestResult>
    <UnitTestResult executionId="e8c19a47-b652-4390-87ce-b6cf7a9f6b2f" testId="e51e2c6f-d445-6901-d7cc-9c752d9465ed" testName="dado_a9_quiero_b0" computerName="MDS-RH-0002" duration="00:00:00.0002332" startTime="2013-01-30T16:34:58.6970777-03:00" endTime="2013-01-30T16:34:58.7000780-03:00" testType="13cdc9d9-ddb5-4fa4-a97d-d965ccfc6d4b" outcome="Passed" testListId="8c84fa94-04c1-424b-9868-57a2d4851a1d" relativeResultsDirectory="e8c19a47-b652-4390-87ce-b6cf7a9f6b2f">
    </UnitTestResult>
    <UnitTestResult executionId="13178916-341f-46fb-b5d3-d07ad10992c2" testId="e599cad1-eda4-094c-45c1-605d2f0e5702" testName="al_buscar_por_reponsable_de_area_a_Novoa_deberia_traerme_el_area_cuyo_apellido_de_responsable_es_Novoa" computerName="MDS-RH-0002" duration="00:00:00.0005855" startTime="2013-01-30T16:34:58.7020782-03:00" endTime="2013-01-30T16:34:58.7050785-03:00" testType="13cdc9d9-ddb5-4fa4-a97d-d965ccfc6d4b" outcome="Passed" testListId="8c84fa94-04c1-424b-9868-57a2d4851a1d" relativeResultsDirectory="13178916-341f-46fb-b5d3-d07ad10992c2">
    </UnitTestResult>
    <UnitTestResult executionId="2e45c952-7174-49fd-8614-9bccef3c8c68" testId="e6bad939-5185-804d-09f5-03d6b8675f35" testName="dado_un_curso_que_se_cursa_todos_los_jueves_cuando_le_pregunto_por_las_fechas_en_que_hay_que_asistir_durante_enero_de_2013_debe_contestar_5" computerName="MDS-RH-0002" duration="00:00:00.0018489" startTime="2013-01-30T16:34:58.7060786-03:00" endTime="2013-01-30T16:34:58.7110791-03:00" testType="13cdc9d9-ddb5-4fa4-a97d-d965ccfc6d4b" outcome="Passed" testListId="8c84fa94-04c1-424b-9868-57a2d4851a1d" relativeResultsDirectory="2e45c952-7174-49fd-8614-9bccef3c8c68">
    </UnitTestResult>
    <UnitTestResult executionId="731e3549-8192-4592-a8ad-c07c6f042c5c" testId="e9aa986f-7293-c98f-9d6b-6050f52118de" testName="dado_az_quiero_ba" computerName="MDS-RH-0002" duration="00:00:00.0002082" startTime="2013-01-30T16:34:58.7120792-03:00" endTime="2013-01-30T16:34:58.7150795-03:00" testType="13cdc9d9-ddb5-4fa4-a97d-d965ccfc6d4b" outcome="Passed" testListId="8c84fa94-04c1-424b-9868-57a2d4851a1d" relativeResultsDirectory="731e3549-8192-4592-a8ad-c07c6f042c5c">
    </UnitTestResult>
    <UnitTestResult executionId="eadc2dd7-1ca9-4d61-bed0-f3f6d869fc16" testId="eaffb742-992c-e34c-dbe5-be3438e36b95" testName="al_buscar_por_reponsable_de_area_a_Miranda_debe_traer_dos_areas_una_con_responsable_cuyo_nombre_es_Miranda_y_otra_area_cuyo_apellido_de_responsable_es_también_Miranda" computerName="MDS-RH-0002" duration="00:00:00.0005912" startTime="2013-01-30T16:34:58.7170797-03:00" endTime="2013-01-30T16:34:58.7200800-03:00" testType="13cdc9d9-ddb5-4fa4-a97d-d965ccfc6d4b" outcome="Passed" testListId="8c84fa94-04c1-424b-9868-57a2d4851a1d" relativeResultsDirectory="eadc2dd7-1ca9-4d61-bed0-f3f6d869fc16">
    </UnitTestResult>
    <UnitTestResult executionId="1d2f5282-baba-4e45-946d-fd36b7c99aeb" testId="f01f9398-de8a-e114-4944-4c3877e413a9" testName="deberia_poder_obtener_el_string_de_un_link_en_imagen_de_las_entidades_seleccionadas" computerName="MDS-RH-0002" duration="00:00:00.0004927" startTime="2013-01-30T16:34:58.7210801-03:00" endTime="2013-01-30T16:34:58.7240804-03:00" testType="13cdc9d9-ddb5-4fa4-a97d-d965ccfc6d4b" outcome="Passed" testListId="8c84fa94-04c1-424b-9868-57a2d4851a1d" relativeResultsDirectory="1d2f5282-baba-4e45-946d-fd36b7c99aeb">
    </UnitTestResult>
    <UnitTestResult executionId="cf7c38e6-d19f-4e73-82ad-5593d1598dcd" testId="f1f50432-1bf0-de96-51bb-b6443df4774c" testName="no_deberia_poder_guardarse_un_documento_sin_tipo" computerName="MDS-RH-0002" duration="00:00:00.0004912" startTime="2013-01-30T16:34:58.7260806-03:00" endTime="2013-01-30T16:34:58.7290809-03:00" testType="13cdc9d9-ddb5-4fa4-a97d-d965ccfc6d4b" outcome="Passed" testListId="8c84fa94-04c1-424b-9868-57a2d4851a1d" relativeResultsDirectory="cf7c38e6-d19f-4e73-82ad-5593d1598dcd">
    </UnitTestResult>
    <UnitTestResult executionId="b60017fa-e2c1-4cd1-b4cb-67be36c6a674" testId="fc3e1a26-3625-7f18-819c-6724010eb1dd" testName="al_buscar_por_un_tipo_de_documento_debe_traer_todos_los_documentos_que_cumplen_con_ello" computerName="MDS-RH-0002" duration="00:00:00.0007660" startTime="2013-01-30T16:34:58.7300810-03:00" endTime="2013-01-30T16:34:58.7340814-03:00" testType="13cdc9d9-ddb5-4fa4-a97d-d965ccfc6d4b" outcome="Passed" testListId="8c84fa94-04c1-424b-9868-57a2d4851a1d" relativeResultsDirectory="b60017fa-e2c1-4cd1-b4cb-67be36c6a674">
    </UnitTestResult>
    <UnitTestResult executionId="d161f70d-640c-4e51-b477-0060747664f9" testId="fe21a7fe-170b-9452-5951-05d7fa59464e" testName="deberia_agregar_una_inasistencia_a_un_alumno_para_una_planilla_que_esta_en_un_curso" computerName="MDS-RH-0002" duration="00:00:00.0003634" startTime="2013-01-30T16:34:58.7350815-03:00" endTime="2013-01-30T16:34:58.7390819-03:00" testType="13cdc9d9-ddb5-4fa4-a97d-d965ccfc6d4b" outcome="Passed" testListId="8c84fa94-04c1-424b-9868-57a2d4851a1d" relativeResultsDirectory="d161f70d-640c-4e51-b477-0060747664f9">
    </UnitTestResult>
    <UnitTestResult executionId="1d2957ee-d46e-4594-a35b-fbbeaccbd53b" testId="ff5ca805-f71b-e477-63b1-db8e8b29d28e" testName="deberia_poder_generar_una_planilla_para_un_curso_y_mes" computerName="MDS-RH-0002" duration="00:00:00.0002544" startTime="2013-01-30T16:34:58.7400820-03:00" endTime="2013-01-30T16:34:58.7430823-03:00" testType="13cdc9d9-ddb5-4fa4-a97d-d965ccfc6d4b" outcome="Passed" testListId="8c84fa94-04c1-424b-9868-57a2d4851a1d" relativeResultsDirectory="1d2957ee-d46e-4594-a35b-fbbeaccbd53b">
    </UnitTestResult>
  </Results>
</TestRun>