<?xml version="1.0" encoding="UTF-8"?>
<TestRun id="cef497e3-b89a-4a7b-b2a5-45586b545f08" name="ACALCAGNO@MDS-1163 2013-03-26 19:54:32" runUser="SDS_DOMAIN_1\ACALCAGNO" xmlns="http://microsoft.com/schemas/VisualStudio/TeamTest/2010">
  <TestSettings name="Local" id="df296806-de48-495c-9280-032423d672d5">
    <Description>Esta es la configuración de pruebas predeterminada para una ejecución de pruebas local.</Description>
    <Deployment userDeploymentRoot="C:\Repositorio\Javier\Licencias Viaticos Web\rrhh\WebAsistencia\TestResults" useDefaultDeploymentRoot="false" runDeploymentRoot="ACALCAGNO_MDS-1163 2013-03-26 19_54_32">
      <DeploymentItem filename="C:\Repositorio\Javier\Licencias Viaticos Web\rrhh\WebAsistencia\WebRhUI\bin\Debug\WebRhUI.dll" />
      <DeploymentItem filename="C:\Repositorio\Javier\Licencias Viaticos Web\rrhh\SharedLibs\NMock2.Test.dll" />
      <DeploymentItem filename="C:\Repositorio\Javier\Licencias Viaticos Web\rrhh\SharedLibs\Newtonsoft.Json.dll" />
      <DeploymentItem filename="C:\Repositorio\Javier\Licencias Viaticos Web\rrhh\SharedLibs\NDbUnit.Core.dll" />
      <DeploymentItem filename="C:\Repositorio\Javier\Licencias Viaticos Web\rrhh\ProyectoNet\General\bin\Debug\General.dll" />
      <DeploymentItem filename="C:\Repositorio\Javier\Licencias Viaticos Web\rrhh\SharedLibs\NDbUnit.SqlClient.dll" />
      <DeploymentItem filename="C:\Repositorio\Javier\Licencias Viaticos Web\rrhh\SharedLibs\NMock2.dll" />
    </Deployment>
    <Execution>
      <TestTypeSpecific>
        <UnitTestRunConfig testTypeId="13cdc9d9-ddb5-4fa4-a97d-d965ccfc6d4b">
          <AssemblyResolution>
            <TestDirectory useLoadContext="true" />
          </AssemblyResolution>
        </UnitTestRunConfig>
        <WebTestRunConfiguration testTypeId="4e7599fa-5ecb-43e9-a887-cd63cf72d207">
          <Browser name="Internet Explorer 7.0">
            <Headers>
              <Header name="User-Agent" value="Mozilla/4.0 (compatible; MSIE 7.0; Windows NT 5.1)" />
              <Header name="Accept" value="*/*" />
              <Header name="Accept-Language" value="{{$IEAcceptLanguage}}" />
              <Header name="Accept-Encoding" value="GZIP" />
            </Headers>
          </Browser>
        </WebTestRunConfiguration>
      </TestTypeSpecific>
      <AgentRule name="LocalMachineDefaultRole">
      </AgentRule>
    </Execution>
  </TestSettings>
  <Times creation="2013-03-26T19:54:32.3850893-03:00" queuing="2013-03-26T19:54:32.5290893-03:00" start="2013-03-26T19:54:32.5380893-03:00" finish="2013-03-26T19:54:32.9810893-03:00" />
  <ResultSummary outcome="Failed">
    <Counters total="9" executed="9" passed="1" error="0" failed="8" timeout="0" aborted="0" inconclusive="0" passedButRunAborted="0" notRunnable="0" notExecuted="0" disconnected="0" warning="0" completed="0" inProgress="0" pending="0" />
  </ResultSummary>
  <TestDefinitions>
    <UnitTest name="deberia_poder_obtener_un_curso_del_repositorio_de_cursos" storage="c:\repositorio\javier\licencias viaticos web\rrhh\testviaticos\bin\debug\testviaticos.dll" id="c564bf77-b387-e233-53e7-c5c85a463602">
      <Execution id="d001b624-3b0f-46f4-bb58-971ee0f8c008" />
      <TestMethod codeBase="C:/Repositorio/Javier/Licencias Viaticos Web/rrhh/TestViaticos/bin/Debug/TestViaticos.DLL" adapterTypeName="Microsoft.VisualStudio.TestTools.TestTypes.Unit.UnitTestAdapter, Microsoft.VisualStudio.QualityTools.Tips.UnitTest.Adapter, Version=10.0.0.0, Culture=neutral, PublicKeyToken=b03f5f7f11d50a3a" className="TestViaticos.TestRepositorioCursos, TestViaticos, Version=1.0.0.0, Culture=neutral, PublicKeyToken=null" name="deberia_poder_obtener_un_curso_del_repositorio_de_cursos" />
    </UnitTest>
    <UnitTest name="mensajeria_deberia_poder_generar_una_transicion_futura" storage="c:\repositorio\javier\licencias viaticos web\rrhh\testviaticos\bin\debug\testviaticos.dll" id="e1d67ae5-71d9-5872-41a1-7a2a4d910702">
      <Execution id="2587bac6-fc68-4a7c-ae5c-dcc48cd7eb58" />
      <TestMethod codeBase="C:/Repositorio/Javier/Licencias Viaticos Web/rrhh/TestViaticos/bin/Debug/TestViaticos.DLL" adapterTypeName="Microsoft.VisualStudio.TestTools.TestTypes.Unit.UnitTestAdapter, Microsoft.VisualStudio.QualityTools.Tips.UnitTest.Adapter, Version=10.0.0.0, Culture=neutral, PublicKeyToken=b03f5f7f11d50a3a" className="TestViaticos.TestMensajeria, TestViaticos, Version=1.0.0.0, Culture=neutral, PublicKeyToken=null" name="mensajeria_deberia_poder_generar_una_transicion_futura" />
    </UnitTest>
    <UnitTest name="deberia_traer_viaticos_de_la_provincia_SALTA_y_CORDOBA_en_el_periodo_011012_261012" storage="c:\repositorio\javier\licencias viaticos web\rrhh\testviaticos\bin\debug\testviaticos.dll" id="999cd32d-d69f-3834-8d48-f15d37fd5243">
      <Execution id="956c34eb-6dbb-4096-a3d9-6c1c713377c1" />
      <TestMethod codeBase="C:/Repositorio/Javier/Licencias Viaticos Web/rrhh/TestViaticos/bin/Debug/TestViaticos.DLL" adapterTypeName="Microsoft.VisualStudio.TestTools.TestTypes.Unit.UnitTestAdapter, Microsoft.VisualStudio.QualityTools.Tips.UnitTest.Adapter, Version=10.0.0.0, Culture=neutral, PublicKeyToken=b03f5f7f11d50a3a" className="TestViaticos.TestConsultas, TestViaticos, Version=1.0.0.0, Culture=neutral, PublicKeyToken=null" name="deberia_traer_viaticos_de_la_provincia_SALTA_y_CORDOBA_en_el_periodo_011012_261012" />
    </UnitTest>
    <UnitTest name="deberia_traer_inasistencias_de_un_alumno_para_un_mes" storage="c:\repositorio\javier\licencias viaticos web\rrhh\testviaticos\bin\debug\testviaticos.dll" id="3667ca38-1ee0-0f59-2de9-55990d91ad13">
      <Execution id="655fe1da-0f2f-4d06-bd18-4bd026dcc1f9" />
      <TestMethod codeBase="C:/Repositorio/Javier/Licencias Viaticos Web/rrhh/TestViaticos/bin/Debug/TestViaticos.DLL" adapterTypeName="Microsoft.VisualStudio.TestTools.TestTypes.Unit.UnitTestAdapter, Microsoft.VisualStudio.QualityTools.Tips.UnitTest.Adapter, Version=10.0.0.0, Culture=neutral, PublicKeyToken=b03f5f7f11d50a3a" className="TestViaticos.TestPlanillaMensual, TestViaticos, Version=1.0.0.0, Culture=neutral, PublicKeyToken=null" name="deberia_traer_inasistencias_de_un_alumno_para_un_mes" />
    </UnitTest>
    <UnitTest name="deberia_poder_quitar_alumnos" storage="c:\repositorio\javier\licencias viaticos web\rrhh\testviaticos\bin\debug\testviaticos.dll" id="f86c4657-4e4d-11f0-63ee-95d2154ef49d">
      <Execution id="b6b8dd57-aa6c-4fb7-9dbe-e164b923bde3" />
      <TestMethod codeBase="C:/Repositorio/Javier/Licencias Viaticos Web/rrhh/TestViaticos/bin/Debug/TestViaticos.DLL" adapterTypeName="Microsoft.VisualStudio.TestTools.TestTypes.Unit.UnitTestAdapter, Microsoft.VisualStudio.QualityTools.Tips.UnitTest.Adapter, Version=10.0.0.0, Culture=neutral, PublicKeyToken=b03f5f7f11d50a3a" className="TestViaticos.TestAlumnos, TestViaticos, Version=1.0.0.0, Culture=neutral, PublicKeyToken=null" name="deberia_poder_quitar_alumnos" />
    </UnitTest>
    <UnitTest name="deberia_poder_agregar_alumnos_a_un_curso" storage="c:\repositorio\javier\licencias viaticos web\rrhh\testviaticos\bin\debug\testviaticos.dll" id="182de057-0bb2-6910-8abd-59fd672a3af3">
      <Execution id="6f084cd5-10e3-4dcb-a5e8-f60a8b6f2ae4" />
      <TestMethod codeBase="C:/Repositorio/Javier/Licencias Viaticos Web/rrhh/TestViaticos/bin/Debug/TestViaticos.DLL" adapterTypeName="Microsoft.VisualStudio.TestTools.TestTypes.Unit.UnitTestAdapter, Microsoft.VisualStudio.QualityTools.Tips.UnitTest.Adapter, Version=10.0.0.0, Culture=neutral, PublicKeyToken=b03f5f7f11d50a3a" className="TestViaticos.TestRepositorioCursos, TestViaticos, Version=1.0.0.0, Culture=neutral, PublicKeyToken=null" name="deberia_poder_agregar_alumnos_a_un_curso" />
    </UnitTest>
    <UnitTest name="deberia_poder_agregar_alumnos" storage="c:\repositorio\javier\licencias viaticos web\rrhh\testviaticos\bin\debug\testviaticos.dll" id="c2ebf66d-ae9e-9e71-55e6-fa4f57f3dcd0">
      <Execution id="1061ccc5-3b52-4425-bf9c-57a33423acc8" />
      <TestMethod codeBase="C:/Repositorio/Javier/Licencias Viaticos Web/rrhh/TestViaticos/bin/Debug/TestViaticos.DLL" adapterTypeName="Microsoft.VisualStudio.TestTools.TestTypes.Unit.UnitTestAdapter, Microsoft.VisualStudio.QualityTools.Tips.UnitTest.Adapter, Version=10.0.0.0, Culture=neutral, PublicKeyToken=b03f5f7f11d50a3a" className="TestViaticos.TestAlumnos, TestViaticos, Version=1.0.0.0, Culture=neutral, PublicKeyToken=null" name="deberia_poder_agregar_alumnos" />
    </UnitTest>
    <UnitTest name="deberia_agregar_una_inasistencia_a_un_alumno_para_una_planilla_que_esta_en_un_curso" storage="c:\repositorio\javier\licencias viaticos web\rrhh\testviaticos\bin\debug\testviaticos.dll" id="fe21a7fe-170b-9452-5951-05d7fa59464e">
      <Execution id="05c1b65b-0bb8-4e8e-81a8-d5b51755dfae" />
      <TestMethod codeBase="C:/Repositorio/Javier/Licencias Viaticos Web/rrhh/TestViaticos/bin/Debug/TestViaticos.DLL" adapterTypeName="Microsoft.VisualStudio.TestTools.TestTypes.Unit.UnitTestAdapter, Microsoft.VisualStudio.QualityTools.Tips.UnitTest.Adapter, Version=10.0.0.0, Culture=neutral, PublicKeyToken=b03f5f7f11d50a3a" className="TestViaticos.TestPlanillaMensual, TestViaticos, Version=1.0.0.0, Culture=neutral, PublicKeyToken=null" name="deberia_agregar_una_inasistencia_a_un_alumno_para_una_planilla_que_esta_en_un_curso" />
    </UnitTest>
    <UnitTest name="deberia_agregar_una_asistencia_a_un_alumno_para_una_planilla_que_esta_en_un_curso" storage="c:\repositorio\javier\licencias viaticos web\rrhh\testviaticos\bin\debug\testviaticos.dll" id="6f525a40-dadd-7cc4-eb37-95f1d91a14c9">
      <Execution id="12df8cf1-10d4-4a44-b3cc-98b2b640352b" />
      <TestMethod codeBase="C:/Repositorio/Javier/Licencias Viaticos Web/rrhh/TestViaticos/bin/Debug/TestViaticos.DLL" adapterTypeName="Microsoft.VisualStudio.TestTools.TestTypes.Unit.UnitTestAdapter, Microsoft.VisualStudio.QualityTools.Tips.UnitTest.Adapter, Version=10.0.0.0, Culture=neutral, PublicKeyToken=b03f5f7f11d50a3a" className="TestViaticos.TestPlanillaMensual, TestViaticos, Version=1.0.0.0, Culture=neutral, PublicKeyToken=null" name="deberia_agregar_una_asistencia_a_un_alumno_para_una_planilla_que_esta_en_un_curso" />
    </UnitTest>
  </TestDefinitions>
  <TestLists>
    <TestList name="Resultados que no están en la lista" id="8c84fa94-04c1-424b-9868-57a2d4851a1d" />
    <TestList name="Todos los resultados cargados" id="19431567-8539-422a-85d7-44ee4e166bda" />
  </TestLists>
  <TestEntries>
    <TestEntry testId="f86c4657-4e4d-11f0-63ee-95d2154ef49d" executionId="b6b8dd57-aa6c-4fb7-9dbe-e164b923bde3" testListId="8c84fa94-04c1-424b-9868-57a2d4851a1d" />
    <TestEntry testId="999cd32d-d69f-3834-8d48-f15d37fd5243" executionId="956c34eb-6dbb-4096-a3d9-6c1c713377c1" testListId="8c84fa94-04c1-424b-9868-57a2d4851a1d" />
    <TestEntry testId="c2ebf66d-ae9e-9e71-55e6-fa4f57f3dcd0" executionId="1061ccc5-3b52-4425-bf9c-57a33423acc8" testListId="8c84fa94-04c1-424b-9868-57a2d4851a1d" />
    <TestEntry testId="182de057-0bb2-6910-8abd-59fd672a3af3" executionId="6f084cd5-10e3-4dcb-a5e8-f60a8b6f2ae4" testListId="8c84fa94-04c1-424b-9868-57a2d4851a1d" />
    <TestEntry testId="c564bf77-b387-e233-53e7-c5c85a463602" executionId="d001b624-3b0f-46f4-bb58-971ee0f8c008" testListId="8c84fa94-04c1-424b-9868-57a2d4851a1d" />
    <TestEntry testId="6f525a40-dadd-7cc4-eb37-95f1d91a14c9" executionId="12df8cf1-10d4-4a44-b3cc-98b2b640352b" testListId="8c84fa94-04c1-424b-9868-57a2d4851a1d" />
    <TestEntry testId="fe21a7fe-170b-9452-5951-05d7fa59464e" executionId="05c1b65b-0bb8-4e8e-81a8-d5b51755dfae" testListId="8c84fa94-04c1-424b-9868-57a2d4851a1d" />
    <TestEntry testId="e1d67ae5-71d9-5872-41a1-7a2a4d910702" executionId="2587bac6-fc68-4a7c-ae5c-dcc48cd7eb58" testListId="8c84fa94-04c1-424b-9868-57a2d4851a1d" />
    <TestEntry testId="3667ca38-1ee0-0f59-2de9-55990d91ad13" executionId="655fe1da-0f2f-4d06-bd18-4bd026dcc1f9" testListId="8c84fa94-04c1-424b-9868-57a2d4851a1d" />
  </TestEntries>
  <Results>
    <UnitTestResult executionId="b6b8dd57-aa6c-4fb7-9dbe-e164b923bde3" testId="f86c4657-4e4d-11f0-63ee-95d2154ef49d" testName="deberia_poder_quitar_alumnos" computerName="MDS-1163" duration="00:00:00.0485130" startTime="2013-03-26T19:54:32.5410893-03:00" endTime="2013-03-26T19:54:32.8680893-03:00" testType="13cdc9d9-ddb5-4fa4-a97d-d965ccfc6d4b" outcome="Failed" testListId="8c84fa94-04c1-424b-9868-57a2d4851a1d" relativeResultsDirectory="b6b8dd57-aa6c-4fb7-9dbe-e164b923bde3">
      <Output>
        <ErrorInfo>
          <Message>El método de prueba TestViaticos.TestAlumnos.deberia_poder_quitar_alumnos produjo la excepción: 
NMock2.Internal.ExpectationException: unexpected invocation of conexionBD.EjecutarEscalar("dbo.SACC_Ins_Bajas", &lt;System.Collections.Generic.Dictionary`2[System.String,System.Object]&gt;)
Expected:
</Message>
          <StackTrace>    en NMock2.Mockery.FailUnexpectedInvocation(Invocation invocation)
   en NMock2.Mockery.Dispatch(Invocation invocation)
   en NMock2.Internal.MockObject.Invoke(Invocation invocation)
   en NMock2.Monitoring.Invoker.Invoke(Invocation invocation)
   en NMock2.Monitoring.ProxiedObjectIdentity.Invoke(Invocation invocation)
   en NMock2.Monitoring.ProxyInvokableAdapter.Invoke(IMessage msg)
   en System.Runtime.Remoting.Proxies.RealProxy.PrivateInvoke(MessageData&amp; msgData, Int32 type)
   en General.Repositorios.IConexionBD.EjecutarEscalar(String nombreProcedimiento, Dictionary`2 parametros)
   en General.Repositorios.RepositorioDeAlumnos.CrearBaja(Usuario usuario) en C:\Repositorio\Javier\Licencias Viaticos Web\rrhh\ProyectoNet\General\Repositorios\RepositoriosSACC\RepositorioDeAlumnos.cs:línea 116
   en General.Repositorios.RepositorioDeAlumnos.QuitarAlumno(Alumno un_alumno, Usuario usuario) en C:\Repositorio\Javier\Licencias Viaticos Web\rrhh\ProyectoNet\General\Repositorios\RepositoriosSACC\RepositorioDeAlumnos.cs:línea 101
   en TestViaticos.TestAlumnos.deberia_poder_quitar_alumnos() en C:\Repositorio\Javier\Licencias Viaticos Web\rrhh\TestViaticos\TestSACC\TestAlumnos.cs:línea 40
</StackTrace>
        </ErrorInfo>
      </Output>
    </UnitTestResult>
    <UnitTestResult executionId="956c34eb-6dbb-4096-a3d9-6c1c713377c1" testId="999cd32d-d69f-3834-8d48-f15d37fd5243" testName="deberia_traer_viaticos_de_la_provincia_SALTA_y_CORDOBA_en_el_periodo_011012_261012" computerName="MDS-1163" duration="00:00:00.0166051" startTime="2013-03-26T19:54:32.8690893-03:00" endTime="2013-03-26T19:54:32.8910893-03:00" testType="13cdc9d9-ddb5-4fa4-a97d-d965ccfc6d4b" outcome="Failed" testListId="8c84fa94-04c1-424b-9868-57a2d4851a1d" relativeResultsDirectory="956c34eb-6dbb-4096-a3d9-6c1c713377c1">
      <Output>
        <ErrorInfo>
          <Message>Error de Assert.AreEqual. Se esperaba &lt;2&gt;, pero es &lt;1&gt;. </Message>
          <StackTrace>   en TestViaticos.TestConsultas.deberia_traer_viaticos_de_la_provincia_SALTA_y_CORDOBA_en_el_periodo_011012_261012() en C:\Repositorio\Javier\Licencias Viaticos Web\rrhh\TestViaticos\TestConsultas.cs:línea 45
</StackTrace>
        </ErrorInfo>
      </Output>
    </UnitTestResult>
    <UnitTestResult executionId="1061ccc5-3b52-4425-bf9c-57a33423acc8" testId="c2ebf66d-ae9e-9e71-55e6-fa4f57f3dcd0" testName="deberia_poder_agregar_alumnos" computerName="MDS-1163" duration="00:00:00.0053020" startTime="2013-03-26T19:54:32.8930893-03:00" endTime="2013-03-26T19:54:32.9030893-03:00" testType="13cdc9d9-ddb5-4fa4-a97d-d965ccfc6d4b" outcome="Failed" testListId="8c84fa94-04c1-424b-9868-57a2d4851a1d" relativeResultsDirectory="1061ccc5-3b52-4425-bf9c-57a33423acc8">
      <Output>
        <ErrorInfo>
          <Message>El método de prueba TestViaticos.TestAlumnos.deberia_poder_agregar_alumnos produjo la excepción: 
NMock2.Internal.ExpectationException: unexpected invocation of conexionBD.EjecutarSinResultado("SACC_Upd_Del_Alumno", &lt;System.Collections.Generic.Dictionary`2[System.String,System.Object]&gt;)
Expected:
</Message>
          <StackTrace>    en NMock2.Mockery.FailUnexpectedInvocation(Invocation invocation)
   en NMock2.Mockery.Dispatch(Invocation invocation)
   en NMock2.Internal.MockObject.Invoke(Invocation invocation)
   en NMock2.Monitoring.Invoker.Invoke(Invocation invocation)
   en NMock2.Monitoring.ProxiedObjectIdentity.Invoke(Invocation invocation)
   en NMock2.Monitoring.ProxyInvokableAdapter.Invoke(IMessage msg)
   en System.Runtime.Remoting.Proxies.RealProxy.PrivateInvoke(MessageData&amp; msgData, Int32 type)
   en General.Repositorios.IConexionBD.EjecutarSinResultado(String nombreProcedimiento, Dictionary`2 parametros)
   en General.Repositorios.RepositorioDeAlumnos.GuardarAlumno(Alumno un_alumno, Usuario usuario) en C:\Repositorio\Javier\Licencias Viaticos Web\rrhh\ProyectoNet\General\Repositorios\RepositoriosSACC\RepositorioDeAlumnos.cs:línea 59
   en TestViaticos.TestAlumnos.deberia_poder_agregar_alumnos() en C:\Repositorio\Javier\Licencias Viaticos Web\rrhh\TestViaticos\TestSACC\TestAlumnos.cs:línea 28
</StackTrace>
        </ErrorInfo>
      </Output>
    </UnitTestResult>
    <UnitTestResult executionId="6f084cd5-10e3-4dcb-a5e8-f60a8b6f2ae4" testId="182de057-0bb2-6910-8abd-59fd672a3af3" testName="deberia_poder_agregar_alumnos_a_un_curso" computerName="MDS-1163" duration="00:00:00.0060122" startTime="2013-03-26T19:54:32.9040893-03:00" endTime="2013-03-26T19:54:32.9150893-03:00" testType="13cdc9d9-ddb5-4fa4-a97d-d965ccfc6d4b" outcome="Failed" testListId="8c84fa94-04c1-424b-9868-57a2d4851a1d" relativeResultsDirectory="6f084cd5-10e3-4dcb-a5e8-f60a8b6f2ae4">
      <Output>
        <ErrorInfo>
          <Message>El método de prueba TestViaticos.TestRepositorioCursos.deberia_poder_agregar_alumnos_a_un_curso produjo la excepción: 
System.NullReferenceException: Referencia a objeto no establecida como instancia de un objeto.</Message>
          <StackTrace>    en General.Repositorios.RepositorioDeCursos.ModificarCurso(Curso curso) en C:\Repositorio\Javier\Licencias Viaticos Web\rrhh\ProyectoNet\General\Repositorios\RepositoriosSACC\RepositorioDeCursos.cs:línea 168
   en TestViaticos.TestRepositorioCursos.deberia_poder_agregar_alumnos_a_un_curso() en C:\Repositorio\Javier\Licencias Viaticos Web\rrhh\TestViaticos\TestSACC\TestRepositorioCursos.cs:línea 65
</StackTrace>
        </ErrorInfo>
      </Output>
    </UnitTestResult>
    <UnitTestResult executionId="d001b624-3b0f-46f4-bb58-971ee0f8c008" testId="c564bf77-b387-e233-53e7-c5c85a463602" testName="deberia_poder_obtener_un_curso_del_repositorio_de_cursos" computerName="MDS-1163" duration="00:00:00.0027951" startTime="2013-03-26T19:54:32.9160893-03:00" endTime="2013-03-26T19:54:32.9230893-03:00" testType="13cdc9d9-ddb5-4fa4-a97d-d965ccfc6d4b" outcome="Failed" testListId="8c84fa94-04c1-424b-9868-57a2d4851a1d" relativeResultsDirectory="d001b624-3b0f-46f4-bb58-971ee0f8c008">
      <Output>
        <ErrorInfo>
          <Message>El método de prueba TestViaticos.TestRepositorioCursos.deberia_poder_obtener_un_curso_del_repositorio_de_cursos produjo la excepción: 
NMock2.Internal.ExpectationException: unexpected invocation of conexionBD.Ejecutar("dbo.SACC_Get_Cursos")
Expected:
</Message>
          <StackTrace>    en NMock2.Mockery.FailUnexpectedInvocation(Invocation invocation)
   en NMock2.Mockery.Dispatch(Invocation invocation)
   en NMock2.Internal.MockObject.Invoke(Invocation invocation)
   en NMock2.Monitoring.Invoker.Invoke(Invocation invocation)
   en NMock2.Monitoring.ProxiedObjectIdentity.Invoke(Invocation invocation)
   en NMock2.Monitoring.ProxyInvokableAdapter.Invoke(IMessage msg)
   en System.Runtime.Remoting.Proxies.RealProxy.PrivateInvoke(MessageData&amp; msgData, Int32 type)
   en General.Repositorios.IConexionBD.Ejecutar(String procedimiento)
   en General.Repositorios.RepositorioDeCursos.GetCursos() en C:\Repositorio\Javier\Licencias Viaticos Web\rrhh\ProyectoNet\General\Repositorios\RepositoriosSACC\RepositorioDeCursos.cs:línea 28
   en General.Repositorios.RepositorioDeCursos.GetCursoById(Int32 id) en C:\Repositorio\Javier\Licencias Viaticos Web\rrhh\ProyectoNet\General\Repositorios\RepositoriosSACC\RepositorioDeCursos.cs:línea 23
   en TestViaticos.TestRepositorioCursos.deberia_poder_obtener_un_curso_del_repositorio_de_cursos() en C:\Repositorio\Javier\Licencias Viaticos Web\rrhh\TestViaticos\TestSACC\TestRepositorioCursos.cs:línea 34
</StackTrace>
        </ErrorInfo>
      </Output>
    </UnitTestResult>
    <UnitTestResult executionId="12df8cf1-10d4-4a44-b3cc-98b2b640352b" testId="6f525a40-dadd-7cc4-eb37-95f1d91a14c9" testName="deberia_agregar_una_asistencia_a_un_alumno_para_una_planilla_que_esta_en_un_curso" computerName="MDS-1163" duration="00:00:00.0079585" startTime="2013-03-26T19:54:32.9250893-03:00" endTime="2013-03-26T19:54:32.9380893-03:00" testType="13cdc9d9-ddb5-4fa4-a97d-d965ccfc6d4b" outcome="Failed" testListId="8c84fa94-04c1-424b-9868-57a2d4851a1d" relativeResultsDirectory="12df8cf1-10d4-4a44-b3cc-98b2b640352b">
      <Output>
        <ErrorInfo>
          <Message>Error de Assert.AreEqual. Se esperaba &lt;1&gt;, pero es &lt;0&gt;. </Message>
          <StackTrace>   en TestViaticos.TestPlanillaMensual.deberia_agregar_una_asistencia_a_un_alumno_para_una_planilla_que_esta_en_un_curso() en C:\Repositorio\Javier\Licencias Viaticos Web\rrhh\TestViaticos\TestSACC\TestPlanillaMensual.cs:línea 136
</StackTrace>
        </ErrorInfo>
      </Output>
    </UnitTestResult>
    <UnitTestResult executionId="05c1b65b-0bb8-4e8e-81a8-d5b51755dfae" testId="fe21a7fe-170b-9452-5951-05d7fa59464e" testName="deberia_agregar_una_inasistencia_a_un_alumno_para_una_planilla_que_esta_en_un_curso" computerName="MDS-1163" duration="00:00:00.0025514" startTime="2013-03-26T19:54:32.9400893-03:00" endTime="2013-03-26T19:54:32.9470893-03:00" testType="13cdc9d9-ddb5-4fa4-a97d-d965ccfc6d4b" outcome="Failed" testListId="8c84fa94-04c1-424b-9868-57a2d4851a1d" relativeResultsDirectory="05c1b65b-0bb8-4e8e-81a8-d5b51755dfae">
      <Output>
        <ErrorInfo>
          <Message>Error de Assert.AreEqual. Se esperaba &lt;1&gt;, pero es &lt;0&gt;. </Message>
          <StackTrace>   en TestViaticos.TestPlanillaMensual.deberia_agregar_una_inasistencia_a_un_alumno_para_una_planilla_que_esta_en_un_curso() en C:\Repositorio\Javier\Licencias Viaticos Web\rrhh\TestViaticos\TestSACC\TestPlanillaMensual.cs:línea 63
</StackTrace>
        </ErrorInfo>
      </Output>
    </UnitTestResult>
    <UnitTestResult executionId="2587bac6-fc68-4a7c-ae5c-dcc48cd7eb58" testId="e1d67ae5-71d9-5872-41a1-7a2a4d910702" testName="mensajeria_deberia_poder_generar_una_transicion_futura" computerName="MDS-1163" duration="00:00:00.0070997" startTime="2013-03-26T19:54:32.9490893-03:00" endTime="2013-03-26T19:54:32.9600893-03:00" testType="13cdc9d9-ddb5-4fa4-a97d-d965ccfc6d4b" outcome="Passed" testListId="8c84fa94-04c1-424b-9868-57a2d4851a1d" relativeResultsDirectory="2587bac6-fc68-4a7c-ae5c-dcc48cd7eb58">
    </UnitTestResult>
    <UnitTestResult executionId="655fe1da-0f2f-4d06-bd18-4bd026dcc1f9" testId="3667ca38-1ee0-0f59-2de9-55990d91ad13" testName="deberia_traer_inasistencias_de_un_alumno_para_un_mes" computerName="MDS-1163" duration="00:00:00.0017122" startTime="2013-03-26T19:54:32.9620893-03:00" endTime="2013-03-26T19:54:32.9680893-03:00" testType="13cdc9d9-ddb5-4fa4-a97d-d965ccfc6d4b" outcome="Failed" testListId="8c84fa94-04c1-424b-9868-57a2d4851a1d" relativeResultsDirectory="655fe1da-0f2f-4d06-bd18-4bd026dcc1f9">
      <Output>
        <ErrorInfo>
          <Message>Error de Assert.AreEqual. Se esperaba &lt;1&gt;, pero es &lt;0&gt;. </Message>
          <StackTrace>   en TestViaticos.TestPlanillaMensual.deberia_traer_inasistencias_de_un_alumno_para_un_mes() en C:\Repositorio\Javier\Licencias Viaticos Web\rrhh\TestViaticos\TestSACC\TestPlanillaMensual.cs:línea 103
</StackTrace>
        </ErrorInfo>
      </Output>
    </UnitTestResult>
  </Results>
</TestRun>